====================================================================================================
data: HeteroData(
  drug={
    node_id=[3084],
    x=[3084, 12],
  },
  protein={
    node_id=[718],
    x=[718, 20],
  },
  (drug, interaction, protein)={ edge_index=[2, 5937] },
  (protein, rev_interaction, drug)={ edge_index=[2, 5937] }
)
====================================================================================================
****************************************************************************************************
train data: HeteroData(
  drug={
    node_id=[3084],
    x=[3084, 12],
  },
  protein={
    node_id=[718],
    x=[718, 20],
  },
  (drug, interaction, protein)={
    edge_index=[2, 3326],
    edge_label=[2493],
    edge_label_index=[2, 2493],
  },
  (protein, rev_interaction, drug)={ edge_index=[2, 3326] }
)
****************************************************************************************************
val data: HeteroData(
  drug={
    node_id=[3084],
    x=[3084, 12],
  },
  protein={
    node_id=[718],
    x=[718, 20],
  },
  (drug, interaction, protein)={
    edge_index=[2, 4157],
    edge_label=[1779],
    edge_label_index=[2, 1779],
  },
  (protein, rev_interaction, drug)={ edge_index=[2, 4157] }
)
****************************************************************************************************
test data: HeteroData(
  drug={
    node_id=[3084],
    x=[3084, 12],
  },
  protein={
    node_id=[718],
    x=[718, 20],
  },
  (drug, interaction, protein)={
    edge_index=[2, 4750],
    edge_label=[3561],
    edge_label_index=[2, 3561],
  },
  (protein, rev_interaction, drug)={ edge_index=[2, 4750] }
)
****************************************************************************************************
edge_x: torch.Size([2493, 32])
labels: torch.Size([2493])
edge_x: torch.Size([1779, 32])
labels: torch.Size([1779])
edge_x: torch.Size([3561, 32])
labels: torch.Size([3561])
model: HGT(
  (lin_dict): ModuleDict(
    (drug): Linear(-1, 64, bias=True)
    (protein): Linear(-1, 64, bias=True)
  )
  (convs): ModuleList(
    (0-1): 2 x HGTConv(-1, 64, heads=2)
  )
  (lin): Linear(128, 1, bias=True)
)
Epoch: 51, Loss: 0.5874
Epoch: 101, Loss: 0.5641
Epoch: 151, Loss: 0.5853
Epoch: 201, Loss: 0.5305
Epoch: 251, Loss: 0.5281
Epoch: 301, Loss: 0.5255
Epoch: 351, Loss: 0.5223
Epoch: 401, Loss: 0.5232
Epoch: 451, Loss: 0.5182
Epoch: 501, Loss: 0.5177
Elapsed time 0.0454 min
Epoch: 51, Loss: 0.5236
Epoch: 101, Loss: 0.5174
Epoch: 151, Loss: 0.5116
Epoch: 201, Loss: 0.5137
Epoch: 251, Loss: 0.5176
Epoch: 301, Loss: 0.5098
Epoch: 351, Loss: 0.5107
Epoch: 401, Loss: 0.5184
Epoch: 451, Loss: 0.5069
Epoch: 501, Loss: 0.5095
Elapsed time 0.0435 min
Epoch: 51, Loss: 0.5044
Epoch: 101, Loss: 0.5050
Epoch: 151, Loss: 0.5048
Epoch: 201, Loss: 0.5038
Epoch: 251, Loss: 0.5023
Epoch: 301, Loss: 0.5416
Epoch: 351, Loss: 0.6724
Epoch: 401, Loss: 0.5192
Epoch: 451, Loss: 0.5266
Epoch: 501, Loss: 0.5189
Elapsed time 0.0425 min
Epoch: 51, Loss: 0.5328
Epoch: 101, Loss: 0.5300
Epoch: 151, Loss: 0.5291
Epoch: 201, Loss: 0.5272
Epoch: 251, Loss: 0.5321
Epoch: 301, Loss: 0.5265
Epoch: 351, Loss: 0.5361
Epoch: 401, Loss: 0.5278
Epoch: 451, Loss: 0.6631
Epoch: 501, Loss: 0.6407
Elapsed time 0.0424 min
Epoch: 51, Loss: 0.5774
Epoch: 101, Loss: 0.5749
Epoch: 151, Loss: 0.5732
Epoch: 201, Loss: 0.5716
Epoch: 251, Loss: 0.5703
Epoch: 301, Loss: 0.5703
Epoch: 351, Loss: 0.5683
Epoch: 401, Loss: 0.5662
Epoch: 451, Loss: 0.5664
Epoch: 501, Loss: 0.5638
Elapsed time 0.0426 min
Epoch: 51, Loss: 0.5662
Epoch: 101, Loss: 0.5623
Epoch: 151, Loss: 0.5609
Epoch: 201, Loss: 0.8632
Epoch: 251, Loss: 0.5357
Epoch: 301, Loss: 0.6254
Epoch: 351, Loss: 0.6173
Epoch: 401, Loss: 0.5790
Epoch: 451, Loss: 0.5269
Epoch: 501, Loss: 0.5212
Elapsed time 0.0426 min
Epoch: 51, Loss: 0.5398
Epoch: 101, Loss: 0.5195
Epoch: 151, Loss: 0.6010
Epoch: 201, Loss: 0.5672
Epoch: 251, Loss: 0.5524
Epoch: 301, Loss: 0.5709
Epoch: 351, Loss: 0.5675
Epoch: 401, Loss: 0.5710
Epoch: 451, Loss: 0.6203
Epoch: 501, Loss: 0.6076
Elapsed time 0.0441 min
Epoch: 51, Loss: 0.6057
Epoch: 101, Loss: 0.6051
Epoch: 151, Loss: 0.6046
Epoch: 201, Loss: 0.6041
Epoch: 251, Loss: 0.6037
Epoch: 301, Loss: 0.6033
Epoch: 351, Loss: 0.6031
Epoch: 401, Loss: 0.6049
Epoch: 451, Loss: 0.6026
Epoch: 501, Loss: 0.6031
Elapsed time 0.0428 min
Epoch: 51, Loss: 0.6023
Epoch: 101, Loss: 0.6076
Epoch: 151, Loss: 0.6018
Epoch: 201, Loss: 0.6018
Epoch: 251, Loss: 0.6034
Epoch: 301, Loss: 0.6007
Epoch: 351, Loss: 0.6020
Epoch: 401, Loss: 0.6006
Epoch: 451, Loss: 0.5997
Epoch: 501, Loss: 0.5997
Elapsed time 0.0427 min
Epoch: 51, Loss: 0.5998
Epoch: 101, Loss: 0.5992
Epoch: 151, Loss: 0.5998
Epoch: 201, Loss: 0.5982
Epoch: 251, Loss: 0.6015
Epoch: 301, Loss: 0.5986
Epoch: 351, Loss: 0.5978
Epoch: 401, Loss: 0.5971
Epoch: 451, Loss: 0.5981
Epoch: 501, Loss: 0.6023
Elapsed time 0.0425 min
avg Test Accuracy: 0.8672  avg Test AUC: 0.9159  avg Test PRE: 0.8731
