====================================================================================================
data: HeteroData(
  drug={ x=[222, 12] },
  protein={ x=[94, 20] },
  (drug, interaction, protein)={ edge_index=[2, 634] },
  (protein, rev_interaction, drug)={ edge_index=[2, 634] }
)
====================================================================================================
****************************************************************************************************
train data: HeteroData(
  drug={ x=[222, 12] },
  protein={ x=[94, 20] },
  (drug, interaction, protein)={
    edge_index=[2, 356],
    edge_label=[267],
    edge_label_index=[2, 267],
  },
  (protein, rev_interaction, drug)={ edge_index=[2, 356] }
)
****************************************************************************************************
val data: HeteroData(
  drug={ x=[222, 12] },
  protein={ x=[94, 20] },
  (drug, interaction, protein)={
    edge_index=[2, 445],
    edge_label=[189],
    edge_label_index=[2, 189],
  },
  (protein, rev_interaction, drug)={ edge_index=[2, 445] }
)
****************************************************************************************************
test data: HeteroData(
  drug={ x=[222, 12] },
  protein={ x=[94, 20] },
  (drug, interaction, protein)={
    edge_index=[2, 508],
    edge_label=[378],
    edge_label_index=[2, 378],
  },
  (protein, rev_interaction, drug)={ edge_index=[2, 508] }
)
****************************************************************************************************
edge_x: torch.Size([267, 32])
labels: torch.Size([267])
edge_x: torch.Size([189, 32])
labels: torch.Size([189])
edge_x: torch.Size([378, 32])
labels: torch.Size([378])
model: HGT(
  (lin_dict): ModuleDict(
    (drug): Linear(-1, 64, bias=True)
    (protein): Linear(-1, 64, bias=True)
  )
  (convs): ModuleList(
    (0-1): 2 x HGTConv(-1, 64, heads=2)
  )
  (lin): Linear(128, 1, bias=True)
)
Epoch: 51, Loss: 0.5010
Epoch: 101, Loss: 0.4571
Epoch: 151, Loss: 0.5444
Epoch: 201, Loss: 0.4877
Epoch: 251, Loss: 0.4649
Epoch: 301, Loss: 0.4554
Epoch: 351, Loss: 0.4489
Epoch: 401, Loss: 1.3897
Epoch: 451, Loss: 0.4833
Epoch: 501, Loss: 0.4739
Epoch: 551, Loss: 0.4612
Epoch: 601, Loss: 0.4568
Epoch: 651, Loss: 0.4541
Epoch: 701, Loss: 0.4515
Epoch: 751, Loss: 0.4487
Epoch: 801, Loss: 0.4450
Epoch: 851, Loss: 0.4422
Epoch: 901, Loss: 0.4390
Epoch: 951, Loss: 0.4358
Epoch: 1001, Loss: 0.4347
Elapsed time 0.0768 min
Epoch: 51, Loss: 0.4340
Epoch: 101, Loss: 0.4280
Epoch: 151, Loss: 0.4287
Epoch: 201, Loss: 0.4239
Epoch: 251, Loss: 0.4283
Epoch: 301, Loss: 0.4241
Epoch: 351, Loss: 0.4207
Epoch: 401, Loss: 0.4146
Epoch: 451, Loss: 0.4136
Epoch: 501, Loss: 0.4256
Epoch: 551, Loss: 0.4075
Epoch: 601, Loss: 0.4056
Epoch: 651, Loss: 0.4063
Epoch: 701, Loss: 0.4145
Epoch: 751, Loss: 0.4049
Epoch: 801, Loss: 0.4054
Epoch: 851, Loss: 0.3944
Epoch: 901, Loss: 0.3939
Epoch: 951, Loss: 0.3951
Epoch: 1001, Loss: 0.3895
Elapsed time 0.0777 min
Epoch: 51, Loss: 0.3876
Epoch: 101, Loss: 0.3950
Epoch: 151, Loss: 0.3836
Epoch: 201, Loss: 0.3836
Epoch: 251, Loss: 0.3798
Epoch: 301, Loss: 0.3900
Epoch: 351, Loss: 0.3802
Epoch: 401, Loss: 0.3799
Epoch: 451, Loss: 0.4151
Epoch: 501, Loss: 0.3864
Epoch: 551, Loss: 0.4004
Epoch: 601, Loss: 0.3801
Epoch: 651, Loss: 0.3863
Epoch: 701, Loss: 0.3774
Epoch: 751, Loss: 0.3861
Epoch: 801, Loss: 0.3767
Epoch: 851, Loss: 0.3754
Epoch: 901, Loss: 0.3832
Epoch: 951, Loss: 0.3738
Epoch: 1001, Loss: 0.3784
Elapsed time 0.0758 min
Epoch: 51, Loss: 0.3732
Epoch: 101, Loss: 0.3736
Epoch: 151, Loss: 0.3737
Epoch: 201, Loss: 0.3717
Epoch: 251, Loss: 0.3714
Epoch: 301, Loss: 0.4300
Epoch: 351, Loss: 0.3724
Epoch: 401, Loss: 0.3704
Epoch: 451, Loss: 0.3700
Epoch: 501, Loss: 0.3750
Epoch: 551, Loss: 0.3697
Epoch: 601, Loss: 0.3725
Epoch: 651, Loss: 0.3708
Epoch: 701, Loss: 0.3802
Epoch: 751, Loss: 0.3692
Epoch: 801, Loss: 0.3683
Epoch: 851, Loss: 0.3678
Epoch: 901, Loss: 0.3674
Epoch: 951, Loss: 0.3704
Epoch: 1001, Loss: 0.3672
Elapsed time 0.0757 min
Epoch: 51, Loss: 0.3668
Epoch: 101, Loss: 0.3808
Epoch: 151, Loss: 0.3682
Epoch: 201, Loss: 0.3669
Epoch: 251, Loss: 0.3665
Epoch: 301, Loss: 0.3665
Epoch: 351, Loss: 0.3675
Epoch: 401, Loss: 0.3689
Epoch: 451, Loss: 0.3657
Epoch: 501, Loss: 0.3651
Epoch: 551, Loss: 0.3778
Epoch: 601, Loss: 0.3663
Epoch: 651, Loss: 0.3662
Epoch: 701, Loss: 0.3657
Epoch: 751, Loss: 0.3760
Epoch: 801, Loss: 0.3652
Epoch: 851, Loss: 0.3644
Epoch: 901, Loss: 0.3845
Epoch: 951, Loss: 0.3645
Epoch: 1001, Loss: 0.3645
Elapsed time 0.0746 min
Epoch: 51, Loss: 0.3644
Epoch: 101, Loss: 0.3946
Epoch: 151, Loss: 0.3647
Epoch: 201, Loss: 0.3639
Epoch: 251, Loss: 0.3650
Epoch: 301, Loss: 0.4742
Epoch: 351, Loss: 0.3664
Epoch: 401, Loss: 0.3642
Epoch: 451, Loss: 0.3638
Epoch: 501, Loss: 0.3640
Epoch: 551, Loss: 0.3635
Epoch: 601, Loss: 0.3693
Epoch: 651, Loss: 0.3633
Epoch: 701, Loss: 0.3628
Epoch: 751, Loss: 0.3627
Epoch: 801, Loss: 0.3694
Epoch: 851, Loss: 0.3631
Epoch: 901, Loss: 0.3628
Epoch: 951, Loss: 0.3632
Epoch: 1001, Loss: 0.3779
Elapsed time 0.0752 min
Epoch: 51, Loss: 0.3629
Epoch: 101, Loss: 0.3621
Epoch: 151, Loss: 0.3618
Epoch: 201, Loss: 0.3666
Epoch: 251, Loss: 0.3620
Epoch: 301, Loss: 0.3617
Epoch: 351, Loss: 0.3965
Epoch: 401, Loss: 0.3627
Epoch: 451, Loss: 0.3626
Epoch: 501, Loss: 0.3617
Epoch: 551, Loss: 0.3615
Epoch: 601, Loss: 0.3611
Epoch: 651, Loss: 0.3679
Epoch: 701, Loss: 0.3617
Epoch: 751, Loss: 0.3615
Epoch: 801, Loss: 0.3612
Epoch: 851, Loss: 0.3610
Epoch: 901, Loss: 0.3724
Epoch: 951, Loss: 0.3616
Epoch: 1001, Loss: 0.3613
Elapsed time 0.0750 min
Epoch: 51, Loss: 0.3618
Epoch: 101, Loss: 0.3618
Epoch: 151, Loss: 0.3704
Epoch: 201, Loss: 0.3614
Epoch: 251, Loss: 0.3609
Epoch: 301, Loss: 0.3609
Epoch: 351, Loss: 0.3606
Epoch: 401, Loss: 0.3605
Epoch: 451, Loss: 0.3636
Epoch: 501, Loss: 0.3605
Epoch: 551, Loss: 0.3617
Epoch: 601, Loss: 0.4011
Epoch: 651, Loss: 0.3646
Epoch: 701, Loss: 0.3615
Epoch: 751, Loss: 0.3608
Epoch: 801, Loss: 0.3605
Epoch: 851, Loss: 0.3604
Epoch: 901, Loss: 0.3664
Epoch: 951, Loss: 0.3606
Epoch: 1001, Loss: 0.3603
Elapsed time 0.0762 min
Epoch: 51, Loss: 0.3604
Epoch: 101, Loss: 0.3641
Epoch: 151, Loss: 0.3609
Epoch: 201, Loss: 0.3607
Epoch: 251, Loss: 0.3603
Epoch: 301, Loss: 0.3635
Epoch: 351, Loss: 0.3604
Epoch: 401, Loss: 0.3606
Epoch: 451, Loss: 0.3599
Epoch: 501, Loss: 0.3610
Epoch: 551, Loss: 0.3609
Epoch: 601, Loss: 0.3614
Epoch: 651, Loss: 0.3803
Epoch: 701, Loss: 0.3614
Epoch: 751, Loss: 0.3605
Epoch: 801, Loss: 0.3604
Epoch: 851, Loss: 0.3601
Epoch: 901, Loss: 0.3598
Epoch: 951, Loss: 0.3600
Epoch: 1001, Loss: 0.3621
Elapsed time 0.0759 min
Epoch: 51, Loss: 0.3601
Epoch: 101, Loss: 0.3600
Epoch: 151, Loss: 0.3622
Epoch: 201, Loss: 0.3596
Epoch: 251, Loss: 0.3656
Epoch: 301, Loss: 0.3698
Epoch: 351, Loss: 0.3598
Epoch: 401, Loss: 0.3599
Epoch: 451, Loss: 0.3600
Epoch: 501, Loss: 0.3751
Epoch: 551, Loss: 0.3605
Epoch: 601, Loss: 0.3598
Epoch: 651, Loss: 0.3598
Epoch: 701, Loss: 0.3621
Epoch: 751, Loss: 0.3593
Epoch: 801, Loss: 0.3595
Epoch: 851, Loss: 0.3597
Epoch: 901, Loss: 0.3620
Epoch: 951, Loss: 0.3600
Epoch: 1001, Loss: 0.3596
Elapsed time 0.0742 min
avg Test Accuracy: 0.7704  avg Test AUC: 0.8132  avg Test PRE: 0.7136
