====================================================================================================
data: HeteroData(
  drug={ x=[3084, 12] },
  protein={ x=[718, 20] },
  (drug, interaction, protein)={ edge_index=[2, 5937] },
  (protein, rev_interaction, drug)={ edge_index=[2, 5937] }
)
====================================================================================================
****************************************************************************************************
train data: HeteroData(
  drug={ x=[3084, 12] },
  protein={ x=[718, 20] },
  (drug, interaction, protein)={
    edge_index=[2, 3326],
    edge_label=[2493],
    edge_label_index=[2, 2493],
  },
  (protein, rev_interaction, drug)={ edge_index=[2, 3326] }
)
****************************************************************************************************
val data: HeteroData(
  drug={ x=[3084, 12] },
  protein={ x=[718, 20] },
  (drug, interaction, protein)={
    edge_index=[2, 4157],
    edge_label=[1779],
    edge_label_index=[2, 1779],
  },
  (protein, rev_interaction, drug)={ edge_index=[2, 4157] }
)
****************************************************************************************************
test data: HeteroData(
  drug={ x=[3084, 12] },
  protein={ x=[718, 20] },
  (drug, interaction, protein)={
    edge_index=[2, 4750],
    edge_label=[3561],
    edge_label_index=[2, 3561],
  },
  (protein, rev_interaction, drug)={ edge_index=[2, 4750] }
)
****************************************************************************************************
edge_x: torch.Size([2493, 32])
labels: torch.Size([2493])
edge_x: torch.Size([1779, 32])
labels: torch.Size([1779])
edge_x: torch.Size([3561, 32])
labels: torch.Size([3561])
model: HGT(
  (lin_dict): ModuleDict(
    (drug): Linear(-1, 64, bias=True)
    (protein): Linear(-1, 64, bias=True)
  )
  (convs): ModuleList(
    (0-1): 2 x HGTConv(-1, 64, heads=4)
  )
  (lin): Linear(128, 1, bias=True)
)
Epoch: 51, Loss: 0.6051
Epoch: 101, Loss: 0.5688
Epoch: 151, Loss: 0.5335
Epoch: 201, Loss: 0.5269
Epoch: 251, Loss: 0.5462
Epoch: 301, Loss: 0.5275
Epoch: 351, Loss: 0.5243
Epoch: 401, Loss: 0.5208
Epoch: 451, Loss: 0.5207
Epoch: 501, Loss: 0.5146
Epoch: 551, Loss: 0.6646
Epoch: 601, Loss: 0.6069
Epoch: 651, Loss: 0.6027
Epoch: 701, Loss: 0.5995
Epoch: 751, Loss: 0.5969
Epoch: 801, Loss: 0.5945
Epoch: 851, Loss: 0.5923
Epoch: 901, Loss: 0.5903
Epoch: 951, Loss: 0.5879
Epoch: 1001, Loss: 0.5854
avg Test Accuracy: 1.0000  avg Test AUC: 1.0000  avg Test PRE: 1.0000
