====================================================================================================
data: HeteroData(
  drug={ x=[3084, 12] },
  protein={ x=[718, 20] },
  (drug, interaction, protein)={ edge_index=[2, 5937] },
  (protein, rev_interaction, drug)={ edge_index=[2, 5937] }
)
====================================================================================================
****************************************************************************************************
train data: HeteroData(
  drug={ x=[3084, 12] },
  protein={ x=[718, 20] },
  (drug, interaction, protein)={
    edge_index=[2, 3326],
    edge_label=[2493],
    edge_label_index=[2, 2493],
  },
  (protein, rev_interaction, drug)={ edge_index=[2, 3326] }
)
****************************************************************************************************
val data: HeteroData(
  drug={ x=[3084, 12] },
  protein={ x=[718, 20] },
  (drug, interaction, protein)={
    edge_index=[2, 4157],
    edge_label=[1779],
    edge_label_index=[2, 1779],
  },
  (protein, rev_interaction, drug)={ edge_index=[2, 4157] }
)
****************************************************************************************************
test data: HeteroData(
  drug={ x=[3084, 12] },
  protein={ x=[718, 20] },
  (drug, interaction, protein)={
    edge_index=[2, 4750],
    edge_label=[3561],
    edge_label_index=[2, 3561],
  },
  (protein, rev_interaction, drug)={ edge_index=[2, 4750] }
)
****************************************************************************************************
model: GAT(
  (lin_dict): ModuleDict(
    (drug): Linear(-1, 64, bias=True)
    (protein): Linear(-1, 64, bias=True)
  )
  (conv1): GATConv((-1, -1), 64, heads=1)
  (lin1): Linear(-1, 64, bias=True)
  (conv2): GATConv((-1, -1), 1, heads=1)
  (lin2): Linear(-1, 1, bias=True)
  (lin): Linear(2, 1, bias=True)
)
Epoch: 51, Loss: 0.5717
Epoch: 101, Loss: 0.4875
Epoch: 151, Loss: 0.4610
Epoch: 201, Loss: 0.4462
Epoch: 251, Loss: 0.4396
Epoch: 301, Loss: 0.4536
Epoch: 351, Loss: 0.4328
Epoch: 401, Loss: 0.4301
Epoch: 451, Loss: 0.4326
Epoch: 501, Loss: 0.4287
Epoch: 551, Loss: 0.4283
Epoch: 601, Loss: 0.4203
Epoch: 651, Loss: 0.4154
Epoch: 701, Loss: 0.4283
Epoch: 751, Loss: 0.4091
Epoch: 801, Loss: 0.4072
Epoch: 851, Loss: 0.4302
Epoch: 901, Loss: 0.4014
Epoch: 951, Loss: 0.4012
Epoch: 1001, Loss: 0.4034
avg Test Accuracy: 0.7756  avg Test AUC: 0.8080  avg Test AUC: 0.6816
