====================================================================================================
data: HeteroData(
  drug={
    node_id=[4499],
    x=[4499, 12],
  },
  protein={
    node_id=[2113],
    x=[2113, 20],
  },
  (drug, interaction, protein)={ edge_index=[2, 13838] },
  (protein, rev_interaction, drug)={ edge_index=[2, 13838] }
)
====================================================================================================
****************************************************************************************************
train data: HeteroData(
  drug={
    node_id=[4499],
    x=[4499, 12],
  },
  protein={
    node_id=[2113],
    x=[2113, 20],
  },
  (drug, interaction, protein)={
    edge_index=[2, 7751],
    edge_label=[5811],
    edge_label_index=[2, 5811],
  },
  (protein, rev_interaction, drug)={ edge_index=[2, 7751] }
)
****************************************************************************************************
val data: HeteroData(
  drug={
    node_id=[4499],
    x=[4499, 12],
  },
  protein={
    node_id=[2113],
    x=[2113, 20],
  },
  (drug, interaction, protein)={
    edge_index=[2, 9688],
    edge_label=[4149],
    edge_label_index=[2, 4149],
  },
  (protein, rev_interaction, drug)={ edge_index=[2, 9688] }
)
****************************************************************************************************
test data: HeteroData(
  drug={
    node_id=[4499],
    x=[4499, 12],
  },
  protein={
    node_id=[2113],
    x=[2113, 20],
  },
  (drug, interaction, protein)={
    edge_index=[2, 11071],
    edge_label=[8301],
    edge_label_index=[2, 8301],
  },
  (protein, rev_interaction, drug)={ edge_index=[2, 11071] }
)
****************************************************************************************************
model: GNN(
  (lin_dict): ModuleDict(
    (drug): Linear(-1, 64, bias=True)
    (protein): Linear(-1, 64, bias=True)
  )
  (conv1): SAGEConv((-1, -1), 64, aggr=mean)
  (conv2): SAGEConv((-1, -1), 1, aggr=mean)
  (lin): Linear(2, 1, bias=True)
)
Epoch: 51, Loss: 0.5309
Epoch: 101, Loss: 0.5015
Epoch: 151, Loss: 0.4677
Epoch: 201, Loss: 0.4406
Epoch: 251, Loss: 0.4279
Epoch: 301, Loss: 0.4283
Epoch: 351, Loss: 0.4170
Epoch: 401, Loss: 0.4001
Epoch: 451, Loss: 0.3859
Epoch: 501, Loss: 0.3830
Epoch: 551, Loss: 0.3672
Epoch: 601, Loss: 0.3796
Epoch: 651, Loss: 0.3644
Epoch: 701, Loss: 0.3459
Epoch: 751, Loss: 0.3425
Epoch: 801, Loss: 0.3337
Epoch: 851, Loss: 0.3369
Epoch: 901, Loss: 0.3334
Epoch: 951, Loss: 0.3286
Epoch: 1001, Loss: 0.3261
avg Test Accuracy: 0.7515  avg Test AUC: 0.7865  avg Test AUC: 0.6694
