====================================================================================================
data: HeteroData(
  drug={
    node_id=[4499],
    x=[4499, 12],
  },
  protein={
    node_id=[2113],
    x=[2113, 20],
  },
  (drug, interaction, protein)={ edge_index=[2, 13838] },
  (protein, rev_interaction, drug)={ edge_index=[2, 13838] }
)
====================================================================================================
****************************************************************************************************
train data: HeteroData(
  drug={
    node_id=[4499],
    x=[4499, 12],
  },
  protein={
    node_id=[2113],
    x=[2113, 20],
  },
  (drug, interaction, protein)={
    edge_index=[2, 7751],
    edge_label=[5811],
    edge_label_index=[2, 5811],
  },
  (protein, rev_interaction, drug)={ edge_index=[2, 7751] }
)
****************************************************************************************************
val data: HeteroData(
  drug={
    node_id=[4499],
    x=[4499, 12],
  },
  protein={
    node_id=[2113],
    x=[2113, 20],
  },
  (drug, interaction, protein)={
    edge_index=[2, 9688],
    edge_label=[4149],
    edge_label_index=[2, 4149],
  },
  (protein, rev_interaction, drug)={ edge_index=[2, 9688] }
)
****************************************************************************************************
test data: HeteroData(
  drug={
    node_id=[4499],
    x=[4499, 12],
  },
  protein={
    node_id=[2113],
    x=[2113, 20],
  },
  (drug, interaction, protein)={
    edge_index=[2, 11071],
    edge_label=[8301],
    edge_label_index=[2, 8301],
  },
  (protein, rev_interaction, drug)={ edge_index=[2, 11071] }
)
****************************************************************************************************
edge_x: torch.Size([5811, 32])
labels: torch.Size([5811])
edge_x: torch.Size([4149, 32])
labels: torch.Size([4149])
edge_x: torch.Size([8301, 32])
labels: torch.Size([8301])
model: HGT(
  (lin_dict): ModuleDict(
    (drug): Linear(-1, 64, bias=True)
    (protein): Linear(-1, 64, bias=True)
  )
  (convs): ModuleList(
    (0-1): 2 x HGTConv(-1, 64, heads=4)
  )
  (lin): Linear(128, 1, bias=True)
)
Epoch: 51, Loss: 0.6186
Epoch: 101, Loss: 0.6004
Epoch: 151, Loss: 0.5876
Epoch: 201, Loss: 0.5866
Epoch: 251, Loss: 0.5857
Epoch: 301, Loss: 0.5832
Epoch: 351, Loss: 0.5738
Epoch: 401, Loss: 0.5667
Epoch: 451, Loss: 0.5613
Epoch: 501, Loss: 0.5577
Epoch: 551, Loss: 0.5472
Epoch: 601, Loss: 0.5385
Epoch: 651, Loss: 0.5340
Epoch: 701, Loss: 0.5305
Epoch: 751, Loss: 0.5283
Epoch: 801, Loss: 0.5273
Epoch: 851, Loss: 0.5259
Epoch: 901, Loss: 0.5245
Epoch: 951, Loss: 0.5220
Epoch: 1001, Loss: 0.5190
avg Test Accuracy: 1.0000  avg Test AUC: 1.0000  avg Test PRE: 1.0000
