====================================================================================================
data: HeteroData(
  drug={
    node_id=[4499],
    x=[4499, 12],
  },
  protein={
    node_id=[2113],
    x=[2113, 20],
  },
  (drug, interaction, protein)={ edge_index=[2, 13838] },
  (protein, rev_interaction, drug)={ edge_index=[2, 13838] }
)
====================================================================================================
****************************************************************************************************
train data: HeteroData(
  drug={
    node_id=[4499],
    x=[4499, 12],
  },
  protein={
    node_id=[2113],
    x=[2113, 20],
  },
  (drug, interaction, protein)={
    edge_index=[2, 7751],
    edge_label=[5811],
    edge_label_index=[2, 5811],
  },
  (protein, rev_interaction, drug)={ edge_index=[2, 7751] }
)
****************************************************************************************************
val data: HeteroData(
  drug={
    node_id=[4499],
    x=[4499, 12],
  },
  protein={
    node_id=[2113],
    x=[2113, 20],
  },
  (drug, interaction, protein)={
    edge_index=[2, 9688],
    edge_label=[4149],
    edge_label_index=[2, 4149],
  },
  (protein, rev_interaction, drug)={ edge_index=[2, 9688] }
)
****************************************************************************************************
test data: HeteroData(
  drug={
    node_id=[4499],
    x=[4499, 12],
  },
  protein={
    node_id=[2113],
    x=[2113, 20],
  },
  (drug, interaction, protein)={
    edge_index=[2, 11071],
    edge_label=[8301],
    edge_label_index=[2, 8301],
  },
  (protein, rev_interaction, drug)={ edge_index=[2, 11071] }
)
****************************************************************************************************
model: GAT(
  (lin_dict): ModuleDict(
    (drug): Linear(-1, 64, bias=True)
    (protein): Linear(-1, 64, bias=True)
  )
  (conv1): GATConv((-1, -1), 64, heads=1)
  (lin1): Linear(-1, 64, bias=True)
  (conv2): GATConv((-1, -1), 1, heads=1)
  (lin2): Linear(-1, 1, bias=True)
  (lin): Linear(2, 1, bias=True)
)
Epoch: 51, Loss: 0.4883
Epoch: 101, Loss: 0.4701
Epoch: 151, Loss: 0.4568
Epoch: 201, Loss: 0.4474
Epoch: 251, Loss: 0.4284
Epoch: 301, Loss: 0.4292
Epoch: 351, Loss: 0.4294
Epoch: 401, Loss: 0.4159
Epoch: 451, Loss: 0.4159
Epoch: 501, Loss: 0.4075
Epoch: 551, Loss: 0.4091
Epoch: 601, Loss: 0.4093
Epoch: 651, Loss: 0.4256
Epoch: 701, Loss: 0.4130
Epoch: 751, Loss: 0.3981
Epoch: 801, Loss: 0.3910
Epoch: 851, Loss: 0.3938
Epoch: 901, Loss: 0.3929
Epoch: 951, Loss: 0.3828
Epoch: 1001, Loss: 0.3854
avg Test Accuracy: 0.7835  avg Test AUC: 0.8134  avg Test AUC: 0.7332
