====================================================================================================
data: HeteroData(
  drug={
    node_id=[59],
    x=[59, 12],
  },
  protein={
    node_id=[199],
    x=[199, 20],
  },
  (drug, interaction, protein)={ edge_index=[2, 620] },
  (protein, rev_interaction, drug)={ edge_index=[2, 620] }
)
====================================================================================================
****************************************************************************************************
train data: HeteroData(
  drug={
    node_id=[59],
    x=[59, 12],
  },
  protein={
    node_id=[199],
    x=[199, 20],
  },
  (drug, interaction, protein)={
    edge_index=[2, 348],
    edge_label=[258],
    edge_label_index=[2, 258],
  },
  (protein, rev_interaction, drug)={ edge_index=[2, 348] }
)
****************************************************************************************************
val data: HeteroData(
  drug={
    node_id=[59],
    x=[59, 12],
  },
  protein={
    node_id=[199],
    x=[199, 20],
  },
  (drug, interaction, protein)={
    edge_index=[2, 434],
    edge_label=[186],
    edge_label_index=[2, 186],
  },
  (protein, rev_interaction, drug)={ edge_index=[2, 434] }
)
****************************************************************************************************
test data: HeteroData(
  drug={
    node_id=[59],
    x=[59, 12],
  },
  protein={
    node_id=[199],
    x=[199, 20],
  },
  (drug, interaction, protein)={
    edge_index=[2, 496],
    edge_label=[372],
    edge_label_index=[2, 372],
  },
  (protein, rev_interaction, drug)={ edge_index=[2, 496] }
)
****************************************************************************************************
model: GNN(
  (lin_dict): ModuleDict(
    (drug): Linear(-1, 64, bias=True)
    (protein): Linear(-1, 64, bias=True)
  )
  (convs): ModuleList(
    (0-1): 2 x GCNConv(64, 64)
  )
  (lin): Linear(128, 1, bias=True)
)
Epoch: 51, Loss: 0.5809
Epoch: 101, Loss: 0.5378
Epoch: 151, Loss: 0.5109
Epoch: 201, Loss: 0.5013
Epoch: 251, Loss: 0.4974
Epoch: 301, Loss: 0.5013
Epoch: 351, Loss: 0.4955
Epoch: 401, Loss: 0.4909
Epoch: 451, Loss: 0.4861
Epoch: 501, Loss: 0.4917
Epoch: 551, Loss: 0.4802
Epoch: 601, Loss: 0.4896
Epoch: 651, Loss: 0.4805
Epoch: 701, Loss: 0.4798
Epoch: 751, Loss: 0.4847
Epoch: 801, Loss: 0.4811
Epoch: 851, Loss: 0.4823
Epoch: 901, Loss: 0.4792
Epoch: 951, Loss: 0.4798
Epoch: 1001, Loss: 0.4931
avg Test Accuracy: 0.5565  avg Test AUC: 0.5494  avg Test AUC: 0.4344
