====================================================================================================
data: HeteroData(
  drug={
    node_id=[59],
    x=[59, 12],
  },
  protein={
    node_id=[199],
    x=[199, 20],
  },
  (drug, interaction, protein)={ edge_index=[2, 620] },
  (protein, rev_interaction, drug)={ edge_index=[2, 620] }
)
====================================================================================================
****************************************************************************************************
train data: HeteroData(
  drug={
    node_id=[59],
    x=[59, 12],
  },
  protein={
    node_id=[199],
    x=[199, 20],
  },
  (drug, interaction, protein)={
    edge_index=[2, 348],
    edge_label=[258],
    edge_label_index=[2, 258],
  },
  (protein, rev_interaction, drug)={ edge_index=[2, 348] }
)
****************************************************************************************************
val data: HeteroData(
  drug={
    node_id=[59],
    x=[59, 12],
  },
  protein={
    node_id=[199],
    x=[199, 20],
  },
  (drug, interaction, protein)={
    edge_index=[2, 434],
    edge_label=[186],
    edge_label_index=[2, 186],
  },
  (protein, rev_interaction, drug)={ edge_index=[2, 434] }
)
****************************************************************************************************
test data: HeteroData(
  drug={
    node_id=[59],
    x=[59, 12],
  },
  protein={
    node_id=[199],
    x=[199, 20],
  },
  (drug, interaction, protein)={
    edge_index=[2, 496],
    edge_label=[372],
    edge_label_index=[2, 372],
  },
  (protein, rev_interaction, drug)={ edge_index=[2, 496] }
)
****************************************************************************************************
graph info: 317 615
Jacard Coefficient Metric: Avg Test Accuracy: 0.5349  Avg Test AUC: 0.8317  Avg Test AUC: 0.4146
