====================================================================================================
data: HeteroData(
  drug={
    node_id=[59],
    x=[59, 12],
  },
  protein={
    node_id=[199],
    x=[199, 20],
  },
  (drug, interaction, protein)={ edge_index=[2, 620] },
  (protein, rev_interaction, drug)={ edge_index=[2, 620] }
)
====================================================================================================
****************************************************************************************************
train data: HeteroData(
  drug={
    node_id=[59],
    x=[59, 12],
  },
  protein={
    node_id=[199],
    x=[199, 20],
  },
  (drug, interaction, protein)={
    edge_index=[2, 348],
    edge_label=[258],
    edge_label_index=[2, 258],
  },
  (protein, rev_interaction, drug)={ edge_index=[2, 348] }
)
****************************************************************************************************
val data: HeteroData(
  drug={
    node_id=[59],
    x=[59, 12],
  },
  protein={
    node_id=[199],
    x=[199, 20],
  },
  (drug, interaction, protein)={
    edge_index=[2, 434],
    edge_label=[186],
    edge_label_index=[2, 186],
  },
  (protein, rev_interaction, drug)={ edge_index=[2, 434] }
)
****************************************************************************************************
test data: HeteroData(
  drug={
    node_id=[59],
    x=[59, 12],
  },
  protein={
    node_id=[199],
    x=[199, 20],
  },
  (drug, interaction, protein)={
    edge_index=[2, 496],
    edge_label=[372],
    edge_label_index=[2, 372],
  },
  (protein, rev_interaction, drug)={ edge_index=[2, 496] }
)
****************************************************************************************************
labels: torch.Size([258])
labels: torch.Size([186])
labels: torch.Size([372])
drug_nodes: [0, 1, 2, 3, 4, 5, 6, 7, 8, 9, 10, 11, 12, 13, 14, 15, 16, 17, 18, 19, 20, 21, 22, 23, 24, 25, 26, 27, 28, 29, 30, 31, 32, 33, 34, 35, 36, 37, 38, 39, 40, 41, 42, 43, 44, 45, 46, 47, 48, 49, 50, 51, 52, 53, 54, 55, 56, 57, 58, 199, 200, 201, 202, 203, 204, 205, 206, 207, 208, 209, 210, 211, 212, 213, 214, 215, 216, 217, 218, 219, 220, 221, 222, 223, 224, 225, 226, 227, 228, 229, 230, 231, 232, 233, 234, 235, 236, 237, 238, 239, 240, 241, 242, 243, 244, 245, 246, 247, 248, 249, 250, 251, 252, 253, 254, 255, 256, 257, 199, 200, 201, 202, 203, 204, 205, 206, 207, 208, 209, 210, 211, 212, 213, 214, 215, 216, 217, 218, 219, 220, 221, 222, 223, 224, 225, 226, 227, 228, 229, 230, 231, 232, 233, 234, 235, 236, 237, 238, 239, 240, 241, 242, 243, 244, 245, 246, 247, 248, 249, 250, 251, 252, 253, 254, 255, 256, 257, 258, 259, 260, 261, 262, 263, 264, 265, 266, 267, 268, 269, 270, 271, 272, 273, 274, 275, 276, 277, 278, 279, 280, 281, 282, 283, 284, 285, 286, 287, 288, 289, 290, 291, 292, 293, 294, 295, 296, 297, 298, 299, 300, 301, 302, 303, 304, 305, 306, 307, 308, 309, 310, 311, 312, 313, 314, 315, 316] protein_nodes: [0, 1, 2, 3, 4, 5, 6, 7, 8, 9, 10, 11, 12, 13, 14, 15, 16, 17, 18, 19, 20, 21, 22, 23, 24, 25, 26, 27, 28, 29, 30, 31, 32, 33, 34, 35, 36, 37, 38, 39, 40, 41, 42, 43, 44, 45, 46, 47, 48, 49, 50, 51, 52, 53, 54, 55, 56, 57, 58, 199, 200, 201, 202, 203, 204, 205, 206, 207, 208, 209, 210, 211, 212, 213, 214, 215, 216, 217, 218, 219, 220, 221, 222, 223, 224, 225, 226, 227, 228, 229, 230, 231, 232, 233, 234, 235, 236, 237, 238, 239, 240, 241, 242, 243, 244, 245, 246, 247, 248, 249, 250, 251, 252, 253, 254, 255, 256, 257, 199, 200, 201, 202, 203, 204, 205, 206, 207, 208, 209, 210, 211, 212, 213, 214, 215, 216, 217, 218, 219, 220, 221, 222, 223, 224, 225, 226, 227, 228, 229, 230, 231, 232, 233, 234, 235, 236, 237, 238, 239, 240, 241, 242, 243, 244, 245, 246, 247, 248, 249, 250, 251, 252, 253, 254, 255, 256, 257, 258, 259, 260, 261, 262, 263, 264, 265, 266, 267, 268, 269, 270, 271, 272, 273, 274, 275, 276, 277, 278, 279, 280, 281, 282, 283, 284, 285, 286, 287, 288, 289, 290, 291, 292, 293, 294, 295, 296, 297, 298, 299, 300, 301, 302, 303, 304, 305, 306, 307, 308, 309, 310, 311, 312, 313, 314, 315, 316]
graph info: 317 615
Jacard Coefficient Metric: Avg Test Accuracy: 0.6640  Avg Test AUC: 0.5143  Avg Test AUC: 0.4000
