[INFO] hidden channels: 64]
Dataset:  davis
reading from Data/DAVIS/hetero_data_davis.pt
hd:  64
cuda
Data is cuda?: True
data HeteroData(
  drug={
    node_id=[59],
    x=[59, 12],
  },
  protein={
    node_id=[199],
    x=[199, 20],
  },
  (drug, interaction, protein)={ edge_index=[2, 620] },
  (protein, rev_interaction, drug)={ edge_index=[2, 620] }
)
train_data HeteroData(
  drug={
    node_id=[59],
    x=[59, 12],
  },
  protein={
    node_id=[199],
    x=[199, 20],
  },
  (drug, interaction, protein)={
    edge_index=[2, 348],
    edge_label=[258],
    edge_label_index=[2, 258],
  },
  (protein, rev_interaction, drug)={ edge_index=[2, 348] }
)
model: Model(
  (encoder): GraphModule(
    (conv_in): ModuleDict(
      (drug__interaction__protein): SAGEConv((-1, -1), 64, aggr=sum)
      (protein__rev_interaction__drug): SAGEConv((-1, -1), 64, aggr=sum)
    )
    (act): ModuleDict(
      (drug): Tanh()
      (protein): Tanh()
    )
    (dropout): ModuleDict(
      (drug): Dropout(p=0.2, inplace=False)
      (protein): Dropout(p=0.2, inplace=False)
    )
    (conv_med): ModuleDict(
      (drug__interaction__protein): SAGEConv((-1, -1), 64, aggr=sum)
      (protein__rev_interaction__drug): SAGEConv((-1, -1), 64, aggr=sum)
    )
    (conv_out): ModuleDict(
      (drug__interaction__protein): SAGEConv((-1, -1), 64, aggr=sum)
      (protein__rev_interaction__drug): SAGEConv((-1, -1), 64, aggr=sum)
    )
  )
  (decoder): EdgeClassifier(
    (lin1): Linear(in_features=128, out_features=64, bias=True)
    (lin2): Linear(in_features=64, out_features=1, bias=True)
  )
)
Epoch: 050, Loss: 0.4967, Train: 0.7550, Val: 0.7216, Test: 0.7234
early stopped at epoch  52
 
Final AUC Train: 0.7796, AUC Val 0.7121,AUC Test: 0.7197
Final ACC Train: 0.7248, ACC Val 0.6828,ACC Test: 0.6935
Final AUPR Train: 0.6302, AUC Val 0.5070,AUC Test: 0.5276
Elapsed time 0.0083 min
plotting loss over epochs
plotting loss over epochs
plotting loss over epochs
