====================================================================================================
data: HeteroData(
  drug={
    node_id=[6823],
    x=[6823, 12],
  },
  protein={
    node_id=[4650],
    x=[4650, 20],
  },
  (drug, interaction, protein)={ edge_index=[2, 23705] },
  (protein, rev_interaction, drug)={ edge_index=[2, 23705] }
)
====================================================================================================
****************************************************************************************************
train data: HeteroData(
  drug={
    node_id=[6823],
    x=[6823, 12],
  },
  protein={
    node_id=[4650],
    x=[4650, 20],
  },
  (drug, interaction, protein)={
    edge_index=[2, 13276],
    edge_label=[9954],
    edge_label_index=[2, 9954],
  },
  (protein, rev_interaction, drug)={ edge_index=[2, 13276] }
)
****************************************************************************************************
val data: HeteroData(
  drug={
    node_id=[6823],
    x=[6823, 12],
  },
  protein={
    node_id=[4650],
    x=[4650, 20],
  },
  (drug, interaction, protein)={
    edge_index=[2, 16594],
    edge_label=[7110],
    edge_label_index=[2, 7110],
  },
  (protein, rev_interaction, drug)={ edge_index=[2, 16594] }
)
****************************************************************************************************
test data: HeteroData(
  drug={
    node_id=[6823],
    x=[6823, 12],
  },
  protein={
    node_id=[4650],
    x=[4650, 20],
  },
  (drug, interaction, protein)={
    edge_index=[2, 18964],
    edge_label=[14223],
    edge_label_index=[2, 14223],
  },
  (protein, rev_interaction, drug)={ edge_index=[2, 18964] }
)
****************************************************************************************************
model: GNN(
  (lin_dict): ModuleDict(
    (drug): Linear(-1, 64, bias=True)
    (protein): Linear(-1, 64, bias=True)
  )
  (convs): ModuleList(
    (0-2): 3 x GCNConv(64, 64)
  )
  (lin): Linear(64, 1, bias=True)
)
Epoch: 51, Loss: 0.6713
Epoch: 101, Loss: 0.6795
Epoch: 151, Loss: 0.6595
Epoch: 201, Loss: 0.6639
Epoch: 251, Loss: 0.6613
Epoch: 301, Loss: 0.6701
Epoch: 351, Loss: 0.6793
Epoch: 401, Loss: 0.6606
Epoch: 451, Loss: 0.6603
Epoch: 501, Loss: 0.6604
Epoch: 551, Loss: 0.6635
Epoch: 601, Loss: 0.6603
Epoch: 651, Loss: 0.6928
Epoch: 701, Loss: 0.6604
Epoch: 751, Loss: 0.6606
Epoch: 801, Loss: 0.6544
Epoch: 851, Loss: 0.6610
Epoch: 901, Loss: 0.6698
Epoch: 951, Loss: 0.6599
Epoch: 1001, Loss: 0.6789
avg Test Accuracy: 0.3333  avg Test AUC: 0.7616  avg Test AUC: 0.6961
