====================================================================================================
data: HeteroData(
  drug={
    node_id=[6823],
    x=[6823, 12],
  },
  protein={
    node_id=[4650],
    x=[4650, 20],
  },
  (drug, interaction, protein)={ edge_index=[2, 23705] },
  (protein, rev_interaction, drug)={ edge_index=[2, 23705] }
)
====================================================================================================
****************************************************************************************************
train data: HeteroData(
  drug={
    node_id=[6823],
    x=[6823, 12],
  },
  protein={
    node_id=[4650],
    x=[4650, 20],
  },
  (drug, interaction, protein)={
    edge_index=[2, 13276],
    edge_label=[9954],
    edge_label_index=[2, 9954],
  },
  (protein, rev_interaction, drug)={ edge_index=[2, 13276] }
)
****************************************************************************************************
val data: HeteroData(
  drug={
    node_id=[6823],
    x=[6823, 12],
  },
  protein={
    node_id=[4650],
    x=[4650, 20],
  },
  (drug, interaction, protein)={
    edge_index=[2, 16594],
    edge_label=[7110],
    edge_label_index=[2, 7110],
  },
  (protein, rev_interaction, drug)={ edge_index=[2, 16594] }
)
****************************************************************************************************
test data: HeteroData(
  drug={
    node_id=[6823],
    x=[6823, 12],
  },
  protein={
    node_id=[4650],
    x=[4650, 20],
  },
  (drug, interaction, protein)={
    edge_index=[2, 18964],
    edge_label=[14223],
    edge_label_index=[2, 14223],
  },
  (protein, rev_interaction, drug)={ edge_index=[2, 18964] }
)
****************************************************************************************************
edge_x: torch.Size([9954, 32])
labels: torch.Size([9954])
edge_x: torch.Size([7110, 32])
labels: torch.Size([7110])
edge_x: torch.Size([14223, 32])
labels: torch.Size([14223])
model: HGT(
  (lin_dict): ModuleDict(
    (drug): Linear(-1, 64, bias=True)
    (protein): Linear(-1, 64, bias=True)
  )
  (convs): ModuleList(
    (0-1): 2 x HGTConv(-1, 64, heads=4)
  )
  (lin): Linear(128, 1, bias=True)
)
Epoch: 51, Loss: 0.6460
Epoch: 101, Loss: 0.5079
Epoch: 151, Loss: 0.4899
Epoch: 201, Loss: 0.4941
Epoch: 251, Loss: 0.4983
Epoch: 301, Loss: 0.4835
Epoch: 351, Loss: 0.4755
Epoch: 401, Loss: 0.4790
Epoch: 451, Loss: 0.4702
Epoch: 501, Loss: 0.4637
Epoch: 551, Loss: 0.4778
Epoch: 601, Loss: 0.4749
Epoch: 651, Loss: 0.4644
Epoch: 701, Loss: 0.4784
Epoch: 751, Loss: 0.4679
Epoch: 801, Loss: 0.4656
Epoch: 851, Loss: 0.4699
Epoch: 901, Loss: 0.5564
Epoch: 951, Loss: 0.4655
Epoch: 1001, Loss: 0.4650
avg Test Accuracy: 1.0000  avg Test AUC: 1.0000  avg Test PRE: 1.0000
