====================================================================================================
data: HeteroData(
  drug={
    node_id=[6823],
    x=[6823, 12],
  },
  protein={
    node_id=[4650],
    x=[4650, 20],
  },
  (drug, interaction, protein)={ edge_index=[2, 23705] },
  (protein, rev_interaction, drug)={ edge_index=[2, 23705] }
)
====================================================================================================
****************************************************************************************************
train data: HeteroData(
  drug={
    node_id=[6823],
    x=[6823, 12],
  },
  protein={
    node_id=[4650],
    x=[4650, 20],
  },
  (drug, interaction, protein)={
    edge_index=[2, 13276],
    edge_label=[9954],
    edge_label_index=[2, 9954],
  },
  (protein, rev_interaction, drug)={ edge_index=[2, 13276] }
)
****************************************************************************************************
val data: HeteroData(
  drug={
    node_id=[6823],
    x=[6823, 12],
  },
  protein={
    node_id=[4650],
    x=[4650, 20],
  },
  (drug, interaction, protein)={
    edge_index=[2, 16594],
    edge_label=[7110],
    edge_label_index=[2, 7110],
  },
  (protein, rev_interaction, drug)={ edge_index=[2, 16594] }
)
****************************************************************************************************
test data: HeteroData(
  drug={
    node_id=[6823],
    x=[6823, 12],
  },
  protein={
    node_id=[4650],
    x=[4650, 20],
  },
  (drug, interaction, protein)={
    edge_index=[2, 18964],
    edge_label=[14223],
    edge_label_index=[2, 14223],
  },
  (protein, rev_interaction, drug)={ edge_index=[2, 18964] }
)
****************************************************************************************************
model: HGT(
  (lin_dict): ModuleDict(
    (drug): Linear(-1, 64, bias=True)
    (protein): Linear(-1, 64, bias=True)
  )
  (convs): ModuleList(
    (0-1): 2 x HGTConv(-1, 64, heads=2)
  )
  (lin): Linear(128, 1, bias=True)
)
Epoch: 51, Loss: 0.5642
Epoch: 101, Loss: 0.4912
Epoch: 151, Loss: 0.4857
Epoch: 201, Loss: 0.4833
Epoch: 251, Loss: 0.4807
Epoch: 301, Loss: 0.4799
Epoch: 351, Loss: 0.4802
Epoch: 401, Loss: 0.4786
Epoch: 451, Loss: 0.4841
Epoch: 501, Loss: 0.4778
Epoch: 551, Loss: 0.4772
Epoch: 601, Loss: 0.4767
Epoch: 651, Loss: 0.4763
Epoch: 701, Loss: 0.4763
Epoch: 751, Loss: 0.4757
Epoch: 801, Loss: 0.4752
Epoch: 851, Loss: 0.4749
Epoch: 901, Loss: 0.4749
Epoch: 951, Loss: 0.4744
Epoch: 1001, Loss: 0.4740
avg Test Accuracy: 0.7766  avg Test AUC: 0.8230
