====================================================================================================
data: HeteroData(
  drug={
    node_id=[6823],
    x=[6823, 12],
  },
  protein={
    node_id=[4650],
    x=[4650, 20],
  },
  (drug, interaction, protein)={ edge_index=[2, 23705] },
  (protein, rev_interaction, drug)={ edge_index=[2, 23705] }
)
====================================================================================================
****************************************************************************************************
train data: HeteroData(
  drug={
    node_id=[6823],
    x=[6823, 12],
  },
  protein={
    node_id=[4650],
    x=[4650, 20],
  },
  (drug, interaction, protein)={
    edge_index=[2, 13276],
    edge_label=[9954],
    edge_label_index=[2, 9954],
  },
  (protein, rev_interaction, drug)={ edge_index=[2, 13276] }
)
****************************************************************************************************
val data: HeteroData(
  drug={
    node_id=[6823],
    x=[6823, 12],
  },
  protein={
    node_id=[4650],
    x=[4650, 20],
  },
  (drug, interaction, protein)={
    edge_index=[2, 16594],
    edge_label=[7110],
    edge_label_index=[2, 7110],
  },
  (protein, rev_interaction, drug)={ edge_index=[2, 16594] }
)
****************************************************************************************************
test data: HeteroData(
  drug={
    node_id=[6823],
    x=[6823, 12],
  },
  protein={
    node_id=[4650],
    x=[4650, 20],
  },
  (drug, interaction, protein)={
    edge_index=[2, 18964],
    edge_label=[14223],
    edge_label_index=[2, 14223],
  },
  (protein, rev_interaction, drug)={ edge_index=[2, 18964] }
)
****************************************************************************************************
model: GNN(
  (lin_dict): ModuleDict(
    (drug): Linear(-1, 64, bias=True)
    (protein): Linear(-1, 64, bias=True)
  )
  (conv1): SAGEConv((-1, -1), 64, aggr=mean)
  (conv2): SAGEConv((-1, -1), 1, aggr=mean)
  (lin): Linear(2, 1, bias=True)
)
Epoch: 51, Loss: 0.5410
Epoch: 101, Loss: 0.5000
Epoch: 151, Loss: 0.4847
Epoch: 201, Loss: 0.4719
Epoch: 251, Loss: 0.4709
Epoch: 301, Loss: 0.4645
Epoch: 351, Loss: 0.4560
Epoch: 401, Loss: 0.4489
Epoch: 451, Loss: 0.4397
Epoch: 501, Loss: 0.4557
Epoch: 551, Loss: 0.4475
Epoch: 601, Loss: 0.4319
Epoch: 651, Loss: 0.4218
Epoch: 701, Loss: 0.4177
Epoch: 751, Loss: 0.4150
Epoch: 801, Loss: 0.4306
Epoch: 851, Loss: 0.4077
Epoch: 901, Loss: 0.4288
Epoch: 951, Loss: 0.4293
Epoch: 1001, Loss: 0.4219
avg Test Accuracy: 0.7643  avg Test AUC: 0.7931  avg Test AUC: 0.6682
