====================================================================================================
data: HeteroData(
  drug={
    node_id=[6823],
    x=[6823, 12],
  },
  protein={
    node_id=[4650],
    x=[4650, 20],
  },
  (drug, interaction, protein)={ edge_index=[2, 23705] },
  (protein, rev_interaction, drug)={ edge_index=[2, 23705] }
)
====================================================================================================
****************************************************************************************************
train data: HeteroData(
  drug={
    node_id=[6823],
    x=[6823, 12],
  },
  protein={
    node_id=[4650],
    x=[4650, 20],
  },
  (drug, interaction, protein)={
    edge_index=[2, 13276],
    edge_label=[9954],
    edge_label_index=[2, 9954],
  },
  (protein, rev_interaction, drug)={ edge_index=[2, 13276] }
)
****************************************************************************************************
val data: HeteroData(
  drug={
    node_id=[6823],
    x=[6823, 12],
  },
  protein={
    node_id=[4650],
    x=[4650, 20],
  },
  (drug, interaction, protein)={
    edge_index=[2, 16594],
    edge_label=[7110],
    edge_label_index=[2, 7110],
  },
  (protein, rev_interaction, drug)={ edge_index=[2, 16594] }
)
****************************************************************************************************
test data: HeteroData(
  drug={
    node_id=[6823],
    x=[6823, 12],
  },
  protein={
    node_id=[4650],
    x=[4650, 20],
  },
  (drug, interaction, protein)={
    edge_index=[2, 18964],
    edge_label=[14223],
    edge_label_index=[2, 14223],
  },
  (protein, rev_interaction, drug)={ edge_index=[2, 18964] }
)
****************************************************************************************************
model: HGT(
  (lin_dict): ModuleDict(
    (drug): Linear(-1, 64, bias=True)
    (protein): Linear(-1, 64, bias=True)
  )
  (convs): ModuleList(
    (0-1): 2 x HGTConv(-1, 64, heads=4)
  )
  (lin): Linear(128, 1, bias=True)
)
Epoch: 51, Loss: 0.6460
Epoch: 101, Loss: 0.5079
Epoch: 151, Loss: 0.4882
Epoch: 201, Loss: 0.4853
Epoch: 251, Loss: 0.4907
Epoch: 301, Loss: 0.4842
Epoch: 351, Loss: 0.5395
Epoch: 401, Loss: 0.4783
Epoch: 451, Loss: 0.4883
Epoch: 501, Loss: 0.4784
Epoch: 551, Loss: 0.5860
Epoch: 601, Loss: 0.4792
Epoch: 651, Loss: 0.4768
Epoch: 701, Loss: 0.4756
Epoch: 751, Loss: 0.4874
Epoch: 801, Loss: 0.4684
Epoch: 851, Loss: 0.4663
Epoch: 901, Loss: 0.4676
Epoch: 951, Loss: 0.4589
Epoch: 1001, Loss: 0.4600
avg Test Accuracy: 0.7946  avg Test AUC: 0.8366  avg Test PRE: 0.7491
