====================================================================================================
data: HeteroData(
  drug={
    node_id=[3084],
    x=[3084, 12],
  },
  protein={
    node_id=[718],
    x=[718, 20],
  },
  (drug, interaction, protein)={ edge_index=[2, 5937] },
  (protein, rev_interaction, drug)={ edge_index=[2, 5937] }
)
====================================================================================================
****************************************************************************************************
train data: HeteroData(
  drug={
    node_id=[3084],
    x=[3084, 12],
  },
  protein={
    node_id=[718],
    x=[718, 20],
  },
  (drug, interaction, protein)={
    edge_index=[2, 3326],
    edge_label=[2493],
    edge_label_index=[2, 2493],
  },
  (protein, rev_interaction, drug)={ edge_index=[2, 3326] }
)
****************************************************************************************************
val data: HeteroData(
  drug={
    node_id=[3084],
    x=[3084, 12],
  },
  protein={
    node_id=[718],
    x=[718, 20],
  },
  (drug, interaction, protein)={
    edge_index=[2, 4157],
    edge_label=[1779],
    edge_label_index=[2, 1779],
  },
  (protein, rev_interaction, drug)={ edge_index=[2, 4157] }
)
****************************************************************************************************
test data: HeteroData(
  drug={
    node_id=[3084],
    x=[3084, 12],
  },
  protein={
    node_id=[718],
    x=[718, 20],
  },
  (drug, interaction, protein)={
    edge_index=[2, 4750],
    edge_label=[3561],
    edge_label_index=[2, 3561],
  },
  (protein, rev_interaction, drug)={ edge_index=[2, 4750] }
)
****************************************************************************************************
edge_x: torch.Size([2493, 32])
labels: torch.Size([2493])
edge_x: torch.Size([1779, 32])
labels: torch.Size([1779])
edge_x: torch.Size([3561, 32])
labels: torch.Size([3561])
model: HGT(
  (lin_dict): ModuleDict(
    (drug): Linear(-1, 64, bias=True)
    (protein): Linear(-1, 64, bias=True)
  )
  (convs): ModuleList(
    (0-1): 2 x HGTConv(-1, 64, heads=2)
  )
  (lin): Linear(128, 1, bias=True)
)
Epoch: 51, Loss: 0.5872
Epoch: 101, Loss: 0.5358
Epoch: 151, Loss: 0.5483
Epoch: 201, Loss: 0.5164
Epoch: 251, Loss: 0.5069
Epoch: 301, Loss: 0.5060
Epoch: 351, Loss: 0.4934
Epoch: 401, Loss: 0.4901
Epoch: 451, Loss: 0.4865
Epoch: 501, Loss: 0.4816
Epoch: 551, Loss: 0.4729
Epoch: 601, Loss: 0.5045
Epoch: 651, Loss: 0.4846
Epoch: 701, Loss: 0.4710
Epoch: 751, Loss: 0.4671
Epoch: 801, Loss: 0.4582
Epoch: 851, Loss: 0.4572
Epoch: 901, Loss: 0.4509
Epoch: 951, Loss: 0.4481
Epoch: 1001, Loss: 0.4549
Epoch: 6, Loss: 0.4518
Epoch: 11, Loss: 0.4491
Epoch: 16, Loss: 0.4467
Epoch: 21, Loss: 0.4452
Epoch: 26, Loss: 0.4453
Epoch: 31, Loss: 0.4440
Epoch: 36, Loss: 0.4432
Epoch: 41, Loss: 0.4430
Epoch: 46, Loss: 0.4421
Epoch: 51, Loss: 0.4433
Epoch: 56, Loss: 0.5018
Epoch: 61, Loss: 0.4558
Epoch: 66, Loss: 0.4658
Epoch: 71, Loss: 0.4625
Epoch: 76, Loss: 0.4583
Epoch: 81, Loss: 0.4641
Epoch: 86, Loss: 0.4607
Epoch: 91, Loss: 0.4580
Epoch: 96, Loss: 0.4563
Epoch: 101, Loss: 0.4543
Epoch: 106, Loss: 0.4531
Epoch: 111, Loss: 0.4524
Epoch: 116, Loss: 0.4541
Epoch: 121, Loss: 0.4547
Epoch: 126, Loss: 0.4524
Epoch: 131, Loss: 0.4536
Epoch: 136, Loss: 0.4513
Epoch: 141, Loss: 0.4786
Epoch: 146, Loss: 0.4717
Epoch: 151, Loss: 0.4524
Epoch: 156, Loss: 0.4498
Epoch: 161, Loss: 0.4528
Epoch: 166, Loss: 0.4536
Epoch: 171, Loss: 0.4498
Epoch: 176, Loss: 0.4516
Epoch: 181, Loss: 0.4477
Epoch: 186, Loss: 0.4469
Epoch: 191, Loss: 0.4468
Epoch: 196, Loss: 0.4468
Epoch: 201, Loss: 0.4931
Epoch: 206, Loss: 0.4815
Epoch: 211, Loss: 0.4698
Epoch: 216, Loss: 0.4619
Epoch: 221, Loss: 0.4586
Epoch: 226, Loss: 0.4532
Epoch: 231, Loss: 0.4505
Epoch: 236, Loss: 0.4494
Epoch: 241, Loss: 0.4478
Epoch: 246, Loss: 0.4472
Epoch: 251, Loss: 0.4450
Epoch: 256, Loss: 0.4451
Epoch: 261, Loss: 0.4437
Epoch: 266, Loss: 0.4423
Epoch: 271, Loss: 0.4844
Epoch: 276, Loss: 0.4700
Epoch: 281, Loss: 0.4522
Epoch: 286, Loss: 0.4455
Epoch: 291, Loss: 0.4430
Epoch: 296, Loss: 0.4432
Epoch: 301, Loss: 0.4421
Epoch: 306, Loss: 0.4404
Epoch: 311, Loss: 0.4396
Epoch: 316, Loss: 0.4394
Epoch: 321, Loss: 0.4387
Epoch: 326, Loss: 0.4384
Epoch: 331, Loss: 0.4369
Epoch: 336, Loss: 0.4368
Epoch: 341, Loss: 0.4364
Epoch: 346, Loss: 0.4432
Epoch: 351, Loss: 0.4383
Epoch: 356, Loss: 0.4353
Epoch: 361, Loss: 0.4354
Epoch: 366, Loss: 0.4357
Epoch: 371, Loss: 0.4359
Epoch: 376, Loss: 0.4338
Epoch: 381, Loss: 0.4328
Epoch: 386, Loss: 0.4549
Epoch: 391, Loss: 0.4453
Epoch: 396, Loss: 0.4391
Epoch: 401, Loss: 0.4383
Epoch: 406, Loss: 0.4345
Epoch: 411, Loss: 0.4320
Epoch: 416, Loss: 0.4318
Epoch: 421, Loss: 0.4308
Epoch: 426, Loss: 0.4297
Epoch: 431, Loss: 0.4290
Epoch: 436, Loss: 0.4298
Epoch: 441, Loss: 0.4285
Epoch: 446, Loss: 0.4309
Epoch: 451, Loss: 0.4738
Epoch: 456, Loss: 0.4566
Epoch: 461, Loss: 0.4456
Epoch: 466, Loss: 0.4412
Epoch: 471, Loss: 0.4372
Epoch: 476, Loss: 0.4352
Epoch: 481, Loss: 0.4337
Epoch: 486, Loss: 0.4325
Epoch: 491, Loss: 0.4311
Epoch: 496, Loss: 0.4301
Epoch: 501, Loss: 0.4292
Epoch: 506, Loss: 0.4284
Epoch: 511, Loss: 0.4277
Epoch: 516, Loss: 0.4272
Epoch: 521, Loss: 0.4265
Epoch: 526, Loss: 0.4260
Epoch: 531, Loss: 0.4254
Epoch: 536, Loss: 0.4249
Epoch: 541, Loss: 0.4243
Epoch: 546, Loss: 0.4239
Epoch: 551, Loss: 0.4322
Epoch: 556, Loss: 0.4241
Epoch: 561, Loss: 0.4239
Epoch: 566, Loss: 0.4248
Epoch: 571, Loss: 0.4237
Epoch: 576, Loss: 0.4234
Epoch: 581, Loss: 0.4234
Epoch: 586, Loss: 0.4223
Epoch: 591, Loss: 0.4219
Epoch: 596, Loss: 0.4323
Epoch: 601, Loss: 0.4261
Epoch: 606, Loss: 0.4274
Epoch: 611, Loss: 0.4254
Epoch: 616, Loss: 0.4245
Epoch: 621, Loss: 0.4231
Epoch: 626, Loss: 0.4219
Epoch: 631, Loss: 0.4206
Epoch: 636, Loss: 0.4214
Epoch: 641, Loss: 0.4224
Epoch: 646, Loss: 0.4224
Epoch: 651, Loss: 0.4255
Epoch: 656, Loss: 0.4213
Epoch: 661, Loss: 0.4194
Epoch: 666, Loss: 0.4224
Epoch: 671, Loss: 0.4221
Epoch: 676, Loss: 0.4203
Epoch: 681, Loss: 0.4244
Epoch: 686, Loss: 0.4276
Epoch: 691, Loss: 0.4248
Epoch: 696, Loss: 0.4253
Epoch: 701, Loss: 0.4235
Epoch: 706, Loss: 0.4407
Epoch: 711, Loss: 0.4404
Epoch: 716, Loss: 0.4255
Epoch: 721, Loss: 0.4250
Epoch: 726, Loss: 0.4237
Epoch: 731, Loss: 0.4201
Epoch: 736, Loss: 0.4181
Epoch: 741, Loss: 0.4188
Epoch: 746, Loss: 0.4175
Epoch: 751, Loss: 0.4161
Epoch: 756, Loss: 0.4150
Epoch: 761, Loss: 0.4322
Epoch: 766, Loss: 0.4366
Epoch: 771, Loss: 0.4261
Epoch: 776, Loss: 0.4240
Epoch: 781, Loss: 0.4195
Epoch: 786, Loss: 0.4157
Epoch: 791, Loss: 0.4151
Epoch: 796, Loss: 0.4129
Epoch: 801, Loss: 0.4117
Epoch: 806, Loss: 0.4119
Epoch: 811, Loss: 0.4106
Epoch: 816, Loss: 0.4097
Epoch: 821, Loss: 0.4088
Epoch: 826, Loss: 0.4079
Epoch: 831, Loss: 0.4071
Epoch: 836, Loss: 0.4065
Epoch: 841, Loss: 0.4060
Epoch: 846, Loss: 0.4146
Epoch: 851, Loss: 0.4104
Epoch: 856, Loss: 0.4097
Epoch: 861, Loss: 0.4089
Epoch: 866, Loss: 0.4081
Epoch: 871, Loss: 0.4059
Epoch: 876, Loss: 0.4049
Epoch: 881, Loss: 0.4042
Epoch: 886, Loss: 0.4039
Epoch: 891, Loss: 0.4104
Epoch: 896, Loss: 0.4069
Epoch: 901, Loss: 0.4308
Epoch: 906, Loss: 0.4169
Epoch: 911, Loss: 0.4181
Epoch: 916, Loss: 0.4131
Epoch: 921, Loss: 0.4131
Epoch: 926, Loss: 0.4102
Epoch: 931, Loss: 0.4082
Epoch: 936, Loss: 0.4063
Epoch: 941, Loss: 0.4057
Epoch: 946, Loss: 0.4044
Epoch: 951, Loss: 0.4045
Epoch: 956, Loss: 0.4071
Epoch: 961, Loss: 0.4088
Epoch: 966, Loss: 0.4082
Epoch: 971, Loss: 0.4060
Epoch: 976, Loss: 0.4047
Epoch: 981, Loss: 0.4035
Epoch: 986, Loss: 0.4029
Epoch: 991, Loss: 0.4024
Epoch: 996, Loss: 0.4015
Epoch: 1001, Loss: 0.3997
Elapsed time 0.0693 min
Epoch: 6, Loss: 0.3984
Epoch: 11, Loss: 0.3989
Epoch: 16, Loss: 0.3995
Epoch: 21, Loss: 0.4005
Epoch: 26, Loss: 0.3993
Epoch: 31, Loss: 0.3985
Epoch: 36, Loss: 0.3996
Epoch: 41, Loss: 0.4033
Epoch: 46, Loss: 0.4081
Epoch: 51, Loss: 0.4044
Epoch: 56, Loss: 0.3989
Epoch: 61, Loss: 0.4013
Epoch: 66, Loss: 0.3992
Epoch: 71, Loss: 0.3964
Epoch: 76, Loss: 0.3958
Epoch: 81, Loss: 0.3951
Epoch: 86, Loss: 0.3971
Epoch: 91, Loss: 0.3965
Epoch: 96, Loss: 0.4024
Epoch: 101, Loss: 0.3989
Epoch: 106, Loss: 0.4043
Epoch: 111, Loss: 0.4029
Epoch: 116, Loss: 0.3976
Epoch: 121, Loss: 0.3954
Epoch: 126, Loss: 0.3946
Epoch: 131, Loss: 0.3958
Epoch: 136, Loss: 0.3954
Epoch: 141, Loss: 0.3949
Epoch: 146, Loss: 0.3931
Epoch: 151, Loss: 0.3935
Epoch: 156, Loss: 0.3924
Epoch: 161, Loss: 0.3929
Epoch: 166, Loss: 0.4398
Epoch: 171, Loss: 0.4070
Epoch: 176, Loss: 0.4010
Epoch: 181, Loss: 0.3973
Epoch: 186, Loss: 0.3938
Epoch: 191, Loss: 0.3921
Epoch: 196, Loss: 0.3908
Epoch: 201, Loss: 0.3892
Epoch: 206, Loss: 0.3883
Epoch: 211, Loss: 0.3877
Epoch: 216, Loss: 0.3869
Epoch: 221, Loss: 0.3864
Epoch: 226, Loss: 0.3863
Epoch: 231, Loss: 0.3870
Epoch: 236, Loss: 0.4014
Epoch: 241, Loss: 0.3883
Epoch: 246, Loss: 0.3924
Epoch: 251, Loss: 0.3904
Epoch: 256, Loss: 0.3876
Epoch: 261, Loss: 0.3856
Epoch: 266, Loss: 0.3845
Epoch: 271, Loss: 0.3846
Epoch: 276, Loss: 0.3843
Epoch: 281, Loss: 0.3890
Epoch: 286, Loss: 0.4081
Epoch: 291, Loss: 0.3923
Epoch: 296, Loss: 0.3908
Epoch: 301, Loss: 0.3898
Epoch: 306, Loss: 0.3957
Epoch: 311, Loss: 0.3898
Epoch: 316, Loss: 0.3880
Epoch: 321, Loss: 0.3862
Epoch: 326, Loss: 0.3850
Epoch: 331, Loss: 0.3838
Epoch: 336, Loss: 0.3826
Epoch: 341, Loss: 0.3818
Epoch: 346, Loss: 0.3812
Epoch: 351, Loss: 0.3806
Epoch: 356, Loss: 0.3823
Epoch: 361, Loss: 0.4378
Epoch: 366, Loss: 0.3840
Epoch: 371, Loss: 0.3826
Epoch: 376, Loss: 0.3824
Epoch: 381, Loss: 0.3818
Epoch: 386, Loss: 0.3810
Epoch: 391, Loss: 0.3795
Epoch: 396, Loss: 0.3787
Epoch: 401, Loss: 0.3785
Epoch: 406, Loss: 0.3777
Epoch: 411, Loss: 0.3771
Epoch: 416, Loss: 0.3766
Epoch: 421, Loss: 0.3768
Epoch: 426, Loss: 0.3998
Epoch: 431, Loss: 0.3807
Epoch: 436, Loss: 0.4136
Epoch: 441, Loss: 0.4056
Epoch: 446, Loss: 0.3968
Epoch: 451, Loss: 0.4103
Epoch: 456, Loss: 0.4823
Epoch: 461, Loss: 0.4927
Epoch: 466, Loss: 0.4745
Epoch: 471, Loss: 0.4905
Epoch: 476, Loss: 0.4644
Epoch: 481, Loss: 0.4452
Epoch: 486, Loss: 0.4387
Epoch: 491, Loss: 0.4309
Epoch: 496, Loss: 0.4242
Epoch: 501, Loss: 0.4184
Epoch: 506, Loss: 0.4147
Epoch: 511, Loss: 0.4121
Epoch: 516, Loss: 0.4097
Epoch: 521, Loss: 0.4078
Epoch: 526, Loss: 0.4059
Epoch: 531, Loss: 0.4044
Epoch: 536, Loss: 0.4032
Epoch: 541, Loss: 0.4021
Epoch: 546, Loss: 0.4010
Epoch: 551, Loss: 0.3997
Epoch: 556, Loss: 0.4100
Epoch: 561, Loss: 0.4105
Epoch: 566, Loss: 0.4043
Epoch: 571, Loss: 0.4012
Epoch: 576, Loss: 0.3982
Epoch: 581, Loss: 0.3957
Epoch: 586, Loss: 0.3947
Epoch: 591, Loss: 0.3934
Epoch: 596, Loss: 0.3919
Epoch: 601, Loss: 0.3917
Epoch: 606, Loss: 0.3905
Epoch: 611, Loss: 0.3892
Epoch: 616, Loss: 0.3882
Epoch: 621, Loss: 0.3950
Epoch: 626, Loss: 0.3993
Epoch: 631, Loss: 0.3934
Epoch: 636, Loss: 0.3916
Epoch: 641, Loss: 0.3900
Epoch: 646, Loss: 0.3898
Epoch: 651, Loss: 0.3869
Epoch: 656, Loss: 0.3855
Epoch: 661, Loss: 0.3849
Epoch: 666, Loss: 0.3837
Epoch: 671, Loss: 0.3882
Epoch: 676, Loss: 0.3893
Epoch: 681, Loss: 0.3889
Epoch: 686, Loss: 0.3851
Epoch: 691, Loss: 0.3831
Epoch: 696, Loss: 0.3855
Epoch: 701, Loss: 0.3872
Epoch: 706, Loss: 0.3880
Epoch: 711, Loss: 0.3844
Epoch: 716, Loss: 0.3853
Epoch: 721, Loss: 0.4483
Epoch: 726, Loss: 0.4016
Epoch: 731, Loss: 0.4082
Epoch: 736, Loss: 0.4036
Epoch: 741, Loss: 0.4037
Epoch: 746, Loss: 0.3985
Epoch: 751, Loss: 0.3962
Epoch: 756, Loss: 0.3919
Epoch: 761, Loss: 0.3886
Epoch: 766, Loss: 0.3873
Epoch: 771, Loss: 0.3849
Epoch: 776, Loss: 0.3825
Epoch: 781, Loss: 0.3812
Epoch: 786, Loss: 0.3805
Epoch: 791, Loss: 0.3794
Epoch: 796, Loss: 0.3785
Epoch: 801, Loss: 0.3810
Epoch: 806, Loss: 0.3912
Epoch: 811, Loss: 0.3796
Epoch: 816, Loss: 0.3830
Epoch: 821, Loss: 0.3827
Epoch: 826, Loss: 0.3875
Epoch: 831, Loss: 0.3841
Epoch: 836, Loss: 0.3828
Epoch: 841, Loss: 0.3802
Epoch: 846, Loss: 0.3779
Epoch: 851, Loss: 0.3767
Epoch: 856, Loss: 0.3753
Epoch: 861, Loss: 0.3766
Epoch: 866, Loss: 0.3920
Epoch: 871, Loss: 0.3805
Epoch: 876, Loss: 0.3757
Epoch: 881, Loss: 0.3753
Epoch: 886, Loss: 0.3742
Epoch: 891, Loss: 0.3716
Epoch: 896, Loss: 0.3759
Epoch: 901, Loss: 0.3727
Epoch: 906, Loss: 0.3708
Epoch: 911, Loss: 0.3821
Epoch: 916, Loss: 0.3723
Epoch: 921, Loss: 0.3718
Epoch: 926, Loss: 0.3714
Epoch: 931, Loss: 0.3700
Epoch: 936, Loss: 0.3682
Epoch: 941, Loss: 0.3680
Epoch: 946, Loss: 0.3670
Epoch: 951, Loss: 0.3660
Epoch: 956, Loss: 0.4313
Epoch: 961, Loss: 0.4798
Epoch: 966, Loss: 0.4067
Epoch: 971, Loss: 0.3977
Epoch: 976, Loss: 0.3937
Epoch: 981, Loss: 0.3885
Epoch: 986, Loss: 0.3833
Epoch: 991, Loss: 0.3795
Epoch: 996, Loss: 0.3764
Epoch: 1001, Loss: 0.3746
Elapsed time 0.0693 min
Epoch: 6, Loss: 0.3730
Epoch: 11, Loss: 0.3720
Epoch: 16, Loss: 0.3707
Epoch: 21, Loss: 0.3693
Epoch: 26, Loss: 0.3684
Epoch: 31, Loss: 0.3678
Epoch: 36, Loss: 0.3675
Epoch: 41, Loss: 0.3670
Epoch: 46, Loss: 0.3676
Epoch: 51, Loss: 0.3675
Epoch: 56, Loss: 0.3665
Epoch: 61, Loss: 0.3699
Epoch: 66, Loss: 0.3847
Epoch: 71, Loss: 0.3733
Epoch: 76, Loss: 0.3698
Epoch: 81, Loss: 0.5292
Epoch: 86, Loss: 0.6379
Epoch: 91, Loss: 0.4905
Epoch: 96, Loss: 0.4565
Epoch: 101, Loss: 0.4428
Epoch: 106, Loss: 0.4328
Epoch: 111, Loss: 0.4255
Epoch: 116, Loss: 0.4206
Epoch: 121, Loss: 0.4172
Epoch: 126, Loss: 0.4150
Epoch: 131, Loss: 0.4121
Epoch: 136, Loss: 0.4088
Epoch: 141, Loss: 0.4057
Epoch: 146, Loss: 0.4030
Epoch: 151, Loss: 0.4014
Epoch: 156, Loss: 0.3992
Epoch: 161, Loss: 0.3972
Epoch: 166, Loss: 0.3955
Epoch: 171, Loss: 0.3939
Epoch: 176, Loss: 0.3926
Epoch: 181, Loss: 0.3912
Epoch: 186, Loss: 0.3902
Epoch: 191, Loss: 0.3890
Epoch: 196, Loss: 0.3882
Epoch: 201, Loss: 0.3874
Epoch: 206, Loss: 0.4172
Epoch: 211, Loss: 0.3865
Epoch: 216, Loss: 0.3875
Epoch: 221, Loss: 0.3865
Epoch: 226, Loss: 0.3854
Epoch: 231, Loss: 0.3848
Epoch: 236, Loss: 0.3840
Epoch: 241, Loss: 0.3823
Epoch: 246, Loss: 0.3817
Epoch: 251, Loss: 0.3809
Epoch: 256, Loss: 0.3802
Epoch: 261, Loss: 0.3795
Epoch: 266, Loss: 0.3810
Epoch: 271, Loss: 0.4107
Epoch: 276, Loss: 0.3942
Epoch: 281, Loss: 0.3869
Epoch: 286, Loss: 0.3847
Epoch: 291, Loss: 0.3822
Epoch: 296, Loss: 0.3810
Epoch: 301, Loss: 0.3950
Epoch: 306, Loss: 0.3974
Epoch: 311, Loss: 0.3931
Epoch: 316, Loss: 0.3873
Epoch: 321, Loss: 0.3852
Epoch: 326, Loss: 0.3814
Epoch: 331, Loss: 0.3815
Epoch: 336, Loss: 0.3804
Epoch: 341, Loss: 0.3807
Epoch: 346, Loss: 0.3842
Epoch: 351, Loss: 0.3853
Epoch: 356, Loss: 0.3815
Epoch: 361, Loss: 0.3815
Epoch: 366, Loss: 0.3820
Epoch: 371, Loss: 0.3798
Epoch: 376, Loss: 0.3788
Epoch: 381, Loss: 0.3776
Epoch: 386, Loss: 0.3764
Epoch: 391, Loss: 0.3757
Epoch: 396, Loss: 0.3749
Epoch: 401, Loss: 0.3865
Epoch: 406, Loss: 0.3814
Epoch: 411, Loss: 0.3764
Epoch: 416, Loss: 0.3768
Epoch: 421, Loss: 0.3757
Epoch: 426, Loss: 0.3743
Epoch: 431, Loss: 0.3741
Epoch: 436, Loss: 0.3732
Epoch: 441, Loss: 0.3705
Epoch: 446, Loss: 0.3718
Epoch: 451, Loss: 0.3709
Epoch: 456, Loss: 0.3709
Epoch: 461, Loss: 0.3695
Epoch: 466, Loss: 0.3716
Epoch: 471, Loss: 0.3717
Epoch: 476, Loss: 0.3693
Epoch: 481, Loss: 0.3699
Epoch: 486, Loss: 0.3919
Epoch: 491, Loss: 0.3751
Epoch: 496, Loss: 0.3671
Epoch: 501, Loss: 0.3687
Epoch: 506, Loss: 0.3731
Epoch: 511, Loss: 0.3790
Epoch: 516, Loss: 0.3740
Epoch: 521, Loss: 0.3722
Epoch: 526, Loss: 0.3699
Epoch: 531, Loss: 0.3677
Epoch: 536, Loss: 0.3661
Epoch: 541, Loss: 0.3648
Epoch: 546, Loss: 0.3652
Epoch: 551, Loss: 0.3665
Epoch: 556, Loss: 0.3709
Epoch: 561, Loss: 0.3637
Epoch: 566, Loss: 0.3642
Epoch: 571, Loss: 0.3646
Epoch: 576, Loss: 0.3608
Epoch: 581, Loss: 0.3650
Epoch: 586, Loss: 0.3754
Epoch: 591, Loss: 0.3644
Epoch: 596, Loss: 0.3602
Epoch: 601, Loss: 0.3604
Epoch: 606, Loss: 0.3621
Epoch: 611, Loss: 0.3633
Epoch: 616, Loss: 0.3635
Epoch: 621, Loss: 0.3628
Epoch: 626, Loss: 0.3615
Epoch: 631, Loss: 0.3631
Epoch: 636, Loss: 0.3811
Epoch: 641, Loss: 0.3621
Epoch: 646, Loss: 0.3701
Epoch: 651, Loss: 0.3618
Epoch: 656, Loss: 0.3624
Epoch: 661, Loss: 0.3594
Epoch: 666, Loss: 0.3592
Epoch: 671, Loss: 0.3582
Epoch: 676, Loss: 0.3650
Epoch: 681, Loss: 0.3736
Epoch: 686, Loss: 0.3812
Epoch: 691, Loss: 0.3780
Epoch: 696, Loss: 0.3719
Epoch: 701, Loss: 0.3678
Epoch: 706, Loss: 0.3692
Epoch: 711, Loss: 0.3675
Epoch: 716, Loss: 0.3642
Epoch: 721, Loss: 0.3645
Epoch: 726, Loss: 0.3623
Epoch: 731, Loss: 0.3609
Epoch: 736, Loss: 0.3605
Epoch: 741, Loss: 0.3592
Epoch: 746, Loss: 0.3586
Epoch: 751, Loss: 0.3580
Epoch: 756, Loss: 0.3729
Epoch: 761, Loss: 0.3643
Epoch: 766, Loss: 0.3647
Epoch: 771, Loss: 0.3569
Epoch: 776, Loss: 0.3650
Epoch: 781, Loss: 0.3598
Epoch: 786, Loss: 0.3577
Epoch: 791, Loss: 0.3567
Epoch: 796, Loss: 0.3563
Epoch: 801, Loss: 0.3554
Epoch: 806, Loss: 0.3551
Epoch: 811, Loss: 0.3545
Epoch: 816, Loss: 0.3543
Epoch: 821, Loss: 0.3651
Epoch: 826, Loss: 0.3539
Epoch: 831, Loss: 0.3588
Epoch: 836, Loss: 0.3544
Epoch: 841, Loss: 0.3542
Epoch: 846, Loss: 0.3539
Epoch: 851, Loss: 0.3550
Epoch: 856, Loss: 0.3593
Epoch: 861, Loss: 1.3775
Epoch: 866, Loss: 0.5729
Epoch: 871, Loss: 0.5141
Epoch: 876, Loss: 0.4748
Epoch: 881, Loss: 0.4666
Epoch: 886, Loss: 0.4501
Epoch: 891, Loss: 0.4392
Epoch: 896, Loss: 0.4362
Epoch: 901, Loss: 0.4316
Epoch: 906, Loss: 0.4268
Epoch: 911, Loss: 0.4236
Epoch: 916, Loss: 0.4262
Epoch: 921, Loss: 0.4255
Epoch: 926, Loss: 0.4242
Epoch: 931, Loss: 0.4205
Epoch: 936, Loss: 0.4232
Epoch: 941, Loss: 0.4442
Epoch: 946, Loss: 0.4301
Epoch: 951, Loss: 0.4231
Epoch: 956, Loss: 0.4189
Epoch: 961, Loss: 0.4148
Epoch: 966, Loss: 0.4121
Epoch: 971, Loss: 0.4091
Epoch: 976, Loss: 0.4069
Epoch: 981, Loss: 0.4056
Epoch: 986, Loss: 0.4040
Epoch: 991, Loss: 0.4024
Epoch: 996, Loss: 0.4011
Epoch: 1001, Loss: 0.3999
Elapsed time 0.0693 min
Epoch: 6, Loss: 0.3988
Epoch: 11, Loss: 0.3977
Epoch: 16, Loss: 0.3968
Epoch: 21, Loss: 0.3976
Epoch: 26, Loss: 0.3972
Epoch: 31, Loss: 0.3959
Epoch: 36, Loss: 0.3940
Epoch: 41, Loss: 0.3925
Epoch: 46, Loss: 0.3922
Epoch: 51, Loss: 0.4048
Epoch: 56, Loss: 0.4009
Epoch: 61, Loss: 0.3980
Epoch: 66, Loss: 0.4055
Epoch: 71, Loss: 0.3971
Epoch: 76, Loss: 0.3935
Epoch: 81, Loss: 0.3938
Epoch: 86, Loss: 0.3919
Epoch: 91, Loss: 0.3904
Epoch: 96, Loss: 0.3897
Epoch: 101, Loss: 0.3871
Epoch: 106, Loss: 0.3863
Epoch: 111, Loss: 0.3849
Epoch: 116, Loss: 0.3878
Epoch: 121, Loss: 0.3903
Epoch: 126, Loss: 0.3865
Epoch: 131, Loss: 0.3845
Epoch: 136, Loss: 0.3822
Epoch: 141, Loss: 0.3818
Epoch: 146, Loss: 0.3915
Epoch: 151, Loss: 0.3860
Epoch: 156, Loss: 0.3837
Epoch: 161, Loss: 0.3812
Epoch: 166, Loss: 0.3798
Epoch: 171, Loss: 0.3786
Epoch: 176, Loss: 0.3778
Epoch: 181, Loss: 0.3768
Epoch: 186, Loss: 0.3762
Epoch: 191, Loss: 0.3763
Epoch: 196, Loss: 0.4277
Epoch: 201, Loss: 0.3792
Epoch: 206, Loss: 0.3884
Epoch: 211, Loss: 0.3781
Epoch: 216, Loss: 0.3783
Epoch: 221, Loss: 0.3795
Epoch: 226, Loss: 0.3785
Epoch: 231, Loss: 0.3768
Epoch: 236, Loss: 0.3750
Epoch: 241, Loss: 0.3740
Epoch: 246, Loss: 0.3738
Epoch: 251, Loss: 0.3729
Epoch: 256, Loss: 0.3722
Epoch: 261, Loss: 0.3715
Epoch: 266, Loss: 0.3710
Epoch: 271, Loss: 0.3706
Epoch: 276, Loss: 0.3702
Epoch: 281, Loss: 0.3710
Epoch: 286, Loss: 0.3703
Epoch: 291, Loss: 0.3695
Epoch: 296, Loss: 0.3689
Epoch: 301, Loss: 0.3685
Epoch: 306, Loss: 0.3686
Epoch: 311, Loss: 0.3692
Epoch: 316, Loss: 0.3686
Epoch: 321, Loss: 0.3782
Epoch: 326, Loss: 0.3761
Epoch: 331, Loss: 0.3815
Epoch: 336, Loss: 0.3751
Epoch: 341, Loss: 0.3729
Epoch: 346, Loss: 0.3720
Epoch: 351, Loss: 0.3701
Epoch: 356, Loss: 0.3714
Epoch: 361, Loss: 0.3688
Epoch: 366, Loss: 0.3682
Epoch: 371, Loss: 0.3688
Epoch: 376, Loss: 0.3693
Epoch: 381, Loss: 0.3692
Epoch: 386, Loss: 0.3715
Epoch: 391, Loss: 0.3707
Epoch: 396, Loss: 0.3696
Epoch: 401, Loss: 0.3691
Epoch: 406, Loss: 0.3684
Epoch: 411, Loss: 0.3683
Epoch: 416, Loss: 0.3720
Epoch: 421, Loss: 0.3706
Epoch: 426, Loss: 0.3664
Epoch: 431, Loss: 0.3672
Epoch: 436, Loss: 0.3654
Epoch: 441, Loss: 0.3664
Epoch: 446, Loss: 0.3651
Epoch: 451, Loss: 0.3638
Epoch: 456, Loss: 0.3626
Epoch: 461, Loss: 0.3622
Epoch: 466, Loss: 0.3660
Epoch: 471, Loss: 0.3869
Epoch: 476, Loss: 0.3646
Epoch: 481, Loss: 0.3713
Epoch: 486, Loss: 0.3638
Epoch: 491, Loss: 0.3628
Epoch: 496, Loss: 0.3703
Epoch: 501, Loss: 0.3623
Epoch: 506, Loss: 0.3672
Epoch: 511, Loss: 0.3629
Epoch: 516, Loss: 0.3626
Epoch: 521, Loss: 0.3616
Epoch: 526, Loss: 0.3608
Epoch: 531, Loss: 0.3596
Epoch: 536, Loss: 0.3597
Epoch: 541, Loss: 0.3592
Epoch: 546, Loss: 0.3583
Epoch: 551, Loss: 0.4348
Epoch: 556, Loss: 0.4069
Epoch: 561, Loss: 0.3990
Epoch: 566, Loss: 0.3858
Epoch: 571, Loss: 0.3778
Epoch: 576, Loss: 0.3718
Epoch: 581, Loss: 0.3675
Epoch: 586, Loss: 0.3663
Epoch: 591, Loss: 0.3655
Epoch: 596, Loss: 0.3671
Epoch: 601, Loss: 0.3651
Epoch: 606, Loss: 0.3633
Epoch: 611, Loss: 0.3625
Epoch: 616, Loss: 0.3753
Epoch: 621, Loss: 0.3729
Epoch: 626, Loss: 0.3693
Epoch: 631, Loss: 0.3694
Epoch: 636, Loss: 0.3667
Epoch: 641, Loss: 0.3657
Epoch: 646, Loss: 0.3641
Epoch: 651, Loss: 0.3641
Epoch: 656, Loss: 0.3657
Epoch: 661, Loss: 0.3642
Epoch: 666, Loss: 0.3647
Epoch: 671, Loss: 0.3890
Epoch: 676, Loss: 0.3886
Epoch: 681, Loss: 0.3828
Epoch: 686, Loss: 0.3820
Epoch: 691, Loss: 0.3785
Epoch: 696, Loss: 0.3780
Epoch: 701, Loss: 0.3744
Epoch: 706, Loss: 0.3725
Epoch: 711, Loss: 0.3727
Epoch: 716, Loss: 0.3723
Epoch: 721, Loss: 0.3705
Epoch: 726, Loss: 0.3691
Epoch: 731, Loss: 0.3681
Epoch: 736, Loss: 0.3684
Epoch: 741, Loss: 0.3667
Epoch: 746, Loss: 0.3979
Epoch: 751, Loss: 0.4349
Epoch: 756, Loss: 0.4121
Epoch: 761, Loss: 0.4029
Epoch: 766, Loss: 0.3891
Epoch: 771, Loss: 0.3809
Epoch: 776, Loss: 0.3761
Epoch: 781, Loss: 0.3761
Epoch: 786, Loss: 0.3732
Epoch: 791, Loss: 0.3703
Epoch: 796, Loss: 0.3681
Epoch: 801, Loss: 0.3668
Epoch: 806, Loss: 0.3641
Epoch: 811, Loss: 0.3638
Epoch: 816, Loss: 0.3623
Epoch: 821, Loss: 0.3663
Epoch: 826, Loss: 0.3647
Epoch: 831, Loss: 0.3613
Epoch: 836, Loss: 0.3627
Epoch: 841, Loss: 0.3630
Epoch: 846, Loss: 0.3603
Epoch: 851, Loss: 0.3594
Epoch: 856, Loss: 0.3687
Epoch: 861, Loss: 0.3592
Epoch: 866, Loss: 0.3578
Epoch: 871, Loss: 0.3572
Epoch: 876, Loss: 0.3560
Epoch: 881, Loss: 0.3557
Epoch: 886, Loss: 0.3725
Epoch: 891, Loss: 0.3565
Epoch: 896, Loss: 0.3664
Epoch: 901, Loss: 0.3641
Epoch: 906, Loss: 0.3575
Epoch: 911, Loss: 0.3629
Epoch: 916, Loss: 0.3619
Epoch: 921, Loss: 0.3605
Epoch: 926, Loss: 0.3590
Epoch: 931, Loss: 0.3587
Epoch: 936, Loss: 0.3734
Epoch: 941, Loss: 0.3622
Epoch: 946, Loss: 0.3590
Epoch: 951, Loss: 0.3579
Epoch: 956, Loss: 0.3607
Epoch: 961, Loss: 0.3602
Epoch: 966, Loss: 0.3584
Epoch: 971, Loss: 0.3572
Epoch: 976, Loss: 0.3563
Epoch: 981, Loss: 0.3560
Epoch: 986, Loss: 0.3555
Epoch: 991, Loss: 0.3571
Epoch: 996, Loss: 0.4093
Epoch: 1001, Loss: 0.3914
Elapsed time 0.0720 min
Epoch: 6, Loss: 0.3867
Epoch: 11, Loss: 0.3806
Epoch: 16, Loss: 0.3754
Epoch: 21, Loss: 0.3724
Epoch: 26, Loss: 0.3724
Epoch: 31, Loss: 0.3881
Epoch: 36, Loss: 0.3764
Epoch: 41, Loss: 0.3854
Epoch: 46, Loss: 0.3754
Epoch: 51, Loss: 0.3673
Epoch: 56, Loss: 0.3721
Epoch: 61, Loss: 0.3652
Epoch: 66, Loss: 0.3630
Epoch: 71, Loss: 0.3607
Epoch: 76, Loss: 0.3592
Epoch: 81, Loss: 0.3583
Epoch: 86, Loss: 0.3662
Epoch: 91, Loss: 0.3992
Epoch: 96, Loss: 0.3815
Epoch: 101, Loss: 0.3817
Epoch: 106, Loss: 0.3727
Epoch: 111, Loss: 0.3702
Epoch: 116, Loss: 0.3669
Epoch: 121, Loss: 0.3643
Epoch: 126, Loss: 0.3629
Epoch: 131, Loss: 0.3608
Epoch: 136, Loss: 0.3596
Epoch: 141, Loss: 0.3585
Epoch: 146, Loss: 0.3573
Epoch: 151, Loss: 0.3572
Epoch: 156, Loss: 0.3805
Epoch: 161, Loss: 0.3633
Epoch: 166, Loss: 0.3736
Epoch: 171, Loss: 0.3581
Epoch: 176, Loss: 0.3673
Epoch: 181, Loss: 0.3591
Epoch: 186, Loss: 0.3604
Epoch: 191, Loss: 0.3549
Epoch: 196, Loss: 0.3590
Epoch: 201, Loss: 0.3538
Epoch: 206, Loss: 0.3548
Epoch: 211, Loss: 0.3542
Epoch: 216, Loss: 0.3556
Epoch: 221, Loss: 0.3573
Epoch: 226, Loss: 0.3551
Epoch: 231, Loss: 0.3537
Epoch: 236, Loss: 0.3568
Epoch: 241, Loss: 0.3510
Epoch: 246, Loss: 0.3546
Epoch: 251, Loss: 0.3494
Epoch: 256, Loss: 0.3532
Epoch: 261, Loss: 0.3541
Epoch: 266, Loss: 0.3481
Epoch: 271, Loss: 0.3537
Epoch: 276, Loss: 0.3551
Epoch: 281, Loss: 0.3514
Epoch: 286, Loss: 0.3475
Epoch: 291, Loss: 0.3502
Epoch: 296, Loss: 0.3481
Epoch: 301, Loss: 0.3462
Epoch: 306, Loss: 0.3462
Epoch: 311, Loss: 0.3516
Epoch: 316, Loss: 0.3849
Epoch: 321, Loss: 0.3701
Epoch: 326, Loss: 0.3542
Epoch: 331, Loss: 0.3514
Epoch: 336, Loss: 0.3542
Epoch: 341, Loss: 0.3544
Epoch: 346, Loss: 0.3524
Epoch: 351, Loss: 0.3505
Epoch: 356, Loss: 0.3495
Epoch: 361, Loss: 0.3488
Epoch: 366, Loss: 0.3477
Epoch: 371, Loss: 0.3471
Epoch: 376, Loss: 0.3466
Epoch: 381, Loss: 0.3460
Epoch: 386, Loss: 0.3456
Epoch: 391, Loss: 0.3451
Epoch: 396, Loss: 0.3447
Epoch: 401, Loss: 0.3443
Epoch: 406, Loss: 0.3445
Epoch: 411, Loss: 0.3906
Epoch: 416, Loss: 0.3749
Epoch: 421, Loss: 0.3510
Epoch: 426, Loss: 0.3500
Epoch: 431, Loss: 0.3514
Epoch: 436, Loss: 0.3477
Epoch: 441, Loss: 0.3462
Epoch: 446, Loss: 0.3443
Epoch: 451, Loss: 0.3435
Epoch: 456, Loss: 0.3429
Epoch: 461, Loss: 0.3424
Epoch: 466, Loss: 0.3419
Epoch: 471, Loss: 0.3415
Epoch: 476, Loss: 0.3414
Epoch: 481, Loss: 0.3454
Epoch: 486, Loss: 0.3540
Epoch: 491, Loss: 0.3456
Epoch: 496, Loss: 0.3417
Epoch: 501, Loss: 0.3405
Epoch: 506, Loss: 0.3407
Epoch: 511, Loss: 0.3414
Epoch: 516, Loss: 0.3399
Epoch: 521, Loss: 0.3416
Epoch: 526, Loss: 0.3493
Epoch: 531, Loss: 0.3417
Epoch: 536, Loss: 0.3443
Epoch: 541, Loss: 0.3407
Epoch: 546, Loss: 0.3402
Epoch: 551, Loss: 0.3399
Epoch: 556, Loss: 0.3459
Epoch: 561, Loss: 0.3431
Epoch: 566, Loss: 0.3427
Epoch: 571, Loss: 0.3445
Epoch: 576, Loss: 0.3390
Epoch: 581, Loss: 0.3434
Epoch: 586, Loss: 0.3444
Epoch: 591, Loss: 0.3414
Epoch: 596, Loss: 0.3400
Epoch: 601, Loss: 0.3390
Epoch: 606, Loss: 0.3385
Epoch: 611, Loss: 0.3424
Epoch: 616, Loss: 0.3474
Epoch: 621, Loss: 0.3384
Epoch: 626, Loss: 0.3396
Epoch: 631, Loss: 0.3401
Epoch: 636, Loss: 0.3391
Epoch: 641, Loss: 0.3384
Epoch: 646, Loss: 0.3394
Epoch: 651, Loss: 0.3382
Epoch: 656, Loss: 0.3402
Epoch: 661, Loss: 0.3478
Epoch: 666, Loss: 0.3452
Epoch: 671, Loss: 0.3408
Epoch: 676, Loss: 0.3507
Epoch: 681, Loss: 0.3442
Epoch: 686, Loss: 0.3396
Epoch: 691, Loss: 0.3386
Epoch: 696, Loss: 0.3379
Epoch: 701, Loss: 0.3371
Epoch: 706, Loss: 0.3371
Epoch: 711, Loss: 0.3595
Epoch: 716, Loss: 0.3447
Epoch: 721, Loss: 0.3576
Epoch: 726, Loss: 0.3444
Epoch: 731, Loss: 0.3379
Epoch: 736, Loss: 0.3381
Epoch: 741, Loss: 0.3380
Epoch: 746, Loss: 0.3359
Epoch: 751, Loss: 0.3360
Epoch: 756, Loss: 0.3348
Epoch: 761, Loss: 0.3346
Epoch: 766, Loss: 0.3342
Epoch: 771, Loss: 0.3337
Epoch: 776, Loss: 0.3335
Epoch: 781, Loss: 0.3331
Epoch: 786, Loss: 0.3331
Epoch: 791, Loss: 0.3372
Epoch: 796, Loss: 0.3560
Epoch: 801, Loss: 0.3460
Epoch: 806, Loss: 0.3374
Epoch: 811, Loss: 0.3343
Epoch: 816, Loss: 0.3341
Epoch: 821, Loss: 0.3343
Epoch: 826, Loss: 0.3340
Epoch: 831, Loss: 0.3332
Epoch: 836, Loss: 0.3327
Epoch: 841, Loss: 0.3318
Epoch: 846, Loss: 0.3315
Epoch: 851, Loss: 0.3317
Epoch: 856, Loss: 0.3437
Epoch: 861, Loss: 0.3420
Epoch: 866, Loss: 0.3553
Epoch: 871, Loss: 0.3460
Epoch: 876, Loss: 0.3403
Epoch: 881, Loss: 0.3373
Epoch: 886, Loss: 0.3352
Epoch: 891, Loss: 0.3333
Epoch: 896, Loss: 0.3330
Epoch: 901, Loss: 0.3314
Epoch: 906, Loss: 0.3313
Epoch: 911, Loss: 0.3307
Epoch: 916, Loss: 0.3303
Epoch: 921, Loss: 0.3301
Epoch: 926, Loss: 0.3299
Epoch: 931, Loss: 0.3304
Epoch: 936, Loss: 0.3571
Epoch: 941, Loss: 0.3420
Epoch: 946, Loss: 0.3426
Epoch: 951, Loss: 0.3495
Epoch: 956, Loss: 0.3512
Epoch: 961, Loss: 0.3455
Epoch: 966, Loss: 0.3422
Epoch: 971, Loss: 0.3406
Epoch: 976, Loss: 0.3391
Epoch: 981, Loss: 0.3374
Epoch: 986, Loss: 0.3364
Epoch: 991, Loss: 0.3355
Epoch: 996, Loss: 0.3346
Epoch: 1001, Loss: 0.3343
Elapsed time 0.0705 min
Epoch: 6, Loss: 0.4685
Epoch: 11, Loss: 0.4825
Epoch: 16, Loss: 0.4229
Epoch: 21, Loss: 0.4019
Epoch: 26, Loss: 0.3943
Epoch: 31, Loss: 0.3883
Epoch: 36, Loss: 0.3796
Epoch: 41, Loss: 0.3795
Epoch: 46, Loss: 0.3757
Epoch: 51, Loss: 0.3753
Epoch: 56, Loss: 0.3721
Epoch: 61, Loss: 0.3696
Epoch: 66, Loss: 0.3672
Epoch: 71, Loss: 0.3647
Epoch: 76, Loss: 0.3625
Epoch: 81, Loss: 0.3599
Epoch: 86, Loss: 0.3587
Epoch: 91, Loss: 0.3568
Epoch: 96, Loss: 0.3572
Epoch: 101, Loss: 0.3550
Epoch: 106, Loss: 0.3538
Epoch: 111, Loss: 0.3523
Epoch: 116, Loss: 0.3506
Epoch: 121, Loss: 0.3498
Epoch: 126, Loss: 0.3487
Epoch: 131, Loss: 0.3476
Epoch: 136, Loss: 0.3467
Epoch: 141, Loss: 0.3454
Epoch: 146, Loss: 0.3450
Epoch: 151, Loss: 0.3443
Epoch: 156, Loss: 0.3509
Epoch: 161, Loss: 0.3499
Epoch: 166, Loss: 0.3447
Epoch: 171, Loss: 0.3428
Epoch: 176, Loss: 0.3414
Epoch: 181, Loss: 0.3412
Epoch: 186, Loss: 0.3402
Epoch: 191, Loss: 0.3511
Epoch: 196, Loss: 0.3509
Epoch: 201, Loss: 0.3534
Epoch: 206, Loss: 0.3517
Epoch: 211, Loss: 0.3454
Epoch: 216, Loss: 0.3438
Epoch: 221, Loss: 0.3419
Epoch: 226, Loss: 0.3396
Epoch: 231, Loss: 0.3383
Epoch: 236, Loss: 0.3376
Epoch: 241, Loss: 0.3368
Epoch: 246, Loss: 0.3357
Epoch: 251, Loss: 0.3368
Epoch: 256, Loss: 0.3452
Epoch: 261, Loss: 0.3374
Epoch: 266, Loss: 0.3528
Epoch: 271, Loss: 0.3539
Epoch: 276, Loss: 0.3519
Epoch: 281, Loss: 0.3481
Epoch: 286, Loss: 0.3445
Epoch: 291, Loss: 0.3643
Epoch: 296, Loss: 0.3630
Epoch: 301, Loss: 0.3619
Epoch: 306, Loss: 0.3577
Epoch: 311, Loss: 0.3552
Epoch: 316, Loss: 0.3573
Epoch: 321, Loss: 0.3527
Epoch: 326, Loss: 0.3488
Epoch: 331, Loss: 0.3489
Epoch: 336, Loss: 0.3440
Epoch: 341, Loss: 0.3448
Epoch: 346, Loss: 0.3422
Epoch: 351, Loss: 0.3404
Epoch: 356, Loss: 0.3391
Epoch: 361, Loss: 0.3380
Epoch: 366, Loss: 0.3368
Epoch: 371, Loss: 0.4080
Epoch: 376, Loss: 0.3946
Epoch: 381, Loss: 0.4540
Epoch: 386, Loss: 0.4273
Epoch: 391, Loss: 0.4124
Epoch: 396, Loss: 0.3990
Epoch: 401, Loss: 0.3897
Epoch: 406, Loss: 0.3834
Epoch: 411, Loss: 0.3803
Epoch: 416, Loss: 0.3813
Epoch: 421, Loss: 0.3756
Epoch: 426, Loss: 0.3718
Epoch: 431, Loss: 0.3681
Epoch: 436, Loss: 0.3663
Epoch: 441, Loss: 0.3641
Epoch: 446, Loss: 0.3618
Epoch: 451, Loss: 0.3597
Epoch: 456, Loss: 0.3575
Epoch: 461, Loss: 0.3556
Epoch: 466, Loss: 0.3540
Epoch: 471, Loss: 0.3522
Epoch: 476, Loss: 0.3505
Epoch: 481, Loss: 0.3490
Epoch: 486, Loss: 0.3479
Epoch: 491, Loss: 0.3477
Epoch: 496, Loss: 0.3483
Epoch: 501, Loss: 0.3473
Epoch: 506, Loss: 0.3474
Epoch: 511, Loss: 0.3456
Epoch: 516, Loss: 0.3448
Epoch: 521, Loss: 0.3443
Epoch: 526, Loss: 0.3523
Epoch: 531, Loss: 0.3537
Epoch: 536, Loss: 0.3506
Epoch: 541, Loss: 0.3510
Epoch: 546, Loss: 0.3491
Epoch: 551, Loss: 0.3628
Epoch: 556, Loss: 0.3663
Epoch: 561, Loss: 0.3626
Epoch: 566, Loss: 0.4175
Epoch: 571, Loss: 0.4392
Epoch: 576, Loss: 0.4154
Epoch: 581, Loss: 0.4023
Epoch: 586, Loss: 0.3929
Epoch: 591, Loss: 0.3852
Epoch: 596, Loss: 0.3804
Epoch: 601, Loss: 0.3768
Epoch: 606, Loss: 0.3727
Epoch: 611, Loss: 0.3699
Epoch: 616, Loss: 0.3675
Epoch: 621, Loss: 0.3657
Epoch: 626, Loss: 0.3641
Epoch: 631, Loss: 0.3629
Epoch: 636, Loss: 0.3620
Epoch: 641, Loss: 0.3611
Epoch: 646, Loss: 0.3592
Epoch: 651, Loss: 0.3579
Epoch: 656, Loss: 0.3566
Epoch: 661, Loss: 0.3555
Epoch: 666, Loss: 0.3545
Epoch: 671, Loss: 0.3536
Epoch: 676, Loss: 0.3528
Epoch: 681, Loss: 0.3521
Epoch: 686, Loss: 0.3957
Epoch: 691, Loss: 0.3601
Epoch: 696, Loss: 0.3874
Epoch: 701, Loss: 0.3739
Epoch: 706, Loss: 0.3688
Epoch: 711, Loss: 0.3685
Epoch: 716, Loss: 0.3642
Epoch: 721, Loss: 0.3806
Epoch: 726, Loss: 0.4007
Epoch: 731, Loss: 0.3764
Epoch: 736, Loss: 0.3706
Epoch: 741, Loss: 0.3669
Epoch: 746, Loss: 0.3646
Epoch: 751, Loss: 0.3631
Epoch: 756, Loss: 0.3613
Epoch: 761, Loss: 0.3596
Epoch: 766, Loss: 0.3583
Epoch: 771, Loss: 0.3579
Epoch: 776, Loss: 0.3591
Epoch: 781, Loss: 0.3602
Epoch: 786, Loss: 0.3625
Epoch: 791, Loss: 0.3610
Epoch: 796, Loss: 0.3574
Epoch: 801, Loss: 0.3557
Epoch: 806, Loss: 0.3538
Epoch: 811, Loss: 0.3524
Epoch: 816, Loss: 0.3508
Epoch: 821, Loss: 0.3515
Epoch: 826, Loss: 0.3537
Epoch: 831, Loss: 0.3483
Epoch: 836, Loss: 0.3481
Epoch: 841, Loss: 0.3473
Epoch: 846, Loss: 0.3454
Epoch: 851, Loss: 0.3825
Epoch: 856, Loss: 0.3950
Epoch: 861, Loss: 0.3901
Epoch: 866, Loss: 0.3798
Epoch: 871, Loss: 0.3850
Epoch: 876, Loss: 0.3801
Epoch: 881, Loss: 0.3713
Epoch: 886, Loss: 0.3675
Epoch: 891, Loss: 0.3690
Epoch: 896, Loss: 0.3650
Epoch: 901, Loss: 0.3597
Epoch: 906, Loss: 0.3576
Epoch: 911, Loss: 0.3562
Epoch: 916, Loss: 0.3547
Epoch: 921, Loss: 0.3564
Epoch: 926, Loss: 0.3553
Epoch: 931, Loss: 0.3527
Epoch: 936, Loss: 0.3513
Epoch: 941, Loss: 0.3555
Epoch: 946, Loss: 0.3763
Epoch: 951, Loss: 0.3731
Epoch: 956, Loss: 0.3657
Epoch: 961, Loss: 0.3622
Epoch: 966, Loss: 0.3619
Epoch: 971, Loss: 0.3653
Epoch: 976, Loss: 0.3654
Epoch: 981, Loss: 0.3625
Epoch: 986, Loss: 0.3597
Epoch: 991, Loss: 0.3565
Epoch: 996, Loss: 0.3611
Epoch: 1001, Loss: 0.3651
Elapsed time 0.0692 min
Epoch: 6, Loss: 0.3621
Epoch: 11, Loss: 0.3583
Epoch: 16, Loss: 0.3598
Epoch: 21, Loss: 0.8606
Epoch: 26, Loss: 0.5087
Epoch: 31, Loss: 0.4733
Epoch: 36, Loss: 0.4599
Epoch: 41, Loss: 0.4404
Epoch: 46, Loss: 0.4249
Epoch: 51, Loss: 0.4140
Epoch: 56, Loss: 0.4095
Epoch: 61, Loss: 0.4032
Epoch: 66, Loss: 0.4032
Epoch: 71, Loss: 0.3931
Epoch: 76, Loss: 0.3886
Epoch: 81, Loss: 0.3858
Epoch: 86, Loss: 0.3833
Epoch: 91, Loss: 0.3809
Epoch: 96, Loss: 0.3846
Epoch: 101, Loss: 0.3859
Epoch: 106, Loss: 0.3802
Epoch: 111, Loss: 0.3785
Epoch: 116, Loss: 0.3788
Epoch: 121, Loss: 0.3751
Epoch: 126, Loss: 0.3712
Epoch: 131, Loss: 0.3696
Epoch: 136, Loss: 0.3683
Epoch: 141, Loss: 0.3665
Epoch: 146, Loss: 0.3644
Epoch: 151, Loss: 0.3628
Epoch: 156, Loss: 0.3612
Epoch: 161, Loss: 0.3606
Epoch: 166, Loss: 0.3591
Epoch: 171, Loss: 0.3577
Epoch: 176, Loss: 0.3566
Epoch: 181, Loss: 0.3555
Epoch: 186, Loss: 0.3546
Epoch: 191, Loss: 0.3554
Epoch: 196, Loss: 0.3559
Epoch: 201, Loss: 0.3546
Epoch: 206, Loss: 0.3532
Epoch: 211, Loss: 0.3520
Epoch: 216, Loss: 0.3508
Epoch: 221, Loss: 0.3541
Epoch: 226, Loss: 0.3552
Epoch: 231, Loss: 0.3536
Epoch: 236, Loss: 0.3501
Epoch: 241, Loss: 0.3497
Epoch: 246, Loss: 0.3489
Epoch: 251, Loss: 0.3480
Epoch: 256, Loss: 0.3564
Epoch: 261, Loss: 0.3598
Epoch: 266, Loss: 0.3554
Epoch: 271, Loss: 0.3548
Epoch: 276, Loss: 0.3495
Epoch: 281, Loss: 0.3455
Epoch: 286, Loss: 0.3458
Epoch: 291, Loss: 0.3435
Epoch: 296, Loss: 0.3431
Epoch: 301, Loss: 0.3422
Epoch: 306, Loss: 0.3414
Epoch: 311, Loss: 0.3408
Epoch: 316, Loss: 0.3400
Epoch: 321, Loss: 0.3397
Epoch: 326, Loss: 0.3427
Epoch: 331, Loss: 0.3471
Epoch: 336, Loss: 0.3470
Epoch: 341, Loss: 0.3428
Epoch: 346, Loss: 0.3406
Epoch: 351, Loss: 0.3395
Epoch: 356, Loss: 0.3382
Epoch: 361, Loss: 0.3364
Epoch: 366, Loss: 0.3369
Epoch: 371, Loss: 0.3361
Epoch: 376, Loss: 0.3370
Epoch: 381, Loss: 0.3446
Epoch: 386, Loss: 0.3363
Epoch: 391, Loss: 0.3365
Epoch: 396, Loss: 0.3380
Epoch: 401, Loss: 0.3345
Epoch: 406, Loss: 0.3346
Epoch: 411, Loss: 0.3333
Epoch: 416, Loss: 0.3356
Epoch: 421, Loss: 0.3361
Epoch: 426, Loss: 0.3329
Epoch: 431, Loss: 0.3402
Epoch: 436, Loss: 0.3325
Epoch: 441, Loss: 0.3358
Epoch: 446, Loss: 0.3350
Epoch: 451, Loss: 0.3317
Epoch: 456, Loss: 0.3342
Epoch: 461, Loss: 0.3311
Epoch: 466, Loss: 0.3338
Epoch: 471, Loss: 0.3322
Epoch: 476, Loss: 0.3324
Epoch: 481, Loss: 0.3348
Epoch: 486, Loss: 0.3313
Epoch: 491, Loss: 0.3341
Epoch: 496, Loss: 0.3311
Epoch: 501, Loss: 0.3322
Epoch: 506, Loss: 0.3308
Epoch: 511, Loss: 0.3319
Epoch: 516, Loss: 0.3313
Epoch: 521, Loss: 0.3289
Epoch: 526, Loss: 0.3312
Epoch: 531, Loss: 0.3379
Epoch: 536, Loss: 0.3294
Epoch: 541, Loss: 0.3299
Epoch: 546, Loss: 0.3308
Epoch: 551, Loss: 0.3304
Epoch: 556, Loss: 0.3284
Epoch: 561, Loss: 0.3281
Epoch: 566, Loss: 0.3284
Epoch: 571, Loss: 0.3300
Epoch: 576, Loss: 0.3272
Epoch: 581, Loss: 0.3292
Epoch: 586, Loss: 0.3393
Epoch: 591, Loss: 0.3314
Epoch: 596, Loss: 0.3282
Epoch: 601, Loss: 0.3312
Epoch: 606, Loss: 0.3684
Epoch: 611, Loss: 0.3561
Epoch: 616, Loss: 0.3481
Epoch: 621, Loss: 0.3410
Epoch: 626, Loss: 0.3464
Epoch: 631, Loss: 0.3423
Epoch: 636, Loss: 0.3514
Epoch: 641, Loss: 0.3583
Epoch: 646, Loss: 0.3492
Epoch: 651, Loss: 0.3408
Epoch: 656, Loss: 0.3425
Epoch: 661, Loss: 0.3404
Epoch: 666, Loss: 0.3378
Epoch: 671, Loss: 0.3356
Epoch: 676, Loss: 0.3485
Epoch: 681, Loss: 0.3591
Epoch: 686, Loss: 0.3529
Epoch: 691, Loss: 0.3513
Epoch: 696, Loss: 0.3456
Epoch: 701, Loss: 0.3416
Epoch: 706, Loss: 0.3438
Epoch: 711, Loss: 0.3404
Epoch: 716, Loss: 0.3372
Epoch: 721, Loss: 0.3355
Epoch: 726, Loss: 0.3338
Epoch: 731, Loss: 0.3326
Epoch: 736, Loss: 0.3315
Epoch: 741, Loss: 0.3308
Epoch: 746, Loss: 0.3296
Epoch: 751, Loss: 0.3289
Epoch: 756, Loss: 0.3283
Epoch: 761, Loss: 0.3277
Epoch: 766, Loss: 0.3273
Epoch: 771, Loss: 0.3303
Epoch: 776, Loss: 0.3384
Epoch: 781, Loss: 0.3362
Epoch: 786, Loss: 0.3318
Epoch: 791, Loss: 0.3291
Epoch: 796, Loss: 0.3267
Epoch: 801, Loss: 0.3256
Epoch: 806, Loss: 0.3274
Epoch: 811, Loss: 0.3251
Epoch: 816, Loss: 0.3271
Epoch: 821, Loss: 0.3301
Epoch: 826, Loss: 0.3254
Epoch: 831, Loss: 0.3257
Epoch: 836, Loss: 0.3325
Epoch: 841, Loss: 0.3241
Epoch: 846, Loss: 0.3293
Epoch: 851, Loss: 0.3240
Epoch: 856, Loss: 0.3276
Epoch: 861, Loss: 0.3235
Epoch: 866, Loss: 0.3259
Epoch: 871, Loss: 0.3305
Epoch: 876, Loss: 0.3239
Epoch: 881, Loss: 0.3277
Epoch: 886, Loss: 0.3233
Epoch: 891, Loss: 0.3279
Epoch: 896, Loss: 0.3230
Epoch: 901, Loss: 0.3250
Epoch: 906, Loss: 0.3293
Epoch: 911, Loss: 0.3230
Epoch: 916, Loss: 0.3270
Epoch: 921, Loss: 0.3223
Epoch: 926, Loss: 0.3267
Epoch: 931, Loss: 0.3228
Epoch: 936, Loss: 0.3232
Epoch: 941, Loss: 0.3284
Epoch: 946, Loss: 0.3222
Epoch: 951, Loss: 0.3243
Epoch: 956, Loss: 0.3256
Epoch: 961, Loss: 0.3231
Epoch: 966, Loss: 0.3236
Epoch: 971, Loss: 0.3289
Epoch: 976, Loss: 0.3246
Epoch: 981, Loss: 0.3294
Epoch: 986, Loss: 0.3238
Epoch: 991, Loss: 0.3229
Epoch: 996, Loss: 0.3227
Epoch: 1001, Loss: 0.3213
Elapsed time 0.0695 min
Epoch: 6, Loss: 0.3208
Epoch: 11, Loss: 0.3206
Epoch: 16, Loss: 0.3211
Epoch: 21, Loss: 0.3248
Epoch: 26, Loss: 0.3262
Epoch: 31, Loss: 0.3241
Epoch: 36, Loss: 0.3203
Epoch: 41, Loss: 0.3230
Epoch: 46, Loss: 0.3211
Epoch: 51, Loss: 0.3206
Epoch: 56, Loss: 0.3226
Epoch: 61, Loss: 0.3237
Epoch: 66, Loss: 0.3203
Epoch: 71, Loss: 0.3195
Epoch: 76, Loss: 0.3213
Epoch: 81, Loss: 0.3372
Epoch: 86, Loss: 0.3267
Epoch: 91, Loss: 0.3246
Epoch: 96, Loss: 0.3204
Epoch: 101, Loss: 0.3198
Epoch: 106, Loss: 0.3206
Epoch: 111, Loss: 0.3202
Epoch: 116, Loss: 0.3194
Epoch: 121, Loss: 0.3192
Epoch: 126, Loss: 0.3195
Epoch: 131, Loss: 0.3239
Epoch: 136, Loss: 0.3231
Epoch: 141, Loss: 0.3240
Epoch: 146, Loss: 0.3188
Epoch: 151, Loss: 0.3207
Epoch: 156, Loss: 0.3215
Epoch: 161, Loss: 0.3186
Epoch: 166, Loss: 0.3208
Epoch: 171, Loss: 0.3184
Epoch: 176, Loss: 0.3211
Epoch: 181, Loss: 0.3194
Epoch: 186, Loss: 0.3206
Epoch: 191, Loss: 0.3178
Epoch: 196, Loss: 0.3208
Epoch: 201, Loss: 0.3266
Epoch: 206, Loss: 0.3190
Epoch: 211, Loss: 0.3227
Epoch: 216, Loss: 0.3231
Epoch: 221, Loss: 0.3218
Epoch: 226, Loss: 0.3187
Epoch: 231, Loss: 0.3200
Epoch: 236, Loss: 0.3191
Epoch: 241, Loss: 0.3190
Epoch: 246, Loss: 0.3178
Epoch: 251, Loss: 0.3188
Epoch: 256, Loss: 0.3235
Epoch: 261, Loss: 0.3183
Epoch: 266, Loss: 0.3177
Epoch: 271, Loss: 0.3211
Epoch: 276, Loss: 0.3195
Epoch: 281, Loss: 0.3170
Epoch: 286, Loss: 0.3209
Epoch: 291, Loss: 0.3206
Epoch: 296, Loss: 0.3172
Epoch: 301, Loss: 0.3194
Epoch: 306, Loss: 0.3216
Epoch: 311, Loss: 0.3188
Epoch: 316, Loss: 0.3189
Epoch: 321, Loss: 0.3197
Epoch: 326, Loss: 0.3219
Epoch: 331, Loss: 0.3183
Epoch: 336, Loss: 0.3169
Epoch: 341, Loss: 0.3166
Epoch: 346, Loss: 0.3237
Epoch: 351, Loss: 0.3166
Epoch: 356, Loss: 0.3200
Epoch: 361, Loss: 0.3180
Epoch: 366, Loss: 0.3166
Epoch: 371, Loss: 0.3167
Epoch: 376, Loss: 0.3156
Epoch: 381, Loss: 0.3161
Epoch: 386, Loss: 0.3166
Epoch: 391, Loss: 0.3208
Epoch: 396, Loss: 0.3211
Epoch: 401, Loss: 0.3248
Epoch: 406, Loss: 0.3194
Epoch: 411, Loss: 0.3176
Epoch: 416, Loss: 0.3166
Epoch: 421, Loss: 0.3169
Epoch: 426, Loss: 0.3153
Epoch: 431, Loss: 0.3155
Epoch: 436, Loss: 0.3155
Epoch: 441, Loss: 0.3149
Epoch: 446, Loss: 0.3158
Epoch: 451, Loss: 0.3283
Epoch: 456, Loss: 0.3196
Epoch: 461, Loss: 0.3196
Epoch: 466, Loss: 0.3185
Epoch: 471, Loss: 0.3211
Epoch: 476, Loss: 0.3175
Epoch: 481, Loss: 0.3159
Epoch: 486, Loss: 0.3163
Epoch: 491, Loss: 0.3159
Epoch: 496, Loss: 0.3153
Epoch: 501, Loss: 0.3156
Epoch: 506, Loss: 0.3157
Epoch: 511, Loss: 0.3178
Epoch: 516, Loss: 0.3186
Epoch: 521, Loss: 0.3144
Epoch: 526, Loss: 0.3155
Epoch: 531, Loss: 0.3245
Epoch: 536, Loss: 0.3246
Epoch: 541, Loss: 0.3252
Epoch: 546, Loss: 0.3214
Epoch: 551, Loss: 0.3190
Epoch: 556, Loss: 0.3187
Epoch: 561, Loss: 0.3182
Epoch: 566, Loss: 0.3175
Epoch: 571, Loss: 0.3162
Epoch: 576, Loss: 0.3196
Epoch: 581, Loss: 0.3204
Epoch: 586, Loss: 0.3652
Epoch: 591, Loss: 0.3445
Epoch: 596, Loss: 0.3792
Epoch: 601, Loss: 0.3608
Epoch: 606, Loss: 0.3781
Epoch: 611, Loss: 0.3605
Epoch: 616, Loss: 0.3519
Epoch: 621, Loss: 0.3456
Epoch: 626, Loss: 0.3394
Epoch: 631, Loss: 0.3363
Epoch: 636, Loss: 0.3389
Epoch: 641, Loss: 0.3362
Epoch: 646, Loss: 0.3314
Epoch: 651, Loss: 0.3307
Epoch: 656, Loss: 0.3281
Epoch: 661, Loss: 0.3266
Epoch: 666, Loss: 0.3258
Epoch: 671, Loss: 0.3249
Epoch: 676, Loss: 0.3243
Epoch: 681, Loss: 0.3237
Epoch: 686, Loss: 0.3233
Epoch: 691, Loss: 0.3229
Epoch: 696, Loss: 0.3225
Epoch: 701, Loss: 0.3222
Epoch: 706, Loss: 0.3219
Epoch: 711, Loss: 0.3216
Epoch: 716, Loss: 0.3213
Epoch: 721, Loss: 0.3210
Epoch: 726, Loss: 0.3208
Epoch: 731, Loss: 0.3210
Epoch: 736, Loss: 0.3391
Epoch: 741, Loss: 0.3309
Epoch: 746, Loss: 0.3303
Epoch: 751, Loss: 0.3276
Epoch: 756, Loss: 0.3220
Epoch: 761, Loss: 0.3211
Epoch: 766, Loss: 0.3211
Epoch: 771, Loss: 0.3207
Epoch: 776, Loss: 0.3200
Epoch: 781, Loss: 0.3194
Epoch: 786, Loss: 0.3197
Epoch: 791, Loss: 0.3223
Epoch: 796, Loss: 0.3335
Epoch: 801, Loss: 0.3319
Epoch: 806, Loss: 0.3351
Epoch: 811, Loss: 0.3311
Epoch: 816, Loss: 0.3305
Epoch: 821, Loss: 0.3320
Epoch: 826, Loss: 0.3364
Epoch: 831, Loss: 0.3440
Epoch: 836, Loss: 0.3488
Epoch: 841, Loss: 0.3444
Epoch: 846, Loss: 0.3344
Epoch: 851, Loss: 0.3280
Epoch: 856, Loss: 0.3263
Epoch: 861, Loss: 0.3243
Epoch: 866, Loss: 0.3221
Epoch: 871, Loss: 0.3216
Epoch: 876, Loss: 0.3225
Epoch: 881, Loss: 0.3680
Epoch: 886, Loss: 0.3905
Epoch: 891, Loss: 0.3886
Epoch: 896, Loss: 0.3659
Epoch: 901, Loss: 0.3618
Epoch: 906, Loss: 0.3516
Epoch: 911, Loss: 0.3542
Epoch: 916, Loss: 0.3484
Epoch: 921, Loss: 0.3438
Epoch: 926, Loss: 0.3391
Epoch: 931, Loss: 0.3370
Epoch: 936, Loss: 0.3350
Epoch: 941, Loss: 0.3347
Epoch: 946, Loss: 0.3326
Epoch: 951, Loss: 0.3308
Epoch: 956, Loss: 0.3295
Epoch: 961, Loss: 0.3282
Epoch: 966, Loss: 0.3274
Epoch: 971, Loss: 0.3265
Epoch: 976, Loss: 0.3253
Epoch: 981, Loss: 0.3245
Epoch: 986, Loss: 0.3236
Epoch: 991, Loss: 0.3229
Epoch: 996, Loss: 0.3222
Epoch: 1001, Loss: 0.3216
Elapsed time 0.0729 min
Epoch: 6, Loss: 0.3211
Epoch: 11, Loss: 0.3205
Epoch: 16, Loss: 0.3200
Epoch: 21, Loss: 0.3220
Epoch: 26, Loss: 0.3323
Epoch: 31, Loss: 0.3279
Epoch: 36, Loss: 0.3230
Epoch: 41, Loss: 0.3221
Epoch: 46, Loss: 0.3200
Epoch: 51, Loss: 0.3196
Epoch: 56, Loss: 0.3184
Epoch: 61, Loss: 0.3183
Epoch: 66, Loss: 0.3190
Epoch: 71, Loss: 0.3182
Epoch: 76, Loss: 0.3181
Epoch: 81, Loss: 0.3227
Epoch: 86, Loss: 0.3205
Epoch: 91, Loss: 0.3231
Epoch: 96, Loss: 0.3193
Epoch: 101, Loss: 0.3186
Epoch: 106, Loss: 0.3204
Epoch: 111, Loss: 0.3200
Epoch: 116, Loss: 0.3175
Epoch: 121, Loss: 0.3168
Epoch: 126, Loss: 0.3167
Epoch: 131, Loss: 0.3176
Epoch: 136, Loss: 0.3172
Epoch: 141, Loss: 0.3216
Epoch: 146, Loss: 0.3181
Epoch: 151, Loss: 0.3175
Epoch: 156, Loss: 0.3189
Epoch: 161, Loss: 0.3161
Epoch: 166, Loss: 0.3189
Epoch: 171, Loss: 0.3259
Epoch: 176, Loss: 0.3255
Epoch: 181, Loss: 0.3234
Epoch: 186, Loss: 0.3220
Epoch: 191, Loss: 0.3249
Epoch: 196, Loss: 0.3223
Epoch: 201, Loss: 0.3255
Epoch: 206, Loss: 0.3244
Epoch: 211, Loss: 0.3213
Epoch: 216, Loss: 0.3386
Epoch: 221, Loss: 0.3236
Epoch: 226, Loss: 0.3274
Epoch: 231, Loss: 0.3233
Epoch: 236, Loss: 0.3212
Epoch: 241, Loss: 0.3188
Epoch: 246, Loss: 0.3173
Epoch: 251, Loss: 0.3161
Epoch: 256, Loss: 0.3154
Epoch: 261, Loss: 0.3149
Epoch: 266, Loss: 0.3144
Epoch: 271, Loss: 0.3141
Epoch: 276, Loss: 0.3138
Epoch: 281, Loss: 0.3136
Epoch: 286, Loss: 0.3177
Epoch: 291, Loss: 0.3326
Epoch: 296, Loss: 0.3255
Epoch: 301, Loss: 0.3155
Epoch: 306, Loss: 0.3201
Epoch: 311, Loss: 0.3164
Epoch: 316, Loss: 0.3157
Epoch: 321, Loss: 0.3149
Epoch: 326, Loss: 0.3141
Epoch: 331, Loss: 0.3136
Epoch: 336, Loss: 0.3131
Epoch: 341, Loss: 0.3128
Epoch: 346, Loss: 0.3125
Epoch: 351, Loss: 0.3124
Epoch: 356, Loss: 0.3178
Epoch: 361, Loss: 0.3183
Epoch: 366, Loss: 0.3197
Epoch: 371, Loss: 0.3148
Epoch: 376, Loss: 0.3150
Epoch: 381, Loss: 0.3129
Epoch: 386, Loss: 0.3127
Epoch: 391, Loss: 0.3124
Epoch: 396, Loss: 0.3125
Epoch: 401, Loss: 0.3119
Epoch: 406, Loss: 0.3120
Epoch: 411, Loss: 0.3122
Epoch: 416, Loss: 0.3158
Epoch: 421, Loss: 0.3166
Epoch: 426, Loss: 0.3164
Epoch: 431, Loss: 0.3127
Epoch: 436, Loss: 0.3153
Epoch: 441, Loss: 0.3130
Epoch: 446, Loss: 0.3128
Epoch: 451, Loss: 0.3119
Epoch: 456, Loss: 0.3142
Epoch: 461, Loss: 0.3119
Epoch: 466, Loss: 0.3121
Epoch: 471, Loss: 0.3166
Epoch: 476, Loss: 0.3164
Epoch: 481, Loss: 0.3163
Epoch: 486, Loss: 0.3211
Epoch: 491, Loss: 0.3141
Epoch: 496, Loss: 0.3150
Epoch: 501, Loss: 0.3164
Epoch: 506, Loss: 0.3140
Epoch: 511, Loss: 0.3115
Epoch: 516, Loss: 0.3115
Epoch: 521, Loss: 0.3117
Epoch: 526, Loss: 0.3106
Epoch: 531, Loss: 0.3109
Epoch: 536, Loss: 0.3103
Epoch: 541, Loss: 0.3116
Epoch: 546, Loss: 0.3442
Epoch: 551, Loss: 0.3598
Epoch: 556, Loss: 0.3332
Epoch: 561, Loss: 0.3224
Epoch: 566, Loss: 0.3209
Epoch: 571, Loss: 0.3177
Epoch: 576, Loss: 0.3155
Epoch: 581, Loss: 0.3194
Epoch: 586, Loss: 0.3151
Epoch: 591, Loss: 0.3141
Epoch: 596, Loss: 0.3131
Epoch: 601, Loss: 0.3123
Epoch: 606, Loss: 0.3115
Epoch: 611, Loss: 0.3110
Epoch: 616, Loss: 0.3107
Epoch: 621, Loss: 0.3104
Epoch: 626, Loss: 0.3102
Epoch: 631, Loss: 0.3102
Epoch: 636, Loss: 0.3125
Epoch: 641, Loss: 0.3186
Epoch: 646, Loss: 0.3152
Epoch: 651, Loss: 0.3098
Epoch: 656, Loss: 0.3124
Epoch: 661, Loss: 0.3129
Epoch: 666, Loss: 0.3096
Epoch: 671, Loss: 0.3110
Epoch: 676, Loss: 0.3111
Epoch: 681, Loss: 0.3093
Epoch: 686, Loss: 0.3101
Epoch: 691, Loss: 0.3110
Epoch: 696, Loss: 0.3091
Epoch: 701, Loss: 0.3087
Epoch: 706, Loss: 0.3086
Epoch: 711, Loss: 0.3117
Epoch: 716, Loss: 0.3167
Epoch: 721, Loss: 0.3283
Epoch: 726, Loss: 0.3155
Epoch: 731, Loss: 0.3169
Epoch: 736, Loss: 0.3122
Epoch: 741, Loss: 0.3110
Epoch: 746, Loss: 0.3111
Epoch: 751, Loss: 0.3096
Epoch: 756, Loss: 0.3093
Epoch: 761, Loss: 0.3090
Epoch: 766, Loss: 0.3086
Epoch: 771, Loss: 0.3084
Epoch: 776, Loss: 0.3085
Epoch: 781, Loss: 0.3131
Epoch: 786, Loss: 0.3156
Epoch: 791, Loss: 0.3172
Epoch: 796, Loss: 0.3144
Epoch: 801, Loss: 0.3115
Epoch: 806, Loss: 0.3094
Epoch: 811, Loss: 0.3083
Epoch: 816, Loss: 0.3079
Epoch: 821, Loss: 0.3082
Epoch: 826, Loss: 0.3079
Epoch: 831, Loss: 0.3081
Epoch: 836, Loss: 0.3080
Epoch: 841, Loss: 0.3104
Epoch: 846, Loss: 0.3139
Epoch: 851, Loss: 0.3109
Epoch: 856, Loss: 0.3116
Epoch: 861, Loss: 0.3105
Epoch: 866, Loss: 0.3094
Epoch: 871, Loss: 0.3090
Epoch: 876, Loss: 0.3080
Epoch: 881, Loss: 0.3078
Epoch: 886, Loss: 0.3133
Epoch: 891, Loss: 0.3143
Epoch: 896, Loss: 0.3180
Epoch: 901, Loss: 0.3103
Epoch: 906, Loss: 0.3137
Epoch: 911, Loss: 0.3106
Epoch: 916, Loss: 0.3090
Epoch: 921, Loss: 0.3087
Epoch: 926, Loss: 0.3076
Epoch: 931, Loss: 0.3071
Epoch: 936, Loss: 0.3072
Epoch: 941, Loss: 0.3069
Epoch: 946, Loss: 0.3068
Epoch: 951, Loss: 0.3067
Epoch: 956, Loss: 0.3074
Epoch: 961, Loss: 0.3300
Epoch: 966, Loss: 0.3179
Epoch: 971, Loss: 0.3151
Epoch: 976, Loss: 0.3102
Epoch: 981, Loss: 0.3072
Epoch: 986, Loss: 0.3076
Epoch: 991, Loss: 0.3068
Epoch: 996, Loss: 0.3068
Epoch: 1001, Loss: 0.3067
Elapsed time 0.0714 min
Epoch: 6, Loss: 0.3064
Epoch: 11, Loss: 0.3063
Epoch: 16, Loss: 0.3064
Epoch: 21, Loss: 0.3080
Epoch: 26, Loss: 0.3106
Epoch: 31, Loss: 0.3087
Epoch: 36, Loss: 0.3081
Epoch: 41, Loss: 0.3075
Epoch: 46, Loss: 0.3077
Epoch: 51, Loss: 0.3085
Epoch: 56, Loss: 0.3082
Epoch: 61, Loss: 0.3081
Epoch: 66, Loss: 0.3077
Epoch: 71, Loss: 0.3091
Epoch: 76, Loss: 0.3082
Epoch: 81, Loss: 0.3069
Epoch: 86, Loss: 0.3087
Epoch: 91, Loss: 0.3107
Epoch: 96, Loss: 0.3075
Epoch: 101, Loss: 0.3070
Epoch: 106, Loss: 0.3077
Epoch: 111, Loss: 0.3094
Epoch: 116, Loss: 0.3069
Epoch: 121, Loss: 0.3082
Epoch: 126, Loss: 0.3079
Epoch: 131, Loss: 0.3062
Epoch: 136, Loss: 0.3077
Epoch: 141, Loss: 0.3102
Epoch: 146, Loss: 0.3058
Epoch: 151, Loss: 0.3085
Epoch: 156, Loss: 0.3058
Epoch: 161, Loss: 0.3074
Epoch: 166, Loss: 0.3102
Epoch: 171, Loss: 0.3078
Epoch: 176, Loss: 0.3078
Epoch: 181, Loss: 0.3092
Epoch: 186, Loss: 0.3081
Epoch: 191, Loss: 0.3076
Epoch: 196, Loss: 0.3064
Epoch: 201, Loss: 0.3060
Epoch: 206, Loss: 0.3062
Epoch: 211, Loss: 0.3095
Epoch: 216, Loss: 0.3115
Epoch: 221, Loss: 0.3072
Epoch: 226, Loss: 0.3086
Epoch: 231, Loss: 0.3065
Epoch: 236, Loss: 0.3066
Epoch: 241, Loss: 0.3054
Epoch: 246, Loss: 0.3058
Epoch: 251, Loss: 0.3064
Epoch: 256, Loss: 0.3113
Epoch: 261, Loss: 0.3067
Epoch: 266, Loss: 0.3093
Epoch: 271, Loss: 0.3070
Epoch: 276, Loss: 0.3081
Epoch: 281, Loss: 0.3064
Epoch: 286, Loss: 0.3057
Epoch: 291, Loss: 0.3069
Epoch: 296, Loss: 0.3082
Epoch: 301, Loss: 0.3098
Epoch: 306, Loss: 0.3169
Epoch: 311, Loss: 0.3159
Epoch: 316, Loss: 0.3353
Epoch: 321, Loss: 0.3175
Epoch: 326, Loss: 0.4309
Epoch: 331, Loss: 0.4375
Epoch: 336, Loss: 0.4327
Epoch: 341, Loss: 0.3976
Epoch: 346, Loss: 0.3775
Epoch: 351, Loss: 0.3749
Epoch: 356, Loss: 0.3650
Epoch: 361, Loss: 0.3542
Epoch: 366, Loss: 0.3474
Epoch: 371, Loss: 0.3418
Epoch: 376, Loss: 0.3378
Epoch: 381, Loss: 0.3366
Epoch: 386, Loss: 0.3362
Epoch: 391, Loss: 0.3378
Epoch: 396, Loss: 0.3341
Epoch: 401, Loss: 0.3305
Epoch: 406, Loss: 0.3275
Epoch: 411, Loss: 0.3262
Epoch: 416, Loss: 0.3240
Epoch: 421, Loss: 0.3228
Epoch: 426, Loss: 0.3220
Epoch: 431, Loss: 0.3210
Epoch: 436, Loss: 0.3201
Epoch: 441, Loss: 0.3196
Epoch: 446, Loss: 0.3189
Epoch: 451, Loss: 0.3182
Epoch: 456, Loss: 0.3176
Epoch: 461, Loss: 0.3170
Epoch: 466, Loss: 0.3166
Epoch: 471, Loss: 0.3162
Epoch: 476, Loss: 0.3157
Epoch: 481, Loss: 0.3152
Epoch: 486, Loss: 0.3148
Epoch: 491, Loss: 0.3144
Epoch: 496, Loss: 0.3140
Epoch: 501, Loss: 0.3136
Epoch: 506, Loss: 0.3133
Epoch: 511, Loss: 0.3131
Epoch: 516, Loss: 0.3233
Epoch: 521, Loss: 0.3204
Epoch: 526, Loss: 0.3191
Epoch: 531, Loss: 0.3171
Epoch: 536, Loss: 0.3138
Epoch: 541, Loss: 0.3130
Epoch: 546, Loss: 0.3125
Epoch: 551, Loss: 0.3118
Epoch: 556, Loss: 0.3114
Epoch: 561, Loss: 0.3113
Epoch: 566, Loss: 0.3108
Epoch: 571, Loss: 0.3109
Epoch: 576, Loss: 0.3170
Epoch: 581, Loss: 0.3118
Epoch: 586, Loss: 0.3166
Epoch: 591, Loss: 0.3150
Epoch: 596, Loss: 0.3113
Epoch: 601, Loss: 0.3107
Epoch: 606, Loss: 0.3130
Epoch: 611, Loss: 0.3172
Epoch: 616, Loss: 0.3138
Epoch: 621, Loss: 0.3146
Epoch: 626, Loss: 0.3152
Epoch: 631, Loss: 0.3159
Epoch: 636, Loss: 0.3159
Epoch: 641, Loss: 0.3131
Epoch: 646, Loss: 0.3114
Epoch: 651, Loss: 0.3111
Epoch: 656, Loss: 0.3109
Epoch: 661, Loss: 0.3099
Epoch: 666, Loss: 0.3790
Epoch: 671, Loss: 0.3687
Epoch: 676, Loss: 0.3591
Epoch: 681, Loss: 0.3461
Epoch: 686, Loss: 0.3391
Epoch: 691, Loss: 0.3391
Epoch: 696, Loss: 0.3334
Epoch: 701, Loss: 0.3328
Epoch: 706, Loss: 0.3305
Epoch: 711, Loss: 0.3299
Epoch: 716, Loss: 0.3257
Epoch: 721, Loss: 0.3225
Epoch: 726, Loss: 0.3205
Epoch: 731, Loss: 0.3189
Epoch: 736, Loss: 0.3176
Epoch: 741, Loss: 0.3167
Epoch: 746, Loss: 0.3158
Epoch: 751, Loss: 0.3150
Epoch: 756, Loss: 0.3144
Epoch: 761, Loss: 0.3138
Epoch: 766, Loss: 0.3132
Epoch: 771, Loss: 0.3127
Epoch: 776, Loss: 0.3123
Epoch: 781, Loss: 0.3119
Epoch: 786, Loss: 0.3121
Epoch: 791, Loss: 0.3277
Epoch: 796, Loss: 0.3212
Epoch: 801, Loss: 0.3182
Epoch: 806, Loss: 0.3168
Epoch: 811, Loss: 0.3146
Epoch: 816, Loss: 0.3189
Epoch: 821, Loss: 0.3152
Epoch: 826, Loss: 0.3143
Epoch: 831, Loss: 0.3128
Epoch: 836, Loss: 0.3135
Epoch: 841, Loss: 0.3117
Epoch: 846, Loss: 0.3109
Epoch: 851, Loss: 0.3108
Epoch: 856, Loss: 0.3114
Epoch: 861, Loss: 0.3206
Epoch: 866, Loss: 0.3107
Epoch: 871, Loss: 0.3102
Epoch: 876, Loss: 0.3119
Epoch: 881, Loss: 0.3118
Epoch: 886, Loss: 0.3095
Epoch: 891, Loss: 0.3086
Epoch: 896, Loss: 0.3092
Epoch: 901, Loss: 0.3114
Epoch: 906, Loss: 0.3124
Epoch: 911, Loss: 0.3084
Epoch: 916, Loss: 0.3076
Epoch: 921, Loss: 0.3083
Epoch: 926, Loss: 0.3255
Epoch: 931, Loss: 0.3143
Epoch: 936, Loss: 0.3133
Epoch: 941, Loss: 0.3148
Epoch: 946, Loss: 0.3106
Epoch: 951, Loss: 0.3089
Epoch: 956, Loss: 0.3080
Epoch: 961, Loss: 0.3076
Epoch: 966, Loss: 0.3072
Epoch: 971, Loss: 0.3069
Epoch: 976, Loss: 0.3069
Epoch: 981, Loss: 0.3084
Epoch: 986, Loss: 0.3093
Epoch: 991, Loss: 0.3080
Epoch: 996, Loss: 0.3090
Epoch: 1001, Loss: 0.3128
Elapsed time 0.0693 min
avg Test Accuracy: 0.8307  avg Test AUC: 0.8799  avg Test PRE: 0.7700
