====================================================================================================
data: HeteroData(
  drug={
    node_id=[3084],
    x=[3084, 12],
  },
  protein={
    node_id=[718],
    x=[718, 20],
  },
  (drug, interaction, protein)={ edge_index=[2, 5937] },
  (protein, rev_interaction, drug)={ edge_index=[2, 5937] }
)
====================================================================================================
****************************************************************************************************
train data: HeteroData(
  drug={
    node_id=[3084],
    x=[3084, 12],
  },
  protein={
    node_id=[718],
    x=[718, 20],
  },
  (drug, interaction, protein)={
    edge_index=[2, 3326],
    edge_label=[2493],
    edge_label_index=[2, 2493],
  },
  (protein, rev_interaction, drug)={ edge_index=[2, 3326] }
)
****************************************************************************************************
val data: HeteroData(
  drug={
    node_id=[3084],
    x=[3084, 12],
  },
  protein={
    node_id=[718],
    x=[718, 20],
  },
  (drug, interaction, protein)={
    edge_index=[2, 4157],
    edge_label=[1779],
    edge_label_index=[2, 1779],
  },
  (protein, rev_interaction, drug)={ edge_index=[2, 4157] }
)
****************************************************************************************************
test data: HeteroData(
  drug={
    node_id=[3084],
    x=[3084, 12],
  },
  protein={
    node_id=[718],
    x=[718, 20],
  },
  (drug, interaction, protein)={
    edge_index=[2, 4750],
    edge_label=[3561],
    edge_label_index=[2, 3561],
  },
  (protein, rev_interaction, drug)={ edge_index=[2, 4750] }
)
****************************************************************************************************
edge_x: torch.Size([2493, 32])
labels: torch.Size([2493])
edge_x: torch.Size([1779, 32])
labels: torch.Size([1779])
edge_x: torch.Size([3561, 32])
labels: torch.Size([3561])
model: HGT(
  (lin_dict): ModuleDict(
    (drug): Linear(-1, 64, bias=True)
    (protein): Linear(-1, 64, bias=True)
  )
  (convs): ModuleList(
    (0-1): 2 x HGTConv(-1, 64, heads=8)
  )
  (lin): Linear(128, 1, bias=True)
)
Epoch: 51, Loss: 0.5744
Epoch: 101, Loss: 0.5274
Epoch: 151, Loss: 0.5120
Epoch: 201, Loss: 0.5043
Epoch: 251, Loss: 0.5009
Epoch: 301, Loss: 0.4823
Epoch: 351, Loss: 0.4958
Epoch: 401, Loss: 0.4863
Epoch: 451, Loss: 0.4798
Epoch: 501, Loss: 0.4642
Epoch: 551, Loss: 0.4827
Epoch: 601, Loss: 0.4543
Epoch: 651, Loss: 0.4437
Epoch: 701, Loss: 0.4399
Epoch: 751, Loss: 0.5897
Epoch: 801, Loss: 0.5320
Epoch: 851, Loss: 0.5258
Epoch: 901, Loss: 0.5226
Epoch: 951, Loss: 0.5183
Epoch: 1001, Loss: 0.5159
Epoch: 6, Loss: 0.5155
Epoch: 11, Loss: 0.5154
Epoch: 16, Loss: 0.5189
Epoch: 21, Loss: 0.5185
Epoch: 26, Loss: 0.5166
Epoch: 31, Loss: 0.5167
Epoch: 36, Loss: 0.5169
Epoch: 41, Loss: 0.5174
Epoch: 46, Loss: 0.5164
Epoch: 51, Loss: 0.5163
Epoch: 56, Loss: 0.5155
Epoch: 61, Loss: 0.5151
Epoch: 66, Loss: 0.5943
Epoch: 71, Loss: 0.6806
Epoch: 76, Loss: 0.7834
Epoch: 81, Loss: 0.7845
Epoch: 86, Loss: 0.6403
Epoch: 91, Loss: 0.5988
Epoch: 96, Loss: 0.5723
Epoch: 101, Loss: 0.6132
Epoch: 106, Loss: 0.5882
Epoch: 111, Loss: 0.5811
Epoch: 116, Loss: 0.5468
Epoch: 121, Loss: 0.5569
Epoch: 126, Loss: 0.5357
Epoch: 131, Loss: 0.5363
Epoch: 136, Loss: 0.5332
Epoch: 141, Loss: 0.5340
Epoch: 146, Loss: 0.5316
Epoch: 151, Loss: 0.5297
Epoch: 156, Loss: 0.5297
Epoch: 161, Loss: 0.5292
Epoch: 166, Loss: 0.5287
Epoch: 171, Loss: 0.5281
Epoch: 176, Loss: 0.5277
Epoch: 181, Loss: 0.5272
Epoch: 186, Loss: 0.5268
Epoch: 191, Loss: 0.5264
Epoch: 196, Loss: 0.5260
Epoch: 201, Loss: 0.5257
Epoch: 206, Loss: 0.5255
Epoch: 211, Loss: 0.5253
Epoch: 216, Loss: 0.5252
Epoch: 221, Loss: 0.5302
Epoch: 226, Loss: 0.5274
Epoch: 231, Loss: 0.5333
Epoch: 236, Loss: 0.5262
Epoch: 241, Loss: 0.5251
Epoch: 246, Loss: 0.5252
Epoch: 251, Loss: 0.5251
Epoch: 256, Loss: 0.5250
Epoch: 261, Loss: 0.5248
Epoch: 266, Loss: 0.5246
Epoch: 271, Loss: 0.5245
Epoch: 276, Loss: 0.5244
Epoch: 281, Loss: 0.5243
Epoch: 286, Loss: 0.5242
Epoch: 291, Loss: 0.5241
Epoch: 296, Loss: 0.5240
Epoch: 301, Loss: 0.5239
Epoch: 306, Loss: 0.5239
Epoch: 311, Loss: 0.5238
Epoch: 316, Loss: 0.5237
Epoch: 321, Loss: 0.5236
Epoch: 326, Loss: 0.5236
Epoch: 331, Loss: 0.5235
Epoch: 336, Loss: 0.5234
Epoch: 341, Loss: 0.5233
Epoch: 346, Loss: 0.5233
Epoch: 351, Loss: 0.5232
Epoch: 356, Loss: 0.5232
Epoch: 361, Loss: 0.5231
Epoch: 366, Loss: 0.5231
Epoch: 371, Loss: 0.5231
Epoch: 376, Loss: 0.5230
Epoch: 381, Loss: 0.5230
Epoch: 386, Loss: 0.5230
Epoch: 391, Loss: 0.5229
Epoch: 396, Loss: 0.5229
Epoch: 401, Loss: 0.5233
Epoch: 406, Loss: 0.5322
Epoch: 411, Loss: 0.5267
Epoch: 416, Loss: 0.5251
Epoch: 421, Loss: 0.5236
Epoch: 426, Loss: 0.5234
Epoch: 431, Loss: 0.5233
Epoch: 436, Loss: 0.5228
Epoch: 441, Loss: 0.5230
Epoch: 446, Loss: 0.5227
Epoch: 451, Loss: 0.5227
Epoch: 456, Loss: 0.5226
Epoch: 461, Loss: 0.5225
Epoch: 466, Loss: 0.5225
Epoch: 471, Loss: 0.5224
Epoch: 476, Loss: 0.5222
Epoch: 481, Loss: 0.5269
Epoch: 486, Loss: 0.5230
Epoch: 491, Loss: 0.5236
Epoch: 496, Loss: 0.5232
Epoch: 501, Loss: 0.5225
Epoch: 506, Loss: 0.5228
Epoch: 511, Loss: 0.5223
Epoch: 516, Loss: 0.5224
Epoch: 521, Loss: 0.5236
Epoch: 526, Loss: 0.5240
Epoch: 531, Loss: 0.5224
Epoch: 536, Loss: 0.5227
Epoch: 541, Loss: 0.5226
Epoch: 546, Loss: 0.5223
Epoch: 551, Loss: 0.5222
Epoch: 556, Loss: 0.5223
Epoch: 561, Loss: 0.5222
Epoch: 566, Loss: 0.5222
Epoch: 571, Loss: 0.5221
Epoch: 576, Loss: 0.5221
Epoch: 581, Loss: 0.5221
Epoch: 586, Loss: 0.5220
Epoch: 591, Loss: 0.5220
Epoch: 596, Loss: 0.5220
Epoch: 601, Loss: 0.5220
Epoch: 606, Loss: 0.5219
Epoch: 611, Loss: 0.5220
Epoch: 616, Loss: 0.5224
Epoch: 621, Loss: 0.5287
Epoch: 626, Loss: 0.5222
Epoch: 631, Loss: 0.5238
Epoch: 636, Loss: 0.5228
Epoch: 641, Loss: 0.5221
Epoch: 646, Loss: 0.5224
Epoch: 651, Loss: 0.5219
Epoch: 656, Loss: 0.5219
Epoch: 661, Loss: 0.5219
Epoch: 666, Loss: 0.5218
Epoch: 671, Loss: 0.5218
Epoch: 676, Loss: 0.5218
Epoch: 681, Loss: 0.5217
Epoch: 686, Loss: 0.5217
Epoch: 691, Loss: 0.5217
Epoch: 696, Loss: 0.5216
Epoch: 701, Loss: 0.5216
Epoch: 706, Loss: 0.5216
Epoch: 711, Loss: 0.5216
Epoch: 716, Loss: 0.5218
Epoch: 721, Loss: 0.5273
Epoch: 726, Loss: 0.5222
Epoch: 731, Loss: 0.5255
Epoch: 736, Loss: 0.5219
Epoch: 741, Loss: 0.5223
Epoch: 746, Loss: 0.5223
Epoch: 751, Loss: 0.5215
Epoch: 756, Loss: 0.5217
Epoch: 761, Loss: 0.5213
Epoch: 766, Loss: 0.5214
Epoch: 771, Loss: 0.5212
Epoch: 776, Loss: 0.5212
Epoch: 781, Loss: 0.5211
Epoch: 786, Loss: 0.5211
Epoch: 791, Loss: 0.5210
Epoch: 796, Loss: 0.5210
Epoch: 801, Loss: 0.5209
Epoch: 806, Loss: 0.5209
Epoch: 811, Loss: 0.5209
Epoch: 816, Loss: 0.5208
Epoch: 821, Loss: 0.5208
Epoch: 826, Loss: 0.5207
Epoch: 831, Loss: 0.5207
Epoch: 836, Loss: 0.5206
Epoch: 841, Loss: 0.5204
Epoch: 846, Loss: 0.5204
Epoch: 851, Loss: 0.5221
Epoch: 856, Loss: 0.5242
Epoch: 861, Loss: 0.5207
Epoch: 866, Loss: 0.5208
Epoch: 871, Loss: 0.5207
Epoch: 876, Loss: 0.5207
Epoch: 881, Loss: 0.5205
Epoch: 886, Loss: 0.5203
Epoch: 891, Loss: 0.5371
Epoch: 896, Loss: 0.5266
Epoch: 901, Loss: 0.5224
Epoch: 906, Loss: 0.5215
Epoch: 911, Loss: 0.5221
Epoch: 916, Loss: 0.5212
Epoch: 921, Loss: 0.5206
Epoch: 926, Loss: 0.5207
Epoch: 931, Loss: 0.5206
Epoch: 936, Loss: 0.5204
Epoch: 941, Loss: 0.5204
Epoch: 946, Loss: 0.5204
Epoch: 951, Loss: 0.5203
Epoch: 956, Loss: 0.5203
Epoch: 961, Loss: 0.5202
Epoch: 966, Loss: 0.5202
Epoch: 971, Loss: 0.5202
Epoch: 976, Loss: 0.5201
Epoch: 981, Loss: 0.5201
Epoch: 986, Loss: 0.5201
Epoch: 991, Loss: 0.5200
Epoch: 996, Loss: 0.5200
Epoch: 1001, Loss: 0.5200
Elapsed time 0.1082 min
Epoch: 6, Loss: 0.5200
Epoch: 11, Loss: 0.5199
Epoch: 16, Loss: 0.5199
Epoch: 21, Loss: 0.5199
Epoch: 26, Loss: 0.5199
Epoch: 31, Loss: 0.5241
Epoch: 36, Loss: 0.5215
Epoch: 41, Loss: 0.5218
Epoch: 46, Loss: 0.5216
Epoch: 51, Loss: 0.5210
Epoch: 56, Loss: 0.5201
Epoch: 61, Loss: 0.5203
Epoch: 66, Loss: 0.5198
Epoch: 71, Loss: 0.5200
Epoch: 76, Loss: 0.5197
Epoch: 81, Loss: 0.5198
Epoch: 86, Loss: 0.5197
Epoch: 91, Loss: 0.5196
Epoch: 96, Loss: 0.5196
Epoch: 101, Loss: 0.5195
Epoch: 106, Loss: 0.5195
Epoch: 111, Loss: 0.5195
Epoch: 116, Loss: 0.5194
Epoch: 121, Loss: 0.5194
Epoch: 126, Loss: 0.5193
Epoch: 131, Loss: 0.5193
Epoch: 136, Loss: 0.5193
Epoch: 141, Loss: 0.5192
Epoch: 146, Loss: 0.5192
Epoch: 151, Loss: 0.5192
Epoch: 156, Loss: 0.5204
Epoch: 161, Loss: 0.5603
Epoch: 166, Loss: 0.5214
Epoch: 171, Loss: 0.5220
Epoch: 176, Loss: 0.5246
Epoch: 181, Loss: 0.5208
Epoch: 186, Loss: 0.5205
Epoch: 191, Loss: 0.5206
Epoch: 196, Loss: 0.5197
Epoch: 201, Loss: 0.5199
Epoch: 206, Loss: 0.5195
Epoch: 211, Loss: 0.5195
Epoch: 216, Loss: 0.5194
Epoch: 221, Loss: 0.5193
Epoch: 226, Loss: 0.5193
Epoch: 231, Loss: 0.5192
Epoch: 236, Loss: 0.5191
Epoch: 241, Loss: 0.5191
Epoch: 246, Loss: 0.5190
Epoch: 251, Loss: 0.5190
Epoch: 256, Loss: 0.5189
Epoch: 261, Loss: 0.5189
Epoch: 266, Loss: 0.5189
Epoch: 271, Loss: 0.5188
Epoch: 276, Loss: 0.5188
Epoch: 281, Loss: 0.5187
Epoch: 286, Loss: 0.5186
Epoch: 291, Loss: 0.5186
Epoch: 296, Loss: 0.5185
Epoch: 301, Loss: 0.5184
Epoch: 306, Loss: 0.5184
Epoch: 311, Loss: 0.5183
Epoch: 316, Loss: 0.5182
Epoch: 321, Loss: 0.5191
Epoch: 326, Loss: 0.5279
Epoch: 331, Loss: 0.5242
Epoch: 336, Loss: 0.5199
Epoch: 341, Loss: 0.5189
Epoch: 346, Loss: 0.5194
Epoch: 351, Loss: 0.5192
Epoch: 356, Loss: 0.5188
Epoch: 361, Loss: 0.5185
Epoch: 366, Loss: 0.5184
Epoch: 371, Loss: 0.5184
Epoch: 376, Loss: 0.5183
Epoch: 381, Loss: 0.5182
Epoch: 386, Loss: 0.5182
Epoch: 391, Loss: 0.5182
Epoch: 396, Loss: 0.5182
Epoch: 401, Loss: 0.5181
Epoch: 406, Loss: 0.5180
Epoch: 411, Loss: 0.5180
Epoch: 416, Loss: 0.5179
Epoch: 421, Loss: 0.5178
Epoch: 426, Loss: 0.5178
Epoch: 431, Loss: 0.5177
Epoch: 436, Loss: 0.5177
Epoch: 441, Loss: 0.5176
Epoch: 446, Loss: 0.5176
Epoch: 451, Loss: 0.5175
Epoch: 456, Loss: 0.5175
Epoch: 461, Loss: 0.5174
Epoch: 466, Loss: 0.5174
Epoch: 471, Loss: 0.5174
Epoch: 476, Loss: 0.5173
Epoch: 481, Loss: 0.5172
Epoch: 486, Loss: 0.5172
Epoch: 491, Loss: 0.5172
Epoch: 496, Loss: 0.5171
Epoch: 501, Loss: 0.5180
Epoch: 506, Loss: 0.5307
Epoch: 511, Loss: 0.5278
Epoch: 516, Loss: 0.5261
Epoch: 521, Loss: 0.5202
Epoch: 526, Loss: 0.5187
Epoch: 531, Loss: 0.5175
Epoch: 536, Loss: 0.5175
Epoch: 541, Loss: 0.5173
Epoch: 546, Loss: 0.5171
Epoch: 551, Loss: 0.5170
Epoch: 556, Loss: 0.5170
Epoch: 561, Loss: 0.5169
Epoch: 566, Loss: 0.5168
Epoch: 571, Loss: 0.5169
Epoch: 576, Loss: 0.5166
Epoch: 581, Loss: 0.5166
Epoch: 586, Loss: 0.5166
Epoch: 591, Loss: 0.5165
Epoch: 596, Loss: 0.5172
Epoch: 601, Loss: 0.5304
Epoch: 606, Loss: 0.5379
Epoch: 611, Loss: 0.5261
Epoch: 616, Loss: 0.5247
Epoch: 621, Loss: 0.5212
Epoch: 626, Loss: 0.5198
Epoch: 631, Loss: 0.5191
Epoch: 636, Loss: 0.5177
Epoch: 641, Loss: 0.5179
Epoch: 646, Loss: 0.5174
Epoch: 651, Loss: 0.5174
Epoch: 656, Loss: 0.5171
Epoch: 661, Loss: 0.5171
Epoch: 666, Loss: 0.5170
Epoch: 671, Loss: 0.5169
Epoch: 676, Loss: 0.5168
Epoch: 681, Loss: 0.5167
Epoch: 686, Loss: 0.5166
Epoch: 691, Loss: 0.5165
Epoch: 696, Loss: 0.5165
Epoch: 701, Loss: 0.5164
Epoch: 706, Loss: 0.5163
Epoch: 711, Loss: 0.5162
Epoch: 716, Loss: 0.5162
Epoch: 721, Loss: 0.5161
Epoch: 726, Loss: 0.5160
Epoch: 731, Loss: 0.5159
Epoch: 736, Loss: 0.5159
Epoch: 741, Loss: 0.5158
Epoch: 746, Loss: 0.5157
Epoch: 751, Loss: 0.5157
Epoch: 756, Loss: 0.5156
Epoch: 761, Loss: 0.5155
Epoch: 766, Loss: 0.5154
Epoch: 771, Loss: 0.5154
Epoch: 776, Loss: 0.5153
Epoch: 781, Loss: 0.5153
Epoch: 786, Loss: 0.5388
Epoch: 791, Loss: 0.5450
Epoch: 796, Loss: 0.5229
Epoch: 801, Loss: 0.5174
Epoch: 806, Loss: 0.5195
Epoch: 811, Loss: 0.5161
Epoch: 816, Loss: 0.5171
Epoch: 821, Loss: 0.5157
Epoch: 826, Loss: 0.5157
Epoch: 831, Loss: 0.5154
Epoch: 836, Loss: 0.5150
Epoch: 841, Loss: 0.5149
Epoch: 846, Loss: 0.5146
Epoch: 851, Loss: 0.5143
Epoch: 856, Loss: 0.5142
Epoch: 861, Loss: 0.5140
Epoch: 866, Loss: 0.5139
Epoch: 871, Loss: 0.5138
Epoch: 876, Loss: 0.5137
Epoch: 881, Loss: 0.5135
Epoch: 886, Loss: 0.5134
Epoch: 891, Loss: 0.5133
Epoch: 896, Loss: 0.5132
Epoch: 901, Loss: 0.5131
Epoch: 906, Loss: 0.5130
Epoch: 911, Loss: 0.5130
Epoch: 916, Loss: 0.5131
Epoch: 921, Loss: 0.5482
Epoch: 926, Loss: 0.5393
Epoch: 931, Loss: 0.5236
Epoch: 936, Loss: 0.5153
Epoch: 941, Loss: 0.5146
Epoch: 946, Loss: 0.5139
Epoch: 951, Loss: 0.5138
Epoch: 956, Loss: 0.5138
Epoch: 961, Loss: 0.5130
Epoch: 966, Loss: 0.5130
Epoch: 971, Loss: 0.5128
Epoch: 976, Loss: 0.5127
Epoch: 981, Loss: 0.5127
Epoch: 986, Loss: 0.6133
Epoch: 991, Loss: 0.7769
Epoch: 996, Loss: 0.8730
Epoch: 1001, Loss: 0.6441
Elapsed time 0.1061 min
Epoch: 6, Loss: 0.6529
Epoch: 11, Loss: 0.6247
Epoch: 16, Loss: 0.6313
Epoch: 21, Loss: 0.6225
Epoch: 26, Loss: 0.6214
Epoch: 31, Loss: 0.6152
Epoch: 36, Loss: 0.6098
Epoch: 41, Loss: 0.6036
Epoch: 46, Loss: 0.6009
Epoch: 51, Loss: 0.5992
Epoch: 56, Loss: 0.5961
Epoch: 61, Loss: 0.5937
Epoch: 66, Loss: 0.5916
Epoch: 71, Loss: 0.6000
Epoch: 76, Loss: 0.5962
Epoch: 81, Loss: 0.5902
Epoch: 86, Loss: 0.5872
Epoch: 91, Loss: 0.5851
Epoch: 96, Loss: 0.5830
Epoch: 101, Loss: 0.5830
Epoch: 106, Loss: 0.5815
Epoch: 111, Loss: 0.5799
Epoch: 116, Loss: 0.5787
Epoch: 121, Loss: 0.5775
Epoch: 126, Loss: 0.5764
Epoch: 131, Loss: 0.5752
Epoch: 136, Loss: 0.5739
Epoch: 141, Loss: 0.5728
Epoch: 146, Loss: 0.5723
Epoch: 151, Loss: 0.5813
Epoch: 156, Loss: 0.5731
Epoch: 161, Loss: 0.5698
Epoch: 166, Loss: 0.5661
Epoch: 171, Loss: 0.5645
Epoch: 176, Loss: 0.5623
Epoch: 181, Loss: 0.5709
Epoch: 186, Loss: 0.5585
Epoch: 191, Loss: 0.5566
Epoch: 196, Loss: 0.5548
Epoch: 201, Loss: 0.5529
Epoch: 206, Loss: 0.5518
Epoch: 211, Loss: 0.5494
Epoch: 216, Loss: 0.5574
Epoch: 221, Loss: 0.5443
Epoch: 226, Loss: 0.5429
Epoch: 231, Loss: 0.5414
Epoch: 236, Loss: 0.5399
Epoch: 241, Loss: 0.5408
Epoch: 246, Loss: 0.5368
Epoch: 251, Loss: 0.5378
Epoch: 256, Loss: 0.5377
Epoch: 261, Loss: 0.5610
Epoch: 266, Loss: 0.5663
Epoch: 271, Loss: 0.5464
Epoch: 276, Loss: 0.5338
Epoch: 281, Loss: 0.5337
Epoch: 286, Loss: 0.5336
Epoch: 291, Loss: 0.5323
Epoch: 296, Loss: 0.5309
Epoch: 301, Loss: 0.5298
Epoch: 306, Loss: 0.5289
Epoch: 311, Loss: 0.5282
Epoch: 316, Loss: 0.5276
Epoch: 321, Loss: 0.5271
Epoch: 326, Loss: 0.5265
Epoch: 331, Loss: 0.5261
Epoch: 336, Loss: 0.5257
Epoch: 341, Loss: 0.5253
Epoch: 346, Loss: 0.5250
Epoch: 351, Loss: 0.5246
Epoch: 356, Loss: 0.5242
Epoch: 361, Loss: 0.5239
Epoch: 366, Loss: 0.5235
Epoch: 371, Loss: 0.5232
Epoch: 376, Loss: 0.5228
Epoch: 381, Loss: 0.5225
Epoch: 386, Loss: 0.5222
Epoch: 391, Loss: 0.5219
Epoch: 396, Loss: 0.5216
Epoch: 401, Loss: 0.5214
Epoch: 406, Loss: 0.5211
Epoch: 411, Loss: 0.5209
Epoch: 416, Loss: 0.5207
Epoch: 421, Loss: 0.5204
Epoch: 426, Loss: 0.5202
Epoch: 431, Loss: 0.5200
Epoch: 436, Loss: 0.5205
Epoch: 441, Loss: 0.5500
Epoch: 446, Loss: 0.5330
Epoch: 451, Loss: 0.5280
Epoch: 456, Loss: 0.5238
Epoch: 461, Loss: 0.5225
Epoch: 466, Loss: 0.5214
Epoch: 471, Loss: 0.5206
Epoch: 476, Loss: 0.5200
Epoch: 481, Loss: 0.5195
Epoch: 486, Loss: 0.5191
Epoch: 491, Loss: 0.5190
Epoch: 496, Loss: 0.5189
Epoch: 501, Loss: 0.5187
Epoch: 506, Loss: 0.5185
Epoch: 511, Loss: 0.5184
Epoch: 516, Loss: 0.5183
Epoch: 521, Loss: 0.5182
Epoch: 526, Loss: 0.5181
Epoch: 531, Loss: 0.5180
Epoch: 536, Loss: 0.5179
Epoch: 541, Loss: 0.5178
Epoch: 546, Loss: 0.5177
Epoch: 551, Loss: 0.5176
Epoch: 556, Loss: 0.5175
Epoch: 561, Loss: 0.5174
Epoch: 566, Loss: 0.5174
Epoch: 571, Loss: 0.5173
Epoch: 576, Loss: 0.5172
Epoch: 581, Loss: 0.5171
Epoch: 586, Loss: 0.5170
Epoch: 591, Loss: 0.5170
Epoch: 596, Loss: 0.5169
Epoch: 601, Loss: 0.5168
Epoch: 606, Loss: 0.5167
Epoch: 611, Loss: 0.5166
Epoch: 616, Loss: 0.5166
Epoch: 621, Loss: 0.5165
Epoch: 626, Loss: 0.5164
Epoch: 631, Loss: 0.5163
Epoch: 636, Loss: 0.5163
Epoch: 641, Loss: 0.5162
Epoch: 646, Loss: 0.5161
Epoch: 651, Loss: 0.5161
Epoch: 656, Loss: 0.5160
Epoch: 661, Loss: 0.5159
Epoch: 666, Loss: 0.5159
Epoch: 671, Loss: 0.5183
Epoch: 676, Loss: 0.5277
Epoch: 681, Loss: 0.5203
Epoch: 686, Loss: 0.5171
Epoch: 691, Loss: 0.5179
Epoch: 696, Loss: 0.5158
Epoch: 701, Loss: 0.5164
Epoch: 706, Loss: 0.5155
Epoch: 711, Loss: 0.5157
Epoch: 716, Loss: 0.5154
Epoch: 721, Loss: 0.5154
Epoch: 726, Loss: 0.5152
Epoch: 731, Loss: 0.5151
Epoch: 736, Loss: 0.5151
Epoch: 741, Loss: 0.5150
Epoch: 746, Loss: 0.5149
Epoch: 751, Loss: 0.5148
Epoch: 756, Loss: 0.5147
Epoch: 761, Loss: 0.5147
Epoch: 766, Loss: 0.5146
Epoch: 771, Loss: 0.5145
Epoch: 776, Loss: 0.5144
Epoch: 781, Loss: 0.5144
Epoch: 786, Loss: 0.5143
Epoch: 791, Loss: 0.5142
Epoch: 796, Loss: 0.5141
Epoch: 801, Loss: 0.5141
Epoch: 806, Loss: 0.5140
Epoch: 811, Loss: 0.5140
Epoch: 816, Loss: 0.5163
Epoch: 821, Loss: 0.5308
Epoch: 826, Loss: 0.5215
Epoch: 831, Loss: 0.5153
Epoch: 836, Loss: 0.5164
Epoch: 841, Loss: 0.5143
Epoch: 846, Loss: 0.5145
Epoch: 851, Loss: 0.5140
Epoch: 856, Loss: 0.5138
Epoch: 861, Loss: 0.5136
Epoch: 866, Loss: 0.5135
Epoch: 871, Loss: 0.5133
Epoch: 876, Loss: 0.5132
Epoch: 881, Loss: 0.5131
Epoch: 886, Loss: 0.5130
Epoch: 891, Loss: 0.5129
Epoch: 896, Loss: 0.5128
Epoch: 901, Loss: 0.5127
Epoch: 906, Loss: 0.5126
Epoch: 911, Loss: 0.5125
Epoch: 916, Loss: 0.5124
Epoch: 921, Loss: 0.5123
Epoch: 926, Loss: 0.5122
Epoch: 931, Loss: 0.5122
Epoch: 936, Loss: 0.5154
Epoch: 941, Loss: 0.5295
Epoch: 946, Loss: 0.5161
Epoch: 951, Loss: 0.5153
Epoch: 956, Loss: 0.5161
Epoch: 961, Loss: 0.5143
Epoch: 966, Loss: 0.5134
Epoch: 971, Loss: 0.5125
Epoch: 976, Loss: 0.5121
Epoch: 981, Loss: 0.5122
Epoch: 986, Loss: 0.5119
Epoch: 991, Loss: 0.5117
Epoch: 996, Loss: 0.5116
Epoch: 1001, Loss: 0.5114
Elapsed time 0.1078 min
Epoch: 6, Loss: 0.5112
Epoch: 11, Loss: 0.5110
Epoch: 16, Loss: 0.5109
Epoch: 21, Loss: 0.5107
Epoch: 26, Loss: 0.5106
Epoch: 31, Loss: 0.5104
Epoch: 36, Loss: 0.5118
Epoch: 41, Loss: 0.5137
Epoch: 46, Loss: 0.5216
Epoch: 51, Loss: 0.5221
Epoch: 56, Loss: 0.5166
Epoch: 61, Loss: 0.5148
Epoch: 66, Loss: 0.5146
Epoch: 71, Loss: 0.5127
Epoch: 76, Loss: 0.5118
Epoch: 81, Loss: 0.5112
Epoch: 86, Loss: 0.5113
Epoch: 91, Loss: 0.5108
Epoch: 96, Loss: 0.5107
Epoch: 101, Loss: 0.5106
Epoch: 106, Loss: 0.5103
Epoch: 111, Loss: 0.5102
Epoch: 116, Loss: 0.5100
Epoch: 121, Loss: 0.5097
Epoch: 126, Loss: 0.5096
Epoch: 131, Loss: 0.5101
Epoch: 136, Loss: 0.5093
Epoch: 141, Loss: 0.5092
Epoch: 146, Loss: 0.5089
Epoch: 151, Loss: 0.5084
Epoch: 156, Loss: 0.5083
Epoch: 161, Loss: 0.5079
Epoch: 166, Loss: 0.5076
Epoch: 171, Loss: 0.5072
Epoch: 176, Loss: 0.5068
Epoch: 181, Loss: 0.5065
Epoch: 186, Loss: 0.5061
Epoch: 191, Loss: 0.5069
Epoch: 196, Loss: 0.5159
Epoch: 201, Loss: 0.5077
Epoch: 206, Loss: 0.5056
Epoch: 211, Loss: 0.5068
Epoch: 216, Loss: 0.5062
Epoch: 221, Loss: 0.5051
Epoch: 226, Loss: 0.5044
Epoch: 231, Loss: 0.5041
Epoch: 236, Loss: 0.5056
Epoch: 241, Loss: 0.5351
Epoch: 246, Loss: 0.5051
Epoch: 251, Loss: 0.5088
Epoch: 256, Loss: 0.5045
Epoch: 261, Loss: 0.5045
Epoch: 266, Loss: 0.5047
Epoch: 271, Loss: 0.5036
Epoch: 276, Loss: 0.5027
Epoch: 281, Loss: 0.5023
Epoch: 286, Loss: 0.5018
Epoch: 291, Loss: 0.5011
Epoch: 296, Loss: 0.5006
Epoch: 301, Loss: 0.5001
Epoch: 306, Loss: 0.5022
Epoch: 311, Loss: 0.5162
Epoch: 316, Loss: 0.5060
Epoch: 321, Loss: 0.5192
Epoch: 326, Loss: 0.5087
Epoch: 331, Loss: 0.5062
Epoch: 336, Loss: 0.5036
Epoch: 341, Loss: 0.5024
Epoch: 346, Loss: 0.5020
Epoch: 351, Loss: 0.5010
Epoch: 356, Loss: 0.5005
Epoch: 361, Loss: 0.5000
Epoch: 366, Loss: 0.4995
Epoch: 371, Loss: 0.4991
Epoch: 376, Loss: 0.4986
Epoch: 381, Loss: 0.4982
Epoch: 386, Loss: 0.4976
Epoch: 391, Loss: 0.4970
Epoch: 396, Loss: 0.4963
Epoch: 401, Loss: 0.4956
Epoch: 406, Loss: 0.5033
Epoch: 411, Loss: 0.6101
Epoch: 416, Loss: 0.5123
Epoch: 421, Loss: 0.5344
Epoch: 426, Loss: 0.5160
Epoch: 431, Loss: 0.5112
Epoch: 436, Loss: 0.5136
Epoch: 441, Loss: 0.5086
Epoch: 446, Loss: 0.5049
Epoch: 451, Loss: 0.5033
Epoch: 456, Loss: 0.5022
Epoch: 461, Loss: 0.5009
Epoch: 466, Loss: 0.5001
Epoch: 471, Loss: 0.4994
Epoch: 476, Loss: 0.4989
Epoch: 481, Loss: 0.4984
Epoch: 486, Loss: 0.4978
Epoch: 491, Loss: 0.4973
Epoch: 496, Loss: 0.4968
Epoch: 501, Loss: 0.4963
Epoch: 506, Loss: 0.4959
Epoch: 511, Loss: 0.4954
Epoch: 516, Loss: 0.4949
Epoch: 521, Loss: 0.4945
Epoch: 526, Loss: 0.4941
Epoch: 531, Loss: 0.4936
Epoch: 536, Loss: 0.4932
Epoch: 541, Loss: 0.4929
Epoch: 546, Loss: 0.4925
Epoch: 551, Loss: 0.4921
Epoch: 556, Loss: 0.4919
Epoch: 561, Loss: 0.4956
Epoch: 566, Loss: 0.5014
Epoch: 571, Loss: 0.4969
Epoch: 576, Loss: 0.4939
Epoch: 581, Loss: 0.4918
Epoch: 586, Loss: 0.4949
Epoch: 591, Loss: 0.4964
Epoch: 596, Loss: 0.4945
Epoch: 601, Loss: 0.4928
Epoch: 606, Loss: 0.4915
Epoch: 611, Loss: 0.4915
Epoch: 616, Loss: 0.4950
Epoch: 621, Loss: 0.5116
Epoch: 626, Loss: 0.4914
Epoch: 631, Loss: 0.4975
Epoch: 636, Loss: 0.4972
Epoch: 641, Loss: 0.4924
Epoch: 646, Loss: 0.4910
Epoch: 651, Loss: 0.4897
Epoch: 656, Loss: 0.4896
Epoch: 661, Loss: 0.4889
Epoch: 666, Loss: 0.4885
Epoch: 671, Loss: 0.4879
Epoch: 676, Loss: 0.4888
Epoch: 681, Loss: 0.5719
Epoch: 686, Loss: 0.4991
Epoch: 691, Loss: 0.4932
Epoch: 696, Loss: 0.4919
Epoch: 701, Loss: 0.4932
Epoch: 706, Loss: 0.4902
Epoch: 711, Loss: 0.4890
Epoch: 716, Loss: 0.4885
Epoch: 721, Loss: 0.4877
Epoch: 726, Loss: 0.4875
Epoch: 731, Loss: 0.4869
Epoch: 736, Loss: 0.4865
Epoch: 741, Loss: 0.4861
Epoch: 746, Loss: 0.4859
Epoch: 751, Loss: 0.4869
Epoch: 756, Loss: 0.5464
Epoch: 761, Loss: 0.4881
Epoch: 766, Loss: 0.5040
Epoch: 771, Loss: 0.4930
Epoch: 776, Loss: 0.4946
Epoch: 781, Loss: 0.4942
Epoch: 786, Loss: 0.4916
Epoch: 791, Loss: 0.4888
Epoch: 796, Loss: 0.4882
Epoch: 801, Loss: 0.4873
Epoch: 806, Loss: 0.4865
Epoch: 811, Loss: 0.4860
Epoch: 816, Loss: 0.4856
Epoch: 821, Loss: 0.4852
Epoch: 826, Loss: 0.4848
Epoch: 831, Loss: 0.4845
Epoch: 836, Loss: 0.4842
Epoch: 841, Loss: 0.4839
Epoch: 846, Loss: 0.4837
Epoch: 851, Loss: 0.4838
Epoch: 856, Loss: 0.5106
Epoch: 861, Loss: 0.5112
Epoch: 866, Loss: 0.4914
Epoch: 871, Loss: 0.4906
Epoch: 876, Loss: 0.4893
Epoch: 881, Loss: 0.4862
Epoch: 886, Loss: 0.4852
Epoch: 891, Loss: 0.4844
Epoch: 896, Loss: 0.4840
Epoch: 901, Loss: 0.4835
Epoch: 906, Loss: 0.4830
Epoch: 911, Loss: 0.4826
Epoch: 916, Loss: 0.4824
Epoch: 921, Loss: 0.4821
Epoch: 926, Loss: 0.4819
Epoch: 931, Loss: 0.4923
Epoch: 936, Loss: 0.4989
Epoch: 941, Loss: 0.5043
Epoch: 946, Loss: 0.4955
Epoch: 951, Loss: 0.4942
Epoch: 956, Loss: 0.4897
Epoch: 961, Loss: 0.4866
Epoch: 966, Loss: 0.4866
Epoch: 971, Loss: 0.4845
Epoch: 976, Loss: 0.4841
Epoch: 981, Loss: 0.4833
Epoch: 986, Loss: 0.4827
Epoch: 991, Loss: 0.4822
Epoch: 996, Loss: 0.4816
Epoch: 1001, Loss: 0.4814
Elapsed time 0.1066 min
Epoch: 6, Loss: 0.4810
Epoch: 11, Loss: 0.4807
Epoch: 16, Loss: 0.4805
Epoch: 21, Loss: 0.4803
Epoch: 26, Loss: 0.4801
Epoch: 31, Loss: 0.4813
Epoch: 36, Loss: 0.5483
Epoch: 41, Loss: 0.4978
Epoch: 46, Loss: 0.4964
Epoch: 51, Loss: 0.4864
Epoch: 56, Loss: 0.4859
Epoch: 61, Loss: 0.4830
Epoch: 66, Loss: 0.4821
Epoch: 71, Loss: 0.4818
Epoch: 76, Loss: 0.4811
Epoch: 81, Loss: 0.4804
Epoch: 86, Loss: 0.4800
Epoch: 91, Loss: 0.4796
Epoch: 96, Loss: 0.4794
Epoch: 101, Loss: 0.4791
Epoch: 106, Loss: 0.4789
Epoch: 111, Loss: 0.4789
Epoch: 116, Loss: 0.4839
Epoch: 121, Loss: 0.5075
Epoch: 126, Loss: 0.5101
Epoch: 131, Loss: 0.4965
Epoch: 136, Loss: 0.4899
Epoch: 141, Loss: 0.4873
Epoch: 146, Loss: 0.4848
Epoch: 151, Loss: 0.4833
Epoch: 156, Loss: 0.4818
Epoch: 161, Loss: 0.4804
Epoch: 166, Loss: 0.4799
Epoch: 171, Loss: 0.4795
Epoch: 176, Loss: 0.4792
Epoch: 181, Loss: 0.4788
Epoch: 186, Loss: 0.4786
Epoch: 191, Loss: 0.4784
Epoch: 196, Loss: 0.4782
Epoch: 201, Loss: 0.4780
Epoch: 206, Loss: 0.4779
Epoch: 211, Loss: 0.4778
Epoch: 216, Loss: 0.4776
Epoch: 221, Loss: 0.4776
Epoch: 226, Loss: 0.4798
Epoch: 231, Loss: 0.5507
Epoch: 236, Loss: 0.5064
Epoch: 241, Loss: 0.4993
Epoch: 246, Loss: 0.4891
Epoch: 251, Loss: 0.4876
Epoch: 256, Loss: 0.4835
Epoch: 261, Loss: 0.4808
Epoch: 266, Loss: 0.4809
Epoch: 271, Loss: 0.4797
Epoch: 276, Loss: 0.4787
Epoch: 281, Loss: 0.4786
Epoch: 286, Loss: 0.4813
Epoch: 291, Loss: 0.4784
Epoch: 296, Loss: 0.4779
Epoch: 301, Loss: 0.4777
Epoch: 306, Loss: 0.4774
Epoch: 311, Loss: 0.4771
Epoch: 316, Loss: 0.4770
Epoch: 321, Loss: 0.4768
Epoch: 326, Loss: 0.4767
Epoch: 331, Loss: 0.4766
Epoch: 336, Loss: 0.4765
Epoch: 341, Loss: 0.4764
Epoch: 346, Loss: 0.4764
Epoch: 351, Loss: 0.4781
Epoch: 356, Loss: 0.5120
Epoch: 361, Loss: 0.4854
Epoch: 366, Loss: 0.4813
Epoch: 371, Loss: 0.4781
Epoch: 376, Loss: 0.4781
Epoch: 381, Loss: 0.4774
Epoch: 386, Loss: 0.4779
Epoch: 391, Loss: 0.4772
Epoch: 396, Loss: 0.4766
Epoch: 401, Loss: 0.4764
Epoch: 406, Loss: 0.4760
Epoch: 411, Loss: 0.4759
Epoch: 416, Loss: 0.4756
Epoch: 421, Loss: 0.4755
Epoch: 426, Loss: 0.4754
Epoch: 431, Loss: 0.4778
Epoch: 436, Loss: 0.5329
Epoch: 441, Loss: 0.4909
Epoch: 446, Loss: 0.4996
Epoch: 451, Loss: 0.4918
Epoch: 456, Loss: 0.4898
Epoch: 461, Loss: 0.4844
Epoch: 466, Loss: 0.4815
Epoch: 471, Loss: 0.4791
Epoch: 476, Loss: 0.4772
Epoch: 481, Loss: 0.4770
Epoch: 486, Loss: 0.4764
Epoch: 491, Loss: 0.4760
Epoch: 496, Loss: 0.4758
Epoch: 501, Loss: 0.4755
Epoch: 506, Loss: 0.4753
Epoch: 511, Loss: 0.4751
Epoch: 516, Loss: 0.4750
Epoch: 521, Loss: 0.4748
Epoch: 526, Loss: 0.4749
Epoch: 531, Loss: 0.4814
Epoch: 536, Loss: 0.4876
Epoch: 541, Loss: 0.4774
Epoch: 546, Loss: 0.4781
Epoch: 551, Loss: 0.4777
Epoch: 556, Loss: 0.4776
Epoch: 561, Loss: 0.4757
Epoch: 566, Loss: 0.4761
Epoch: 571, Loss: 0.4757
Epoch: 576, Loss: 0.4753
Epoch: 581, Loss: 0.4750
Epoch: 586, Loss: 0.4745
Epoch: 591, Loss: 0.4742
Epoch: 596, Loss: 0.4743
Epoch: 601, Loss: 0.4760
Epoch: 606, Loss: 0.4852
Epoch: 611, Loss: 0.4878
Epoch: 616, Loss: 0.4826
Epoch: 621, Loss: 0.4820
Epoch: 626, Loss: 0.4781
Epoch: 631, Loss: 0.4776
Epoch: 636, Loss: 0.4757
Epoch: 641, Loss: 0.4756
Epoch: 646, Loss: 0.4756
Epoch: 651, Loss: 0.4748
Epoch: 656, Loss: 0.4743
Epoch: 661, Loss: 0.4737
Epoch: 666, Loss: 0.4740
Epoch: 671, Loss: 0.4733
Epoch: 676, Loss: 0.4737
Epoch: 681, Loss: 0.4900
Epoch: 686, Loss: 0.4758
Epoch: 691, Loss: 0.4809
Epoch: 696, Loss: 0.4756
Epoch: 701, Loss: 0.4746
Epoch: 706, Loss: 0.4762
Epoch: 711, Loss: 0.4740
Epoch: 716, Loss: 0.4736
Epoch: 721, Loss: 0.4735
Epoch: 726, Loss: 0.4731
Epoch: 731, Loss: 0.4729
Epoch: 736, Loss: 0.4726
Epoch: 741, Loss: 0.4729
Epoch: 746, Loss: 0.4864
Epoch: 751, Loss: 0.4863
Epoch: 756, Loss: 0.4793
Epoch: 761, Loss: 0.4799
Epoch: 766, Loss: 0.4798
Epoch: 771, Loss: 0.4769
Epoch: 776, Loss: 0.4752
Epoch: 781, Loss: 0.4745
Epoch: 786, Loss: 0.4735
Epoch: 791, Loss: 0.4732
Epoch: 796, Loss: 0.4730
Epoch: 801, Loss: 0.4726
Epoch: 806, Loss: 0.4724
Epoch: 811, Loss: 0.4723
Epoch: 816, Loss: 0.4722
Epoch: 821, Loss: 0.4730
Epoch: 826, Loss: 0.4829
Epoch: 831, Loss: 0.4838
Epoch: 836, Loss: 0.4793
Epoch: 841, Loss: 0.4748
Epoch: 846, Loss: 0.4742
Epoch: 851, Loss: 0.4739
Epoch: 856, Loss: 0.4740
Epoch: 861, Loss: 0.4742
Epoch: 866, Loss: 0.4727
Epoch: 871, Loss: 0.4736
Epoch: 876, Loss: 0.4723
Epoch: 881, Loss: 0.4731
Epoch: 886, Loss: 0.4748
Epoch: 891, Loss: 0.4749
Epoch: 896, Loss: 0.4719
Epoch: 901, Loss: 0.4768
Epoch: 906, Loss: 0.4902
Epoch: 911, Loss: 0.4800
Epoch: 916, Loss: 0.4776
Epoch: 921, Loss: 0.4742
Epoch: 926, Loss: 0.4762
Epoch: 931, Loss: 0.4727
Epoch: 936, Loss: 0.4722
Epoch: 941, Loss: 0.4725
Epoch: 946, Loss: 0.4718
Epoch: 951, Loss: 0.4715
Epoch: 956, Loss: 0.4718
Epoch: 961, Loss: 0.4765
Epoch: 966, Loss: 0.4965
Epoch: 971, Loss: 0.4795
Epoch: 976, Loss: 0.4817
Epoch: 981, Loss: 0.4777
Epoch: 986, Loss: 0.4793
Epoch: 991, Loss: 0.4743
Epoch: 996, Loss: 0.4759
Epoch: 1001, Loss: 0.4729
Elapsed time 0.1098 min
Epoch: 6, Loss: 0.4739
Epoch: 11, Loss: 0.4742
Epoch: 16, Loss: 0.4741
Epoch: 21, Loss: 0.4734
Epoch: 26, Loss: 0.4722
Epoch: 31, Loss: 0.4717
Epoch: 36, Loss: 0.4715
Epoch: 41, Loss: 0.4718
Epoch: 46, Loss: 0.4714
Epoch: 51, Loss: 0.4710
Epoch: 56, Loss: 0.4708
Epoch: 61, Loss: 0.4708
Epoch: 66, Loss: 0.4712
Epoch: 71, Loss: 0.4784
Epoch: 76, Loss: 0.4812
Epoch: 81, Loss: 0.4822
Epoch: 86, Loss: 0.4773
Epoch: 91, Loss: 0.4750
Epoch: 96, Loss: 0.4755
Epoch: 101, Loss: 0.4727
Epoch: 106, Loss: 0.4760
Epoch: 111, Loss: 0.4749
Epoch: 116, Loss: 0.4727
Epoch: 121, Loss: 0.4715
Epoch: 126, Loss: 0.4712
Epoch: 131, Loss: 0.4711
Epoch: 136, Loss: 0.4709
Epoch: 141, Loss: 0.4707
Epoch: 146, Loss: 0.4706
Epoch: 151, Loss: 0.4705
Epoch: 156, Loss: 0.4708
Epoch: 161, Loss: 0.4790
Epoch: 166, Loss: 0.4796
Epoch: 171, Loss: 0.4798
Epoch: 176, Loss: 0.4749
Epoch: 181, Loss: 0.4736
Epoch: 186, Loss: 0.4726
Epoch: 191, Loss: 0.4729
Epoch: 196, Loss: 0.4726
Epoch: 201, Loss: 0.4719
Epoch: 206, Loss: 0.4709
Epoch: 211, Loss: 0.4714
Epoch: 216, Loss: 0.4713
Epoch: 221, Loss: 0.4705
Epoch: 226, Loss: 0.4706
Epoch: 231, Loss: 0.4703
Epoch: 236, Loss: 0.4703
Epoch: 241, Loss: 0.4704
Epoch: 246, Loss: 0.4742
Epoch: 251, Loss: 0.4867
Epoch: 256, Loss: 0.4816
Epoch: 261, Loss: 0.4833
Epoch: 266, Loss: 0.4767
Epoch: 271, Loss: 0.4748
Epoch: 276, Loss: 0.4758
Epoch: 281, Loss: 0.4726
Epoch: 286, Loss: 0.4720
Epoch: 291, Loss: 0.4714
Epoch: 296, Loss: 0.4710
Epoch: 301, Loss: 0.4705
Epoch: 306, Loss: 0.4703
Epoch: 311, Loss: 0.4702
Epoch: 316, Loss: 0.4701
Epoch: 321, Loss: 0.4700
Epoch: 326, Loss: 0.4699
Epoch: 331, Loss: 0.4698
Epoch: 336, Loss: 0.4699
Epoch: 341, Loss: 0.4719
Epoch: 346, Loss: 0.4881
Epoch: 351, Loss: 0.4812
Epoch: 356, Loss: 0.4827
Epoch: 361, Loss: 0.4765
Epoch: 366, Loss: 0.4744
Epoch: 371, Loss: 0.4730
Epoch: 376, Loss: 0.4714
Epoch: 381, Loss: 0.4708
Epoch: 386, Loss: 0.4704
Epoch: 391, Loss: 0.4702
Epoch: 396, Loss: 0.4699
Epoch: 401, Loss: 0.4698
Epoch: 406, Loss: 0.4697
Epoch: 411, Loss: 0.4696
Epoch: 416, Loss: 0.4697
Epoch: 421, Loss: 0.4697
Epoch: 426, Loss: 0.4706
Epoch: 431, Loss: 0.4726
Epoch: 436, Loss: 0.4714
Epoch: 441, Loss: 0.4716
Epoch: 446, Loss: 0.4697
Epoch: 451, Loss: 0.4704
Epoch: 456, Loss: 0.4718
Epoch: 461, Loss: 0.4709
Epoch: 466, Loss: 0.4698
Epoch: 471, Loss: 0.4725
Epoch: 476, Loss: 0.4725
Epoch: 481, Loss: 0.4701
Epoch: 486, Loss: 0.4695
Epoch: 491, Loss: 0.4720
Epoch: 496, Loss: 0.4743
Epoch: 501, Loss: 0.4706
Epoch: 506, Loss: 0.4792
Epoch: 511, Loss: 0.4730
Epoch: 516, Loss: 0.4736
Epoch: 521, Loss: 0.4732
Epoch: 526, Loss: 0.4728
Epoch: 531, Loss: 0.4711
Epoch: 536, Loss: 0.4699
Epoch: 541, Loss: 0.4698
Epoch: 546, Loss: 0.4706
Epoch: 551, Loss: 0.4699
Epoch: 556, Loss: 0.4719
Epoch: 561, Loss: 0.4753
Epoch: 566, Loss: 0.4726
Epoch: 571, Loss: 0.4716
Epoch: 576, Loss: 0.4706
Epoch: 581, Loss: 0.4728
Epoch: 586, Loss: 0.4708
Epoch: 591, Loss: 0.4704
Epoch: 596, Loss: 0.4700
Epoch: 601, Loss: 0.4698
Epoch: 606, Loss: 0.4704
Epoch: 611, Loss: 0.4694
Epoch: 616, Loss: 0.4719
Epoch: 621, Loss: 0.4729
Epoch: 626, Loss: 0.4692
Epoch: 631, Loss: 0.4702
Epoch: 636, Loss: 0.4705
Epoch: 641, Loss: 0.4699
Epoch: 646, Loss: 0.4707
Epoch: 651, Loss: 0.4706
Epoch: 656, Loss: 0.4767
Epoch: 661, Loss: 0.4728
Epoch: 666, Loss: 0.4717
Epoch: 671, Loss: 0.4802
Epoch: 676, Loss: 0.4731
Epoch: 681, Loss: 0.4750
Epoch: 686, Loss: 0.4758
Epoch: 691, Loss: 0.4730
Epoch: 696, Loss: 0.4728
Epoch: 701, Loss: 0.4726
Epoch: 706, Loss: 0.4717
Epoch: 711, Loss: 0.4738
Epoch: 716, Loss: 0.4718
Epoch: 721, Loss: 0.4710
Epoch: 726, Loss: 0.4718
Epoch: 731, Loss: 0.4701
Epoch: 736, Loss: 0.4701
Epoch: 741, Loss: 0.4691
Epoch: 746, Loss: 0.4696
Epoch: 751, Loss: 0.4691
Epoch: 756, Loss: 0.4701
Epoch: 761, Loss: 0.4697
Epoch: 766, Loss: 0.4694
Epoch: 771, Loss: 0.4691
Epoch: 776, Loss: 0.4706
Epoch: 781, Loss: 0.4695
Epoch: 786, Loss: 0.4701
Epoch: 791, Loss: 0.4696
Epoch: 796, Loss: 0.4714
Epoch: 801, Loss: 0.4700
Epoch: 806, Loss: 0.4693
Epoch: 811, Loss: 0.4698
Epoch: 816, Loss: 0.4690
Epoch: 821, Loss: 0.4691
Epoch: 826, Loss: 0.4709
Epoch: 831, Loss: 0.4717
Epoch: 836, Loss: 0.4699
Epoch: 841, Loss: 0.4707
Epoch: 846, Loss: 0.4704
Epoch: 851, Loss: 0.4690
Epoch: 856, Loss: 0.4731
Epoch: 861, Loss: 0.4698
Epoch: 866, Loss: 0.4736
Epoch: 871, Loss: 0.4770
Epoch: 876, Loss: 0.4713
Epoch: 881, Loss: 0.4707
Epoch: 886, Loss: 0.4704
Epoch: 891, Loss: 0.4698
Epoch: 896, Loss: 0.4717
Epoch: 901, Loss: 0.4710
Epoch: 906, Loss: 0.4703
Epoch: 911, Loss: 0.4695
Epoch: 916, Loss: 0.4713
Epoch: 921, Loss: 0.4702
Epoch: 926, Loss: 0.4705
Epoch: 931, Loss: 0.4763
Epoch: 936, Loss: 0.4733
Epoch: 941, Loss: 0.4710
Epoch: 946, Loss: 0.4702
Epoch: 951, Loss: 0.4706
Epoch: 956, Loss: 0.4695
Epoch: 961, Loss: 0.4688
Epoch: 966, Loss: 0.4687
Epoch: 971, Loss: 0.4692
Epoch: 976, Loss: 0.4686
Epoch: 981, Loss: 0.4691
Epoch: 986, Loss: 0.4687
Epoch: 991, Loss: 0.4696
Epoch: 996, Loss: 0.4685
Epoch: 1001, Loss: 0.4704
Elapsed time 0.1097 min
Epoch: 6, Loss: 0.4682
Epoch: 11, Loss: 0.4687
Epoch: 16, Loss: 0.4716
Epoch: 21, Loss: 0.4736
Epoch: 26, Loss: 0.4722
Epoch: 31, Loss: 0.4686
Epoch: 36, Loss: 0.4696
Epoch: 41, Loss: 0.4747
Epoch: 46, Loss: 0.4814
Epoch: 51, Loss: 0.4872
Epoch: 56, Loss: 0.5046
Epoch: 61, Loss: 0.5049
Epoch: 66, Loss: 0.5247
Epoch: 71, Loss: 0.5059
Epoch: 76, Loss: 0.5018
Epoch: 81, Loss: 0.4946
Epoch: 86, Loss: 0.4917
Epoch: 91, Loss: 0.4873
Epoch: 96, Loss: 0.4844
Epoch: 101, Loss: 0.4818
Epoch: 106, Loss: 0.4792
Epoch: 111, Loss: 0.4776
Epoch: 116, Loss: 0.4765
Epoch: 121, Loss: 0.4751
Epoch: 126, Loss: 0.4744
Epoch: 131, Loss: 0.4737
Epoch: 136, Loss: 0.4730
Epoch: 141, Loss: 0.4725
Epoch: 146, Loss: 0.4719
Epoch: 151, Loss: 0.4715
Epoch: 156, Loss: 0.4712
Epoch: 161, Loss: 0.4709
Epoch: 166, Loss: 0.4707
Epoch: 171, Loss: 0.4705
Epoch: 176, Loss: 0.4704
Epoch: 181, Loss: 0.4702
Epoch: 186, Loss: 0.4701
Epoch: 191, Loss: 0.4700
Epoch: 196, Loss: 0.4699
Epoch: 201, Loss: 0.4698
Epoch: 206, Loss: 0.4697
Epoch: 211, Loss: 0.4698
Epoch: 216, Loss: 0.4748
Epoch: 221, Loss: 0.4713
Epoch: 226, Loss: 0.4709
Epoch: 231, Loss: 0.4700
Epoch: 236, Loss: 0.4695
Epoch: 241, Loss: 0.4699
Epoch: 246, Loss: 0.4702
Epoch: 251, Loss: 0.4708
Epoch: 256, Loss: 0.4722
Epoch: 261, Loss: 0.4710
Epoch: 266, Loss: 0.4751
Epoch: 271, Loss: 0.4721
Epoch: 276, Loss: 0.4736
Epoch: 281, Loss: 0.4742
Epoch: 286, Loss: 0.4726
Epoch: 291, Loss: 0.4717
Epoch: 296, Loss: 0.4702
Epoch: 301, Loss: 0.4715
Epoch: 306, Loss: 0.4705
Epoch: 311, Loss: 0.4695
Epoch: 316, Loss: 0.4704
Epoch: 321, Loss: 0.4693
Epoch: 326, Loss: 0.4688
Epoch: 331, Loss: 0.4692
Epoch: 336, Loss: 0.4689
Epoch: 341, Loss: 0.4699
Epoch: 346, Loss: 0.4696
Epoch: 351, Loss: 0.4699
Epoch: 356, Loss: 0.4692
Epoch: 361, Loss: 0.4700
Epoch: 366, Loss: 0.4690
Epoch: 371, Loss: 0.4696
Epoch: 376, Loss: 0.4692
Epoch: 381, Loss: 0.4745
Epoch: 386, Loss: 0.4755
Epoch: 391, Loss: 0.4744
Epoch: 396, Loss: 0.4721
Epoch: 401, Loss: 0.4706
Epoch: 406, Loss: 0.4692
Epoch: 411, Loss: 0.4693
Epoch: 416, Loss: 0.4687
Epoch: 421, Loss: 0.4694
Epoch: 426, Loss: 0.4713
Epoch: 431, Loss: 0.4742
Epoch: 436, Loss: 0.4742
Epoch: 441, Loss: 0.4701
Epoch: 446, Loss: 0.4698
Epoch: 451, Loss: 0.4729
Epoch: 456, Loss: 0.4723
Epoch: 461, Loss: 0.4712
Epoch: 466, Loss: 0.4683
Epoch: 471, Loss: 0.4709
Epoch: 476, Loss: 0.4697
Epoch: 481, Loss: 0.4699
Epoch: 486, Loss: 0.4682
Epoch: 491, Loss: 0.4684
Epoch: 496, Loss: 0.4695
Epoch: 501, Loss: 0.4684
Epoch: 506, Loss: 0.4683
Epoch: 511, Loss: 0.4692
Epoch: 516, Loss: 0.4679
Epoch: 521, Loss: 0.4693
Epoch: 526, Loss: 0.4682
Epoch: 531, Loss: 0.4681
Epoch: 536, Loss: 0.4691
Epoch: 541, Loss: 0.4696
Epoch: 546, Loss: 0.4710
Epoch: 551, Loss: 0.4688
Epoch: 556, Loss: 0.4690
Epoch: 561, Loss: 0.4733
Epoch: 566, Loss: 0.4720
Epoch: 571, Loss: 0.4730
Epoch: 576, Loss: 0.4731
Epoch: 581, Loss: 0.4730
Epoch: 586, Loss: 0.4697
Epoch: 591, Loss: 0.4690
Epoch: 596, Loss: 0.4747
Epoch: 601, Loss: 0.4742
Epoch: 606, Loss: 0.4732
Epoch: 611, Loss: 0.4738
Epoch: 616, Loss: 0.4767
Epoch: 621, Loss: 0.4747
Epoch: 626, Loss: 0.4704
Epoch: 631, Loss: 0.4691
Epoch: 636, Loss: 0.4688
Epoch: 641, Loss: 0.4680
Epoch: 646, Loss: 0.4679
Epoch: 651, Loss: 0.4676
Epoch: 656, Loss: 0.4676
Epoch: 661, Loss: 0.4684
Epoch: 666, Loss: 0.4677
Epoch: 671, Loss: 0.4696
Epoch: 676, Loss: 0.4674
Epoch: 681, Loss: 0.4702
Epoch: 686, Loss: 0.4671
Epoch: 691, Loss: 0.4681
Epoch: 696, Loss: 0.4672
Epoch: 701, Loss: 0.4682
Epoch: 706, Loss: 0.4682
Epoch: 711, Loss: 0.4670
Epoch: 716, Loss: 0.4736
Epoch: 721, Loss: 0.4714
Epoch: 726, Loss: 0.4800
Epoch: 731, Loss: 0.4729
Epoch: 736, Loss: 0.4710
Epoch: 741, Loss: 0.4715
Epoch: 746, Loss: 0.4734
Epoch: 751, Loss: 0.4686
Epoch: 756, Loss: 0.4685
Epoch: 761, Loss: 0.4700
Epoch: 766, Loss: 0.4692
Epoch: 771, Loss: 0.4700
Epoch: 776, Loss: 0.4704
Epoch: 781, Loss: 0.4695
Epoch: 786, Loss: 0.4682
Epoch: 791, Loss: 0.4677
Epoch: 796, Loss: 0.4675
Epoch: 801, Loss: 0.4681
Epoch: 806, Loss: 0.4677
Epoch: 811, Loss: 0.4683
Epoch: 816, Loss: 0.4667
Epoch: 821, Loss: 0.4679
Epoch: 826, Loss: 0.4698
Epoch: 831, Loss: 0.4686
Epoch: 836, Loss: 0.4691
Epoch: 841, Loss: 0.4675
Epoch: 846, Loss: 0.4665
Epoch: 851, Loss: 0.4697
Epoch: 856, Loss: 0.4685
Epoch: 861, Loss: 0.4715
Epoch: 866, Loss: 0.4683
Epoch: 871, Loss: 0.4738
Epoch: 876, Loss: 0.4728
Epoch: 881, Loss: 0.4766
Epoch: 886, Loss: 0.4779
Epoch: 891, Loss: 0.4775
Epoch: 896, Loss: 0.4721
Epoch: 901, Loss: 0.4699
Epoch: 906, Loss: 0.4737
Epoch: 911, Loss: 0.4693
Epoch: 916, Loss: 0.4759
Epoch: 921, Loss: 0.4684
Epoch: 926, Loss: 0.4714
Epoch: 931, Loss: 0.4678
Epoch: 936, Loss: 0.4672
Epoch: 941, Loss: 0.4672
Epoch: 946, Loss: 0.4674
Epoch: 951, Loss: 0.4666
Epoch: 956, Loss: 0.4665
Epoch: 961, Loss: 0.4665
Epoch: 966, Loss: 0.4663
Epoch: 971, Loss: 0.4663
Epoch: 976, Loss: 0.4662
Epoch: 981, Loss: 0.4673
Epoch: 986, Loss: 0.4774
Epoch: 991, Loss: 0.4671
Epoch: 996, Loss: 0.4692
Epoch: 1001, Loss: 0.4684
Elapsed time 0.1100 min
Epoch: 6, Loss: 0.4679
Epoch: 11, Loss: 0.4695
Epoch: 16, Loss: 0.4687
Epoch: 21, Loss: 0.4672
Epoch: 26, Loss: 0.4674
Epoch: 31, Loss: 0.4679
Epoch: 36, Loss: 0.4668
Epoch: 41, Loss: 0.4665
Epoch: 46, Loss: 0.4676
Epoch: 51, Loss: 0.4681
Epoch: 56, Loss: 0.4702
Epoch: 61, Loss: 0.4694
Epoch: 66, Loss: 0.4666
Epoch: 71, Loss: 0.4680
Epoch: 76, Loss: 0.4667
Epoch: 81, Loss: 0.4681
Epoch: 86, Loss: 0.4689
Epoch: 91, Loss: 0.4657
Epoch: 96, Loss: 0.4715
Epoch: 101, Loss: 0.4744
Epoch: 106, Loss: 0.4810
Epoch: 111, Loss: 0.4722
Epoch: 116, Loss: 0.4786
Epoch: 121, Loss: 0.4710
Epoch: 126, Loss: 0.4695
Epoch: 131, Loss: 0.4676
Epoch: 136, Loss: 0.4674
Epoch: 141, Loss: 0.4664
Epoch: 146, Loss: 0.4661
Epoch: 151, Loss: 0.4659
Epoch: 156, Loss: 0.4658
Epoch: 161, Loss: 0.4661
Epoch: 166, Loss: 0.4691
Epoch: 171, Loss: 0.4675
Epoch: 176, Loss: 0.4666
Epoch: 181, Loss: 0.4660
Epoch: 186, Loss: 0.4703
Epoch: 191, Loss: 0.4664
Epoch: 196, Loss: 0.4675
Epoch: 201, Loss: 0.4664
Epoch: 206, Loss: 0.4696
Epoch: 211, Loss: 0.4659
Epoch: 216, Loss: 0.4674
Epoch: 221, Loss: 0.4664
Epoch: 226, Loss: 0.4697
Epoch: 231, Loss: 0.4661
Epoch: 236, Loss: 0.4682
Epoch: 241, Loss: 0.4663
Epoch: 246, Loss: 0.4678
Epoch: 251, Loss: 0.4656
Epoch: 256, Loss: 0.4708
Epoch: 261, Loss: 0.4681
Epoch: 266, Loss: 0.4670
Epoch: 271, Loss: 0.4667
Epoch: 276, Loss: 0.4673
Epoch: 281, Loss: 0.4665
Epoch: 286, Loss: 0.4671
Epoch: 291, Loss: 0.4698
Epoch: 296, Loss: 0.4677
Epoch: 301, Loss: 0.4666
Epoch: 306, Loss: 0.4654
Epoch: 311, Loss: 0.4654
Epoch: 316, Loss: 0.4673
Epoch: 321, Loss: 0.4675
Epoch: 326, Loss: 0.4658
Epoch: 331, Loss: 0.4649
Epoch: 336, Loss: 0.4682
Epoch: 341, Loss: 0.4663
Epoch: 346, Loss: 0.4645
Epoch: 351, Loss: 0.4661
Epoch: 356, Loss: 0.4665
Epoch: 361, Loss: 0.4650
Epoch: 366, Loss: 0.4705
Epoch: 371, Loss: 0.4682
Epoch: 376, Loss: 0.4712
Epoch: 381, Loss: 0.4751
Epoch: 386, Loss: 0.4691
Epoch: 391, Loss: 0.4688
Epoch: 396, Loss: 0.4682
Epoch: 401, Loss: 0.4655
Epoch: 406, Loss: 0.4673
Epoch: 411, Loss: 0.4686
Epoch: 416, Loss: 0.4694
Epoch: 421, Loss: 0.4648
Epoch: 426, Loss: 0.4651
Epoch: 431, Loss: 0.4657
Epoch: 436, Loss: 0.4647
Epoch: 441, Loss: 0.4636
Epoch: 446, Loss: 0.4659
Epoch: 451, Loss: 0.4637
Epoch: 456, Loss: 0.4683
Epoch: 461, Loss: 0.4639
Epoch: 466, Loss: 0.4660
Epoch: 471, Loss: 0.4676
Epoch: 476, Loss: 0.4744
Epoch: 481, Loss: 0.4686
Epoch: 486, Loss: 0.4642
Epoch: 491, Loss: 0.4667
Epoch: 496, Loss: 0.4662
Epoch: 501, Loss: 0.4655
Epoch: 506, Loss: 0.4651
Epoch: 511, Loss: 0.4664
Epoch: 516, Loss: 0.4702
Epoch: 521, Loss: 0.4680
Epoch: 526, Loss: 0.4649
Epoch: 531, Loss: 0.4670
Epoch: 536, Loss: 0.4705
Epoch: 541, Loss: 0.4723
Epoch: 546, Loss: 0.4734
Epoch: 551, Loss: 0.4753
Epoch: 556, Loss: 0.4674
Epoch: 561, Loss: 0.4705
Epoch: 566, Loss: 0.4655
Epoch: 571, Loss: 0.4659
Epoch: 576, Loss: 0.4636
Epoch: 581, Loss: 0.4647
Epoch: 586, Loss: 0.4640
Epoch: 591, Loss: 0.4640
Epoch: 596, Loss: 0.4644
Epoch: 601, Loss: 0.4639
Epoch: 606, Loss: 0.4638
Epoch: 611, Loss: 0.4661
Epoch: 616, Loss: 0.4661
Epoch: 621, Loss: 0.4684
Epoch: 626, Loss: 0.4720
Epoch: 631, Loss: 0.4647
Epoch: 636, Loss: 0.4635
Epoch: 641, Loss: 0.4632
Epoch: 646, Loss: 0.4640
Epoch: 651, Loss: 0.4720
Epoch: 656, Loss: 0.4653
Epoch: 661, Loss: 0.4655
Epoch: 666, Loss: 0.4652
Epoch: 671, Loss: 0.4649
Epoch: 676, Loss: 0.4659
Epoch: 681, Loss: 0.4627
Epoch: 686, Loss: 0.4646
Epoch: 691, Loss: 0.4662
Epoch: 696, Loss: 0.4628
Epoch: 701, Loss: 0.4714
Epoch: 706, Loss: 0.4680
Epoch: 711, Loss: 0.4635
Epoch: 716, Loss: 0.4649
Epoch: 721, Loss: 0.4651
Epoch: 726, Loss: 0.4644
Epoch: 731, Loss: 0.4631
Epoch: 736, Loss: 0.4649
Epoch: 741, Loss: 0.4639
Epoch: 746, Loss: 0.4629
Epoch: 751, Loss: 0.4657
Epoch: 756, Loss: 0.4637
Epoch: 761, Loss: 0.4721
Epoch: 766, Loss: 0.4637
Epoch: 771, Loss: 0.4655
Epoch: 776, Loss: 0.4673
Epoch: 781, Loss: 0.4663
Epoch: 786, Loss: 0.4652
Epoch: 791, Loss: 0.4635
Epoch: 796, Loss: 0.4635
Epoch: 801, Loss: 0.4707
Epoch: 806, Loss: 0.4777
Epoch: 811, Loss: 0.4773
Epoch: 816, Loss: 0.4680
Epoch: 821, Loss: 0.4696
Epoch: 826, Loss: 0.4724
Epoch: 831, Loss: 0.4679
Epoch: 836, Loss: 0.4654
Epoch: 841, Loss: 0.4634
Epoch: 846, Loss: 0.4640
Epoch: 851, Loss: 0.4646
Epoch: 856, Loss: 0.4642
Epoch: 861, Loss: 0.4630
Epoch: 866, Loss: 0.4632
Epoch: 871, Loss: 0.4630
Epoch: 876, Loss: 0.4629
Epoch: 881, Loss: 0.4653
Epoch: 886, Loss: 0.4624
Epoch: 891, Loss: 0.4639
Epoch: 896, Loss: 0.4634
Epoch: 901, Loss: 0.4622
Epoch: 906, Loss: 0.4711
Epoch: 911, Loss: 0.4635
Epoch: 916, Loss: 0.4790
Epoch: 921, Loss: 0.4703
Epoch: 926, Loss: 0.4673
Epoch: 931, Loss: 0.4665
Epoch: 936, Loss: 0.4661
Epoch: 941, Loss: 0.4636
Epoch: 946, Loss: 0.4634
Epoch: 951, Loss: 0.4652
Epoch: 956, Loss: 0.4659
Epoch: 961, Loss: 0.4705
Epoch: 966, Loss: 0.4631
Epoch: 971, Loss: 0.4628
Epoch: 976, Loss: 0.4681
Epoch: 981, Loss: 0.4701
Epoch: 986, Loss: 0.4659
Epoch: 991, Loss: 0.4664
Epoch: 996, Loss: 0.4642
Epoch: 1001, Loss: 0.4631
Elapsed time 0.1110 min
Epoch: 6, Loss: 0.4628
Epoch: 11, Loss: 0.4626
Epoch: 16, Loss: 0.4636
Epoch: 21, Loss: 0.4625
Epoch: 26, Loss: 0.4624
Epoch: 31, Loss: 0.4643
Epoch: 36, Loss: 0.4626
Epoch: 41, Loss: 0.4636
Epoch: 46, Loss: 0.4627
Epoch: 51, Loss: 0.4651
Epoch: 56, Loss: 0.4623
Epoch: 61, Loss: 0.4644
Epoch: 66, Loss: 0.4617
Epoch: 71, Loss: 0.4634
Epoch: 76, Loss: 0.4663
Epoch: 81, Loss: 0.4665
Epoch: 86, Loss: 0.4733
Epoch: 91, Loss: 0.4739
Epoch: 96, Loss: 0.4716
Epoch: 101, Loss: 0.4664
Epoch: 106, Loss: 0.4652
Epoch: 111, Loss: 0.4640
Epoch: 116, Loss: 0.4641
Epoch: 121, Loss: 0.4641
Epoch: 126, Loss: 0.4647
Epoch: 131, Loss: 0.4642
Epoch: 136, Loss: 0.4622
Epoch: 141, Loss: 0.4626
Epoch: 146, Loss: 0.4648
Epoch: 151, Loss: 0.4627
Epoch: 156, Loss: 0.4625
Epoch: 161, Loss: 0.4616
Epoch: 166, Loss: 0.4630
Epoch: 171, Loss: 0.4620
Epoch: 176, Loss: 0.4647
Epoch: 181, Loss: 0.4670
Epoch: 186, Loss: 0.4651
Epoch: 191, Loss: 0.4651
Epoch: 196, Loss: 0.4690
Epoch: 201, Loss: 0.4675
Epoch: 206, Loss: 0.4663
Epoch: 211, Loss: 0.4665
Epoch: 216, Loss: 0.4642
Epoch: 221, Loss: 0.4642
Epoch: 226, Loss: 0.4633
Epoch: 231, Loss: 0.4631
Epoch: 236, Loss: 0.4636
Epoch: 241, Loss: 0.4628
Epoch: 246, Loss: 0.4616
Epoch: 251, Loss: 0.4632
Epoch: 256, Loss: 0.4631
Epoch: 261, Loss: 0.4632
Epoch: 266, Loss: 0.4619
Epoch: 271, Loss: 0.4653
Epoch: 276, Loss: 0.4769
Epoch: 281, Loss: 0.4842
Epoch: 286, Loss: 0.4752
Epoch: 291, Loss: 0.4707
Epoch: 296, Loss: 0.4648
Epoch: 301, Loss: 0.4643
Epoch: 306, Loss: 0.4648
Epoch: 311, Loss: 0.4641
Epoch: 316, Loss: 0.4647
Epoch: 321, Loss: 0.4630
Epoch: 326, Loss: 0.4622
Epoch: 331, Loss: 0.4622
Epoch: 336, Loss: 0.4635
Epoch: 341, Loss: 0.4626
Epoch: 346, Loss: 0.4632
Epoch: 351, Loss: 0.4626
Epoch: 356, Loss: 0.4624
Epoch: 361, Loss: 0.4612
Epoch: 366, Loss: 0.4637
Epoch: 371, Loss: 0.4612
Epoch: 376, Loss: 0.4632
Epoch: 381, Loss: 0.4615
Epoch: 386, Loss: 0.4639
Epoch: 391, Loss: 0.4614
Epoch: 396, Loss: 0.4614
Epoch: 401, Loss: 0.4636
Epoch: 406, Loss: 0.4631
Epoch: 411, Loss: 0.4639
Epoch: 416, Loss: 0.4651
Epoch: 421, Loss: 0.4619
Epoch: 426, Loss: 0.4621
Epoch: 431, Loss: 0.4626
Epoch: 436, Loss: 0.4619
Epoch: 441, Loss: 0.4630
Epoch: 446, Loss: 0.4746
Epoch: 451, Loss: 0.4875
Epoch: 456, Loss: 0.4767
Epoch: 461, Loss: 0.4728
Epoch: 466, Loss: 0.4717
Epoch: 471, Loss: 0.4710
Epoch: 476, Loss: 0.4678
Epoch: 481, Loss: 0.4671
Epoch: 486, Loss: 0.4645
Epoch: 491, Loss: 0.4640
Epoch: 496, Loss: 0.4636
Epoch: 501, Loss: 0.4622
Epoch: 506, Loss: 0.4616
Epoch: 511, Loss: 0.4615
Epoch: 516, Loss: 0.4615
Epoch: 521, Loss: 0.4621
Epoch: 526, Loss: 0.4620
Epoch: 531, Loss: 0.4633
Epoch: 536, Loss: 0.4610
Epoch: 541, Loss: 0.4632
Epoch: 546, Loss: 0.4617
Epoch: 551, Loss: 0.4617
Epoch: 556, Loss: 0.4639
Epoch: 561, Loss: 0.4625
Epoch: 566, Loss: 0.4617
Epoch: 571, Loss: 0.4645
Epoch: 576, Loss: 0.4653
Epoch: 581, Loss: 0.4641
Epoch: 586, Loss: 0.4651
Epoch: 591, Loss: 0.4653
Epoch: 596, Loss: 0.4650
Epoch: 601, Loss: 0.4659
Epoch: 606, Loss: 0.4651
Epoch: 611, Loss: 0.4640
Epoch: 616, Loss: 0.4633
Epoch: 621, Loss: 0.4639
Epoch: 626, Loss: 0.4658
Epoch: 631, Loss: 0.4641
Epoch: 636, Loss: 0.4635
Epoch: 641, Loss: 0.4629
Epoch: 646, Loss: 0.4616
Epoch: 651, Loss: 0.4623
Epoch: 656, Loss: 0.4636
Epoch: 661, Loss: 0.4629
Epoch: 666, Loss: 0.4624
Epoch: 671, Loss: 0.4613
Epoch: 676, Loss: 0.4685
Epoch: 681, Loss: 0.4623
Epoch: 686, Loss: 0.4620
Epoch: 691, Loss: 0.4610
Epoch: 696, Loss: 0.4620
Epoch: 701, Loss: 0.4606
Epoch: 706, Loss: 0.4670
Epoch: 711, Loss: 0.4688
Epoch: 716, Loss: 0.4667
Epoch: 721, Loss: 0.4646
Epoch: 726, Loss: 0.4727
Epoch: 731, Loss: 0.4648
Epoch: 736, Loss: 0.4636
Epoch: 741, Loss: 0.4625
Epoch: 746, Loss: 0.4615
Epoch: 751, Loss: 0.4613
Epoch: 756, Loss: 0.4609
Epoch: 761, Loss: 0.4615
Epoch: 766, Loss: 0.4662
Epoch: 771, Loss: 0.4634
Epoch: 776, Loss: 0.4612
Epoch: 781, Loss: 0.4609
Epoch: 786, Loss: 0.4638
Epoch: 791, Loss: 0.4609
Epoch: 796, Loss: 0.4626
Epoch: 801, Loss: 0.4603
Epoch: 806, Loss: 0.4644
Epoch: 811, Loss: 0.4683
Epoch: 816, Loss: 0.4638
Epoch: 821, Loss: 0.4753
Epoch: 826, Loss: 0.4688
Epoch: 831, Loss: 0.4696
Epoch: 836, Loss: 0.4631
Epoch: 841, Loss: 0.4670
Epoch: 846, Loss: 0.4628
Epoch: 851, Loss: 0.4626
Epoch: 856, Loss: 0.4621
Epoch: 861, Loss: 0.4611
Epoch: 866, Loss: 0.4612
Epoch: 871, Loss: 0.4616
Epoch: 876, Loss: 0.4622
Epoch: 881, Loss: 0.4623
Epoch: 886, Loss: 0.4616
Epoch: 891, Loss: 0.4615
Epoch: 896, Loss: 0.4623
Epoch: 901, Loss: 0.4637
Epoch: 906, Loss: 0.4622
Epoch: 911, Loss: 0.4606
Epoch: 916, Loss: 0.4632
Epoch: 921, Loss: 0.4616
Epoch: 926, Loss: 0.4613
Epoch: 931, Loss: 0.4657
Epoch: 936, Loss: 0.4635
Epoch: 941, Loss: 0.4609
Epoch: 946, Loss: 0.4614
Epoch: 951, Loss: 0.4624
Epoch: 956, Loss: 0.4614
Epoch: 961, Loss: 0.4635
Epoch: 966, Loss: 0.4631
Epoch: 971, Loss: 0.4626
Epoch: 976, Loss: 0.4606
Epoch: 981, Loss: 0.4620
Epoch: 986, Loss: 0.4629
Epoch: 991, Loss: 0.4606
Epoch: 996, Loss: 0.4599
Epoch: 1001, Loss: 0.4639
Elapsed time 0.1093 min
Epoch: 6, Loss: 0.4634
Epoch: 11, Loss: 0.4678
Epoch: 16, Loss: 0.4666
Epoch: 21, Loss: 0.4639
Epoch: 26, Loss: 0.4645
Epoch: 31, Loss: 0.4611
Epoch: 36, Loss: 0.4617
Epoch: 41, Loss: 0.4627
Epoch: 46, Loss: 0.4625
Epoch: 51, Loss: 0.4612
Epoch: 56, Loss: 0.4642
Epoch: 61, Loss: 0.4616
Epoch: 66, Loss: 0.4612
Epoch: 71, Loss: 0.4613
Epoch: 76, Loss: 0.4633
Epoch: 81, Loss: 0.4609
Epoch: 86, Loss: 0.4611
Epoch: 91, Loss: 0.4599
Epoch: 96, Loss: 0.4614
Epoch: 101, Loss: 0.4605
Epoch: 106, Loss: 0.4656
Epoch: 111, Loss: 0.4625
Epoch: 116, Loss: 0.4617
Epoch: 121, Loss: 0.4597
Epoch: 126, Loss: 0.4615
Epoch: 131, Loss: 0.4638
Epoch: 136, Loss: 0.4612
Epoch: 141, Loss: 0.4596
Epoch: 146, Loss: 0.4620
Epoch: 151, Loss: 0.4618
Epoch: 156, Loss: 0.4626
Epoch: 161, Loss: 0.4630
Epoch: 166, Loss: 0.4624
Epoch: 171, Loss: 0.4605
Epoch: 176, Loss: 0.4620
Epoch: 181, Loss: 0.4612
Epoch: 186, Loss: 0.4635
Epoch: 191, Loss: 0.4602
Epoch: 196, Loss: 0.4599
Epoch: 201, Loss: 0.4607
Epoch: 206, Loss: 0.4610
Epoch: 211, Loss: 0.4654
Epoch: 216, Loss: 0.4617
Epoch: 221, Loss: 0.4599
Epoch: 226, Loss: 0.4606
Epoch: 231, Loss: 0.4665
Epoch: 236, Loss: 0.4628
Epoch: 241, Loss: 0.4602
Epoch: 246, Loss: 0.4616
Epoch: 251, Loss: 0.4604
Epoch: 256, Loss: 0.4629
Epoch: 261, Loss: 0.4629
Epoch: 266, Loss: 0.4602
Epoch: 271, Loss: 0.4623
Epoch: 276, Loss: 0.4596
Epoch: 281, Loss: 0.4598
Epoch: 286, Loss: 0.4632
Epoch: 291, Loss: 0.4774
Epoch: 296, Loss: 0.4838
Epoch: 301, Loss: 0.4793
Epoch: 306, Loss: 0.4722
Epoch: 311, Loss: 0.4687
Epoch: 316, Loss: 0.4647
Epoch: 321, Loss: 0.4627
Epoch: 326, Loss: 0.4619
Epoch: 331, Loss: 0.4618
Epoch: 336, Loss: 0.4607
Epoch: 341, Loss: 0.4623
Epoch: 346, Loss: 0.4603
Epoch: 351, Loss: 0.4641
Epoch: 356, Loss: 0.4614
Epoch: 361, Loss: 0.4605
Epoch: 366, Loss: 0.4624
Epoch: 371, Loss: 0.4599
Epoch: 376, Loss: 0.4624
Epoch: 381, Loss: 0.4612
Epoch: 386, Loss: 0.4600
Epoch: 391, Loss: 0.4639
Epoch: 396, Loss: 0.4626
Epoch: 401, Loss: 0.4609
Epoch: 406, Loss: 0.4601
Epoch: 411, Loss: 0.4604
Epoch: 416, Loss: 0.4627
Epoch: 421, Loss: 0.4600
Epoch: 426, Loss: 0.4647
Epoch: 431, Loss: 0.4602
Epoch: 436, Loss: 0.4637
Epoch: 441, Loss: 0.4621
Epoch: 446, Loss: 0.4603
Epoch: 451, Loss: 0.4614
Epoch: 456, Loss: 0.4667
Epoch: 461, Loss: 0.4626
Epoch: 466, Loss: 0.4611
Epoch: 471, Loss: 0.4617
Epoch: 476, Loss: 0.4621
Epoch: 481, Loss: 0.4602
Epoch: 486, Loss: 0.4612
Epoch: 491, Loss: 0.4598
Epoch: 496, Loss: 0.4611
Epoch: 501, Loss: 0.4601
Epoch: 506, Loss: 0.4642
Epoch: 511, Loss: 0.4639
Epoch: 516, Loss: 0.4637
Epoch: 521, Loss: 0.4634
Epoch: 526, Loss: 0.4615
Epoch: 531, Loss: 0.4608
Epoch: 536, Loss: 0.4601
Epoch: 541, Loss: 0.4603
Epoch: 546, Loss: 0.4600
Epoch: 551, Loss: 0.4613
Epoch: 556, Loss: 0.4596
Epoch: 561, Loss: 0.4661
Epoch: 566, Loss: 0.4791
Epoch: 571, Loss: 0.4678
Epoch: 576, Loss: 0.4642
Epoch: 581, Loss: 0.4621
Epoch: 586, Loss: 0.4611
Epoch: 591, Loss: 0.4611
Epoch: 596, Loss: 0.4599
Epoch: 601, Loss: 0.4603
Epoch: 606, Loss: 0.4631
Epoch: 611, Loss: 0.4598
Epoch: 616, Loss: 0.4621
Epoch: 621, Loss: 0.4595
Epoch: 626, Loss: 0.4628
Epoch: 631, Loss: 0.4612
Epoch: 636, Loss: 0.4594
Epoch: 641, Loss: 0.4604
Epoch: 646, Loss: 0.4651
Epoch: 651, Loss: 0.4613
Epoch: 656, Loss: 0.4597
Epoch: 661, Loss: 0.4603
Epoch: 666, Loss: 0.4607
Epoch: 671, Loss: 0.4636
Epoch: 676, Loss: 0.4620
Epoch: 681, Loss: 0.4595
Epoch: 686, Loss: 0.4619
Epoch: 691, Loss: 0.4603
Epoch: 696, Loss: 0.4605
Epoch: 701, Loss: 0.4639
Epoch: 706, Loss: 0.4608
Epoch: 711, Loss: 0.4595
Epoch: 716, Loss: 0.4596
Epoch: 721, Loss: 0.4596
Epoch: 726, Loss: 0.4598
Epoch: 731, Loss: 0.4621
Epoch: 736, Loss: 0.4602
Epoch: 741, Loss: 0.4614
Epoch: 746, Loss: 0.4788
Epoch: 751, Loss: 0.4754
Epoch: 756, Loss: 0.4822
Epoch: 761, Loss: 0.4760
Epoch: 766, Loss: 0.4681
Epoch: 771, Loss: 0.4665
Epoch: 776, Loss: 0.4627
Epoch: 781, Loss: 0.4625
Epoch: 786, Loss: 0.4612
Epoch: 791, Loss: 0.4605
Epoch: 796, Loss: 0.4602
Epoch: 801, Loss: 0.4598
Epoch: 806, Loss: 0.4595
Epoch: 811, Loss: 0.4596
Epoch: 816, Loss: 0.4638
Epoch: 821, Loss: 0.4599
Epoch: 826, Loss: 0.4612
Epoch: 831, Loss: 0.4607
Epoch: 836, Loss: 0.4592
Epoch: 841, Loss: 0.4652
Epoch: 846, Loss: 0.4638
Epoch: 851, Loss: 0.4600
Epoch: 856, Loss: 0.4597
Epoch: 861, Loss: 0.4595
Epoch: 866, Loss: 0.4614
Epoch: 871, Loss: 0.4596
Epoch: 876, Loss: 0.4597
Epoch: 881, Loss: 0.4649
Epoch: 886, Loss: 0.4691
Epoch: 891, Loss: 0.4669
Epoch: 896, Loss: 0.4653
Epoch: 901, Loss: 0.4635
Epoch: 906, Loss: 0.4608
Epoch: 911, Loss: 0.4614
Epoch: 916, Loss: 0.4626
Epoch: 921, Loss: 0.4629
Epoch: 926, Loss: 0.4618
Epoch: 931, Loss: 0.4609
Epoch: 936, Loss: 0.4608
Epoch: 941, Loss: 0.4609
Epoch: 946, Loss: 0.4599
Epoch: 951, Loss: 0.4603
Epoch: 956, Loss: 0.4607
Epoch: 961, Loss: 0.4604
Epoch: 966, Loss: 0.4596
Epoch: 971, Loss: 0.4648
Epoch: 976, Loss: 0.4594
Epoch: 981, Loss: 0.4622
Epoch: 986, Loss: 0.4637
Epoch: 991, Loss: 0.4605
Epoch: 996, Loss: 0.4596
Epoch: 1001, Loss: 0.4616
Elapsed time 0.1106 min
avg Test Accuracy: 0.8370  avg Test AUC: 0.8771  avg Test PRE: 0.7801
