====================================================================================================
data: HeteroData(
  drug={
    node_id=[3084],
    x=[3084, 12],
  },
  protein={
    node_id=[718],
    x=[718, 20],
  },
  (drug, interaction, protein)={ edge_index=[2, 5937] },
  (protein, rev_interaction, drug)={ edge_index=[2, 5937] }
)
====================================================================================================
****************************************************************************************************
train data: HeteroData(
  drug={
    node_id=[3084],
    x=[3084, 12],
  },
  protein={
    node_id=[718],
    x=[718, 20],
  },
  (drug, interaction, protein)={
    edge_index=[2, 3326],
    edge_label=[2493],
    edge_label_index=[2, 2493],
  },
  (protein, rev_interaction, drug)={ edge_index=[2, 3326] }
)
****************************************************************************************************
val data: HeteroData(
  drug={
    node_id=[3084],
    x=[3084, 12],
  },
  protein={
    node_id=[718],
    x=[718, 20],
  },
  (drug, interaction, protein)={
    edge_index=[2, 4157],
    edge_label=[1779],
    edge_label_index=[2, 1779],
  },
  (protein, rev_interaction, drug)={ edge_index=[2, 4157] }
)
****************************************************************************************************
test data: HeteroData(
  drug={
    node_id=[3084],
    x=[3084, 12],
  },
  protein={
    node_id=[718],
    x=[718, 20],
  },
  (drug, interaction, protein)={
    edge_index=[2, 4750],
    edge_label=[3561],
    edge_label_index=[2, 3561],
  },
  (protein, rev_interaction, drug)={ edge_index=[2, 4750] }
)
****************************************************************************************************
edge_x: torch.Size([2493, 32])
labels: torch.Size([2493])
edge_x: torch.Size([1779, 32])
labels: torch.Size([1779])
edge_x: torch.Size([3561, 32])
labels: torch.Size([3561])
model: HGT(
  (lin_dict): ModuleDict(
    (drug): Linear(-1, 64, bias=True)
    (protein): Linear(-1, 64, bias=True)
  )
  (convs): ModuleList(
    (0-1): 2 x HGTConv(-1, 64, heads=4)
  )
  (lin): Linear(128, 1, bias=True)
)
Epoch: 51, Loss: 0.5890
Epoch: 101, Loss: 0.5597
Epoch: 151, Loss: 0.5333
Epoch: 201, Loss: 0.5420
Epoch: 251, Loss: 0.5496
Epoch: 301, Loss: 0.5545
Epoch: 351, Loss: 0.5216
Epoch: 401, Loss: 0.5165
Epoch: 451, Loss: 0.5146
Epoch: 501, Loss: 0.5122
Epoch: 551, Loss: 0.5177
Epoch: 601, Loss: 0.5200
Epoch: 651, Loss: 0.5198
Epoch: 701, Loss: 0.5169
Epoch: 751, Loss: 0.5142
Epoch: 801, Loss: 0.5127
Epoch: 851, Loss: 0.5108
Epoch: 901, Loss: 0.5093
Epoch: 951, Loss: 0.5072
Epoch: 1001, Loss: 0.5057
Epoch: 6, Loss: 0.5051
Epoch: 11, Loss: 0.5051
Epoch: 16, Loss: 0.5047
Epoch: 21, Loss: 0.5049
Epoch: 26, Loss: 0.5048
Epoch: 31, Loss: 0.5043
Epoch: 36, Loss: 0.5041
Epoch: 41, Loss: 0.5041
Epoch: 46, Loss: 0.5071
Epoch: 51, Loss: 0.5051
Epoch: 56, Loss: 0.5051
Epoch: 61, Loss: 0.5047
Epoch: 66, Loss: 0.5043
Epoch: 71, Loss: 0.5035
Epoch: 76, Loss: 0.5031
Epoch: 81, Loss: 0.5029
Epoch: 86, Loss: 0.5024
Epoch: 91, Loss: 0.5022
Epoch: 96, Loss: 0.5022
Epoch: 101, Loss: 0.5019
Epoch: 106, Loss: 0.5017
Epoch: 111, Loss: 0.5015
Epoch: 116, Loss: 0.5012
Epoch: 121, Loss: 0.5021
Epoch: 126, Loss: 0.5023
Epoch: 131, Loss: 0.5016
Epoch: 136, Loss: 0.5011
Epoch: 141, Loss: 0.5004
Epoch: 146, Loss: 0.5001
Epoch: 151, Loss: 0.4999
Epoch: 156, Loss: 0.4998
Epoch: 161, Loss: 0.4994
Epoch: 166, Loss: 0.4989
Epoch: 171, Loss: 0.4988
Epoch: 176, Loss: 0.4983
Epoch: 181, Loss: 0.4986
Epoch: 186, Loss: 0.5004
Epoch: 191, Loss: 0.4979
Epoch: 196, Loss: 0.4978
Epoch: 201, Loss: 0.4979
Epoch: 206, Loss: 0.4968
Epoch: 211, Loss: 0.4968
Epoch: 216, Loss: 0.5008
Epoch: 221, Loss: 0.4963
Epoch: 226, Loss: 0.4958
Epoch: 231, Loss: 0.4968
Epoch: 236, Loss: 0.4956
Epoch: 241, Loss: 0.4955
Epoch: 246, Loss: 0.4977
Epoch: 251, Loss: 0.4951
Epoch: 256, Loss: 0.4969
Epoch: 261, Loss: 0.4943
Epoch: 266, Loss: 0.4958
Epoch: 271, Loss: 0.4939
Epoch: 276, Loss: 0.4943
Epoch: 281, Loss: 0.4976
Epoch: 286, Loss: 0.4941
Epoch: 291, Loss: 0.4928
Epoch: 296, Loss: 0.4936
Epoch: 301, Loss: 0.4939
Epoch: 306, Loss: 0.4932
Epoch: 311, Loss: 0.4934
Epoch: 316, Loss: 0.4931
Epoch: 321, Loss: 0.4918
Epoch: 326, Loss: 0.4919
Epoch: 331, Loss: 0.4941
Epoch: 336, Loss: 0.4912
Epoch: 341, Loss: 0.4916
Epoch: 346, Loss: 0.4949
Epoch: 351, Loss: 0.4927
Epoch: 356, Loss: 0.4929
Epoch: 361, Loss: 0.4919
Epoch: 366, Loss: 0.4900
Epoch: 371, Loss: 0.4896
Epoch: 376, Loss: 0.4918
Epoch: 381, Loss: 0.4893
Epoch: 386, Loss: 0.4907
Epoch: 391, Loss: 0.4908
Epoch: 396, Loss: 0.4919
Epoch: 401, Loss: 0.4900
Epoch: 406, Loss: 0.4895
Epoch: 411, Loss: 0.4904
Epoch: 416, Loss: 0.4901
Epoch: 421, Loss: 0.4881
Epoch: 426, Loss: 0.4876
Epoch: 431, Loss: 0.4910
Epoch: 436, Loss: 0.4904
Epoch: 441, Loss: 0.4891
Epoch: 446, Loss: 0.4877
Epoch: 451, Loss: 0.4868
Epoch: 456, Loss: 0.4878
Epoch: 461, Loss: 0.4862
Epoch: 466, Loss: 0.4902
Epoch: 471, Loss: 0.4857
Epoch: 476, Loss: 0.4882
Epoch: 481, Loss: 0.4859
Epoch: 486, Loss: 0.4858
Epoch: 491, Loss: 0.4854
Epoch: 496, Loss: 0.4862
Epoch: 501, Loss: 0.4848
Epoch: 506, Loss: 0.4866
Epoch: 511, Loss: 0.4869
Epoch: 516, Loss: 0.4857
Epoch: 521, Loss: 0.4848
Epoch: 526, Loss: 0.4859
Epoch: 531, Loss: 0.4842
Epoch: 536, Loss: 0.4866
Epoch: 541, Loss: 0.4846
Epoch: 546, Loss: 0.4871
Epoch: 551, Loss: 0.4835
Epoch: 556, Loss: 0.4854
Epoch: 561, Loss: 0.4838
Epoch: 566, Loss: 0.4859
Epoch: 571, Loss: 0.4843
Epoch: 576, Loss: 0.4837
Epoch: 581, Loss: 0.4833
Epoch: 586, Loss: 0.4824
Epoch: 591, Loss: 0.4829
Epoch: 596, Loss: 0.4964
Epoch: 601, Loss: 0.4905
Epoch: 606, Loss: 0.4881
Epoch: 611, Loss: 0.4868
Epoch: 616, Loss: 0.4842
Epoch: 621, Loss: 0.4856
Epoch: 626, Loss: 0.4826
Epoch: 631, Loss: 0.4831
Epoch: 636, Loss: 0.4835
Epoch: 641, Loss: 0.4831
Epoch: 646, Loss: 0.4832
Epoch: 651, Loss: 0.4827
Epoch: 656, Loss: 0.4826
Epoch: 661, Loss: 0.4814
Epoch: 666, Loss: 0.4809
Epoch: 671, Loss: 0.4821
Epoch: 676, Loss: 0.4833
Epoch: 681, Loss: 0.4815
Epoch: 686, Loss: 0.4828
Epoch: 691, Loss: 0.4824
Epoch: 696, Loss: 0.4809
Epoch: 701, Loss: 0.4803
Epoch: 706, Loss: 0.4803
Epoch: 711, Loss: 0.4800
Epoch: 716, Loss: 0.4800
Epoch: 721, Loss: 0.4799
Epoch: 726, Loss: 0.4808
Epoch: 731, Loss: 0.4923
Epoch: 736, Loss: 0.4821
Epoch: 741, Loss: 0.4808
Epoch: 746, Loss: 0.4805
Epoch: 751, Loss: 0.4802
Epoch: 756, Loss: 0.4794
Epoch: 761, Loss: 0.4793
Epoch: 766, Loss: 0.4795
Epoch: 771, Loss: 0.4792
Epoch: 776, Loss: 0.4788
Epoch: 781, Loss: 0.4789
Epoch: 786, Loss: 0.4803
Epoch: 791, Loss: 0.4845
Epoch: 796, Loss: 0.4815
Epoch: 801, Loss: 0.4813
Epoch: 806, Loss: 0.4800
Epoch: 811, Loss: 0.4795
Epoch: 816, Loss: 0.4784
Epoch: 821, Loss: 0.4786
Epoch: 826, Loss: 0.4786
Epoch: 831, Loss: 0.4779
Epoch: 836, Loss: 0.4778
Epoch: 841, Loss: 0.4777
Epoch: 846, Loss: 0.4822
Epoch: 851, Loss: 0.4779
Epoch: 856, Loss: 0.4816
Epoch: 861, Loss: 0.4784
Epoch: 866, Loss: 0.4775
Epoch: 871, Loss: 0.4777
Epoch: 876, Loss: 0.4771
Epoch: 881, Loss: 0.4789
Epoch: 886, Loss: 0.4794
Epoch: 891, Loss: 0.4801
Epoch: 896, Loss: 0.4834
Epoch: 901, Loss: 0.4813
Epoch: 906, Loss: 0.4816
Epoch: 911, Loss: 0.4781
Epoch: 916, Loss: 0.4782
Epoch: 921, Loss: 0.4772
Epoch: 926, Loss: 0.4765
Epoch: 931, Loss: 0.4767
Epoch: 936, Loss: 0.4774
Epoch: 941, Loss: 0.4775
Epoch: 946, Loss: 0.4769
Epoch: 951, Loss: 0.4781
Epoch: 956, Loss: 0.4767
Epoch: 961, Loss: 0.4778
Epoch: 966, Loss: 0.4761
Epoch: 971, Loss: 0.4761
Epoch: 976, Loss: 0.4832
Epoch: 981, Loss: 0.4781
Epoch: 986, Loss: 0.4812
Epoch: 991, Loss: 0.4774
Epoch: 996, Loss: 0.4762
Epoch: 1001, Loss: 0.4762
Elapsed time 0.0848 min
Epoch: 6, Loss: 0.4764
Epoch: 11, Loss: 0.4782
Epoch: 16, Loss: 0.4749
Epoch: 21, Loss: 0.4840
Epoch: 26, Loss: 0.4792
Epoch: 31, Loss: 0.5033
Epoch: 36, Loss: 0.4979
Epoch: 41, Loss: 0.4953
Epoch: 46, Loss: 0.4880
Epoch: 51, Loss: 0.4869
Epoch: 56, Loss: 0.4800
Epoch: 61, Loss: 0.4790
Epoch: 66, Loss: 0.4781
Epoch: 71, Loss: 0.4774
Epoch: 76, Loss: 0.4797
Epoch: 81, Loss: 0.4759
Epoch: 86, Loss: 0.4781
Epoch: 91, Loss: 0.4978
Epoch: 96, Loss: 0.4973
Epoch: 101, Loss: 0.4866
Epoch: 106, Loss: 0.4919
Epoch: 111, Loss: 0.4875
Epoch: 116, Loss: 0.4793
Epoch: 121, Loss: 0.4758
Epoch: 126, Loss: 0.4767
Epoch: 131, Loss: 0.4796
Epoch: 136, Loss: 0.4944
Epoch: 141, Loss: 0.5052
Epoch: 146, Loss: 0.5095
Epoch: 151, Loss: 0.4914
Epoch: 156, Loss: 0.4813
Epoch: 161, Loss: 0.4844
Epoch: 166, Loss: 0.4791
Epoch: 171, Loss: 0.4847
Epoch: 176, Loss: 0.4868
Epoch: 181, Loss: 0.4889
Epoch: 186, Loss: 0.5095
Epoch: 191, Loss: 0.4880
Epoch: 196, Loss: 0.4837
Epoch: 201, Loss: 0.5628
Epoch: 206, Loss: 0.5588
Epoch: 211, Loss: 0.5748
Epoch: 216, Loss: 0.8008
Epoch: 221, Loss: 0.5869
Epoch: 226, Loss: 0.5044
Epoch: 231, Loss: 0.5584
Epoch: 236, Loss: 0.4937
Epoch: 241, Loss: 0.5137
Epoch: 246, Loss: 0.4955
Epoch: 251, Loss: 0.4939
Epoch: 256, Loss: 0.4940
Epoch: 261, Loss: 0.4895
Epoch: 266, Loss: 0.4904
Epoch: 271, Loss: 0.4883
Epoch: 276, Loss: 0.4880
Epoch: 281, Loss: 0.4873
Epoch: 286, Loss: 0.4863
Epoch: 291, Loss: 0.4857
Epoch: 296, Loss: 0.4849
Epoch: 301, Loss: 0.4840
Epoch: 306, Loss: 0.4831
Epoch: 311, Loss: 0.4821
Epoch: 316, Loss: 0.4847
Epoch: 321, Loss: 0.5102
Epoch: 326, Loss: 0.4967
Epoch: 331, Loss: 0.4846
Epoch: 336, Loss: 0.4863
Epoch: 341, Loss: 0.4846
Epoch: 346, Loss: 0.4822
Epoch: 351, Loss: 0.4816
Epoch: 356, Loss: 0.4811
Epoch: 361, Loss: 0.4805
Epoch: 366, Loss: 0.4800
Epoch: 371, Loss: 0.4795
Epoch: 376, Loss: 0.4790
Epoch: 381, Loss: 0.4792
Epoch: 386, Loss: 0.4898
Epoch: 391, Loss: 0.4968
Epoch: 396, Loss: 0.4892
Epoch: 401, Loss: 0.4854
Epoch: 406, Loss: 0.4832
Epoch: 411, Loss: 0.4827
Epoch: 416, Loss: 0.4821
Epoch: 421, Loss: 0.4812
Epoch: 426, Loss: 0.4804
Epoch: 431, Loss: 0.4797
Epoch: 436, Loss: 0.4793
Epoch: 441, Loss: 0.4789
Epoch: 446, Loss: 0.4786
Epoch: 451, Loss: 0.4784
Epoch: 456, Loss: 0.4781
Epoch: 461, Loss: 0.4779
Epoch: 466, Loss: 0.4776
Epoch: 471, Loss: 0.4773
Epoch: 476, Loss: 0.4770
Epoch: 481, Loss: 0.4767
Epoch: 486, Loss: 0.4764
Epoch: 491, Loss: 0.4871
Epoch: 496, Loss: 0.5427
Epoch: 501, Loss: 0.5038
Epoch: 506, Loss: 0.4958
Epoch: 511, Loss: 0.4879
Epoch: 516, Loss: 0.4851
Epoch: 521, Loss: 0.4813
Epoch: 526, Loss: 0.4798
Epoch: 531, Loss: 0.4786
Epoch: 536, Loss: 0.4779
Epoch: 541, Loss: 0.4773
Epoch: 546, Loss: 0.4768
Epoch: 551, Loss: 0.4763
Epoch: 556, Loss: 0.4758
Epoch: 561, Loss: 0.4755
Epoch: 566, Loss: 0.4752
Epoch: 571, Loss: 0.4748
Epoch: 576, Loss: 0.4745
Epoch: 581, Loss: 0.4745
Epoch: 586, Loss: 0.4889
Epoch: 591, Loss: 0.5223
Epoch: 596, Loss: 0.5125
Epoch: 601, Loss: 0.5057
Epoch: 606, Loss: 0.4984
Epoch: 611, Loss: 0.4897
Epoch: 616, Loss: 0.4830
Epoch: 621, Loss: 0.4796
Epoch: 626, Loss: 0.4785
Epoch: 631, Loss: 0.4784
Epoch: 636, Loss: 0.4771
Epoch: 641, Loss: 0.4767
Epoch: 646, Loss: 0.4764
Epoch: 651, Loss: 0.4764
Epoch: 656, Loss: 0.4757
Epoch: 661, Loss: 0.4791
Epoch: 666, Loss: 0.4778
Epoch: 671, Loss: 0.4755
Epoch: 676, Loss: 0.4752
Epoch: 681, Loss: 0.4757
Epoch: 686, Loss: 0.4753
Epoch: 691, Loss: 0.4881
Epoch: 696, Loss: 0.4775
Epoch: 701, Loss: 0.4761
Epoch: 706, Loss: 0.4764
Epoch: 711, Loss: 0.4802
Epoch: 716, Loss: 0.4757
Epoch: 721, Loss: 0.4742
Epoch: 726, Loss: 0.4740
Epoch: 731, Loss: 0.4775
Epoch: 736, Loss: 0.4746
Epoch: 741, Loss: 0.4735
Epoch: 746, Loss: 0.4734
Epoch: 751, Loss: 0.4729
Epoch: 756, Loss: 0.4729
Epoch: 761, Loss: 0.4738
Epoch: 766, Loss: 0.4748
Epoch: 771, Loss: 0.4725
Epoch: 776, Loss: 0.4816
Epoch: 781, Loss: 0.4842
Epoch: 786, Loss: 0.4867
Epoch: 791, Loss: 0.4817
Epoch: 796, Loss: 0.4759
Epoch: 801, Loss: 0.4772
Epoch: 806, Loss: 0.4738
Epoch: 811, Loss: 0.4736
Epoch: 816, Loss: 0.4734
Epoch: 821, Loss: 0.4731
Epoch: 826, Loss: 0.4729
Epoch: 831, Loss: 0.4729
Epoch: 836, Loss: 0.4728
Epoch: 841, Loss: 0.4728
Epoch: 846, Loss: 0.4731
Epoch: 851, Loss: 0.4724
Epoch: 856, Loss: 0.4729
Epoch: 861, Loss: 0.4718
Epoch: 866, Loss: 0.4736
Epoch: 871, Loss: 0.4728
Epoch: 876, Loss: 0.4739
Epoch: 881, Loss: 0.4739
Epoch: 886, Loss: 0.4717
Epoch: 891, Loss: 0.4753
Epoch: 896, Loss: 0.4989
Epoch: 901, Loss: 0.5000
Epoch: 906, Loss: 0.4876
Epoch: 911, Loss: 0.4817
Epoch: 916, Loss: 0.4773
Epoch: 921, Loss: 0.4760
Epoch: 926, Loss: 0.4745
Epoch: 931, Loss: 0.4743
Epoch: 936, Loss: 0.4739
Epoch: 941, Loss: 0.4770
Epoch: 946, Loss: 0.4996
Epoch: 951, Loss: 0.5813
Epoch: 956, Loss: 0.5312
Epoch: 961, Loss: 0.5228
Epoch: 966, Loss: 0.5334
Epoch: 971, Loss: 0.5044
Epoch: 976, Loss: 0.4862
Epoch: 981, Loss: 0.4922
Epoch: 986, Loss: 0.4830
Epoch: 991, Loss: 0.4808
Epoch: 996, Loss: 0.4811
Epoch: 1001, Loss: 0.4784
Elapsed time 0.0790 min
Epoch: 6, Loss: 0.4771
Epoch: 11, Loss: 0.4769
Epoch: 16, Loss: 0.4763
Epoch: 21, Loss: 0.4761
Epoch: 26, Loss: 0.4757
Epoch: 31, Loss: 0.4755
Epoch: 36, Loss: 0.4751
Epoch: 41, Loss: 0.4749
Epoch: 46, Loss: 0.4746
Epoch: 51, Loss: 0.4744
Epoch: 56, Loss: 0.4742
Epoch: 61, Loss: 0.4739
Epoch: 66, Loss: 0.4737
Epoch: 71, Loss: 0.4735
Epoch: 76, Loss: 0.4733
Epoch: 81, Loss: 0.4731
Epoch: 86, Loss: 0.4729
Epoch: 91, Loss: 0.4727
Epoch: 96, Loss: 0.4725
Epoch: 101, Loss: 0.4727
Epoch: 106, Loss: 0.4726
Epoch: 111, Loss: 0.4732
Epoch: 116, Loss: 0.4773
Epoch: 121, Loss: 0.4833
Epoch: 126, Loss: 0.4762
Epoch: 131, Loss: 0.4732
Epoch: 136, Loss: 0.4732
Epoch: 141, Loss: 0.4728
Epoch: 146, Loss: 0.4822
Epoch: 151, Loss: 0.4744
Epoch: 156, Loss: 0.4877
Epoch: 161, Loss: 0.5000
Epoch: 166, Loss: 0.4858
Epoch: 171, Loss: 0.6128
Epoch: 176, Loss: 0.5204
Epoch: 181, Loss: 0.5023
Epoch: 186, Loss: 0.5191
Epoch: 191, Loss: 0.5350
Epoch: 196, Loss: 0.4931
Epoch: 201, Loss: 0.4793
Epoch: 206, Loss: 0.4768
Epoch: 211, Loss: 0.4761
Epoch: 216, Loss: 0.4758
Epoch: 221, Loss: 0.4747
Epoch: 226, Loss: 0.4796
Epoch: 231, Loss: 0.4780
Epoch: 236, Loss: 0.4758
Epoch: 241, Loss: 0.4761
Epoch: 246, Loss: 0.4761
Epoch: 251, Loss: 0.4910
Epoch: 256, Loss: 0.5140
Epoch: 261, Loss: 0.5427
Epoch: 266, Loss: 0.5051
Epoch: 271, Loss: 0.4833
Epoch: 276, Loss: 0.5042
Epoch: 281, Loss: 0.5182
Epoch: 286, Loss: 0.5015
Epoch: 291, Loss: 0.4795
Epoch: 296, Loss: 0.4783
Epoch: 301, Loss: 0.4798
Epoch: 306, Loss: 0.4850
Epoch: 311, Loss: 0.4771
Epoch: 316, Loss: 0.4758
Epoch: 321, Loss: 0.4777
Epoch: 326, Loss: 0.5317
Epoch: 331, Loss: 0.4784
Epoch: 336, Loss: 0.5402
Epoch: 341, Loss: 0.4946
Epoch: 346, Loss: 0.4908
Epoch: 351, Loss: 0.5172
Epoch: 356, Loss: 0.4926
Epoch: 361, Loss: 0.4846
Epoch: 366, Loss: 0.4829
Epoch: 371, Loss: 0.4741
Epoch: 376, Loss: 0.4813
Epoch: 381, Loss: 0.7246
Epoch: 386, Loss: 0.6936
Epoch: 391, Loss: 0.5189
Epoch: 396, Loss: 0.5647
Epoch: 401, Loss: 0.5571
Epoch: 406, Loss: 0.5281
Epoch: 411, Loss: 0.5114
Epoch: 416, Loss: 0.4801
Epoch: 421, Loss: 0.5023
Epoch: 426, Loss: 0.5039
Epoch: 431, Loss: 0.6457
Epoch: 436, Loss: 0.5146
Epoch: 441, Loss: 0.5171
Epoch: 446, Loss: 0.6610
Epoch: 451, Loss: 0.6161
Epoch: 456, Loss: 0.5151
Epoch: 461, Loss: 0.5079
Epoch: 466, Loss: 0.5292
Epoch: 471, Loss: 0.5463
Epoch: 476, Loss: 0.4856
Epoch: 481, Loss: 0.5431
Epoch: 486, Loss: 0.4922
Epoch: 491, Loss: 0.5913
Epoch: 496, Loss: 0.5331
Epoch: 501, Loss: 0.5247
Epoch: 506, Loss: 0.4931
Epoch: 511, Loss: 0.4900
Epoch: 516, Loss: 0.7594
Epoch: 521, Loss: 3.6899
Epoch: 526, Loss: 0.7674
Epoch: 531, Loss: 4.9147
Epoch: 536, Loss: 0.7870
Epoch: 541, Loss: 0.6539
Epoch: 546, Loss: 2.5125
Epoch: 551, Loss: 0.6728
Epoch: 556, Loss: 0.9291
Epoch: 561, Loss: 1.0113
Epoch: 566, Loss: 0.7444
Epoch: 571, Loss: 0.7740
Epoch: 576, Loss: 0.6706
Epoch: 581, Loss: 0.6655
Epoch: 586, Loss: 0.6355
Epoch: 591, Loss: 0.6215
Epoch: 596, Loss: 0.6170
Epoch: 601, Loss: 0.6152
Epoch: 606, Loss: 0.6143
Epoch: 611, Loss: 0.6134
Epoch: 616, Loss: 0.6124
Epoch: 621, Loss: 0.6110
Epoch: 626, Loss: 0.6100
Epoch: 631, Loss: 0.6096
Epoch: 636, Loss: 0.6096
Epoch: 641, Loss: 0.6092
Epoch: 646, Loss: 0.6086
Epoch: 651, Loss: 0.6088
Epoch: 656, Loss: 0.6275
Epoch: 661, Loss: 0.6420
Epoch: 666, Loss: 0.6056
Epoch: 671, Loss: 0.6107
Epoch: 676, Loss: 0.6194
Epoch: 681, Loss: 1.0053
Epoch: 686, Loss: 1.1982
Epoch: 691, Loss: 1.0398
Epoch: 696, Loss: 0.7717
Epoch: 701, Loss: 0.7908
Epoch: 706, Loss: 1.6070
Epoch: 711, Loss: 0.8184
Epoch: 716, Loss: 0.9482
Epoch: 721, Loss: 0.6849
Epoch: 726, Loss: 0.6646
Epoch: 731, Loss: 0.7951
Epoch: 736, Loss: 0.6716
Epoch: 741, Loss: 0.6852
Epoch: 746, Loss: 0.6184
Epoch: 751, Loss: 0.8775
Epoch: 756, Loss: 1.5648
Epoch: 761, Loss: 0.8009
Epoch: 766, Loss: 1.0456
Epoch: 771, Loss: 0.6536
Epoch: 776, Loss: 0.7063
Epoch: 781, Loss: 0.6811
Epoch: 786, Loss: 0.6065
Epoch: 791, Loss: 0.6309
Epoch: 796, Loss: 0.6149
Epoch: 801, Loss: 0.6023
Epoch: 806, Loss: 0.6059
Epoch: 811, Loss: 0.6031
Epoch: 816, Loss: 0.5991
Epoch: 821, Loss: 0.5988
Epoch: 826, Loss: 0.5990
Epoch: 831, Loss: 0.5984
Epoch: 836, Loss: 0.5979
Epoch: 841, Loss: 0.5977
Epoch: 846, Loss: 0.5976
Epoch: 851, Loss: 0.5975
Epoch: 856, Loss: 0.5973
Epoch: 861, Loss: 0.5971
Epoch: 866, Loss: 0.5970
Epoch: 871, Loss: 0.5969
Epoch: 876, Loss: 0.5968
Epoch: 881, Loss: 0.5967
Epoch: 886, Loss: 0.5965
Epoch: 891, Loss: 0.5964
Epoch: 896, Loss: 0.5963
Epoch: 901, Loss: 0.5962
Epoch: 906, Loss: 0.5961
Epoch: 911, Loss: 0.5960
Epoch: 916, Loss: 0.5959
Epoch: 921, Loss: 0.5958
Epoch: 926, Loss: 0.5957
Epoch: 931, Loss: 0.5956
Epoch: 936, Loss: 0.5955
Epoch: 941, Loss: 0.5954
Epoch: 946, Loss: 0.5953
Epoch: 951, Loss: 0.5952
Epoch: 956, Loss: 0.5951
Epoch: 961, Loss: 0.5950
Epoch: 966, Loss: 0.5949
Epoch: 971, Loss: 0.5948
Epoch: 976, Loss: 0.5947
Epoch: 981, Loss: 0.5947
Epoch: 986, Loss: 0.5946
Epoch: 991, Loss: 0.5945
Epoch: 996, Loss: 0.5944
Epoch: 1001, Loss: 0.5943
Elapsed time 0.0797 min
Epoch: 6, Loss: 0.5942
Epoch: 11, Loss: 0.5941
Epoch: 16, Loss: 0.5941
Epoch: 21, Loss: 0.5940
Epoch: 26, Loss: 0.5940
Epoch: 31, Loss: 0.5938
Epoch: 36, Loss: 0.5937
Epoch: 41, Loss: 0.5937
Epoch: 46, Loss: 0.5936
Epoch: 51, Loss: 0.5936
Epoch: 56, Loss: 0.5935
Epoch: 61, Loss: 0.5934
Epoch: 66, Loss: 0.5934
Epoch: 71, Loss: 0.5932
Epoch: 76, Loss: 0.5932
Epoch: 81, Loss: 0.5931
Epoch: 86, Loss: 0.5930
Epoch: 91, Loss: 0.5930
Epoch: 96, Loss: 0.5929
Epoch: 101, Loss: 0.5928
Epoch: 106, Loss: 0.5928
Epoch: 111, Loss: 0.5927
Epoch: 116, Loss: 0.5927
Epoch: 121, Loss: 0.5926
Epoch: 126, Loss: 0.5926
Epoch: 131, Loss: 0.5925
Epoch: 136, Loss: 0.5924
Epoch: 141, Loss: 0.5924
Epoch: 146, Loss: 0.5923
Epoch: 151, Loss: 0.5922
Epoch: 156, Loss: 0.5922
Epoch: 161, Loss: 0.5921
Epoch: 166, Loss: 0.5921
Epoch: 171, Loss: 0.5920
Epoch: 176, Loss: 0.5919
Epoch: 181, Loss: 0.5919
Epoch: 186, Loss: 0.5918
Epoch: 191, Loss: 0.5918
Epoch: 196, Loss: 0.5917
Epoch: 201, Loss: 0.5917
Epoch: 206, Loss: 0.5916
Epoch: 211, Loss: 0.5915
Epoch: 216, Loss: 0.5915
Epoch: 221, Loss: 0.5914
Epoch: 226, Loss: 0.5913
Epoch: 231, Loss: 0.5913
Epoch: 236, Loss: 0.5912
Epoch: 241, Loss: 0.5912
Epoch: 246, Loss: 0.5911
Epoch: 251, Loss: 0.5911
Epoch: 256, Loss: 0.5910
Epoch: 261, Loss: 0.5909
Epoch: 266, Loss: 0.5909
Epoch: 271, Loss: 0.5908
Epoch: 276, Loss: 0.5908
Epoch: 281, Loss: 0.5907
Epoch: 286, Loss: 0.5907
Epoch: 291, Loss: 0.5906
Epoch: 296, Loss: 0.5905
Epoch: 301, Loss: 0.5905
Epoch: 306, Loss: 0.5904
Epoch: 311, Loss: 0.5903
Epoch: 316, Loss: 0.5903
Epoch: 321, Loss: 0.5902
Epoch: 326, Loss: 0.5901
Epoch: 331, Loss: 0.5901
Epoch: 336, Loss: 0.5900
Epoch: 341, Loss: 0.5899
Epoch: 346, Loss: 0.5899
Epoch: 351, Loss: 0.5898
Epoch: 356, Loss: 0.5897
Epoch: 361, Loss: 0.5897
Epoch: 366, Loss: 0.5896
Epoch: 371, Loss: 0.5896
Epoch: 376, Loss: 0.5895
Epoch: 381, Loss: 0.5895
Epoch: 386, Loss: 0.5894
Epoch: 391, Loss: 0.5894
Epoch: 396, Loss: 0.5893
Epoch: 401, Loss: 0.5893
Epoch: 406, Loss: 0.5892
Epoch: 411, Loss: 0.5892
Epoch: 416, Loss: 0.5891
Epoch: 421, Loss: 0.5891
Epoch: 426, Loss: 0.5890
Epoch: 431, Loss: 0.5890
Epoch: 436, Loss: 0.5889
Epoch: 441, Loss: 0.5889
Epoch: 446, Loss: 0.5889
Epoch: 451, Loss: 0.5888
Epoch: 456, Loss: 0.5888
Epoch: 461, Loss: 0.5887
Epoch: 466, Loss: 0.5886
Epoch: 471, Loss: 0.5886
Epoch: 476, Loss: 0.5885
Epoch: 481, Loss: 0.5885
Epoch: 486, Loss: 0.5884
Epoch: 491, Loss: 0.5884
Epoch: 496, Loss: 0.5883
Epoch: 501, Loss: 0.5883
Epoch: 506, Loss: 0.5882
Epoch: 511, Loss: 0.5882
Epoch: 516, Loss: 0.5881
Epoch: 521, Loss: 0.5881
Epoch: 526, Loss: 0.5880
Epoch: 531, Loss: 0.5880
Epoch: 536, Loss: 0.5879
Epoch: 541, Loss: 0.5879
Epoch: 546, Loss: 0.5878
Epoch: 551, Loss: 0.5878
Epoch: 556, Loss: 0.5877
Epoch: 561, Loss: 0.5877
Epoch: 566, Loss: 0.5876
Epoch: 571, Loss: 0.5876
Epoch: 576, Loss: 0.5876
Epoch: 581, Loss: 0.5875
Epoch: 586, Loss: 0.5874
Epoch: 591, Loss: 0.5874
Epoch: 596, Loss: 0.5873
Epoch: 601, Loss: 0.5873
Epoch: 606, Loss: 0.5873
Epoch: 611, Loss: 0.5872
Epoch: 616, Loss: 0.5872
Epoch: 621, Loss: 0.5871
Epoch: 626, Loss: 0.5871
Epoch: 631, Loss: 0.5870
Epoch: 636, Loss: 0.5870
Epoch: 641, Loss: 0.5869
Epoch: 646, Loss: 0.5869
Epoch: 651, Loss: 0.5869
Epoch: 656, Loss: 0.5868
Epoch: 661, Loss: 0.5869
Epoch: 666, Loss: 0.5867
Epoch: 671, Loss: 0.5867
Epoch: 676, Loss: 0.5867
Epoch: 681, Loss: 0.5866
Epoch: 686, Loss: 0.5866
Epoch: 691, Loss: 0.5865
Epoch: 696, Loss: 0.5865
Epoch: 701, Loss: 0.5865
Epoch: 706, Loss: 0.5864
Epoch: 711, Loss: 0.5864
Epoch: 716, Loss: 0.5864
Epoch: 721, Loss: 0.5863
Epoch: 726, Loss: 0.5863
Epoch: 731, Loss: 0.5862
Epoch: 736, Loss: 0.5862
Epoch: 741, Loss: 0.5861
Epoch: 746, Loss: 0.5860
Epoch: 751, Loss: 0.5861
Epoch: 756, Loss: 0.5861
Epoch: 761, Loss: 0.5860
Epoch: 766, Loss: 0.5859
Epoch: 771, Loss: 0.5859
Epoch: 776, Loss: 0.5858
Epoch: 781, Loss: 0.5858
Epoch: 786, Loss: 0.5858
Epoch: 791, Loss: 0.5858
Epoch: 796, Loss: 0.5857
Epoch: 801, Loss: 0.5856
Epoch: 806, Loss: 0.5856
Epoch: 811, Loss: 0.5857
Epoch: 816, Loss: 0.5857
Epoch: 821, Loss: 0.5858
Epoch: 826, Loss: 0.5855
Epoch: 831, Loss: 0.5855
Epoch: 836, Loss: 0.5855
Epoch: 841, Loss: 0.5854
Epoch: 846, Loss: 0.5854
Epoch: 851, Loss: 0.5853
Epoch: 856, Loss: 0.5853
Epoch: 861, Loss: 0.5853
Epoch: 866, Loss: 0.5852
Epoch: 871, Loss: 0.5854
Epoch: 876, Loss: 0.5852
Epoch: 881, Loss: 0.5851
Epoch: 886, Loss: 0.5850
Epoch: 891, Loss: 0.5850
Epoch: 896, Loss: 0.5850
Epoch: 901, Loss: 0.5849
Epoch: 906, Loss: 0.5849
Epoch: 911, Loss: 0.5849
Epoch: 916, Loss: 0.5853
Epoch: 921, Loss: 0.5887
Epoch: 926, Loss: 0.6015
Epoch: 931, Loss: 0.5973
Epoch: 936, Loss: 0.5873
Epoch: 941, Loss: 0.5851
Epoch: 946, Loss: 0.5853
Epoch: 951, Loss: 0.5877
Epoch: 956, Loss: 0.5971
Epoch: 961, Loss: 0.5993
Epoch: 966, Loss: 0.5901
Epoch: 971, Loss: 0.5865
Epoch: 976, Loss: 0.5863
Epoch: 981, Loss: 0.5892
Epoch: 986, Loss: 0.5963
Epoch: 991, Loss: 0.5968
Epoch: 996, Loss: 0.5912
Epoch: 1001, Loss: 0.5880
Elapsed time 0.0787 min
Epoch: 6, Loss: 0.5888
Epoch: 11, Loss: 0.5910
Epoch: 16, Loss: 0.5926
Epoch: 21, Loss: 0.5920
Epoch: 26, Loss: 0.5920
Epoch: 31, Loss: 0.5916
Epoch: 36, Loss: 0.5931
Epoch: 41, Loss: 0.5919
Epoch: 46, Loss: 0.5912
Epoch: 51, Loss: 0.5905
Epoch: 56, Loss: 0.5906
Epoch: 61, Loss: 0.5910
Epoch: 66, Loss: 0.5942
Epoch: 71, Loss: 0.5926
Epoch: 76, Loss: 0.5921
Epoch: 81, Loss: 0.5905
Epoch: 86, Loss: 0.5925
Epoch: 91, Loss: 0.5927
Epoch: 96, Loss: 0.5926
Epoch: 101, Loss: 0.5900
Epoch: 106, Loss: 0.5907
Epoch: 111, Loss: 0.5917
Epoch: 116, Loss: 0.5938
Epoch: 121, Loss: 0.5918
Epoch: 126, Loss: 0.5915
Epoch: 131, Loss: 0.5900
Epoch: 136, Loss: 0.5901
Epoch: 141, Loss: 0.5907
Epoch: 146, Loss: 0.5927
Epoch: 151, Loss: 0.5929
Epoch: 156, Loss: 0.5921
Epoch: 161, Loss: 0.5896
Epoch: 166, Loss: 0.5902
Epoch: 171, Loss: 0.5907
Epoch: 176, Loss: 0.5933
Epoch: 181, Loss: 0.5926
Epoch: 186, Loss: 0.5929
Epoch: 191, Loss: 0.5900
Epoch: 196, Loss: 0.5907
Epoch: 201, Loss: 0.5912
Epoch: 206, Loss: 0.5931
Epoch: 211, Loss: 0.5919
Epoch: 216, Loss: 0.5899
Epoch: 221, Loss: 0.5890
Epoch: 226, Loss: 0.5916
Epoch: 231, Loss: 0.5929
Epoch: 236, Loss: 0.5935
Epoch: 241, Loss: 0.5908
Epoch: 246, Loss: 0.5910
Epoch: 251, Loss: 0.5906
Epoch: 256, Loss: 0.5923
Epoch: 261, Loss: 0.5914
Epoch: 266, Loss: 0.5910
Epoch: 271, Loss: 0.5898
Epoch: 276, Loss: 0.5908
Epoch: 281, Loss: 0.5909
Epoch: 286, Loss: 0.5932
Epoch: 291, Loss: 0.5909
Epoch: 296, Loss: 0.5899
Epoch: 301, Loss: 0.5900
Epoch: 306, Loss: 0.5923
Epoch: 311, Loss: 0.5918
Epoch: 316, Loss: 0.5917
Epoch: 321, Loss: 0.5905
Epoch: 326, Loss: 0.5919
Epoch: 331, Loss: 0.5912
Epoch: 336, Loss: 0.5915
Epoch: 341, Loss: 0.5892
Epoch: 346, Loss: 0.5906
Epoch: 351, Loss: 0.5903
Epoch: 356, Loss: 0.5922
Epoch: 361, Loss: 0.5917
Epoch: 366, Loss: 0.5916
Epoch: 371, Loss: 0.5900
Epoch: 376, Loss: 0.5907
Epoch: 381, Loss: 0.5898
Epoch: 386, Loss: 0.5911
Epoch: 391, Loss: 0.5907
Epoch: 396, Loss: 0.5908
Epoch: 401, Loss: 0.5900
Epoch: 406, Loss: 0.5912
Epoch: 411, Loss: 0.5901
Epoch: 416, Loss: 0.5913
Epoch: 421, Loss: 0.5901
Epoch: 426, Loss: 0.5909
Epoch: 431, Loss: 0.5899
Epoch: 436, Loss: 0.5912
Epoch: 441, Loss: 0.5895
Epoch: 446, Loss: 0.5897
Epoch: 451, Loss: 0.5899
Epoch: 456, Loss: 0.5924
Epoch: 461, Loss: 0.5908
Epoch: 466, Loss: 0.5897
Epoch: 471, Loss: 0.5891
Epoch: 476, Loss: 0.5907
Epoch: 481, Loss: 0.5912
Epoch: 486, Loss: 0.5913
Epoch: 491, Loss: 0.5890
Epoch: 496, Loss: 0.5898
Epoch: 501, Loss: 0.5900
Epoch: 506, Loss: 0.5914
Epoch: 511, Loss: 0.5898
Epoch: 516, Loss: 0.5891
Epoch: 521, Loss: 0.5888
Epoch: 526, Loss: 0.5919
Epoch: 531, Loss: 0.5915
Epoch: 536, Loss: 0.5904
Epoch: 541, Loss: 0.5889
Epoch: 546, Loss: 0.5910
Epoch: 551, Loss: 0.5904
Epoch: 556, Loss: 0.5904
Epoch: 561, Loss: 0.5894
Epoch: 566, Loss: 0.5902
Epoch: 571, Loss: 0.5904
Epoch: 576, Loss: 0.5913
Epoch: 581, Loss: 0.5896
Epoch: 586, Loss: 0.5898
Epoch: 591, Loss: 0.5890
Epoch: 596, Loss: 0.5906
Epoch: 601, Loss: 0.5893
Epoch: 606, Loss: 0.5902
Epoch: 611, Loss: 0.5897
Epoch: 616, Loss: 0.5911
Epoch: 621, Loss: 0.5898
Epoch: 626, Loss: 0.5901
Epoch: 631, Loss: 0.5893
Epoch: 636, Loss: 0.5904
Epoch: 641, Loss: 0.5896
Epoch: 646, Loss: 0.5894
Epoch: 651, Loss: 0.5879
Epoch: 656, Loss: 0.5896
Epoch: 661, Loss: 0.5904
Epoch: 666, Loss: 0.5933
Epoch: 671, Loss: 0.5895
Epoch: 676, Loss: 0.5879
Epoch: 681, Loss: 0.5879
Epoch: 686, Loss: 0.5914
Epoch: 691, Loss: 0.5914
Epoch: 696, Loss: 0.5912
Epoch: 701, Loss: 0.5881
Epoch: 706, Loss: 0.5887
Epoch: 711, Loss: 0.5898
Epoch: 716, Loss: 0.5921
Epoch: 721, Loss: 0.5894
Epoch: 726, Loss: 0.5888
Epoch: 731, Loss: 0.5883
Epoch: 736, Loss: 0.5903
Epoch: 741, Loss: 0.5901
Epoch: 746, Loss: 0.5902
Epoch: 751, Loss: 0.5891
Epoch: 756, Loss: 0.5892
Epoch: 761, Loss: 0.5885
Epoch: 766, Loss: 0.5910
Epoch: 771, Loss: 0.5896
Epoch: 776, Loss: 0.5885
Epoch: 781, Loss: 0.5870
Epoch: 786, Loss: 0.5883
Epoch: 791, Loss: 0.5903
Epoch: 796, Loss: 0.5928
Epoch: 801, Loss: 0.5892
Epoch: 806, Loss: 0.5883
Epoch: 811, Loss: 0.5884
Epoch: 816, Loss: 0.5916
Epoch: 821, Loss: 0.5904
Epoch: 826, Loss: 0.5898
Epoch: 831, Loss: 0.5881
Epoch: 836, Loss: 0.5892
Epoch: 841, Loss: 0.5889
Epoch: 846, Loss: 0.5905
Epoch: 851, Loss: 0.5891
Epoch: 856, Loss: 0.5888
Epoch: 861, Loss: 0.5883
Epoch: 866, Loss: 0.5908
Epoch: 871, Loss: 0.5898
Epoch: 876, Loss: 0.5891
Epoch: 881, Loss: 0.5871
Epoch: 886, Loss: 0.5884
Epoch: 891, Loss: 0.5895
Epoch: 896, Loss: 0.5926
Epoch: 901, Loss: 0.5896
Epoch: 906, Loss: 0.5875
Epoch: 911, Loss: 0.5860
Epoch: 916, Loss: 0.5892
Epoch: 921, Loss: 0.5910
Epoch: 926, Loss: 0.5906
Epoch: 931, Loss: 0.5879
Epoch: 936, Loss: 0.5873
Epoch: 941, Loss: 0.5879
Epoch: 946, Loss: 0.5920
Epoch: 951, Loss: 0.5908
Epoch: 956, Loss: 0.5881
Epoch: 961, Loss: 0.5862
Epoch: 966, Loss: 0.5877
Epoch: 971, Loss: 0.5904
Epoch: 976, Loss: 0.5942
Epoch: 981, Loss: 0.5889
Epoch: 986, Loss: 0.5872
Epoch: 991, Loss: 0.5880
Epoch: 996, Loss: 0.5915
Epoch: 1001, Loss: 0.5899
Elapsed time 0.0786 min
Epoch: 6, Loss: 0.5894
Epoch: 11, Loss: 0.5875
Epoch: 16, Loss: 0.5885
Epoch: 21, Loss: 0.5889
Epoch: 26, Loss: 0.5914
Epoch: 31, Loss: 0.5878
Epoch: 36, Loss: 0.5880
Epoch: 41, Loss: 0.5879
Epoch: 46, Loss: 0.5908
Epoch: 51, Loss: 0.5906
Epoch: 56, Loss: 0.5896
Epoch: 61, Loss: 0.5878
Epoch: 66, Loss: 0.5903
Epoch: 71, Loss: 0.5898
Epoch: 76, Loss: 0.5900
Epoch: 81, Loss: 0.5879
Epoch: 86, Loss: 0.5887
Epoch: 91, Loss: 0.5886
Epoch: 96, Loss: 0.5893
Epoch: 101, Loss: 0.5888
Epoch: 106, Loss: 0.5895
Epoch: 111, Loss: 0.5886
Epoch: 116, Loss: 0.5893
Epoch: 121, Loss: 0.5882
Epoch: 126, Loss: 0.5895
Epoch: 131, Loss: 0.5886
Epoch: 136, Loss: 0.5894
Epoch: 141, Loss: 0.5888
Epoch: 146, Loss: 0.5895
Epoch: 151, Loss: 0.5881
Epoch: 156, Loss: 0.5894
Epoch: 161, Loss: 0.5881
Epoch: 166, Loss: 0.5887
Epoch: 171, Loss: 0.5880
Epoch: 176, Loss: 0.5895
Epoch: 181, Loss: 0.5892
Epoch: 186, Loss: 0.5895
Epoch: 191, Loss: 0.5872
Epoch: 196, Loss: 0.5886
Epoch: 201, Loss: 0.5896
Epoch: 206, Loss: 0.5908
Epoch: 211, Loss: 0.5877
Epoch: 216, Loss: 0.5878
Epoch: 221, Loss: 0.5877
Epoch: 226, Loss: 0.5898
Epoch: 231, Loss: 0.5893
Epoch: 236, Loss: 0.5893
Epoch: 241, Loss: 0.5878
Epoch: 246, Loss: 0.5880
Epoch: 251, Loss: 0.5869
Epoch: 256, Loss: 0.5889
Epoch: 261, Loss: 0.5894
Epoch: 266, Loss: 0.5909
Epoch: 271, Loss: 0.5881
Epoch: 276, Loss: 0.5880
Epoch: 281, Loss: 0.5875
Epoch: 286, Loss: 0.5897
Epoch: 291, Loss: 0.5892
Epoch: 296, Loss: 0.5891
Epoch: 301, Loss: 0.5879
Epoch: 306, Loss: 0.5888
Epoch: 311, Loss: 0.5881
Epoch: 316, Loss: 0.5888
Epoch: 321, Loss: 0.5874
Epoch: 326, Loss: 0.5883
Epoch: 331, Loss: 0.5887
Epoch: 336, Loss: 0.5903
Epoch: 341, Loss: 0.5882
Epoch: 346, Loss: 0.5880
Epoch: 351, Loss: 0.5875
Epoch: 356, Loss: 0.5900
Epoch: 361, Loss: 0.5894
Epoch: 366, Loss: 0.5889
Epoch: 371, Loss: 0.5862
Epoch: 376, Loss: 0.5875
Epoch: 381, Loss: 0.5884
Epoch: 386, Loss: 0.5900
Epoch: 391, Loss: 0.5879
Epoch: 396, Loss: 0.5876
Epoch: 401, Loss: 0.5864
Epoch: 406, Loss: 0.5879
Epoch: 411, Loss: 0.5883
Epoch: 416, Loss: 0.5899
Epoch: 421, Loss: 0.5882
Epoch: 426, Loss: 0.5883
Epoch: 431, Loss: 0.5874
Epoch: 436, Loss: 0.5890
Epoch: 441, Loss: 0.5887
Epoch: 446, Loss: 0.5891
Epoch: 451, Loss: 0.5868
Epoch: 456, Loss: 0.5879
Epoch: 461, Loss: 0.5882
Epoch: 466, Loss: 0.5906
Epoch: 471, Loss: 0.5887
Epoch: 476, Loss: 0.5881
Epoch: 481, Loss: 0.5868
Epoch: 486, Loss: 0.5887
Epoch: 491, Loss: 0.5884
Epoch: 496, Loss: 0.5893
Epoch: 501, Loss: 0.5874
Epoch: 506, Loss: 0.5883
Epoch: 511, Loss: 0.5882
Epoch: 516, Loss: 0.5896
Epoch: 521, Loss: 0.5882
Epoch: 526, Loss: 0.5881
Epoch: 531, Loss: 0.5874
Epoch: 536, Loss: 0.5895
Epoch: 541, Loss: 0.5889
Epoch: 546, Loss: 0.5887
Epoch: 551, Loss: 0.5873
Epoch: 556, Loss: 0.5878
Epoch: 561, Loss: 0.5873
Epoch: 566, Loss: 0.5884
Epoch: 571, Loss: 0.5878
Epoch: 576, Loss: 0.5892
Epoch: 581, Loss: 0.5876
Epoch: 586, Loss: 0.5881
Epoch: 591, Loss: 0.5873
Epoch: 596, Loss: 0.5901
Epoch: 601, Loss: 0.5887
Epoch: 606, Loss: 0.5876
Epoch: 611, Loss: 0.5866
Epoch: 616, Loss: 0.5877
Epoch: 621, Loss: 0.5878
Epoch: 626, Loss: 0.5890
Epoch: 631, Loss: 0.5875
Epoch: 636, Loss: 0.5879
Epoch: 641, Loss: 0.5873
Epoch: 646, Loss: 0.5889
Epoch: 651, Loss: 0.5883
Epoch: 656, Loss: 0.5895
Epoch: 661, Loss: 0.5874
Epoch: 666, Loss: 0.5877
Epoch: 671, Loss: 0.5869
Epoch: 676, Loss: 0.5886
Epoch: 681, Loss: 0.5884
Epoch: 686, Loss: 0.5888
Epoch: 691, Loss: 0.5863
Epoch: 696, Loss: 0.5871
Epoch: 701, Loss: 0.5875
Epoch: 706, Loss: 0.5892
Epoch: 711, Loss: 0.5884
Epoch: 716, Loss: 0.5886
Epoch: 721, Loss: 0.5863
Epoch: 726, Loss: 0.5879
Epoch: 731, Loss: 0.5893
Epoch: 736, Loss: 0.5915
Epoch: 741, Loss: 0.5873
Epoch: 746, Loss: 0.5867
Epoch: 751, Loss: 0.5862
Epoch: 756, Loss: 0.5870
Epoch: 761, Loss: 0.5882
Epoch: 766, Loss: 0.5905
Epoch: 771, Loss: 0.5870
Epoch: 776, Loss: 0.5860
Epoch: 781, Loss: 0.5862
Epoch: 786, Loss: 0.5888
Epoch: 791, Loss: 0.5879
Epoch: 796, Loss: 0.5873
Epoch: 801, Loss: 0.5858
Epoch: 806, Loss: 0.5876
Epoch: 811, Loss: 0.5876
Epoch: 816, Loss: 0.5889
Epoch: 821, Loss: 0.5871
Epoch: 826, Loss: 0.5868
Epoch: 831, Loss: 0.5866
Epoch: 836, Loss: 0.5888
Epoch: 841, Loss: 0.5872
Epoch: 846, Loss: 0.5867
Epoch: 851, Loss: 0.5861
Epoch: 856, Loss: 0.5882
Epoch: 861, Loss: 0.5876
Epoch: 866, Loss: 0.5879
Epoch: 871, Loss: 0.5863
Epoch: 876, Loss: 0.5874
Epoch: 881, Loss: 0.5873
Epoch: 886, Loss: 0.5890
Epoch: 891, Loss: 0.5875
Epoch: 896, Loss: 0.5882
Epoch: 901, Loss: 0.5867
Epoch: 906, Loss: 0.5868
Epoch: 911, Loss: 0.5863
Epoch: 916, Loss: 0.5877
Epoch: 921, Loss: 0.5874
Epoch: 926, Loss: 0.5881
Epoch: 931, Loss: 0.5864
Epoch: 936, Loss: 0.5880
Epoch: 941, Loss: 0.5875
Epoch: 946, Loss: 0.5886
Epoch: 951, Loss: 0.5870
Epoch: 956, Loss: 0.5861
Epoch: 961, Loss: 0.5853
Epoch: 966, Loss: 0.5879
Epoch: 971, Loss: 0.5887
Epoch: 976, Loss: 0.5887
Epoch: 981, Loss: 0.5859
Epoch: 986, Loss: 0.5862
Epoch: 991, Loss: 0.5865
Epoch: 996, Loss: 0.5897
Epoch: 1001, Loss: 0.5880
Elapsed time 0.0786 min
Epoch: 6, Loss: 0.5865
Epoch: 11, Loss: 0.5842
Epoch: 16, Loss: 0.5850
Epoch: 21, Loss: 0.5876
Epoch: 26, Loss: 0.5911
Epoch: 31, Loss: 0.5872
Epoch: 36, Loss: 0.5854
Epoch: 41, Loss: 0.5852
Epoch: 46, Loss: 0.5886
Epoch: 51, Loss: 0.5886
Epoch: 56, Loss: 0.5884
Epoch: 61, Loss: 0.5849
Epoch: 66, Loss: 0.5850
Epoch: 71, Loss: 0.5859
Epoch: 76, Loss: 0.5893
Epoch: 81, Loss: 0.5878
Epoch: 86, Loss: 0.5873
Epoch: 91, Loss: 0.5852
Epoch: 96, Loss: 0.5860
Epoch: 101, Loss: 0.5861
Epoch: 106, Loss: 0.5892
Epoch: 111, Loss: 0.5874
Epoch: 116, Loss: 0.5866
Epoch: 121, Loss: 0.5849
Epoch: 126, Loss: 0.5866
Epoch: 131, Loss: 0.5878
Epoch: 136, Loss: 0.5895
Epoch: 141, Loss: 0.5863
Epoch: 146, Loss: 0.5859
Epoch: 151, Loss: 0.5857
Epoch: 156, Loss: 0.5885
Epoch: 161, Loss: 0.5873
Epoch: 166, Loss: 0.5865
Epoch: 171, Loss: 0.5849
Epoch: 176, Loss: 0.5867
Epoch: 181, Loss: 0.5880
Epoch: 186, Loss: 0.5887
Epoch: 191, Loss: 0.5861
Epoch: 196, Loss: 0.5871
Epoch: 201, Loss: 0.5868
Epoch: 206, Loss: 0.5871
Epoch: 211, Loss: 0.5856
Epoch: 216, Loss: 0.5865
Epoch: 221, Loss: 0.5867
Epoch: 226, Loss: 0.5887
Epoch: 231, Loss: 0.5864
Epoch: 236, Loss: 0.5854
Epoch: 241, Loss: 0.5846
Epoch: 246, Loss: 0.5872
Epoch: 251, Loss: 0.5874
Epoch: 256, Loss: 0.5876
Epoch: 261, Loss: 0.5857
Epoch: 266, Loss: 0.5856
Epoch: 271, Loss: 0.5853
Epoch: 276, Loss: 0.5869
Epoch: 281, Loss: 0.5865
Epoch: 286, Loss: 0.5874
Epoch: 291, Loss: 0.5857
Epoch: 296, Loss: 0.5865
Epoch: 301, Loss: 0.5865
Epoch: 306, Loss: 0.5886
Epoch: 311, Loss: 0.5863
Epoch: 316, Loss: 0.5857
Epoch: 321, Loss: 0.5848
Epoch: 326, Loss: 0.5872
Epoch: 331, Loss: 0.5876
Epoch: 336, Loss: 0.5877
Epoch: 341, Loss: 0.5849
Epoch: 346, Loss: 0.5859
Epoch: 351, Loss: 0.5862
Epoch: 356, Loss: 0.5871
Epoch: 361, Loss: 0.5852
Epoch: 366, Loss: 0.5859
Epoch: 371, Loss: 0.5855
Epoch: 376, Loss: 0.5873
Epoch: 381, Loss: 0.5870
Epoch: 386, Loss: 0.5871
Epoch: 391, Loss: 0.5848
Epoch: 396, Loss: 0.5848
Epoch: 401, Loss: 0.5843
Epoch: 406, Loss: 0.5874
Epoch: 411, Loss: 0.5878
Epoch: 416, Loss: 0.5876
Epoch: 421, Loss: 0.5847
Epoch: 426, Loss: 0.5847
Epoch: 431, Loss: 0.5851
Epoch: 436, Loss: 0.5877
Epoch: 441, Loss: 0.5869
Epoch: 446, Loss: 0.5864
Epoch: 451, Loss: 0.5842
Epoch: 456, Loss: 0.5852
Epoch: 461, Loss: 0.5855
Epoch: 466, Loss: 0.5878
Epoch: 471, Loss: 0.5867
Epoch: 476, Loss: 0.5860
Epoch: 481, Loss: 0.5840
Epoch: 486, Loss: 0.5858
Epoch: 491, Loss: 0.5867
Epoch: 496, Loss: 0.5880
Epoch: 501, Loss: 0.5852
Epoch: 506, Loss: 0.5845
Epoch: 511, Loss: 0.5840
Epoch: 516, Loss: 0.5870
Epoch: 521, Loss: 0.5879
Epoch: 526, Loss: 0.5876
Epoch: 531, Loss: 0.5850
Epoch: 536, Loss: 0.5860
Epoch: 541, Loss: 0.5864
Epoch: 546, Loss: 0.5870
Epoch: 551, Loss: 0.5848
Epoch: 556, Loss: 0.5849
Epoch: 561, Loss: 0.5848
Epoch: 566, Loss: 0.5885
Epoch: 571, Loss: 0.5873
Epoch: 576, Loss: 0.5850
Epoch: 581, Loss: 0.5835
Epoch: 586, Loss: 0.5863
Epoch: 591, Loss: 0.5874
Epoch: 596, Loss: 0.5874
Epoch: 601, Loss: 0.5841
Epoch: 606, Loss: 0.5837
Epoch: 611, Loss: 0.5846
Epoch: 616, Loss: 0.5879
Epoch: 621, Loss: 0.5879
Epoch: 626, Loss: 0.5864
Epoch: 631, Loss: 0.5842
Epoch: 636, Loss: 0.5857
Epoch: 641, Loss: 0.5862
Epoch: 646, Loss: 0.5873
Epoch: 651, Loss: 0.5854
Epoch: 656, Loss: 0.5866
Epoch: 661, Loss: 0.5863
Epoch: 666, Loss: 0.5872
Epoch: 671, Loss: 0.5853
Epoch: 676, Loss: 0.5849
Epoch: 681, Loss: 0.5836
Epoch: 686, Loss: 0.5863
Epoch: 691, Loss: 0.5864
Epoch: 696, Loss: 0.5877
Epoch: 701, Loss: 0.5847
Epoch: 706, Loss: 0.5837
Epoch: 711, Loss: 0.5846
Epoch: 716, Loss: 0.5877
Epoch: 721, Loss: 0.5867
Epoch: 726, Loss: 0.5855
Epoch: 731, Loss: 0.5832
Epoch: 736, Loss: 0.5853
Epoch: 741, Loss: 0.5893
Epoch: 746, Loss: 0.5901
Epoch: 751, Loss: 0.5836
Epoch: 756, Loss: 0.5837
Epoch: 761, Loss: 0.5864
Epoch: 766, Loss: 0.5897
Epoch: 771, Loss: 0.5869
Epoch: 776, Loss: 0.5857
Epoch: 781, Loss: 0.5842
Epoch: 786, Loss: 0.5870
Epoch: 791, Loss: 0.5880
Epoch: 796, Loss: 0.5918
Epoch: 801, Loss: 0.5883
Epoch: 806, Loss: 0.5865
Epoch: 811, Loss: 0.5848
Epoch: 816, Loss: 0.5867
Epoch: 821, Loss: 0.5892
Epoch: 826, Loss: 0.5945
Epoch: 831, Loss: 0.5885
Epoch: 836, Loss: 0.5859
Epoch: 841, Loss: 0.5860
Epoch: 846, Loss: 0.5929
Epoch: 851, Loss: 0.5937
Epoch: 856, Loss: 0.5961
Epoch: 861, Loss: 0.5873
Epoch: 866, Loss: 0.5807
Epoch: 871, Loss: 0.5823
Epoch: 876, Loss: 0.5932
Epoch: 881, Loss: 0.5942
Epoch: 886, Loss: 0.5885
Epoch: 891, Loss: 0.5841
Epoch: 896, Loss: 0.5899
Epoch: 901, Loss: 0.5851
Epoch: 906, Loss: 0.5828
Epoch: 911, Loss: 0.5848
Epoch: 916, Loss: 0.5894
Epoch: 921, Loss: 0.5859
Epoch: 926, Loss: 0.5902
Epoch: 931, Loss: 0.5980
Epoch: 936, Loss: 0.6016
Epoch: 941, Loss: 0.5882
Epoch: 946, Loss: 0.5859
Epoch: 951, Loss: 0.5851
Epoch: 956, Loss: 0.5846
Epoch: 961, Loss: 0.5854
Epoch: 966, Loss: 0.5894
Epoch: 971, Loss: 0.5846
Epoch: 976, Loss: 0.5847
Epoch: 981, Loss: 0.5805
Epoch: 986, Loss: 0.5782
Epoch: 991, Loss: 0.5770
Epoch: 996, Loss: 0.5808
Epoch: 1001, Loss: 0.5783
Elapsed time 0.0787 min
Epoch: 6, Loss: 0.6065
Epoch: 11, Loss: 0.6091
Epoch: 16, Loss: 0.5885
Epoch: 21, Loss: 0.6079
Epoch: 26, Loss: 0.5976
Epoch: 31, Loss: 0.5798
Epoch: 36, Loss: 0.5802
Epoch: 41, Loss: 0.5943
Epoch: 46, Loss: 0.5968
Epoch: 51, Loss: 0.5859
Epoch: 56, Loss: 0.5776
Epoch: 61, Loss: 0.5806
Epoch: 66, Loss: 0.5866
Epoch: 71, Loss: 0.5876
Epoch: 76, Loss: 0.5809
Epoch: 81, Loss: 0.5827
Epoch: 86, Loss: 0.5880
Epoch: 91, Loss: 0.5869
Epoch: 96, Loss: 0.5824
Epoch: 101, Loss: 0.5856
Epoch: 106, Loss: 0.5762
Epoch: 111, Loss: 0.5778
Epoch: 116, Loss: 0.5796
Epoch: 121, Loss: 0.5890
Epoch: 126, Loss: 0.5933
Epoch: 131, Loss: 0.6159
Epoch: 136, Loss: 0.5864
Epoch: 141, Loss: 0.5863
Epoch: 146, Loss: 0.5953
Epoch: 151, Loss: 0.6200
Epoch: 156, Loss: 0.6155
Epoch: 161, Loss: 0.6194
Epoch: 166, Loss: 0.5920
Epoch: 171, Loss: 0.5942
Epoch: 176, Loss: 0.5899
Epoch: 181, Loss: 0.6173
Epoch: 186, Loss: 0.5917
Epoch: 191, Loss: 0.5846
Epoch: 196, Loss: 0.5795
Epoch: 201, Loss: 0.5842
Epoch: 206, Loss: 0.6053
Epoch: 211, Loss: 0.5876
Epoch: 216, Loss: 0.5762
Epoch: 221, Loss: 0.5797
Epoch: 226, Loss: 0.6152
Epoch: 231, Loss: 0.5881
Epoch: 236, Loss: 0.5767
Epoch: 241, Loss: 0.6000
Epoch: 246, Loss: 0.6056
Epoch: 251, Loss: 0.6305
Epoch: 256, Loss: 0.5840
Epoch: 261, Loss: 0.5885
Epoch: 266, Loss: 0.6553
Epoch: 271, Loss: 0.5913
Epoch: 276, Loss: 0.5997
Epoch: 281, Loss: 0.6547
Epoch: 286, Loss: 0.6405
Epoch: 291, Loss: 0.6598
Epoch: 296, Loss: 0.6422
Epoch: 301, Loss: 0.6441
Epoch: 306, Loss: 0.6363
Epoch: 311, Loss: 0.6401
Epoch: 316, Loss: 0.6457
Epoch: 321, Loss: 0.6546
Epoch: 326, Loss: 0.7123
Epoch: 331, Loss: 0.7295
Epoch: 336, Loss: 0.6799
Epoch: 341, Loss: 0.6873
Epoch: 346, Loss: 0.6125
Epoch: 351, Loss: 0.6321
Epoch: 356, Loss: 0.6676
Epoch: 361, Loss: 0.6841
Epoch: 366, Loss: 1.1607
Epoch: 371, Loss: 0.6007
Epoch: 376, Loss: 0.8950
Epoch: 381, Loss: 0.6192
Epoch: 386, Loss: 0.9810
Epoch: 391, Loss: 1.4051
Epoch: 396, Loss: 0.6052
Epoch: 401, Loss: 0.6054
Epoch: 406, Loss: 0.7524
Epoch: 411, Loss: 0.6528
Epoch: 416, Loss: 0.8106
Epoch: 421, Loss: 0.6185
Epoch: 426, Loss: 0.7544
Epoch: 431, Loss: 0.7651
Epoch: 436, Loss: 0.6169
Epoch: 441, Loss: 0.6052
Epoch: 446, Loss: 0.6263
Epoch: 451, Loss: 0.6059
Epoch: 456, Loss: 0.5941
Epoch: 461, Loss: 0.5939
Epoch: 466, Loss: 0.6003
Epoch: 471, Loss: 0.6009
Epoch: 476, Loss: 0.6059
Epoch: 481, Loss: 0.6048
Epoch: 486, Loss: 0.6068
Epoch: 491, Loss: 0.6063
Epoch: 496, Loss: 0.6063
Epoch: 501, Loss: 0.6081
Epoch: 506, Loss: 0.6163
Epoch: 511, Loss: 0.6131
Epoch: 516, Loss: 0.6146
Epoch: 521, Loss: 0.6559
Epoch: 526, Loss: 0.6458
Epoch: 531, Loss: 0.6073
Epoch: 536, Loss: 0.6061
Epoch: 541, Loss: 0.6290
Epoch: 546, Loss: 0.6132
Epoch: 551, Loss: 0.6163
Epoch: 556, Loss: 0.6151
Epoch: 561, Loss: 0.6128
Epoch: 566, Loss: 0.6060
Epoch: 571, Loss: 0.6289
Epoch: 576, Loss: 0.7092
Epoch: 581, Loss: 0.6629
Epoch: 586, Loss: 0.6196
Epoch: 591, Loss: 0.6096
Epoch: 596, Loss: 0.6415
Epoch: 601, Loss: 0.6085
Epoch: 606, Loss: 0.6599
Epoch: 611, Loss: 0.6066
Epoch: 616, Loss: 0.6311
Epoch: 621, Loss: 0.6265
Epoch: 626, Loss: 0.6070
Epoch: 631, Loss: 0.6376
Epoch: 636, Loss: 0.6312
Epoch: 641, Loss: 0.6094
Epoch: 646, Loss: 0.6079
Epoch: 651, Loss: 0.6066
Epoch: 656, Loss: 0.6094
Epoch: 661, Loss: 0.6569
Epoch: 666, Loss: 0.6605
Epoch: 671, Loss: 0.6387
Epoch: 676, Loss: 0.6219
Epoch: 681, Loss: 0.7146
Epoch: 686, Loss: 1.6196
Epoch: 691, Loss: 1.2095
Epoch: 696, Loss: 1.2691
Epoch: 701, Loss: 1.0792
Epoch: 706, Loss: 0.9882
Epoch: 711, Loss: 0.6173
Epoch: 716, Loss: 0.7661
Epoch: 721, Loss: 1.7573
Epoch: 726, Loss: 0.7364
Epoch: 731, Loss: 0.8423
Epoch: 736, Loss: 1.1419
Epoch: 741, Loss: 0.9595
Epoch: 746, Loss: 1.1648
Epoch: 751, Loss: 1.1739
Epoch: 756, Loss: 0.8162
Epoch: 761, Loss: 0.8966
Epoch: 766, Loss: 1.1287
Epoch: 771, Loss: 0.8141
Epoch: 776, Loss: 0.7926
Epoch: 781, Loss: 1.1262
Epoch: 786, Loss: 0.7809
Epoch: 791, Loss: 0.6528
Epoch: 796, Loss: 0.7590
Epoch: 801, Loss: 0.6410
Epoch: 806, Loss: 0.6173
Epoch: 811, Loss: 0.6135
Epoch: 816, Loss: 0.6132
Epoch: 821, Loss: 0.6107
Epoch: 826, Loss: 0.6108
Epoch: 831, Loss: 0.6115
Epoch: 836, Loss: 0.6139
Epoch: 841, Loss: 0.6122
Epoch: 846, Loss: 0.6103
Epoch: 851, Loss: 0.6098
Epoch: 856, Loss: 0.6095
Epoch: 861, Loss: 0.6095
Epoch: 866, Loss: 0.6092
Epoch: 871, Loss: 0.6101
Epoch: 876, Loss: 0.6112
Epoch: 881, Loss: 0.6101
Epoch: 886, Loss: 0.6092
Epoch: 891, Loss: 0.6091
Epoch: 896, Loss: 0.6091
Epoch: 901, Loss: 0.6100
Epoch: 906, Loss: 0.6093
Epoch: 911, Loss: 0.6093
Epoch: 916, Loss: 0.6097
Epoch: 921, Loss: 0.6097
Epoch: 926, Loss: 0.6103
Epoch: 931, Loss: 0.6094
Epoch: 936, Loss: 0.6095
Epoch: 941, Loss: 0.6095
Epoch: 946, Loss: 0.6095
Epoch: 951, Loss: 0.6117
Epoch: 956, Loss: 0.6098
Epoch: 961, Loss: 0.6102
Epoch: 966, Loss: 0.6099
Epoch: 971, Loss: 0.6099
Epoch: 976, Loss: 0.6099
Epoch: 981, Loss: 0.6100
Epoch: 986, Loss: 0.6101
Epoch: 991, Loss: 0.6101
Epoch: 996, Loss: 0.6103
Epoch: 1001, Loss: 0.6101
Elapsed time 0.0786 min
Epoch: 6, Loss: 0.6130
Epoch: 11, Loss: 0.6101
Epoch: 16, Loss: 0.6098
Epoch: 21, Loss: 0.6101
Epoch: 26, Loss: 0.6104
Epoch: 31, Loss: 0.6101
Epoch: 36, Loss: 0.6102
Epoch: 41, Loss: 0.6100
Epoch: 46, Loss: 0.6100
Epoch: 51, Loss: 0.6100
Epoch: 56, Loss: 0.6382
Epoch: 61, Loss: 0.6211
Epoch: 66, Loss: 0.6108
Epoch: 71, Loss: 0.6103
Epoch: 76, Loss: 0.6104
Epoch: 81, Loss: 0.6108
Epoch: 86, Loss: 0.6104
Epoch: 91, Loss: 0.6103
Epoch: 96, Loss: 0.6103
Epoch: 101, Loss: 0.6105
Epoch: 106, Loss: 0.6103
Epoch: 111, Loss: 0.6104
Epoch: 116, Loss: 0.6104
Epoch: 121, Loss: 0.6104
Epoch: 126, Loss: 0.6109
Epoch: 131, Loss: 0.6105
Epoch: 136, Loss: 0.6105
Epoch: 141, Loss: 0.6107
Epoch: 146, Loss: 0.6113
Epoch: 151, Loss: 0.6107
Epoch: 156, Loss: 0.6108
Epoch: 161, Loss: 0.6146
Epoch: 166, Loss: 0.6116
Epoch: 171, Loss: 0.6106
Epoch: 176, Loss: 0.6106
Epoch: 181, Loss: 0.6107
Epoch: 186, Loss: 0.6106
Epoch: 191, Loss: 0.6123
Epoch: 196, Loss: 0.6151
Epoch: 201, Loss: 0.6109
Epoch: 206, Loss: 0.6117
Epoch: 211, Loss: 0.6117
Epoch: 216, Loss: 0.6108
Epoch: 221, Loss: 0.6122
Epoch: 226, Loss: 0.6120
Epoch: 231, Loss: 0.6153
Epoch: 236, Loss: 0.6120
Epoch: 241, Loss: 0.6118
Epoch: 246, Loss: 0.6110
Epoch: 251, Loss: 0.6107
Epoch: 256, Loss: 0.6107
Epoch: 261, Loss: 0.6106
Epoch: 266, Loss: 0.6109
Epoch: 271, Loss: 0.6105
Epoch: 276, Loss: 0.6106
Epoch: 281, Loss: 0.6106
Epoch: 286, Loss: 0.6107
Epoch: 291, Loss: 0.6112
Epoch: 296, Loss: 0.6109
Epoch: 301, Loss: 0.6108
Epoch: 306, Loss: 0.6111
Epoch: 311, Loss: 0.6131
Epoch: 316, Loss: 0.6114
Epoch: 321, Loss: 0.6108
Epoch: 326, Loss: 0.6113
Epoch: 331, Loss: 0.6109
Epoch: 336, Loss: 0.6115
Epoch: 341, Loss: 0.6123
Epoch: 346, Loss: 0.6109
Epoch: 351, Loss: 0.6108
Epoch: 356, Loss: 0.6111
Epoch: 361, Loss: 0.6107
Epoch: 366, Loss: 0.6107
Epoch: 371, Loss: 0.6108
Epoch: 376, Loss: 0.6115
Epoch: 381, Loss: 0.6125
Epoch: 386, Loss: 0.6123
Epoch: 391, Loss: 0.6144
Epoch: 396, Loss: 0.6149
Epoch: 401, Loss: 0.6116
Epoch: 406, Loss: 0.6137
Epoch: 411, Loss: 0.6129
Epoch: 416, Loss: 0.6192
Epoch: 421, Loss: 0.6139
Epoch: 426, Loss: 0.6112
Epoch: 431, Loss: 0.6125
Epoch: 436, Loss: 0.6116
Epoch: 441, Loss: 0.6111
Epoch: 446, Loss: 0.6111
Epoch: 451, Loss: 0.6120
Epoch: 456, Loss: 0.6109
Epoch: 461, Loss: 0.6109
Epoch: 466, Loss: 0.6109
Epoch: 471, Loss: 0.6108
Epoch: 476, Loss: 0.6114
Epoch: 481, Loss: 0.6123
Epoch: 486, Loss: 0.6141
Epoch: 491, Loss: 0.6116
Epoch: 496, Loss: 0.6108
Epoch: 501, Loss: 0.6118
Epoch: 506, Loss: 0.6111
Epoch: 511, Loss: 0.6109
Epoch: 516, Loss: 0.6115
Epoch: 521, Loss: 0.6134
Epoch: 526, Loss: 0.6117
Epoch: 531, Loss: 0.6113
Epoch: 536, Loss: 0.6140
Epoch: 541, Loss: 0.6124
Epoch: 546, Loss: 0.6160
Epoch: 551, Loss: 0.6131
Epoch: 556, Loss: 0.6123
Epoch: 561, Loss: 0.6122
Epoch: 566, Loss: 0.6112
Epoch: 571, Loss: 0.6112
Epoch: 576, Loss: 0.6111
Epoch: 581, Loss: 0.6118
Epoch: 586, Loss: 0.6138
Epoch: 591, Loss: 0.6111
Epoch: 596, Loss: 0.6112
Epoch: 601, Loss: 0.6112
Epoch: 606, Loss: 0.6116
Epoch: 611, Loss: 0.6111
Epoch: 616, Loss: 0.6123
Epoch: 621, Loss: 0.6184
Epoch: 626, Loss: 0.6128
Epoch: 631, Loss: 0.6127
Epoch: 636, Loss: 0.6129
Epoch: 641, Loss: 0.6120
Epoch: 646, Loss: 0.6117
Epoch: 651, Loss: 0.6114
Epoch: 656, Loss: 0.6122
Epoch: 661, Loss: 0.6124
Epoch: 666, Loss: 0.6122
Epoch: 671, Loss: 0.6116
Epoch: 676, Loss: 0.6117
Epoch: 681, Loss: 0.6138
Epoch: 686, Loss: 0.6116
Epoch: 691, Loss: 0.6120
Epoch: 696, Loss: 0.6121
Epoch: 701, Loss: 0.6148
Epoch: 706, Loss: 0.6123
Epoch: 711, Loss: 0.6147
Epoch: 716, Loss: 0.6179
Epoch: 721, Loss: 0.6125
Epoch: 726, Loss: 0.6159
Epoch: 731, Loss: 0.6131
Epoch: 736, Loss: 0.6120
Epoch: 741, Loss: 0.6128
Epoch: 746, Loss: 0.6119
Epoch: 751, Loss: 0.6121
Epoch: 756, Loss: 0.6119
Epoch: 761, Loss: 0.6122
Epoch: 766, Loss: 0.6156
Epoch: 771, Loss: 0.6168
Epoch: 776, Loss: 0.6122
Epoch: 781, Loss: 0.6196
Epoch: 786, Loss: 0.6122
Epoch: 791, Loss: 0.6151
Epoch: 796, Loss: 0.6181
Epoch: 801, Loss: 0.6138
Epoch: 806, Loss: 0.6132
Epoch: 811, Loss: 0.6134
Epoch: 816, Loss: 0.6134
Epoch: 821, Loss: 0.6118
Epoch: 826, Loss: 0.6117
Epoch: 831, Loss: 0.6117
Epoch: 836, Loss: 0.6116
Epoch: 841, Loss: 0.6118
Epoch: 846, Loss: 0.6117
Epoch: 851, Loss: 0.6117
Epoch: 856, Loss: 0.6117
Epoch: 861, Loss: 0.6129
Epoch: 866, Loss: 0.6122
Epoch: 871, Loss: 0.6139
Epoch: 876, Loss: 0.6120
Epoch: 881, Loss: 0.6120
Epoch: 886, Loss: 0.6129
Epoch: 891, Loss: 0.6118
Epoch: 896, Loss: 0.6123
Epoch: 901, Loss: 0.6122
Epoch: 906, Loss: 0.6119
Epoch: 911, Loss: 0.6164
Epoch: 916, Loss: 0.6128
Epoch: 921, Loss: 0.6143
Epoch: 926, Loss: 0.6127
Epoch: 931, Loss: 0.6218
Epoch: 936, Loss: 0.6136
Epoch: 941, Loss: 0.6130
Epoch: 946, Loss: 0.6148
Epoch: 951, Loss: 0.6135
Epoch: 956, Loss: 0.6131
Epoch: 961, Loss: 0.6123
Epoch: 966, Loss: 0.6127
Epoch: 971, Loss: 0.6194
Epoch: 976, Loss: 0.6331
Epoch: 981, Loss: 0.6800
Epoch: 986, Loss: 0.6157
Epoch: 991, Loss: 0.6232
Epoch: 996, Loss: 0.6138
Epoch: 1001, Loss: 0.6328
Elapsed time 0.0786 min
Epoch: 6, Loss: 0.6401
Epoch: 11, Loss: 0.6154
Epoch: 16, Loss: 0.6144
Epoch: 21, Loss: 0.6151
Epoch: 26, Loss: 0.6132
Epoch: 31, Loss: 0.6126
Epoch: 36, Loss: 0.6129
Epoch: 41, Loss: 0.6129
Epoch: 46, Loss: 0.6126
Epoch: 51, Loss: 0.6127
Epoch: 56, Loss: 0.6127
Epoch: 61, Loss: 0.6125
Epoch: 66, Loss: 0.6125
Epoch: 71, Loss: 0.6125
Epoch: 76, Loss: 0.6124
Epoch: 81, Loss: 0.6125
Epoch: 86, Loss: 0.6125
Epoch: 91, Loss: 0.6130
Epoch: 96, Loss: 0.6129
Epoch: 101, Loss: 0.6125
Epoch: 106, Loss: 0.6125
Epoch: 111, Loss: 0.6127
Epoch: 116, Loss: 0.6126
Epoch: 121, Loss: 0.6130
Epoch: 126, Loss: 0.6133
Epoch: 131, Loss: 0.6129
Epoch: 136, Loss: 0.6131
Epoch: 141, Loss: 0.6130
Epoch: 146, Loss: 0.6138
Epoch: 151, Loss: 0.6136
Epoch: 156, Loss: 0.6142
Epoch: 161, Loss: 0.6133
Epoch: 166, Loss: 0.6129
Epoch: 171, Loss: 0.6132
Epoch: 176, Loss: 0.6153
Epoch: 181, Loss: 0.6128
Epoch: 186, Loss: 0.6183
Epoch: 191, Loss: 0.6275
Epoch: 196, Loss: 0.6183
Epoch: 201, Loss: 0.6133
Epoch: 206, Loss: 0.6187
Epoch: 211, Loss: 0.6135
Epoch: 216, Loss: 0.6159
Epoch: 221, Loss: 0.6154
Epoch: 226, Loss: 0.6132
Epoch: 231, Loss: 0.6143
Epoch: 236, Loss: 0.6139
Epoch: 241, Loss: 0.6139
Epoch: 246, Loss: 0.6137
Epoch: 251, Loss: 0.6142
Epoch: 256, Loss: 0.6163
Epoch: 261, Loss: 0.6258
Epoch: 266, Loss: 0.6275
Epoch: 271, Loss: 0.6130
Epoch: 276, Loss: 0.6153
Epoch: 281, Loss: 0.6132
Epoch: 286, Loss: 0.6133
Epoch: 291, Loss: 0.6130
Epoch: 296, Loss: 0.6145
Epoch: 301, Loss: 0.6134
Epoch: 306, Loss: 0.6129
Epoch: 311, Loss: 0.6131
Epoch: 316, Loss: 0.6132
Epoch: 321, Loss: 0.6132
Epoch: 326, Loss: 0.6129
Epoch: 331, Loss: 0.6130
Epoch: 336, Loss: 0.6135
Epoch: 341, Loss: 0.6130
Epoch: 346, Loss: 0.6130
Epoch: 351, Loss: 0.6131
Epoch: 356, Loss: 0.6145
Epoch: 361, Loss: 0.6144
Epoch: 366, Loss: 0.6138
Epoch: 371, Loss: 0.6140
Epoch: 376, Loss: 0.6148
Epoch: 381, Loss: 0.6168
Epoch: 386, Loss: 0.6161
Epoch: 391, Loss: 0.6136
Epoch: 396, Loss: 0.6134
Epoch: 401, Loss: 0.6196
Epoch: 406, Loss: 0.6334
Epoch: 411, Loss: 0.6277
Epoch: 416, Loss: 0.6142
Epoch: 421, Loss: 0.6141
Epoch: 426, Loss: 0.6157
Epoch: 431, Loss: 0.6146
Epoch: 436, Loss: 0.6157
Epoch: 441, Loss: 0.6134
Epoch: 446, Loss: 0.6198
Epoch: 451, Loss: 0.6413
Epoch: 456, Loss: 0.6197
Epoch: 461, Loss: 0.6140
Epoch: 466, Loss: 0.6147
Epoch: 471, Loss: 0.6133
Epoch: 476, Loss: 0.6149
Epoch: 481, Loss: 0.6134
Epoch: 486, Loss: 0.6162
Epoch: 491, Loss: 0.6150
Epoch: 496, Loss: 0.6132
Epoch: 501, Loss: 0.6133
Epoch: 506, Loss: 0.6135
Epoch: 511, Loss: 0.6133
Epoch: 516, Loss: 0.6212
Epoch: 521, Loss: 0.6390
Epoch: 526, Loss: 0.6133
Epoch: 531, Loss: 0.6298
Epoch: 536, Loss: 0.6141
Epoch: 541, Loss: 0.6227
Epoch: 546, Loss: 0.6154
Epoch: 551, Loss: 0.6161
Epoch: 556, Loss: 0.6135
Epoch: 561, Loss: 0.6148
Epoch: 566, Loss: 0.6146
Epoch: 571, Loss: 0.6134
Epoch: 576, Loss: 0.6143
Epoch: 581, Loss: 0.6134
Epoch: 586, Loss: 0.6152
Epoch: 591, Loss: 0.6268
Epoch: 596, Loss: 0.6153
Epoch: 601, Loss: 0.6182
Epoch: 606, Loss: 0.6141
Epoch: 611, Loss: 0.6159
Epoch: 616, Loss: 0.6133
Epoch: 621, Loss: 0.6144
Epoch: 626, Loss: 0.6133
Epoch: 631, Loss: 0.6133
Epoch: 636, Loss: 0.6133
Epoch: 641, Loss: 0.6150
Epoch: 646, Loss: 0.6136
Epoch: 651, Loss: 0.6148
Epoch: 656, Loss: 0.6376
Epoch: 661, Loss: 0.6254
Epoch: 666, Loss: 0.6135
Epoch: 671, Loss: 0.6156
Epoch: 676, Loss: 0.6133
Epoch: 681, Loss: 0.6135
Epoch: 686, Loss: 0.6134
Epoch: 691, Loss: 0.6139
Epoch: 696, Loss: 0.6193
Epoch: 701, Loss: 0.6265
Epoch: 706, Loss: 0.6151
Epoch: 711, Loss: 0.6148
Epoch: 716, Loss: 0.6136
Epoch: 721, Loss: 0.6161
Epoch: 726, Loss: 0.6219
Epoch: 731, Loss: 0.6150
Epoch: 736, Loss: 0.6144
Epoch: 741, Loss: 0.6146
Epoch: 746, Loss: 0.6135
Epoch: 751, Loss: 0.6137
Epoch: 756, Loss: 0.6147
Epoch: 761, Loss: 0.6184
Epoch: 766, Loss: 0.6221
Epoch: 771, Loss: 0.6228
Epoch: 776, Loss: 0.6154
Epoch: 781, Loss: 0.6142
Epoch: 786, Loss: 0.6139
Epoch: 791, Loss: 0.6152
Epoch: 796, Loss: 0.6241
Epoch: 801, Loss: 0.6258
Epoch: 806, Loss: 0.6136
Epoch: 811, Loss: 0.6161
Epoch: 816, Loss: 0.6147
Epoch: 821, Loss: 0.6136
Epoch: 826, Loss: 0.6137
Epoch: 831, Loss: 0.6160
Epoch: 836, Loss: 0.6218
Epoch: 841, Loss: 0.6375
Epoch: 846, Loss: 0.6291
Epoch: 851, Loss: 0.6149
Epoch: 856, Loss: 0.6149
Epoch: 861, Loss: 0.6143
Epoch: 866, Loss: 0.6137
Epoch: 871, Loss: 0.6138
Epoch: 876, Loss: 0.6137
Epoch: 881, Loss: 0.6137
Epoch: 886, Loss: 0.6137
Epoch: 891, Loss: 0.6137
Epoch: 896, Loss: 0.6160
Epoch: 901, Loss: 0.6245
Epoch: 906, Loss: 0.6403
Epoch: 911, Loss: 0.6182
Epoch: 916, Loss: 0.6141
Epoch: 921, Loss: 0.6138
Epoch: 926, Loss: 0.6149
Epoch: 931, Loss: 0.6169
Epoch: 936, Loss: 0.6176
Epoch: 941, Loss: 0.6147
Epoch: 946, Loss: 0.6148
Epoch: 951, Loss: 0.6273
Epoch: 956, Loss: 0.6344
Epoch: 961, Loss: 0.6137
Epoch: 966, Loss: 0.6216
Epoch: 971, Loss: 0.6157
Epoch: 976, Loss: 0.6144
Epoch: 981, Loss: 0.6146
Epoch: 986, Loss: 0.6137
Epoch: 991, Loss: 0.6144
Epoch: 996, Loss: 0.6139
Epoch: 1001, Loss: 0.6141
Elapsed time 0.0788 min
avg Test Accuracy: 0.8361  avg Test AUC: 0.8750  avg Test PRE: 0.7706
