====================================================================================================
data: HeteroData(
  drug={
    node_id=[3084],
    x=[3084, 12],
  },
  protein={
    node_id=[718],
    x=[718, 20],
  },
  (drug, interaction, protein)={ edge_index=[2, 5937] },
  (protein, rev_interaction, drug)={ edge_index=[2, 5937] }
)
====================================================================================================
****************************************************************************************************
train data: HeteroData(
  drug={
    node_id=[3084],
    x=[3084, 12],
  },
  protein={
    node_id=[718],
    x=[718, 20],
  },
  (drug, interaction, protein)={
    edge_index=[2, 3326],
    edge_label=[2493],
    edge_label_index=[2, 2493],
  },
  (protein, rev_interaction, drug)={ edge_index=[2, 3326] }
)
****************************************************************************************************
val data: HeteroData(
  drug={
    node_id=[3084],
    x=[3084, 12],
  },
  protein={
    node_id=[718],
    x=[718, 20],
  },
  (drug, interaction, protein)={
    edge_index=[2, 4157],
    edge_label=[1779],
    edge_label_index=[2, 1779],
  },
  (protein, rev_interaction, drug)={ edge_index=[2, 4157] }
)
****************************************************************************************************
test data: HeteroData(
  drug={
    node_id=[3084],
    x=[3084, 12],
  },
  protein={
    node_id=[718],
    x=[718, 20],
  },
  (drug, interaction, protein)={
    edge_index=[2, 4750],
    edge_label=[3561],
    edge_label_index=[2, 3561],
  },
  (protein, rev_interaction, drug)={ edge_index=[2, 4750] }
)
****************************************************************************************************
edge_x: torch.Size([2493, 32])
labels: torch.Size([2493])
edge_x: torch.Size([1779, 32])
labels: torch.Size([1779])
edge_x: torch.Size([3561, 32])
labels: torch.Size([3561])
model: HGT(
  (lin_dict): ModuleDict(
    (drug): Linear(-1, 64, bias=True)
    (protein): Linear(-1, 64, bias=True)
  )
  (convs): ModuleList(
    (0-1): 2 x HGTConv(-1, 64, heads=4)
  )
  (lin): Linear(128, 1, bias=True)
)
Epoch: 51, Loss: 0.6064
Epoch: 101, Loss: 0.5673
Epoch: 151, Loss: 0.5252
Epoch: 201, Loss: 0.5149
Epoch: 251, Loss: 0.5016
Epoch: 301, Loss: 0.5081
Epoch: 351, Loss: 0.4899
Epoch: 401, Loss: 0.4847
Epoch: 451, Loss: 0.4875
Epoch: 501, Loss: 0.4799
Epoch: 551, Loss: 0.4762
Epoch: 601, Loss: 0.4729
Epoch: 651, Loss: 0.4812
Epoch: 701, Loss: 0.4657
Epoch: 751, Loss: 0.4614
Epoch: 801, Loss: 0.4568
Epoch: 851, Loss: 0.4565
Epoch: 901, Loss: 0.4473
Epoch: 951, Loss: 0.4506
Epoch: 1001, Loss: 0.4409
Epoch: 6, Loss: 0.4397
Epoch: 11, Loss: 0.4394
Epoch: 16, Loss: 0.4402
Epoch: 21, Loss: 0.4395
Epoch: 26, Loss: 0.4562
Epoch: 31, Loss: 0.4395
Epoch: 36, Loss: 0.4432
Epoch: 41, Loss: 0.4402
Epoch: 46, Loss: 0.4364
Epoch: 51, Loss: 0.4368
Epoch: 56, Loss: 0.4369
Epoch: 61, Loss: 0.4356
Epoch: 66, Loss: 0.4350
Epoch: 71, Loss: 0.4344
Epoch: 76, Loss: 0.4337
Epoch: 81, Loss: 0.4333
Epoch: 86, Loss: 0.4330
Epoch: 91, Loss: 0.4578
Epoch: 96, Loss: 0.4799
Epoch: 101, Loss: 0.4740
Epoch: 106, Loss: 0.4529
Epoch: 111, Loss: 0.4454
Epoch: 116, Loss: 0.4441
Epoch: 121, Loss: 0.4390
Epoch: 126, Loss: 0.4475
Epoch: 131, Loss: 0.4448
Epoch: 136, Loss: 0.4427
Epoch: 141, Loss: 0.4394
Epoch: 146, Loss: 0.4377
Epoch: 151, Loss: 0.4356
Epoch: 156, Loss: 0.4354
Epoch: 161, Loss: 0.4343
Epoch: 166, Loss: 0.4334
Epoch: 171, Loss: 0.4326
Epoch: 176, Loss: 0.4320
Epoch: 181, Loss: 0.4312
Epoch: 186, Loss: 0.4301
Epoch: 191, Loss: 0.4298
Epoch: 196, Loss: 0.4294
Epoch: 201, Loss: 0.4289
Epoch: 206, Loss: 0.4283
Epoch: 211, Loss: 0.4277
Epoch: 216, Loss: 0.4276
Epoch: 221, Loss: 0.4270
Epoch: 226, Loss: 0.4265
Epoch: 231, Loss: 0.4260
Epoch: 236, Loss: 0.4257
Epoch: 241, Loss: 0.4253
Epoch: 246, Loss: 0.4251
Epoch: 251, Loss: 0.4362
Epoch: 256, Loss: 0.4265
Epoch: 261, Loss: 0.4276
Epoch: 266, Loss: 0.4320
Epoch: 271, Loss: 0.4279
Epoch: 276, Loss: 0.4283
Epoch: 281, Loss: 0.4268
Epoch: 286, Loss: 0.4256
Epoch: 291, Loss: 0.4252
Epoch: 296, Loss: 0.4246
Epoch: 301, Loss: 0.4242
Epoch: 306, Loss: 0.4239
Epoch: 311, Loss: 0.4233
Epoch: 316, Loss: 0.4230
Epoch: 321, Loss: 0.4225
Epoch: 326, Loss: 0.4222
Epoch: 331, Loss: 0.4226
Epoch: 336, Loss: 0.4570
Epoch: 341, Loss: 0.4418
Epoch: 346, Loss: 0.4294
Epoch: 351, Loss: 0.4275
Epoch: 356, Loss: 0.4265
Epoch: 361, Loss: 0.4254
Epoch: 366, Loss: 0.4221
Epoch: 371, Loss: 0.4219
Epoch: 376, Loss: 0.4203
Epoch: 381, Loss: 0.4197
Epoch: 386, Loss: 0.4189
Epoch: 391, Loss: 0.4184
Epoch: 396, Loss: 0.4180
Epoch: 401, Loss: 0.4175
Epoch: 406, Loss: 0.4171
Epoch: 411, Loss: 0.4167
Epoch: 416, Loss: 0.4164
Epoch: 421, Loss: 0.4161
Epoch: 426, Loss: 0.4160
Epoch: 431, Loss: 0.4189
Epoch: 436, Loss: 0.4398
Epoch: 441, Loss: 0.4269
Epoch: 446, Loss: 0.4192
Epoch: 451, Loss: 0.4169
Epoch: 456, Loss: 0.4181
Epoch: 461, Loss: 0.4191
Epoch: 466, Loss: 0.4155
Epoch: 471, Loss: 0.4175
Epoch: 476, Loss: 0.4174
Epoch: 481, Loss: 0.4165
Epoch: 486, Loss: 0.4159
Epoch: 491, Loss: 0.4146
Epoch: 496, Loss: 0.4144
Epoch: 501, Loss: 0.4140
Epoch: 506, Loss: 0.4136
Epoch: 511, Loss: 0.4162
Epoch: 516, Loss: 0.4210
Epoch: 521, Loss: 0.4156
Epoch: 526, Loss: 0.4141
Epoch: 531, Loss: 0.4136
Epoch: 536, Loss: 0.4128
Epoch: 541, Loss: 0.4130
Epoch: 546, Loss: 0.4216
Epoch: 551, Loss: 0.4381
Epoch: 556, Loss: 0.4177
Epoch: 561, Loss: 0.4198
Epoch: 566, Loss: 0.4165
Epoch: 571, Loss: 0.4176
Epoch: 576, Loss: 0.4239
Epoch: 581, Loss: 0.4229
Epoch: 586, Loss: 0.4177
Epoch: 591, Loss: 0.4148
Epoch: 596, Loss: 0.4144
Epoch: 601, Loss: 0.4141
Epoch: 606, Loss: 0.4122
Epoch: 611, Loss: 0.4119
Epoch: 616, Loss: 0.4110
Epoch: 621, Loss: 0.4104
Epoch: 626, Loss: 0.4100
Epoch: 631, Loss: 0.4095
Epoch: 636, Loss: 0.4094
Epoch: 641, Loss: 0.4164
Epoch: 646, Loss: 0.4278
Epoch: 651, Loss: 0.4101
Epoch: 656, Loss: 0.4241
Epoch: 661, Loss: 0.4152
Epoch: 666, Loss: 0.4110
Epoch: 671, Loss: 0.4104
Epoch: 676, Loss: 0.4115
Epoch: 681, Loss: 0.4085
Epoch: 686, Loss: 0.4092
Epoch: 691, Loss: 0.4078
Epoch: 696, Loss: 0.4074
Epoch: 701, Loss: 0.4069
Epoch: 706, Loss: 0.4061
Epoch: 711, Loss: 0.4063
Epoch: 716, Loss: 0.4058
Epoch: 721, Loss: 0.4052
Epoch: 726, Loss: 0.4052
Epoch: 731, Loss: 0.4150
Epoch: 736, Loss: 0.4164
Epoch: 741, Loss: 0.4098
Epoch: 746, Loss: 0.4131
Epoch: 751, Loss: 0.4142
Epoch: 756, Loss: 0.4117
Epoch: 761, Loss: 0.4078
Epoch: 766, Loss: 0.4079
Epoch: 771, Loss: 0.4061
Epoch: 776, Loss: 0.4037
Epoch: 781, Loss: 0.4276
Epoch: 786, Loss: 0.4294
Epoch: 791, Loss: 0.4102
Epoch: 796, Loss: 0.4130
Epoch: 801, Loss: 0.4500
Epoch: 806, Loss: 0.4325
Epoch: 811, Loss: 0.4279
Epoch: 816, Loss: 0.4190
Epoch: 821, Loss: 0.4179
Epoch: 826, Loss: 0.4137
Epoch: 831, Loss: 0.4116
Epoch: 836, Loss: 0.4100
Epoch: 841, Loss: 0.4089
Epoch: 846, Loss: 0.4078
Epoch: 851, Loss: 0.4070
Epoch: 856, Loss: 0.4063
Epoch: 861, Loss: 0.4058
Epoch: 866, Loss: 0.4053
Epoch: 871, Loss: 0.4048
Epoch: 876, Loss: 0.4044
Epoch: 881, Loss: 0.4041
Epoch: 886, Loss: 0.4037
Epoch: 891, Loss: 0.4034
Epoch: 896, Loss: 0.4031
Epoch: 901, Loss: 0.4028
Epoch: 906, Loss: 0.4026
Epoch: 911, Loss: 0.4025
Epoch: 916, Loss: 0.4126
Epoch: 921, Loss: 0.4157
Epoch: 926, Loss: 0.4052
Epoch: 931, Loss: 0.4082
Epoch: 936, Loss: 0.4085
Epoch: 941, Loss: 0.4058
Epoch: 946, Loss: 0.4034
Epoch: 951, Loss: 0.4022
Epoch: 956, Loss: 0.4015
Epoch: 961, Loss: 0.4008
Epoch: 966, Loss: 0.4004
Epoch: 971, Loss: 0.4001
Epoch: 976, Loss: 0.3998
Epoch: 981, Loss: 0.3995
Epoch: 986, Loss: 0.3993
Epoch: 991, Loss: 0.3990
Epoch: 996, Loss: 0.3988
Epoch: 1001, Loss: 0.3996
Elapsed time 0.0891 min
Epoch: 6, Loss: 0.4221
Epoch: 11, Loss: 0.4016
Epoch: 16, Loss: 0.4078
Epoch: 21, Loss: 0.4104
Epoch: 26, Loss: 0.4105
Epoch: 31, Loss: 0.4055
Epoch: 36, Loss: 0.4040
Epoch: 41, Loss: 0.4010
Epoch: 46, Loss: 0.4002
Epoch: 51, Loss: 0.3994
Epoch: 56, Loss: 0.3984
Epoch: 61, Loss: 0.3976
Epoch: 66, Loss: 0.3976
Epoch: 71, Loss: 0.3975
Epoch: 76, Loss: 0.3969
Epoch: 81, Loss: 0.3969
Epoch: 86, Loss: 0.3966
Epoch: 91, Loss: 0.3967
Epoch: 96, Loss: 0.4030
Epoch: 101, Loss: 0.4201
Epoch: 106, Loss: 0.4024
Epoch: 111, Loss: 0.3997
Epoch: 116, Loss: 0.4039
Epoch: 121, Loss: 0.3998
Epoch: 126, Loss: 0.3981
Epoch: 131, Loss: 0.3973
Epoch: 136, Loss: 0.3969
Epoch: 141, Loss: 0.3957
Epoch: 146, Loss: 0.3954
Epoch: 151, Loss: 0.3951
Epoch: 156, Loss: 0.3949
Epoch: 161, Loss: 0.3948
Epoch: 166, Loss: 0.3944
Epoch: 171, Loss: 0.3943
Epoch: 176, Loss: 0.3955
Epoch: 181, Loss: 0.4245
Epoch: 186, Loss: 0.4033
Epoch: 191, Loss: 0.4035
Epoch: 196, Loss: 0.3958
Epoch: 201, Loss: 0.4024
Epoch: 206, Loss: 0.3954
Epoch: 211, Loss: 0.3961
Epoch: 216, Loss: 0.3956
Epoch: 221, Loss: 0.3939
Epoch: 226, Loss: 0.3932
Epoch: 231, Loss: 0.3930
Epoch: 236, Loss: 0.3926
Epoch: 241, Loss: 0.3923
Epoch: 246, Loss: 0.3921
Epoch: 251, Loss: 0.3919
Epoch: 256, Loss: 0.3917
Epoch: 261, Loss: 0.3934
Epoch: 266, Loss: 0.4210
Epoch: 271, Loss: 0.4015
Epoch: 276, Loss: 0.4005
Epoch: 281, Loss: 0.3932
Epoch: 286, Loss: 0.3952
Epoch: 291, Loss: 0.3994
Epoch: 296, Loss: 0.4025
Epoch: 301, Loss: 0.3982
Epoch: 306, Loss: 0.3966
Epoch: 311, Loss: 0.3950
Epoch: 316, Loss: 0.3941
Epoch: 321, Loss: 0.3930
Epoch: 326, Loss: 0.3940
Epoch: 331, Loss: 0.4036
Epoch: 336, Loss: 0.4114
Epoch: 341, Loss: 0.4026
Epoch: 346, Loss: 0.4018
Epoch: 351, Loss: 0.3973
Epoch: 356, Loss: 0.3948
Epoch: 361, Loss: 0.3940
Epoch: 366, Loss: 0.3934
Epoch: 371, Loss: 0.3923
Epoch: 376, Loss: 0.3919
Epoch: 381, Loss: 0.3911
Epoch: 386, Loss: 0.3918
Epoch: 391, Loss: 0.4188
Epoch: 396, Loss: 0.3933
Epoch: 401, Loss: 0.4091
Epoch: 406, Loss: 0.4012
Epoch: 411, Loss: 0.3947
Epoch: 416, Loss: 0.3920
Epoch: 421, Loss: 0.3913
Epoch: 426, Loss: 0.3918
Epoch: 431, Loss: 0.3902
Epoch: 436, Loss: 0.3901
Epoch: 441, Loss: 0.3892
Epoch: 446, Loss: 0.3888
Epoch: 451, Loss: 0.3885
Epoch: 456, Loss: 0.3883
Epoch: 461, Loss: 0.3880
Epoch: 466, Loss: 0.3878
Epoch: 471, Loss: 0.3879
Epoch: 476, Loss: 0.3965
Epoch: 481, Loss: 0.4112
Epoch: 486, Loss: 0.3910
Epoch: 491, Loss: 0.3950
Epoch: 496, Loss: 0.3887
Epoch: 501, Loss: 0.3915
Epoch: 506, Loss: 0.3921
Epoch: 511, Loss: 0.3922
Epoch: 516, Loss: 0.3915
Epoch: 521, Loss: 0.3904
Epoch: 526, Loss: 0.3903
Epoch: 531, Loss: 0.3902
Epoch: 536, Loss: 0.3893
Epoch: 541, Loss: 0.3885
Epoch: 546, Loss: 0.3880
Epoch: 551, Loss: 0.3877
Epoch: 556, Loss: 0.3876
Epoch: 561, Loss: 0.3871
Epoch: 566, Loss: 0.3870
Epoch: 571, Loss: 0.3876
Epoch: 576, Loss: 0.3998
Epoch: 581, Loss: 0.3915
Epoch: 586, Loss: 0.3911
Epoch: 591, Loss: 0.3897
Epoch: 596, Loss: 0.3875
Epoch: 601, Loss: 0.3880
Epoch: 606, Loss: 0.3870
Epoch: 611, Loss: 0.3863
Epoch: 616, Loss: 0.3859
Epoch: 621, Loss: 0.3855
Epoch: 626, Loss: 0.3853
Epoch: 631, Loss: 0.3853
Epoch: 636, Loss: 0.3851
Epoch: 641, Loss: 0.3861
Epoch: 646, Loss: 0.3885
Epoch: 651, Loss: 0.3883
Epoch: 656, Loss: 0.3872
Epoch: 661, Loss: 0.3862
Epoch: 666, Loss: 0.3869
Epoch: 671, Loss: 0.3870
Epoch: 676, Loss: 0.3851
Epoch: 681, Loss: 0.3841
Epoch: 686, Loss: 0.3845
Epoch: 691, Loss: 0.3960
Epoch: 696, Loss: 0.3923
Epoch: 701, Loss: 0.3856
Epoch: 706, Loss: 0.3889
Epoch: 711, Loss: 0.3901
Epoch: 716, Loss: 0.3857
Epoch: 721, Loss: 0.3877
Epoch: 726, Loss: 0.3857
Epoch: 731, Loss: 0.3851
Epoch: 736, Loss: 0.3884
Epoch: 741, Loss: 0.3846
Epoch: 746, Loss: 0.3840
Epoch: 751, Loss: 0.3840
Epoch: 756, Loss: 0.3826
Epoch: 761, Loss: 0.3828
Epoch: 766, Loss: 0.3833
Epoch: 771, Loss: 0.3826
Epoch: 776, Loss: 0.3898
Epoch: 781, Loss: 0.3825
Epoch: 786, Loss: 0.3849
Epoch: 791, Loss: 0.3834
Epoch: 796, Loss: 0.3806
Epoch: 801, Loss: 0.3845
Epoch: 806, Loss: 0.3838
Epoch: 811, Loss: 0.3804
Epoch: 816, Loss: 0.3818
Epoch: 821, Loss: 0.3830
Epoch: 826, Loss: 0.3820
Epoch: 831, Loss: 0.3813
Epoch: 836, Loss: 0.3809
Epoch: 841, Loss: 0.3833
Epoch: 846, Loss: 0.3951
Epoch: 851, Loss: 0.3796
Epoch: 856, Loss: 0.3805
Epoch: 861, Loss: 0.3812
Epoch: 866, Loss: 0.3818
Epoch: 871, Loss: 0.3812
Epoch: 876, Loss: 0.3799
Epoch: 881, Loss: 0.3788
Epoch: 886, Loss: 0.3788
Epoch: 891, Loss: 0.3798
Epoch: 896, Loss: 0.3866
Epoch: 901, Loss: 0.3933
Epoch: 906, Loss: 0.3870
Epoch: 911, Loss: 0.3833
Epoch: 916, Loss: 0.3810
Epoch: 921, Loss: 0.3794
Epoch: 926, Loss: 0.3781
Epoch: 931, Loss: 0.3774
Epoch: 936, Loss: 0.3774
Epoch: 941, Loss: 0.3777
Epoch: 946, Loss: 0.3780
Epoch: 951, Loss: 0.3859
Epoch: 956, Loss: 0.3881
Epoch: 961, Loss: 0.3849
Epoch: 966, Loss: 0.3825
Epoch: 971, Loss: 0.3824
Epoch: 976, Loss: 0.3782
Epoch: 981, Loss: 0.3761
Epoch: 986, Loss: 0.3769
Epoch: 991, Loss: 0.3768
Epoch: 996, Loss: 0.3760
Epoch: 1001, Loss: 0.3755
Elapsed time 0.0876 min
Epoch: 6, Loss: 0.3806
Epoch: 11, Loss: 0.4068
Epoch: 16, Loss: 0.3889
Epoch: 21, Loss: 0.3805
Epoch: 26, Loss: 0.3869
Epoch: 31, Loss: 0.3782
Epoch: 36, Loss: 0.3771
Epoch: 41, Loss: 0.3765
Epoch: 46, Loss: 0.3758
Epoch: 51, Loss: 0.3751
Epoch: 56, Loss: 0.3746
Epoch: 61, Loss: 0.3743
Epoch: 66, Loss: 0.3740
Epoch: 71, Loss: 0.3738
Epoch: 76, Loss: 0.3736
Epoch: 81, Loss: 0.3735
Epoch: 86, Loss: 0.3736
Epoch: 91, Loss: 0.3792
Epoch: 96, Loss: 0.3816
Epoch: 101, Loss: 0.3867
Epoch: 106, Loss: 0.3815
Epoch: 111, Loss: 0.3784
Epoch: 116, Loss: 0.3750
Epoch: 121, Loss: 0.3736
Epoch: 126, Loss: 0.3731
Epoch: 131, Loss: 0.3730
Epoch: 136, Loss: 0.3730
Epoch: 141, Loss: 0.3724
Epoch: 146, Loss: 0.3724
Epoch: 151, Loss: 0.3742
Epoch: 156, Loss: 0.5959
Epoch: 161, Loss: 0.5205
Epoch: 166, Loss: 0.9065
Epoch: 171, Loss: 0.6443
Epoch: 176, Loss: 0.5001
Epoch: 181, Loss: 0.5126
Epoch: 186, Loss: 0.4967
Epoch: 191, Loss: 0.4850
Epoch: 196, Loss: 0.4780
Epoch: 201, Loss: 0.4757
Epoch: 206, Loss: 0.4725
Epoch: 211, Loss: 0.4668
Epoch: 216, Loss: 0.4642
Epoch: 221, Loss: 0.4602
Epoch: 226, Loss: 0.4588
Epoch: 231, Loss: 0.4585
Epoch: 236, Loss: 0.4551
Epoch: 241, Loss: 0.4522
Epoch: 246, Loss: 0.4489
Epoch: 251, Loss: 0.4462
Epoch: 256, Loss: 0.4430
Epoch: 261, Loss: 0.4402
Epoch: 266, Loss: 0.4378
Epoch: 271, Loss: 0.4358
Epoch: 276, Loss: 0.4338
Epoch: 281, Loss: 0.4318
Epoch: 286, Loss: 0.4301
Epoch: 291, Loss: 0.4278
Epoch: 296, Loss: 0.4262
Epoch: 301, Loss: 0.4246
Epoch: 306, Loss: 0.4228
Epoch: 311, Loss: 0.4213
Epoch: 316, Loss: 0.4199
Epoch: 321, Loss: 0.4212
Epoch: 326, Loss: 0.4201
Epoch: 331, Loss: 0.4184
Epoch: 336, Loss: 0.4163
Epoch: 341, Loss: 0.4155
Epoch: 346, Loss: 0.4146
Epoch: 351, Loss: 0.4129
Epoch: 356, Loss: 0.4132
Epoch: 361, Loss: 0.4111
Epoch: 366, Loss: 0.4103
Epoch: 371, Loss: 0.4097
Epoch: 376, Loss: 0.4106
Epoch: 381, Loss: 0.4115
Epoch: 386, Loss: 0.4104
Epoch: 391, Loss: 0.4093
Epoch: 396, Loss: 0.4084
Epoch: 401, Loss: 0.4120
Epoch: 406, Loss: 0.4097
Epoch: 411, Loss: 0.4090
Epoch: 416, Loss: 0.4067
Epoch: 421, Loss: 0.4056
Epoch: 426, Loss: 0.4054
Epoch: 431, Loss: 0.4046
Epoch: 436, Loss: 0.4038
Epoch: 441, Loss: 0.4035
Epoch: 446, Loss: 0.4035
Epoch: 451, Loss: 0.4081
Epoch: 456, Loss: 0.4036
Epoch: 461, Loss: 0.4020
Epoch: 466, Loss: 0.4011
Epoch: 471, Loss: 0.4002
Epoch: 476, Loss: 0.4003
Epoch: 481, Loss: 0.3994
Epoch: 486, Loss: 0.4011
Epoch: 491, Loss: 0.4047
Epoch: 496, Loss: 0.4013
Epoch: 501, Loss: 0.3997
Epoch: 506, Loss: 0.3983
Epoch: 511, Loss: 0.3972
Epoch: 516, Loss: 0.3973
Epoch: 521, Loss: 0.3967
Epoch: 526, Loss: 0.3979
Epoch: 531, Loss: 0.4004
Epoch: 536, Loss: 0.3955
Epoch: 541, Loss: 0.3977
Epoch: 546, Loss: 0.3956
Epoch: 551, Loss: 0.3971
Epoch: 556, Loss: 0.3945
Epoch: 561, Loss: 0.3950
Epoch: 566, Loss: 0.4019
Epoch: 571, Loss: 0.3940
Epoch: 576, Loss: 0.3939
Epoch: 581, Loss: 0.3933
Epoch: 586, Loss: 0.3930
Epoch: 591, Loss: 0.3932
Epoch: 596, Loss: 0.3924
Epoch: 601, Loss: 0.3920
Epoch: 606, Loss: 0.3913
Epoch: 611, Loss: 0.3910
Epoch: 616, Loss: 0.3946
Epoch: 621, Loss: 0.4275
Epoch: 626, Loss: 0.4085
Epoch: 631, Loss: 0.3992
Epoch: 636, Loss: 0.3989
Epoch: 641, Loss: 0.3967
Epoch: 646, Loss: 0.3938
Epoch: 651, Loss: 0.3917
Epoch: 656, Loss: 0.3908
Epoch: 661, Loss: 0.3903
Epoch: 666, Loss: 0.3899
Epoch: 671, Loss: 0.3892
Epoch: 676, Loss: 0.3888
Epoch: 681, Loss: 0.3885
Epoch: 686, Loss: 0.3882
Epoch: 691, Loss: 0.3878
Epoch: 696, Loss: 0.3876
Epoch: 701, Loss: 0.3873
Epoch: 706, Loss: 0.3870
Epoch: 711, Loss: 0.3868
Epoch: 716, Loss: 0.3865
Epoch: 721, Loss: 0.3862
Epoch: 726, Loss: 0.3860
Epoch: 731, Loss: 0.3857
Epoch: 736, Loss: 0.3855
Epoch: 741, Loss: 0.3858
Epoch: 746, Loss: 0.4032
Epoch: 751, Loss: 0.3877
Epoch: 756, Loss: 0.3952
Epoch: 761, Loss: 0.3856
Epoch: 766, Loss: 0.3891
Epoch: 771, Loss: 0.3856
Epoch: 776, Loss: 0.3854
Epoch: 781, Loss: 0.3844
Epoch: 786, Loss: 0.3844
Epoch: 791, Loss: 0.3837
Epoch: 796, Loss: 0.3833
Epoch: 801, Loss: 0.3831
Epoch: 806, Loss: 0.3828
Epoch: 811, Loss: 0.3824
Epoch: 816, Loss: 0.3822
Epoch: 821, Loss: 0.3819
Epoch: 826, Loss: 0.3817
Epoch: 831, Loss: 0.3842
Epoch: 836, Loss: 0.4192
Epoch: 841, Loss: 0.3980
Epoch: 846, Loss: 0.3845
Epoch: 851, Loss: 0.3843
Epoch: 856, Loss: 0.3832
Epoch: 861, Loss: 0.3815
Epoch: 866, Loss: 0.3827
Epoch: 871, Loss: 0.3854
Epoch: 876, Loss: 0.3858
Epoch: 881, Loss: 0.3840
Epoch: 886, Loss: 0.3829
Epoch: 891, Loss: 0.3824
Epoch: 896, Loss: 0.3816
Epoch: 901, Loss: 0.3814
Epoch: 906, Loss: 0.3805
Epoch: 911, Loss: 0.3799
Epoch: 916, Loss: 0.3795
Epoch: 921, Loss: 0.3812
Epoch: 926, Loss: 0.4085
Epoch: 931, Loss: 0.3905
Epoch: 936, Loss: 0.3863
Epoch: 941, Loss: 0.3789
Epoch: 946, Loss: 0.3809
Epoch: 951, Loss: 0.3794
Epoch: 956, Loss: 0.3778
Epoch: 961, Loss: 0.3774
Epoch: 966, Loss: 0.3771
Epoch: 971, Loss: 0.3769
Epoch: 976, Loss: 0.3769
Epoch: 981, Loss: 0.3763
Epoch: 986, Loss: 0.3760
Epoch: 991, Loss: 0.3765
Epoch: 996, Loss: 0.3987
Epoch: 1001, Loss: 0.3786
Elapsed time 0.0873 min
Epoch: 6, Loss: 0.3887
Epoch: 11, Loss: 0.3774
Epoch: 16, Loss: 0.3835
Epoch: 21, Loss: 0.3771
Epoch: 26, Loss: 0.3771
Epoch: 31, Loss: 0.3765
Epoch: 36, Loss: 0.3767
Epoch: 41, Loss: 0.3758
Epoch: 46, Loss: 0.3748
Epoch: 51, Loss: 0.3743
Epoch: 56, Loss: 0.3740
Epoch: 61, Loss: 0.3736
Epoch: 66, Loss: 0.3733
Epoch: 71, Loss: 0.3731
Epoch: 76, Loss: 0.3728
Epoch: 81, Loss: 0.3726
Epoch: 86, Loss: 0.3733
Epoch: 91, Loss: 0.3891
Epoch: 96, Loss: 0.3739
Epoch: 101, Loss: 0.3778
Epoch: 106, Loss: 0.3811
Epoch: 111, Loss: 0.3748
Epoch: 116, Loss: 0.3748
Epoch: 121, Loss: 0.3744
Epoch: 126, Loss: 0.3738
Epoch: 131, Loss: 0.3734
Epoch: 136, Loss: 0.3728
Epoch: 141, Loss: 0.3725
Epoch: 146, Loss: 0.3729
Epoch: 151, Loss: 0.3710
Epoch: 156, Loss: 0.3708
Epoch: 161, Loss: 0.3704
Epoch: 166, Loss: 0.3706
Epoch: 171, Loss: 0.3772
Epoch: 176, Loss: 0.3833
Epoch: 181, Loss: 0.3776
Epoch: 186, Loss: 0.3739
Epoch: 191, Loss: 0.3719
Epoch: 196, Loss: 0.3704
Epoch: 201, Loss: 0.3700
Epoch: 206, Loss: 0.3689
Epoch: 211, Loss: 0.3693
Epoch: 216, Loss: 0.3682
Epoch: 221, Loss: 0.3688
Epoch: 226, Loss: 0.3818
Epoch: 231, Loss: 0.3757
Epoch: 236, Loss: 0.3734
Epoch: 241, Loss: 0.3702
Epoch: 246, Loss: 0.3686
Epoch: 251, Loss: 0.3690
Epoch: 256, Loss: 0.3685
Epoch: 261, Loss: 0.3675
Epoch: 266, Loss: 0.3667
Epoch: 271, Loss: 0.3670
Epoch: 276, Loss: 0.3663
Epoch: 281, Loss: 0.3660
Epoch: 286, Loss: 0.3668
Epoch: 291, Loss: 0.4070
Epoch: 296, Loss: 0.3888
Epoch: 301, Loss: 0.3731
Epoch: 306, Loss: 0.3796
Epoch: 311, Loss: 0.3841
Epoch: 316, Loss: 0.3750
Epoch: 321, Loss: 0.3746
Epoch: 326, Loss: 0.3692
Epoch: 331, Loss: 0.3670
Epoch: 336, Loss: 0.3662
Epoch: 341, Loss: 0.3658
Epoch: 346, Loss: 0.3655
Epoch: 351, Loss: 0.3651
Epoch: 356, Loss: 0.3645
Epoch: 361, Loss: 0.3642
Epoch: 366, Loss: 0.3640
Epoch: 371, Loss: 0.3637
Epoch: 376, Loss: 0.3635
Epoch: 381, Loss: 0.3633
Epoch: 386, Loss: 0.3633
Epoch: 391, Loss: 0.3903
Epoch: 396, Loss: 0.3755
Epoch: 401, Loss: 0.3968
Epoch: 406, Loss: 0.3864
Epoch: 411, Loss: 0.3997
Epoch: 416, Loss: 0.3895
Epoch: 421, Loss: 0.3819
Epoch: 426, Loss: 0.3777
Epoch: 431, Loss: 0.3768
Epoch: 436, Loss: 0.3738
Epoch: 441, Loss: 0.3728
Epoch: 446, Loss: 0.3714
Epoch: 451, Loss: 0.3705
Epoch: 456, Loss: 0.3697
Epoch: 461, Loss: 0.3691
Epoch: 466, Loss: 0.3685
Epoch: 471, Loss: 0.3679
Epoch: 476, Loss: 0.3675
Epoch: 481, Loss: 0.3670
Epoch: 486, Loss: 0.3665
Epoch: 491, Loss: 0.3661
Epoch: 496, Loss: 0.3658
Epoch: 501, Loss: 0.3654
Epoch: 506, Loss: 0.3652
Epoch: 511, Loss: 0.3659
Epoch: 516, Loss: 0.3811
Epoch: 521, Loss: 0.3652
Epoch: 526, Loss: 0.3648
Epoch: 531, Loss: 0.3644
Epoch: 536, Loss: 0.3644
Epoch: 541, Loss: 0.3643
Epoch: 546, Loss: 0.3634
Epoch: 551, Loss: 0.3630
Epoch: 556, Loss: 0.3635
Epoch: 561, Loss: 0.3626
Epoch: 566, Loss: 0.3631
Epoch: 571, Loss: 0.3644
Epoch: 576, Loss: 0.3700
Epoch: 581, Loss: 0.3645
Epoch: 586, Loss: 0.3654
Epoch: 591, Loss: 0.3632
Epoch: 596, Loss: 0.3627
Epoch: 601, Loss: 0.3647
Epoch: 606, Loss: 0.3615
Epoch: 611, Loss: 0.3607
Epoch: 616, Loss: 0.3635
Epoch: 621, Loss: 0.3973
Epoch: 626, Loss: 0.3802
Epoch: 631, Loss: 0.3734
Epoch: 636, Loss: 0.3658
Epoch: 641, Loss: 0.3618
Epoch: 646, Loss: 0.3624
Epoch: 651, Loss: 0.3632
Epoch: 656, Loss: 0.3756
Epoch: 661, Loss: 0.3722
Epoch: 666, Loss: 0.3697
Epoch: 671, Loss: 0.3663
Epoch: 676, Loss: 0.3648
Epoch: 681, Loss: 0.3629
Epoch: 686, Loss: 0.3618
Epoch: 691, Loss: 0.3612
Epoch: 696, Loss: 0.3607
Epoch: 701, Loss: 0.3608
Epoch: 706, Loss: 0.3609
Epoch: 711, Loss: 0.3667
Epoch: 716, Loss: 0.3764
Epoch: 721, Loss: 0.3725
Epoch: 726, Loss: 0.3659
Epoch: 731, Loss: 0.3631
Epoch: 736, Loss: 0.3609
Epoch: 741, Loss: 0.3593
Epoch: 746, Loss: 0.3584
Epoch: 751, Loss: 0.3591
Epoch: 756, Loss: 0.3579
Epoch: 761, Loss: 0.3581
Epoch: 766, Loss: 0.3644
Epoch: 771, Loss: 0.3835
Epoch: 776, Loss: 0.3735
Epoch: 781, Loss: 0.3651
Epoch: 786, Loss: 0.3599
Epoch: 791, Loss: 0.3577
Epoch: 796, Loss: 0.3573
Epoch: 801, Loss: 0.3571
Epoch: 806, Loss: 0.3571
Epoch: 811, Loss: 0.3573
Epoch: 816, Loss: 0.3564
Epoch: 821, Loss: 0.3570
Epoch: 826, Loss: 0.3600
Epoch: 831, Loss: 0.3717
Epoch: 836, Loss: 0.3572
Epoch: 841, Loss: 0.3600
Epoch: 846, Loss: 0.3607
Epoch: 851, Loss: 0.3566
Epoch: 856, Loss: 0.3565
Epoch: 861, Loss: 0.3568
Epoch: 866, Loss: 0.3571
Epoch: 871, Loss: 0.3553
Epoch: 876, Loss: 0.3550
Epoch: 881, Loss: 0.3595
Epoch: 886, Loss: 0.3960
Epoch: 891, Loss: 0.3752
Epoch: 896, Loss: 0.3571
Epoch: 901, Loss: 0.3587
Epoch: 906, Loss: 0.3587
Epoch: 911, Loss: 0.3550
Epoch: 916, Loss: 0.3552
Epoch: 921, Loss: 0.3552
Epoch: 926, Loss: 0.3547
Epoch: 931, Loss: 0.3542
Epoch: 936, Loss: 0.3538
Epoch: 941, Loss: 0.3539
Epoch: 946, Loss: 0.3533
Epoch: 951, Loss: 0.3537
Epoch: 956, Loss: 0.3580
Epoch: 961, Loss: 0.3687
Epoch: 966, Loss: 0.3576
Epoch: 971, Loss: 0.3541
Epoch: 976, Loss: 0.3576
Epoch: 981, Loss: 0.3564
Epoch: 986, Loss: 0.3529
Epoch: 991, Loss: 0.3535
Epoch: 996, Loss: 0.3527
Epoch: 1001, Loss: 0.3555
Elapsed time 0.0872 min
Epoch: 6, Loss: 0.3584
Epoch: 11, Loss: 0.3537
Epoch: 16, Loss: 0.3520
Epoch: 21, Loss: 0.3569
Epoch: 26, Loss: 0.3596
Epoch: 31, Loss: 0.3527
Epoch: 36, Loss: 0.3579
Epoch: 41, Loss: 0.3520
Epoch: 46, Loss: 0.3693
Epoch: 51, Loss: 0.3573
Epoch: 56, Loss: 0.3694
Epoch: 61, Loss: 0.3678
Epoch: 66, Loss: 0.3582
Epoch: 71, Loss: 0.3587
Epoch: 76, Loss: 0.3553
Epoch: 81, Loss: 0.3553
Epoch: 86, Loss: 0.3555
Epoch: 91, Loss: 0.3534
Epoch: 96, Loss: 0.3529
Epoch: 101, Loss: 0.3521
Epoch: 106, Loss: 0.3522
Epoch: 111, Loss: 0.3542
Epoch: 116, Loss: 0.3746
Epoch: 121, Loss: 0.3567
Epoch: 126, Loss: 0.3519
Epoch: 131, Loss: 0.3514
Epoch: 136, Loss: 0.3515
Epoch: 141, Loss: 0.3509
Epoch: 146, Loss: 0.3507
Epoch: 151, Loss: 0.3509
Epoch: 156, Loss: 0.3512
Epoch: 161, Loss: 0.3499
Epoch: 166, Loss: 0.3505
Epoch: 171, Loss: 0.3525
Epoch: 176, Loss: 0.3629
Epoch: 181, Loss: 0.3502
Epoch: 186, Loss: 0.3588
Epoch: 191, Loss: 0.3519
Epoch: 196, Loss: 0.3498
Epoch: 201, Loss: 0.3538
Epoch: 206, Loss: 0.3493
Epoch: 211, Loss: 0.3525
Epoch: 216, Loss: 0.3486
Epoch: 221, Loss: 0.3510
Epoch: 226, Loss: 0.3564
Epoch: 231, Loss: 0.3504
Epoch: 236, Loss: 0.3503
Epoch: 241, Loss: 0.3549
Epoch: 246, Loss: 0.3480
Epoch: 251, Loss: 0.3532
Epoch: 256, Loss: 0.3555
Epoch: 261, Loss: 0.3506
Epoch: 266, Loss: 0.3533
Epoch: 271, Loss: 0.3505
Epoch: 276, Loss: 0.3508
Epoch: 281, Loss: 0.3478
Epoch: 286, Loss: 0.3497
Epoch: 291, Loss: 0.3521
Epoch: 296, Loss: 0.3504
Epoch: 301, Loss: 0.3487
Epoch: 306, Loss: 0.3492
Epoch: 311, Loss: 0.3576
Epoch: 316, Loss: 0.3532
Epoch: 321, Loss: 0.3560
Epoch: 326, Loss: 0.3475
Epoch: 331, Loss: 0.3490
Epoch: 336, Loss: 0.3486
Epoch: 341, Loss: 0.3464
Epoch: 346, Loss: 0.3482
Epoch: 351, Loss: 0.3495
Epoch: 356, Loss: 0.3494
Epoch: 361, Loss: 0.3503
Epoch: 366, Loss: 0.3482
Epoch: 371, Loss: 0.3507
Epoch: 376, Loss: 0.3535
Epoch: 381, Loss: 0.3467
Epoch: 386, Loss: 0.3475
Epoch: 391, Loss: 0.3493
Epoch: 396, Loss: 0.3568
Epoch: 401, Loss: 0.3546
Epoch: 406, Loss: 0.3509
Epoch: 411, Loss: 0.3488
Epoch: 416, Loss: 0.3491
Epoch: 421, Loss: 0.3507
Epoch: 426, Loss: 0.3556
Epoch: 431, Loss: 0.3489
Epoch: 436, Loss: 0.3485
Epoch: 441, Loss: 0.3581
Epoch: 446, Loss: 0.3469
Epoch: 451, Loss: 0.3535
Epoch: 456, Loss: 0.3471
Epoch: 461, Loss: 0.3479
Epoch: 466, Loss: 0.3462
Epoch: 471, Loss: 0.3489
Epoch: 476, Loss: 0.3477
Epoch: 481, Loss: 0.3468
Epoch: 486, Loss: 0.3500
Epoch: 491, Loss: 0.3564
Epoch: 496, Loss: 0.3462
Epoch: 501, Loss: 0.3503
Epoch: 506, Loss: 0.3460
Epoch: 511, Loss: 0.3482
Epoch: 516, Loss: 0.3459
Epoch: 521, Loss: 0.3488
Epoch: 526, Loss: 0.3490
Epoch: 531, Loss: 0.3460
Epoch: 536, Loss: 0.3467
Epoch: 541, Loss: 0.3512
Epoch: 546, Loss: 0.3576
Epoch: 551, Loss: 0.3471
Epoch: 556, Loss: 0.3534
Epoch: 561, Loss: 0.3486
Epoch: 566, Loss: 0.3473
Epoch: 571, Loss: 0.3465
Epoch: 576, Loss: 0.3460
Epoch: 581, Loss: 0.3439
Epoch: 586, Loss: 0.3465
Epoch: 591, Loss: 0.3607
Epoch: 596, Loss: 0.3463
Epoch: 601, Loss: 0.3555
Epoch: 606, Loss: 0.3510
Epoch: 611, Loss: 0.3464
Epoch: 616, Loss: 0.3472
Epoch: 621, Loss: 0.3458
Epoch: 626, Loss: 0.3450
Epoch: 631, Loss: 0.3432
Epoch: 636, Loss: 0.3432
Epoch: 641, Loss: 0.3431
Epoch: 646, Loss: 0.3568
Epoch: 651, Loss: 0.3520
Epoch: 656, Loss: 0.3553
Epoch: 661, Loss: 0.3546
Epoch: 666, Loss: 0.3477
Epoch: 671, Loss: 0.3470
Epoch: 676, Loss: 0.3451
Epoch: 681, Loss: 0.3443
Epoch: 686, Loss: 0.3437
Epoch: 691, Loss: 0.3435
Epoch: 696, Loss: 0.3431
Epoch: 701, Loss: 0.3427
Epoch: 706, Loss: 0.3423
Epoch: 711, Loss: 0.3421
Epoch: 716, Loss: 0.3419
Epoch: 721, Loss: 0.3423
Epoch: 726, Loss: 0.3453
Epoch: 731, Loss: 0.3526
Epoch: 736, Loss: 0.3492
Epoch: 741, Loss: 0.3488
Epoch: 746, Loss: 0.3450
Epoch: 751, Loss: 0.3424
Epoch: 756, Loss: 0.3428
Epoch: 761, Loss: 0.3425
Epoch: 766, Loss: 0.3423
Epoch: 771, Loss: 0.3430
Epoch: 776, Loss: 0.3694
Epoch: 781, Loss: 0.3498
Epoch: 786, Loss: 0.3512
Epoch: 791, Loss: 0.3447
Epoch: 796, Loss: 0.3452
Epoch: 801, Loss: 0.3447
Epoch: 806, Loss: 0.3412
Epoch: 811, Loss: 0.3417
Epoch: 816, Loss: 0.3415
Epoch: 821, Loss: 0.3409
Epoch: 826, Loss: 0.3406
Epoch: 831, Loss: 0.3405
Epoch: 836, Loss: 0.3405
Epoch: 841, Loss: 0.3449
Epoch: 846, Loss: 0.3654
Epoch: 851, Loss: 0.3548
Epoch: 856, Loss: 0.3479
Epoch: 861, Loss: 0.3446
Epoch: 866, Loss: 0.3439
Epoch: 871, Loss: 0.3424
Epoch: 876, Loss: 0.3408
Epoch: 881, Loss: 0.3401
Epoch: 886, Loss: 0.3400
Epoch: 891, Loss: 0.3403
Epoch: 896, Loss: 0.3396
Epoch: 901, Loss: 0.3393
Epoch: 906, Loss: 0.3410
Epoch: 911, Loss: 0.3563
Epoch: 916, Loss: 0.3415
Epoch: 921, Loss: 0.3457
Epoch: 926, Loss: 0.3441
Epoch: 931, Loss: 0.3410
Epoch: 936, Loss: 0.3390
Epoch: 941, Loss: 0.3394
Epoch: 946, Loss: 0.3391
Epoch: 951, Loss: 0.3396
Epoch: 956, Loss: 0.3390
Epoch: 961, Loss: 0.3410
Epoch: 966, Loss: 0.3549
Epoch: 971, Loss: 0.3411
Epoch: 976, Loss: 0.3439
Epoch: 981, Loss: 0.3404
Epoch: 986, Loss: 0.3384
Epoch: 991, Loss: 0.3394
Epoch: 996, Loss: 0.3386
Epoch: 1001, Loss: 0.3393
Elapsed time 0.0885 min
Epoch: 6, Loss: 0.3389
Epoch: 11, Loss: 0.3387
Epoch: 16, Loss: 0.3463
Epoch: 21, Loss: 0.3527
Epoch: 26, Loss: 0.3472
Epoch: 31, Loss: 0.3409
Epoch: 36, Loss: 0.3421
Epoch: 41, Loss: 0.3394
Epoch: 46, Loss: 0.3375
Epoch: 51, Loss: 0.3387
Epoch: 56, Loss: 0.3392
Epoch: 61, Loss: 0.3379
Epoch: 66, Loss: 0.3391
Epoch: 71, Loss: 0.3512
Epoch: 76, Loss: 0.3394
Epoch: 81, Loss: 0.3493
Epoch: 86, Loss: 0.3437
Epoch: 91, Loss: 0.3389
Epoch: 96, Loss: 0.3389
Epoch: 101, Loss: 0.3394
Epoch: 106, Loss: 0.3366
Epoch: 111, Loss: 0.3377
Epoch: 116, Loss: 0.3367
Epoch: 121, Loss: 0.3370
Epoch: 126, Loss: 0.3395
Epoch: 131, Loss: 0.3679
Epoch: 136, Loss: 0.3483
Epoch: 141, Loss: 0.3426
Epoch: 146, Loss: 0.3433
Epoch: 151, Loss: 0.3413
Epoch: 156, Loss: 0.3375
Epoch: 161, Loss: 0.3368
Epoch: 166, Loss: 0.3363
Epoch: 171, Loss: 0.3359
Epoch: 176, Loss: 0.3362
Epoch: 181, Loss: 0.3359
Epoch: 186, Loss: 0.3355
Epoch: 191, Loss: 0.3383
Epoch: 196, Loss: 0.3595
Epoch: 201, Loss: 0.3433
Epoch: 206, Loss: 0.3396
Epoch: 211, Loss: 0.3379
Epoch: 216, Loss: 0.3365
Epoch: 221, Loss: 0.3354
Epoch: 226, Loss: 0.3352
Epoch: 231, Loss: 0.3356
Epoch: 236, Loss: 0.3360
Epoch: 241, Loss: 0.3350
Epoch: 246, Loss: 0.3411
Epoch: 251, Loss: 0.3689
Epoch: 256, Loss: 0.3557
Epoch: 261, Loss: 0.3442
Epoch: 266, Loss: 0.3431
Epoch: 271, Loss: 0.3401
Epoch: 276, Loss: 0.3365
Epoch: 281, Loss: 0.3357
Epoch: 286, Loss: 0.3362
Epoch: 291, Loss: 0.3362
Epoch: 296, Loss: 0.3352
Epoch: 301, Loss: 0.3346
Epoch: 306, Loss: 0.3344
Epoch: 311, Loss: 0.3343
Epoch: 316, Loss: 0.3349
Epoch: 321, Loss: 0.3478
Epoch: 326, Loss: 0.3397
Epoch: 331, Loss: 0.3472
Epoch: 336, Loss: 0.3436
Epoch: 341, Loss: 0.3391
Epoch: 346, Loss: 0.3368
Epoch: 351, Loss: 0.3355
Epoch: 356, Loss: 0.3345
Epoch: 361, Loss: 0.3341
Epoch: 366, Loss: 0.3342
Epoch: 371, Loss: 0.3336
Epoch: 376, Loss: 0.3337
Epoch: 381, Loss: 0.3370
Epoch: 386, Loss: 0.3502
Epoch: 391, Loss: 0.3378
Epoch: 396, Loss: 0.3382
Epoch: 401, Loss: 0.3357
Epoch: 406, Loss: 0.3347
Epoch: 411, Loss: 0.3365
Epoch: 416, Loss: 0.3339
Epoch: 421, Loss: 0.3335
Epoch: 426, Loss: 0.3359
Epoch: 431, Loss: 0.3403
Epoch: 436, Loss: 0.3368
Epoch: 441, Loss: 0.3362
Epoch: 446, Loss: 0.3335
Epoch: 451, Loss: 0.3381
Epoch: 456, Loss: 0.3406
Epoch: 461, Loss: 0.3351
Epoch: 466, Loss: 0.3342
Epoch: 471, Loss: 0.3353
Epoch: 476, Loss: 0.3335
Epoch: 481, Loss: 0.3400
Epoch: 486, Loss: 0.3522
Epoch: 491, Loss: 0.3436
Epoch: 496, Loss: 0.3358
Epoch: 501, Loss: 0.3354
Epoch: 506, Loss: 0.3358
Epoch: 511, Loss: 0.3351
Epoch: 516, Loss: 0.3330
Epoch: 521, Loss: 0.3338
Epoch: 526, Loss: 0.3340
Epoch: 531, Loss: 0.3338
Epoch: 536, Loss: 0.3345
Epoch: 541, Loss: 0.3470
Epoch: 546, Loss: 0.3342
Epoch: 551, Loss: 0.3414
Epoch: 556, Loss: 0.3342
Epoch: 561, Loss: 0.3333
Epoch: 566, Loss: 0.3348
Epoch: 571, Loss: 0.3322
Epoch: 576, Loss: 0.3341
Epoch: 581, Loss: 0.3327
Epoch: 586, Loss: 0.3316
Epoch: 591, Loss: 0.3324
Epoch: 596, Loss: 0.3521
Epoch: 601, Loss: 0.3357
Epoch: 606, Loss: 0.3373
Epoch: 611, Loss: 0.3345
Epoch: 616, Loss: 0.3344
Epoch: 621, Loss: 0.3347
Epoch: 626, Loss: 0.3351
Epoch: 631, Loss: 0.3334
Epoch: 636, Loss: 0.3322
Epoch: 641, Loss: 0.3318
Epoch: 646, Loss: 0.3315
Epoch: 651, Loss: 0.3311
Epoch: 656, Loss: 0.3309
Epoch: 661, Loss: 0.3309
Epoch: 666, Loss: 0.3327
Epoch: 671, Loss: 0.3500
Epoch: 676, Loss: 0.3394
Epoch: 681, Loss: 0.3334
Epoch: 686, Loss: 0.3314
Epoch: 691, Loss: 0.3307
Epoch: 696, Loss: 0.3307
Epoch: 701, Loss: 0.3319
Epoch: 706, Loss: 0.3348
Epoch: 711, Loss: 0.3518
Epoch: 716, Loss: 0.3355
Epoch: 721, Loss: 0.3374
Epoch: 726, Loss: 0.3369
Epoch: 731, Loss: 0.3343
Epoch: 736, Loss: 0.3314
Epoch: 741, Loss: 0.3329
Epoch: 746, Loss: 0.3308
Epoch: 751, Loss: 0.3315
Epoch: 756, Loss: 0.3309
Epoch: 761, Loss: 0.3303
Epoch: 766, Loss: 0.3342
Epoch: 771, Loss: 0.3558
Epoch: 776, Loss: 0.3387
Epoch: 781, Loss: 0.3354
Epoch: 786, Loss: 0.3334
Epoch: 791, Loss: 0.3335
Epoch: 796, Loss: 0.3315
Epoch: 801, Loss: 0.3298
Epoch: 806, Loss: 0.3303
Epoch: 811, Loss: 0.3303
Epoch: 816, Loss: 0.3296
Epoch: 821, Loss: 0.3309
Epoch: 826, Loss: 0.3408
Epoch: 831, Loss: 0.3412
Epoch: 836, Loss: 0.3433
Epoch: 841, Loss: 0.3370
Epoch: 846, Loss: 0.3325
Epoch: 851, Loss: 0.3309
Epoch: 856, Loss: 0.3302
Epoch: 861, Loss: 0.3298
Epoch: 866, Loss: 0.3296
Epoch: 871, Loss: 0.3289
Epoch: 876, Loss: 0.3292
Epoch: 881, Loss: 0.3302
Epoch: 886, Loss: 0.3384
Epoch: 891, Loss: 0.3391
Epoch: 896, Loss: 0.3354
Epoch: 901, Loss: 0.3298
Epoch: 906, Loss: 0.3328
Epoch: 911, Loss: 0.3301
Epoch: 916, Loss: 0.3301
Epoch: 921, Loss: 0.3290
Epoch: 926, Loss: 0.3290
Epoch: 931, Loss: 0.3287
Epoch: 936, Loss: 0.3301
Epoch: 941, Loss: 0.3645
Epoch: 946, Loss: 0.3503
Epoch: 951, Loss: 0.3372
Epoch: 956, Loss: 0.3308
Epoch: 961, Loss: 0.3411
Epoch: 966, Loss: 0.3396
Epoch: 971, Loss: 0.3416
Epoch: 976, Loss: 0.3375
Epoch: 981, Loss: 0.3336
Epoch: 986, Loss: 0.3327
Epoch: 991, Loss: 0.3316
Epoch: 996, Loss: 0.3303
Epoch: 1001, Loss: 0.3301
Elapsed time 0.0878 min
Epoch: 6, Loss: 0.3297
Epoch: 11, Loss: 0.3292
Epoch: 16, Loss: 0.3291
Epoch: 21, Loss: 0.3288
Epoch: 26, Loss: 0.3286
Epoch: 31, Loss: 0.3284
Epoch: 36, Loss: 0.3283
Epoch: 41, Loss: 0.3281
Epoch: 46, Loss: 0.3285
Epoch: 51, Loss: 0.3457
Epoch: 56, Loss: 0.3334
Epoch: 61, Loss: 0.3353
Epoch: 66, Loss: 0.3359
Epoch: 71, Loss: 0.3657
Epoch: 76, Loss: 0.3614
Epoch: 81, Loss: 0.3561
Epoch: 86, Loss: 0.3523
Epoch: 91, Loss: 0.3423
Epoch: 96, Loss: 0.3388
Epoch: 101, Loss: 0.3367
Epoch: 106, Loss: 0.3353
Epoch: 111, Loss: 0.3352
Epoch: 116, Loss: 0.3337
Epoch: 121, Loss: 0.3326
Epoch: 126, Loss: 0.3317
Epoch: 131, Loss: 0.3310
Epoch: 136, Loss: 0.3305
Epoch: 141, Loss: 0.3301
Epoch: 146, Loss: 0.3298
Epoch: 151, Loss: 0.3294
Epoch: 156, Loss: 0.3292
Epoch: 161, Loss: 0.3289
Epoch: 166, Loss: 0.3291
Epoch: 171, Loss: 0.3348
Epoch: 176, Loss: 0.3352
Epoch: 181, Loss: 0.3452
Epoch: 186, Loss: 0.3403
Epoch: 191, Loss: 0.3408
Epoch: 196, Loss: 0.3379
Epoch: 201, Loss: 0.3360
Epoch: 206, Loss: 0.3334
Epoch: 211, Loss: 0.3315
Epoch: 216, Loss: 0.3309
Epoch: 221, Loss: 0.3363
Epoch: 226, Loss: 0.6633
Epoch: 231, Loss: 0.5544
Epoch: 236, Loss: 0.4566
Epoch: 241, Loss: 0.4108
Epoch: 246, Loss: 0.4009
Epoch: 251, Loss: 0.3961
Epoch: 256, Loss: 0.3894
Epoch: 261, Loss: 0.3852
Epoch: 266, Loss: 0.3821
Epoch: 271, Loss: 0.3784
Epoch: 276, Loss: 0.3759
Epoch: 281, Loss: 0.3731
Epoch: 286, Loss: 0.3704
Epoch: 291, Loss: 0.3685
Epoch: 296, Loss: 0.3664
Epoch: 301, Loss: 0.3646
Epoch: 306, Loss: 0.3627
Epoch: 311, Loss: 0.3608
Epoch: 316, Loss: 0.3591
Epoch: 321, Loss: 0.3581
Epoch: 326, Loss: 0.3568
Epoch: 331, Loss: 0.3554
Epoch: 336, Loss: 0.3541
Epoch: 341, Loss: 0.3528
Epoch: 346, Loss: 0.3518
Epoch: 351, Loss: 0.3506
Epoch: 356, Loss: 0.3497
Epoch: 361, Loss: 0.3487
Epoch: 366, Loss: 0.3478
Epoch: 371, Loss: 0.3469
Epoch: 376, Loss: 0.3462
Epoch: 381, Loss: 0.3455
Epoch: 386, Loss: 0.3449
Epoch: 391, Loss: 0.3443
Epoch: 396, Loss: 0.3438
Epoch: 401, Loss: 0.3433
Epoch: 406, Loss: 0.3481
Epoch: 411, Loss: 0.3488
Epoch: 416, Loss: 0.3507
Epoch: 421, Loss: 0.3466
Epoch: 426, Loss: 0.3456
Epoch: 431, Loss: 0.3434
Epoch: 436, Loss: 0.3425
Epoch: 441, Loss: 0.3417
Epoch: 446, Loss: 0.3409
Epoch: 451, Loss: 0.3403
Epoch: 456, Loss: 0.3398
Epoch: 461, Loss: 0.3393
Epoch: 466, Loss: 0.3389
Epoch: 471, Loss: 0.3385
Epoch: 476, Loss: 0.3382
Epoch: 481, Loss: 0.3379
Epoch: 486, Loss: 0.3376
Epoch: 491, Loss: 0.3373
Epoch: 496, Loss: 0.3371
Epoch: 501, Loss: 0.3368
Epoch: 506, Loss: 0.3365
Epoch: 511, Loss: 0.3362
Epoch: 516, Loss: 0.3360
Epoch: 521, Loss: 0.3357
Epoch: 526, Loss: 0.3354
Epoch: 531, Loss: 0.3357
Epoch: 536, Loss: 0.3357
Epoch: 541, Loss: 0.3356
Epoch: 546, Loss: 0.3364
Epoch: 551, Loss: 0.3358
Epoch: 556, Loss: 0.3359
Epoch: 561, Loss: 0.3365
Epoch: 566, Loss: 0.3357
Epoch: 571, Loss: 0.3355
Epoch: 576, Loss: 0.3418
Epoch: 581, Loss: 0.3429
Epoch: 586, Loss: 0.3424
Epoch: 591, Loss: 0.3387
Epoch: 596, Loss: 0.3364
Epoch: 601, Loss: 0.3354
Epoch: 606, Loss: 0.3345
Epoch: 611, Loss: 0.3341
Epoch: 616, Loss: 0.3340
Epoch: 621, Loss: 0.3339
Epoch: 626, Loss: 0.3333
Epoch: 631, Loss: 0.3334
Epoch: 636, Loss: 0.3333
Epoch: 641, Loss: 0.3335
Epoch: 646, Loss: 0.3401
Epoch: 651, Loss: 0.3416
Epoch: 656, Loss: 0.3363
Epoch: 661, Loss: 0.3330
Epoch: 666, Loss: 0.3339
Epoch: 671, Loss: 0.3331
Epoch: 676, Loss: 0.3324
Epoch: 681, Loss: 0.3329
Epoch: 686, Loss: 0.3333
Epoch: 691, Loss: 0.3332
Epoch: 696, Loss: 0.3351
Epoch: 701, Loss: 0.3476
Epoch: 706, Loss: 0.3323
Epoch: 711, Loss: 0.3356
Epoch: 716, Loss: 0.3367
Epoch: 721, Loss: 0.3343
Epoch: 726, Loss: 0.3319
Epoch: 731, Loss: 0.3315
Epoch: 736, Loss: 0.3322
Epoch: 741, Loss: 0.3311
Epoch: 746, Loss: 0.3309
Epoch: 751, Loss: 0.3341
Epoch: 756, Loss: 0.3491
Epoch: 761, Loss: 0.3333
Epoch: 766, Loss: 0.3330
Epoch: 771, Loss: 0.3347
Epoch: 776, Loss: 0.3332
Epoch: 781, Loss: 0.3329
Epoch: 786, Loss: 0.3327
Epoch: 791, Loss: 0.3314
Epoch: 796, Loss: 0.3307
Epoch: 801, Loss: 0.3318
Epoch: 806, Loss: 0.3350
Epoch: 811, Loss: 0.3322
Epoch: 816, Loss: 0.3315
Epoch: 821, Loss: 0.3316
Epoch: 826, Loss: 0.3400
Epoch: 831, Loss: 0.3312
Epoch: 836, Loss: 0.3333
Epoch: 841, Loss: 0.3318
Epoch: 846, Loss: 0.3308
Epoch: 851, Loss: 0.3317
Epoch: 856, Loss: 0.3325
Epoch: 861, Loss: 0.3340
Epoch: 866, Loss: 0.3360
Epoch: 871, Loss: 0.3298
Epoch: 876, Loss: 0.3308
Epoch: 881, Loss: 0.3310
Epoch: 886, Loss: 0.3359
Epoch: 891, Loss: 0.3337
Epoch: 896, Loss: 0.3308
Epoch: 901, Loss: 0.3328
Epoch: 906, Loss: 0.3300
Epoch: 911, Loss: 0.3317
Epoch: 916, Loss: 0.3319
Epoch: 921, Loss: 0.3296
Epoch: 926, Loss: 0.3309
Epoch: 931, Loss: 0.3381
Epoch: 936, Loss: 0.3318
Epoch: 941, Loss: 0.3331
Epoch: 946, Loss: 0.3290
Epoch: 951, Loss: 0.3315
Epoch: 956, Loss: 0.3283
Epoch: 961, Loss: 0.3289
Epoch: 966, Loss: 0.3321
Epoch: 971, Loss: 0.3325
Epoch: 976, Loss: 0.3343
Epoch: 981, Loss: 0.3324
Epoch: 986, Loss: 0.3290
Epoch: 991, Loss: 0.3290
Epoch: 996, Loss: 0.3298
Epoch: 1001, Loss: 0.3276
Elapsed time 0.0862 min
Epoch: 6, Loss: 0.3276
Epoch: 11, Loss: 0.3335
Epoch: 16, Loss: 0.3594
Epoch: 21, Loss: 0.3476
Epoch: 26, Loss: 0.3379
Epoch: 31, Loss: 0.3310
Epoch: 36, Loss: 0.3301
Epoch: 41, Loss: 0.3287
Epoch: 46, Loss: 0.3284
Epoch: 51, Loss: 0.3275
Epoch: 56, Loss: 0.3270
Epoch: 61, Loss: 0.3266
Epoch: 66, Loss: 0.3267
Epoch: 71, Loss: 0.3264
Epoch: 76, Loss: 0.3262
Epoch: 81, Loss: 0.3265
Epoch: 86, Loss: 0.3290
Epoch: 91, Loss: 0.3358
Epoch: 96, Loss: 0.3396
Epoch: 101, Loss: 0.3332
Epoch: 106, Loss: 0.3264
Epoch: 111, Loss: 0.3281
Epoch: 116, Loss: 0.3288
Epoch: 121, Loss: 0.3284
Epoch: 126, Loss: 0.3260
Epoch: 131, Loss: 0.3265
Epoch: 136, Loss: 0.3259
Epoch: 141, Loss: 0.3272
Epoch: 146, Loss: 0.3351
Epoch: 151, Loss: 0.3277
Epoch: 156, Loss: 0.3272
Epoch: 161, Loss: 0.3305
Epoch: 166, Loss: 0.3274
Epoch: 171, Loss: 0.3292
Epoch: 176, Loss: 0.3371
Epoch: 181, Loss: 0.3265
Epoch: 186, Loss: 0.3285
Epoch: 191, Loss: 0.3271
Epoch: 196, Loss: 0.3260
Epoch: 201, Loss: 0.3276
Epoch: 206, Loss: 0.3254
Epoch: 211, Loss: 0.3265
Epoch: 216, Loss: 0.3250
Epoch: 221, Loss: 0.3248
Epoch: 226, Loss: 0.3395
Epoch: 231, Loss: 0.3475
Epoch: 236, Loss: 0.3443
Epoch: 241, Loss: 0.3414
Epoch: 246, Loss: 0.3394
Epoch: 251, Loss: 0.3496
Epoch: 256, Loss: 0.3388
Epoch: 261, Loss: 0.5440
Epoch: 266, Loss: 0.4727
Epoch: 271, Loss: 0.4131
Epoch: 276, Loss: 0.3937
Epoch: 281, Loss: 0.3893
Epoch: 286, Loss: 0.3735
Epoch: 291, Loss: 0.3727
Epoch: 296, Loss: 0.3650
Epoch: 301, Loss: 0.3603
Epoch: 306, Loss: 0.3557
Epoch: 311, Loss: 0.3524
Epoch: 316, Loss: 0.3498
Epoch: 321, Loss: 0.3476
Epoch: 326, Loss: 0.3485
Epoch: 331, Loss: 0.3471
Epoch: 336, Loss: 0.3450
Epoch: 341, Loss: 0.3440
Epoch: 346, Loss: 0.3426
Epoch: 351, Loss: 0.3414
Epoch: 356, Loss: 0.3403
Epoch: 361, Loss: 0.3394
Epoch: 366, Loss: 0.3384
Epoch: 371, Loss: 0.3376
Epoch: 376, Loss: 0.3368
Epoch: 381, Loss: 0.3370
Epoch: 386, Loss: 0.3364
Epoch: 391, Loss: 0.3355
Epoch: 396, Loss: 0.3347
Epoch: 401, Loss: 0.3341
Epoch: 406, Loss: 0.3336
Epoch: 411, Loss: 0.3332
Epoch: 416, Loss: 0.3327
Epoch: 421, Loss: 0.3323
Epoch: 426, Loss: 0.3323
Epoch: 431, Loss: 0.3318
Epoch: 436, Loss: 0.3313
Epoch: 441, Loss: 0.3310
Epoch: 446, Loss: 0.3307
Epoch: 451, Loss: 0.3303
Epoch: 456, Loss: 0.3300
Epoch: 461, Loss: 0.3298
Epoch: 466, Loss: 0.3302
Epoch: 471, Loss: 0.3296
Epoch: 476, Loss: 0.3294
Epoch: 481, Loss: 0.3293
Epoch: 486, Loss: 0.3289
Epoch: 491, Loss: 0.3287
Epoch: 496, Loss: 0.3286
Epoch: 501, Loss: 0.3283
Epoch: 506, Loss: 0.3281
Epoch: 511, Loss: 0.3280
Epoch: 516, Loss: 0.3282
Epoch: 521, Loss: 0.3280
Epoch: 526, Loss: 0.3280
Epoch: 531, Loss: 0.3289
Epoch: 536, Loss: 0.3308
Epoch: 541, Loss: 0.3274
Epoch: 546, Loss: 0.3277
Epoch: 551, Loss: 0.3287
Epoch: 556, Loss: 0.3264
Epoch: 561, Loss: 0.3285
Epoch: 566, Loss: 0.3317
Epoch: 571, Loss: 0.3260
Epoch: 576, Loss: 0.3285
Epoch: 581, Loss: 0.3282
Epoch: 586, Loss: 0.3259
Epoch: 591, Loss: 0.3270
Epoch: 596, Loss: 0.3293
Epoch: 601, Loss: 0.3306
Epoch: 606, Loss: 0.3493
Epoch: 611, Loss: 0.3360
Epoch: 616, Loss: 0.3426
Epoch: 621, Loss: 0.3654
Epoch: 626, Loss: 0.3416
Epoch: 631, Loss: 0.3392
Epoch: 636, Loss: 0.3338
Epoch: 641, Loss: 0.3318
Epoch: 646, Loss: 0.3290
Epoch: 651, Loss: 0.3287
Epoch: 656, Loss: 0.3276
Epoch: 661, Loss: 0.3270
Epoch: 666, Loss: 0.3263
Epoch: 671, Loss: 0.3259
Epoch: 676, Loss: 0.3255
Epoch: 681, Loss: 0.3252
Epoch: 686, Loss: 0.3249
Epoch: 691, Loss: 0.3247
Epoch: 696, Loss: 0.3244
Epoch: 701, Loss: 0.3242
Epoch: 706, Loss: 0.3240
Epoch: 711, Loss: 0.3238
Epoch: 716, Loss: 0.3237
Epoch: 721, Loss: 0.3238
Epoch: 726, Loss: 0.3323
Epoch: 731, Loss: 0.3474
Epoch: 736, Loss: 0.3388
Epoch: 741, Loss: 0.3317
Epoch: 746, Loss: 0.3274
Epoch: 751, Loss: 0.3254
Epoch: 756, Loss: 0.3240
Epoch: 761, Loss: 0.3234
Epoch: 766, Loss: 0.3232
Epoch: 771, Loss: 0.3231
Epoch: 776, Loss: 0.3229
Epoch: 781, Loss: 0.3226
Epoch: 786, Loss: 0.3226
Epoch: 791, Loss: 0.3224
Epoch: 796, Loss: 0.3223
Epoch: 801, Loss: 0.3232
Epoch: 806, Loss: 0.3386
Epoch: 811, Loss: 0.3275
Epoch: 816, Loss: 0.3306
Epoch: 821, Loss: 0.3260
Epoch: 826, Loss: 0.3233
Epoch: 831, Loss: 0.3225
Epoch: 836, Loss: 0.3226
Epoch: 841, Loss: 0.3229
Epoch: 846, Loss: 0.3222
Epoch: 851, Loss: 0.3219
Epoch: 856, Loss: 0.3217
Epoch: 861, Loss: 0.3218
Epoch: 866, Loss: 0.3219
Epoch: 871, Loss: 0.3244
Epoch: 876, Loss: 0.3220
Epoch: 881, Loss: 0.3249
Epoch: 886, Loss: 0.3216
Epoch: 891, Loss: 0.3232
Epoch: 896, Loss: 0.3236
Epoch: 901, Loss: 0.3307
Epoch: 906, Loss: 0.3412
Epoch: 911, Loss: 0.3289
Epoch: 916, Loss: 0.3228
Epoch: 921, Loss: 0.3217
Epoch: 926, Loss: 0.3213
Epoch: 931, Loss: 0.3218
Epoch: 936, Loss: 0.3219
Epoch: 941, Loss: 0.3214
Epoch: 946, Loss: 0.3208
Epoch: 951, Loss: 0.3210
Epoch: 956, Loss: 0.3207
Epoch: 961, Loss: 0.3219
Epoch: 966, Loss: 0.3327
Epoch: 971, Loss: 0.3281
Epoch: 976, Loss: 0.3317
Epoch: 981, Loss: 0.3273
Epoch: 986, Loss: 0.3241
Epoch: 991, Loss: 0.3229
Epoch: 996, Loss: 0.3214
Epoch: 1001, Loss: 0.3207
Elapsed time 0.0878 min
Epoch: 6, Loss: 0.3205
Epoch: 11, Loss: 0.3205
Epoch: 16, Loss: 0.3203
Epoch: 21, Loss: 0.3233
Epoch: 26, Loss: 0.3235
Epoch: 31, Loss: 0.3288
Epoch: 36, Loss: 0.3234
Epoch: 41, Loss: 0.3246
Epoch: 46, Loss: 0.3228
Epoch: 51, Loss: 0.3245
Epoch: 56, Loss: 0.3224
Epoch: 61, Loss: 0.3220
Epoch: 66, Loss: 0.3211
Epoch: 71, Loss: 0.3207
Epoch: 76, Loss: 0.3200
Epoch: 81, Loss: 0.3216
Epoch: 86, Loss: 0.3291
Epoch: 91, Loss: 0.3294
Epoch: 96, Loss: 0.3297
Epoch: 101, Loss: 0.3235
Epoch: 106, Loss: 0.3233
Epoch: 111, Loss: 0.3218
Epoch: 116, Loss: 0.3210
Epoch: 121, Loss: 0.3202
Epoch: 126, Loss: 0.3199
Epoch: 131, Loss: 0.3206
Epoch: 136, Loss: 0.3211
Epoch: 141, Loss: 0.3252
Epoch: 146, Loss: 0.3286
Epoch: 151, Loss: 0.3207
Epoch: 156, Loss: 0.3232
Epoch: 161, Loss: 0.3222
Epoch: 166, Loss: 0.3207
Epoch: 171, Loss: 0.3191
Epoch: 176, Loss: 0.3200
Epoch: 181, Loss: 0.3193
Epoch: 186, Loss: 0.3224
Epoch: 191, Loss: 0.3338
Epoch: 196, Loss: 0.3229
Epoch: 201, Loss: 0.3273
Epoch: 206, Loss: 0.3231
Epoch: 211, Loss: 0.3205
Epoch: 216, Loss: 0.3205
Epoch: 221, Loss: 0.3197
Epoch: 226, Loss: 0.3200
Epoch: 231, Loss: 0.3187
Epoch: 236, Loss: 0.3195
Epoch: 241, Loss: 0.3191
Epoch: 246, Loss: 0.3188
Epoch: 251, Loss: 0.3227
Epoch: 256, Loss: 0.3312
Epoch: 261, Loss: 0.3218
Epoch: 266, Loss: 0.3231
Epoch: 271, Loss: 0.3200
Epoch: 276, Loss: 0.3192
Epoch: 281, Loss: 0.3193
Epoch: 286, Loss: 0.3186
Epoch: 291, Loss: 0.3186
Epoch: 296, Loss: 0.3187
Epoch: 301, Loss: 0.3185
Epoch: 306, Loss: 0.3190
Epoch: 311, Loss: 0.3229
Epoch: 316, Loss: 0.3350
Epoch: 321, Loss: 0.3198
Epoch: 326, Loss: 0.3208
Epoch: 331, Loss: 0.3220
Epoch: 336, Loss: 0.3198
Epoch: 341, Loss: 0.3179
Epoch: 346, Loss: 0.3195
Epoch: 351, Loss: 0.3184
Epoch: 356, Loss: 0.3192
Epoch: 361, Loss: 0.3194
Epoch: 366, Loss: 0.3200
Epoch: 371, Loss: 0.3251
Epoch: 376, Loss: 0.3199
Epoch: 381, Loss: 0.3226
Epoch: 386, Loss: 0.3196
Epoch: 391, Loss: 0.3190
Epoch: 396, Loss: 0.3220
Epoch: 401, Loss: 0.3202
Epoch: 406, Loss: 0.3265
Epoch: 411, Loss: 0.3224
Epoch: 416, Loss: 0.3232
Epoch: 421, Loss: 0.3182
Epoch: 426, Loss: 0.3205
Epoch: 431, Loss: 0.3186
Epoch: 436, Loss: 0.3176
Epoch: 441, Loss: 0.3179
Epoch: 446, Loss: 0.3176
Epoch: 451, Loss: 0.3172
Epoch: 456, Loss: 0.3188
Epoch: 461, Loss: 0.3251
Epoch: 466, Loss: 0.3410
Epoch: 471, Loss: 0.3349
Epoch: 476, Loss: 0.3255
Epoch: 481, Loss: 0.3226
Epoch: 486, Loss: 0.3196
Epoch: 491, Loss: 0.3189
Epoch: 496, Loss: 0.3182
Epoch: 501, Loss: 0.3175
Epoch: 506, Loss: 0.3172
Epoch: 511, Loss: 0.3179
Epoch: 516, Loss: 0.3188
Epoch: 521, Loss: 0.3169
Epoch: 526, Loss: 0.3172
Epoch: 531, Loss: 0.3197
Epoch: 536, Loss: 0.3207
Epoch: 541, Loss: 0.3315
Epoch: 546, Loss: 0.3193
Epoch: 551, Loss: 0.3189
Epoch: 556, Loss: 0.3225
Epoch: 561, Loss: 0.3215
Epoch: 566, Loss: 0.3199
Epoch: 571, Loss: 0.3169
Epoch: 576, Loss: 0.3191
Epoch: 581, Loss: 0.3191
Epoch: 586, Loss: 0.3168
Epoch: 591, Loss: 0.3181
Epoch: 596, Loss: 0.3220
Epoch: 601, Loss: 0.3177
Epoch: 606, Loss: 0.3196
Epoch: 611, Loss: 0.3220
Epoch: 616, Loss: 0.3181
Epoch: 621, Loss: 0.3191
Epoch: 626, Loss: 0.3164
Epoch: 631, Loss: 0.3195
Epoch: 636, Loss: 0.3241
Epoch: 641, Loss: 0.3314
Epoch: 646, Loss: 0.3273
Epoch: 651, Loss: 0.3201
Epoch: 656, Loss: 0.3171
Epoch: 661, Loss: 0.3181
Epoch: 666, Loss: 0.3174
Epoch: 671, Loss: 0.3164
Epoch: 676, Loss: 0.3162
Epoch: 681, Loss: 0.3163
Epoch: 686, Loss: 0.3163
Epoch: 691, Loss: 0.3170
Epoch: 696, Loss: 0.3210
Epoch: 701, Loss: 0.3239
Epoch: 706, Loss: 0.3186
Epoch: 711, Loss: 0.3212
Epoch: 716, Loss: 0.3172
Epoch: 721, Loss: 0.3219
Epoch: 726, Loss: 0.3166
Epoch: 731, Loss: 0.3174
Epoch: 736, Loss: 0.3171
Epoch: 741, Loss: 0.3158
Epoch: 746, Loss: 0.3172
Epoch: 751, Loss: 0.3206
Epoch: 756, Loss: 0.3242
Epoch: 761, Loss: 0.3178
Epoch: 766, Loss: 0.3196
Epoch: 771, Loss: 0.3191
Epoch: 776, Loss: 0.3159
Epoch: 781, Loss: 0.3193
Epoch: 786, Loss: 0.3153
Epoch: 791, Loss: 0.3195
Epoch: 796, Loss: 0.3202
Epoch: 801, Loss: 0.3158
Epoch: 806, Loss: 0.3220
Epoch: 811, Loss: 0.3210
Epoch: 816, Loss: 0.3161
Epoch: 821, Loss: 0.3177
Epoch: 826, Loss: 0.3187
Epoch: 831, Loss: 0.3176
Epoch: 836, Loss: 0.3151
Epoch: 841, Loss: 0.3160
Epoch: 846, Loss: 0.3160
Epoch: 851, Loss: 0.3364
Epoch: 856, Loss: 0.3194
Epoch: 861, Loss: 0.3408
Epoch: 866, Loss: 0.3268
Epoch: 871, Loss: 0.3266
Epoch: 876, Loss: 0.3240
Epoch: 881, Loss: 0.3214
Epoch: 886, Loss: 0.3195
Epoch: 891, Loss: 0.3183
Epoch: 896, Loss: 0.3176
Epoch: 901, Loss: 0.3171
Epoch: 906, Loss: 0.3167
Epoch: 911, Loss: 0.3163
Epoch: 916, Loss: 0.3161
Epoch: 921, Loss: 0.3158
Epoch: 926, Loss: 0.3157
Epoch: 931, Loss: 0.3156
Epoch: 936, Loss: 0.3158
Epoch: 941, Loss: 0.3187
Epoch: 946, Loss: 0.3168
Epoch: 951, Loss: 0.3199
Epoch: 956, Loss: 0.3287
Epoch: 961, Loss: 0.3207
Epoch: 966, Loss: 0.3182
Epoch: 971, Loss: 0.3203
Epoch: 976, Loss: 0.3195
Epoch: 981, Loss: 0.3177
Epoch: 986, Loss: 0.3160
Epoch: 991, Loss: 0.3156
Epoch: 996, Loss: 0.3157
Epoch: 1001, Loss: 0.3158
Elapsed time 0.0877 min
Epoch: 6, Loss: 0.3164
Epoch: 11, Loss: 0.3165
Epoch: 16, Loss: 0.3197
Epoch: 21, Loss: 0.3232
Epoch: 26, Loss: 0.3177
Epoch: 31, Loss: 0.3173
Epoch: 36, Loss: 0.3209
Epoch: 41, Loss: 0.3153
Epoch: 46, Loss: 0.3159
Epoch: 51, Loss: 0.3176
Epoch: 56, Loss: 0.3177
Epoch: 61, Loss: 0.3200
Epoch: 66, Loss: 0.3146
Epoch: 71, Loss: 0.3181
Epoch: 76, Loss: 0.3164
Epoch: 81, Loss: 0.3195
Epoch: 86, Loss: 0.3211
Epoch: 91, Loss: 0.3155
Epoch: 96, Loss: 0.3175
Epoch: 101, Loss: 0.3162
Epoch: 106, Loss: 0.3170
Epoch: 111, Loss: 0.3181
Epoch: 116, Loss: 0.3167
Epoch: 121, Loss: 0.3187
Epoch: 126, Loss: 0.3252
Epoch: 131, Loss: 0.3184
Epoch: 136, Loss: 0.3170
Epoch: 141, Loss: 0.3160
Epoch: 146, Loss: 0.3145
Epoch: 151, Loss: 0.3166
Epoch: 156, Loss: 0.3183
Epoch: 161, Loss: 0.3190
Epoch: 166, Loss: 0.3151
Epoch: 171, Loss: 0.3138
Epoch: 176, Loss: 0.3161
Epoch: 181, Loss: 0.3253
Epoch: 186, Loss: 0.3246
Epoch: 191, Loss: 0.3249
Epoch: 196, Loss: 0.3180
Epoch: 201, Loss: 0.3169
Epoch: 206, Loss: 0.3207
Epoch: 211, Loss: 0.3204
Epoch: 216, Loss: 0.3173
Epoch: 221, Loss: 0.3161
Epoch: 226, Loss: 0.3162
Epoch: 231, Loss: 0.3211
Epoch: 236, Loss: 0.3196
Epoch: 241, Loss: 0.3148
Epoch: 246, Loss: 0.3165
Epoch: 251, Loss: 0.3149
Epoch: 256, Loss: 0.3139
Epoch: 261, Loss: 0.3140
Epoch: 266, Loss: 0.3180
Epoch: 271, Loss: 0.3343
Epoch: 276, Loss: 0.3171
Epoch: 281, Loss: 0.3173
Epoch: 286, Loss: 0.3173
Epoch: 291, Loss: 0.3344
Epoch: 296, Loss: 0.3336
Epoch: 301, Loss: 0.3261
Epoch: 306, Loss: 0.3211
Epoch: 311, Loss: 0.3197
Epoch: 316, Loss: 0.3184
Epoch: 321, Loss: 0.3238
Epoch: 326, Loss: 0.3229
Epoch: 331, Loss: 0.3201
Epoch: 336, Loss: 0.3195
Epoch: 341, Loss: 0.3180
Epoch: 346, Loss: 0.3227
Epoch: 351, Loss: 0.3226
Epoch: 356, Loss: 0.3255
Epoch: 361, Loss: 0.3207
Epoch: 366, Loss: 0.3188
Epoch: 371, Loss: 0.3182
Epoch: 376, Loss: 0.3175
Epoch: 381, Loss: 0.3171
Epoch: 386, Loss: 0.3161
Epoch: 391, Loss: 0.3168
Epoch: 396, Loss: 0.3230
Epoch: 401, Loss: 0.3206
Epoch: 406, Loss: 0.3206
Epoch: 411, Loss: 0.3160
Epoch: 416, Loss: 0.3192
Epoch: 421, Loss: 0.3149
Epoch: 426, Loss: 0.3176
Epoch: 431, Loss: 0.3145
Epoch: 436, Loss: 0.3191
Epoch: 441, Loss: 0.3178
Epoch: 446, Loss: 0.3345
Epoch: 451, Loss: 0.3208
Epoch: 456, Loss: 0.3162
Epoch: 461, Loss: 0.3148
Epoch: 466, Loss: 0.3144
Epoch: 471, Loss: 0.3149
Epoch: 476, Loss: 0.3151
Epoch: 481, Loss: 0.3144
Epoch: 486, Loss: 0.3138
Epoch: 491, Loss: 0.3138
Epoch: 496, Loss: 0.3155
Epoch: 501, Loss: 0.3149
Epoch: 506, Loss: 0.3190
Epoch: 511, Loss: 0.3450
Epoch: 516, Loss: 0.3390
Epoch: 521, Loss: 0.3296
Epoch: 526, Loss: 0.3231
Epoch: 531, Loss: 0.3172
Epoch: 536, Loss: 0.3162
Epoch: 541, Loss: 0.3146
Epoch: 546, Loss: 0.3138
Epoch: 551, Loss: 0.3136
Epoch: 556, Loss: 0.3135
Epoch: 561, Loss: 0.3132
Epoch: 566, Loss: 0.3129
Epoch: 571, Loss: 0.3127
Epoch: 576, Loss: 0.3128
Epoch: 581, Loss: 0.3146
Epoch: 586, Loss: 0.3254
Epoch: 591, Loss: 0.3139
Epoch: 596, Loss: 0.3197
Epoch: 601, Loss: 0.3197
Epoch: 606, Loss: 0.3160
Epoch: 611, Loss: 0.3143
Epoch: 616, Loss: 0.3127
Epoch: 621, Loss: 0.3134
Epoch: 626, Loss: 0.3129
Epoch: 631, Loss: 0.3124
Epoch: 636, Loss: 0.3125
Epoch: 641, Loss: 0.3172
Epoch: 646, Loss: 0.3164
Epoch: 651, Loss: 0.3277
Epoch: 656, Loss: 0.3190
Epoch: 661, Loss: 0.3172
Epoch: 666, Loss: 0.3156
Epoch: 671, Loss: 0.3138
Epoch: 676, Loss: 0.3130
Epoch: 681, Loss: 0.3129
Epoch: 686, Loss: 0.3151
Epoch: 691, Loss: 0.3194
Epoch: 696, Loss: 0.3126
Epoch: 701, Loss: 0.3142
Epoch: 706, Loss: 0.3139
Epoch: 711, Loss: 0.3117
Epoch: 716, Loss: 0.3137
Epoch: 721, Loss: 0.3180
Epoch: 726, Loss: 0.3130
Epoch: 731, Loss: 0.3141
Epoch: 736, Loss: 0.3204
Epoch: 741, Loss: 0.3115
Epoch: 746, Loss: 0.3169
Epoch: 751, Loss: 0.3129
Epoch: 756, Loss: 0.3154
Epoch: 761, Loss: 0.3193
Epoch: 766, Loss: 0.3146
Epoch: 771, Loss: 0.3167
Epoch: 776, Loss: 0.3164
Epoch: 781, Loss: 0.3128
Epoch: 786, Loss: 0.3119
Epoch: 791, Loss: 0.3124
Epoch: 796, Loss: 0.3118
Epoch: 801, Loss: 0.3130
Epoch: 806, Loss: 0.3219
Epoch: 811, Loss: 0.3142
Epoch: 816, Loss: 0.3210
Epoch: 821, Loss: 0.3151
Epoch: 826, Loss: 0.3117
Epoch: 831, Loss: 0.3119
Epoch: 836, Loss: 0.3128
Epoch: 841, Loss: 0.3120
Epoch: 846, Loss: 0.3122
Epoch: 851, Loss: 0.3155
Epoch: 856, Loss: 0.3117
Epoch: 861, Loss: 0.3143
Epoch: 866, Loss: 0.3122
Epoch: 871, Loss: 0.3152
Epoch: 876, Loss: 0.3123
Epoch: 881, Loss: 0.3229
Epoch: 886, Loss: 0.3153
Epoch: 891, Loss: 0.3167
Epoch: 896, Loss: 0.3120
Epoch: 901, Loss: 0.3124
Epoch: 906, Loss: 0.3116
Epoch: 911, Loss: 0.3111
Epoch: 916, Loss: 0.3111
Epoch: 921, Loss: 0.3110
Epoch: 926, Loss: 0.3108
Epoch: 931, Loss: 0.3121
Epoch: 936, Loss: 0.3240
Epoch: 941, Loss: 0.3160
Epoch: 946, Loss: 0.3182
Epoch: 951, Loss: 0.3179
Epoch: 956, Loss: 0.3142
Epoch: 961, Loss: 0.3126
Epoch: 966, Loss: 0.3114
Epoch: 971, Loss: 0.3115
Epoch: 976, Loss: 0.3114
Epoch: 981, Loss: 0.3105
Epoch: 986, Loss: 0.3107
Epoch: 991, Loss: 0.3103
Epoch: 996, Loss: 0.3103
Epoch: 1001, Loss: 0.3107
Elapsed time 0.0851 min
avg Test Accuracy: 0.8309  avg Test AUC: 0.8757  avg Test PRE: 0.7700
