====================================================================================================
data: HeteroData(
  drug={
    node_id=[3084],
    x=[3084, 12],
  },
  protein={
    node_id=[718],
    x=[718, 20],
  },
  (drug, interaction, protein)={ edge_index=[2, 5937] },
  (protein, rev_interaction, drug)={ edge_index=[2, 5937] }
)
====================================================================================================
****************************************************************************************************
train data: HeteroData(
  drug={
    node_id=[3084],
    x=[3084, 12],
  },
  protein={
    node_id=[718],
    x=[718, 20],
  },
  (drug, interaction, protein)={
    edge_index=[2, 3326],
    edge_label=[2493],
    edge_label_index=[2, 2493],
  },
  (protein, rev_interaction, drug)={ edge_index=[2, 3326] }
)
****************************************************************************************************
val data: HeteroData(
  drug={
    node_id=[3084],
    x=[3084, 12],
  },
  protein={
    node_id=[718],
    x=[718, 20],
  },
  (drug, interaction, protein)={
    edge_index=[2, 4157],
    edge_label=[1779],
    edge_label_index=[2, 1779],
  },
  (protein, rev_interaction, drug)={ edge_index=[2, 4157] }
)
****************************************************************************************************
test data: HeteroData(
  drug={
    node_id=[3084],
    x=[3084, 12],
  },
  protein={
    node_id=[718],
    x=[718, 20],
  },
  (drug, interaction, protein)={
    edge_index=[2, 4750],
    edge_label=[3561],
    edge_label_index=[2, 3561],
  },
  (protein, rev_interaction, drug)={ edge_index=[2, 4750] }
)
****************************************************************************************************
edge_x: torch.Size([2493, 32])
labels: torch.Size([2493])
edge_x: torch.Size([1779, 32])
labels: torch.Size([1779])
edge_x: torch.Size([3561, 32])
labels: torch.Size([3561])
model: HGT(
  (lin_dict): ModuleDict(
    (drug): Linear(-1, 64, bias=True)
    (protein): Linear(-1, 64, bias=True)
  )
  (convs): ModuleList(
    (0-1): 2 x HGTConv(-1, 64, heads=2)
  )
  (lin): Linear(128, 1, bias=True)
)
Epoch: 51, Loss: 55.0926
Epoch: 101, Loss: 55.0921
Epoch: 151, Loss: 55.0900
Epoch: 201, Loss: 55.0812
Epoch: 251, Loss: 55.0763
Epoch: 301, Loss: 55.0744
Epoch: 351, Loss: 55.0737
Epoch: 401, Loss: 55.0732
Epoch: 451, Loss: 55.0728
Epoch: 501, Loss: 55.0725
Epoch: 551, Loss: 55.0720
Epoch: 601, Loss: 55.0715
Epoch: 651, Loss: 55.0709
Epoch: 701, Loss: 55.0700
Epoch: 751, Loss: 55.0687
Epoch: 801, Loss: 55.0672
Epoch: 851, Loss: 55.0668
Epoch: 901, Loss: 55.0654
Epoch: 951, Loss: 55.0641
Epoch: 1001, Loss: 55.0637
Epoch: 6, Loss: 55.0634
Epoch: 11, Loss: 55.0633
Epoch: 16, Loss: 55.0631
Epoch: 21, Loss: 55.0630
Epoch: 26, Loss: 55.0629
Epoch: 31, Loss: 55.0629
Epoch: 36, Loss: 55.0629
Epoch: 41, Loss: 55.0627
Epoch: 46, Loss: 55.0626
Epoch: 51, Loss: 55.0626
Epoch: 56, Loss: 55.0626
Epoch: 61, Loss: 55.0624
Epoch: 66, Loss: 55.0630
Epoch: 71, Loss: 55.0625
Epoch: 76, Loss: 55.0622
Epoch: 81, Loss: 55.0621
Epoch: 86, Loss: 55.0621
Epoch: 91, Loss: 55.0621
Epoch: 96, Loss: 55.0619
Epoch: 101, Loss: 55.0620
Epoch: 106, Loss: 55.0617
Epoch: 111, Loss: 55.0618
Epoch: 116, Loss: 55.0620
Epoch: 121, Loss: 55.0616
Epoch: 126, Loss: 55.0629
Epoch: 131, Loss: 55.0624
Epoch: 136, Loss: 55.0619
Epoch: 141, Loss: 55.0615
Epoch: 146, Loss: 55.0612
Epoch: 151, Loss: 55.0612
Epoch: 156, Loss: 55.0612
Epoch: 161, Loss: 55.0614
Epoch: 166, Loss: 55.0610
Epoch: 171, Loss: 55.0611
Epoch: 176, Loss: 55.0613
Epoch: 181, Loss: 55.0616
Epoch: 186, Loss: 55.0615
Epoch: 191, Loss: 55.0610
Epoch: 196, Loss: 55.0608
Epoch: 201, Loss: 55.0606
Epoch: 206, Loss: 55.0605
Epoch: 211, Loss: 55.0605
Epoch: 216, Loss: 55.0604
Epoch: 221, Loss: 55.0603
Epoch: 226, Loss: 55.0603
Epoch: 231, Loss: 55.0606
Epoch: 236, Loss: 55.0604
Epoch: 241, Loss: 55.0607
Epoch: 246, Loss: 55.0602
Epoch: 251, Loss: 55.0601
Epoch: 256, Loss: 55.0612
Epoch: 261, Loss: 55.0605
Epoch: 266, Loss: 55.0598
Epoch: 271, Loss: 55.0598
Epoch: 276, Loss: 55.0600
Epoch: 281, Loss: 55.0596
Epoch: 286, Loss: 55.0595
Epoch: 291, Loss: 55.0595
Epoch: 296, Loss: 55.0593
Epoch: 301, Loss: 55.0595
Epoch: 306, Loss: 55.0595
Epoch: 311, Loss: 55.0592
Epoch: 316, Loss: 55.0601
Epoch: 321, Loss: 55.0590
Epoch: 326, Loss: 55.0593
Epoch: 331, Loss: 55.0599
Epoch: 336, Loss: 55.0595
Epoch: 341, Loss: 55.0588
Epoch: 346, Loss: 55.0588
Epoch: 351, Loss: 55.0585
Epoch: 356, Loss: 5.8085
Epoch: 361, Loss: 31.3669
Epoch: 366, Loss: 31.3388
Epoch: 371, Loss: 31.3333
Epoch: 376, Loss: 31.3199
Epoch: 381, Loss: 31.3086
Epoch: 386, Loss: 31.3147
Epoch: 391, Loss: 31.3095
Epoch: 396, Loss: 31.3063
Epoch: 401, Loss: 31.3042
Epoch: 406, Loss: 31.3024
Epoch: 411, Loss: 31.3010
Epoch: 416, Loss: 31.3000
Epoch: 421, Loss: 31.2992
Epoch: 426, Loss: 31.2985
Epoch: 431, Loss: 31.2978
Epoch: 436, Loss: 31.2972
Epoch: 441, Loss: 31.2966
Epoch: 446, Loss: 31.2961
Epoch: 451, Loss: 31.2955
Epoch: 456, Loss: 31.2950
Epoch: 461, Loss: 31.2945
Epoch: 466, Loss: 31.2940
Epoch: 471, Loss: 31.2935
Epoch: 476, Loss: 31.2931
Epoch: 481, Loss: 31.2928
Epoch: 486, Loss: 31.2925
Epoch: 491, Loss: 31.2922
Epoch: 496, Loss: 31.2920
Epoch: 501, Loss: 31.2918
Epoch: 506, Loss: 31.2916
Epoch: 511, Loss: 31.2914
Epoch: 516, Loss: 31.2913
Epoch: 521, Loss: 31.2911
Epoch: 526, Loss: 31.2910
Epoch: 531, Loss: 31.2909
Epoch: 536, Loss: 31.2908
Epoch: 541, Loss: 31.2907
Epoch: 546, Loss: 31.2906
Epoch: 551, Loss: 31.2906
Epoch: 556, Loss: 31.2905
Epoch: 561, Loss: 31.2904
Epoch: 566, Loss: 31.2903
Epoch: 571, Loss: 31.2903
Epoch: 576, Loss: 31.2902
Epoch: 581, Loss: 31.2902
Epoch: 586, Loss: 31.2901
Epoch: 591, Loss: 31.2900
Epoch: 596, Loss: 31.2900
Epoch: 601, Loss: 31.2899
Epoch: 606, Loss: 31.2899
Epoch: 611, Loss: 31.2898
Epoch: 616, Loss: 31.2898
Epoch: 621, Loss: 31.2897
Epoch: 626, Loss: 31.2897
Epoch: 631, Loss: 31.2896
Epoch: 636, Loss: 31.2896
Epoch: 641, Loss: 31.2895
Epoch: 646, Loss: 31.2895
Epoch: 651, Loss: 31.2894
Epoch: 656, Loss: 31.2893
Epoch: 661, Loss: 31.2893
Epoch: 666, Loss: 31.2892
Epoch: 671, Loss: 31.2892
Epoch: 676, Loss: 31.2892
Epoch: 681, Loss: 31.2891
Epoch: 686, Loss: 31.2891
Epoch: 691, Loss: 31.2890
Epoch: 696, Loss: 31.2890
Epoch: 701, Loss: 31.2889
Epoch: 706, Loss: 31.2889
Epoch: 711, Loss: 31.2888
Epoch: 716, Loss: 31.2888
Epoch: 721, Loss: 31.2887
Epoch: 726, Loss: 31.2887
Epoch: 731, Loss: 31.2886
Epoch: 736, Loss: 31.2885
Epoch: 741, Loss: 31.2885
Epoch: 746, Loss: 31.2884
Epoch: 751, Loss: 31.2884
Epoch: 756, Loss: 31.2883
Epoch: 761, Loss: 31.2883
Epoch: 766, Loss: 31.2882
Epoch: 771, Loss: 31.2882
Epoch: 776, Loss: 31.2881
Epoch: 781, Loss: 31.2881
Epoch: 786, Loss: 31.2880
Epoch: 791, Loss: 31.2880
Epoch: 796, Loss: 31.2879
Epoch: 801, Loss: 31.2879
Epoch: 806, Loss: 31.2879
Epoch: 811, Loss: 31.2878
Epoch: 816, Loss: 31.2878
Epoch: 821, Loss: 31.2877
Epoch: 826, Loss: 31.2877
Epoch: 831, Loss: 31.2876
Epoch: 836, Loss: 31.2876
Epoch: 841, Loss: 31.2875
Epoch: 846, Loss: 31.2875
Epoch: 851, Loss: 31.2875
Epoch: 856, Loss: 31.2874
Epoch: 861, Loss: 31.2874
Epoch: 866, Loss: 31.2873
Epoch: 871, Loss: 31.2873
Epoch: 876, Loss: 31.2873
Epoch: 881, Loss: 31.2872
Epoch: 886, Loss: 31.2872
Epoch: 891, Loss: 31.2872
Epoch: 896, Loss: 31.2871
Epoch: 901, Loss: 31.2871
Epoch: 906, Loss: 31.2870
Epoch: 911, Loss: 31.2870
Epoch: 916, Loss: 31.2870
Epoch: 921, Loss: 31.2869
Epoch: 926, Loss: 31.2869
Epoch: 931, Loss: 31.2869
Epoch: 936, Loss: 31.2868
Epoch: 941, Loss: 31.2868
Epoch: 946, Loss: 31.2868
Epoch: 951, Loss: 31.2867
Epoch: 956, Loss: 31.2867
Epoch: 961, Loss: 31.2867
Epoch: 966, Loss: 31.2866
Epoch: 971, Loss: 31.2866
Epoch: 976, Loss: 31.2866
Epoch: 981, Loss: 31.2865
Epoch: 986, Loss: 31.2865
Epoch: 991, Loss: 31.2865
Epoch: 996, Loss: 31.2864
Epoch: 1001, Loss: 31.2864
Elapsed time 0.0699 min
Epoch: 6, Loss: 31.2864
Epoch: 11, Loss: 31.2864
Epoch: 16, Loss: 31.2863
Epoch: 21, Loss: 31.2863
Epoch: 26, Loss: 31.2863
Epoch: 31, Loss: 31.2862
Epoch: 36, Loss: 31.2862
Epoch: 41, Loss: 31.2862
Epoch: 46, Loss: 31.2862
Epoch: 51, Loss: 31.2861
Epoch: 56, Loss: 31.2861
Epoch: 61, Loss: 31.2861
Epoch: 66, Loss: 31.2861
Epoch: 71, Loss: 31.2860
Epoch: 76, Loss: 31.2860
Epoch: 81, Loss: 31.2860
Epoch: 86, Loss: 31.2860
Epoch: 91, Loss: 31.2859
Epoch: 96, Loss: 31.2859
Epoch: 101, Loss: 31.2859
Epoch: 106, Loss: 31.2859
Epoch: 111, Loss: 31.2859
Epoch: 116, Loss: 31.2858
Epoch: 121, Loss: 31.2858
Epoch: 126, Loss: 31.2858
Epoch: 131, Loss: 31.2858
Epoch: 136, Loss: 31.2857
Epoch: 141, Loss: 31.2857
Epoch: 146, Loss: 31.2857
Epoch: 151, Loss: 31.2857
Epoch: 156, Loss: 31.2857
Epoch: 161, Loss: 31.2857
Epoch: 166, Loss: 31.2856
Epoch: 171, Loss: 31.2856
Epoch: 176, Loss: 31.2856
Epoch: 181, Loss: 31.2856
Epoch: 186, Loss: 31.2856
Epoch: 191, Loss: 31.2855
Epoch: 196, Loss: 31.2855
Epoch: 201, Loss: 31.2855
Epoch: 206, Loss: 31.2855
Epoch: 211, Loss: 31.2855
Epoch: 216, Loss: 31.2855
Epoch: 221, Loss: 31.2854
Epoch: 226, Loss: 31.2854
Epoch: 231, Loss: 31.2854
Epoch: 236, Loss: 31.2854
Epoch: 241, Loss: 31.2854
Epoch: 246, Loss: 31.2854
Epoch: 251, Loss: 31.2854
Epoch: 256, Loss: 31.2853
Epoch: 261, Loss: 31.2853
Epoch: 266, Loss: 31.2853
Epoch: 271, Loss: 31.2853
Epoch: 276, Loss: 31.2853
Epoch: 281, Loss: 31.2853
Epoch: 286, Loss: 31.2853
Epoch: 291, Loss: 31.2852
Epoch: 296, Loss: 31.2852
Epoch: 301, Loss: 31.2852
Epoch: 306, Loss: 31.2852
Epoch: 311, Loss: 31.2852
Epoch: 316, Loss: 31.2852
Epoch: 321, Loss: 31.2852
Epoch: 326, Loss: 31.2851
Epoch: 331, Loss: 31.2851
Epoch: 336, Loss: 31.2851
Epoch: 341, Loss: 31.2851
Epoch: 346, Loss: 31.2851
Epoch: 351, Loss: 31.2851
Epoch: 356, Loss: 31.2851
Epoch: 361, Loss: 31.2850
Epoch: 366, Loss: 31.2850
Epoch: 371, Loss: 31.2850
Epoch: 376, Loss: 31.2850
Epoch: 381, Loss: 31.2850
Epoch: 386, Loss: 31.2850
Epoch: 391, Loss: 31.2850
Epoch: 396, Loss: 31.2850
Epoch: 401, Loss: 31.2849
Epoch: 406, Loss: 31.2849
Epoch: 411, Loss: 31.2849
Epoch: 416, Loss: 31.2849
Epoch: 421, Loss: 31.2849
Epoch: 426, Loss: 31.2849
Epoch: 431, Loss: 31.2849
Epoch: 436, Loss: 31.2849
Epoch: 441, Loss: 31.2848
Epoch: 446, Loss: 31.2848
Epoch: 451, Loss: 31.2848
Epoch: 456, Loss: 31.2848
Epoch: 461, Loss: 31.2848
Epoch: 466, Loss: 31.2848
Epoch: 471, Loss: 31.2848
Epoch: 476, Loss: 31.2848
Epoch: 481, Loss: 31.2847
Epoch: 486, Loss: 31.2847
Epoch: 491, Loss: 31.2847
Epoch: 496, Loss: 31.2847
Epoch: 501, Loss: 31.2847
Epoch: 506, Loss: 31.2847
Epoch: 511, Loss: 31.2847
Epoch: 516, Loss: 31.2847
Epoch: 521, Loss: 31.2846
Epoch: 526, Loss: 31.2846
Epoch: 531, Loss: 31.2846
Epoch: 536, Loss: 31.2846
Epoch: 541, Loss: 31.2846
Epoch: 546, Loss: 31.2846
Epoch: 551, Loss: 31.2846
Epoch: 556, Loss: 31.2846
Epoch: 561, Loss: 31.2846
Epoch: 566, Loss: 31.2845
Epoch: 571, Loss: 31.2845
Epoch: 576, Loss: 31.2845
Epoch: 581, Loss: 31.2845
Epoch: 586, Loss: 31.2845
Epoch: 591, Loss: 31.2845
Epoch: 596, Loss: 31.2845
Epoch: 601, Loss: 31.2845
Epoch: 606, Loss: 31.2844
Epoch: 611, Loss: 31.2844
Epoch: 616, Loss: 31.2844
Epoch: 621, Loss: 31.2844
Epoch: 626, Loss: 31.2844
Epoch: 631, Loss: 31.2844
Epoch: 636, Loss: 31.2844
Epoch: 641, Loss: 31.2844
Epoch: 646, Loss: 31.2844
Epoch: 651, Loss: 31.2843
Epoch: 656, Loss: 31.2843
Epoch: 661, Loss: 31.2843
Epoch: 666, Loss: 31.2843
Epoch: 671, Loss: 31.2843
Epoch: 676, Loss: 31.2843
Epoch: 681, Loss: 31.2843
Epoch: 686, Loss: 31.2843
Epoch: 691, Loss: 31.2843
Epoch: 696, Loss: 31.2842
Epoch: 701, Loss: 31.2842
Epoch: 706, Loss: 31.2842
Epoch: 711, Loss: 31.2842
Epoch: 716, Loss: 31.2842
Epoch: 721, Loss: 31.2842
Epoch: 726, Loss: 31.2842
Epoch: 731, Loss: 31.2842
Epoch: 736, Loss: 31.2842
Epoch: 741, Loss: 31.2841
Epoch: 746, Loss: 31.2841
Epoch: 751, Loss: 31.2841
Epoch: 756, Loss: 31.2841
Epoch: 761, Loss: 31.2841
Epoch: 766, Loss: 31.2841
Epoch: 771, Loss: 31.2841
Epoch: 776, Loss: 31.2841
Epoch: 781, Loss: 31.2841
Epoch: 786, Loss: 31.2841
Epoch: 791, Loss: 31.2840
Epoch: 796, Loss: 31.2840
Epoch: 801, Loss: 31.2840
Epoch: 806, Loss: 31.2840
Epoch: 811, Loss: 31.2840
Epoch: 816, Loss: 31.2840
Epoch: 821, Loss: 31.2840
Epoch: 826, Loss: 31.2840
Epoch: 831, Loss: 31.2840
Epoch: 836, Loss: 31.2840
Epoch: 841, Loss: 31.2839
Epoch: 846, Loss: 31.2839
Epoch: 851, Loss: 31.2839
Epoch: 856, Loss: 31.2839
Epoch: 861, Loss: 31.2839
Epoch: 866, Loss: 31.2839
Epoch: 871, Loss: 31.2839
Epoch: 876, Loss: 31.2839
Epoch: 881, Loss: 31.2839
Epoch: 886, Loss: 31.2839
Epoch: 891, Loss: 31.2838
Epoch: 896, Loss: 31.2838
Epoch: 901, Loss: 31.2838
Epoch: 906, Loss: 31.2838
Epoch: 911, Loss: 31.2838
Epoch: 916, Loss: 31.2838
Epoch: 921, Loss: 31.2838
Epoch: 926, Loss: 31.2838
Epoch: 931, Loss: 31.2838
Epoch: 936, Loss: 31.2838
Epoch: 941, Loss: 31.2838
Epoch: 946, Loss: 31.2838
Epoch: 951, Loss: 31.2837
Epoch: 956, Loss: 31.2837
Epoch: 961, Loss: 31.2837
Epoch: 966, Loss: 31.2837
Epoch: 971, Loss: 31.2837
Epoch: 976, Loss: 31.2837
Epoch: 981, Loss: 31.2837
Epoch: 986, Loss: 31.2837
Epoch: 991, Loss: 31.2837
Epoch: 996, Loss: 31.2837
Epoch: 1001, Loss: 31.2837
Elapsed time 0.0703 min
Epoch: 6, Loss: 31.2837
Epoch: 11, Loss: 31.2836
Epoch: 16, Loss: 31.2836
Epoch: 21, Loss: 31.2837
Epoch: 26, Loss: 31.2836
Epoch: 31, Loss: 31.2836
Epoch: 36, Loss: 31.2836
Epoch: 41, Loss: 31.2836
Epoch: 46, Loss: 31.2836
Epoch: 51, Loss: 31.2836
Epoch: 56, Loss: 31.2836
Epoch: 61, Loss: 31.2836
Epoch: 66, Loss: 31.2836
Epoch: 71, Loss: 31.2836
Epoch: 76, Loss: 31.2836
Epoch: 81, Loss: 31.2836
Epoch: 86, Loss: 31.2835
Epoch: 91, Loss: 31.2835
Epoch: 96, Loss: 31.2835
Epoch: 101, Loss: 31.2835
Epoch: 106, Loss: 31.2835
Epoch: 111, Loss: 31.2835
Epoch: 116, Loss: 31.2835
Epoch: 121, Loss: 31.2835
Epoch: 126, Loss: 31.2835
Epoch: 131, Loss: 31.2835
Epoch: 136, Loss: 31.2835
Epoch: 141, Loss: 31.2834
Epoch: 146, Loss: 31.2834
Epoch: 151, Loss: 31.2834
Epoch: 156, Loss: 31.2834
Epoch: 161, Loss: 31.2834
Epoch: 166, Loss: 31.2834
Epoch: 171, Loss: 31.2834
Epoch: 176, Loss: 31.2834
Epoch: 181, Loss: 31.2834
Epoch: 186, Loss: 31.2834
Epoch: 191, Loss: 31.2834
Epoch: 196, Loss: 31.2834
Epoch: 201, Loss: 31.2833
Epoch: 206, Loss: 31.2833
Epoch: 211, Loss: 31.2833
Epoch: 216, Loss: 31.2833
Epoch: 221, Loss: 31.2833
Epoch: 226, Loss: 31.2833
Epoch: 231, Loss: 31.2833
Epoch: 236, Loss: 31.2833
Epoch: 241, Loss: 31.2833
Epoch: 246, Loss: 31.2833
Epoch: 251, Loss: 31.2833
Epoch: 256, Loss: 31.2833
Epoch: 261, Loss: 31.2832
Epoch: 266, Loss: 31.2832
Epoch: 271, Loss: 31.2832
Epoch: 276, Loss: 31.2832
Epoch: 281, Loss: 31.2832
Epoch: 286, Loss: 31.2832
Epoch: 291, Loss: 31.2832
Epoch: 296, Loss: 31.2833
Epoch: 301, Loss: 31.2835
Epoch: 306, Loss: 31.2833
Epoch: 311, Loss: 31.2832
Epoch: 316, Loss: 31.2832
Epoch: 321, Loss: 31.2832
Epoch: 326, Loss: 31.2832
Epoch: 331, Loss: 31.2832
Epoch: 336, Loss: 31.2832
Epoch: 341, Loss: 31.2831
Epoch: 346, Loss: 31.2831
Epoch: 351, Loss: 31.2831
Epoch: 356, Loss: 31.2831
Epoch: 361, Loss: 31.2831
Epoch: 366, Loss: 31.2831
Epoch: 371, Loss: 31.2831
Epoch: 376, Loss: 31.2831
Epoch: 381, Loss: 31.2831
Epoch: 386, Loss: 31.2831
Epoch: 391, Loss: 31.2831
Epoch: 396, Loss: 31.2830
Epoch: 401, Loss: 31.2830
Epoch: 406, Loss: 31.2830
Epoch: 411, Loss: 31.2830
Epoch: 416, Loss: 31.2830
Epoch: 421, Loss: 31.2830
Epoch: 426, Loss: 31.2830
Epoch: 431, Loss: 31.2830
Epoch: 436, Loss: 31.2830
Epoch: 441, Loss: 31.2830
Epoch: 446, Loss: 31.2830
Epoch: 451, Loss: 31.2830
Epoch: 456, Loss: 31.2830
Epoch: 461, Loss: 31.2830
Epoch: 466, Loss: 31.2830
Epoch: 471, Loss: 31.2830
Epoch: 476, Loss: 31.2830
Epoch: 481, Loss: 31.2829
Epoch: 486, Loss: 31.2829
Epoch: 491, Loss: 31.2829
Epoch: 496, Loss: 31.2829
Epoch: 501, Loss: 31.2829
Epoch: 506, Loss: 31.2829
Epoch: 511, Loss: 31.2829
Epoch: 516, Loss: 31.2829
Epoch: 521, Loss: 31.2829
Epoch: 526, Loss: 31.2829
Epoch: 531, Loss: 31.2830
Epoch: 536, Loss: 31.2830
Epoch: 541, Loss: 31.2829
Epoch: 546, Loss: 31.2829
Epoch: 551, Loss: 31.2829
Epoch: 556, Loss: 31.2828
Epoch: 561, Loss: 31.2828
Epoch: 566, Loss: 31.2828
Epoch: 571, Loss: 31.2828
Epoch: 576, Loss: 31.2828
Epoch: 581, Loss: 31.2828
Epoch: 586, Loss: 31.2828
Epoch: 591, Loss: 31.2828
Epoch: 596, Loss: 31.2828
Epoch: 601, Loss: 31.2828
Epoch: 606, Loss: 31.2828
Epoch: 611, Loss: 31.2827
Epoch: 616, Loss: 31.2828
Epoch: 621, Loss: 31.2828
Epoch: 626, Loss: 31.2827
Epoch: 631, Loss: 31.2827
Epoch: 636, Loss: 31.2828
Epoch: 641, Loss: 31.2827
Epoch: 646, Loss: 31.2827
Epoch: 651, Loss: 31.2827
Epoch: 656, Loss: 31.2827
Epoch: 661, Loss: 31.2827
Epoch: 666, Loss: 31.2827
Epoch: 671, Loss: 31.2827
Epoch: 676, Loss: 31.2827
Epoch: 681, Loss: 31.2827
Epoch: 686, Loss: 31.2827
Epoch: 691, Loss: 31.2826
Epoch: 696, Loss: 31.2826
Epoch: 701, Loss: 31.2827
Epoch: 706, Loss: 31.2827
Epoch: 711, Loss: 31.2826
Epoch: 716, Loss: 31.2826
Epoch: 721, Loss: 31.2827
Epoch: 726, Loss: 31.2826
Epoch: 731, Loss: 31.2826
Epoch: 736, Loss: 31.2826
Epoch: 741, Loss: 31.2826
Epoch: 746, Loss: 31.2825
Epoch: 751, Loss: 31.2826
Epoch: 756, Loss: 31.2826
Epoch: 761, Loss: 31.2825
Epoch: 766, Loss: 31.2825
Epoch: 771, Loss: 31.2826
Epoch: 776, Loss: 31.2825
Epoch: 781, Loss: 31.2825
Epoch: 786, Loss: 31.2825
Epoch: 791, Loss: 31.2825
Epoch: 796, Loss: 31.2825
Epoch: 801, Loss: 31.2825
Epoch: 806, Loss: 31.2826
Epoch: 811, Loss: 31.2826
Epoch: 816, Loss: 31.2825
Epoch: 821, Loss: 31.2825
Epoch: 826, Loss: 31.2824
Epoch: 831, Loss: 31.2825
Epoch: 836, Loss: 31.2824
Epoch: 841, Loss: 31.2825
Epoch: 846, Loss: 31.2824
Epoch: 851, Loss: 31.2824
Epoch: 856, Loss: 31.2824
Epoch: 861, Loss: 31.2824
Epoch: 866, Loss: 31.2824
Epoch: 871, Loss: 31.2824
Epoch: 876, Loss: 31.2824
Epoch: 881, Loss: 31.2824
Epoch: 886, Loss: 31.2824
Epoch: 891, Loss: 31.2824
Epoch: 896, Loss: 31.2824
Epoch: 901, Loss: 31.2824
Epoch: 906, Loss: 31.2824
Epoch: 911, Loss: 31.2823
Epoch: 916, Loss: 31.2823
Epoch: 921, Loss: 31.2823
Epoch: 926, Loss: 31.2823
Epoch: 931, Loss: 31.2825
Epoch: 936, Loss: 31.2823
Epoch: 941, Loss: 31.2824
Epoch: 946, Loss: 31.2823
Epoch: 951, Loss: 31.2823
Epoch: 956, Loss: 31.2823
Epoch: 961, Loss: 31.2823
Epoch: 966, Loss: 31.2823
Epoch: 971, Loss: 31.2822
Epoch: 976, Loss: 31.2822
Epoch: 981, Loss: 31.2822
Epoch: 986, Loss: 31.2822
Epoch: 991, Loss: 31.2822
Epoch: 996, Loss: 31.2822
Epoch: 1001, Loss: 31.2822
Elapsed time 0.0702 min
Epoch: 6, Loss: 31.2823
Epoch: 11, Loss: 31.2823
Epoch: 16, Loss: 31.2822
Epoch: 21, Loss: 31.2822
Epoch: 26, Loss: 31.2823
Epoch: 31, Loss: 31.2822
Epoch: 36, Loss: 31.2822
Epoch: 41, Loss: 31.2821
Epoch: 46, Loss: 31.2821
Epoch: 51, Loss: 31.2821
Epoch: 56, Loss: 31.2822
Epoch: 61, Loss: 31.2822
Epoch: 66, Loss: 31.2821
Epoch: 71, Loss: 31.2823
Epoch: 76, Loss: 31.2821
Epoch: 81, Loss: 31.2821
Epoch: 86, Loss: 31.2821
Epoch: 91, Loss: 31.2821
Epoch: 96, Loss: 31.2821
Epoch: 101, Loss: 31.2821
Epoch: 106, Loss: 31.2821
Epoch: 111, Loss: 31.2822
Epoch: 116, Loss: 31.2820
Epoch: 121, Loss: 31.2821
Epoch: 126, Loss: 31.2821
Epoch: 131, Loss: 31.2820
Epoch: 136, Loss: 31.2821
Epoch: 141, Loss: 31.2822
Epoch: 146, Loss: 31.2820
Epoch: 151, Loss: 31.2821
Epoch: 156, Loss: 31.2820
Epoch: 161, Loss: 31.2820
Epoch: 166, Loss: 31.2820
Epoch: 171, Loss: 31.2820
Epoch: 176, Loss: 31.2821
Epoch: 181, Loss: 31.2820
Epoch: 186, Loss: 31.2821
Epoch: 191, Loss: 31.2820
Epoch: 196, Loss: 31.2819
Epoch: 201, Loss: 31.2820
Epoch: 206, Loss: 31.2820
Epoch: 211, Loss: 31.2819
Epoch: 216, Loss: 31.2819
Epoch: 221, Loss: 31.2821
Epoch: 226, Loss: 31.2820
Epoch: 231, Loss: 31.2819
Epoch: 236, Loss: 31.2819
Epoch: 241, Loss: 31.2819
Epoch: 246, Loss: 31.2820
Epoch: 251, Loss: 31.2819
Epoch: 256, Loss: 31.2819
Epoch: 261, Loss: 31.2819
Epoch: 266, Loss: 31.2819
Epoch: 271, Loss: 31.2819
Epoch: 276, Loss: 31.2819
Epoch: 281, Loss: 31.2819
Epoch: 286, Loss: 31.2819
Epoch: 291, Loss: 31.2819
Epoch: 296, Loss: 31.2819
Epoch: 301, Loss: 31.2819
Epoch: 306, Loss: 31.2819
Epoch: 311, Loss: 31.2819
Epoch: 316, Loss: 31.2818
Epoch: 321, Loss: 31.2818
Epoch: 326, Loss: 31.2818
Epoch: 331, Loss: 31.2819
Epoch: 336, Loss: 31.2821
Epoch: 341, Loss: 31.2818
Epoch: 346, Loss: 31.2819
Epoch: 351, Loss: 31.2818
Epoch: 356, Loss: 31.2817
Epoch: 361, Loss: 31.2817
Epoch: 366, Loss: 31.2817
Epoch: 371, Loss: 31.2817
Epoch: 376, Loss: 31.2819
Epoch: 381, Loss: 31.2817
Epoch: 386, Loss: 31.2819
Epoch: 391, Loss: 31.2818
Epoch: 396, Loss: 31.2817
Epoch: 401, Loss: 31.2817
Epoch: 406, Loss: 31.2817
Epoch: 411, Loss: 31.2819
Epoch: 416, Loss: 31.2817
Epoch: 421, Loss: 31.2817
Epoch: 426, Loss: 31.2817
Epoch: 431, Loss: 31.2816
Epoch: 436, Loss: 31.2816
Epoch: 441, Loss: 31.2816
Epoch: 446, Loss: 31.2817
Epoch: 451, Loss: 31.2819
Epoch: 456, Loss: 31.2817
Epoch: 461, Loss: 31.2817
Epoch: 466, Loss: 31.2817
Epoch: 471, Loss: 31.2816
Epoch: 476, Loss: 31.2816
Epoch: 481, Loss: 31.2817
Epoch: 486, Loss: 31.2816
Epoch: 491, Loss: 31.2817
Epoch: 496, Loss: 31.2816
Epoch: 501, Loss: 31.2816
Epoch: 506, Loss: 31.2816
Epoch: 511, Loss: 31.2817
Epoch: 516, Loss: 31.2816
Epoch: 521, Loss: 31.2816
Epoch: 526, Loss: 31.2816
Epoch: 531, Loss: 31.2816
Epoch: 536, Loss: 31.2816
Epoch: 541, Loss: 31.2816
Epoch: 546, Loss: 31.2816
Epoch: 551, Loss: 31.2815
Epoch: 556, Loss: 31.2815
Epoch: 561, Loss: 31.2815
Epoch: 566, Loss: 31.2818
Epoch: 571, Loss: 31.2816
Epoch: 576, Loss: 31.2815
Epoch: 581, Loss: 31.2815
Epoch: 586, Loss: 31.2817
Epoch: 591, Loss: 31.2815
Epoch: 596, Loss: 31.2815
Epoch: 601, Loss: 31.2815
Epoch: 606, Loss: 31.2816
Epoch: 611, Loss: 31.2815
Epoch: 616, Loss: 31.2815
Epoch: 621, Loss: 31.2814
Epoch: 626, Loss: 31.2815
Epoch: 631, Loss: 31.2815
Epoch: 636, Loss: 31.2814
Epoch: 641, Loss: 31.2815
Epoch: 646, Loss: 31.2817
Epoch: 651, Loss: 31.2814
Epoch: 656, Loss: 31.2815
Epoch: 661, Loss: 31.2814
Epoch: 666, Loss: 31.2814
Epoch: 671, Loss: 31.2816
Epoch: 676, Loss: 31.2814
Epoch: 681, Loss: 31.2816
Epoch: 686, Loss: 31.2814
Epoch: 691, Loss: 31.2816
Epoch: 696, Loss: 31.2814
Epoch: 701, Loss: 31.2814
Epoch: 706, Loss: 31.2815
Epoch: 711, Loss: 31.2814
Epoch: 716, Loss: 31.2814
Epoch: 721, Loss: 31.2815
Epoch: 726, Loss: 31.2813
Epoch: 731, Loss: 31.2814
Epoch: 736, Loss: 31.2813
Epoch: 741, Loss: 31.2814
Epoch: 746, Loss: 31.2814
Epoch: 751, Loss: 31.2814
Epoch: 756, Loss: 31.2814
Epoch: 761, Loss: 31.2813
Epoch: 766, Loss: 31.2813
Epoch: 771, Loss: 31.2813
Epoch: 776, Loss: 31.2813
Epoch: 781, Loss: 31.2814
Epoch: 786, Loss: 31.2814
Epoch: 791, Loss: 31.2813
Epoch: 796, Loss: 31.2812
Epoch: 801, Loss: 31.2813
Epoch: 806, Loss: 31.2814
Epoch: 811, Loss: 31.2816
Epoch: 816, Loss: 31.2812
Epoch: 821, Loss: 31.2814
Epoch: 826, Loss: 31.2813
Epoch: 831, Loss: 31.2812
Epoch: 836, Loss: 31.2817
Epoch: 841, Loss: 31.2813
Epoch: 846, Loss: 31.2814
Epoch: 851, Loss: 31.2813
Epoch: 856, Loss: 31.2812
Epoch: 861, Loss: 31.2812
Epoch: 866, Loss: 31.2813
Epoch: 871, Loss: 31.2813
Epoch: 876, Loss: 31.2812
Epoch: 881, Loss: 31.2812
Epoch: 886, Loss: 31.2813
Epoch: 891, Loss: 31.2815
Epoch: 896, Loss: 31.2812
Epoch: 901, Loss: 31.2812
Epoch: 906, Loss: 31.2812
Epoch: 911, Loss: 31.2815
Epoch: 916, Loss: 31.2811
Epoch: 921, Loss: 31.2814
Epoch: 926, Loss: 31.2812
Epoch: 931, Loss: 31.2813
Epoch: 936, Loss: 31.2811
Epoch: 941, Loss: 31.2811
Epoch: 946, Loss: 31.2813
Epoch: 951, Loss: 31.2811
Epoch: 956, Loss: 31.2812
Epoch: 961, Loss: 31.2813
Epoch: 966, Loss: 31.2812
Epoch: 971, Loss: 31.2811
Epoch: 976, Loss: 31.2813
Epoch: 981, Loss: 31.2812
Epoch: 986, Loss: 31.2812
Epoch: 991, Loss: 31.2811
Epoch: 996, Loss: 31.2811
Epoch: 1001, Loss: 31.2811
Elapsed time 0.0702 min
Epoch: 6, Loss: 31.2811
Epoch: 11, Loss: 31.2813
Epoch: 16, Loss: 31.2811
Epoch: 21, Loss: 31.2811
Epoch: 26, Loss: 31.2811
Epoch: 31, Loss: 31.2811
Epoch: 36, Loss: 31.2811
Epoch: 41, Loss: 31.2812
Epoch: 46, Loss: 31.2812
Epoch: 51, Loss: 31.2811
Epoch: 56, Loss: 31.2810
Epoch: 61, Loss: 31.2810
Epoch: 66, Loss: 31.2810
Epoch: 71, Loss: 31.2813
Epoch: 76, Loss: 31.2810
Epoch: 81, Loss: 31.2810
Epoch: 86, Loss: 31.2812
Epoch: 91, Loss: 31.2811
Epoch: 96, Loss: 31.2810
Epoch: 101, Loss: 31.2811
Epoch: 106, Loss: 31.2812
Epoch: 111, Loss: 31.2810
Epoch: 116, Loss: 31.2810
Epoch: 121, Loss: 31.2810
Epoch: 126, Loss: 31.2813
Epoch: 131, Loss: 31.2809
Epoch: 136, Loss: 31.2814
Epoch: 141, Loss: 31.2809
Epoch: 146, Loss: 31.2812
Epoch: 151, Loss: 31.2810
Epoch: 156, Loss: 31.2810
Epoch: 161, Loss: 31.2810
Epoch: 166, Loss: 31.2809
Epoch: 171, Loss: 31.2809
Epoch: 176, Loss: 31.2809
Epoch: 181, Loss: 31.2811
Epoch: 186, Loss: 31.2810
Epoch: 191, Loss: 31.2810
Epoch: 196, Loss: 31.2812
Epoch: 201, Loss: 31.2809
Epoch: 206, Loss: 31.2809
Epoch: 211, Loss: 31.2809
Epoch: 216, Loss: 31.2810
Epoch: 221, Loss: 31.2811
Epoch: 226, Loss: 31.2809
Epoch: 231, Loss: 31.2809
Epoch: 236, Loss: 31.2810
Epoch: 241, Loss: 31.2809
Epoch: 246, Loss: 31.2809
Epoch: 251, Loss: 31.2810
Epoch: 256, Loss: 31.2810
Epoch: 261, Loss: 31.2808
Epoch: 266, Loss: 31.2810
Epoch: 271, Loss: 31.2809
Epoch: 276, Loss: 31.2809
Epoch: 281, Loss: 31.2810
Epoch: 286, Loss: 31.2809
Epoch: 291, Loss: 31.2809
Epoch: 296, Loss: 31.2810
Epoch: 301, Loss: 31.2810
Epoch: 306, Loss: 31.2809
Epoch: 311, Loss: 31.2808
Epoch: 316, Loss: 31.2808
Epoch: 321, Loss: 31.2810
Epoch: 326, Loss: 31.2809
Epoch: 331, Loss: 31.2809
Epoch: 336, Loss: 31.2808
Epoch: 341, Loss: 31.2808
Epoch: 346, Loss: 31.2808
Epoch: 351, Loss: 31.2809
Epoch: 356, Loss: 31.2812
Epoch: 361, Loss: 31.2808
Epoch: 366, Loss: 31.2807
Epoch: 371, Loss: 31.2808
Epoch: 376, Loss: 31.2811
Epoch: 381, Loss: 31.2809
Epoch: 386, Loss: 31.2809
Epoch: 391, Loss: 31.2809
Epoch: 396, Loss: 31.2808
Epoch: 401, Loss: 31.2811
Epoch: 406, Loss: 31.2807
Epoch: 411, Loss: 31.2809
Epoch: 416, Loss: 31.2808
Epoch: 421, Loss: 31.2807
Epoch: 426, Loss: 31.2809
Epoch: 431, Loss: 31.2807
Epoch: 436, Loss: 31.2807
Epoch: 441, Loss: 31.2810
Epoch: 446, Loss: 31.2807
Epoch: 451, Loss: 31.2808
Epoch: 456, Loss: 31.2808
Epoch: 461, Loss: 31.2807
Epoch: 466, Loss: 31.2807
Epoch: 471, Loss: 31.2807
Epoch: 476, Loss: 31.2808
Epoch: 481, Loss: 31.2809
Epoch: 486, Loss: 31.2807
Epoch: 491, Loss: 31.2807
Epoch: 496, Loss: 31.2808
Epoch: 501, Loss: 31.2808
Epoch: 506, Loss: 31.2807
Epoch: 511, Loss: 31.2806
Epoch: 516, Loss: 31.2807
Epoch: 521, Loss: 31.2811
Epoch: 526, Loss: 31.2807
Epoch: 531, Loss: 31.2810
Epoch: 536, Loss: 31.2806
Epoch: 541, Loss: 31.2810
Epoch: 546, Loss: 31.2806
Epoch: 551, Loss: 31.2808
Epoch: 556, Loss: 31.2806
Epoch: 561, Loss: 31.2808
Epoch: 566, Loss: 31.2808
Epoch: 571, Loss: 31.2806
Epoch: 576, Loss: 31.2806
Epoch: 581, Loss: 31.2807
Epoch: 586, Loss: 31.2808
Epoch: 591, Loss: 31.2806
Epoch: 596, Loss: 31.2807
Epoch: 601, Loss: 31.2809
Epoch: 606, Loss: 31.2806
Epoch: 611, Loss: 31.2808
Epoch: 616, Loss: 31.2806
Epoch: 621, Loss: 31.2806
Epoch: 626, Loss: 31.2806
Epoch: 631, Loss: 31.2806
Epoch: 636, Loss: 31.2807
Epoch: 641, Loss: 31.2806
Epoch: 646, Loss: 31.2806
Epoch: 651, Loss: 31.2808
Epoch: 656, Loss: 31.2805
Epoch: 661, Loss: 31.2807
Epoch: 666, Loss: 31.2807
Epoch: 671, Loss: 31.2808
Epoch: 676, Loss: 31.2806
Epoch: 681, Loss: 31.2808
Epoch: 686, Loss: 31.2806
Epoch: 691, Loss: 31.2806
Epoch: 696, Loss: 31.2805
Epoch: 701, Loss: 31.2806
Epoch: 706, Loss: 31.2806
Epoch: 711, Loss: 31.2805
Epoch: 716, Loss: 31.2805
Epoch: 721, Loss: 31.2805
Epoch: 726, Loss: 31.2805
Epoch: 731, Loss: 31.2806
Epoch: 736, Loss: 31.2806
Epoch: 741, Loss: 31.2806
Epoch: 746, Loss: 31.2805
Epoch: 751, Loss: 31.2807
Epoch: 756, Loss: 31.2806
Epoch: 761, Loss: 31.2805
Epoch: 766, Loss: 31.2804
Epoch: 771, Loss: 31.2805
Epoch: 776, Loss: 31.2805
Epoch: 781, Loss: 31.2806
Epoch: 786, Loss: 31.2806
Epoch: 791, Loss: 31.2805
Epoch: 796, Loss: 31.2804
Epoch: 801, Loss: 31.2804
Epoch: 806, Loss: 31.2804
Epoch: 811, Loss: 31.2805
Epoch: 816, Loss: 31.2807
Epoch: 821, Loss: 31.2807
Epoch: 826, Loss: 31.2804
Epoch: 831, Loss: 31.2804
Epoch: 836, Loss: 31.2805
Epoch: 841, Loss: 31.2806
Epoch: 846, Loss: 31.2804
Epoch: 851, Loss: 31.2804
Epoch: 856, Loss: 31.2805
Epoch: 861, Loss: 31.2805
Epoch: 866, Loss: 31.2805
Epoch: 871, Loss: 31.2803
Epoch: 876, Loss: 31.2805
Epoch: 881, Loss: 31.2806
Epoch: 886, Loss: 31.2804
Epoch: 891, Loss: 31.2807
Epoch: 896, Loss: 31.2806
Epoch: 901, Loss: 31.2804
Epoch: 906, Loss: 31.2807
Epoch: 911, Loss: 31.2804
Epoch: 916, Loss: 31.2804
Epoch: 921, Loss: 31.2803
Epoch: 926, Loss: 31.2804
Epoch: 931, Loss: 31.2803
Epoch: 936, Loss: 31.2803
Epoch: 941, Loss: 31.2804
Epoch: 946, Loss: 31.2805
Epoch: 951, Loss: 31.2803
Epoch: 956, Loss: 31.2803
Epoch: 961, Loss: 31.2805
Epoch: 966, Loss: 31.2806
Epoch: 971, Loss: 31.2803
Epoch: 976, Loss: 31.2807
Epoch: 981, Loss: 31.2803
Epoch: 986, Loss: 31.2804
Epoch: 991, Loss: 31.2805
Epoch: 996, Loss: 31.2802
Epoch: 1001, Loss: 31.2803
Elapsed time 0.0695 min
Epoch: 6, Loss: 31.2803
Epoch: 11, Loss: 31.2802
Epoch: 16, Loss: 31.2802
Epoch: 21, Loss: 31.2806
Epoch: 26, Loss: 31.2804
Epoch: 31, Loss: 31.2802
Epoch: 36, Loss: 31.2802
Epoch: 41, Loss: 31.2802
Epoch: 46, Loss: 31.2804
Epoch: 51, Loss: 31.2805
Epoch: 56, Loss: 31.2802
Epoch: 61, Loss: 31.2803
Epoch: 66, Loss: 31.2806
Epoch: 71, Loss: 31.2802
Epoch: 76, Loss: 31.2803
Epoch: 81, Loss: 31.2802
Epoch: 86, Loss: 31.2802
Epoch: 91, Loss: 31.2801
Epoch: 96, Loss: 31.2803
Epoch: 101, Loss: 31.2806
Epoch: 106, Loss: 31.2802
Epoch: 111, Loss: 31.2802
Epoch: 116, Loss: 31.2801
Epoch: 121, Loss: 31.2802
Epoch: 126, Loss: 31.2805
Epoch: 131, Loss: 31.2805
Epoch: 136, Loss: 31.2801
Epoch: 141, Loss: 31.2801
Epoch: 146, Loss: 31.2802
Epoch: 151, Loss: 31.2804
Epoch: 156, Loss: 31.2803
Epoch: 161, Loss: 31.2802
Epoch: 166, Loss: 31.2802
Epoch: 171, Loss: 31.2805
Epoch: 176, Loss: 31.2801
Epoch: 181, Loss: 31.2803
Epoch: 186, Loss: 31.2803
Epoch: 191, Loss: 31.2802
Epoch: 196, Loss: 31.2804
Epoch: 201, Loss: 31.2806
Epoch: 206, Loss: 31.2801
Epoch: 211, Loss: 31.2804
Epoch: 216, Loss: 31.2800
Epoch: 221, Loss: 31.2804
Epoch: 226, Loss: 31.2801
Epoch: 231, Loss: 31.2801
Epoch: 236, Loss: 31.2800
Epoch: 241, Loss: 31.2801
Epoch: 246, Loss: 31.2800
Epoch: 251, Loss: 31.2800
Epoch: 256, Loss: 31.2801
Epoch: 261, Loss: 31.2801
Epoch: 266, Loss: 31.2800
Epoch: 271, Loss: 31.2799
Epoch: 276, Loss: 31.2803
Epoch: 281, Loss: 31.2801
Epoch: 286, Loss: 31.2799
Epoch: 291, Loss: 31.2799
Epoch: 296, Loss: 31.2801
Epoch: 301, Loss: 31.2801
Epoch: 306, Loss: 31.2799
Epoch: 311, Loss: 31.2801
Epoch: 316, Loss: 31.2800
Epoch: 321, Loss: 31.2799
Epoch: 326, Loss: 31.2801
Epoch: 331, Loss: 31.2798
Epoch: 336, Loss: 31.2798
Epoch: 341, Loss: 31.2799
Epoch: 346, Loss: 31.2803
Epoch: 351, Loss: 31.2798
Epoch: 356, Loss: 31.2800
Epoch: 361, Loss: 31.2799
Epoch: 366, Loss: 31.2800
Epoch: 371, Loss: 31.2798
Epoch: 376, Loss: 31.2798
Epoch: 381, Loss: 31.2799
Epoch: 386, Loss: 31.2798
Epoch: 391, Loss: 31.2797
Epoch: 396, Loss: 31.2801
Epoch: 401, Loss: 31.2800
Epoch: 406, Loss: 31.2799
Epoch: 411, Loss: 31.2798
Epoch: 416, Loss: 31.2798
Epoch: 421, Loss: 31.2798
Epoch: 426, Loss: 31.2797
Epoch: 431, Loss: 31.2797
Epoch: 436, Loss: 31.2800
Epoch: 441, Loss: 31.2800
Epoch: 446, Loss: 31.2796
Epoch: 451, Loss: 31.2797
Epoch: 456, Loss: 31.2800
Epoch: 461, Loss: 31.2796
Epoch: 466, Loss: 31.2798
Epoch: 471, Loss: 31.2798
Epoch: 476, Loss: 31.2798
Epoch: 481, Loss: 31.2796
Epoch: 486, Loss: 31.2798
Epoch: 491, Loss: 31.2799
Epoch: 496, Loss: 31.2796
Epoch: 501, Loss: 31.2796
Epoch: 506, Loss: 31.2800
Epoch: 511, Loss: 31.2796
Epoch: 516, Loss: 31.2800
Epoch: 521, Loss: 31.2795
Epoch: 526, Loss: 31.2801
Epoch: 531, Loss: 31.2795
Epoch: 536, Loss: 31.2800
Epoch: 541, Loss: 31.2799
Epoch: 546, Loss: 31.2796
Epoch: 551, Loss: 31.2798
Epoch: 556, Loss: 31.2795
Epoch: 561, Loss: 31.2797
Epoch: 566, Loss: 31.2795
Epoch: 571, Loss: 31.2795
Epoch: 576, Loss: 31.2795
Epoch: 581, Loss: 31.2796
Epoch: 586, Loss: 31.2796
Epoch: 591, Loss: 31.2796
Epoch: 596, Loss: 31.2796
Epoch: 601, Loss: 31.2796
Epoch: 606, Loss: 31.2797
Epoch: 611, Loss: 31.2795
Epoch: 616, Loss: 31.2795
Epoch: 621, Loss: 31.2796
Epoch: 626, Loss: 31.2795
Epoch: 631, Loss: 31.2795
Epoch: 636, Loss: 31.2796
Epoch: 641, Loss: 31.2796
Epoch: 646, Loss: 31.2794
Epoch: 651, Loss: 31.2797
Epoch: 656, Loss: 31.2796
Epoch: 661, Loss: 31.2795
Epoch: 666, Loss: 31.2796
Epoch: 671, Loss: 31.2795
Epoch: 676, Loss: 31.2795
Epoch: 681, Loss: 31.2793
Epoch: 686, Loss: 31.2794
Epoch: 691, Loss: 31.2797
Epoch: 696, Loss: 31.2793
Epoch: 701, Loss: 31.2799
Epoch: 706, Loss: 31.2794
Epoch: 711, Loss: 31.2799
Epoch: 716, Loss: 31.2794
Epoch: 721, Loss: 31.2795
Epoch: 726, Loss: 31.2793
Epoch: 731, Loss: 31.2793
Epoch: 736, Loss: 31.2793
Epoch: 741, Loss: 31.2793
Epoch: 746, Loss: 31.2793
Epoch: 751, Loss: 31.2795
Epoch: 756, Loss: 31.2794
Epoch: 761, Loss: 31.2792
Epoch: 766, Loss: 31.2793
Epoch: 771, Loss: 31.2795
Epoch: 776, Loss: 31.2795
Epoch: 781, Loss: 31.2793
Epoch: 786, Loss: 31.2794
Epoch: 791, Loss: 31.2796
Epoch: 796, Loss: 31.2792
Epoch: 801, Loss: 31.2792
Epoch: 806, Loss: 31.2797
Epoch: 811, Loss: 31.2792
Epoch: 816, Loss: 31.2802
Epoch: 821, Loss: 31.2792
Epoch: 826, Loss: 31.2796
Epoch: 831, Loss: 31.2798
Epoch: 836, Loss: 31.2791
Epoch: 841, Loss: 31.2794
Epoch: 846, Loss: 31.2792
Epoch: 851, Loss: 31.2793
Epoch: 856, Loss: 31.2791
Epoch: 861, Loss: 31.2795
Epoch: 866, Loss: 31.2793
Epoch: 871, Loss: 31.2793
Epoch: 876, Loss: 31.2793
Epoch: 881, Loss: 31.2791
Epoch: 886, Loss: 31.2791
Epoch: 891, Loss: 31.2792
Epoch: 896, Loss: 31.2791
Epoch: 901, Loss: 31.2793
Epoch: 906, Loss: 31.2790
Epoch: 911, Loss: 31.2792
Epoch: 916, Loss: 31.2791
Epoch: 921, Loss: 31.2790
Epoch: 926, Loss: 31.2791
Epoch: 931, Loss: 31.2791
Epoch: 936, Loss: 31.2793
Epoch: 941, Loss: 31.2791
Epoch: 946, Loss: 31.2791
Epoch: 951, Loss: 31.2793
Epoch: 956, Loss: 31.2793
Epoch: 961, Loss: 31.2791
Epoch: 966, Loss: 31.2792
Epoch: 971, Loss: 31.2790
Epoch: 976, Loss: 31.2790
Epoch: 981, Loss: 31.2790
Epoch: 986, Loss: 31.2793
Epoch: 991, Loss: 31.2791
Epoch: 996, Loss: 31.2790
Epoch: 1001, Loss: 31.2796
Elapsed time 0.0673 min
Epoch: 6, Loss: 31.2790
Epoch: 11, Loss: 31.2792
Epoch: 16, Loss: 31.2794
Epoch: 21, Loss: 31.2790
Epoch: 26, Loss: 31.2793
Epoch: 31, Loss: 31.2790
Epoch: 36, Loss: 31.2794
Epoch: 41, Loss: 31.2792
Epoch: 46, Loss: 31.2789
Epoch: 51, Loss: 31.2797
Epoch: 56, Loss: 31.2790
Epoch: 61, Loss: 31.2791
Epoch: 66, Loss: 31.2789
Epoch: 71, Loss: 31.2789
Epoch: 76, Loss: 31.2788
Epoch: 81, Loss: 31.2790
Epoch: 86, Loss: 31.2790
Epoch: 91, Loss: 31.2788
Epoch: 96, Loss: 31.2791
Epoch: 101, Loss: 31.2788
Epoch: 106, Loss: 31.2788
Epoch: 111, Loss: 31.2790
Epoch: 116, Loss: 31.2789
Epoch: 121, Loss: 31.2788
Epoch: 126, Loss: 31.2789
Epoch: 131, Loss: 31.2788
Epoch: 136, Loss: 31.2789
Epoch: 141, Loss: 31.2792
Epoch: 146, Loss: 31.2788
Epoch: 151, Loss: 31.2792
Epoch: 156, Loss: 31.2790
Epoch: 161, Loss: 31.2787
Epoch: 166, Loss: 31.2787
Epoch: 171, Loss: 31.2789
Epoch: 176, Loss: 31.2794
Epoch: 181, Loss: 31.2787
Epoch: 186, Loss: 31.2790
Epoch: 191, Loss: 31.2789
Epoch: 196, Loss: 31.2788
Epoch: 201, Loss: 31.2791
Epoch: 206, Loss: 31.2787
Epoch: 211, Loss: 31.2795
Epoch: 216, Loss: 31.2787
Epoch: 221, Loss: 31.2792
Epoch: 226, Loss: 31.2787
Epoch: 231, Loss: 31.2788
Epoch: 236, Loss: 31.2789
Epoch: 241, Loss: 31.2788
Epoch: 246, Loss: 31.2788
Epoch: 251, Loss: 31.2790
Epoch: 256, Loss: 31.2787
Epoch: 261, Loss: 31.2786
Epoch: 266, Loss: 31.2791
Epoch: 271, Loss: 31.2786
Epoch: 276, Loss: 31.2790
Epoch: 281, Loss: 31.2788
Epoch: 286, Loss: 31.2786
Epoch: 291, Loss: 31.2786
Epoch: 296, Loss: 31.2786
Epoch: 301, Loss: 31.2791
Epoch: 306, Loss: 31.2790
Epoch: 311, Loss: 31.2786
Epoch: 316, Loss: 31.2787
Epoch: 321, Loss: 31.2795
Epoch: 326, Loss: 31.2792
Epoch: 331, Loss: 31.2787
Epoch: 336, Loss: 31.2789
Epoch: 341, Loss: 31.2787
Epoch: 346, Loss: 31.2786
Epoch: 351, Loss: 31.2785
Epoch: 356, Loss: 31.2785
Epoch: 361, Loss: 31.2786
Epoch: 366, Loss: 31.2785
Epoch: 371, Loss: 31.2787
Epoch: 376, Loss: 31.2787
Epoch: 381, Loss: 31.2785
Epoch: 386, Loss: 31.2788
Epoch: 391, Loss: 31.2786
Epoch: 396, Loss: 31.2785
Epoch: 401, Loss: 31.2786
Epoch: 406, Loss: 31.2785
Epoch: 411, Loss: 31.2784
Epoch: 416, Loss: 31.2784
Epoch: 421, Loss: 31.2785
Epoch: 426, Loss: 31.2789
Epoch: 431, Loss: 31.2787
Epoch: 436, Loss: 31.2785
Epoch: 441, Loss: 31.2792
Epoch: 446, Loss: 31.2789
Epoch: 451, Loss: 31.2788
Epoch: 456, Loss: 31.2793
Epoch: 461, Loss: 31.2788
Epoch: 466, Loss: 31.2784
Epoch: 471, Loss: 31.2786
Epoch: 476, Loss: 31.2783
Epoch: 481, Loss: 31.2785
Epoch: 486, Loss: 31.2784
Epoch: 491, Loss: 31.2783
Epoch: 496, Loss: 31.2786
Epoch: 501, Loss: 31.2784
Epoch: 506, Loss: 31.2786
Epoch: 511, Loss: 31.2783
Epoch: 516, Loss: 31.2794
Epoch: 521, Loss: 31.2786
Epoch: 526, Loss: 31.2784
Epoch: 531, Loss: 31.2786
Epoch: 536, Loss: 31.2783
Epoch: 541, Loss: 31.2785
Epoch: 546, Loss: 31.2783
Epoch: 551, Loss: 31.2783
Epoch: 556, Loss: 31.2786
Epoch: 561, Loss: 31.2783
Epoch: 566, Loss: 31.2786
Epoch: 571, Loss: 31.2782
Epoch: 576, Loss: 31.2784
Epoch: 581, Loss: 31.2782
Epoch: 586, Loss: 31.2784
Epoch: 591, Loss: 31.2783
Epoch: 596, Loss: 31.2782
Epoch: 601, Loss: 31.2784
Epoch: 606, Loss: 31.2782
Epoch: 611, Loss: 31.2782
Epoch: 616, Loss: 31.2783
Epoch: 621, Loss: 31.2788
Epoch: 626, Loss: 31.2784
Epoch: 631, Loss: 31.2790
Epoch: 636, Loss: 31.2791
Epoch: 641, Loss: 31.2782
Epoch: 646, Loss: 31.2784
Epoch: 651, Loss: 31.2784
Epoch: 656, Loss: 31.2782
Epoch: 661, Loss: 31.2782
Epoch: 666, Loss: 31.2784
Epoch: 671, Loss: 31.2781
Epoch: 676, Loss: 31.2788
Epoch: 681, Loss: 31.2785
Epoch: 686, Loss: 31.2782
Epoch: 691, Loss: 31.2784
Epoch: 696, Loss: 31.2781
Epoch: 701, Loss: 31.2782
Epoch: 706, Loss: 31.2781
Epoch: 711, Loss: 31.2781
Epoch: 716, Loss: 31.2781
Epoch: 721, Loss: 31.2781
Epoch: 726, Loss: 31.2782
Epoch: 731, Loss: 31.2781
Epoch: 736, Loss: 31.2782
Epoch: 741, Loss: 31.2782
Epoch: 746, Loss: 31.2781
Epoch: 751, Loss: 31.2782
Epoch: 756, Loss: 31.2784
Epoch: 761, Loss: 31.2781
Epoch: 766, Loss: 31.2780
Epoch: 771, Loss: 31.2780
Epoch: 776, Loss: 31.2781
Epoch: 781, Loss: 31.2785
Epoch: 786, Loss: 31.2783
Epoch: 791, Loss: 31.2798
Epoch: 796, Loss: 31.2784
Epoch: 801, Loss: 31.2780
Epoch: 806, Loss: 31.2782
Epoch: 811, Loss: 31.2784
Epoch: 816, Loss: 31.2783
Epoch: 821, Loss: 31.2780
Epoch: 826, Loss: 31.2780
Epoch: 831, Loss: 31.2781
Epoch: 836, Loss: 31.2780
Epoch: 841, Loss: 31.2781
Epoch: 846, Loss: 31.2779
Epoch: 851, Loss: 31.2781
Epoch: 856, Loss: 31.2779
Epoch: 861, Loss: 31.2781
Epoch: 866, Loss: 31.2781
Epoch: 871, Loss: 31.2779
Epoch: 876, Loss: 31.2783
Epoch: 881, Loss: 31.2779
Epoch: 886, Loss: 31.2784
Epoch: 891, Loss: 31.2785
Epoch: 896, Loss: 31.2779
Epoch: 901, Loss: 31.2786
Epoch: 906, Loss: 31.2781
Epoch: 911, Loss: 31.2779
Epoch: 916, Loss: 31.2780
Epoch: 921, Loss: 31.2778
Epoch: 926, Loss: 31.2779
Epoch: 931, Loss: 31.2778
Epoch: 936, Loss: 31.2781
Epoch: 941, Loss: 31.2778
Epoch: 946, Loss: 31.2783
Epoch: 951, Loss: 31.2778
Epoch: 956, Loss: 31.2788
Epoch: 961, Loss: 31.2787
Epoch: 966, Loss: 31.2779
Epoch: 971, Loss: 31.2778
Epoch: 976, Loss: 31.2780
Epoch: 981, Loss: 31.2781
Epoch: 986, Loss: 31.2777
Epoch: 991, Loss: 31.2778
Epoch: 996, Loss: 31.2777
Epoch: 1001, Loss: 31.2777
Elapsed time 0.0670 min
Epoch: 6, Loss: 31.2778
Epoch: 11, Loss: 31.2780
Epoch: 16, Loss: 31.2778
Epoch: 21, Loss: 31.2780
Epoch: 26, Loss: 31.2779
Epoch: 31, Loss: 31.2779
Epoch: 36, Loss: 31.2781
Epoch: 41, Loss: 31.2777
Epoch: 46, Loss: 31.2784
Epoch: 51, Loss: 31.2778
Epoch: 56, Loss: 31.2779
Epoch: 61, Loss: 31.2781
Epoch: 66, Loss: 31.2777
Epoch: 71, Loss: 31.2781
Epoch: 76, Loss: 31.2777
Epoch: 81, Loss: 31.2779
Epoch: 86, Loss: 31.2778
Epoch: 91, Loss: 31.2777
Epoch: 96, Loss: 31.2777
Epoch: 101, Loss: 31.2779
Epoch: 106, Loss: 31.2782
Epoch: 111, Loss: 31.2776
Epoch: 116, Loss: 31.2780
Epoch: 121, Loss: 31.2776
Epoch: 126, Loss: 31.2778
Epoch: 131, Loss: 31.2775
Epoch: 136, Loss: 31.2780
Epoch: 141, Loss: 31.2776
Epoch: 146, Loss: 31.2781
Epoch: 151, Loss: 31.2780
Epoch: 156, Loss: 31.2776
Epoch: 161, Loss: 31.2783
Epoch: 166, Loss: 31.2775
Epoch: 171, Loss: 31.2777
Epoch: 176, Loss: 31.2775
Epoch: 181, Loss: 31.2776
Epoch: 186, Loss: 31.2774
Epoch: 191, Loss: 31.2778
Epoch: 196, Loss: 31.2774
Epoch: 201, Loss: 31.2783
Epoch: 206, Loss: 31.2774
Epoch: 211, Loss: 31.2784
Epoch: 216, Loss: 31.2781
Epoch: 221, Loss: 31.2774
Epoch: 226, Loss: 31.2777
Epoch: 231, Loss: 31.2774
Epoch: 236, Loss: 31.2775
Epoch: 241, Loss: 31.2774
Epoch: 246, Loss: 31.2774
Epoch: 251, Loss: 31.2774
Epoch: 256, Loss: 31.2773
Epoch: 261, Loss: 31.2775
Epoch: 266, Loss: 31.2775
Epoch: 271, Loss: 31.2775
Epoch: 276, Loss: 31.2775
Epoch: 281, Loss: 31.2774
Epoch: 286, Loss: 31.2782
Epoch: 291, Loss: 31.2779
Epoch: 296, Loss: 31.2775
Epoch: 301, Loss: 31.2781
Epoch: 306, Loss: 31.2781
Epoch: 311, Loss: 31.2778
Epoch: 316, Loss: 31.2774
Epoch: 321, Loss: 31.2773
Epoch: 326, Loss: 31.2774
Epoch: 331, Loss: 31.2773
Epoch: 336, Loss: 31.2773
Epoch: 341, Loss: 31.2773
Epoch: 346, Loss: 31.2773
Epoch: 351, Loss: 31.2772
Epoch: 356, Loss: 31.2773
Epoch: 361, Loss: 31.2772
Epoch: 366, Loss: 31.2772
Epoch: 371, Loss: 31.2773
Epoch: 376, Loss: 31.2774
Epoch: 381, Loss: 31.2774
Epoch: 386, Loss: 31.2772
Epoch: 391, Loss: 31.2772
Epoch: 396, Loss: 31.2773
Epoch: 401, Loss: 31.2773
Epoch: 406, Loss: 31.2771
Epoch: 411, Loss: 31.2772
Epoch: 416, Loss: 31.2781
Epoch: 421, Loss: 31.2772
Epoch: 426, Loss: 31.2780
Epoch: 431, Loss: 31.2780
Epoch: 436, Loss: 31.2773
Epoch: 441, Loss: 31.2771
Epoch: 446, Loss: 31.2776
Epoch: 451, Loss: 31.2773
Epoch: 456, Loss: 31.2771
Epoch: 461, Loss: 31.2773
Epoch: 466, Loss: 31.2770
Epoch: 471, Loss: 31.2772
Epoch: 476, Loss: 31.2770
Epoch: 481, Loss: 31.2771
Epoch: 486, Loss: 31.2770
Epoch: 491, Loss: 31.2770
Epoch: 496, Loss: 31.2770
Epoch: 501, Loss: 31.2769
Epoch: 506, Loss: 31.2773
Epoch: 511, Loss: 31.2775
Epoch: 516, Loss: 31.2770
Epoch: 521, Loss: 31.2776
Epoch: 526, Loss: 31.2770
Epoch: 531, Loss: 31.2775
Epoch: 536, Loss: 31.2773
Epoch: 541, Loss: 31.2769
Epoch: 546, Loss: 31.2776
Epoch: 551, Loss: 31.2772
Epoch: 556, Loss: 31.2769
Epoch: 561, Loss: 31.2774
Epoch: 566, Loss: 31.2770
Epoch: 571, Loss: 31.2769
Epoch: 576, Loss: 31.2774
Epoch: 581, Loss: 31.2769
Epoch: 586, Loss: 31.2770
Epoch: 591, Loss: 31.2773
Epoch: 596, Loss: 31.2768
Epoch: 601, Loss: 31.2771
Epoch: 606, Loss: 31.2770
Epoch: 611, Loss: 31.2767
Epoch: 616, Loss: 31.2772
Epoch: 621, Loss: 31.2771
Epoch: 626, Loss: 31.2767
Epoch: 631, Loss: 31.2771
Epoch: 636, Loss: 31.2771
Epoch: 641, Loss: 31.2767
Epoch: 646, Loss: 31.2771
Epoch: 651, Loss: 31.2767
Epoch: 656, Loss: 31.2769
Epoch: 661, Loss: 31.2767
Epoch: 666, Loss: 31.2767
Epoch: 671, Loss: 31.2766
Epoch: 676, Loss: 31.2768
Epoch: 681, Loss: 31.2767
Epoch: 686, Loss: 31.2766
Epoch: 691, Loss: 31.2766
Epoch: 696, Loss: 31.2772
Epoch: 701, Loss: 31.2766
Epoch: 706, Loss: 31.2777
Epoch: 711, Loss: 31.2766
Epoch: 716, Loss: 31.2771
Epoch: 721, Loss: 31.2766
Epoch: 726, Loss: 31.2766
Epoch: 731, Loss: 31.2766
Epoch: 736, Loss: 31.2765
Epoch: 741, Loss: 31.2765
Epoch: 746, Loss: 31.2766
Epoch: 751, Loss: 31.2772
Epoch: 756, Loss: 31.2765
Epoch: 761, Loss: 31.2778
Epoch: 766, Loss: 31.2766
Epoch: 771, Loss: 31.2768
Epoch: 776, Loss: 31.2769
Epoch: 781, Loss: 31.2766
Epoch: 786, Loss: 31.2766
Epoch: 791, Loss: 31.2764
Epoch: 796, Loss: 31.2764
Epoch: 801, Loss: 31.2764
Epoch: 806, Loss: 31.2765
Epoch: 811, Loss: 31.2767
Epoch: 816, Loss: 31.2765
Epoch: 821, Loss: 31.2765
Epoch: 826, Loss: 31.2767
Epoch: 831, Loss: 31.2764
Epoch: 836, Loss: 31.2764
Epoch: 841, Loss: 31.2770
Epoch: 846, Loss: 31.2764
Epoch: 851, Loss: 31.2775
Epoch: 856, Loss: 31.2764
Epoch: 861, Loss: 31.2769
Epoch: 866, Loss: 31.2765
Epoch: 871, Loss: 31.2769
Epoch: 876, Loss: 31.2766
Epoch: 881, Loss: 31.2763
Epoch: 886, Loss: 31.2765
Epoch: 891, Loss: 31.2763
Epoch: 896, Loss: 31.2766
Epoch: 901, Loss: 31.2763
Epoch: 906, Loss: 31.2766
Epoch: 911, Loss: 31.2764
Epoch: 916, Loss: 31.2766
Epoch: 921, Loss: 31.2766
Epoch: 926, Loss: 31.2769
Epoch: 931, Loss: 31.2764
Epoch: 936, Loss: 31.2772
Epoch: 941, Loss: 31.2763
Epoch: 946, Loss: 31.2764
Epoch: 951, Loss: 31.2763
Epoch: 956, Loss: 31.2763
Epoch: 961, Loss: 31.2762
Epoch: 966, Loss: 31.2764
Epoch: 971, Loss: 31.2762
Epoch: 976, Loss: 31.2764
Epoch: 981, Loss: 31.2764
Epoch: 986, Loss: 31.2776
Epoch: 991, Loss: 31.2765
Epoch: 996, Loss: 31.2762
Epoch: 1001, Loss: 31.2765
Elapsed time 0.0670 min
Epoch: 6, Loss: 31.2761
Epoch: 11, Loss: 31.2762
Epoch: 16, Loss: 31.2762
Epoch: 21, Loss: 31.2761
Epoch: 26, Loss: 31.2761
Epoch: 31, Loss: 31.2764
Epoch: 36, Loss: 31.2765
Epoch: 41, Loss: 31.2764
Epoch: 46, Loss: 31.2769
Epoch: 51, Loss: 31.2761
Epoch: 56, Loss: 31.2765
Epoch: 61, Loss: 31.2761
Epoch: 66, Loss: 31.2763
Epoch: 71, Loss: 31.2760
Epoch: 76, Loss: 31.2762
Epoch: 81, Loss: 31.2760
Epoch: 86, Loss: 31.2760
Epoch: 91, Loss: 31.2762
Epoch: 96, Loss: 31.2760
Epoch: 101, Loss: 31.2761
Epoch: 106, Loss: 31.2766
Epoch: 111, Loss: 31.2760
Epoch: 116, Loss: 31.2769
Epoch: 121, Loss: 31.2766
Epoch: 126, Loss: 31.2761
Epoch: 131, Loss: 31.2763
Epoch: 136, Loss: 31.2760
Epoch: 141, Loss: 31.2761
Epoch: 146, Loss: 31.2761
Epoch: 151, Loss: 31.2760
Epoch: 156, Loss: 31.2765
Epoch: 161, Loss: 31.2764
Epoch: 166, Loss: 31.2760
Epoch: 171, Loss: 31.2766
Epoch: 176, Loss: 31.2759
Epoch: 181, Loss: 31.2761
Epoch: 186, Loss: 31.2759
Epoch: 191, Loss: 31.2763
Epoch: 196, Loss: 31.2759
Epoch: 201, Loss: 31.2762
Epoch: 206, Loss: 31.2758
Epoch: 211, Loss: 31.2763
Epoch: 216, Loss: 31.2759
Epoch: 221, Loss: 31.2763
Epoch: 226, Loss: 31.2761
Epoch: 231, Loss: 31.2762
Epoch: 236, Loss: 31.2760
Epoch: 241, Loss: 31.2764
Epoch: 246, Loss: 31.2766
Epoch: 251, Loss: 31.2758
Epoch: 256, Loss: 31.2762
Epoch: 261, Loss: 31.2758
Epoch: 266, Loss: 31.2760
Epoch: 271, Loss: 31.2758
Epoch: 276, Loss: 31.2757
Epoch: 281, Loss: 31.2758
Epoch: 286, Loss: 31.2760
Epoch: 291, Loss: 31.2758
Epoch: 296, Loss: 31.2757
Epoch: 301, Loss: 31.2758
Epoch: 306, Loss: 31.2762
Epoch: 311, Loss: 31.2758
Epoch: 316, Loss: 31.2757
Epoch: 321, Loss: 31.2761
Epoch: 326, Loss: 31.2758
Epoch: 331, Loss: 31.2760
Epoch: 336, Loss: 31.2764
Epoch: 341, Loss: 31.2764
Epoch: 346, Loss: 31.2759
Epoch: 351, Loss: 31.2769
Epoch: 356, Loss: 31.2759
Epoch: 361, Loss: 31.2760
Epoch: 366, Loss: 31.2759
Epoch: 371, Loss: 31.2757
Epoch: 376, Loss: 31.2758
Epoch: 381, Loss: 31.2759
Epoch: 386, Loss: 31.2760
Epoch: 391, Loss: 31.2759
Epoch: 396, Loss: 31.2766
Epoch: 401, Loss: 31.2757
Epoch: 406, Loss: 31.2765
Epoch: 411, Loss: 31.2760
Epoch: 416, Loss: 31.2757
Epoch: 421, Loss: 31.2759
Epoch: 426, Loss: 31.2756
Epoch: 431, Loss: 31.2758
Epoch: 436, Loss: 31.2756
Epoch: 441, Loss: 31.2756
Epoch: 446, Loss: 31.2756
Epoch: 451, Loss: 31.2760
Epoch: 456, Loss: 31.2758
Epoch: 461, Loss: 31.2757
Epoch: 466, Loss: 31.2763
Epoch: 471, Loss: 31.2757
Epoch: 476, Loss: 31.2763
Epoch: 481, Loss: 31.2760
Epoch: 486, Loss: 31.2758
Epoch: 491, Loss: 31.2763
Epoch: 496, Loss: 31.2756
Epoch: 501, Loss: 31.2759
Epoch: 506, Loss: 31.2757
Epoch: 511, Loss: 31.2759
Epoch: 516, Loss: 31.2757
Epoch: 521, Loss: 31.2760
Epoch: 526, Loss: 31.2756
Epoch: 531, Loss: 31.2760
Epoch: 536, Loss: 31.2757
Epoch: 541, Loss: 31.2760
Epoch: 546, Loss: 31.2759
Epoch: 551, Loss: 31.2757
Epoch: 556, Loss: 31.2759
Epoch: 561, Loss: 31.2756
Epoch: 566, Loss: 31.2760
Epoch: 571, Loss: 31.2755
Epoch: 576, Loss: 31.2763
Epoch: 581, Loss: 31.2757
Epoch: 586, Loss: 31.2760
Epoch: 591, Loss: 31.2758
Epoch: 596, Loss: 31.2756
Epoch: 601, Loss: 31.2758
Epoch: 606, Loss: 31.2755
Epoch: 611, Loss: 31.2757
Epoch: 616, Loss: 31.2755
Epoch: 621, Loss: 31.2757
Epoch: 626, Loss: 31.2756
Epoch: 631, Loss: 31.2755
Epoch: 636, Loss: 31.2754
Epoch: 641, Loss: 31.2754
Epoch: 646, Loss: 31.2755
Epoch: 651, Loss: 31.2762
Epoch: 656, Loss: 31.2756
Epoch: 661, Loss: 31.2760
Epoch: 666, Loss: 31.2760
Epoch: 671, Loss: 31.2763
Epoch: 676, Loss: 31.2754
Epoch: 681, Loss: 31.2764
Epoch: 686, Loss: 31.2755
Epoch: 691, Loss: 31.2757
Epoch: 696, Loss: 31.2754
Epoch: 701, Loss: 31.2756
Epoch: 706, Loss: 31.2754
Epoch: 711, Loss: 31.2754
Epoch: 716, Loss: 31.2756
Epoch: 721, Loss: 31.2757
Epoch: 726, Loss: 31.2754
Epoch: 731, Loss: 31.2754
Epoch: 736, Loss: 31.2754
Epoch: 741, Loss: 31.2762
Epoch: 746, Loss: 31.2755
Epoch: 751, Loss: 31.2766
Epoch: 756, Loss: 31.2754
Epoch: 761, Loss: 31.2764
Epoch: 766, Loss: 31.2756
Epoch: 771, Loss: 31.2756
Epoch: 776, Loss: 31.2757
Epoch: 781, Loss: 31.2754
Epoch: 786, Loss: 31.2755
Epoch: 791, Loss: 31.2754
Epoch: 796, Loss: 31.2754
Epoch: 801, Loss: 31.2755
Epoch: 806, Loss: 31.2757
Epoch: 811, Loss: 31.2753
Epoch: 816, Loss: 31.2754
Epoch: 821, Loss: 31.2759
Epoch: 826, Loss: 31.2755
Epoch: 831, Loss: 31.2761
Epoch: 836, Loss: 31.2758
Epoch: 841, Loss: 31.2760
Epoch: 846, Loss: 31.2754
Epoch: 851, Loss: 31.2758
Epoch: 856, Loss: 31.2754
Epoch: 861, Loss: 31.2759
Epoch: 866, Loss: 31.2753
Epoch: 871, Loss: 31.2757
Epoch: 876, Loss: 31.2753
Epoch: 881, Loss: 31.2756
Epoch: 886, Loss: 31.2753
Epoch: 891, Loss: 31.2754
Epoch: 896, Loss: 31.2756
Epoch: 901, Loss: 31.2754
Epoch: 906, Loss: 31.2753
Epoch: 911, Loss: 31.2759
Epoch: 916, Loss: 31.2753
Epoch: 921, Loss: 31.2759
Epoch: 926, Loss: 31.2755
Epoch: 931, Loss: 31.2755
Epoch: 936, Loss: 31.2758
Epoch: 941, Loss: 31.2753
Epoch: 946, Loss: 31.2756
Epoch: 951, Loss: 31.2753
Epoch: 956, Loss: 31.2752
Epoch: 961, Loss: 31.2753
Epoch: 966, Loss: 31.2756
Epoch: 971, Loss: 31.2758
Epoch: 976, Loss: 31.2755
Epoch: 981, Loss: 31.2765
Epoch: 986, Loss: 31.2756
Epoch: 991, Loss: 31.2755
Epoch: 996, Loss: 31.2756
Epoch: 1001, Loss: 31.2754
Elapsed time 0.0668 min
Epoch: 6, Loss: 31.2756
Epoch: 11, Loss: 31.2754
Epoch: 16, Loss: 31.2754
Epoch: 21, Loss: 31.2753
Epoch: 26, Loss: 31.2753
Epoch: 31, Loss: 31.2753
Epoch: 36, Loss: 31.2752
Epoch: 41, Loss: 31.2752
Epoch: 46, Loss: 31.2752
Epoch: 51, Loss: 31.2757
Epoch: 56, Loss: 31.2757
Epoch: 61, Loss: 31.2755
Epoch: 66, Loss: 31.2766
Epoch: 71, Loss: 31.2757
Epoch: 76, Loss: 31.2754
Epoch: 81, Loss: 31.2758
Epoch: 86, Loss: 31.2752
Epoch: 91, Loss: 31.2756
Epoch: 96, Loss: 31.2752
Epoch: 101, Loss: 31.2754
Epoch: 106, Loss: 31.2752
Epoch: 111, Loss: 31.2752
Epoch: 116, Loss: 31.2752
Epoch: 121, Loss: 31.2753
Epoch: 126, Loss: 31.2756
Epoch: 131, Loss: 31.2753
Epoch: 136, Loss: 31.2753
Epoch: 141, Loss: 31.2760
Epoch: 146, Loss: 31.2752
Epoch: 151, Loss: 31.2763
Epoch: 156, Loss: 31.2752
Epoch: 161, Loss: 31.2759
Epoch: 166, Loss: 31.2753
Epoch: 171, Loss: 31.2755
Epoch: 176, Loss: 31.2754
Epoch: 181, Loss: 31.2754
Epoch: 186, Loss: 31.2752
Epoch: 191, Loss: 31.2753
Epoch: 196, Loss: 31.2751
Epoch: 201, Loss: 31.2752
Epoch: 206, Loss: 31.2753
Epoch: 211, Loss: 31.2753
Epoch: 216, Loss: 31.2752
Epoch: 221, Loss: 31.2753
Epoch: 226, Loss: 31.2756
Epoch: 231, Loss: 31.2751
Epoch: 236, Loss: 31.2755
Epoch: 241, Loss: 31.2760
Epoch: 246, Loss: 31.2753
Epoch: 251, Loss: 31.2758
Epoch: 256, Loss: 31.2751
Epoch: 261, Loss: 31.2755
Epoch: 266, Loss: 31.2752
Epoch: 271, Loss: 31.2757
Epoch: 276, Loss: 31.2751
Epoch: 281, Loss: 31.2757
Epoch: 286, Loss: 31.2751
Epoch: 291, Loss: 31.2753
Epoch: 296, Loss: 31.2751
Epoch: 301, Loss: 31.2751
Epoch: 306, Loss: 31.2751
Epoch: 311, Loss: 31.2753
Epoch: 316, Loss: 31.2758
Epoch: 321, Loss: 31.2751
Epoch: 326, Loss: 31.2765
Epoch: 331, Loss: 31.2751
Epoch: 336, Loss: 31.2759
Epoch: 341, Loss: 31.2752
Epoch: 346, Loss: 31.2754
Epoch: 351, Loss: 31.2753
Epoch: 356, Loss: 31.2754
Epoch: 361, Loss: 31.2752
Epoch: 366, Loss: 31.2753
Epoch: 371, Loss: 31.2750
Epoch: 376, Loss: 31.2751
Epoch: 381, Loss: 31.2751
Epoch: 386, Loss: 31.2750
Epoch: 391, Loss: 31.2751
Epoch: 396, Loss: 31.2755
Epoch: 401, Loss: 31.2753
Epoch: 406, Loss: 31.2752
Epoch: 411, Loss: 31.2766
Epoch: 416, Loss: 31.2752
Epoch: 421, Loss: 31.2756
Epoch: 426, Loss: 31.2751
Epoch: 431, Loss: 31.2754
Epoch: 436, Loss: 31.2750
Epoch: 441, Loss: 31.2753
Epoch: 446, Loss: 31.2751
Epoch: 451, Loss: 31.2750
Epoch: 456, Loss: 31.2750
Epoch: 461, Loss: 31.2751
Epoch: 466, Loss: 31.2754
Epoch: 471, Loss: 31.2752
Epoch: 476, Loss: 31.2750
Epoch: 481, Loss: 31.2753
Epoch: 486, Loss: 31.2754
Epoch: 491, Loss: 31.2750
Epoch: 496, Loss: 31.2764
Epoch: 501, Loss: 31.2751
Epoch: 506, Loss: 31.2760
Epoch: 511, Loss: 31.2750
Epoch: 516, Loss: 31.2755
Epoch: 521, Loss: 31.2750
Epoch: 526, Loss: 31.2754
Epoch: 531, Loss: 31.2750
Epoch: 536, Loss: 31.2752
Epoch: 541, Loss: 31.2750
Epoch: 546, Loss: 31.2751
Epoch: 551, Loss: 31.2754
Epoch: 556, Loss: 31.2751
Epoch: 561, Loss: 31.2750
Epoch: 566, Loss: 31.2753
Epoch: 571, Loss: 31.2755
Epoch: 576, Loss: 31.2750
Epoch: 581, Loss: 31.2762
Epoch: 586, Loss: 31.2750
Epoch: 591, Loss: 31.2757
Epoch: 596, Loss: 31.2749
Epoch: 601, Loss: 31.2754
Epoch: 606, Loss: 31.2750
Epoch: 611, Loss: 31.2750
Epoch: 616, Loss: 31.2750
Epoch: 621, Loss: 31.2749
Epoch: 626, Loss: 31.2751
Epoch: 631, Loss: 31.2752
Epoch: 636, Loss: 31.2751
Epoch: 641, Loss: 31.2749
Epoch: 646, Loss: 31.2749
Epoch: 651, Loss: 31.2749
Epoch: 656, Loss: 31.2750
Epoch: 661, Loss: 31.2760
Epoch: 666, Loss: 31.2755
Epoch: 671, Loss: 31.2763
Epoch: 676, Loss: 31.2750
Epoch: 681, Loss: 31.2756
Epoch: 686, Loss: 31.2749
Epoch: 691, Loss: 31.2754
Epoch: 696, Loss: 31.2749
Epoch: 701, Loss: 31.2751
Epoch: 706, Loss: 31.2749
Epoch: 711, Loss: 31.2749
Epoch: 716, Loss: 31.2751
Epoch: 721, Loss: 31.2751
Epoch: 726, Loss: 31.2749
Epoch: 731, Loss: 31.2749
Epoch: 736, Loss: 31.2749
Epoch: 741, Loss: 31.2750
Epoch: 746, Loss: 31.2761
Epoch: 751, Loss: 31.2749
Epoch: 756, Loss: 31.2761
Epoch: 761, Loss: 31.2749
Epoch: 766, Loss: 31.2754
Epoch: 771, Loss: 31.2748
Epoch: 776, Loss: 31.2751
Epoch: 781, Loss: 31.2750
Epoch: 786, Loss: 31.2749
Epoch: 791, Loss: 31.2752
Epoch: 796, Loss: 31.2751
Epoch: 801, Loss: 31.2750
Epoch: 806, Loss: 31.2756
Epoch: 811, Loss: 31.2749
Epoch: 816, Loss: 31.2752
Epoch: 821, Loss: 31.2754
Epoch: 826, Loss: 31.2748
Epoch: 831, Loss: 31.2751
Epoch: 836, Loss: 31.2750
Epoch: 841, Loss: 31.2748
Epoch: 846, Loss: 31.2748
Epoch: 851, Loss: 31.2748
Epoch: 856, Loss: 31.2748
Epoch: 861, Loss: 31.2754
Epoch: 866, Loss: 31.2764
Epoch: 871, Loss: 31.2753
Epoch: 876, Loss: 31.2757
Epoch: 881, Loss: 31.2749
Epoch: 886, Loss: 31.2753
Epoch: 891, Loss: 31.2751
Epoch: 896, Loss: 31.2753
Epoch: 901, Loss: 31.2749
Epoch: 906, Loss: 31.2749
Epoch: 911, Loss: 31.2748
Epoch: 916, Loss: 31.2748
Epoch: 921, Loss: 31.2748
Epoch: 926, Loss: 31.2749
Epoch: 931, Loss: 31.2750
Epoch: 936, Loss: 31.2750
Epoch: 941, Loss: 31.2749
Epoch: 946, Loss: 31.2749
Epoch: 951, Loss: 31.2748
Epoch: 956, Loss: 31.2750
Epoch: 961, Loss: 31.2759
Epoch: 966, Loss: 31.2751
Epoch: 971, Loss: 31.2761
Epoch: 976, Loss: 31.2750
Epoch: 981, Loss: 31.2759
Epoch: 986, Loss: 31.2749
Epoch: 991, Loss: 31.2751
Epoch: 996, Loss: 31.2750
Epoch: 1001, Loss: 31.2748
Elapsed time 0.0691 min
avg Test Accuracy: 0.8181  avg Test AUC: 0.8667  avg Test PRE: 0.8463
