====================================================================================================
data: HeteroData(
  drug={
    node_id=[3084],
    x=[3084, 12],
  },
  protein={
    node_id=[718],
    x=[718, 20],
  },
  (drug, interaction, protein)={ edge_index=[2, 5937] },
  (protein, rev_interaction, drug)={ edge_index=[2, 5937] }
)
====================================================================================================
****************************************************************************************************
train data: HeteroData(
  drug={
    node_id=[3084],
    x=[3084, 12],
  },
  protein={
    node_id=[718],
    x=[718, 20],
  },
  (drug, interaction, protein)={
    edge_index=[2, 3326],
    edge_label=[2493],
    edge_label_index=[2, 2493],
  },
  (protein, rev_interaction, drug)={ edge_index=[2, 3326] }
)
****************************************************************************************************
val data: HeteroData(
  drug={
    node_id=[3084],
    x=[3084, 12],
  },
  protein={
    node_id=[718],
    x=[718, 20],
  },
  (drug, interaction, protein)={
    edge_index=[2, 4157],
    edge_label=[1779],
    edge_label_index=[2, 1779],
  },
  (protein, rev_interaction, drug)={ edge_index=[2, 4157] }
)
****************************************************************************************************
test data: HeteroData(
  drug={
    node_id=[3084],
    x=[3084, 12],
  },
  protein={
    node_id=[718],
    x=[718, 20],
  },
  (drug, interaction, protein)={
    edge_index=[2, 4750],
    edge_label=[3561],
    edge_label_index=[2, 3561],
  },
  (protein, rev_interaction, drug)={ edge_index=[2, 4750] }
)
****************************************************************************************************
edge_x: torch.Size([2493, 32])
labels: torch.Size([2493])
edge_x: torch.Size([1779, 32])
labels: torch.Size([1779])
edge_x: torch.Size([3561, 32])
labels: torch.Size([3561])
model: HGT(
  (lin_dict): ModuleDict(
    (drug): Linear(-1, 64, bias=True)
    (protein): Linear(-1, 64, bias=True)
  )
  (convs): ModuleList(
    (0-1): 2 x HGTConv(-1, 64, heads=1)
  )
  (lin): Linear(128, 1, bias=True)
)
Epoch: 51, Loss: 0.6224
Epoch: 101, Loss: 0.6210
Epoch: 151, Loss: 0.6161
Epoch: 201, Loss: 0.6068
Epoch: 251, Loss: 0.5972
Epoch: 301, Loss: 0.5919
Epoch: 351, Loss: 0.5854
Epoch: 401, Loss: 0.5778
Epoch: 451, Loss: 0.5718
Epoch: 501, Loss: 0.5662
Epoch: 551, Loss: 0.5614
Epoch: 601, Loss: 0.5575
Epoch: 651, Loss: 0.5544
Epoch: 701, Loss: 0.5528
Epoch: 751, Loss: 0.5501
Epoch: 801, Loss: 0.5479
Epoch: 851, Loss: 0.5475
Epoch: 901, Loss: 0.5457
Epoch: 951, Loss: 0.5439
Epoch: 1001, Loss: 0.5430
Epoch: 51, Loss: 0.5415
Epoch: 101, Loss: 0.5408
Elapsed time 0.0102 min
Epoch: 51, Loss: 0.5395
Epoch: 101, Loss: 0.5390
Elapsed time 0.0103 min
Epoch: 51, Loss: 0.5403
Epoch: 101, Loss: 0.5365
Elapsed time 0.0103 min
Epoch: 51, Loss: 0.5362
Epoch: 101, Loss: 0.5355
Elapsed time 0.0102 min
Epoch: 51, Loss: 0.5347
Epoch: 101, Loss: 0.5347
Elapsed time 0.0102 min
Epoch: 51, Loss: 0.5358
Epoch: 101, Loss: 0.5333
Elapsed time 0.0103 min
Epoch: 51, Loss: 0.5324
Epoch: 101, Loss: 0.5341
Elapsed time 0.0102 min
Epoch: 51, Loss: 0.5318
Epoch: 101, Loss: 0.5329
Elapsed time 0.0102 min
Epoch: 51, Loss: 0.5311
Epoch: 101, Loss: 0.5303
Elapsed time 0.0102 min
Epoch: 51, Loss: 0.5306
Epoch: 101, Loss: 0.5306
Elapsed time 0.0103 min
avg Test Accuracy: 0.8316  avg Test AUC: 0.8572  avg Test PRE: 0.7836
