====================================================================================================
data: HeteroData(
  drug={
    node_id=[3084],
    x=[3084, 12],
  },
  protein={
    node_id=[718],
    x=[718, 20],
  },
  (drug, interaction, protein)={ edge_index=[2, 5937] },
  (protein, rev_interaction, drug)={ edge_index=[2, 5937] }
)
====================================================================================================
****************************************************************************************************
train data: HeteroData(
  drug={
    node_id=[3084],
    x=[3084, 12],
  },
  protein={
    node_id=[718],
    x=[718, 20],
  },
  (drug, interaction, protein)={
    edge_index=[2, 3326],
    edge_label=[2493],
    edge_label_index=[2, 2493],
  },
  (protein, rev_interaction, drug)={ edge_index=[2, 3326] }
)
****************************************************************************************************
val data: HeteroData(
  drug={
    node_id=[3084],
    x=[3084, 12],
  },
  protein={
    node_id=[718],
    x=[718, 20],
  },
  (drug, interaction, protein)={
    edge_index=[2, 4157],
    edge_label=[1779],
    edge_label_index=[2, 1779],
  },
  (protein, rev_interaction, drug)={ edge_index=[2, 4157] }
)
****************************************************************************************************
test data: HeteroData(
  drug={
    node_id=[3084],
    x=[3084, 12],
  },
  protein={
    node_id=[718],
    x=[718, 20],
  },
  (drug, interaction, protein)={
    edge_index=[2, 4750],
    edge_label=[3561],
    edge_label_index=[2, 3561],
  },
  (protein, rev_interaction, drug)={ edge_index=[2, 4750] }
)
****************************************************************************************************
edge_x: torch.Size([2493, 32])
labels: torch.Size([2493])
edge_x: torch.Size([1779, 32])
labels: torch.Size([1779])
edge_x: torch.Size([3561, 32])
labels: torch.Size([3561])
model: HGT(
  (lin_dict): ModuleDict(
    (drug): Linear(-1, 64, bias=True)
    (protein): Linear(-1, 64, bias=True)
  )
  (convs): ModuleList(
    (0-3): 4 x HGTConv(-1, 64, heads=2)
  )
  (lin): Linear(128, 1, bias=True)
)
Epoch: 51, Loss: 0.6233
Epoch: 101, Loss: 0.5735
Epoch: 151, Loss: 0.5757
Epoch: 201, Loss: 0.5380
Epoch: 251, Loss: 0.5416
Epoch: 301, Loss: 0.5435
Epoch: 351, Loss: 0.5866
Epoch: 401, Loss: 0.5382
Epoch: 451, Loss: 0.5412
Epoch: 501, Loss: 0.5756
Epoch: 551, Loss: 54.9326
Epoch: 601, Loss: 54.9316
Epoch: 651, Loss: 54.9316
Epoch: 701, Loss: 54.9316
Epoch: 751, Loss: 54.9316
Epoch: 801, Loss: 54.9316
Epoch: 851, Loss: 54.9316
Epoch: 901, Loss: 54.9316
Epoch: 951, Loss: 54.9316
Epoch: 1001, Loss: 54.9316
Epoch: 51, Loss: 54.9316
Epoch: 101, Loss: 54.9316
Elapsed time 0.0177 min
Epoch: 51, Loss: 54.9316
Epoch: 101, Loss: 54.9316
Elapsed time 0.0177 min
Epoch: 51, Loss: 54.9316
Epoch: 101, Loss: 54.9316
Elapsed time 0.0177 min
Epoch: 51, Loss: 54.9316
Epoch: 101, Loss: 54.9316
Elapsed time 0.0177 min
Epoch: 51, Loss: 54.9316
Epoch: 101, Loss: 54.9316
Elapsed time 0.0178 min
Epoch: 51, Loss: 54.9316
Epoch: 101, Loss: 54.9316
Elapsed time 0.0177 min
Epoch: 51, Loss: 54.9316
Epoch: 101, Loss: 54.9316
Elapsed time 0.0177 min
Epoch: 51, Loss: 54.9316
Epoch: 101, Loss: 54.9316
Elapsed time 0.0178 min
Epoch: 51, Loss: 54.9316
Epoch: 101, Loss: 54.9316
Elapsed time 0.0177 min
Epoch: 51, Loss: 54.9316
Epoch: 101, Loss: 54.9316
Elapsed time 0.0177 min
avg Test Accuracy: 0.8375  avg Test AUC: 0.8853  avg Test PRE: 0.8008
