====================================================================================================
data: HeteroData(
  drug={
    node_id=[3084],
    x=[3084, 12],
  },
  protein={
    node_id=[718],
    x=[718, 20],
  },
  (drug, interaction, protein)={ edge_index=[2, 5937] },
  (protein, rev_interaction, drug)={ edge_index=[2, 5937] }
)
====================================================================================================
****************************************************************************************************
train data: HeteroData(
  drug={
    node_id=[3084],
    x=[3084, 12],
  },
  protein={
    node_id=[718],
    x=[718, 20],
  },
  (drug, interaction, protein)={
    edge_index=[2, 3326],
    edge_label=[2493],
    edge_label_index=[2, 2493],
  },
  (protein, rev_interaction, drug)={ edge_index=[2, 3326] }
)
****************************************************************************************************
val data: HeteroData(
  drug={
    node_id=[3084],
    x=[3084, 12],
  },
  protein={
    node_id=[718],
    x=[718, 20],
  },
  (drug, interaction, protein)={
    edge_index=[2, 4157],
    edge_label=[1779],
    edge_label_index=[2, 1779],
  },
  (protein, rev_interaction, drug)={ edge_index=[2, 4157] }
)
****************************************************************************************************
test data: HeteroData(
  drug={
    node_id=[3084],
    x=[3084, 12],
  },
  protein={
    node_id=[718],
    x=[718, 20],
  },
  (drug, interaction, protein)={
    edge_index=[2, 4750],
    edge_label=[3561],
    edge_label_index=[2, 3561],
  },
  (protein, rev_interaction, drug)={ edge_index=[2, 4750] }
)
****************************************************************************************************
edge_x: torch.Size([2493, 32])
labels: torch.Size([2493])
edge_x: torch.Size([1779, 32])
labels: torch.Size([1779])
edge_x: torch.Size([3561, 32])
labels: torch.Size([3561])
model: HGT(
  (lin_dict): ModuleDict(
    (drug): Linear(-1, 64, bias=True)
    (protein): Linear(-1, 64, bias=True)
  )
  (convs): ModuleList(
    (0-1): 2 x HGTConv(-1, 64, heads=2)
  )
  (lin): Linear(128, 1, bias=True)
)
Epoch: 51, Loss: 0.6037
Epoch: 101, Loss: 0.5428
Epoch: 151, Loss: 0.5238
Epoch: 201, Loss: 0.5096
Epoch: 251, Loss: 0.5003
Epoch: 301, Loss: 0.4948
Epoch: 351, Loss: 0.4923
Epoch: 401, Loss: 0.4865
Epoch: 451, Loss: 0.4845
Epoch: 501, Loss: 0.4837
Epoch: 551, Loss: 0.4823
Epoch: 601, Loss: 0.6015
Epoch: 651, Loss: 0.5032
Epoch: 701, Loss: 0.4964
Epoch: 751, Loss: 0.4921
Epoch: 801, Loss: 0.4873
Epoch: 851, Loss: 0.4839
Epoch: 901, Loss: 0.4810
Epoch: 951, Loss: 0.4828
Epoch: 1001, Loss: 0.4785
Epoch: 51, Loss: 0.4774
Epoch: 101, Loss: 0.4721
Elapsed time 0.0189 min
Epoch: 51, Loss: 0.4696
Epoch: 101, Loss: 0.4680
Elapsed time 0.0185 min
Epoch: 51, Loss: 0.4635
Epoch: 101, Loss: 0.4638
Elapsed time 0.0188 min
Epoch: 51, Loss: 0.4760
Epoch: 101, Loss: 0.4548
Elapsed time 0.0191 min
Epoch: 51, Loss: 0.4595
Epoch: 101, Loss: 0.4630
Elapsed time 0.0186 min
Epoch: 51, Loss: 0.4543
Epoch: 101, Loss: 0.4513
Elapsed time 0.0184 min
Epoch: 51, Loss: 0.4466
Epoch: 101, Loss: 0.4449
Elapsed time 0.0187 min
Epoch: 51, Loss: 0.4456
Epoch: 101, Loss: 0.4422
Elapsed time 0.0184 min
Epoch: 51, Loss: 0.4460
Epoch: 101, Loss: 0.4383
Elapsed time 0.0185 min
Epoch: 51, Loss: 0.4349
Epoch: 101, Loss: 0.4356
Elapsed time 0.0186 min
avg Test Accuracy: 0.8385  avg Test AUC: 0.8922  avg Test PRE: 0.7781
