====================================================================================================
data: HeteroData(
  drug={
    node_id=[3084],
    x=[3084, 12],
  },
  protein={
    node_id=[718],
    x=[718, 20],
  },
  (drug, interaction, protein)={ edge_index=[2, 5937] },
  (protein, rev_interaction, drug)={ edge_index=[2, 5937] }
)
====================================================================================================
****************************************************************************************************
train data: HeteroData(
  drug={
    node_id=[3084],
    x=[3084, 12],
  },
  protein={
    node_id=[718],
    x=[718, 20],
  },
  (drug, interaction, protein)={
    edge_index=[2, 3326],
    edge_label=[2493],
    edge_label_index=[2, 2493],
  },
  (protein, rev_interaction, drug)={ edge_index=[2, 3326] }
)
****************************************************************************************************
val data: HeteroData(
  drug={
    node_id=[3084],
    x=[3084, 12],
  },
  protein={
    node_id=[718],
    x=[718, 20],
  },
  (drug, interaction, protein)={
    edge_index=[2, 4157],
    edge_label=[1779],
    edge_label_index=[2, 1779],
  },
  (protein, rev_interaction, drug)={ edge_index=[2, 4157] }
)
****************************************************************************************************
test data: HeteroData(
  drug={
    node_id=[3084],
    x=[3084, 12],
  },
  protein={
    node_id=[718],
    x=[718, 20],
  },
  (drug, interaction, protein)={
    edge_index=[2, 4750],
    edge_label=[3561],
    edge_label_index=[2, 3561],
  },
  (protein, rev_interaction, drug)={ edge_index=[2, 4750] }
)
****************************************************************************************************
edge_x: torch.Size([2493, 32])
labels: torch.Size([2493])
edge_x: torch.Size([1779, 32])
labels: torch.Size([1779])
edge_x: torch.Size([3561, 32])
labels: torch.Size([3561])
model: HGT(
  (lin_dict): ModuleDict(
    (drug): Linear(-1, 64, bias=True)
    (protein): Linear(-1, 64, bias=True)
  )
  (convs): ModuleList(
    (0-1): 2 x HGTConv(-1, 64, heads=2)
  )
  (lin): Linear(128, 1, bias=True)
)
Epoch: 51, Loss: 0.6399
Epoch: 101, Loss: 0.6228
Epoch: 151, Loss: 0.5815
Epoch: 201, Loss: 0.5268
Epoch: 251, Loss: 0.5120
Epoch: 301, Loss: 0.5009
Epoch: 351, Loss: 0.4960
Epoch: 401, Loss: 0.4925
Epoch: 451, Loss: 0.4896
Epoch: 501, Loss: 0.4855
Epoch: 551, Loss: 0.4830
Epoch: 601, Loss: 0.4804
Epoch: 651, Loss: 0.4782
Epoch: 701, Loss: 0.4772
Epoch: 751, Loss: 0.4756
Epoch: 801, Loss: 0.4745
Epoch: 851, Loss: 0.4807
Epoch: 901, Loss: 0.4723
Epoch: 951, Loss: 0.4861
Epoch: 1001, Loss: 0.4708
Epoch: 51, Loss: 0.4699
Epoch: 101, Loss: 0.4694
Elapsed time 0.0191 min
Epoch: 51, Loss: 0.4686
Epoch: 101, Loss: 0.4683
Elapsed time 0.0192 min
Epoch: 51, Loss: 0.4675
Epoch: 101, Loss: 0.4691
Elapsed time 0.0192 min
Epoch: 51, Loss: 0.4682
Epoch: 101, Loss: 0.4661
Elapsed time 0.0192 min
Epoch: 51, Loss: 0.4670
Epoch: 101, Loss: 0.4666
Elapsed time 0.0192 min
Epoch: 51, Loss: 0.4659
Epoch: 101, Loss: 0.4653
Elapsed time 0.0197 min
Epoch: 51, Loss: 0.4649
Epoch: 101, Loss: 0.4643
Elapsed time 0.0191 min
Epoch: 51, Loss: 0.4662
Epoch: 101, Loss: 0.4763
Elapsed time 0.0190 min
Epoch: 51, Loss: 0.4620
Epoch: 101, Loss: 0.4620
Elapsed time 0.0191 min
Epoch: 51, Loss: 0.4629
Epoch: 101, Loss: 0.4622
Elapsed time 0.0191 min
avg Test Accuracy: 0.8466  avg Test AUC: 0.9013  avg Test PRE: 0.7872
