====================================================================================================
data: HeteroData(
  drug={
    node_id=[3084],
    x=[3084, 12],
  },
  protein={
    node_id=[718],
    x=[718, 20],
  },
  (drug, interaction, protein)={ edge_index=[2, 5937] },
  (protein, rev_interaction, drug)={ edge_index=[2, 5937] }
)
====================================================================================================
****************************************************************************************************
train data: HeteroData(
  drug={
    node_id=[3084],
    x=[3084, 12],
  },
  protein={
    node_id=[718],
    x=[718, 20],
  },
  (drug, interaction, protein)={
    edge_index=[2, 3326],
    edge_label=[2493],
    edge_label_index=[2, 2493],
  },
  (protein, rev_interaction, drug)={ edge_index=[2, 3326] }
)
****************************************************************************************************
val data: HeteroData(
  drug={
    node_id=[3084],
    x=[3084, 12],
  },
  protein={
    node_id=[718],
    x=[718, 20],
  },
  (drug, interaction, protein)={
    edge_index=[2, 4157],
    edge_label=[1779],
    edge_label_index=[2, 1779],
  },
  (protein, rev_interaction, drug)={ edge_index=[2, 4157] }
)
****************************************************************************************************
test data: HeteroData(
  drug={
    node_id=[3084],
    x=[3084, 12],
  },
  protein={
    node_id=[718],
    x=[718, 20],
  },
  (drug, interaction, protein)={
    edge_index=[2, 4750],
    edge_label=[3561],
    edge_label_index=[2, 3561],
  },
  (protein, rev_interaction, drug)={ edge_index=[2, 4750] }
)
****************************************************************************************************
model: HGT(
  (lin_dict): ModuleDict(
    (drug): Linear(-1, 64, bias=True)
    (protein): Linear(-1, 64, bias=True)
  )
  (convs): ModuleList(
    (0-1): 2 x HGTConv(-1, 64, heads=4)
  )
  (lin): Linear(128, 1, bias=True)
)
Epoch: 51, Loss: 0.5468
Epoch: 101, Loss: 0.5189
Epoch: 151, Loss: 0.5159
Epoch: 201, Loss: 0.5177
Epoch: 251, Loss: 0.6231
Epoch: 301, Loss: 0.5830
Epoch: 351, Loss: 0.5567
Epoch: 401, Loss: 0.5541
Epoch: 451, Loss: 0.6118
Epoch: 501, Loss: 0.5278
Epoch: 551, Loss: 0.5223
Epoch: 601, Loss: 0.5220
Epoch: 651, Loss: 0.5144
Epoch: 701, Loss: 0.5097
Epoch: 751, Loss: 0.5062
Epoch: 801, Loss: 0.5046
Epoch: 851, Loss: 0.4941
Epoch: 901, Loss: 0.5083
Epoch: 951, Loss: 0.4894
Epoch: 1001, Loss: 0.5091
avg Test Accuracy: 0.7442  avg Test AUC: 0.7786  avg Test PRE: 0.6227
