====================================================================================================
data: HeteroData(
  drug={
    node_id=[3084],
    x=[3084, 12],
  },
  protein={
    node_id=[718],
    x=[718, 20],
  },
  (drug, interaction, protein)={ edge_index=[2, 5937] },
  (protein, rev_interaction, drug)={ edge_index=[2, 5937] }
)
====================================================================================================
****************************************************************************************************
train data: HeteroData(
  drug={
    node_id=[3084],
    x=[3084, 12],
  },
  protein={
    node_id=[718],
    x=[718, 20],
  },
  (drug, interaction, protein)={
    edge_index=[2, 3326],
    edge_label=[2493],
    edge_label_index=[2, 2493],
  },
  (protein, rev_interaction, drug)={ edge_index=[2, 3326] }
)
****************************************************************************************************
val data: HeteroData(
  drug={
    node_id=[3084],
    x=[3084, 12],
  },
  protein={
    node_id=[718],
    x=[718, 20],
  },
  (drug, interaction, protein)={
    edge_index=[2, 4157],
    edge_label=[1779],
    edge_label_index=[2, 1779],
  },
  (protein, rev_interaction, drug)={ edge_index=[2, 4157] }
)
****************************************************************************************************
test data: HeteroData(
  drug={
    node_id=[3084],
    x=[3084, 12],
  },
  protein={
    node_id=[718],
    x=[718, 20],
  },
  (drug, interaction, protein)={
    edge_index=[2, 4750],
    edge_label=[3561],
    edge_label_index=[2, 3561],
  },
  (protein, rev_interaction, drug)={ edge_index=[2, 4750] }
)
****************************************************************************************************
edge_x: torch.Size([2493, 32])
labels: torch.Size([2493])
edge_x: torch.Size([1779, 32])
labels: torch.Size([1779])
edge_x: torch.Size([3561, 32])
labels: torch.Size([3561])
model: HGT(
  (lin_dict): ModuleDict(
    (drug): Linear(-1, 64, bias=True)
    (protein): Linear(-1, 64, bias=True)
  )
  (convs): ModuleList(
    (0-1): 2 x HGTConv(-1, 64, heads=2)
  )
  (lin): Linear(128, 1, bias=True)
)
Epoch: 51, Loss: 0.6028
Epoch: 101, Loss: 0.5452
Epoch: 151, Loss: 0.5206
Epoch: 201, Loss: 0.5134
Epoch: 251, Loss: 0.5084
Epoch: 301, Loss: 0.5050
Epoch: 351, Loss: 0.4982
Epoch: 401, Loss: 0.4976
Epoch: 451, Loss: 0.4938
Epoch: 501, Loss: 0.4904
Epoch: 551, Loss: 0.4877
Epoch: 601, Loss: 0.4866
Epoch: 651, Loss: 0.4890
Epoch: 701, Loss: 0.5316
Epoch: 751, Loss: 0.5061
Epoch: 801, Loss: 0.4970
Epoch: 851, Loss: 0.4954
Epoch: 901, Loss: 0.5032
Epoch: 951, Loss: 0.4866
Epoch: 1001, Loss: 0.4788
Epoch: 6, Loss: 0.4781
Epoch: 11, Loss: 0.4775
Epoch: 16, Loss: 0.4773
Epoch: 21, Loss: 0.4768
Epoch: 26, Loss: 0.4777
Epoch: 31, Loss: 0.4782
Epoch: 36, Loss: 0.4767
Epoch: 41, Loss: 0.4758
Epoch: 46, Loss: 0.4753
Epoch: 51, Loss: 0.4746
Epoch: 56, Loss: 0.4739
Epoch: 61, Loss: 0.4733
Epoch: 66, Loss: 0.4729
Epoch: 71, Loss: 0.4724
Epoch: 76, Loss: 0.4717
Epoch: 81, Loss: 0.4711
Epoch: 86, Loss: 0.4706
Epoch: 91, Loss: 0.4702
Epoch: 96, Loss: 0.4696
Epoch: 101, Loss: 0.4690
Epoch: 106, Loss: 0.4686
Epoch: 111, Loss: 0.4701
Epoch: 116, Loss: 0.4841
Epoch: 121, Loss: 0.4705
Epoch: 126, Loss: 0.4683
Epoch: 131, Loss: 0.4682
Epoch: 136, Loss: 0.4674
Epoch: 141, Loss: 0.4673
Epoch: 146, Loss: 0.4668
Epoch: 151, Loss: 0.4655
Epoch: 156, Loss: 0.4652
Epoch: 161, Loss: 0.4643
Epoch: 166, Loss: 0.4639
Epoch: 171, Loss: 0.4634
Epoch: 176, Loss: 0.4629
Epoch: 181, Loss: 0.4627
Epoch: 186, Loss: 0.4619
Epoch: 191, Loss: 0.4619
Epoch: 196, Loss: 0.4762
Epoch: 201, Loss: 0.4650
Epoch: 206, Loss: 0.5088
Epoch: 211, Loss: 0.5003
Epoch: 216, Loss: 0.5096
Epoch: 221, Loss: 0.4924
Epoch: 226, Loss: 0.4938
Epoch: 231, Loss: 0.4856
Epoch: 236, Loss: 0.4802
Epoch: 241, Loss: 0.4787
Epoch: 246, Loss: 0.4769
Epoch: 251, Loss: 0.4749
Epoch: 256, Loss: 0.4739
Epoch: 261, Loss: 0.4734
Epoch: 266, Loss: 0.4724
Epoch: 271, Loss: 0.4715
Epoch: 276, Loss: 0.4708
Epoch: 281, Loss: 0.4700
Epoch: 286, Loss: 0.4696
Epoch: 291, Loss: 0.4688
Epoch: 296, Loss: 0.4685
Epoch: 301, Loss: 0.4683
Epoch: 306, Loss: 0.4674
Epoch: 311, Loss: 0.4666
Epoch: 316, Loss: 0.4664
Epoch: 321, Loss: 0.4657
Epoch: 326, Loss: 0.4644
Epoch: 331, Loss: 0.4640
Epoch: 336, Loss: 0.4634
Epoch: 341, Loss: 0.4629
Epoch: 346, Loss: 0.4634
Epoch: 351, Loss: 0.4628
Epoch: 356, Loss: 0.4617
Epoch: 361, Loss: 0.4607
Epoch: 366, Loss: 0.4606
Epoch: 371, Loss: 0.4597
Epoch: 376, Loss: 0.4593
Epoch: 381, Loss: 0.4583
Epoch: 386, Loss: 0.4579
Epoch: 391, Loss: 0.4573
Epoch: 396, Loss: 0.4576
Epoch: 401, Loss: 0.4562
Epoch: 406, Loss: 0.4583
Epoch: 411, Loss: 0.4627
Epoch: 416, Loss: 0.4718
Epoch: 421, Loss: 0.4610
Epoch: 426, Loss: 0.4602
Epoch: 431, Loss: 0.4601
Epoch: 436, Loss: 0.4591
Epoch: 441, Loss: 0.4583
Epoch: 446, Loss: 0.4578
Epoch: 451, Loss: 0.4569
Epoch: 456, Loss: 0.4558
Epoch: 461, Loss: 0.4551
Epoch: 466, Loss: 0.4545
Epoch: 471, Loss: 0.4542
Epoch: 476, Loss: 0.4536
Epoch: 481, Loss: 0.4529
Epoch: 486, Loss: 0.4525
Epoch: 491, Loss: 0.4524
Epoch: 496, Loss: 0.4658
Epoch: 501, Loss: 0.4530
Epoch: 506, Loss: 0.4602
Epoch: 511, Loss: 0.4525
Epoch: 516, Loss: 0.4537
Epoch: 521, Loss: 0.4542
Epoch: 526, Loss: 0.4517
Epoch: 531, Loss: 0.4519
Epoch: 536, Loss: 0.4505
Epoch: 541, Loss: 0.4501
Epoch: 546, Loss: 0.4495
Epoch: 551, Loss: 0.4490
Epoch: 556, Loss: 0.4484
Epoch: 561, Loss: 0.4482
Epoch: 566, Loss: 0.4495
Epoch: 571, Loss: 0.4795
Epoch: 576, Loss: 0.4602
Epoch: 581, Loss: 0.4488
Epoch: 586, Loss: 0.4502
Epoch: 591, Loss: 0.4470
Epoch: 596, Loss: 0.4481
Epoch: 601, Loss: 0.4464
Epoch: 606, Loss: 0.4458
Epoch: 611, Loss: 0.4455
Epoch: 616, Loss: 0.4450
Epoch: 621, Loss: 0.4448
Epoch: 626, Loss: 0.4445
Epoch: 631, Loss: 0.4456
Epoch: 636, Loss: 0.4664
Epoch: 641, Loss: 0.4486
Epoch: 646, Loss: 0.4513
Epoch: 651, Loss: 0.4464
Epoch: 656, Loss: 0.4438
Epoch: 661, Loss: 0.4447
Epoch: 666, Loss: 0.4440
Epoch: 671, Loss: 0.4434
Epoch: 676, Loss: 0.4428
Epoch: 681, Loss: 0.4419
Epoch: 686, Loss: 0.4423
Epoch: 691, Loss: 0.4421
Epoch: 696, Loss: 0.4512
Epoch: 701, Loss: 0.4484
Epoch: 706, Loss: 0.4433
Epoch: 711, Loss: 0.4432
Epoch: 716, Loss: 0.4420
Epoch: 721, Loss: 0.4415
Epoch: 726, Loss: 0.4403
Epoch: 731, Loss: 0.4397
Epoch: 736, Loss: 0.4392
Epoch: 741, Loss: 0.4386
Epoch: 746, Loss: 0.4385
Epoch: 751, Loss: 0.4443
Epoch: 756, Loss: 0.4510
Epoch: 761, Loss: 0.4394
Epoch: 766, Loss: 0.4406
Epoch: 771, Loss: 0.4404
Epoch: 776, Loss: 0.4377
Epoch: 781, Loss: 0.4371
Epoch: 786, Loss: 0.4367
Epoch: 791, Loss: 0.4363
Epoch: 796, Loss: 0.4360
Epoch: 801, Loss: 0.4358
Epoch: 806, Loss: 0.4358
Epoch: 811, Loss: 0.4443
Epoch: 816, Loss: 0.4436
Epoch: 821, Loss: 0.4373
Epoch: 826, Loss: 0.4501
Epoch: 831, Loss: 0.4438
Epoch: 836, Loss: 0.4545
Epoch: 841, Loss: 0.4543
Epoch: 846, Loss: 0.4511
Epoch: 851, Loss: 0.4503
Epoch: 856, Loss: 0.4492
Epoch: 861, Loss: 0.4485
Epoch: 866, Loss: 0.4476
Epoch: 871, Loss: 0.4475
Epoch: 876, Loss: 0.4469
Epoch: 881, Loss: 0.4440
Epoch: 886, Loss: 0.4426
Epoch: 891, Loss: 0.4573
Epoch: 896, Loss: 0.4691
Epoch: 901, Loss: 0.4434
Epoch: 906, Loss: 0.4502
Epoch: 911, Loss: 0.4421
Epoch: 916, Loss: 0.4430
Epoch: 921, Loss: 0.4440
Epoch: 926, Loss: 0.4409
Epoch: 931, Loss: 0.4404
Epoch: 936, Loss: 0.4381
Epoch: 941, Loss: 0.4379
Epoch: 946, Loss: 0.4358
Epoch: 951, Loss: 0.4366
Epoch: 956, Loss: 0.4357
Epoch: 961, Loss: 0.4365
Epoch: 966, Loss: 0.4359
Epoch: 971, Loss: 0.4351
Epoch: 976, Loss: 0.4342
Epoch: 981, Loss: 0.4337
Epoch: 986, Loss: 0.4414
Epoch: 991, Loss: 0.4417
Epoch: 996, Loss: 0.4504
Epoch: 1001, Loss: 0.4433
Elapsed time 0.0713 min
Epoch: 6, Loss: 0.4381
Epoch: 11, Loss: 0.4349
Epoch: 16, Loss: 0.4339
Epoch: 21, Loss: 0.4327
Epoch: 26, Loss: 0.4319
Epoch: 31, Loss: 0.4313
Epoch: 36, Loss: 0.4308
Epoch: 41, Loss: 0.4303
Epoch: 46, Loss: 0.4297
Epoch: 51, Loss: 0.4531
Epoch: 56, Loss: 0.4524
Epoch: 61, Loss: 0.4437
Epoch: 66, Loss: 0.4389
Epoch: 71, Loss: 0.4375
Epoch: 76, Loss: 0.4349
Epoch: 81, Loss: 0.4331
Epoch: 86, Loss: 0.4319
Epoch: 91, Loss: 0.4351
Epoch: 96, Loss: 0.4336
Epoch: 101, Loss: 0.4326
Epoch: 106, Loss: 0.4303
Epoch: 111, Loss: 0.4311
Epoch: 116, Loss: 0.4298
Epoch: 121, Loss: 0.4293
Epoch: 126, Loss: 0.4294
Epoch: 131, Loss: 0.4298
Epoch: 136, Loss: 0.4321
Epoch: 141, Loss: 0.4732
Epoch: 146, Loss: 0.4393
Epoch: 151, Loss: 0.4328
Epoch: 156, Loss: 0.4290
Epoch: 161, Loss: 0.4298
Epoch: 166, Loss: 0.4281
Epoch: 171, Loss: 0.4280
Epoch: 176, Loss: 0.4270
Epoch: 181, Loss: 0.4267
Epoch: 186, Loss: 0.4263
Epoch: 191, Loss: 0.4259
Epoch: 196, Loss: 0.4256
Epoch: 201, Loss: 0.4253
Epoch: 206, Loss: 0.4251
Epoch: 211, Loss: 0.4256
Epoch: 216, Loss: 0.4393
Epoch: 221, Loss: 0.4267
Epoch: 226, Loss: 0.4248
Epoch: 231, Loss: 0.4264
Epoch: 236, Loss: 0.4275
Epoch: 241, Loss: 0.4258
Epoch: 246, Loss: 0.4243
Epoch: 251, Loss: 0.4234
Epoch: 256, Loss: 0.4233
Epoch: 261, Loss: 0.4234
Epoch: 266, Loss: 0.4227
Epoch: 271, Loss: 0.4232
Epoch: 276, Loss: 0.4272
Epoch: 281, Loss: 0.4415
Epoch: 286, Loss: 0.4328
Epoch: 291, Loss: 0.4271
Epoch: 296, Loss: 0.4243
Epoch: 301, Loss: 0.4231
Epoch: 306, Loss: 0.4222
Epoch: 311, Loss: 0.4211
Epoch: 316, Loss: 0.4208
Epoch: 321, Loss: 0.4207
Epoch: 326, Loss: 0.4249
Epoch: 331, Loss: 0.4494
Epoch: 336, Loss: 0.4382
Epoch: 341, Loss: 0.4324
Epoch: 346, Loss: 0.4261
Epoch: 351, Loss: 0.4251
Epoch: 356, Loss: 0.4218
Epoch: 361, Loss: 0.4205
Epoch: 366, Loss: 0.4205
Epoch: 371, Loss: 0.4196
Epoch: 376, Loss: 0.4193
Epoch: 381, Loss: 0.4187
Epoch: 386, Loss: 0.4183
Epoch: 391, Loss: 0.4180
Epoch: 396, Loss: 0.4177
Epoch: 401, Loss: 0.4174
Epoch: 406, Loss: 0.4174
Epoch: 411, Loss: 0.4450
Epoch: 416, Loss: 0.4253
Epoch: 421, Loss: 0.4492
Epoch: 426, Loss: 0.4402
Epoch: 431, Loss: 0.4363
Epoch: 436, Loss: 0.4275
Epoch: 441, Loss: 0.4264
Epoch: 446, Loss: 0.4243
Epoch: 451, Loss: 0.4230
Epoch: 456, Loss: 0.4220
Epoch: 461, Loss: 0.4236
Epoch: 466, Loss: 0.4363
Epoch: 471, Loss: 0.4360
Epoch: 476, Loss: 0.4408
Epoch: 481, Loss: 0.4363
Epoch: 486, Loss: 0.4376
Epoch: 491, Loss: 0.4365
Epoch: 496, Loss: 0.4340
Epoch: 501, Loss: 0.4321
Epoch: 506, Loss: 0.4302
Epoch: 511, Loss: 0.4315
Epoch: 516, Loss: 0.4302
Epoch: 521, Loss: 0.4291
Epoch: 526, Loss: 0.4280
Epoch: 531, Loss: 0.4273
Epoch: 536, Loss: 0.4266
Epoch: 541, Loss: 0.4263
Epoch: 546, Loss: 0.4262
Epoch: 551, Loss: 0.4255
Epoch: 556, Loss: 0.4252
Epoch: 561, Loss: 0.4246
Epoch: 566, Loss: 0.4243
Epoch: 571, Loss: 0.4236
Epoch: 576, Loss: 0.4217
Epoch: 581, Loss: 0.5999
Epoch: 586, Loss: 0.4810
Epoch: 591, Loss: 0.4666
Epoch: 596, Loss: 0.4630
Epoch: 601, Loss: 0.4543
Epoch: 606, Loss: 0.4515
Epoch: 611, Loss: 0.4510
Epoch: 616, Loss: 0.4495
Epoch: 621, Loss: 0.4465
Epoch: 626, Loss: 0.4453
Epoch: 631, Loss: 0.4439
Epoch: 636, Loss: 0.4427
Epoch: 641, Loss: 0.4417
Epoch: 646, Loss: 0.4411
Epoch: 651, Loss: 0.4387
Epoch: 656, Loss: 0.4382
Epoch: 661, Loss: 0.4369
Epoch: 666, Loss: 0.4356
Epoch: 671, Loss: 0.4348
Epoch: 676, Loss: 0.4341
Epoch: 681, Loss: 0.4334
Epoch: 686, Loss: 0.4329
Epoch: 691, Loss: 0.4332
Epoch: 696, Loss: 0.4335
Epoch: 701, Loss: 0.4367
Epoch: 706, Loss: 0.4342
Epoch: 711, Loss: 0.4337
Epoch: 716, Loss: 0.4382
Epoch: 721, Loss: 0.4357
Epoch: 726, Loss: 0.4338
Epoch: 731, Loss: 0.4316
Epoch: 736, Loss: 0.4306
Epoch: 741, Loss: 0.4287
Epoch: 746, Loss: 0.4278
Epoch: 751, Loss: 0.4293
Epoch: 756, Loss: 0.4279
Epoch: 761, Loss: 0.4260
Epoch: 766, Loss: 0.4251
Epoch: 771, Loss: 0.4346
Epoch: 776, Loss: 0.4251
Epoch: 781, Loss: 0.4273
Epoch: 786, Loss: 0.4280
Epoch: 791, Loss: 0.4236
Epoch: 796, Loss: 0.4245
Epoch: 801, Loss: 0.4225
Epoch: 806, Loss: 0.4223
Epoch: 811, Loss: 0.4219
Epoch: 816, Loss: 0.4213
Epoch: 821, Loss: 0.4207
Epoch: 826, Loss: 0.4202
Epoch: 831, Loss: 0.4199
Epoch: 836, Loss: 0.4200
Epoch: 841, Loss: 0.4307
Epoch: 846, Loss: 0.4287
Epoch: 851, Loss: 0.4575
Epoch: 856, Loss: 0.4426
Epoch: 861, Loss: 0.4371
Epoch: 866, Loss: 0.4315
Epoch: 871, Loss: 0.4287
Epoch: 876, Loss: 0.4274
Epoch: 881, Loss: 0.4253
Epoch: 886, Loss: 0.4238
Epoch: 891, Loss: 0.4222
Epoch: 896, Loss: 0.4225
Epoch: 901, Loss: 0.4217
Epoch: 906, Loss: 0.4213
Epoch: 911, Loss: 0.4199
Epoch: 916, Loss: 0.4192
Epoch: 921, Loss: 0.4186
Epoch: 926, Loss: 0.4301
Epoch: 931, Loss: 0.4270
Epoch: 936, Loss: 0.4255
Epoch: 941, Loss: 0.4237
Epoch: 946, Loss: 0.4200
Epoch: 951, Loss: 0.4203
Epoch: 956, Loss: 0.4192
Epoch: 961, Loss: 0.4212
Epoch: 966, Loss: 0.4203
Epoch: 971, Loss: 0.4249
Epoch: 976, Loss: 0.4242
Epoch: 981, Loss: 0.4247
Epoch: 986, Loss: 0.4354
Epoch: 991, Loss: 0.4290
Epoch: 996, Loss: 0.4224
Epoch: 1001, Loss: 0.4214
Elapsed time 0.0711 min
Epoch: 6, Loss: 0.4207
Epoch: 11, Loss: 0.4182
Epoch: 16, Loss: 0.4171
Epoch: 21, Loss: 0.4167
Epoch: 26, Loss: 0.4156
Epoch: 31, Loss: 0.4154
Epoch: 36, Loss: 0.4149
Epoch: 41, Loss: 0.4145
Epoch: 46, Loss: 0.4142
Epoch: 51, Loss: 0.4139
Epoch: 56, Loss: 0.4145
Epoch: 61, Loss: 0.4406
Epoch: 66, Loss: 0.4183
Epoch: 71, Loss: 0.4230
Epoch: 76, Loss: 0.4143
Epoch: 81, Loss: 0.4159
Epoch: 86, Loss: 0.4148
Epoch: 91, Loss: 0.4131
Epoch: 96, Loss: 0.4133
Epoch: 101, Loss: 0.4127
Epoch: 106, Loss: 0.4120
Epoch: 111, Loss: 0.4116
Epoch: 116, Loss: 0.4114
Epoch: 121, Loss: 0.4111
Epoch: 126, Loss: 0.4109
Epoch: 131, Loss: 0.4107
Epoch: 136, Loss: 0.4104
Epoch: 141, Loss: 0.4102
Epoch: 146, Loss: 0.4103
Epoch: 151, Loss: 0.4150
Epoch: 156, Loss: 0.4384
Epoch: 161, Loss: 0.4223
Epoch: 166, Loss: 0.4128
Epoch: 171, Loss: 0.4101
Epoch: 176, Loss: 0.4115
Epoch: 181, Loss: 0.4099
Epoch: 186, Loss: 0.4089
Epoch: 191, Loss: 0.4092
Epoch: 196, Loss: 0.4096
Epoch: 201, Loss: 0.4093
Epoch: 206, Loss: 0.4089
Epoch: 211, Loss: 0.4083
Epoch: 216, Loss: 0.4081
Epoch: 221, Loss: 0.5091
Epoch: 226, Loss: 0.4370
Epoch: 231, Loss: 0.4414
Epoch: 236, Loss: 0.4390
Epoch: 241, Loss: 0.4343
Epoch: 246, Loss: 0.4291
Epoch: 251, Loss: 0.4250
Epoch: 256, Loss: 0.4222
Epoch: 261, Loss: 0.4207
Epoch: 266, Loss: 0.4199
Epoch: 271, Loss: 0.4189
Epoch: 276, Loss: 0.4178
Epoch: 281, Loss: 0.4168
Epoch: 286, Loss: 0.4160
Epoch: 291, Loss: 0.4154
Epoch: 296, Loss: 0.4148
Epoch: 301, Loss: 0.4144
Epoch: 306, Loss: 0.4139
Epoch: 311, Loss: 0.4136
Epoch: 316, Loss: 0.4132
Epoch: 321, Loss: 0.4128
Epoch: 326, Loss: 0.4125
Epoch: 331, Loss: 0.4121
Epoch: 336, Loss: 0.4114
Epoch: 341, Loss: 0.4124
Epoch: 346, Loss: 0.4121
Epoch: 351, Loss: 0.4112
Epoch: 356, Loss: 0.4107
Epoch: 361, Loss: 0.4103
Epoch: 366, Loss: 0.4101
Epoch: 371, Loss: 0.4097
Epoch: 376, Loss: 0.4094
Epoch: 381, Loss: 0.4090
Epoch: 386, Loss: 0.4088
Epoch: 391, Loss: 0.4086
Epoch: 396, Loss: 0.4127
Epoch: 401, Loss: 0.4452
Epoch: 406, Loss: 0.4213
Epoch: 411, Loss: 0.4219
Epoch: 416, Loss: 0.4135
Epoch: 421, Loss: 0.4138
Epoch: 426, Loss: 0.4140
Epoch: 431, Loss: 0.5009
Epoch: 436, Loss: 0.4591
Epoch: 441, Loss: 0.5825
Epoch: 446, Loss: 0.4567
Epoch: 451, Loss: 0.4706
Epoch: 456, Loss: 0.4589
Epoch: 461, Loss: 0.4480
Epoch: 466, Loss: 0.4459
Epoch: 471, Loss: 0.4436
Epoch: 476, Loss: 0.4400
Epoch: 481, Loss: 0.4363
Epoch: 486, Loss: 0.4342
Epoch: 491, Loss: 0.4327
Epoch: 496, Loss: 0.4311
Epoch: 501, Loss: 0.4297
Epoch: 506, Loss: 0.4296
Epoch: 511, Loss: 0.4288
Epoch: 516, Loss: 0.4259
Epoch: 521, Loss: 0.4251
Epoch: 526, Loss: 0.4243
Epoch: 531, Loss: 0.4237
Epoch: 536, Loss: 0.4231
Epoch: 541, Loss: 0.4225
Epoch: 546, Loss: 0.4220
Epoch: 551, Loss: 0.4214
Epoch: 556, Loss: 0.4210
Epoch: 561, Loss: 0.4205
Epoch: 566, Loss: 0.4201
Epoch: 571, Loss: 0.4196
Epoch: 576, Loss: 0.4192
Epoch: 581, Loss: 0.4188
Epoch: 586, Loss: 0.4184
Epoch: 591, Loss: 0.4180
Epoch: 596, Loss: 0.4176
Epoch: 601, Loss: 0.4173
Epoch: 606, Loss: 0.4169
Epoch: 611, Loss: 0.4166
Epoch: 616, Loss: 0.4162
Epoch: 621, Loss: 0.4158
Epoch: 626, Loss: 0.4155
Epoch: 631, Loss: 0.4152
Epoch: 636, Loss: 0.4149
Epoch: 641, Loss: 0.4146
Epoch: 646, Loss: 0.4143
Epoch: 651, Loss: 0.4140
Epoch: 656, Loss: 0.4137
Epoch: 661, Loss: 0.4134
Epoch: 666, Loss: 0.4131
Epoch: 671, Loss: 0.4127
Epoch: 676, Loss: 0.4119
Epoch: 681, Loss: 0.4115
Epoch: 686, Loss: 0.4112
Epoch: 691, Loss: 0.4109
Epoch: 696, Loss: 0.4105
Epoch: 701, Loss: 0.4103
Epoch: 706, Loss: 0.4101
Epoch: 711, Loss: 0.4126
Epoch: 716, Loss: 0.4199
Epoch: 721, Loss: 0.4153
Epoch: 726, Loss: 0.4128
Epoch: 731, Loss: 0.4114
Epoch: 736, Loss: 0.4102
Epoch: 741, Loss: 0.4114
Epoch: 746, Loss: 0.4114
Epoch: 751, Loss: 0.4113
Epoch: 756, Loss: 0.4105
Epoch: 761, Loss: 0.4122
Epoch: 766, Loss: 0.4113
Epoch: 771, Loss: 0.4108
Epoch: 776, Loss: 0.4108
Epoch: 781, Loss: 0.4100
Epoch: 786, Loss: 0.4234
Epoch: 791, Loss: 0.4257
Epoch: 796, Loss: 0.4218
Epoch: 801, Loss: 0.4189
Epoch: 806, Loss: 0.4177
Epoch: 811, Loss: 0.4134
Epoch: 816, Loss: 0.4112
Epoch: 821, Loss: 0.4103
Epoch: 826, Loss: 0.4096
Epoch: 831, Loss: 0.4080
Epoch: 836, Loss: 0.4081
Epoch: 841, Loss: 0.4154
Epoch: 846, Loss: 0.4155
Epoch: 851, Loss: 0.4142
Epoch: 856, Loss: 0.4124
Epoch: 861, Loss: 0.4116
Epoch: 866, Loss: 0.4167
Epoch: 871, Loss: 0.4159
Epoch: 876, Loss: 0.4109
Epoch: 881, Loss: 0.4137
Epoch: 886, Loss: 0.4106
Epoch: 891, Loss: 0.4094
Epoch: 896, Loss: 0.4078
Epoch: 901, Loss: 0.4067
Epoch: 906, Loss: 0.4061
Epoch: 911, Loss: 0.4057
Epoch: 916, Loss: 0.4053
Epoch: 921, Loss: 0.4049
Epoch: 926, Loss: 0.4046
Epoch: 931, Loss: 0.4042
Epoch: 936, Loss: 0.4055
Epoch: 941, Loss: 0.4149
Epoch: 946, Loss: 0.4052
Epoch: 951, Loss: 0.4058
Epoch: 956, Loss: 0.4055
Epoch: 961, Loss: 0.4054
Epoch: 966, Loss: 0.4039
Epoch: 971, Loss: 0.4030
Epoch: 976, Loss: 0.4033
Epoch: 981, Loss: 0.4026
Epoch: 986, Loss: 0.4024
Epoch: 991, Loss: 0.4021
Epoch: 996, Loss: 0.4027
Epoch: 1001, Loss: 0.4084
Elapsed time 0.0738 min
Epoch: 6, Loss: 0.4045
Epoch: 11, Loss: 0.4041
Epoch: 16, Loss: 0.4006
Epoch: 21, Loss: 0.4020
Epoch: 26, Loss: 0.4003
Epoch: 31, Loss: 0.4011
Epoch: 36, Loss: 0.4011
Epoch: 41, Loss: 0.4001
Epoch: 46, Loss: 0.4000
Epoch: 51, Loss: 0.4059
Epoch: 56, Loss: 0.4117
Epoch: 61, Loss: 0.4065
Epoch: 66, Loss: 0.4038
Epoch: 71, Loss: 0.4014
Epoch: 76, Loss: 0.3998
Epoch: 81, Loss: 0.3984
Epoch: 86, Loss: 0.3982
Epoch: 91, Loss: 0.3975
Epoch: 96, Loss: 0.3973
Epoch: 101, Loss: 0.3976
Epoch: 106, Loss: 0.4057
Epoch: 111, Loss: 0.4099
Epoch: 116, Loss: 0.4093
Epoch: 121, Loss: 0.4193
Epoch: 126, Loss: 0.4183
Epoch: 131, Loss: 0.4333
Epoch: 136, Loss: 0.4127
Epoch: 141, Loss: 0.4019
Epoch: 146, Loss: 0.3997
Epoch: 151, Loss: 0.4005
Epoch: 156, Loss: 0.3991
Epoch: 161, Loss: 0.4008
Epoch: 166, Loss: 0.4016
Epoch: 171, Loss: 0.4004
Epoch: 176, Loss: 0.3981
Epoch: 181, Loss: 0.3979
Epoch: 186, Loss: 0.3968
Epoch: 191, Loss: 0.3958
Epoch: 196, Loss: 0.3955
Epoch: 201, Loss: 0.3966
Epoch: 206, Loss: 0.3978
Epoch: 211, Loss: 0.3962
Epoch: 216, Loss: 0.3946
Epoch: 221, Loss: 0.3956
Epoch: 226, Loss: 0.3968
Epoch: 231, Loss: 0.3959
Epoch: 236, Loss: 0.3939
Epoch: 241, Loss: 0.3932
Epoch: 246, Loss: 0.3938
Epoch: 251, Loss: 0.4037
Epoch: 256, Loss: 0.3946
Epoch: 261, Loss: 0.3971
Epoch: 266, Loss: 0.3955
Epoch: 271, Loss: 0.3926
Epoch: 276, Loss: 0.3929
Epoch: 281, Loss: 0.3923
Epoch: 286, Loss: 0.3924
Epoch: 291, Loss: 0.3916
Epoch: 296, Loss: 0.3917
Epoch: 301, Loss: 0.3978
Epoch: 306, Loss: 0.3989
Epoch: 311, Loss: 0.3969
Epoch: 316, Loss: 0.3910
Epoch: 321, Loss: 0.3919
Epoch: 326, Loss: 0.3956
Epoch: 331, Loss: 0.3959
Epoch: 336, Loss: 0.4218
Epoch: 341, Loss: 0.4033
Epoch: 346, Loss: 0.4011
Epoch: 351, Loss: 0.4000
Epoch: 356, Loss: 0.3935
Epoch: 361, Loss: 0.3910
Epoch: 366, Loss: 0.3919
Epoch: 371, Loss: 0.3903
Epoch: 376, Loss: 0.3903
Epoch: 381, Loss: 0.3902
Epoch: 386, Loss: 0.3907
Epoch: 391, Loss: 0.3901
Epoch: 396, Loss: 0.3896
Epoch: 401, Loss: 0.3893
Epoch: 406, Loss: 0.3889
Epoch: 411, Loss: 0.3888
Epoch: 416, Loss: 0.3888
Epoch: 421, Loss: 0.3914
Epoch: 426, Loss: 0.4032
Epoch: 431, Loss: 0.3893
Epoch: 436, Loss: 0.3886
Epoch: 441, Loss: 0.3909
Epoch: 446, Loss: 0.3888
Epoch: 451, Loss: 0.3873
Epoch: 456, Loss: 0.3882
Epoch: 461, Loss: 0.3872
Epoch: 466, Loss: 0.3866
Epoch: 471, Loss: 0.3865
Epoch: 476, Loss: 0.3900
Epoch: 481, Loss: 0.4105
Epoch: 486, Loss: 0.3919
Epoch: 491, Loss: 0.3876
Epoch: 496, Loss: 0.3865
Epoch: 501, Loss: 0.3862
Epoch: 506, Loss: 0.3868
Epoch: 511, Loss: 0.3859
Epoch: 516, Loss: 0.3880
Epoch: 521, Loss: 0.3866
Epoch: 526, Loss: 0.3874
Epoch: 531, Loss: 0.3892
Epoch: 536, Loss: 0.3971
Epoch: 541, Loss: 0.3884
Epoch: 546, Loss: 0.3916
Epoch: 551, Loss: 0.3893
Epoch: 556, Loss: 0.3946
Epoch: 561, Loss: 0.3890
Epoch: 566, Loss: 0.3957
Epoch: 571, Loss: 0.3891
Epoch: 576, Loss: 0.3933
Epoch: 581, Loss: 0.3949
Epoch: 586, Loss: 0.3957
Epoch: 591, Loss: 0.3946
Epoch: 596, Loss: 0.3922
Epoch: 601, Loss: 0.3908
Epoch: 606, Loss: 0.3922
Epoch: 611, Loss: 0.4155
Epoch: 616, Loss: 0.4307
Epoch: 621, Loss: 0.4271
Epoch: 626, Loss: 0.4171
Epoch: 631, Loss: 0.4136
Epoch: 636, Loss: 0.4177
Epoch: 641, Loss: 0.4244
Epoch: 646, Loss: 0.4208
Epoch: 651, Loss: 0.4110
Epoch: 656, Loss: 0.4092
Epoch: 661, Loss: 0.4053
Epoch: 666, Loss: 0.4046
Epoch: 671, Loss: 0.4029
Epoch: 676, Loss: 0.4015
Epoch: 681, Loss: 0.4021
Epoch: 686, Loss: 0.4013
Epoch: 691, Loss: 0.3992
Epoch: 696, Loss: 0.3993
Epoch: 701, Loss: 0.3977
Epoch: 706, Loss: 0.3958
Epoch: 711, Loss: 0.3950
Epoch: 716, Loss: 0.3950
Epoch: 721, Loss: 0.3940
Epoch: 726, Loss: 0.3929
Epoch: 731, Loss: 0.3997
Epoch: 736, Loss: 0.4096
Epoch: 741, Loss: 0.4082
Epoch: 746, Loss: 0.4090
Epoch: 751, Loss: 0.4080
Epoch: 756, Loss: 0.4037
Epoch: 761, Loss: 0.4075
Epoch: 766, Loss: 0.4060
Epoch: 771, Loss: 0.4034
Epoch: 776, Loss: 0.4005
Epoch: 781, Loss: 0.3986
Epoch: 786, Loss: 0.3979
Epoch: 791, Loss: 0.3989
Epoch: 796, Loss: 0.3987
Epoch: 801, Loss: 0.3973
Epoch: 806, Loss: 0.3961
Epoch: 811, Loss: 0.3950
Epoch: 816, Loss: 0.3942
Epoch: 821, Loss: 0.3939
Epoch: 826, Loss: 0.3945
Epoch: 831, Loss: 0.4077
Epoch: 836, Loss: 0.3941
Epoch: 841, Loss: 0.3943
Epoch: 846, Loss: 0.3937
Epoch: 851, Loss: 0.3925
Epoch: 856, Loss: 0.3912
Epoch: 861, Loss: 0.3917
Epoch: 866, Loss: 0.3922
Epoch: 871, Loss: 0.3916
Epoch: 876, Loss: 0.3911
Epoch: 881, Loss: 0.3900
Epoch: 886, Loss: 0.3922
Epoch: 891, Loss: 0.4050
Epoch: 896, Loss: 0.3934
Epoch: 901, Loss: 0.3923
Epoch: 906, Loss: 0.3907
Epoch: 911, Loss: 0.3893
Epoch: 916, Loss: 0.3883
Epoch: 921, Loss: 0.3887
Epoch: 926, Loss: 0.3878
Epoch: 931, Loss: 0.3875
Epoch: 936, Loss: 0.3889
Epoch: 941, Loss: 0.4045
Epoch: 946, Loss: 0.3914
Epoch: 951, Loss: 0.3894
Epoch: 956, Loss: 0.3880
Epoch: 961, Loss: 0.3867
Epoch: 966, Loss: 0.3865
Epoch: 971, Loss: 0.3864
Epoch: 976, Loss: 0.3870
Epoch: 981, Loss: 0.3911
Epoch: 986, Loss: 0.3886
Epoch: 991, Loss: 0.3858
Epoch: 996, Loss: 0.3856
Epoch: 1001, Loss: 0.3864
Elapsed time 0.0762 min
Epoch: 6, Loss: 0.3919
Epoch: 11, Loss: 0.3867
Epoch: 16, Loss: 0.3863
Epoch: 21, Loss: 0.3840
Epoch: 26, Loss: 0.3848
Epoch: 31, Loss: 0.3900
Epoch: 36, Loss: 0.3856
Epoch: 41, Loss: 0.3859
Epoch: 46, Loss: 0.3842
Epoch: 51, Loss: 0.3836
Epoch: 56, Loss: 0.3868
Epoch: 61, Loss: 0.3888
Epoch: 66, Loss: 0.3842
Epoch: 71, Loss: 0.3838
Epoch: 76, Loss: 0.3829
Epoch: 81, Loss: 0.3849
Epoch: 86, Loss: 0.3843
Epoch: 91, Loss: 0.3835
Epoch: 96, Loss: 0.3833
Epoch: 101, Loss: 0.3860
Epoch: 106, Loss: 0.3938
Epoch: 111, Loss: 0.3844
Epoch: 116, Loss: 0.3827
Epoch: 121, Loss: 0.3816
Epoch: 126, Loss: 0.3812
Epoch: 131, Loss: 0.3814
Epoch: 136, Loss: 0.3850
Epoch: 141, Loss: 0.4006
Epoch: 146, Loss: 0.3900
Epoch: 151, Loss: 0.3912
Epoch: 156, Loss: 0.3878
Epoch: 161, Loss: 0.3872
Epoch: 166, Loss: 0.3900
Epoch: 171, Loss: 0.3862
Epoch: 176, Loss: 0.3832
Epoch: 181, Loss: 0.3823
Epoch: 186, Loss: 0.3813
Epoch: 191, Loss: 0.3806
Epoch: 196, Loss: 0.3801
Epoch: 201, Loss: 0.3796
Epoch: 206, Loss: 0.3810
Epoch: 211, Loss: 0.3901
Epoch: 216, Loss: 0.3801
Epoch: 221, Loss: 0.3783
Epoch: 226, Loss: 0.3811
Epoch: 231, Loss: 0.3776
Epoch: 236, Loss: 0.3813
Epoch: 241, Loss: 0.3824
Epoch: 246, Loss: 0.3772
Epoch: 251, Loss: 0.3810
Epoch: 256, Loss: 0.3785
Epoch: 261, Loss: 0.3765
Epoch: 266, Loss: 0.3765
Epoch: 271, Loss: 0.3900
Epoch: 276, Loss: 0.3888
Epoch: 281, Loss: 0.4023
Epoch: 286, Loss: 0.4013
Epoch: 291, Loss: 0.3956
Epoch: 296, Loss: 0.3874
Epoch: 301, Loss: 0.3819
Epoch: 306, Loss: 0.3816
Epoch: 311, Loss: 0.3793
Epoch: 316, Loss: 0.3789
Epoch: 321, Loss: 0.3773
Epoch: 326, Loss: 0.3774
Epoch: 331, Loss: 0.3770
Epoch: 336, Loss: 0.3760
Epoch: 341, Loss: 0.3756
Epoch: 346, Loss: 0.3904
Epoch: 351, Loss: 0.3867
Epoch: 356, Loss: 0.3845
Epoch: 361, Loss: 0.3829
Epoch: 366, Loss: 0.3811
Epoch: 371, Loss: 0.3813
Epoch: 376, Loss: 0.3790
Epoch: 381, Loss: 0.3777
Epoch: 386, Loss: 0.3786
Epoch: 391, Loss: 0.3810
Epoch: 396, Loss: 0.3808
Epoch: 401, Loss: 0.3791
Epoch: 406, Loss: 0.3962
Epoch: 411, Loss: 0.3944
Epoch: 416, Loss: 0.3876
Epoch: 421, Loss: 0.3850
Epoch: 426, Loss: 0.3851
Epoch: 431, Loss: 0.3823
Epoch: 436, Loss: 0.3787
Epoch: 441, Loss: 0.3773
Epoch: 446, Loss: 0.3771
Epoch: 451, Loss: 0.3762
Epoch: 456, Loss: 0.3748
Epoch: 461, Loss: 0.3762
Epoch: 466, Loss: 0.3748
Epoch: 471, Loss: 0.3743
Epoch: 476, Loss: 0.3744
Epoch: 481, Loss: 0.3739
Epoch: 486, Loss: 0.3882
Epoch: 491, Loss: 0.3744
Epoch: 496, Loss: 0.3737
Epoch: 501, Loss: 0.3740
Epoch: 506, Loss: 0.3738
Epoch: 511, Loss: 0.3730
Epoch: 516, Loss: 0.3773
Epoch: 521, Loss: 0.3742
Epoch: 526, Loss: 0.3779
Epoch: 531, Loss: 0.3811
Epoch: 536, Loss: 0.3814
Epoch: 541, Loss: 0.3797
Epoch: 546, Loss: 0.3843
Epoch: 551, Loss: 0.3817
Epoch: 556, Loss: 0.3757
Epoch: 561, Loss: 0.3745
Epoch: 566, Loss: 0.3733
Epoch: 571, Loss: 0.3718
Epoch: 576, Loss: 0.3716
Epoch: 581, Loss: 0.3703
Epoch: 586, Loss: 0.3705
Epoch: 591, Loss: 0.3696
Epoch: 596, Loss: 0.3712
Epoch: 601, Loss: 0.3798
Epoch: 606, Loss: 0.3727
Epoch: 611, Loss: 0.3710
Epoch: 616, Loss: 0.3739
Epoch: 621, Loss: 0.3696
Epoch: 626, Loss: 0.3679
Epoch: 631, Loss: 0.3697
Epoch: 636, Loss: 0.3690
Epoch: 641, Loss: 0.3722
Epoch: 646, Loss: 0.3883
Epoch: 651, Loss: 0.3748
Epoch: 656, Loss: 0.3724
Epoch: 661, Loss: 0.3707
Epoch: 666, Loss: 0.3718
Epoch: 671, Loss: 0.3701
Epoch: 676, Loss: 0.3691
Epoch: 681, Loss: 0.3687
Epoch: 686, Loss: 0.3671
Epoch: 691, Loss: 0.3667
Epoch: 696, Loss: 0.3690
Epoch: 701, Loss: 0.3814
Epoch: 706, Loss: 0.3707
Epoch: 711, Loss: 0.3688
Epoch: 716, Loss: 0.3717
Epoch: 721, Loss: 0.3672
Epoch: 726, Loss: 0.3679
Epoch: 731, Loss: 0.3669
Epoch: 736, Loss: 0.3654
Epoch: 741, Loss: 0.3660
Epoch: 746, Loss: 0.3643
Epoch: 751, Loss: 0.3633
Epoch: 756, Loss: 0.3631
Epoch: 761, Loss: 0.3746
Epoch: 766, Loss: 0.3645
Epoch: 771, Loss: 0.3710
Epoch: 776, Loss: 0.3763
Epoch: 781, Loss: 0.3833
Epoch: 786, Loss: 0.3824
Epoch: 791, Loss: 0.3822
Epoch: 796, Loss: 0.3762
Epoch: 801, Loss: 0.3750
Epoch: 806, Loss: 0.3704
Epoch: 811, Loss: 0.3687
Epoch: 816, Loss: 0.3689
Epoch: 821, Loss: 0.3687
Epoch: 826, Loss: 0.3688
Epoch: 831, Loss: 0.3670
Epoch: 836, Loss: 0.3662
Epoch: 841, Loss: 0.3656
Epoch: 846, Loss: 0.3651
Epoch: 851, Loss: 0.3647
Epoch: 856, Loss: 0.3643
Epoch: 861, Loss: 0.3643
Epoch: 866, Loss: 0.3642
Epoch: 871, Loss: 0.3636
Epoch: 876, Loss: 0.3633
Epoch: 881, Loss: 0.3637
Epoch: 886, Loss: 0.3662
Epoch: 891, Loss: 0.3739
Epoch: 896, Loss: 0.4931
Epoch: 901, Loss: 0.4652
Epoch: 906, Loss: 0.4329
Epoch: 911, Loss: 0.4249
Epoch: 916, Loss: 0.4184
Epoch: 921, Loss: 0.4099
Epoch: 926, Loss: 0.4042
Epoch: 931, Loss: 0.3990
Epoch: 936, Loss: 0.3957
Epoch: 941, Loss: 0.3929
Epoch: 946, Loss: 0.3901
Epoch: 951, Loss: 0.3881
Epoch: 956, Loss: 0.3861
Epoch: 961, Loss: 0.3847
Epoch: 966, Loss: 0.3835
Epoch: 971, Loss: 0.3824
Epoch: 976, Loss: 0.3814
Epoch: 981, Loss: 0.3803
Epoch: 986, Loss: 0.3802
Epoch: 991, Loss: 0.3898
Epoch: 996, Loss: 0.3836
Epoch: 1001, Loss: 0.3791
Elapsed time 0.0752 min
Epoch: 6, Loss: 0.3764
Epoch: 11, Loss: 0.3756
Epoch: 16, Loss: 0.3751
Epoch: 21, Loss: 0.3745
Epoch: 26, Loss: 0.3739
Epoch: 31, Loss: 0.3734
Epoch: 36, Loss: 0.3743
Epoch: 41, Loss: 0.3778
Epoch: 46, Loss: 0.3816
Epoch: 51, Loss: 0.3783
Epoch: 56, Loss: 0.3785
Epoch: 61, Loss: 0.3770
Epoch: 66, Loss: 0.3820
Epoch: 71, Loss: 0.3774
Epoch: 76, Loss: 0.3761
Epoch: 81, Loss: 0.3739
Epoch: 86, Loss: 0.3728
Epoch: 91, Loss: 0.3723
Epoch: 96, Loss: 0.3723
Epoch: 101, Loss: 0.3720
Epoch: 106, Loss: 0.3708
Epoch: 111, Loss: 0.3714
Epoch: 116, Loss: 0.3737
Epoch: 121, Loss: 0.3805
Epoch: 126, Loss: 0.3704
Epoch: 131, Loss: 0.3727
Epoch: 136, Loss: 0.3719
Epoch: 141, Loss: 0.3695
Epoch: 146, Loss: 0.3702
Epoch: 151, Loss: 0.3732
Epoch: 156, Loss: 0.3718
Epoch: 161, Loss: 0.3681
Epoch: 166, Loss: 0.3698
Epoch: 171, Loss: 0.3812
Epoch: 176, Loss: 0.3678
Epoch: 181, Loss: 0.3724
Epoch: 186, Loss: 0.3737
Epoch: 191, Loss: 0.3698
Epoch: 196, Loss: 0.3674
Epoch: 201, Loss: 0.3698
Epoch: 206, Loss: 0.3668
Epoch: 211, Loss: 0.3687
Epoch: 216, Loss: 0.3713
Epoch: 221, Loss: 0.3687
Epoch: 226, Loss: 0.3661
Epoch: 231, Loss: 0.3661
Epoch: 236, Loss: 0.3791
Epoch: 241, Loss: 0.3678
Epoch: 246, Loss: 0.3733
Epoch: 251, Loss: 0.3763
Epoch: 256, Loss: 0.3735
Epoch: 261, Loss: 0.3707
Epoch: 266, Loss: 0.3689
Epoch: 271, Loss: 0.3670
Epoch: 276, Loss: 0.3672
Epoch: 281, Loss: 0.3663
Epoch: 286, Loss: 0.3656
Epoch: 291, Loss: 0.3651
Epoch: 296, Loss: 0.3649
Epoch: 301, Loss: 0.3652
Epoch: 306, Loss: 0.3694
Epoch: 311, Loss: 0.3767
Epoch: 316, Loss: 0.3754
Epoch: 321, Loss: 0.3700
Epoch: 326, Loss: 0.3674
Epoch: 331, Loss: 0.3655
Epoch: 336, Loss: 0.3643
Epoch: 341, Loss: 0.3640
Epoch: 346, Loss: 0.3652
Epoch: 351, Loss: 0.3669
Epoch: 356, Loss: 0.3679
Epoch: 361, Loss: 0.3677
Epoch: 366, Loss: 0.3655
Epoch: 371, Loss: 0.3632
Epoch: 376, Loss: 0.3633
Epoch: 381, Loss: 0.3652
Epoch: 386, Loss: 0.3636
Epoch: 391, Loss: 0.3627
Epoch: 396, Loss: 0.3622
Epoch: 401, Loss: 0.3650
Epoch: 406, Loss: 0.3678
Epoch: 411, Loss: 0.3615
Epoch: 416, Loss: 0.3638
Epoch: 421, Loss: 0.3684
Epoch: 426, Loss: 0.3615
Epoch: 431, Loss: 0.3635
Epoch: 436, Loss: 0.3657
Epoch: 441, Loss: 0.3607
Epoch: 446, Loss: 0.3632
Epoch: 451, Loss: 0.3693
Epoch: 456, Loss: 0.3606
Epoch: 461, Loss: 0.3665
Epoch: 466, Loss: 0.3602
Epoch: 471, Loss: 0.3635
Epoch: 476, Loss: 0.3645
Epoch: 481, Loss: 0.3599
Epoch: 486, Loss: 0.3604
Epoch: 491, Loss: 0.3692
Epoch: 496, Loss: 0.3601
Epoch: 501, Loss: 0.3668
Epoch: 506, Loss: 0.3592
Epoch: 511, Loss: 0.3643
Epoch: 516, Loss: 0.3590
Epoch: 521, Loss: 0.3627
Epoch: 526, Loss: 0.3599
Epoch: 531, Loss: 0.3584
Epoch: 536, Loss: 0.3594
Epoch: 541, Loss: 0.3773
Epoch: 546, Loss: 0.3616
Epoch: 551, Loss: 0.3590
Epoch: 556, Loss: 0.3599
Epoch: 561, Loss: 0.3605
Epoch: 566, Loss: 0.3608
Epoch: 571, Loss: 0.3609
Epoch: 576, Loss: 0.3606
Epoch: 581, Loss: 0.3603
Epoch: 586, Loss: 0.3593
Epoch: 591, Loss: 0.3582
Epoch: 596, Loss: 0.3588
Epoch: 601, Loss: 0.3595
Epoch: 606, Loss: 0.3608
Epoch: 611, Loss: 0.3602
Epoch: 616, Loss: 0.3590
Epoch: 621, Loss: 0.3587
Epoch: 626, Loss: 0.3591
Epoch: 631, Loss: 0.3577
Epoch: 636, Loss: 0.3572
Epoch: 641, Loss: 0.3572
Epoch: 646, Loss: 0.3589
Epoch: 651, Loss: 0.3648
Epoch: 656, Loss: 0.3574
Epoch: 661, Loss: 0.3610
Epoch: 666, Loss: 0.3574
Epoch: 671, Loss: 0.3599
Epoch: 676, Loss: 0.3578
Epoch: 681, Loss: 0.3565
Epoch: 686, Loss: 0.3615
Epoch: 691, Loss: 0.3570
Epoch: 696, Loss: 0.3570
Epoch: 701, Loss: 0.3619
Epoch: 706, Loss: 0.3552
Epoch: 711, Loss: 0.3601
Epoch: 716, Loss: 0.3571
Epoch: 721, Loss: 0.3552
Epoch: 726, Loss: 0.3607
Epoch: 731, Loss: 0.3578
Epoch: 736, Loss: 0.3621
Epoch: 741, Loss: 0.3586
Epoch: 746, Loss: 0.3650
Epoch: 751, Loss: 0.3586
Epoch: 756, Loss: 0.3641
Epoch: 761, Loss: 0.3600
Epoch: 766, Loss: 0.3558
Epoch: 771, Loss: 0.3567
Epoch: 776, Loss: 0.3582
Epoch: 781, Loss: 0.3549
Epoch: 786, Loss: 0.3561
Epoch: 791, Loss: 0.3550
Epoch: 796, Loss: 0.3550
Epoch: 801, Loss: 0.3661
Epoch: 806, Loss: 0.3541
Epoch: 811, Loss: 0.3586
Epoch: 816, Loss: 0.3610
Epoch: 821, Loss: 0.3555
Epoch: 826, Loss: 0.3533
Epoch: 831, Loss: 0.3567
Epoch: 836, Loss: 0.3550
Epoch: 841, Loss: 0.3540
Epoch: 846, Loss: 0.3546
Epoch: 851, Loss: 0.3560
Epoch: 856, Loss: 0.3534
Epoch: 861, Loss: 0.3605
Epoch: 866, Loss: 0.3530
Epoch: 871, Loss: 0.3566
Epoch: 876, Loss: 0.3571
Epoch: 881, Loss: 0.3529
Epoch: 886, Loss: 0.3579
Epoch: 891, Loss: 0.3540
Epoch: 896, Loss: 0.3527
Epoch: 901, Loss: 0.3594
Epoch: 906, Loss: 0.3537
Epoch: 911, Loss: 0.3565
Epoch: 916, Loss: 0.3530
Epoch: 921, Loss: 0.3526
Epoch: 926, Loss: 0.3571
Epoch: 931, Loss: 0.3532
Epoch: 936, Loss: 0.3511
Epoch: 941, Loss: 0.3568
Epoch: 946, Loss: 0.3576
Epoch: 951, Loss: 0.3603
Epoch: 956, Loss: 0.3538
Epoch: 961, Loss: 0.3516
Epoch: 966, Loss: 0.3545
Epoch: 971, Loss: 0.3557
Epoch: 976, Loss: 0.3522
Epoch: 981, Loss: 0.3522
Epoch: 986, Loss: 0.3524
Epoch: 991, Loss: 0.3523
Epoch: 996, Loss: 0.3512
Epoch: 1001, Loss: 0.3522
Elapsed time 0.0744 min
Epoch: 6, Loss: 0.3558
Epoch: 11, Loss: 0.3637
Epoch: 16, Loss: 0.3650
Epoch: 21, Loss: 0.3630
Epoch: 26, Loss: 0.3579
Epoch: 31, Loss: 0.3523
Epoch: 36, Loss: 0.3521
Epoch: 41, Loss: 0.3518
Epoch: 46, Loss: 0.3500
Epoch: 51, Loss: 0.3495
Epoch: 56, Loss: 0.3498
Epoch: 61, Loss: 0.3499
Epoch: 66, Loss: 0.3494
Epoch: 71, Loss: 0.3495
Epoch: 76, Loss: 0.3493
Epoch: 81, Loss: 0.3531
Epoch: 86, Loss: 0.3573
Epoch: 91, Loss: 0.3505
Epoch: 96, Loss: 0.3526
Epoch: 101, Loss: 0.3507
Epoch: 106, Loss: 0.3508
Epoch: 111, Loss: 0.3494
Epoch: 116, Loss: 0.3538
Epoch: 121, Loss: 0.3489
Epoch: 126, Loss: 0.3490
Epoch: 131, Loss: 0.3578
Epoch: 136, Loss: 0.3486
Epoch: 141, Loss: 0.3540
Epoch: 146, Loss: 0.3489
Epoch: 151, Loss: 0.3513
Epoch: 156, Loss: 0.3494
Epoch: 161, Loss: 0.3477
Epoch: 166, Loss: 0.3539
Epoch: 171, Loss: 0.3507
Epoch: 176, Loss: 0.3533
Epoch: 181, Loss: 0.3475
Epoch: 186, Loss: 0.3503
Epoch: 191, Loss: 0.3491
Epoch: 196, Loss: 0.3485
Epoch: 201, Loss: 0.3522
Epoch: 206, Loss: 0.3546
Epoch: 211, Loss: 0.3517
Epoch: 216, Loss: 0.3488
Epoch: 221, Loss: 0.3549
Epoch: 226, Loss: 0.3501
Epoch: 231, Loss: 0.3500
Epoch: 236, Loss: 0.3519
Epoch: 241, Loss: 0.3524
Epoch: 246, Loss: 0.3542
Epoch: 251, Loss: 0.3657
Epoch: 256, Loss: 0.3661
Epoch: 261, Loss: 0.3623
Epoch: 266, Loss: 0.3657
Epoch: 271, Loss: 0.3621
Epoch: 276, Loss: 0.3578
Epoch: 281, Loss: 0.3564
Epoch: 286, Loss: 0.3573
Epoch: 291, Loss: 0.3690
Epoch: 296, Loss: 0.3673
Epoch: 301, Loss: 0.3856
Epoch: 306, Loss: 0.4161
Epoch: 311, Loss: 0.3996
Epoch: 316, Loss: 0.3899
Epoch: 321, Loss: 0.3845
Epoch: 326, Loss: 0.3798
Epoch: 331, Loss: 0.3758
Epoch: 336, Loss: 0.3816
Epoch: 341, Loss: 0.3811
Epoch: 346, Loss: 0.3794
Epoch: 351, Loss: 0.3748
Epoch: 356, Loss: 0.3727
Epoch: 361, Loss: 0.3709
Epoch: 366, Loss: 0.3693
Epoch: 371, Loss: 0.3683
Epoch: 376, Loss: 0.3674
Epoch: 381, Loss: 0.3664
Epoch: 386, Loss: 0.3651
Epoch: 391, Loss: 0.3642
Epoch: 396, Loss: 0.3636
Epoch: 401, Loss: 0.3636
Epoch: 406, Loss: 0.3845
Epoch: 411, Loss: 0.3736
Epoch: 416, Loss: 0.3778
Epoch: 421, Loss: 0.3691
Epoch: 426, Loss: 0.3682
Epoch: 431, Loss: 0.3641
Epoch: 436, Loss: 0.3649
Epoch: 441, Loss: 0.3611
Epoch: 446, Loss: 0.3610
Epoch: 451, Loss: 0.3597
Epoch: 456, Loss: 0.3590
Epoch: 461, Loss: 0.3583
Epoch: 466, Loss: 0.3579
Epoch: 471, Loss: 0.3574
Epoch: 476, Loss: 0.3572
Epoch: 481, Loss: 0.3568
Epoch: 486, Loss: 0.3566
Epoch: 491, Loss: 0.3581
Epoch: 496, Loss: 0.3734
Epoch: 501, Loss: 0.3622
Epoch: 506, Loss: 0.3893
Epoch: 511, Loss: 0.4300
Epoch: 516, Loss: 0.4312
Epoch: 521, Loss: 0.4071
Epoch: 526, Loss: 0.3969
Epoch: 531, Loss: 0.3955
Epoch: 536, Loss: 0.3937
Epoch: 541, Loss: 0.3870
Epoch: 546, Loss: 0.3832
Epoch: 551, Loss: 0.3808
Epoch: 556, Loss: 0.3779
Epoch: 561, Loss: 0.3758
Epoch: 566, Loss: 0.3739
Epoch: 571, Loss: 0.3748
Epoch: 576, Loss: 0.3727
Epoch: 581, Loss: 0.3720
Epoch: 586, Loss: 0.3709
Epoch: 591, Loss: 0.3707
Epoch: 596, Loss: 0.3710
Epoch: 601, Loss: 0.3707
Epoch: 606, Loss: 0.3704
Epoch: 611, Loss: 0.3703
Epoch: 616, Loss: 0.3838
Epoch: 621, Loss: 0.3692
Epoch: 626, Loss: 0.3686
Epoch: 631, Loss: 0.3683
Epoch: 636, Loss: 0.3676
Epoch: 641, Loss: 0.3675
Epoch: 646, Loss: 0.3711
Epoch: 651, Loss: 0.3760
Epoch: 656, Loss: 0.3668
Epoch: 661, Loss: 0.3680
Epoch: 666, Loss: 0.3699
Epoch: 671, Loss: 0.3664
Epoch: 676, Loss: 0.3655
Epoch: 681, Loss: 0.3649
Epoch: 686, Loss: 0.3635
Epoch: 691, Loss: 0.3633
Epoch: 696, Loss: 0.3626
Epoch: 701, Loss: 0.3623
Epoch: 706, Loss: 0.3733
Epoch: 711, Loss: 0.3651
Epoch: 716, Loss: 0.3638
Epoch: 721, Loss: 0.3624
Epoch: 726, Loss: 0.3625
Epoch: 731, Loss: 0.3620
Epoch: 736, Loss: 0.3624
Epoch: 741, Loss: 0.3616
Epoch: 746, Loss: 0.3610
Epoch: 751, Loss: 0.3608
Epoch: 756, Loss: 0.3613
Epoch: 761, Loss: 0.3601
Epoch: 766, Loss: 0.3613
Epoch: 771, Loss: 0.3613
Epoch: 776, Loss: 0.3631
Epoch: 781, Loss: 0.3645
Epoch: 786, Loss: 0.3588
Epoch: 791, Loss: 0.3603
Epoch: 796, Loss: 0.3680
Epoch: 801, Loss: 0.3592
Epoch: 806, Loss: 0.3613
Epoch: 811, Loss: 0.3595
Epoch: 816, Loss: 0.3587
Epoch: 821, Loss: 0.3593
Epoch: 826, Loss: 0.3736
Epoch: 831, Loss: 0.3581
Epoch: 836, Loss: 0.3608
Epoch: 841, Loss: 0.3621
Epoch: 846, Loss: 0.3584
Epoch: 851, Loss: 0.3575
Epoch: 856, Loss: 0.3570
Epoch: 861, Loss: 0.3579
Epoch: 866, Loss: 0.3659
Epoch: 871, Loss: 0.3591
Epoch: 876, Loss: 0.3621
Epoch: 881, Loss: 0.3564
Epoch: 886, Loss: 0.3590
Epoch: 891, Loss: 0.3583
Epoch: 896, Loss: 0.3569
Epoch: 901, Loss: 0.3591
Epoch: 906, Loss: 0.3660
Epoch: 911, Loss: 0.3563
Epoch: 916, Loss: 0.3606
Epoch: 921, Loss: 0.3555
Epoch: 926, Loss: 0.3576
Epoch: 931, Loss: 0.3644
Epoch: 936, Loss: 0.3551
Epoch: 941, Loss: 0.3604
Epoch: 946, Loss: 0.3553
Epoch: 951, Loss: 0.3556
Epoch: 956, Loss: 0.3639
Epoch: 961, Loss: 0.3552
Epoch: 966, Loss: 0.3584
Epoch: 971, Loss: 0.3545
Epoch: 976, Loss: 0.3556
Epoch: 981, Loss: 0.3612
Epoch: 986, Loss: 0.3551
Epoch: 991, Loss: 0.3558
Epoch: 996, Loss: 0.3587
Epoch: 1001, Loss: 0.3538
Elapsed time 0.0717 min
Epoch: 6, Loss: 0.3547
Epoch: 11, Loss: 0.3619
Epoch: 16, Loss: 0.3536
Epoch: 21, Loss: 0.3586
Epoch: 26, Loss: 0.3542
Epoch: 31, Loss: 0.3547
Epoch: 36, Loss: 0.3588
Epoch: 41, Loss: 0.3531
Epoch: 46, Loss: 0.3540
Epoch: 51, Loss: 0.3596
Epoch: 56, Loss: 0.3537
Epoch: 61, Loss: 0.3533
Epoch: 66, Loss: 0.3612
Epoch: 71, Loss: 0.3522
Epoch: 76, Loss: 0.3582
Epoch: 81, Loss: 0.3533
Epoch: 86, Loss: 0.3543
Epoch: 91, Loss: 0.3545
Epoch: 96, Loss: 0.3518
Epoch: 101, Loss: 0.3516
Epoch: 106, Loss: 0.3523
Epoch: 111, Loss: 0.3679
Epoch: 116, Loss: 0.3519
Epoch: 121, Loss: 0.3559
Epoch: 126, Loss: 0.3572
Epoch: 131, Loss: 0.3576
Epoch: 136, Loss: 0.3544
Epoch: 141, Loss: 0.3523
Epoch: 146, Loss: 0.3519
Epoch: 151, Loss: 0.3517
Epoch: 156, Loss: 0.3522
Epoch: 161, Loss: 0.3546
Epoch: 166, Loss: 0.3576
Epoch: 171, Loss: 0.3534
Epoch: 176, Loss: 0.3518
Epoch: 181, Loss: 0.3516
Epoch: 186, Loss: 0.3538
Epoch: 191, Loss: 0.3532
Epoch: 196, Loss: 0.3523
Epoch: 201, Loss: 0.3517
Epoch: 206, Loss: 0.3555
Epoch: 211, Loss: 0.3515
Epoch: 216, Loss: 0.3507
Epoch: 221, Loss: 0.3620
Epoch: 226, Loss: 0.3536
Epoch: 231, Loss: 0.3531
Epoch: 236, Loss: 0.3533
Epoch: 241, Loss: 0.3532
Epoch: 246, Loss: 0.3510
Epoch: 251, Loss: 0.3509
Epoch: 256, Loss: 0.3566
Epoch: 261, Loss: 0.3513
Epoch: 266, Loss: 0.3515
Epoch: 271, Loss: 0.3536
Epoch: 276, Loss: 0.3493
Epoch: 281, Loss: 0.3507
Epoch: 286, Loss: 0.3609
Epoch: 291, Loss: 0.3494
Epoch: 296, Loss: 0.3542
Epoch: 301, Loss: 0.3492
Epoch: 306, Loss: 0.3533
Epoch: 311, Loss: 0.3494
Epoch: 316, Loss: 0.3489
Epoch: 321, Loss: 0.3554
Epoch: 326, Loss: 0.3509
Epoch: 331, Loss: 0.3537
Epoch: 336, Loss: 0.3486
Epoch: 341, Loss: 0.3532
Epoch: 346, Loss: 0.3484
Epoch: 351, Loss: 0.3509
Epoch: 356, Loss: 0.3511
Epoch: 361, Loss: 0.3484
Epoch: 366, Loss: 0.3550
Epoch: 371, Loss: 0.3478
Epoch: 376, Loss: 0.3520
Epoch: 381, Loss: 0.3500
Epoch: 386, Loss: 0.3495
Epoch: 391, Loss: 0.3510
Epoch: 396, Loss: 0.3486
Epoch: 401, Loss: 0.3509
Epoch: 406, Loss: 0.3523
Epoch: 411, Loss: 0.3478
Epoch: 416, Loss: 0.3488
Epoch: 421, Loss: 0.3570
Epoch: 426, Loss: 0.3477
Epoch: 431, Loss: 0.3532
Epoch: 436, Loss: 0.3468
Epoch: 441, Loss: 0.3501
Epoch: 446, Loss: 0.3480
Epoch: 451, Loss: 0.3465
Epoch: 456, Loss: 0.3480
Epoch: 461, Loss: 0.3615
Epoch: 466, Loss: 0.3495
Epoch: 471, Loss: 0.3476
Epoch: 476, Loss: 0.3493
Epoch: 481, Loss: 0.3480
Epoch: 486, Loss: 0.3459
Epoch: 491, Loss: 0.3468
Epoch: 496, Loss: 0.3486
Epoch: 501, Loss: 0.3584
Epoch: 506, Loss: 0.3526
Epoch: 511, Loss: 0.3654
Epoch: 516, Loss: 0.3725
Epoch: 521, Loss: 0.3713
Epoch: 526, Loss: 0.3624
Epoch: 531, Loss: 0.3566
Epoch: 536, Loss: 0.3548
Epoch: 541, Loss: 0.3520
Epoch: 546, Loss: 0.3505
Epoch: 551, Loss: 0.3491
Epoch: 556, Loss: 0.3479
Epoch: 561, Loss: 0.3470
Epoch: 566, Loss: 0.3467
Epoch: 571, Loss: 0.3462
Epoch: 576, Loss: 0.3459
Epoch: 581, Loss: 0.3465
Epoch: 586, Loss: 0.3515
Epoch: 591, Loss: 0.3456
Epoch: 596, Loss: 0.3497
Epoch: 601, Loss: 0.3452
Epoch: 606, Loss: 0.3491
Epoch: 611, Loss: 0.3459
Epoch: 616, Loss: 0.3461
Epoch: 621, Loss: 0.3501
Epoch: 626, Loss: 0.3446
Epoch: 631, Loss: 0.3485
Epoch: 636, Loss: 0.3464
Epoch: 641, Loss: 0.3449
Epoch: 646, Loss: 0.3503
Epoch: 651, Loss: 0.3446
Epoch: 656, Loss: 0.3471
Epoch: 661, Loss: 0.3477
Epoch: 666, Loss: 0.3447
Epoch: 671, Loss: 0.3484
Epoch: 676, Loss: 0.3466
Epoch: 681, Loss: 0.3462
Epoch: 686, Loss: 0.3472
Epoch: 691, Loss: 0.3467
Epoch: 696, Loss: 0.3491
Epoch: 701, Loss: 0.3435
Epoch: 706, Loss: 0.3463
Epoch: 711, Loss: 0.3509
Epoch: 716, Loss: 0.3453
Epoch: 721, Loss: 0.3515
Epoch: 726, Loss: 0.3459
Epoch: 731, Loss: 0.3464
Epoch: 736, Loss: 0.3471
Epoch: 741, Loss: 0.3446
Epoch: 746, Loss: 0.3452
Epoch: 751, Loss: 0.3445
Epoch: 756, Loss: 0.3482
Epoch: 761, Loss: 0.3440
Epoch: 766, Loss: 0.3428
Epoch: 771, Loss: 0.3500
Epoch: 776, Loss: 0.3577
Epoch: 781, Loss: 0.3681
Epoch: 786, Loss: 0.3556
Epoch: 791, Loss: 0.3510
Epoch: 796, Loss: 0.3499
Epoch: 801, Loss: 0.3495
Epoch: 806, Loss: 0.3474
Epoch: 811, Loss: 0.3470
Epoch: 816, Loss: 0.3939
Epoch: 821, Loss: 0.4168
Epoch: 826, Loss: 0.3808
Epoch: 831, Loss: 0.3753
Epoch: 836, Loss: 0.3689
Epoch: 841, Loss: 0.3639
Epoch: 846, Loss: 0.3594
Epoch: 851, Loss: 0.3565
Epoch: 856, Loss: 0.3544
Epoch: 861, Loss: 0.3525
Epoch: 866, Loss: 0.3511
Epoch: 871, Loss: 0.3507
Epoch: 876, Loss: 0.3501
Epoch: 881, Loss: 0.3501
Epoch: 886, Loss: 0.3503
Epoch: 891, Loss: 0.3546
Epoch: 896, Loss: 0.3503
Epoch: 901, Loss: 0.3527
Epoch: 906, Loss: 0.3508
Epoch: 911, Loss: 0.3485
Epoch: 916, Loss: 0.3474
Epoch: 921, Loss: 0.3466
Epoch: 926, Loss: 0.3458
Epoch: 931, Loss: 0.3451
Epoch: 936, Loss: 0.3447
Epoch: 941, Loss: 0.3442
Epoch: 946, Loss: 0.3438
Epoch: 951, Loss: 0.3435
Epoch: 956, Loss: 0.3434
Epoch: 961, Loss: 0.3516
Epoch: 966, Loss: 0.3444
Epoch: 971, Loss: 0.3480
Epoch: 976, Loss: 0.3440
Epoch: 981, Loss: 0.3439
Epoch: 986, Loss: 0.3480
Epoch: 991, Loss: 0.3442
Epoch: 996, Loss: 0.3474
Epoch: 1001, Loss: 0.3458
Elapsed time 0.0707 min
Epoch: 6, Loss: 0.3432
Epoch: 11, Loss: 0.3420
Epoch: 16, Loss: 0.3427
Epoch: 21, Loss: 0.3456
Epoch: 26, Loss: 0.3554
Epoch: 31, Loss: 0.3519
Epoch: 36, Loss: 0.3507
Epoch: 41, Loss: 0.3447
Epoch: 46, Loss: 0.3449
Epoch: 51, Loss: 0.3526
Epoch: 56, Loss: 0.3446
Epoch: 61, Loss: 0.3506
Epoch: 66, Loss: 0.3503
Epoch: 71, Loss: 0.3481
Epoch: 76, Loss: 0.3472
Epoch: 81, Loss: 0.3455
Epoch: 86, Loss: 0.3444
Epoch: 91, Loss: 0.3437
Epoch: 96, Loss: 0.3430
Epoch: 101, Loss: 0.3423
Epoch: 106, Loss: 0.3420
Epoch: 111, Loss: 0.3415
Epoch: 116, Loss: 0.3428
Epoch: 121, Loss: 0.3526
Epoch: 126, Loss: 0.3418
Epoch: 131, Loss: 0.3423
Epoch: 136, Loss: 0.3428
Epoch: 141, Loss: 0.3398
Epoch: 146, Loss: 0.3408
Epoch: 151, Loss: 0.3422
Epoch: 156, Loss: 0.3411
Epoch: 161, Loss: 0.3415
Epoch: 166, Loss: 0.3448
Epoch: 171, Loss: 0.3406
Epoch: 176, Loss: 0.3394
Epoch: 181, Loss: 0.3435
Epoch: 186, Loss: 0.3419
Epoch: 191, Loss: 0.3448
Epoch: 196, Loss: 0.3400
Epoch: 201, Loss: 0.3394
Epoch: 206, Loss: 0.3412
Epoch: 211, Loss: 0.3390
Epoch: 216, Loss: 0.3398
Epoch: 221, Loss: 0.3455
Epoch: 226, Loss: 0.3383
Epoch: 231, Loss: 0.3423
Epoch: 236, Loss: 0.3403
Epoch: 241, Loss: 0.3401
Epoch: 246, Loss: 0.3409
Epoch: 251, Loss: 0.3377
Epoch: 256, Loss: 0.3428
Epoch: 261, Loss: 0.3379
Epoch: 266, Loss: 0.3375
Epoch: 271, Loss: 0.3434
Epoch: 276, Loss: 0.3425
Epoch: 281, Loss: 0.3369
Epoch: 286, Loss: 0.3404
Epoch: 291, Loss: 0.3444
Epoch: 296, Loss: 0.3374
Epoch: 301, Loss: 0.3423
Epoch: 306, Loss: 0.3372
Epoch: 311, Loss: 0.3407
Epoch: 316, Loss: 0.3373
Epoch: 321, Loss: 0.3375
Epoch: 326, Loss: 0.3442
Epoch: 331, Loss: 0.3375
Epoch: 336, Loss: 0.3398
Epoch: 341, Loss: 0.3394
Epoch: 346, Loss: 0.3380
Epoch: 351, Loss: 0.3421
Epoch: 356, Loss: 0.3418
Epoch: 361, Loss: 0.3381
Epoch: 366, Loss: 0.3410
Epoch: 371, Loss: 0.3439
Epoch: 376, Loss: 0.3435
Epoch: 381, Loss: 0.3413
Epoch: 386, Loss: 0.3386
Epoch: 391, Loss: 0.3380
Epoch: 396, Loss: 0.3371
Epoch: 401, Loss: 0.3373
Epoch: 406, Loss: 0.3413
Epoch: 411, Loss: 0.3420
Epoch: 416, Loss: 0.3367
Epoch: 421, Loss: 0.3422
Epoch: 426, Loss: 0.3361
Epoch: 431, Loss: 0.3389
Epoch: 436, Loss: 0.3395
Epoch: 441, Loss: 0.3401
Epoch: 446, Loss: 0.3410
Epoch: 451, Loss: 0.3419
Epoch: 456, Loss: 0.3570
Epoch: 461, Loss: 0.3533
Epoch: 466, Loss: 0.3527
Epoch: 471, Loss: 0.3511
Epoch: 476, Loss: 0.3497
Epoch: 481, Loss: 0.3449
Epoch: 486, Loss: 0.3422
Epoch: 491, Loss: 0.3426
Epoch: 496, Loss: 0.3429
Epoch: 501, Loss: 0.3430
Epoch: 506, Loss: 0.3418
Epoch: 511, Loss: 0.3405
Epoch: 516, Loss: 0.3403
Epoch: 521, Loss: 0.3401
Epoch: 526, Loss: 0.3630
Epoch: 531, Loss: 0.3445
Epoch: 536, Loss: 0.3442
Epoch: 541, Loss: 0.3522
Epoch: 546, Loss: 0.3444
Epoch: 551, Loss: 0.3514
Epoch: 556, Loss: 0.3474
Epoch: 561, Loss: 0.3574
Epoch: 566, Loss: 0.3614
Epoch: 571, Loss: 0.3551
Epoch: 576, Loss: 0.3508
Epoch: 581, Loss: 0.3475
Epoch: 586, Loss: 0.3446
Epoch: 591, Loss: 0.3425
Epoch: 596, Loss: 0.3416
Epoch: 601, Loss: 0.3407
Epoch: 606, Loss: 0.3400
Epoch: 611, Loss: 0.3394
Epoch: 616, Loss: 0.3388
Epoch: 621, Loss: 0.3386
Epoch: 626, Loss: 0.3381
Epoch: 631, Loss: 0.3381
Epoch: 636, Loss: 0.3391
Epoch: 641, Loss: 0.3440
Epoch: 646, Loss: 0.3377
Epoch: 651, Loss: 0.3397
Epoch: 656, Loss: 0.3399
Epoch: 661, Loss: 0.3373
Epoch: 666, Loss: 0.3429
Epoch: 671, Loss: 0.3367
Epoch: 676, Loss: 0.3398
Epoch: 681, Loss: 0.3361
Epoch: 686, Loss: 0.3399
Epoch: 691, Loss: 0.3392
Epoch: 696, Loss: 0.3358
Epoch: 701, Loss: 0.3396
Epoch: 706, Loss: 0.3403
Epoch: 711, Loss: 0.3359
Epoch: 716, Loss: 0.3421
Epoch: 721, Loss: 0.3356
Epoch: 726, Loss: 0.3383
Epoch: 731, Loss: 0.3383
Epoch: 736, Loss: 0.3349
Epoch: 741, Loss: 0.3393
Epoch: 746, Loss: 0.3382
Epoch: 751, Loss: 0.3345
Epoch: 756, Loss: 0.3376
Epoch: 761, Loss: 0.3401
Epoch: 766, Loss: 0.3344
Epoch: 771, Loss: 0.3405
Epoch: 776, Loss: 0.3350
Epoch: 781, Loss: 0.3387
Epoch: 786, Loss: 0.3355
Epoch: 791, Loss: 0.3372
Epoch: 796, Loss: 0.3361
Epoch: 801, Loss: 0.3363
Epoch: 806, Loss: 0.3369
Epoch: 811, Loss: 0.3392
Epoch: 816, Loss: 0.3353
Epoch: 821, Loss: 0.3352
Epoch: 826, Loss: 0.3347
Epoch: 831, Loss: 0.3366
Epoch: 836, Loss: 0.3344
Epoch: 841, Loss: 0.3335
Epoch: 846, Loss: 0.3335
Epoch: 851, Loss: 0.3356
Epoch: 856, Loss: 0.3438
Epoch: 861, Loss: 0.3366
Epoch: 866, Loss: 0.3351
Epoch: 871, Loss: 0.3375
Epoch: 876, Loss: 0.3332
Epoch: 881, Loss: 0.3343
Epoch: 886, Loss: 0.3338
Epoch: 891, Loss: 0.3369
Epoch: 896, Loss: 0.3366
Epoch: 901, Loss: 0.3345
Epoch: 906, Loss: 0.3330
Epoch: 911, Loss: 0.3349
Epoch: 916, Loss: 0.3409
Epoch: 921, Loss: 0.3349
Epoch: 926, Loss: 0.3374
Epoch: 931, Loss: 0.3384
Epoch: 936, Loss: 0.3373
Epoch: 941, Loss: 0.3329
Epoch: 946, Loss: 0.3343
Epoch: 951, Loss: 0.3342
Epoch: 956, Loss: 0.3330
Epoch: 961, Loss: 0.3321
Epoch: 966, Loss: 0.3350
Epoch: 971, Loss: 0.3356
Epoch: 976, Loss: 0.3318
Epoch: 981, Loss: 0.3363
Epoch: 986, Loss: 0.3330
Epoch: 991, Loss: 0.3339
Epoch: 996, Loss: 0.3364
Epoch: 1001, Loss: 0.3318
Elapsed time 0.0713 min
Epoch: 6, Loss: 0.3370
Epoch: 11, Loss: 0.3312
Epoch: 16, Loss: 0.3340
Epoch: 21, Loss: 0.3321
Epoch: 26, Loss: 0.3323
Epoch: 31, Loss: 0.3352
Epoch: 36, Loss: 0.3348
Epoch: 41, Loss: 0.3307
Epoch: 46, Loss: 0.3344
Epoch: 51, Loss: 0.3364
Epoch: 56, Loss: 0.3309
Epoch: 61, Loss: 0.3354
Epoch: 66, Loss: 0.3314
Epoch: 71, Loss: 0.3318
Epoch: 76, Loss: 0.3343
Epoch: 81, Loss: 0.3320
Epoch: 86, Loss: 0.3308
Epoch: 91, Loss: 0.3306
Epoch: 96, Loss: 0.3379
Epoch: 101, Loss: 0.3343
Epoch: 106, Loss: 0.3437
Epoch: 111, Loss: 0.3356
Epoch: 116, Loss: 0.3344
Epoch: 121, Loss: 0.3312
Epoch: 126, Loss: 0.3302
Epoch: 131, Loss: 0.3308
Epoch: 136, Loss: 0.3307
Epoch: 141, Loss: 0.3311
Epoch: 146, Loss: 0.3361
Epoch: 151, Loss: 0.3320
Epoch: 156, Loss: 0.3338
Epoch: 161, Loss: 0.3319
Epoch: 166, Loss: 0.3319
Epoch: 171, Loss: 0.3307
Epoch: 176, Loss: 0.3297
Epoch: 181, Loss: 0.3363
Epoch: 186, Loss: 0.3303
Epoch: 191, Loss: 0.3372
Epoch: 196, Loss: 0.3341
Epoch: 201, Loss: 0.3314
Epoch: 206, Loss: 0.3315
Epoch: 211, Loss: 0.3309
Epoch: 216, Loss: 0.3305
Epoch: 221, Loss: 0.3300
Epoch: 226, Loss: 0.3288
Epoch: 231, Loss: 0.3306
Epoch: 236, Loss: 0.3447
Epoch: 241, Loss: 0.3392
Epoch: 246, Loss: 0.3358
Epoch: 251, Loss: 0.3319
Epoch: 256, Loss: 0.3296
Epoch: 261, Loss: 0.3298
Epoch: 266, Loss: 0.3292
Epoch: 271, Loss: 0.3289
Epoch: 276, Loss: 0.3303
Epoch: 281, Loss: 0.3312
Epoch: 286, Loss: 0.3378
Epoch: 291, Loss: 0.3313
Epoch: 296, Loss: 0.3309
Epoch: 301, Loss: 0.3306
Epoch: 306, Loss: 0.3307
Epoch: 311, Loss: 0.3291
Epoch: 316, Loss: 0.3284
Epoch: 321, Loss: 0.3373
Epoch: 326, Loss: 0.3291
Epoch: 331, Loss: 0.3360
Epoch: 336, Loss: 0.3312
Epoch: 341, Loss: 0.3294
Epoch: 346, Loss: 0.3315
Epoch: 351, Loss: 0.3315
Epoch: 356, Loss: 0.3314
Epoch: 361, Loss: 0.3288
Epoch: 366, Loss: 0.3305
Epoch: 371, Loss: 0.3294
Epoch: 376, Loss: 0.3341
Epoch: 381, Loss: 0.3279
Epoch: 386, Loss: 0.3338
Epoch: 391, Loss: 0.3331
Epoch: 396, Loss: 0.3303
Epoch: 401, Loss: 0.3299
Epoch: 406, Loss: 0.3292
Epoch: 411, Loss: 0.3276
Epoch: 416, Loss: 0.3279
Epoch: 421, Loss: 0.3295
Epoch: 426, Loss: 0.3352
Epoch: 431, Loss: 0.3294
Epoch: 436, Loss: 0.3344
Epoch: 441, Loss: 0.3282
Epoch: 446, Loss: 0.3292
Epoch: 451, Loss: 0.3307
Epoch: 456, Loss: 0.3271
Epoch: 461, Loss: 0.3325
Epoch: 466, Loss: 0.3278
Epoch: 471, Loss: 0.3315
Epoch: 476, Loss: 0.3271
Epoch: 481, Loss: 0.3296
Epoch: 486, Loss: 0.3271
Epoch: 491, Loss: 0.3296
Epoch: 496, Loss: 0.3344
Epoch: 501, Loss: 0.3265
Epoch: 506, Loss: 0.3289
Epoch: 511, Loss: 0.3294
Epoch: 516, Loss: 0.3275
Epoch: 521, Loss: 0.3292
Epoch: 526, Loss: 0.3307
Epoch: 531, Loss: 0.3282
Epoch: 536, Loss: 0.3259
Epoch: 541, Loss: 0.3275
Epoch: 546, Loss: 0.3357
Epoch: 551, Loss: 0.3264
Epoch: 556, Loss: 0.3291
Epoch: 561, Loss: 0.3279
Epoch: 566, Loss: 0.3263
Epoch: 571, Loss: 0.3277
Epoch: 576, Loss: 0.3320
Epoch: 581, Loss: 0.3284
Epoch: 586, Loss: 0.3265
Epoch: 591, Loss: 0.3306
Epoch: 596, Loss: 0.3284
Epoch: 601, Loss: 0.3258
Epoch: 606, Loss: 0.3280
Epoch: 611, Loss: 0.3309
Epoch: 616, Loss: 0.3265
Epoch: 621, Loss: 0.3273
Epoch: 626, Loss: 0.3297
Epoch: 631, Loss: 0.3273
Epoch: 636, Loss: 0.3251
Epoch: 641, Loss: 0.3279
Epoch: 646, Loss: 0.3331
Epoch: 651, Loss: 0.3263
Epoch: 656, Loss: 0.3273
Epoch: 661, Loss: 0.3281
Epoch: 666, Loss: 0.3251
Epoch: 671, Loss: 0.3257
Epoch: 676, Loss: 0.3257
Epoch: 681, Loss: 0.3389
Epoch: 686, Loss: 0.3281
Epoch: 691, Loss: 0.3283
Epoch: 696, Loss: 0.3304
Epoch: 701, Loss: 0.3290
Epoch: 706, Loss: 0.3273
Epoch: 711, Loss: 0.3325
Epoch: 716, Loss: 0.3431
Epoch: 721, Loss: 0.3444
Epoch: 726, Loss: 0.3668
Epoch: 731, Loss: 0.3636
Epoch: 736, Loss: 0.3590
Epoch: 741, Loss: 0.3445
Epoch: 746, Loss: 0.3610
Epoch: 751, Loss: 0.3699
Epoch: 756, Loss: 0.3604
Epoch: 761, Loss: 0.3556
Epoch: 766, Loss: 0.3475
Epoch: 771, Loss: 0.3488
Epoch: 776, Loss: 0.3470
Epoch: 781, Loss: 0.3434
Epoch: 786, Loss: 0.3417
Epoch: 791, Loss: 0.3397
Epoch: 796, Loss: 0.3385
Epoch: 801, Loss: 0.3370
Epoch: 806, Loss: 0.3363
Epoch: 811, Loss: 0.3355
Epoch: 816, Loss: 0.3346
Epoch: 821, Loss: 0.3341
Epoch: 826, Loss: 0.3334
Epoch: 831, Loss: 0.3329
Epoch: 836, Loss: 0.3325
Epoch: 841, Loss: 0.3321
Epoch: 846, Loss: 0.3317
Epoch: 851, Loss: 0.3314
Epoch: 856, Loss: 0.3311
Epoch: 861, Loss: 0.3421
Epoch: 866, Loss: 0.3470
Epoch: 871, Loss: 0.3428
Epoch: 876, Loss: 0.3519
Epoch: 881, Loss: 0.3449
Epoch: 886, Loss: 0.3420
Epoch: 891, Loss: 0.3403
Epoch: 896, Loss: 0.3378
Epoch: 901, Loss: 0.3374
Epoch: 906, Loss: 0.3366
Epoch: 911, Loss: 0.3355
Epoch: 916, Loss: 0.3346
Epoch: 921, Loss: 0.3339
Epoch: 926, Loss: 0.3333
Epoch: 931, Loss: 0.3328
Epoch: 936, Loss: 0.3324
Epoch: 941, Loss: 0.3321
Epoch: 946, Loss: 0.3318
Epoch: 951, Loss: 0.3322
Epoch: 956, Loss: 0.3468
Epoch: 961, Loss: 0.3363
Epoch: 966, Loss: 0.3359
Epoch: 971, Loss: 0.3354
Epoch: 976, Loss: 0.3337
Epoch: 981, Loss: 0.3324
Epoch: 986, Loss: 0.3314
Epoch: 991, Loss: 0.3308
Epoch: 996, Loss: 0.3305
Epoch: 1001, Loss: 0.3302
Elapsed time 0.0716 min
avg Test Accuracy: 0.8422  avg Test AUC: 0.8915  avg Test PRE: 0.7881
