====================================================================================================
data: HeteroData(
  drug={
    node_id=[3084],
    x=[3084, 12],
  },
  protein={
    node_id=[718],
    x=[718, 20],
  },
  (drug, interaction, protein)={ edge_index=[2, 5937] },
  (protein, rev_interaction, drug)={ edge_index=[2, 5937] }
)
====================================================================================================
****************************************************************************************************
train data: HeteroData(
  drug={
    node_id=[3084],
    x=[3084, 12],
  },
  protein={
    node_id=[718],
    x=[718, 20],
  },
  (drug, interaction, protein)={
    edge_index=[2, 3326],
    edge_label=[2493],
    edge_label_index=[2, 2493],
  },
  (protein, rev_interaction, drug)={ edge_index=[2, 3326] }
)
****************************************************************************************************
val data: HeteroData(
  drug={
    node_id=[3084],
    x=[3084, 12],
  },
  protein={
    node_id=[718],
    x=[718, 20],
  },
  (drug, interaction, protein)={
    edge_index=[2, 4157],
    edge_label=[1779],
    edge_label_index=[2, 1779],
  },
  (protein, rev_interaction, drug)={ edge_index=[2, 4157] }
)
****************************************************************************************************
test data: HeteroData(
  drug={
    node_id=[3084],
    x=[3084, 12],
  },
  protein={
    node_id=[718],
    x=[718, 20],
  },
  (drug, interaction, protein)={
    edge_index=[2, 4750],
    edge_label=[3561],
    edge_label_index=[2, 3561],
  },
  (protein, rev_interaction, drug)={ edge_index=[2, 4750] }
)
****************************************************************************************************
edge_x: torch.Size([2493, 32])
labels: torch.Size([2493])
edge_x: torch.Size([1779, 32])
labels: torch.Size([1779])
edge_x: torch.Size([3561, 32])
labels: torch.Size([3561])
model: HGT(
  (lin_dict): ModuleDict(
    (drug): Linear(-1, 32, bias=True)
    (protein): Linear(-1, 32, bias=True)
  )
  (convs): ModuleList(
    (0-1): 2 x HGTConv(-1, 32, heads=2)
  )
  (lin): Linear(64, 1, bias=True)
)
Epoch: 51, Loss: 0.5919
Epoch: 101, Loss: 0.5819
Epoch: 151, Loss: 0.5290
Epoch: 201, Loss: 0.5217
Epoch: 251, Loss: 0.5230
Epoch: 301, Loss: 0.5019
Epoch: 351, Loss: 0.4975
Epoch: 401, Loss: 0.5075
Epoch: 451, Loss: 0.4934
Epoch: 501, Loss: 0.4826
Epoch: 551, Loss: 0.4642
Epoch: 601, Loss: 0.5435
Epoch: 651, Loss: 0.4842
Epoch: 701, Loss: 0.4726
Epoch: 751, Loss: 0.4628
Epoch: 801, Loss: 0.4636
Epoch: 851, Loss: 0.5661
Epoch: 901, Loss: 0.5066
Epoch: 951, Loss: 0.4874
Epoch: 1001, Loss: 0.4894
Epoch: 51, Loss: 0.4759
Epoch: 101, Loss: 0.4732
Elapsed time 0.0134 min
Epoch: 51, Loss: 0.4687
Epoch: 101, Loss: 0.4653
Elapsed time 0.0135 min
Epoch: 51, Loss: 0.4612
Epoch: 101, Loss: 0.4615
Elapsed time 0.0133 min
Epoch: 51, Loss: 0.4656
Epoch: 101, Loss: 0.4553
Elapsed time 0.0134 min
Epoch: 51, Loss: 0.4535
Epoch: 101, Loss: 0.4544
Elapsed time 0.0133 min
Epoch: 51, Loss: 0.4787
Epoch: 101, Loss: 0.4701
Elapsed time 0.0132 min
Epoch: 51, Loss: 0.4658
Epoch: 101, Loss: 0.4724
Elapsed time 0.0130 min
Epoch: 51, Loss: 0.4677
Epoch: 101, Loss: 0.4658
Elapsed time 0.0130 min
Epoch: 51, Loss: 0.4680
Epoch: 101, Loss: 0.4633
Elapsed time 0.0130 min
Epoch: 51, Loss: 0.4617
Epoch: 101, Loss: 0.4604
Elapsed time 0.0129 min
avg Test Accuracy: 0.8490  avg Test AUC: 0.8993  avg Test PRE: 0.8040
