====================================================================================================
data: HeteroData(
  drug={
    node_id=[3084],
    x=[3084, 12],
  },
  protein={
    node_id=[718],
    x=[718, 20],
  },
  (drug, interaction, protein)={ edge_index=[2, 5937] },
  (protein, rev_interaction, drug)={ edge_index=[2, 5937] }
)
====================================================================================================
****************************************************************************************************
train data: HeteroData(
  drug={
    node_id=[3084],
    x=[3084, 12],
  },
  protein={
    node_id=[718],
    x=[718, 20],
  },
  (drug, interaction, protein)={
    edge_index=[2, 3326],
    edge_label=[2493],
    edge_label_index=[2, 2493],
  },
  (protein, rev_interaction, drug)={ edge_index=[2, 3326] }
)
****************************************************************************************************
val data: HeteroData(
  drug={
    node_id=[3084],
    x=[3084, 12],
  },
  protein={
    node_id=[718],
    x=[718, 20],
  },
  (drug, interaction, protein)={
    edge_index=[2, 4157],
    edge_label=[1779],
    edge_label_index=[2, 1779],
  },
  (protein, rev_interaction, drug)={ edge_index=[2, 4157] }
)
****************************************************************************************************
test data: HeteroData(
  drug={
    node_id=[3084],
    x=[3084, 12],
  },
  protein={
    node_id=[718],
    x=[718, 20],
  },
  (drug, interaction, protein)={
    edge_index=[2, 4750],
    edge_label=[3561],
    edge_label_index=[2, 3561],
  },
  (protein, rev_interaction, drug)={ edge_index=[2, 4750] }
)
****************************************************************************************************
edge_x: torch.Size([2493, 32])
labels: torch.Size([2493])
edge_x: torch.Size([1779, 32])
labels: torch.Size([1779])
edge_x: torch.Size([3561, 32])
labels: torch.Size([3561])
model: HGT(
  (lin_dict): ModuleDict(
    (drug): Linear(-1, 32, bias=True)
    (protein): Linear(-1, 32, bias=True)
  )
  (convs): ModuleList(
    (0-1): 2 x HGTConv(-1, 32, heads=2)
  )
  (lin): Linear(64, 1, bias=True)
)
Epoch: 51, Loss: 0.6019
Epoch: 101, Loss: 0.5548
Epoch: 151, Loss: 0.5700
Epoch: 201, Loss: 0.6121
Epoch: 251, Loss: 0.5458
Epoch: 301, Loss: 0.5291
Epoch: 351, Loss: 0.5244
Epoch: 401, Loss: 0.5282
Epoch: 451, Loss: 0.5352
Epoch: 501, Loss: 0.5231
Epoch: 551, Loss: 0.5554
Epoch: 601, Loss: 0.5154
Epoch: 651, Loss: 0.5186
Epoch: 701, Loss: 0.5069
Epoch: 751, Loss: 0.5091
Epoch: 801, Loss: 0.5145
Epoch: 851, Loss: 0.5064
Epoch: 901, Loss: 0.5124
Epoch: 951, Loss: 0.5667
Epoch: 1001, Loss: 0.5638
Epoch: 6, Loss: 0.5630
Epoch: 11, Loss: 0.5608
Epoch: 16, Loss: 0.5576
Epoch: 21, Loss: 0.5574
Epoch: 26, Loss: 0.5561
Epoch: 31, Loss: 0.5554
Epoch: 36, Loss: 0.5546
Epoch: 41, Loss: 0.5541
Epoch: 46, Loss: 0.5534
Epoch: 51, Loss: 0.5527
Epoch: 56, Loss: 0.5521
Epoch: 61, Loss: 0.5521
Epoch: 66, Loss: 0.5521
Epoch: 71, Loss: 0.5518
Epoch: 76, Loss: 0.5523
Epoch: 81, Loss: 0.5521
Epoch: 86, Loss: 0.5513
Epoch: 91, Loss: 0.5502
Epoch: 96, Loss: 0.5493
Epoch: 101, Loss: 0.5485
Epoch: 106, Loss: 0.5479
Epoch: 111, Loss: 0.5475
Epoch: 116, Loss: 0.5469
Epoch: 121, Loss: 0.5464
Epoch: 126, Loss: 0.5460
Epoch: 131, Loss: 0.5456
Epoch: 136, Loss: 0.5451
Epoch: 141, Loss: 0.5441
Epoch: 146, Loss: 0.5431
Epoch: 151, Loss: 0.5682
Epoch: 156, Loss: 0.5506
Epoch: 161, Loss: 0.5538
Epoch: 166, Loss: 0.5426
Epoch: 171, Loss: 0.5452
Epoch: 176, Loss: 0.5421
Epoch: 181, Loss: 0.5405
Epoch: 186, Loss: 0.5400
Epoch: 191, Loss: 0.5390
Epoch: 196, Loss: 0.5381
Epoch: 201, Loss: 0.5373
Epoch: 206, Loss: 0.5367
Epoch: 211, Loss: 0.5356
Epoch: 216, Loss: 0.5339
Epoch: 221, Loss: 0.6108
Epoch: 226, Loss: 0.5469
Epoch: 231, Loss: 0.5443
Epoch: 236, Loss: 0.5436
Epoch: 241, Loss: 0.5397
Epoch: 246, Loss: 0.5398
Epoch: 251, Loss: 0.5379
Epoch: 256, Loss: 0.5356
Epoch: 261, Loss: 0.5349
Epoch: 266, Loss: 0.5343
Epoch: 271, Loss: 0.5333
Epoch: 276, Loss: 0.5326
Epoch: 281, Loss: 0.5320
Epoch: 286, Loss: 0.5314
Epoch: 291, Loss: 0.5308
Epoch: 296, Loss: 0.5302
Epoch: 301, Loss: 0.5296
Epoch: 306, Loss: 0.5291
Epoch: 311, Loss: 0.5286
Epoch: 316, Loss: 0.5282
Epoch: 321, Loss: 0.5278
Epoch: 326, Loss: 0.5274
Epoch: 331, Loss: 0.5271
Epoch: 336, Loss: 0.5268
Epoch: 341, Loss: 0.5265
Epoch: 346, Loss: 0.5262
Epoch: 351, Loss: 0.5260
Epoch: 356, Loss: 0.5260
Epoch: 361, Loss: 0.5258
Epoch: 366, Loss: 0.5263
Epoch: 371, Loss: 0.5249
Epoch: 376, Loss: 0.5266
Epoch: 381, Loss: 0.5243
Epoch: 386, Loss: 0.5319
Epoch: 391, Loss: 0.5297
Epoch: 396, Loss: 0.5256
Epoch: 401, Loss: 0.5259
Epoch: 406, Loss: 0.5247
Epoch: 411, Loss: 0.5237
Epoch: 416, Loss: 0.5236
Epoch: 421, Loss: 0.5231
Epoch: 426, Loss: 0.5226
Epoch: 431, Loss: 0.5222
Epoch: 436, Loss: 0.5219
Epoch: 441, Loss: 0.5223
Epoch: 446, Loss: 0.5225
Epoch: 451, Loss: 0.5508
Epoch: 456, Loss: 0.5227
Epoch: 461, Loss: 0.5240
Epoch: 466, Loss: 0.5238
Epoch: 471, Loss: 0.5217
Epoch: 476, Loss: 0.5208
Epoch: 481, Loss: 0.5206
Epoch: 486, Loss: 0.5203
Epoch: 491, Loss: 0.5198
Epoch: 496, Loss: 0.5193
Epoch: 501, Loss: 0.5194
Epoch: 506, Loss: 0.5197
Epoch: 511, Loss: 0.5188
Epoch: 516, Loss: 0.5185
Epoch: 521, Loss: 0.5249
Epoch: 526, Loss: 0.5239
Epoch: 531, Loss: 0.5245
Epoch: 536, Loss: 0.5257
Epoch: 541, Loss: 0.5230
Epoch: 546, Loss: 0.5232
Epoch: 551, Loss: 0.5220
Epoch: 556, Loss: 0.5218
Epoch: 561, Loss: 0.5211
Epoch: 566, Loss: 0.5208
Epoch: 571, Loss: 0.5204
Epoch: 576, Loss: 0.5199
Epoch: 581, Loss: 0.5194
Epoch: 586, Loss: 0.5190
Epoch: 591, Loss: 0.5211
Epoch: 596, Loss: 0.5213
Epoch: 601, Loss: 0.5276
Epoch: 606, Loss: 0.5230
Epoch: 611, Loss: 0.5218
Epoch: 616, Loss: 0.5188
Epoch: 621, Loss: 0.5183
Epoch: 626, Loss: 0.5176
Epoch: 631, Loss: 0.5168
Epoch: 636, Loss: 0.5164
Epoch: 641, Loss: 0.5378
Epoch: 646, Loss: 0.5245
Epoch: 651, Loss: 0.5210
Epoch: 656, Loss: 0.5177
Epoch: 661, Loss: 0.5143
Epoch: 666, Loss: 0.5108
Epoch: 671, Loss: 0.5233
Epoch: 676, Loss: 0.5497
Epoch: 681, Loss: 0.5322
Epoch: 686, Loss: 0.5330
Epoch: 691, Loss: 0.5249
Epoch: 696, Loss: 0.5222
Epoch: 701, Loss: 0.5163
Epoch: 706, Loss: 0.5113
Epoch: 711, Loss: 0.5147
Epoch: 716, Loss: 0.5260
Epoch: 721, Loss: 0.5483
Epoch: 726, Loss: 0.5347
Epoch: 731, Loss: 0.5291
Epoch: 736, Loss: 0.5344
Epoch: 741, Loss: 0.5248
Epoch: 746, Loss: 0.5190
Epoch: 751, Loss: 0.5129
Epoch: 756, Loss: 0.5134
Epoch: 761, Loss: 0.5071
Epoch: 766, Loss: 0.5056
Epoch: 771, Loss: 0.5046
Epoch: 776, Loss: 0.5070
Epoch: 781, Loss: 0.5184
Epoch: 786, Loss: 0.5225
Epoch: 791, Loss: 0.5180
Epoch: 796, Loss: 0.5135
Epoch: 801, Loss: 0.5115
Epoch: 806, Loss: 0.5112
Epoch: 811, Loss: 0.5116
Epoch: 816, Loss: 0.5091
Epoch: 821, Loss: 0.5127
Epoch: 826, Loss: 0.5185
Epoch: 831, Loss: 0.5183
Epoch: 836, Loss: 0.5194
Epoch: 841, Loss: 0.5188
Epoch: 846, Loss: 0.5367
Epoch: 851, Loss: 0.5528
Epoch: 856, Loss: 0.5394
Epoch: 861, Loss: 0.5288
Epoch: 866, Loss: 0.5234
Epoch: 871, Loss: 0.5216
Epoch: 876, Loss: 0.5226
Epoch: 881, Loss: 0.5202
Epoch: 886, Loss: 0.5173
Epoch: 891, Loss: 0.5181
Epoch: 896, Loss: 0.5147
Epoch: 901, Loss: 0.5120
Epoch: 906, Loss: 0.5100
Epoch: 911, Loss: 0.5075
Epoch: 916, Loss: 0.5061
Epoch: 921, Loss: 0.5102
Epoch: 926, Loss: 0.5128
Epoch: 931, Loss: 0.5140
Epoch: 936, Loss: 0.5097
Epoch: 941, Loss: 0.5106
Epoch: 946, Loss: 0.5090
Epoch: 951, Loss: 0.5097
Epoch: 956, Loss: 0.5124
Epoch: 961, Loss: 0.5127
Epoch: 966, Loss: 0.5190
Epoch: 971, Loss: 0.5173
Epoch: 976, Loss: 0.5124
Epoch: 981, Loss: 0.5095
Epoch: 986, Loss: 0.5104
Epoch: 991, Loss: 0.5075
Epoch: 996, Loss: 0.5074
Epoch: 1001, Loss: 0.5064
Elapsed time 0.0675 min
Epoch: 6, Loss: 0.5052
Epoch: 11, Loss: 0.5044
Epoch: 16, Loss: 0.5037
Epoch: 21, Loss: 0.5007
Epoch: 26, Loss: 0.4996
Epoch: 31, Loss: 0.4983
Epoch: 36, Loss: 0.5001
Epoch: 41, Loss: 0.4988
Epoch: 46, Loss: 0.4982
Epoch: 51, Loss: 0.4973
Epoch: 56, Loss: 0.4967
Epoch: 61, Loss: 0.4962
Epoch: 66, Loss: 0.4960
Epoch: 71, Loss: 0.4953
Epoch: 76, Loss: 0.5011
Epoch: 81, Loss: 0.5078
Epoch: 86, Loss: 0.5065
Epoch: 91, Loss: 0.5011
Epoch: 96, Loss: 0.4990
Epoch: 101, Loss: 0.4960
Epoch: 106, Loss: 0.4959
Epoch: 111, Loss: 0.4950
Epoch: 116, Loss: 0.4944
Epoch: 121, Loss: 0.4933
Epoch: 126, Loss: 0.4929
Epoch: 131, Loss: 0.4924
Epoch: 136, Loss: 0.4918
Epoch: 141, Loss: 0.4913
Epoch: 146, Loss: 0.4911
Epoch: 151, Loss: 0.4911
Epoch: 156, Loss: 0.5006
Epoch: 161, Loss: 0.5071
Epoch: 166, Loss: 0.5098
Epoch: 171, Loss: 0.5069
Epoch: 176, Loss: 0.5005
Epoch: 181, Loss: 0.4974
Epoch: 186, Loss: 0.5084
Epoch: 191, Loss: 0.5102
Epoch: 196, Loss: 0.5080
Epoch: 201, Loss: 0.5035
Epoch: 206, Loss: 0.5038
Epoch: 211, Loss: 0.5008
Epoch: 216, Loss: 0.5678
Epoch: 221, Loss: 0.6053
Epoch: 226, Loss: 0.6098
Epoch: 231, Loss: 0.5880
Epoch: 236, Loss: 0.5753
Epoch: 241, Loss: 0.5678
Epoch: 246, Loss: 0.5634
Epoch: 251, Loss: 0.5577
Epoch: 256, Loss: 0.5516
Epoch: 261, Loss: 0.5463
Epoch: 266, Loss: 0.5396
Epoch: 271, Loss: 0.5339
Epoch: 276, Loss: 0.5292
Epoch: 281, Loss: 0.5255
Epoch: 286, Loss: 0.5232
Epoch: 291, Loss: 0.5223
Epoch: 296, Loss: 0.5215
Epoch: 301, Loss: 0.5214
Epoch: 306, Loss: 0.5205
Epoch: 311, Loss: 0.5197
Epoch: 316, Loss: 0.5210
Epoch: 321, Loss: 0.5201
Epoch: 326, Loss: 0.5205
Epoch: 331, Loss: 0.5207
Epoch: 336, Loss: 0.5209
Epoch: 341, Loss: 0.5186
Epoch: 346, Loss: 0.5192
Epoch: 351, Loss: 0.5181
Epoch: 356, Loss: 0.5171
Epoch: 361, Loss: 0.5162
Epoch: 366, Loss: 0.5150
Epoch: 371, Loss: 0.5143
Epoch: 376, Loss: 0.5134
Epoch: 381, Loss: 0.5126
Epoch: 386, Loss: 0.5116
Epoch: 391, Loss: 0.5109
Epoch: 396, Loss: 0.5113
Epoch: 401, Loss: 0.5116
Epoch: 406, Loss: 0.5113
Epoch: 411, Loss: 0.5110
Epoch: 416, Loss: 0.5109
Epoch: 421, Loss: 0.5098
Epoch: 426, Loss: 0.5092
Epoch: 431, Loss: 0.5088
Epoch: 436, Loss: 0.5084
Epoch: 441, Loss: 0.5077
Epoch: 446, Loss: 0.5069
Epoch: 451, Loss: 0.5062
Epoch: 456, Loss: 0.5058
Epoch: 461, Loss: 0.5091
Epoch: 466, Loss: 0.5050
Epoch: 471, Loss: 0.5073
Epoch: 476, Loss: 0.5052
Epoch: 481, Loss: 0.5047
Epoch: 486, Loss: 0.5046
Epoch: 491, Loss: 0.5035
Epoch: 496, Loss: 0.5029
Epoch: 501, Loss: 0.5028
Epoch: 506, Loss: 0.5027
Epoch: 511, Loss: 0.5024
Epoch: 516, Loss: 0.5026
Epoch: 521, Loss: 0.5024
Epoch: 526, Loss: 0.5022
Epoch: 531, Loss: 0.5021
Epoch: 536, Loss: 0.5020
Epoch: 541, Loss: 0.5019
Epoch: 546, Loss: 0.5018
Epoch: 551, Loss: 0.5017
Epoch: 556, Loss: 0.5017
Epoch: 561, Loss: 0.5018
Epoch: 566, Loss: 0.5050
Epoch: 571, Loss: 0.5019
Epoch: 576, Loss: 0.5017
Epoch: 581, Loss: 0.5014
Epoch: 586, Loss: 0.5013
Epoch: 591, Loss: 0.5013
Epoch: 596, Loss: 0.5012
Epoch: 601, Loss: 0.5010
Epoch: 606, Loss: 0.5007
Epoch: 611, Loss: 0.5006
Epoch: 616, Loss: 0.5006
Epoch: 621, Loss: 0.5008
Epoch: 626, Loss: 0.5019
Epoch: 631, Loss: 0.5011
Epoch: 636, Loss: 0.5010
Epoch: 641, Loss: 0.5008
Epoch: 646, Loss: 0.5019
Epoch: 651, Loss: 0.5042
Epoch: 656, Loss: 0.5030
Epoch: 661, Loss: 0.5018
Epoch: 666, Loss: 0.5007
Epoch: 671, Loss: 0.5002
Epoch: 676, Loss: 0.4998
Epoch: 681, Loss: 0.4994
Epoch: 686, Loss: 0.4991
Epoch: 691, Loss: 0.4989
Epoch: 696, Loss: 0.4985
Epoch: 701, Loss: 0.4983
Epoch: 706, Loss: 0.4988
Epoch: 711, Loss: 0.5182
Epoch: 716, Loss: 0.5032
Epoch: 721, Loss: 0.5068
Epoch: 726, Loss: 0.5020
Epoch: 731, Loss: 0.4996
Epoch: 736, Loss: 0.4982
Epoch: 741, Loss: 0.4970
Epoch: 746, Loss: 0.4963
Epoch: 751, Loss: 0.4959
Epoch: 756, Loss: 0.4955
Epoch: 761, Loss: 0.4948
Epoch: 766, Loss: 0.4949
Epoch: 771, Loss: 0.4947
Epoch: 776, Loss: 0.4944
Epoch: 781, Loss: 0.5149
Epoch: 786, Loss: 0.5074
Epoch: 791, Loss: 0.4994
Epoch: 796, Loss: 0.4952
Epoch: 801, Loss: 0.4939
Epoch: 806, Loss: 0.4941
Epoch: 811, Loss: 0.4941
Epoch: 816, Loss: 0.4938
Epoch: 821, Loss: 0.4928
Epoch: 826, Loss: 0.4930
Epoch: 831, Loss: 0.4922
Epoch: 836, Loss: 0.4940
Epoch: 841, Loss: 0.4934
Epoch: 846, Loss: 0.4926
Epoch: 851, Loss: 0.4938
Epoch: 856, Loss: 0.4932
Epoch: 861, Loss: 0.4923
Epoch: 866, Loss: 0.4956
Epoch: 871, Loss: 0.4951
Epoch: 876, Loss: 0.4964
Epoch: 881, Loss: 0.4948
Epoch: 886, Loss: 0.4935
Epoch: 891, Loss: 0.4940
Epoch: 896, Loss: 0.4929
Epoch: 901, Loss: 0.5053
Epoch: 906, Loss: 0.5074
Epoch: 911, Loss: 0.5019
Epoch: 916, Loss: 0.5009
Epoch: 921, Loss: 0.5012
Epoch: 926, Loss: 0.5010
Epoch: 931, Loss: 0.5007
Epoch: 936, Loss: 0.5007
Epoch: 941, Loss: 0.4991
Epoch: 946, Loss: 0.4984
Epoch: 951, Loss: 0.4981
Epoch: 956, Loss: 0.5008
Epoch: 961, Loss: 0.5004
Epoch: 966, Loss: 0.4977
Epoch: 971, Loss: 0.4974
Epoch: 976, Loss: 0.4974
Epoch: 981, Loss: 0.4968
Epoch: 986, Loss: 0.4966
Epoch: 991, Loss: 0.4963
Epoch: 996, Loss: 0.4961
Epoch: 1001, Loss: 0.4965
Elapsed time 0.0675 min
Epoch: 6, Loss: 0.4970
Epoch: 11, Loss: 0.4969
Epoch: 16, Loss: 0.4961
Epoch: 21, Loss: 0.4960
Epoch: 26, Loss: 0.4953
Epoch: 31, Loss: 0.4979
Epoch: 36, Loss: 0.4954
Epoch: 41, Loss: 0.4944
Epoch: 46, Loss: 0.4938
Epoch: 51, Loss: 0.5187
Epoch: 56, Loss: 0.5187
Epoch: 61, Loss: 0.5058
Epoch: 66, Loss: 0.5013
Epoch: 71, Loss: 0.5019
Epoch: 76, Loss: 0.4970
Epoch: 81, Loss: 0.4957
Epoch: 86, Loss: 0.4963
Epoch: 91, Loss: 0.4949
Epoch: 96, Loss: 0.4939
Epoch: 101, Loss: 0.4932
Epoch: 106, Loss: 0.4921
Epoch: 111, Loss: 0.4918
Epoch: 116, Loss: 0.4911
Epoch: 121, Loss: 0.5212
Epoch: 126, Loss: 0.5124
Epoch: 131, Loss: 0.5018
Epoch: 136, Loss: 0.4990
Epoch: 141, Loss: 0.4978
Epoch: 146, Loss: 0.4974
Epoch: 151, Loss: 0.4956
Epoch: 156, Loss: 0.5116
Epoch: 161, Loss: 0.5045
Epoch: 166, Loss: 0.4990
Epoch: 171, Loss: 0.5009
Epoch: 176, Loss: 0.4965
Epoch: 181, Loss: 0.4976
Epoch: 186, Loss: 0.5175
Epoch: 191, Loss: 0.5313
Epoch: 196, Loss: 0.5212
Epoch: 201, Loss: 0.5263
Epoch: 206, Loss: 0.5228
Epoch: 211, Loss: 0.5191
Epoch: 216, Loss: 0.5158
Epoch: 221, Loss: 0.5138
Epoch: 226, Loss: 0.5119
Epoch: 231, Loss: 0.5109
Epoch: 236, Loss: 0.5097
Epoch: 241, Loss: 0.5089
Epoch: 246, Loss: 0.5082
Epoch: 251, Loss: 0.5077
Epoch: 256, Loss: 0.5072
Epoch: 261, Loss: 0.5067
Epoch: 266, Loss: 0.5062
Epoch: 271, Loss: 0.5058
Epoch: 276, Loss: 0.5053
Epoch: 281, Loss: 0.5049
Epoch: 286, Loss: 0.5046
Epoch: 291, Loss: 0.5042
Epoch: 296, Loss: 0.5039
Epoch: 301, Loss: 0.5049
Epoch: 306, Loss: 0.5048
Epoch: 311, Loss: 0.5048
Epoch: 316, Loss: 0.5043
Epoch: 321, Loss: 0.5038
Epoch: 326, Loss: 0.5037
Epoch: 331, Loss: 0.5062
Epoch: 336, Loss: 0.5055
Epoch: 341, Loss: 0.5052
Epoch: 346, Loss: 0.5046
Epoch: 351, Loss: 0.5040
Epoch: 356, Loss: 0.5035
Epoch: 361, Loss: 0.5032
Epoch: 366, Loss: 0.5030
Epoch: 371, Loss: 0.5027
Epoch: 376, Loss: 0.5026
Epoch: 381, Loss: 0.5024
Epoch: 386, Loss: 0.5022
Epoch: 391, Loss: 0.5021
Epoch: 396, Loss: 0.5019
Epoch: 401, Loss: 0.5054
Epoch: 406, Loss: 0.5020
Epoch: 411, Loss: 0.5135
Epoch: 416, Loss: 0.5150
Epoch: 421, Loss: 0.5042
Epoch: 426, Loss: 0.5073
Epoch: 431, Loss: 0.5058
Epoch: 436, Loss: 0.5032
Epoch: 441, Loss: 0.5043
Epoch: 446, Loss: 0.5018
Epoch: 451, Loss: 0.5014
Epoch: 456, Loss: 0.5009
Epoch: 461, Loss: 0.5009
Epoch: 466, Loss: 0.5006
Epoch: 471, Loss: 0.5006
Epoch: 476, Loss: 0.5005
Epoch: 481, Loss: 0.4997
Epoch: 486, Loss: 0.4993
Epoch: 491, Loss: 0.4989
Epoch: 496, Loss: 0.4984
Epoch: 501, Loss: 0.4977
Epoch: 506, Loss: 0.4972
Epoch: 511, Loss: 0.4969
Epoch: 516, Loss: 0.4966
Epoch: 521, Loss: 0.4964
Epoch: 526, Loss: 0.4962
Epoch: 531, Loss: 0.4960
Epoch: 536, Loss: 0.4958
Epoch: 541, Loss: 0.4956
Epoch: 546, Loss: 0.4955
Epoch: 551, Loss: 0.4953
Epoch: 556, Loss: 0.4952
Epoch: 561, Loss: 0.4951
Epoch: 566, Loss: 0.4950
Epoch: 571, Loss: 0.4949
Epoch: 576, Loss: 0.4947
Epoch: 581, Loss: 0.4948
Epoch: 586, Loss: 0.4977
Epoch: 591, Loss: 0.4985
Epoch: 596, Loss: 0.4973
Epoch: 601, Loss: 0.4956
Epoch: 606, Loss: 0.4947
Epoch: 611, Loss: 0.4945
Epoch: 616, Loss: 0.4943
Epoch: 621, Loss: 0.4943
Epoch: 626, Loss: 0.4939
Epoch: 631, Loss: 0.4941
Epoch: 636, Loss: 0.4942
Epoch: 641, Loss: 0.4972
Epoch: 646, Loss: 0.4958
Epoch: 651, Loss: 0.4953
Epoch: 656, Loss: 0.4939
Epoch: 661, Loss: 0.4933
Epoch: 666, Loss: 0.4941
Epoch: 671, Loss: 0.4930
Epoch: 676, Loss: 0.4930
Epoch: 681, Loss: 0.4956
Epoch: 686, Loss: 0.4978
Epoch: 691, Loss: 0.4947
Epoch: 696, Loss: 0.4936
Epoch: 701, Loss: 0.4929
Epoch: 706, Loss: 0.4922
Epoch: 711, Loss: 0.4920
Epoch: 716, Loss: 0.4920
Epoch: 721, Loss: 0.4916
Epoch: 726, Loss: 0.4914
Epoch: 731, Loss: 0.4913
Epoch: 736, Loss: 0.4941
Epoch: 741, Loss: 0.5081
Epoch: 746, Loss: 0.4951
Epoch: 751, Loss: 0.4924
Epoch: 756, Loss: 0.4941
Epoch: 761, Loss: 0.4929
Epoch: 766, Loss: 0.4911
Epoch: 771, Loss: 0.4915
Epoch: 776, Loss: 0.4906
Epoch: 781, Loss: 0.4907
Epoch: 786, Loss: 0.4903
Epoch: 791, Loss: 0.4901
Epoch: 796, Loss: 0.4899
Epoch: 801, Loss: 0.4897
Epoch: 806, Loss: 0.4896
Epoch: 811, Loss: 0.4894
Epoch: 816, Loss: 0.4892
Epoch: 821, Loss: 0.4890
Epoch: 826, Loss: 0.4925
Epoch: 831, Loss: 0.5078
Epoch: 836, Loss: 0.6291
Epoch: 841, Loss: 0.5672
Epoch: 846, Loss: 0.5252
Epoch: 851, Loss: 0.5089
Epoch: 856, Loss: 0.5079
Epoch: 861, Loss: 0.5052
Epoch: 866, Loss: 0.4997
Epoch: 871, Loss: 0.4991
Epoch: 876, Loss: 0.4975
Epoch: 881, Loss: 0.4974
Epoch: 886, Loss: 0.4963
Epoch: 891, Loss: 0.4957
Epoch: 896, Loss: 0.4952
Epoch: 901, Loss: 0.4952
Epoch: 906, Loss: 0.4951
Epoch: 911, Loss: 0.4945
Epoch: 916, Loss: 0.4942
Epoch: 921, Loss: 0.4938
Epoch: 926, Loss: 0.4937
Epoch: 931, Loss: 0.4935
Epoch: 936, Loss: 0.5267
Epoch: 941, Loss: 0.5262
Epoch: 946, Loss: 0.5216
Epoch: 951, Loss: 0.5174
Epoch: 956, Loss: 0.5055
Epoch: 961, Loss: 0.4990
Epoch: 966, Loss: 0.4984
Epoch: 971, Loss: 0.4955
Epoch: 976, Loss: 0.4933
Epoch: 981, Loss: 0.4921
Epoch: 986, Loss: 0.4918
Epoch: 991, Loss: 0.4919
Epoch: 996, Loss: 0.4972
Epoch: 1001, Loss: 0.4913
Elapsed time 0.0673 min
Epoch: 6, Loss: 0.4917
Epoch: 11, Loss: 0.4913
Epoch: 16, Loss: 0.4897
Epoch: 21, Loss: 0.4897
Epoch: 26, Loss: 0.4896
Epoch: 31, Loss: 0.4891
Epoch: 36, Loss: 0.4886
Epoch: 41, Loss: 0.4891
Epoch: 46, Loss: 0.4897
Epoch: 51, Loss: 0.4880
Epoch: 56, Loss: 0.4876
Epoch: 61, Loss: 0.4871
Epoch: 66, Loss: 0.4872
Epoch: 71, Loss: 0.4868
Epoch: 76, Loss: 0.4865
Epoch: 81, Loss: 0.4861
Epoch: 86, Loss: 0.4861
Epoch: 91, Loss: 0.4859
Epoch: 96, Loss: 0.4882
Epoch: 101, Loss: 0.4875
Epoch: 106, Loss: 0.4872
Epoch: 111, Loss: 0.4855
Epoch: 116, Loss: 0.4850
Epoch: 121, Loss: 0.4845
Epoch: 126, Loss: 0.4844
Epoch: 131, Loss: 0.4838
Epoch: 136, Loss: 0.4831
Epoch: 141, Loss: 0.4835
Epoch: 146, Loss: 0.4953
Epoch: 151, Loss: 0.4989
Epoch: 156, Loss: 0.4930
Epoch: 161, Loss: 0.4914
Epoch: 166, Loss: 0.5263
Epoch: 171, Loss: 0.5475
Epoch: 176, Loss: 0.5496
Epoch: 181, Loss: 0.5425
Epoch: 186, Loss: 0.5336
Epoch: 191, Loss: 0.5300
Epoch: 196, Loss: 0.5269
Epoch: 201, Loss: 0.5279
Epoch: 206, Loss: 0.5226
Epoch: 211, Loss: 0.5194
Epoch: 216, Loss: 0.5163
Epoch: 221, Loss: 0.5135
Epoch: 226, Loss: 0.5126
Epoch: 231, Loss: 0.5105
Epoch: 236, Loss: 0.5097
Epoch: 241, Loss: 0.5098
Epoch: 246, Loss: 0.5199
Epoch: 251, Loss: 0.5175
Epoch: 256, Loss: 0.5104
Epoch: 261, Loss: 0.5293
Epoch: 266, Loss: 0.5217
Epoch: 271, Loss: 0.5117
Epoch: 276, Loss: 0.5091
Epoch: 281, Loss: 0.5106
Epoch: 286, Loss: 0.5076
Epoch: 291, Loss: 0.5086
Epoch: 296, Loss: 0.5058
Epoch: 301, Loss: 0.5060
Epoch: 306, Loss: 0.5053
Epoch: 311, Loss: 0.5053
Epoch: 316, Loss: 0.5067
Epoch: 321, Loss: 0.5074
Epoch: 326, Loss: 0.5060
Epoch: 331, Loss: 0.5037
Epoch: 336, Loss: 0.5028
Epoch: 341, Loss: 0.5025
Epoch: 346, Loss: 0.5010
Epoch: 351, Loss: 0.7702
Epoch: 356, Loss: 0.5527
Epoch: 361, Loss: 0.5614
Epoch: 366, Loss: 0.5502
Epoch: 371, Loss: 0.5505
Epoch: 376, Loss: 0.5453
Epoch: 381, Loss: 0.5430
Epoch: 386, Loss: 0.5420
Epoch: 391, Loss: 0.5399
Epoch: 396, Loss: 0.5392
Epoch: 401, Loss: 0.5382
Epoch: 406, Loss: 0.5375
Epoch: 411, Loss: 0.5367
Epoch: 416, Loss: 0.5359
Epoch: 421, Loss: 0.5349
Epoch: 426, Loss: 0.5324
Epoch: 431, Loss: 0.5311
Epoch: 436, Loss: 0.5292
Epoch: 441, Loss: 0.5277
Epoch: 446, Loss: 0.5266
Epoch: 451, Loss: 0.5260
Epoch: 456, Loss: 0.5257
Epoch: 461, Loss: 0.5253
Epoch: 466, Loss: 0.5251
Epoch: 471, Loss: 0.5249
Epoch: 476, Loss: 0.5248
Epoch: 481, Loss: 0.5249
Epoch: 486, Loss: 0.5246
Epoch: 491, Loss: 0.5244
Epoch: 496, Loss: 0.5243
Epoch: 501, Loss: 0.5245
Epoch: 506, Loss: 0.5242
Epoch: 511, Loss: 0.5242
Epoch: 516, Loss: 0.5240
Epoch: 521, Loss: 0.5239
Epoch: 526, Loss: 0.5238
Epoch: 531, Loss: 0.5237
Epoch: 536, Loss: 0.5236
Epoch: 541, Loss: 0.5237
Epoch: 546, Loss: 0.5236
Epoch: 551, Loss: 0.5234
Epoch: 556, Loss: 0.5235
Epoch: 561, Loss: 0.5232
Epoch: 566, Loss: 0.5231
Epoch: 571, Loss: 0.5231
Epoch: 576, Loss: 0.5230
Epoch: 581, Loss: 0.5229
Epoch: 586, Loss: 0.5229
Epoch: 591, Loss: 0.5228
Epoch: 596, Loss: 0.5228
Epoch: 601, Loss: 0.5227
Epoch: 606, Loss: 0.5226
Epoch: 611, Loss: 0.5225
Epoch: 616, Loss: 0.5224
Epoch: 621, Loss: 0.5225
Epoch: 626, Loss: 0.5223
Epoch: 631, Loss: 0.5223
Epoch: 636, Loss: 0.5222
Epoch: 641, Loss: 0.5221
Epoch: 646, Loss: 0.5221
Epoch: 651, Loss: 0.5220
Epoch: 656, Loss: 0.5220
Epoch: 661, Loss: 0.5219
Epoch: 666, Loss: 0.5219
Epoch: 671, Loss: 0.5218
Epoch: 676, Loss: 0.5218
Epoch: 681, Loss: 0.5218
Epoch: 686, Loss: 0.5220
Epoch: 691, Loss: 0.5216
Epoch: 696, Loss: 0.5217
Epoch: 701, Loss: 0.5215
Epoch: 706, Loss: 0.5217
Epoch: 711, Loss: 0.5222
Epoch: 716, Loss: 0.5222
Epoch: 721, Loss: 0.5225
Epoch: 726, Loss: 0.5219
Epoch: 731, Loss: 0.5218
Epoch: 736, Loss: 0.5216
Epoch: 741, Loss: 0.5219
Epoch: 746, Loss: 0.5216
Epoch: 751, Loss: 0.5214
Epoch: 756, Loss: 0.5213
Epoch: 761, Loss: 0.5213
Epoch: 766, Loss: 0.5222
Epoch: 771, Loss: 0.5264
Epoch: 776, Loss: 0.5214
Epoch: 781, Loss: 0.5211
Epoch: 786, Loss: 0.5211
Epoch: 791, Loss: 0.5211
Epoch: 796, Loss: 0.5211
Epoch: 801, Loss: 0.5208
Epoch: 806, Loss: 0.5207
Epoch: 811, Loss: 0.5207
Epoch: 816, Loss: 0.5206
Epoch: 821, Loss: 0.5205
Epoch: 826, Loss: 0.5208
Epoch: 831, Loss: 0.5212
Epoch: 836, Loss: 0.5208
Epoch: 841, Loss: 0.5205
Epoch: 846, Loss: 0.5206
Epoch: 851, Loss: 0.5215
Epoch: 856, Loss: 0.5214
Epoch: 861, Loss: 0.5198
Epoch: 866, Loss: 0.5203
Epoch: 871, Loss: 0.5195
Epoch: 876, Loss: 0.5198
Epoch: 881, Loss: 0.5194
Epoch: 886, Loss: 0.5193
Epoch: 891, Loss: 0.5192
Epoch: 896, Loss: 0.5191
Epoch: 901, Loss: 0.5253
Epoch: 906, Loss: 0.5194
Epoch: 911, Loss: 0.5213
Epoch: 916, Loss: 0.5206
Epoch: 921, Loss: 0.5197
Epoch: 926, Loss: 0.5191
Epoch: 931, Loss: 0.5184
Epoch: 936, Loss: 0.5184
Epoch: 941, Loss: 0.5182
Epoch: 946, Loss: 0.5183
Epoch: 951, Loss: 0.5180
Epoch: 956, Loss: 0.5181
Epoch: 961, Loss: 0.5177
Epoch: 966, Loss: 0.5179
Epoch: 971, Loss: 0.5176
Epoch: 976, Loss: 0.5175
Epoch: 981, Loss: 0.5172
Epoch: 986, Loss: 0.5172
Epoch: 991, Loss: 0.5170
Epoch: 996, Loss: 0.5169
Epoch: 1001, Loss: 0.5168
Elapsed time 0.0643 min
Epoch: 6, Loss: 0.5167
Epoch: 11, Loss: 0.5166
Epoch: 16, Loss: 0.5168
Epoch: 21, Loss: 0.5169
Epoch: 26, Loss: 0.5168
Epoch: 31, Loss: 0.5163
Epoch: 36, Loss: 0.5163
Epoch: 41, Loss: 0.5160
Epoch: 46, Loss: 0.5160
Epoch: 51, Loss: 0.5160
Epoch: 56, Loss: 0.5155
Epoch: 61, Loss: 0.5158
Epoch: 66, Loss: 0.5158
Epoch: 71, Loss: 0.5152
Epoch: 76, Loss: 0.5151
Epoch: 81, Loss: 0.5150
Epoch: 86, Loss: 0.5151
Epoch: 91, Loss: 0.5181
Epoch: 96, Loss: 0.5206
Epoch: 101, Loss: 0.5178
Epoch: 106, Loss: 0.5169
Epoch: 111, Loss: 0.5164
Epoch: 116, Loss: 0.5163
Epoch: 121, Loss: 0.5159
Epoch: 126, Loss: 0.5155
Epoch: 131, Loss: 0.5152
Epoch: 136, Loss: 0.5150
Epoch: 141, Loss: 0.5149
Epoch: 146, Loss: 0.5147
Epoch: 151, Loss: 0.5147
Epoch: 156, Loss: 0.5145
Epoch: 161, Loss: 0.5144
Epoch: 166, Loss: 0.5142
Epoch: 171, Loss: 0.5141
Epoch: 176, Loss: 0.5140
Epoch: 181, Loss: 0.5139
Epoch: 186, Loss: 0.5137
Epoch: 191, Loss: 0.5136
Epoch: 196, Loss: 0.5136
Epoch: 201, Loss: 0.5134
Epoch: 206, Loss: 0.5133
Epoch: 211, Loss: 0.5131
Epoch: 216, Loss: 0.5131
Epoch: 221, Loss: 0.5128
Epoch: 226, Loss: 0.5127
Epoch: 231, Loss: 0.5126
Epoch: 236, Loss: 0.5125
Epoch: 241, Loss: 0.5124
Epoch: 246, Loss: 0.5122
Epoch: 251, Loss: 0.5121
Epoch: 256, Loss: 0.5126
Epoch: 261, Loss: 0.5165
Epoch: 266, Loss: 0.5152
Epoch: 271, Loss: 0.5141
Epoch: 276, Loss: 0.5136
Epoch: 281, Loss: 0.5128
Epoch: 286, Loss: 0.5124
Epoch: 291, Loss: 0.5121
Epoch: 296, Loss: 0.5118
Epoch: 301, Loss: 0.5115
Epoch: 306, Loss: 0.5113
Epoch: 311, Loss: 0.5110
Epoch: 316, Loss: 0.5108
Epoch: 321, Loss: 0.5106
Epoch: 326, Loss: 0.5105
Epoch: 331, Loss: 0.5104
Epoch: 336, Loss: 0.5103
Epoch: 341, Loss: 0.5102
Epoch: 346, Loss: 0.5101
Epoch: 351, Loss: 0.5100
Epoch: 356, Loss: 0.5101
Epoch: 361, Loss: 0.5133
Epoch: 366, Loss: 0.5148
Epoch: 371, Loss: 0.5130
Epoch: 376, Loss: 0.5120
Epoch: 381, Loss: 0.5121
Epoch: 386, Loss: 0.5121
Epoch: 391, Loss: 0.5116
Epoch: 396, Loss: 0.5116
Epoch: 401, Loss: 0.5114
Epoch: 406, Loss: 0.5113
Epoch: 411, Loss: 0.5112
Epoch: 416, Loss: 0.5110
Epoch: 421, Loss: 0.5109
Epoch: 426, Loss: 0.5108
Epoch: 431, Loss: 0.5107
Epoch: 436, Loss: 0.5106
Epoch: 441, Loss: 0.5107
Epoch: 446, Loss: 0.5107
Epoch: 451, Loss: 0.5105
Epoch: 456, Loss: 0.5103
Epoch: 461, Loss: 0.5103
Epoch: 466, Loss: 0.5101
Epoch: 471, Loss: 0.5100
Epoch: 476, Loss: 0.5099
Epoch: 481, Loss: 0.5098
Epoch: 486, Loss: 0.5097
Epoch: 491, Loss: 0.5095
Epoch: 496, Loss: 0.5095
Epoch: 501, Loss: 0.5093
Epoch: 506, Loss: 0.5092
Epoch: 511, Loss: 0.5090
Epoch: 516, Loss: 0.5088
Epoch: 521, Loss: 0.5087
Epoch: 526, Loss: 0.5085
Epoch: 531, Loss: 0.5084
Epoch: 536, Loss: 0.5081
Epoch: 541, Loss: 0.5078
Epoch: 546, Loss: 0.5076
Epoch: 551, Loss: 0.5075
Epoch: 556, Loss: 0.5073
Epoch: 561, Loss: 0.5071
Epoch: 566, Loss: 0.5068
Epoch: 571, Loss: 0.5067
Epoch: 576, Loss: 0.5065
Epoch: 581, Loss: 0.5065
Epoch: 586, Loss: 0.5062
Epoch: 591, Loss: 0.5060
Epoch: 596, Loss: 0.5059
Epoch: 601, Loss: 0.5057
Epoch: 606, Loss: 0.5056
Epoch: 611, Loss: 0.5054
Epoch: 616, Loss: 0.5052
Epoch: 621, Loss: 0.5050
Epoch: 626, Loss: 0.5048
Epoch: 631, Loss: 0.5046
Epoch: 636, Loss: 0.5044
Epoch: 641, Loss: 0.5043
Epoch: 646, Loss: 0.5041
Epoch: 651, Loss: 0.5040
Epoch: 656, Loss: 0.5039
Epoch: 661, Loss: 0.5042
Epoch: 666, Loss: 0.5039
Epoch: 671, Loss: 0.5036
Epoch: 676, Loss: 0.5035
Epoch: 681, Loss: 0.5033
Epoch: 686, Loss: 0.5033
Epoch: 691, Loss: 0.5035
Epoch: 696, Loss: 0.5076
Epoch: 701, Loss: 0.5031
Epoch: 706, Loss: 0.5030
Epoch: 711, Loss: 0.5029
Epoch: 716, Loss: 0.5027
Epoch: 721, Loss: 0.5027
Epoch: 726, Loss: 0.5023
Epoch: 731, Loss: 0.5023
Epoch: 736, Loss: 0.5023
Epoch: 741, Loss: 0.5029
Epoch: 746, Loss: 0.5041
Epoch: 751, Loss: 0.5007
Epoch: 756, Loss: 0.5002
Epoch: 761, Loss: 0.5001
Epoch: 766, Loss: 0.4998
Epoch: 771, Loss: 0.4995
Epoch: 776, Loss: 0.4994
Epoch: 781, Loss: 0.4992
Epoch: 786, Loss: 0.4990
Epoch: 791, Loss: 0.4995
Epoch: 796, Loss: 0.5117
Epoch: 801, Loss: 0.5038
Epoch: 806, Loss: 0.5018
Epoch: 811, Loss: 0.4987
Epoch: 816, Loss: 0.4993
Epoch: 821, Loss: 0.4990
Epoch: 826, Loss: 0.4985
Epoch: 831, Loss: 0.4983
Epoch: 836, Loss: 0.4982
Epoch: 841, Loss: 0.4981
Epoch: 846, Loss: 0.4980
Epoch: 851, Loss: 0.4979
Epoch: 856, Loss: 0.4978
Epoch: 861, Loss: 0.4979
Epoch: 866, Loss: 0.4976
Epoch: 871, Loss: 0.4980
Epoch: 876, Loss: 0.5001
Epoch: 881, Loss: 0.4975
Epoch: 886, Loss: 0.4985
Epoch: 891, Loss: 0.4973
Epoch: 896, Loss: 0.4975
Epoch: 901, Loss: 0.4970
Epoch: 906, Loss: 0.4969
Epoch: 911, Loss: 0.5004
Epoch: 916, Loss: 0.4998
Epoch: 921, Loss: 0.4997
Epoch: 926, Loss: 0.4974
Epoch: 931, Loss: 0.4968
Epoch: 936, Loss: 0.4967
Epoch: 941, Loss: 0.4966
Epoch: 946, Loss: 0.4965
Epoch: 951, Loss: 0.4965
Epoch: 956, Loss: 0.4965
Epoch: 961, Loss: 0.4968
Epoch: 966, Loss: 0.4964
Epoch: 971, Loss: 0.4967
Epoch: 976, Loss: 0.4969
Epoch: 981, Loss: 0.4962
Epoch: 986, Loss: 0.4968
Epoch: 991, Loss: 0.5027
Epoch: 996, Loss: 0.4965
Epoch: 1001, Loss: 0.4961
Elapsed time 0.0676 min
Epoch: 6, Loss: 0.4962
Epoch: 11, Loss: 0.4963
Epoch: 16, Loss: 0.4960
Epoch: 21, Loss: 0.4959
Epoch: 26, Loss: 0.4959
Epoch: 31, Loss: 0.4959
Epoch: 36, Loss: 0.4963
Epoch: 41, Loss: 0.4958
Epoch: 46, Loss: 0.4959
Epoch: 51, Loss: 0.4958
Epoch: 56, Loss: 0.4963
Epoch: 61, Loss: 0.4961
Epoch: 66, Loss: 0.4962
Epoch: 71, Loss: 0.4961
Epoch: 76, Loss: 0.4961
Epoch: 81, Loss: 0.4956
Epoch: 86, Loss: 0.4978
Epoch: 91, Loss: 0.4964
Epoch: 96, Loss: 0.4971
Epoch: 101, Loss: 0.4957
Epoch: 106, Loss: 0.4959
Epoch: 111, Loss: 0.4954
Epoch: 116, Loss: 0.4954
Epoch: 121, Loss: 0.4962
Epoch: 126, Loss: 0.4955
Epoch: 131, Loss: 0.4956
Epoch: 136, Loss: 0.4959
Epoch: 141, Loss: 0.4952
Epoch: 146, Loss: 0.4953
Epoch: 151, Loss: 0.4953
Epoch: 156, Loss: 0.4952
Epoch: 161, Loss: 0.4952
Epoch: 166, Loss: 0.4965
Epoch: 171, Loss: 0.5029
Epoch: 176, Loss: 0.4979
Epoch: 181, Loss: 0.4967
Epoch: 186, Loss: 0.4965
Epoch: 191, Loss: 0.4957
Epoch: 196, Loss: 0.4958
Epoch: 201, Loss: 0.4955
Epoch: 206, Loss: 0.4952
Epoch: 211, Loss: 0.4952
Epoch: 216, Loss: 0.4953
Epoch: 221, Loss: 0.4950
Epoch: 226, Loss: 0.4950
Epoch: 231, Loss: 0.4953
Epoch: 236, Loss: 0.4949
Epoch: 241, Loss: 0.4949
Epoch: 246, Loss: 0.4950
Epoch: 251, Loss: 0.4952
Epoch: 256, Loss: 0.4948
Epoch: 261, Loss: 0.4957
Epoch: 266, Loss: 0.4970
Epoch: 271, Loss: 0.4949
Epoch: 276, Loss: 0.4953
Epoch: 281, Loss: 0.4948
Epoch: 286, Loss: 0.4948
Epoch: 291, Loss: 0.4949
Epoch: 296, Loss: 0.4965
Epoch: 301, Loss: 0.4959
Epoch: 306, Loss: 0.4957
Epoch: 311, Loss: 0.4950
Epoch: 316, Loss: 0.4951
Epoch: 321, Loss: 0.4953
Epoch: 326, Loss: 0.4946
Epoch: 331, Loss: 0.4947
Epoch: 336, Loss: 0.4954
Epoch: 341, Loss: 0.4960
Epoch: 346, Loss: 0.4946
Epoch: 351, Loss: 0.4953
Epoch: 356, Loss: 0.4952
Epoch: 361, Loss: 0.4953
Epoch: 366, Loss: 0.4945
Epoch: 371, Loss: 0.4948
Epoch: 376, Loss: 0.4971
Epoch: 381, Loss: 0.4957
Epoch: 386, Loss: 0.4948
Epoch: 391, Loss: 0.4948
Epoch: 396, Loss: 0.4945
Epoch: 401, Loss: 0.4944
Epoch: 406, Loss: 0.4949
Epoch: 411, Loss: 0.4960
Epoch: 416, Loss: 0.4945
Epoch: 421, Loss: 0.4947
Epoch: 426, Loss: 0.4965
Epoch: 431, Loss: 0.4954
Epoch: 436, Loss: 0.4946
Epoch: 441, Loss: 0.4947
Epoch: 446, Loss: 0.4942
Epoch: 451, Loss: 0.4945
Epoch: 456, Loss: 0.4959
Epoch: 461, Loss: 0.4952
Epoch: 466, Loss: 0.4947
Epoch: 471, Loss: 0.4950
Epoch: 476, Loss: 0.4942
Epoch: 481, Loss: 0.4958
Epoch: 486, Loss: 0.4948
Epoch: 491, Loss: 0.4943
Epoch: 496, Loss: 0.4949
Epoch: 501, Loss: 0.4953
Epoch: 506, Loss: 0.4942
Epoch: 511, Loss: 0.4944
Epoch: 516, Loss: 0.4946
Epoch: 521, Loss: 0.4949
Epoch: 526, Loss: 0.4953
Epoch: 531, Loss: 0.4941
Epoch: 536, Loss: 0.4949
Epoch: 541, Loss: 0.4968
Epoch: 546, Loss: 0.4940
Epoch: 551, Loss: 0.4948
Epoch: 556, Loss: 0.4940
Epoch: 561, Loss: 0.4952
Epoch: 566, Loss: 0.4946
Epoch: 571, Loss: 0.4941
Epoch: 576, Loss: 0.4945
Epoch: 581, Loss: 0.4946
Epoch: 586, Loss: 0.4940
Epoch: 591, Loss: 0.4945
Epoch: 596, Loss: 0.4964
Epoch: 601, Loss: 0.4941
Epoch: 606, Loss: 0.4954
Epoch: 611, Loss: 0.4939
Epoch: 616, Loss: 0.4946
Epoch: 621, Loss: 0.4944
Epoch: 626, Loss: 0.4938
Epoch: 631, Loss: 0.4939
Epoch: 636, Loss: 0.4951
Epoch: 641, Loss: 0.4952
Epoch: 646, Loss: 0.4938
Epoch: 651, Loss: 0.4948
Epoch: 656, Loss: 0.4950
Epoch: 661, Loss: 0.4939
Epoch: 666, Loss: 0.4947
Epoch: 671, Loss: 0.4940
Epoch: 676, Loss: 0.4938
Epoch: 681, Loss: 0.4938
Epoch: 686, Loss: 0.4948
Epoch: 691, Loss: 0.4969
Epoch: 696, Loss: 0.4937
Epoch: 701, Loss: 0.4949
Epoch: 706, Loss: 0.4937
Epoch: 711, Loss: 0.4951
Epoch: 716, Loss: 0.4939
Epoch: 721, Loss: 0.4939
Epoch: 726, Loss: 0.4940
Epoch: 731, Loss: 0.4943
Epoch: 736, Loss: 0.4941
Epoch: 741, Loss: 0.4939
Epoch: 746, Loss: 0.4961
Epoch: 751, Loss: 0.4939
Epoch: 756, Loss: 0.4949
Epoch: 761, Loss: 0.4937
Epoch: 766, Loss: 0.4941
Epoch: 771, Loss: 0.4942
Epoch: 776, Loss: 0.4939
Epoch: 781, Loss: 0.4936
Epoch: 786, Loss: 0.4945
Epoch: 791, Loss: 0.4956
Epoch: 796, Loss: 0.4941
Epoch: 801, Loss: 0.4939
Epoch: 806, Loss: 0.4940
Epoch: 811, Loss: 0.4950
Epoch: 816, Loss: 0.4961
Epoch: 821, Loss: 0.4938
Epoch: 826, Loss: 0.4939
Epoch: 831, Loss: 0.4939
Epoch: 836, Loss: 0.4945
Epoch: 841, Loss: 0.4957
Epoch: 846, Loss: 0.4937
Epoch: 851, Loss: 0.4943
Epoch: 856, Loss: 0.4941
Epoch: 861, Loss: 0.4937
Epoch: 866, Loss: 0.4941
Epoch: 871, Loss: 0.4966
Epoch: 876, Loss: 0.4952
Epoch: 881, Loss: 0.4937
Epoch: 886, Loss: 0.4939
Epoch: 891, Loss: 0.4936
Epoch: 896, Loss: 0.4937
Epoch: 901, Loss: 0.4937
Epoch: 906, Loss: 0.4944
Epoch: 911, Loss: 0.4991
Epoch: 916, Loss: 0.4947
Epoch: 921, Loss: 0.4952
Epoch: 926, Loss: 0.4945
Epoch: 931, Loss: 0.4939
Epoch: 936, Loss: 0.4961
Epoch: 941, Loss: 0.4949
Epoch: 946, Loss: 0.4938
Epoch: 951, Loss: 0.4952
Epoch: 956, Loss: 0.4943
Epoch: 961, Loss: 0.4941
Epoch: 966, Loss: 0.4948
Epoch: 971, Loss: 0.4939
Epoch: 976, Loss: 0.4965
Epoch: 981, Loss: 0.4952
Epoch: 986, Loss: 0.4958
Epoch: 991, Loss: 0.4987
Epoch: 996, Loss: 0.4941
Epoch: 1001, Loss: 0.4950
Elapsed time 0.0674 min
Epoch: 6, Loss: 0.4997
Epoch: 11, Loss: 0.4941
Epoch: 16, Loss: 0.5005
Epoch: 21, Loss: 0.4948
Epoch: 26, Loss: 0.4975
Epoch: 31, Loss: 0.4952
Epoch: 36, Loss: 0.4943
Epoch: 41, Loss: 0.4939
Epoch: 46, Loss: 0.4965
Epoch: 51, Loss: 0.5098
Epoch: 56, Loss: 0.4961
Epoch: 61, Loss: 0.4973
Epoch: 66, Loss: 0.4975
Epoch: 71, Loss: 0.4943
Epoch: 76, Loss: 0.4955
Epoch: 81, Loss: 0.4942
Epoch: 86, Loss: 0.4941
Epoch: 91, Loss: 0.4948
Epoch: 96, Loss: 0.4944
Epoch: 101, Loss: 0.4943
Epoch: 106, Loss: 0.4942
Epoch: 111, Loss: 0.4943
Epoch: 116, Loss: 0.4945
Epoch: 121, Loss: 0.4941
Epoch: 126, Loss: 0.4943
Epoch: 131, Loss: 0.4941
Epoch: 136, Loss: 0.4944
Epoch: 141, Loss: 0.4968
Epoch: 146, Loss: 0.5012
Epoch: 151, Loss: 0.5030
Epoch: 156, Loss: 0.4950
Epoch: 161, Loss: 0.5030
Epoch: 166, Loss: 0.4961
Epoch: 171, Loss: 0.4975
Epoch: 176, Loss: 0.4979
Epoch: 181, Loss: 0.4958
Epoch: 186, Loss: 0.4956
Epoch: 191, Loss: 0.4954
Epoch: 196, Loss: 0.4950
Epoch: 201, Loss: 0.4943
Epoch: 206, Loss: 0.4956
Epoch: 211, Loss: 0.4977
Epoch: 216, Loss: 0.4979
Epoch: 221, Loss: 0.5037
Epoch: 226, Loss: 0.5045
Epoch: 231, Loss: 0.5061
Epoch: 236, Loss: 0.5010
Epoch: 241, Loss: 0.5025
Epoch: 246, Loss: 0.4999
Epoch: 251, Loss: 0.5074
Epoch: 256, Loss: 0.5045
Epoch: 261, Loss: 0.5025
Epoch: 266, Loss: 0.5050
Epoch: 271, Loss: 0.5021
Epoch: 276, Loss: 0.5016
Epoch: 281, Loss: 0.5164
Epoch: 286, Loss: 0.5025
Epoch: 291, Loss: 0.5469
Epoch: 296, Loss: 0.5128
Epoch: 301, Loss: 0.5097
Epoch: 306, Loss: 0.5139
Epoch: 311, Loss: 0.5142
Epoch: 316, Loss: 0.5051
Epoch: 321, Loss: 0.5081
Epoch: 326, Loss: 0.5054
Epoch: 331, Loss: 0.5052
Epoch: 336, Loss: 0.5048
Epoch: 341, Loss: 0.5123
Epoch: 346, Loss: 0.5080
Epoch: 351, Loss: 0.5108
Epoch: 356, Loss: 0.5074
Epoch: 361, Loss: 0.5047
Epoch: 366, Loss: 0.5036
Epoch: 371, Loss: 0.5034
Epoch: 376, Loss: 0.5111
Epoch: 381, Loss: 0.5035
Epoch: 386, Loss: 0.5045
Epoch: 391, Loss: 0.5026
Epoch: 396, Loss: 0.5028
Epoch: 401, Loss: 0.5025
Epoch: 406, Loss: 0.5026
Epoch: 411, Loss: 0.5041
Epoch: 416, Loss: 0.5077
Epoch: 421, Loss: 0.5067
Epoch: 426, Loss: 0.5156
Epoch: 431, Loss: 0.5059
Epoch: 436, Loss: 0.5070
Epoch: 441, Loss: 0.5318
Epoch: 446, Loss: 0.5135
Epoch: 451, Loss: 0.5139
Epoch: 456, Loss: 0.5104
Epoch: 461, Loss: 0.5145
Epoch: 466, Loss: 0.5148
Epoch: 471, Loss: 0.5160
Epoch: 476, Loss: 0.5158
Epoch: 481, Loss: 0.5170
Epoch: 486, Loss: 0.5117
Epoch: 491, Loss: 0.5122
Epoch: 496, Loss: 0.5097
Epoch: 501, Loss: 0.5085
Epoch: 506, Loss: 0.5077
Epoch: 511, Loss: 0.5069
Epoch: 516, Loss: 0.5130
Epoch: 521, Loss: 0.5093
Epoch: 526, Loss: 0.5280
Epoch: 531, Loss: 0.5227
Epoch: 536, Loss: 0.5268
Epoch: 541, Loss: 0.5932
Epoch: 546, Loss: 0.5839
Epoch: 551, Loss: 0.5560
Epoch: 556, Loss: 0.5323
Epoch: 561, Loss: 0.5132
Epoch: 566, Loss: 0.5145
Epoch: 571, Loss: 0.5112
Epoch: 576, Loss: 0.5135
Epoch: 581, Loss: 0.5155
Epoch: 586, Loss: 0.5186
Epoch: 591, Loss: 0.5217
Epoch: 596, Loss: 0.5222
Epoch: 601, Loss: 0.5263
Epoch: 606, Loss: 0.5407
Epoch: 611, Loss: 0.5454
Epoch: 616, Loss: 0.5268
Epoch: 621, Loss: 0.5309
Epoch: 626, Loss: 0.5229
Epoch: 631, Loss: 0.5217
Epoch: 636, Loss: 0.5169
Epoch: 641, Loss: 0.5361
Epoch: 646, Loss: 0.6210
Epoch: 651, Loss: 0.5334
Epoch: 656, Loss: 0.5980
Epoch: 661, Loss: 0.6192
Epoch: 666, Loss: 0.5783
Epoch: 671, Loss: 0.5576
Epoch: 676, Loss: 0.5594
Epoch: 681, Loss: 0.5399
Epoch: 686, Loss: 0.5442
Epoch: 691, Loss: 0.5377
Epoch: 696, Loss: 0.5470
Epoch: 701, Loss: 0.5321
Epoch: 706, Loss: 0.5378
Epoch: 711, Loss: 0.5376
Epoch: 716, Loss: 0.5336
Epoch: 721, Loss: 0.5336
Epoch: 726, Loss: 0.5337
Epoch: 731, Loss: 0.5359
Epoch: 736, Loss: 0.5363
Epoch: 741, Loss: 0.5465
Epoch: 746, Loss: 0.5502
Epoch: 751, Loss: 0.5380
Epoch: 756, Loss: 0.5443
Epoch: 761, Loss: 0.5531
Epoch: 766, Loss: 0.5443
Epoch: 771, Loss: 0.5607
Epoch: 776, Loss: 0.5851
Epoch: 781, Loss: 0.5580
Epoch: 786, Loss: 0.5413
Epoch: 791, Loss: 0.5405
Epoch: 796, Loss: 0.5858
Epoch: 801, Loss: 0.5754
Epoch: 806, Loss: 0.6330
Epoch: 811, Loss: 0.5864
Epoch: 816, Loss: 0.5780
Epoch: 821, Loss: 0.5776
Epoch: 826, Loss: 0.5865
Epoch: 831, Loss: 0.5685
Epoch: 836, Loss: 0.5701
Epoch: 841, Loss: 0.5568
Epoch: 846, Loss: 0.5631
Epoch: 851, Loss: 0.5646
Epoch: 856, Loss: 0.5972
Epoch: 861, Loss: 0.5880
Epoch: 866, Loss: 0.5609
Epoch: 871, Loss: 0.5703
Epoch: 876, Loss: 0.5634
Epoch: 881, Loss: 0.5668
Epoch: 886, Loss: 0.5803
Epoch: 891, Loss: 0.6087
Epoch: 896, Loss: 0.6117
Epoch: 901, Loss: 0.5670
Epoch: 906, Loss: 0.5695
Epoch: 911, Loss: 0.5614
Epoch: 916, Loss: 0.5602
Epoch: 921, Loss: 0.5541
Epoch: 926, Loss: 0.7560
Epoch: 931, Loss: 0.6420
Epoch: 936, Loss: 0.6545
Epoch: 941, Loss: 0.6059
Epoch: 946, Loss: 0.5706
Epoch: 951, Loss: 0.5753
Epoch: 956, Loss: 0.5747
Epoch: 961, Loss: 0.5628
Epoch: 966, Loss: 0.5584
Epoch: 971, Loss: 0.5546
Epoch: 976, Loss: 0.5546
Epoch: 981, Loss: 0.5648
Epoch: 986, Loss: 0.5574
Epoch: 991, Loss: 0.5523
Epoch: 996, Loss: 0.5537
Epoch: 1001, Loss: 0.5523
Elapsed time 0.0674 min
Epoch: 6, Loss: 0.5515
Epoch: 11, Loss: 0.5518
Epoch: 16, Loss: 0.5514
Epoch: 21, Loss: 0.5509
Epoch: 26, Loss: 0.5507
Epoch: 31, Loss: 0.5507
Epoch: 36, Loss: 0.5509
Epoch: 41, Loss: 0.5504
Epoch: 46, Loss: 0.5496
Epoch: 51, Loss: 0.5494
Epoch: 56, Loss: 0.5497
Epoch: 61, Loss: 0.5497
Epoch: 66, Loss: 0.5496
Epoch: 71, Loss: 0.5512
Epoch: 76, Loss: 0.5822
Epoch: 81, Loss: 0.5889
Epoch: 86, Loss: 0.5667
Epoch: 91, Loss: 0.5551
Epoch: 96, Loss: 0.5534
Epoch: 101, Loss: 0.5575
Epoch: 106, Loss: 0.5553
Epoch: 111, Loss: 0.5516
Epoch: 116, Loss: 0.5555
Epoch: 121, Loss: 0.6106
Epoch: 126, Loss: 0.5965
Epoch: 131, Loss: 0.5715
Epoch: 136, Loss: 0.5554
Epoch: 141, Loss: 0.5571
Epoch: 146, Loss: 0.5587
Epoch: 151, Loss: 0.5562
Epoch: 156, Loss: 0.5536
Epoch: 161, Loss: 0.5515
Epoch: 166, Loss: 0.5517
Epoch: 171, Loss: 0.5513
Epoch: 176, Loss: 0.5512
Epoch: 181, Loss: 0.5510
Epoch: 186, Loss: 0.5508
Epoch: 191, Loss: 0.5530
Epoch: 196, Loss: 0.5517
Epoch: 201, Loss: 0.5521
Epoch: 206, Loss: 0.5518
Epoch: 211, Loss: 0.5517
Epoch: 216, Loss: 0.5516
Epoch: 221, Loss: 0.5517
Epoch: 226, Loss: 0.5530
Epoch: 231, Loss: 0.5542
Epoch: 236, Loss: 0.5578
Epoch: 241, Loss: 0.5713
Epoch: 246, Loss: 0.5569
Epoch: 251, Loss: 0.5557
Epoch: 256, Loss: 0.5564
Epoch: 261, Loss: 0.5535
Epoch: 266, Loss: 0.5527
Epoch: 271, Loss: 0.5550
Epoch: 276, Loss: 0.5542
Epoch: 281, Loss: 0.5525
Epoch: 286, Loss: 0.5536
Epoch: 291, Loss: 0.5557
Epoch: 296, Loss: 0.5752
Epoch: 301, Loss: 0.6286
Epoch: 306, Loss: 0.5665
Epoch: 311, Loss: 0.5776
Epoch: 316, Loss: 0.5615
Epoch: 321, Loss: 0.5774
Epoch: 326, Loss: 0.5644
Epoch: 331, Loss: 0.5584
Epoch: 336, Loss: 0.5679
Epoch: 341, Loss: 0.6153
Epoch: 346, Loss: 0.5900
Epoch: 351, Loss: 0.5607
Epoch: 356, Loss: 0.5643
Epoch: 361, Loss: 0.5596
Epoch: 366, Loss: 0.5600
Epoch: 371, Loss: 0.5591
Epoch: 376, Loss: 0.5580
Epoch: 381, Loss: 0.5578
Epoch: 386, Loss: 0.5612
Epoch: 391, Loss: 0.5606
Epoch: 396, Loss: 0.5561
Epoch: 401, Loss: 0.5563
Epoch: 406, Loss: 0.5616
Epoch: 411, Loss: 0.6123
Epoch: 416, Loss: 0.5639
Epoch: 421, Loss: 0.5581
Epoch: 426, Loss: 0.5581
Epoch: 431, Loss: 0.5581
Epoch: 436, Loss: 0.5628
Epoch: 441, Loss: 0.5573
Epoch: 446, Loss: 0.5608
Epoch: 451, Loss: 1.3402
Epoch: 456, Loss: 0.6017
Epoch: 461, Loss: 1.3651
Epoch: 466, Loss: 0.6867
Epoch: 471, Loss: 0.9166
Epoch: 476, Loss: 0.6089
Epoch: 481, Loss: 0.6839
Epoch: 486, Loss: 0.6413
Epoch: 491, Loss: 0.6109
Epoch: 496, Loss: 0.6161
Epoch: 501, Loss: 0.6178
Epoch: 506, Loss: 0.6106
Epoch: 511, Loss: 0.6069
Epoch: 516, Loss: 0.6077
Epoch: 521, Loss: 0.6068
Epoch: 526, Loss: 0.6052
Epoch: 531, Loss: 0.6048
Epoch: 536, Loss: 0.6041
Epoch: 541, Loss: 0.6032
Epoch: 546, Loss: 0.6025
Epoch: 551, Loss: 0.6016
Epoch: 556, Loss: 0.6007
Epoch: 561, Loss: 0.5997
Epoch: 566, Loss: 0.5987
Epoch: 571, Loss: 0.5975
Epoch: 576, Loss: 0.5963
Epoch: 581, Loss: 0.5950
Epoch: 586, Loss: 0.5937
Epoch: 591, Loss: 0.5924
Epoch: 596, Loss: 0.5912
Epoch: 601, Loss: 0.5902
Epoch: 606, Loss: 0.5894
Epoch: 611, Loss: 0.5887
Epoch: 616, Loss: 0.5883
Epoch: 621, Loss: 0.5880
Epoch: 626, Loss: 0.5876
Epoch: 631, Loss: 0.5873
Epoch: 636, Loss: 0.5869
Epoch: 641, Loss: 0.5864
Epoch: 646, Loss: 0.5859
Epoch: 651, Loss: 0.5855
Epoch: 656, Loss: 0.5850
Epoch: 661, Loss: 0.5845
Epoch: 666, Loss: 0.5841
Epoch: 671, Loss: 0.5836
Epoch: 676, Loss: 0.5831
Epoch: 681, Loss: 0.5824
Epoch: 686, Loss: 0.5817
Epoch: 691, Loss: 0.5809
Epoch: 696, Loss: 0.5801
Epoch: 701, Loss: 0.5793
Epoch: 706, Loss: 0.5784
Epoch: 711, Loss: 0.5815
Epoch: 716, Loss: 0.5916
Epoch: 721, Loss: 0.5779
Epoch: 726, Loss: 0.5988
Epoch: 731, Loss: 0.5840
Epoch: 736, Loss: 0.5784
Epoch: 741, Loss: 0.5866
Epoch: 746, Loss: 0.5769
Epoch: 751, Loss: 0.5791
Epoch: 756, Loss: 0.5756
Epoch: 761, Loss: 0.5747
Epoch: 766, Loss: 0.5744
Epoch: 771, Loss: 0.5789
Epoch: 776, Loss: 0.5897
Epoch: 781, Loss: 0.5878
Epoch: 786, Loss: 0.5802
Epoch: 791, Loss: 0.5740
Epoch: 796, Loss: 0.5756
Epoch: 801, Loss: 0.5764
Epoch: 806, Loss: 0.5890
Epoch: 811, Loss: 0.5833
Epoch: 816, Loss: 0.5801
Epoch: 821, Loss: 0.5741
Epoch: 826, Loss: 0.5785
Epoch: 831, Loss: 0.5769
Epoch: 836, Loss: 0.5799
Epoch: 841, Loss: 0.6090
Epoch: 846, Loss: 0.5735
Epoch: 851, Loss: 0.5797
Epoch: 856, Loss: 0.5767
Epoch: 861, Loss: 0.5736
Epoch: 866, Loss: 0.5828
Epoch: 871, Loss: 0.6034
Epoch: 876, Loss: 0.5753
Epoch: 881, Loss: 0.5830
Epoch: 886, Loss: 0.5804
Epoch: 891, Loss: 0.5777
Epoch: 896, Loss: 0.5736
Epoch: 901, Loss: 0.5851
Epoch: 906, Loss: 0.6249
Epoch: 911, Loss: 0.5931
Epoch: 916, Loss: 0.5838
Epoch: 921, Loss: 0.5795
Epoch: 926, Loss: 0.5779
Epoch: 931, Loss: 0.5740
Epoch: 936, Loss: 0.5766
Epoch: 941, Loss: 0.5745
Epoch: 946, Loss: 0.5859
Epoch: 951, Loss: 0.6144
Epoch: 956, Loss: 0.5920
Epoch: 961, Loss: 0.5749
Epoch: 966, Loss: 0.5800
Epoch: 971, Loss: 0.5788
Epoch: 976, Loss: 0.5748
Epoch: 981, Loss: 0.5742
Epoch: 986, Loss: 0.5737
Epoch: 991, Loss: 0.5738
Epoch: 996, Loss: 0.5736
Epoch: 1001, Loss: 0.5729
Elapsed time 0.0648 min
Epoch: 6, Loss: 0.5740
Epoch: 11, Loss: 0.6350
Epoch: 16, Loss: 0.5831
Epoch: 21, Loss: 0.5892
Epoch: 26, Loss: 0.5795
Epoch: 31, Loss: 0.5755
Epoch: 36, Loss: 0.5809
Epoch: 41, Loss: 0.5755
Epoch: 46, Loss: 0.5736
Epoch: 51, Loss: 0.5733
Epoch: 56, Loss: 0.5733
Epoch: 61, Loss: 0.5745
Epoch: 66, Loss: 0.5733
Epoch: 71, Loss: 0.5786
Epoch: 76, Loss: 0.6098
Epoch: 81, Loss: 0.5775
Epoch: 86, Loss: 0.5821
Epoch: 91, Loss: 0.5797
Epoch: 96, Loss: 0.5774
Epoch: 101, Loss: 0.5753
Epoch: 106, Loss: 0.5730
Epoch: 111, Loss: 0.5767
Epoch: 116, Loss: 0.5861
Epoch: 121, Loss: 0.6131
Epoch: 126, Loss: 0.5746
Epoch: 131, Loss: 0.5757
Epoch: 136, Loss: 0.5802
Epoch: 141, Loss: 0.5761
Epoch: 146, Loss: 0.5777
Epoch: 151, Loss: 0.5731
Epoch: 156, Loss: 0.5736
Epoch: 161, Loss: 0.6252
Epoch: 166, Loss: 0.5735
Epoch: 171, Loss: 0.5742
Epoch: 176, Loss: 0.5788
Epoch: 181, Loss: 0.5843
Epoch: 186, Loss: 0.5804
Epoch: 191, Loss: 0.5772
Epoch: 196, Loss: 0.5768
Epoch: 201, Loss: 0.5741
Epoch: 206, Loss: 0.5770
Epoch: 211, Loss: 0.6616
Epoch: 216, Loss: 0.5762
Epoch: 221, Loss: 0.5745
Epoch: 226, Loss: 0.5748
Epoch: 231, Loss: 0.5757
Epoch: 236, Loss: 0.5761
Epoch: 241, Loss: 0.5742
Epoch: 246, Loss: 0.5757
Epoch: 251, Loss: 0.5750
Epoch: 256, Loss: 0.5896
Epoch: 261, Loss: 0.6065
Epoch: 266, Loss: 0.5786
Epoch: 271, Loss: 0.5739
Epoch: 276, Loss: 0.5760
Epoch: 281, Loss: 0.5773
Epoch: 286, Loss: 0.5739
Epoch: 291, Loss: 0.5771
Epoch: 296, Loss: 0.5887
Epoch: 301, Loss: 0.6142
Epoch: 306, Loss: 0.5800
Epoch: 311, Loss: 0.5740
Epoch: 316, Loss: 0.5758
Epoch: 321, Loss: 0.5795
Epoch: 326, Loss: 0.5741
Epoch: 331, Loss: 0.5759
Epoch: 336, Loss: 0.5878
Epoch: 341, Loss: 0.6267
Epoch: 346, Loss: 0.5900
Epoch: 351, Loss: 0.5807
Epoch: 356, Loss: 0.5773
Epoch: 361, Loss: 0.5757
Epoch: 366, Loss: 0.5748
Epoch: 371, Loss: 0.5741
Epoch: 376, Loss: 0.5765
Epoch: 381, Loss: 0.5739
Epoch: 386, Loss: 0.5740
Epoch: 391, Loss: 0.5972
Epoch: 396, Loss: 0.6057
Epoch: 401, Loss: 0.5933
Epoch: 406, Loss: 0.5827
Epoch: 411, Loss: 0.5784
Epoch: 416, Loss: 0.5763
Epoch: 421, Loss: 0.5740
Epoch: 426, Loss: 0.5760
Epoch: 431, Loss: 0.5738
Epoch: 436, Loss: 0.5758
Epoch: 441, Loss: 0.5984
Epoch: 446, Loss: 0.5939
Epoch: 451, Loss: 0.5895
Epoch: 456, Loss: 0.5831
Epoch: 461, Loss: 0.5801
Epoch: 466, Loss: 0.5768
Epoch: 471, Loss: 0.5754
Epoch: 476, Loss: 0.5739
Epoch: 481, Loss: 0.5746
Epoch: 486, Loss: 0.5733
Epoch: 491, Loss: 0.5747
Epoch: 496, Loss: 0.6350
Epoch: 501, Loss: 0.5757
Epoch: 506, Loss: 0.5795
Epoch: 511, Loss: 0.5879
Epoch: 516, Loss: 0.5851
Epoch: 521, Loss: 0.5762
Epoch: 526, Loss: 0.5744
Epoch: 531, Loss: 0.5745
Epoch: 536, Loss: 0.5739
Epoch: 541, Loss: 0.5749
Epoch: 546, Loss: 0.5754
Epoch: 551, Loss: 0.5888
Epoch: 556, Loss: 0.6282
Epoch: 561, Loss: 0.5864
Epoch: 566, Loss: 0.5758
Epoch: 571, Loss: 0.5746
Epoch: 576, Loss: 0.5766
Epoch: 581, Loss: 0.5769
Epoch: 586, Loss: 0.5740
Epoch: 591, Loss: 0.5771
Epoch: 596, Loss: 0.5967
Epoch: 601, Loss: 0.5984
Epoch: 606, Loss: 0.5884
Epoch: 611, Loss: 0.5752
Epoch: 616, Loss: 0.5757
Epoch: 621, Loss: 0.5780
Epoch: 626, Loss: 0.5764
Epoch: 631, Loss: 0.5763
Epoch: 636, Loss: 0.6361
Epoch: 641, Loss: 0.5750
Epoch: 646, Loss: 0.5826
Epoch: 651, Loss: 0.5793
Epoch: 656, Loss: 0.5770
Epoch: 661, Loss: 0.5759
Epoch: 666, Loss: 0.5765
Epoch: 671, Loss: 0.5777
Epoch: 676, Loss: 0.5750
Epoch: 681, Loss: 0.5815
Epoch: 686, Loss: 0.6134
Epoch: 691, Loss: 0.5780
Epoch: 696, Loss: 0.5856
Epoch: 701, Loss: 0.5784
Epoch: 706, Loss: 0.5744
Epoch: 711, Loss: 0.5785
Epoch: 716, Loss: 0.5760
Epoch: 721, Loss: 0.5768
Epoch: 726, Loss: 0.6326
Epoch: 731, Loss: 0.5757
Epoch: 736, Loss: 0.5794
Epoch: 741, Loss: 0.5769
Epoch: 746, Loss: 0.5752
Epoch: 751, Loss: 0.5749
Epoch: 756, Loss: 0.5747
Epoch: 761, Loss: 0.5754
Epoch: 766, Loss: 0.5752
Epoch: 771, Loss: 0.5744
Epoch: 776, Loss: 0.5750
Epoch: 781, Loss: 0.6457
Epoch: 786, Loss: 0.5826
Epoch: 791, Loss: 0.5948
Epoch: 796, Loss: 0.6002
Epoch: 801, Loss: 0.5792
Epoch: 806, Loss: 0.5769
Epoch: 811, Loss: 0.5789
Epoch: 816, Loss: 0.5768
Epoch: 821, Loss: 0.5755
Epoch: 826, Loss: 0.5751
Epoch: 831, Loss: 0.5753
Epoch: 836, Loss: 0.5742
Epoch: 841, Loss: 0.5740
Epoch: 846, Loss: 0.5781
Epoch: 851, Loss: 0.6931
Epoch: 856, Loss: 0.5966
Epoch: 861, Loss: 0.5892
Epoch: 866, Loss: 0.5873
Epoch: 871, Loss: 0.5814
Epoch: 876, Loss: 0.5770
Epoch: 881, Loss: 0.5757
Epoch: 886, Loss: 0.5759
Epoch: 891, Loss: 0.5757
Epoch: 896, Loss: 0.5741
Epoch: 901, Loss: 0.5753
Epoch: 906, Loss: 0.5861
Epoch: 911, Loss: 0.6230
Epoch: 916, Loss: 0.5913
Epoch: 921, Loss: 0.5822
Epoch: 926, Loss: 0.5800
Epoch: 931, Loss: 0.5783
Epoch: 936, Loss: 0.5765
Epoch: 941, Loss: 0.5748
Epoch: 946, Loss: 0.5742
Epoch: 951, Loss: 0.5748
Epoch: 956, Loss: 0.5745
Epoch: 961, Loss: 0.5741
Epoch: 966, Loss: 0.5771
Epoch: 971, Loss: 0.6951
Epoch: 976, Loss: 0.5973
Epoch: 981, Loss: 0.5911
Epoch: 986, Loss: 0.5871
Epoch: 991, Loss: 0.5808
Epoch: 996, Loss: 0.5768
Epoch: 1001, Loss: 0.5754
Elapsed time 0.0655 min
Epoch: 6, Loss: 0.5753
Epoch: 11, Loss: 0.5760
Epoch: 16, Loss: 0.5739
Epoch: 21, Loss: 0.5760
Epoch: 26, Loss: 0.6038
Epoch: 31, Loss: 0.5978
Epoch: 36, Loss: 0.5909
Epoch: 41, Loss: 0.5825
Epoch: 46, Loss: 0.5779
Epoch: 51, Loss: 0.5756
Epoch: 56, Loss: 0.5743
Epoch: 61, Loss: 0.5753
Epoch: 66, Loss: 0.5740
Epoch: 71, Loss: 0.5774
Epoch: 76, Loss: 0.6158
Epoch: 81, Loss: 0.5817
Epoch: 86, Loss: 0.5899
Epoch: 91, Loss: 0.5855
Epoch: 96, Loss: 0.5803
Epoch: 101, Loss: 0.5777
Epoch: 106, Loss: 0.5752
Epoch: 111, Loss: 0.5744
Epoch: 116, Loss: 0.5757
Epoch: 121, Loss: 0.5897
Epoch: 126, Loss: 0.6209
Epoch: 131, Loss: 0.5871
Epoch: 136, Loss: 0.5752
Epoch: 141, Loss: 0.5750
Epoch: 146, Loss: 0.5764
Epoch: 151, Loss: 0.5770
Epoch: 156, Loss: 0.5741
Epoch: 161, Loss: 0.5754
Epoch: 166, Loss: 0.5841
Epoch: 171, Loss: 0.6404
Epoch: 176, Loss: 0.5780
Epoch: 181, Loss: 0.5762
Epoch: 186, Loss: 0.5792
Epoch: 191, Loss: 0.5785
Epoch: 196, Loss: 0.5769
Epoch: 201, Loss: 0.5741
Epoch: 206, Loss: 0.5759
Epoch: 211, Loss: 0.5772
Epoch: 216, Loss: 0.5938
Epoch: 221, Loss: 0.6028
Epoch: 226, Loss: 0.5854
Epoch: 231, Loss: 0.5766
Epoch: 236, Loss: 0.5743
Epoch: 241, Loss: 0.5758
Epoch: 246, Loss: 0.5787
Epoch: 251, Loss: 0.5740
Epoch: 256, Loss: 0.5775
Epoch: 261, Loss: 0.5989
Epoch: 266, Loss: 0.5945
Epoch: 271, Loss: 0.5821
Epoch: 276, Loss: 0.5742
Epoch: 281, Loss: 0.5777
Epoch: 286, Loss: 0.5749
Epoch: 291, Loss: 0.5762
Epoch: 296, Loss: 0.5789
Epoch: 301, Loss: 0.6075
Epoch: 306, Loss: 0.5857
Epoch: 311, Loss: 0.5900
Epoch: 316, Loss: 0.5823
Epoch: 321, Loss: 0.5766
Epoch: 326, Loss: 0.5744
Epoch: 331, Loss: 0.5783
Epoch: 336, Loss: 0.5749
Epoch: 341, Loss: 0.5743
Epoch: 346, Loss: 0.5902
Epoch: 351, Loss: 0.6195
Epoch: 356, Loss: 0.6018
Epoch: 361, Loss: 0.5833
Epoch: 366, Loss: 0.5759
Epoch: 371, Loss: 0.5799
Epoch: 376, Loss: 0.5809
Epoch: 381, Loss: 0.5783
Epoch: 386, Loss: 0.5769
Epoch: 391, Loss: 0.5755
Epoch: 396, Loss: 0.5743
Epoch: 401, Loss: 0.5754
Epoch: 406, Loss: 0.5882
Epoch: 411, Loss: 0.6251
Epoch: 416, Loss: 0.5930
Epoch: 421, Loss: 0.5818
Epoch: 426, Loss: 0.5787
Epoch: 431, Loss: 0.5768
Epoch: 436, Loss: 0.5752
Epoch: 441, Loss: 0.5749
Epoch: 446, Loss: 0.5763
Epoch: 451, Loss: 0.5747
Epoch: 456, Loss: 0.5761
Epoch: 461, Loss: 0.6074
Epoch: 466, Loss: 0.5883
Epoch: 471, Loss: 0.5951
Epoch: 476, Loss: 0.5867
Epoch: 481, Loss: 0.5808
Epoch: 486, Loss: 0.5782
Epoch: 491, Loss: 0.5773
Epoch: 496, Loss: 0.5764
Epoch: 501, Loss: 0.5744
Epoch: 506, Loss: 0.5768
Epoch: 511, Loss: 0.5776
Epoch: 516, Loss: 0.5933
Epoch: 521, Loss: 0.5998
Epoch: 526, Loss: 0.5817
Epoch: 531, Loss: 0.5743
Epoch: 536, Loss: 0.5770
Epoch: 541, Loss: 0.5788
Epoch: 546, Loss: 0.5741
Epoch: 551, Loss: 0.5769
Epoch: 556, Loss: 0.5784
Epoch: 561, Loss: 0.5868
Epoch: 566, Loss: 0.5989
Epoch: 571, Loss: 0.5771
Epoch: 576, Loss: 0.5819
Epoch: 581, Loss: 0.5751
Epoch: 586, Loss: 0.5750
Epoch: 591, Loss: 0.5755
Epoch: 596, Loss: 0.5753
Epoch: 601, Loss: 0.5756
Epoch: 606, Loss: 0.5922
Epoch: 611, Loss: 0.6122
Epoch: 616, Loss: 0.5891
Epoch: 621, Loss: 0.5783
Epoch: 626, Loss: 0.5750
Epoch: 631, Loss: 0.5747
Epoch: 636, Loss: 0.5773
Epoch: 641, Loss: 0.5750
Epoch: 646, Loss: 0.5780
Epoch: 651, Loss: 0.5929
Epoch: 656, Loss: 0.6092
Epoch: 661, Loss: 0.5774
Epoch: 666, Loss: 0.5774
Epoch: 671, Loss: 0.5813
Epoch: 676, Loss: 0.5756
Epoch: 681, Loss: 0.5767
Epoch: 686, Loss: 0.5741
Epoch: 691, Loss: 0.5766
Epoch: 696, Loss: 0.6498
Epoch: 701, Loss: 0.5795
Epoch: 706, Loss: 0.5756
Epoch: 711, Loss: 0.5770
Epoch: 716, Loss: 0.5792
Epoch: 721, Loss: 0.5791
Epoch: 726, Loss: 0.5774
Epoch: 731, Loss: 0.5752
Epoch: 736, Loss: 0.5745
Epoch: 741, Loss: 0.5763
Epoch: 746, Loss: 0.5790
Epoch: 751, Loss: 0.6025
Epoch: 756, Loss: 0.5934
Epoch: 761, Loss: 0.5867
Epoch: 766, Loss: 0.5772
Epoch: 771, Loss: 0.5747
Epoch: 776, Loss: 0.5753
Epoch: 781, Loss: 0.5779
Epoch: 786, Loss: 0.5745
Epoch: 791, Loss: 0.5750
Epoch: 796, Loss: 0.5923
Epoch: 801, Loss: 0.6186
Epoch: 806, Loss: 0.5891
Epoch: 811, Loss: 0.5774
Epoch: 816, Loss: 0.5750
Epoch: 821, Loss: 0.5750
Epoch: 826, Loss: 0.5765
Epoch: 831, Loss: 0.5763
Epoch: 836, Loss: 0.5749
Epoch: 841, Loss: 0.5741
Epoch: 846, Loss: 0.5741
Epoch: 851, Loss: 0.5761
Epoch: 856, Loss: 0.6937
Epoch: 861, Loss: 0.6433
Epoch: 866, Loss: 0.5891
Epoch: 871, Loss: 0.5893
Epoch: 876, Loss: 0.5843
Epoch: 881, Loss: 0.5801
Epoch: 886, Loss: 0.5793
Epoch: 891, Loss: 0.5764
Epoch: 896, Loss: 0.5775
Epoch: 901, Loss: 0.5761
Epoch: 906, Loss: 0.5756
Epoch: 911, Loss: 0.5750
Epoch: 916, Loss: 0.5745
Epoch: 921, Loss: 0.5748
Epoch: 926, Loss: 0.5852
Epoch: 931, Loss: 0.6305
Epoch: 936, Loss: 0.5988
Epoch: 941, Loss: 0.5883
Epoch: 946, Loss: 0.5827
Epoch: 951, Loss: 0.5796
Epoch: 956, Loss: 0.5780
Epoch: 961, Loss: 0.5768
Epoch: 966, Loss: 0.5750
Epoch: 971, Loss: 0.5753
Epoch: 976, Loss: 0.5750
Epoch: 981, Loss: 0.5782
Epoch: 986, Loss: 0.6351
Epoch: 991, Loss: 0.5756
Epoch: 996, Loss: 0.5759
Epoch: 1001, Loss: 0.5758
Elapsed time 0.0642 min
avg Test Accuracy: 0.8354  avg Test AUC: 0.8688  avg Test PRE: 0.8058
