====================================================================================================
data: HeteroData(
  drug={
    node_id=[3084],
    x=[3084, 12],
  },
  protein={
    node_id=[718],
    x=[718, 20],
  },
  (drug, interaction, protein)={ edge_index=[2, 5937] },
  (protein, rev_interaction, drug)={ edge_index=[2, 5937] }
)
====================================================================================================
****************************************************************************************************
train data: HeteroData(
  drug={
    node_id=[3084],
    x=[3084, 12],
  },
  protein={
    node_id=[718],
    x=[718, 20],
  },
  (drug, interaction, protein)={
    edge_index=[2, 3326],
    edge_label=[2493],
    edge_label_index=[2, 2493],
  },
  (protein, rev_interaction, drug)={ edge_index=[2, 3326] }
)
****************************************************************************************************
val data: HeteroData(
  drug={
    node_id=[3084],
    x=[3084, 12],
  },
  protein={
    node_id=[718],
    x=[718, 20],
  },
  (drug, interaction, protein)={
    edge_index=[2, 4157],
    edge_label=[1779],
    edge_label_index=[2, 1779],
  },
  (protein, rev_interaction, drug)={ edge_index=[2, 4157] }
)
****************************************************************************************************
test data: HeteroData(
  drug={
    node_id=[3084],
    x=[3084, 12],
  },
  protein={
    node_id=[718],
    x=[718, 20],
  },
  (drug, interaction, protein)={
    edge_index=[2, 4750],
    edge_label=[3561],
    edge_label_index=[2, 3561],
  },
  (protein, rev_interaction, drug)={ edge_index=[2, 4750] }
)
****************************************************************************************************
edge_x: torch.Size([2493, 32])
labels: torch.Size([2493])
edge_x: torch.Size([1779, 32])
labels: torch.Size([1779])
edge_x: torch.Size([3561, 32])
labels: torch.Size([3561])
model: HGT(
  (lin_dict): ModuleDict(
    (drug): Linear(-1, 64, bias=True)
    (protein): Linear(-1, 64, bias=True)
  )
  (convs): ModuleList(
    (0-1): 2 x HGTConv(-1, 64, heads=2)
  )
  (lin): Linear(128, 1, bias=True)
)
Time 0, Epoch: 101, Train Loss: 0.5661, Val Loss: 0.5858
Time 0, Epoch: 201, Train Loss: 0.5300, Val Loss: 0.5475
Time 0, Epoch: 301, Train Loss: 0.5334, Val Loss: 0.5486
Time 0, Epoch: 401, Train Loss: 0.5247, Val Loss: 0.5470
Time 0, Epoch: 501, Train Loss: 0.5166, Val Loss: 0.5479
Time 0, Epoch: 601, Train Loss: 0.6296, Val Loss: 0.6314
Time 0, Epoch: 701, Train Loss: 0.6191, Val Loss: 0.6250
Time 0, Epoch: 801, Train Loss: 0.6131, Val Loss: 0.6195
Time 0, Epoch: 901, Train Loss: 0.6080, Val Loss: 0.6155
Time 0, Epoch: 1001, Train Loss: 0.6030, Val Loss: 0.6131
Elapsed time 0.1118 min
test data and predicted data:

Time 1, Epoch: 101, Train Loss: 0.5971, Val Loss: 0.6111
Time 1, Epoch: 201, Train Loss: 0.5903, Val Loss: 0.6100
Time 1, Epoch: 301, Train Loss: 0.5850, Val Loss: 0.6086
Time 1, Epoch: 401, Train Loss: 0.5804, Val Loss: 0.6082
Time 1, Epoch: 501, Train Loss: 0.5759, Val Loss: 0.6075
Time 1, Epoch: 601, Train Loss: 0.5723, Val Loss: 0.6057
Time 1, Epoch: 701, Train Loss: 0.5682, Val Loss: 0.6052
Time 1, Epoch: 801, Train Loss: 0.5641, Val Loss: 0.6040
Time 1, Epoch: 901, Train Loss: 0.5599, Val Loss: 0.6023
Time 1, Epoch: 1001, Train Loss: 0.5548, Val Loss: 0.6005
Elapsed time 0.1097 min
test data and predicted data:

Time 2, Epoch: 101, Train Loss: 0.5509, Val Loss: 0.5993
Time 2, Epoch: 201, Train Loss: 0.5475, Val Loss: 0.5990
Time 2, Epoch: 301, Train Loss: 0.5439, Val Loss: 0.5983
Time 2, Epoch: 401, Train Loss: 0.5405, Val Loss: 0.5969
Time 2, Epoch: 501, Train Loss: 0.5427, Val Loss: 0.5986
Time 2, Epoch: 601, Train Loss: 0.5358, Val Loss: 0.5964
Time 2, Epoch: 701, Train Loss: 0.5334, Val Loss: 0.5967
Time 2, Epoch: 801, Train Loss: 0.5334, Val Loss: 0.6033
Time 2, Epoch: 901, Train Loss: 0.5298, Val Loss: 0.5985
Time 2, Epoch: 1001, Train Loss: 0.5287, Val Loss: 0.5977
Elapsed time 0.1109 min
test data and predicted data:

Time 3, Epoch: 101, Train Loss: 0.5284, Val Loss: 0.5992
Time 3, Epoch: 201, Train Loss: 0.5251, Val Loss: 0.6011
Time 3, Epoch: 301, Train Loss: 0.5259, Val Loss: 0.6002
Time 3, Epoch: 401, Train Loss: 0.5239, Val Loss: 0.6055
Time 3, Epoch: 501, Train Loss: 0.5224, Val Loss: 0.6025
Time 3, Epoch: 601, Train Loss: 0.5220, Val Loss: 0.6018
Time 3, Epoch: 701, Train Loss: 0.5204, Val Loss: 0.6029
Time 3, Epoch: 801, Train Loss: 0.5199, Val Loss: 0.6047
Time 3, Epoch: 901, Train Loss: 0.5194, Val Loss: 0.6062
Time 3, Epoch: 1001, Train Loss: 0.5183, Val Loss: 0.6052
Elapsed time 0.1104 min
test data and predicted data:

Time 4, Epoch: 101, Train Loss: 0.5182, Val Loss: 0.6048
Time 4, Epoch: 201, Train Loss: 0.5169, Val Loss: 0.6056
Time 4, Epoch: 301, Train Loss: 0.5170, Val Loss: 0.6074
Time 4, Epoch: 401, Train Loss: 0.5168, Val Loss: 0.6056
Time 4, Epoch: 501, Train Loss: 0.5158, Val Loss: 0.6059
Time 4, Epoch: 601, Train Loss: 0.5147, Val Loss: 0.6066
Time 4, Epoch: 701, Train Loss: 0.5142, Val Loss: 0.6070
Time 4, Epoch: 801, Train Loss: 0.5141, Val Loss: 0.6073
Time 4, Epoch: 901, Train Loss: 0.5136, Val Loss: 0.6077
Time 4, Epoch: 1001, Train Loss: 0.5142, Val Loss: 0.6086
Elapsed time 0.1134 min
test data and predicted data:

Time 5, Epoch: 101, Train Loss: 0.5141, Val Loss: 0.6128
Time 5, Epoch: 201, Train Loss: 0.5138, Val Loss: 0.6128
Time 5, Epoch: 301, Train Loss: 0.5147, Val Loss: 0.6104
Time 5, Epoch: 401, Train Loss: 0.5125, Val Loss: 0.6097
Time 5, Epoch: 501, Train Loss: 0.5116, Val Loss: 0.6100
Time 5, Epoch: 601, Train Loss: 0.5121, Val Loss: 0.6102
Time 5, Epoch: 701, Train Loss: 0.5114, Val Loss: 0.6114
Time 5, Epoch: 801, Train Loss: 0.5113, Val Loss: 0.6121
Time 5, Epoch: 901, Train Loss: 0.5107, Val Loss: 0.6115
Time 5, Epoch: 1001, Train Loss: 0.5109, Val Loss: 0.6113
Elapsed time 0.1139 min
test data and predicted data:

Time 6, Epoch: 101, Train Loss: 0.5104, Val Loss: 0.6117
Time 6, Epoch: 201, Train Loss: 0.5101, Val Loss: 0.6116
Time 6, Epoch: 301, Train Loss: 0.5099, Val Loss: 0.6124
Time 6, Epoch: 401, Train Loss: 0.5099, Val Loss: 0.6118
Time 6, Epoch: 501, Train Loss: 0.5099, Val Loss: 0.6120
Time 6, Epoch: 601, Train Loss: 0.5098, Val Loss: 0.6120
Time 6, Epoch: 701, Train Loss: 0.5139, Val Loss: 0.6138
Time 6, Epoch: 801, Train Loss: 0.7310, Val Loss: 0.8190
Time 6, Epoch: 901, Train Loss: 0.4965, Val Loss: 0.5921
Time 6, Epoch: 1001, Train Loss: 0.4941, Val Loss: 0.5896
Elapsed time 0.1104 min
test data and predicted data:

Time 7, Epoch: 101, Train Loss: 0.4931, Val Loss: 0.5894
Time 7, Epoch: 201, Train Loss: 0.4923, Val Loss: 0.5898
Time 7, Epoch: 301, Train Loss: 0.4927, Val Loss: 0.5895
Time 7, Epoch: 401, Train Loss: 0.4920, Val Loss: 0.5898
Time 7, Epoch: 501, Train Loss: 0.4918, Val Loss: 0.5899
Time 7, Epoch: 601, Train Loss: 0.4987, Val Loss: 0.5952
Time 7, Epoch: 701, Train Loss: 0.4903, Val Loss: 0.5912
Time 7, Epoch: 801, Train Loss: 0.4918, Val Loss: 0.5960
Time 7, Epoch: 901, Train Loss: 0.4910, Val Loss: 0.5938
Time 7, Epoch: 1001, Train Loss: 0.4933, Val Loss: 0.5963
Elapsed time 0.1107 min
test data and predicted data:

Time 8, Epoch: 101, Train Loss: 0.4924, Val Loss: 0.5978
Time 8, Epoch: 201, Train Loss: 0.4921, Val Loss: 0.5989
Time 8, Epoch: 301, Train Loss: 0.4918, Val Loss: 0.5991
Time 8, Epoch: 401, Train Loss: 0.4916, Val Loss: 0.5997
Time 8, Epoch: 501, Train Loss: 0.4915, Val Loss: 0.6008
Time 8, Epoch: 601, Train Loss: 0.4921, Val Loss: 0.5999
Time 8, Epoch: 701, Train Loss: 0.4918, Val Loss: 0.6032
Time 8, Epoch: 801, Train Loss: 0.4925, Val Loss: 0.6003
Time 8, Epoch: 901, Train Loss: 0.4919, Val Loss: 0.6006
Time 8, Epoch: 1001, Train Loss: 0.4913, Val Loss: 0.6005
Elapsed time 0.1121 min
test data and predicted data:

Time 9, Epoch: 101, Train Loss: 0.4915, Val Loss: 0.6047
Time 9, Epoch: 201, Train Loss: 0.4923, Val Loss: 0.6010
Time 9, Epoch: 301, Train Loss: 0.4923, Val Loss: 0.6074
Time 9, Epoch: 401, Train Loss: 0.4916, Val Loss: 0.6077
Time 9, Epoch: 501, Train Loss: 0.4900, Val Loss: 0.6021
Time 9, Epoch: 601, Train Loss: 0.4920, Val Loss: 0.6074
Time 9, Epoch: 701, Train Loss: 0.4926, Val Loss: 0.6093
Time 9, Epoch: 801, Train Loss: 0.4934, Val Loss: 0.6110
Time 9, Epoch: 901, Train Loss: 0.4899, Val Loss: 0.6045
Time 9, Epoch: 1001, Train Loss: 0.4898, Val Loss: 0.6018
Elapsed time 0.1132 min
test data and predicted data:

avg Test Accuracy: 0.8807  avg Test AUC: 0.9366  avg Test PRE: 0.8541
