====================================================================================================
data: HeteroData(
  drug={
    node_id=[3084],
    x=[3084, 12],
  },
  protein={
    node_id=[718],
    x=[718, 20],
  },
  (drug, interaction, protein)={ edge_index=[2, 5937] },
  (protein, rev_interaction, drug)={ edge_index=[2, 5937] }
)
====================================================================================================
****************************************************************************************************
train data: HeteroData(
  drug={
    node_id=[3084],
    x=[3084, 12],
  },
  protein={
    node_id=[718],
    x=[718, 20],
  },
  (drug, interaction, protein)={
    edge_index=[2, 3326],
    edge_label=[2493],
    edge_label_index=[2, 2493],
  },
  (protein, rev_interaction, drug)={ edge_index=[2, 3326] }
)
****************************************************************************************************
val data: HeteroData(
  drug={
    node_id=[3084],
    x=[3084, 12],
  },
  protein={
    node_id=[718],
    x=[718, 20],
  },
  (drug, interaction, protein)={
    edge_index=[2, 4157],
    edge_label=[1779],
    edge_label_index=[2, 1779],
  },
  (protein, rev_interaction, drug)={ edge_index=[2, 4157] }
)
****************************************************************************************************
test data: HeteroData(
  drug={
    node_id=[3084],
    x=[3084, 12],
  },
  protein={
    node_id=[718],
    x=[718, 20],
  },
  (drug, interaction, protein)={
    edge_index=[2, 4750],
    edge_label=[3561],
    edge_label_index=[2, 3561],
  },
  (protein, rev_interaction, drug)={ edge_index=[2, 4750] }
)
****************************************************************************************************
model: GNN(
  (lin_dict): ModuleDict(
    (drug): Linear(-1, 64, bias=True)
    (protein): Linear(-1, 64, bias=True)
  )
  (convs): ModuleList(
    (0-2): 3 x GCNConv(64, 64)
  )
  (lin): Linear(64, 1, bias=True)
)
Epoch: 51, Loss: 0.6592
Epoch: 101, Loss: 0.6576
Epoch: 151, Loss: 0.6543
Epoch: 201, Loss: 0.6491
Epoch: 251, Loss: 0.6444
Epoch: 301, Loss: 0.6460
Epoch: 351, Loss: 0.6437
Epoch: 401, Loss: 0.6466
Epoch: 451, Loss: 0.6668
Epoch: 501, Loss: 0.6444
Epoch: 551, Loss: 0.6404
Epoch: 601, Loss: 0.6307
Epoch: 651, Loss: 0.6685
Epoch: 701, Loss: 0.6630
Epoch: 751, Loss: 0.6559
Epoch: 801, Loss: 0.6485
Epoch: 851, Loss: 0.6432
Epoch: 901, Loss: 0.6378
Epoch: 951, Loss: 0.6383
Epoch: 1001, Loss: 0.6335
avg Test Accuracy: 0.5234  avg Test AUC: 0.6792  avg Test AUC: 0.5954
