====================================================================================================
data: HeteroData(
  drug={
    node_id=[4499],
    x=[4499, 12],
  },
  protein={
    node_id=[2113],
    x=[2113, 20],
  },
  (drug, interaction, protein)={ edge_index=[2, 13838] },
  (protein, rev_interaction, drug)={ edge_index=[2, 13838] }
)
====================================================================================================
****************************************************************************************************
train data: HeteroData(
  drug={
    node_id=[4499],
    x=[4499, 12],
  },
  protein={
    node_id=[2113],
    x=[2113, 20],
  },
  (drug, interaction, protein)={
    edge_index=[2, 7751],
    edge_label=[5811],
    edge_label_index=[2, 5811],
  },
  (protein, rev_interaction, drug)={ edge_index=[2, 7751] }
)
****************************************************************************************************
val data: HeteroData(
  drug={
    node_id=[4499],
    x=[4499, 12],
  },
  protein={
    node_id=[2113],
    x=[2113, 20],
  },
  (drug, interaction, protein)={
    edge_index=[2, 9688],
    edge_label=[4149],
    edge_label_index=[2, 4149],
  },
  (protein, rev_interaction, drug)={ edge_index=[2, 9688] }
)
****************************************************************************************************
test data: HeteroData(
  drug={
    node_id=[4499],
    x=[4499, 12],
  },
  protein={
    node_id=[2113],
    x=[2113, 20],
  },
  (drug, interaction, protein)={
    edge_index=[2, 11071],
    edge_label=[8301],
    edge_label_index=[2, 8301],
  },
  (protein, rev_interaction, drug)={ edge_index=[2, 11071] }
)
****************************************************************************************************
model: GAT(
  (lin_dict): ModuleDict(
    (drug): Linear(-1, 64, bias=True)
    (protein): Linear(-1, 64, bias=True)
  )
  (conv1): GATConv((-1, -1), 64, heads=1)
  (lin1): Linear(-1, 64, bias=True)
  (conv2): GATConv((-1, -1), 1, heads=1)
  (lin2): Linear(-1, 1, bias=True)
  (lin): Linear(2, 1, bias=True)
)
Epoch: 51, Loss: 0.4868
Epoch: 101, Loss: 0.4597
Epoch: 151, Loss: 0.4547
Epoch: 201, Loss: 0.4516
Epoch: 251, Loss: 0.4312
Epoch: 301, Loss: 0.4300
Epoch: 351, Loss: 0.4327
Epoch: 401, Loss: 0.4259
Epoch: 451, Loss: 0.4218
Epoch: 501, Loss: 0.4226
Epoch: 551, Loss: 0.4756
Epoch: 601, Loss: 0.4305
Epoch: 651, Loss: 0.4177
Epoch: 701, Loss: 0.4111
Epoch: 751, Loss: 0.4177
Epoch: 801, Loss: 0.4070
Epoch: 851, Loss: 0.4265
Epoch: 901, Loss: 0.4072
Epoch: 951, Loss: 0.4079
Epoch: 1001, Loss: 0.4016
avg Test Accuracy: 0.7924  avg Test AUC: 0.8346  avg Test AUC: 0.7503
