====================================================================================================
data: HeteroData(
  drug={
    node_id=[4499],
    x=[4499, 12],
  },
  protein={
    node_id=[2113],
    x=[2113, 20],
  },
  (drug, interaction, protein)={ edge_index=[2, 13838] },
  (protein, rev_interaction, drug)={ edge_index=[2, 13838] }
)
====================================================================================================
****************************************************************************************************
train data: HeteroData(
  drug={
    node_id=[4499],
    x=[4499, 12],
  },
  protein={
    node_id=[2113],
    x=[2113, 20],
  },
  (drug, interaction, protein)={
    edge_index=[2, 7751],
    edge_label=[5811],
    edge_label_index=[2, 5811],
  },
  (protein, rev_interaction, drug)={ edge_index=[2, 7751] }
)
****************************************************************************************************
val data: HeteroData(
  drug={
    node_id=[4499],
    x=[4499, 12],
  },
  protein={
    node_id=[2113],
    x=[2113, 20],
  },
  (drug, interaction, protein)={
    edge_index=[2, 9688],
    edge_label=[4149],
    edge_label_index=[2, 4149],
  },
  (protein, rev_interaction, drug)={ edge_index=[2, 9688] }
)
****************************************************************************************************
test data: HeteroData(
  drug={
    node_id=[4499],
    x=[4499, 12],
  },
  protein={
    node_id=[2113],
    x=[2113, 20],
  },
  (drug, interaction, protein)={
    edge_index=[2, 11071],
    edge_label=[8301],
    edge_label_index=[2, 8301],
  },
  (protein, rev_interaction, drug)={ edge_index=[2, 11071] }
)
****************************************************************************************************
edge_x: torch.Size([5811, 32])
labels: torch.Size([5811])
edge_x: torch.Size([4149, 32])
labels: torch.Size([4149])
edge_x: torch.Size([8301, 32])
labels: torch.Size([8301])
model: HGT(
  (lin_dict): ModuleDict(
    (drug): Linear(-1, 64, bias=True)
    (protein): Linear(-1, 64, bias=True)
  )
  (convs): ModuleList(
    (0-1): 2 x HGTConv(-1, 64, heads=2)
  )
  (lin): Linear(128, 1, bias=True)
)
Epoch: 51, Loss: 0.5673
Epoch: 101, Loss: 0.4988
Epoch: 151, Loss: 0.4728
Epoch: 201, Loss: 0.4640
Epoch: 251, Loss: 0.4605
Epoch: 301, Loss: 0.4579
Epoch: 351, Loss: 0.4558
Epoch: 401, Loss: 0.4533
Epoch: 451, Loss: 0.4553
Epoch: 501, Loss: 0.4541
Epoch: 551, Loss: 0.4483
Epoch: 601, Loss: 0.4472
Epoch: 651, Loss: 0.4506
Epoch: 701, Loss: 0.4443
Epoch: 751, Loss: 0.4538
Epoch: 801, Loss: 0.4520
Epoch: 851, Loss: 0.4666
Epoch: 901, Loss: 0.4543
Epoch: 951, Loss: 0.4491
Epoch: 1001, Loss: 0.4493
Epoch: 6, Loss: 0.4491
Epoch: 11, Loss: 0.4486
Epoch: 16, Loss: 0.4721
Epoch: 21, Loss: 0.4568
Epoch: 26, Loss: 0.4513
Epoch: 31, Loss: 0.4511
Epoch: 36, Loss: 0.4495
Epoch: 41, Loss: 0.4484
Epoch: 46, Loss: 0.4476
Epoch: 51, Loss: 0.4472
Epoch: 56, Loss: 0.4469
Epoch: 61, Loss: 0.4465
Epoch: 66, Loss: 0.4462
Epoch: 71, Loss: 0.4459
Epoch: 76, Loss: 0.4455
Epoch: 81, Loss: 0.4453
Epoch: 86, Loss: 0.4453
Epoch: 91, Loss: 0.4451
Epoch: 96, Loss: 0.4449
Epoch: 101, Loss: 0.4444
Epoch: 106, Loss: 0.4441
Epoch: 111, Loss: 0.4438
Epoch: 116, Loss: 0.4434
Epoch: 121, Loss: 0.4431
Epoch: 126, Loss: 0.4428
Epoch: 131, Loss: 0.4425
Epoch: 136, Loss: 0.4422
Epoch: 141, Loss: 0.4420
Epoch: 146, Loss: 0.4417
Epoch: 151, Loss: 0.4414
Epoch: 156, Loss: 0.4412
Epoch: 161, Loss: 0.4409
Epoch: 166, Loss: 0.4407
Epoch: 171, Loss: 0.4404
Epoch: 176, Loss: 0.4402
Epoch: 181, Loss: 0.4399
Epoch: 186, Loss: 0.4397
Epoch: 191, Loss: 0.4394
Epoch: 196, Loss: 0.4392
Epoch: 201, Loss: 0.4390
Epoch: 206, Loss: 0.4387
Epoch: 211, Loss: 0.4385
Epoch: 216, Loss: 0.4382
Epoch: 221, Loss: 0.4381
Epoch: 226, Loss: 0.4382
Epoch: 231, Loss: 0.4451
Epoch: 236, Loss: 0.4404
Epoch: 241, Loss: 0.4386
Epoch: 246, Loss: 0.4372
Epoch: 251, Loss: 0.4374
Epoch: 256, Loss: 0.4367
Epoch: 261, Loss: 0.4363
Epoch: 266, Loss: 0.4361
Epoch: 271, Loss: 0.4358
Epoch: 276, Loss: 0.4355
Epoch: 281, Loss: 0.4482
Epoch: 286, Loss: 0.4695
Epoch: 291, Loss: 0.4417
Epoch: 296, Loss: 0.4397
Epoch: 301, Loss: 0.4392
Epoch: 306, Loss: 0.4386
Epoch: 311, Loss: 0.4381
Epoch: 316, Loss: 0.4371
Epoch: 321, Loss: 0.4365
Epoch: 326, Loss: 0.4366
Epoch: 331, Loss: 0.4361
Epoch: 336, Loss: 0.4355
Epoch: 341, Loss: 0.4350
Epoch: 346, Loss: 0.4348
Epoch: 351, Loss: 0.4345
Epoch: 356, Loss: 0.4342
Epoch: 361, Loss: 0.4339
Epoch: 366, Loss: 0.4336
Epoch: 371, Loss: 0.4334
Epoch: 376, Loss: 0.4331
Epoch: 381, Loss: 0.4329
Epoch: 386, Loss: 0.4326
Epoch: 391, Loss: 0.4324
Epoch: 396, Loss: 0.4321
Epoch: 401, Loss: 0.4319
Epoch: 406, Loss: 0.4316
Epoch: 411, Loss: 0.4316
Epoch: 416, Loss: 0.4313
Epoch: 421, Loss: 0.4602
Epoch: 426, Loss: 0.4447
Epoch: 431, Loss: 0.4521
Epoch: 436, Loss: 0.4479
Epoch: 441, Loss: 0.4477
Epoch: 446, Loss: 0.4447
Epoch: 451, Loss: 0.4423
Epoch: 456, Loss: 0.4418
Epoch: 461, Loss: 0.4416
Epoch: 466, Loss: 0.4402
Epoch: 471, Loss: 0.4394
Epoch: 476, Loss: 0.4380
Epoch: 481, Loss: 0.4370
Epoch: 486, Loss: 0.4364
Epoch: 491, Loss: 0.4357
Epoch: 496, Loss: 0.4352
Epoch: 501, Loss: 0.4347
Epoch: 506, Loss: 0.4342
Epoch: 511, Loss: 0.4336
Epoch: 516, Loss: 0.4332
Epoch: 521, Loss: 0.4327
Epoch: 526, Loss: 0.4324
Epoch: 531, Loss: 0.4320
Epoch: 536, Loss: 0.4318
Epoch: 541, Loss: 0.4318
Epoch: 546, Loss: 0.4320
Epoch: 551, Loss: 0.4317
Epoch: 556, Loss: 0.4313
Epoch: 561, Loss: 0.4320
Epoch: 566, Loss: 0.4310
Epoch: 571, Loss: 0.4308
Epoch: 576, Loss: 0.4303
Epoch: 581, Loss: 0.4301
Epoch: 586, Loss: 0.4298
Epoch: 591, Loss: 0.4295
Epoch: 596, Loss: 0.4293
Epoch: 601, Loss: 0.4291
Epoch: 606, Loss: 0.4290
Epoch: 611, Loss: 0.4288
Epoch: 616, Loss: 0.4288
Epoch: 621, Loss: 0.4488
Epoch: 626, Loss: 0.4539
Epoch: 631, Loss: 0.4320
Epoch: 636, Loss: 0.4376
Epoch: 641, Loss: 0.4318
Epoch: 646, Loss: 0.4308
Epoch: 651, Loss: 0.4316
Epoch: 656, Loss: 0.4301
Epoch: 661, Loss: 0.4297
Epoch: 666, Loss: 0.4287
Epoch: 671, Loss: 0.4287
Epoch: 676, Loss: 0.4283
Epoch: 681, Loss: 0.4274
Epoch: 686, Loss: 0.4271
Epoch: 691, Loss: 0.4265
Epoch: 696, Loss: 0.4263
Epoch: 701, Loss: 0.4259
Epoch: 706, Loss: 0.4257
Epoch: 711, Loss: 0.4254
Epoch: 716, Loss: 0.4252
Epoch: 721, Loss: 0.4250
Epoch: 726, Loss: 0.4248
Epoch: 731, Loss: 0.4246
Epoch: 736, Loss: 0.4245
Epoch: 741, Loss: 0.4243
Epoch: 746, Loss: 0.4242
Epoch: 751, Loss: 0.4256
Epoch: 756, Loss: 0.4470
Epoch: 761, Loss: 0.4248
Epoch: 766, Loss: 0.4245
Epoch: 771, Loss: 0.4248
Epoch: 776, Loss: 0.4247
Epoch: 781, Loss: 0.4256
Epoch: 786, Loss: 0.4251
Epoch: 791, Loss: 0.4246
Epoch: 796, Loss: 0.4241
Epoch: 801, Loss: 0.4240
Epoch: 806, Loss: 0.4237
Epoch: 811, Loss: 0.4234
Epoch: 816, Loss: 0.4232
Epoch: 821, Loss: 0.4230
Epoch: 826, Loss: 0.4228
Epoch: 831, Loss: 0.4227
Epoch: 836, Loss: 0.4322
Epoch: 841, Loss: 0.4304
Epoch: 846, Loss: 0.4321
Epoch: 851, Loss: 0.4258
Epoch: 856, Loss: 0.4242
Epoch: 861, Loss: 0.4338
Epoch: 866, Loss: 0.4400
Epoch: 871, Loss: 0.4460
Epoch: 876, Loss: 0.4430
Epoch: 881, Loss: 0.4370
Epoch: 886, Loss: 0.4342
Epoch: 891, Loss: 0.4333
Epoch: 896, Loss: 0.4389
Epoch: 901, Loss: 0.4376
Epoch: 906, Loss: 0.4351
Epoch: 911, Loss: 0.4310
Epoch: 916, Loss: 0.4296
Epoch: 921, Loss: 0.4287
Epoch: 926, Loss: 0.4278
Epoch: 931, Loss: 0.4272
Epoch: 936, Loss: 0.4266
Epoch: 941, Loss: 0.4261
Epoch: 946, Loss: 0.4262
Epoch: 951, Loss: 0.4254
Epoch: 956, Loss: 0.4254
Epoch: 961, Loss: 0.4250
Epoch: 966, Loss: 0.4247
Epoch: 971, Loss: 0.4245
Epoch: 976, Loss: 0.4243
Epoch: 981, Loss: 0.4241
Epoch: 986, Loss: 0.4238
Epoch: 991, Loss: 0.4236
Epoch: 996, Loss: 0.4234
Epoch: 1001, Loss: 0.4232
Elapsed time 0.0985 min
Epoch: 6, Loss: 0.4230
Epoch: 11, Loss: 0.4229
Epoch: 16, Loss: 0.4227
Epoch: 21, Loss: 0.4225
Epoch: 26, Loss: 0.4224
Epoch: 31, Loss: 0.4222
Epoch: 36, Loss: 0.4221
Epoch: 41, Loss: 0.4218
Epoch: 46, Loss: 0.4217
Epoch: 51, Loss: 0.4215
Epoch: 56, Loss: 0.4214
Epoch: 61, Loss: 0.4213
Epoch: 66, Loss: 0.4212
Epoch: 71, Loss: 0.4210
Epoch: 76, Loss: 0.4208
Epoch: 81, Loss: 0.4207
Epoch: 86, Loss: 0.4205
Epoch: 91, Loss: 0.4204
Epoch: 96, Loss: 0.4202
Epoch: 101, Loss: 0.4201
Epoch: 106, Loss: 0.4200
Epoch: 111, Loss: 0.4201
Epoch: 116, Loss: 0.4304
Epoch: 121, Loss: 0.4222
Epoch: 126, Loss: 0.4218
Epoch: 131, Loss: 0.4217
Epoch: 136, Loss: 0.4211
Epoch: 141, Loss: 0.4200
Epoch: 146, Loss: 0.4193
Epoch: 151, Loss: 0.4193
Epoch: 156, Loss: 0.4189
Epoch: 161, Loss: 0.4188
Epoch: 166, Loss: 0.4185
Epoch: 171, Loss: 0.4184
Epoch: 176, Loss: 0.4182
Epoch: 181, Loss: 0.4180
Epoch: 186, Loss: 0.4179
Epoch: 191, Loss: 0.4178
Epoch: 196, Loss: 0.4177
Epoch: 201, Loss: 0.4195
Epoch: 206, Loss: 0.4306
Epoch: 211, Loss: 0.4208
Epoch: 216, Loss: 0.4187
Epoch: 221, Loss: 0.4185
Epoch: 226, Loss: 0.4180
Epoch: 231, Loss: 0.4175
Epoch: 236, Loss: 0.4171
Epoch: 241, Loss: 0.4170
Epoch: 246, Loss: 0.4169
Epoch: 251, Loss: 0.4171
Epoch: 256, Loss: 0.4168
Epoch: 261, Loss: 0.4169
Epoch: 266, Loss: 0.4178
Epoch: 271, Loss: 0.4191
Epoch: 276, Loss: 0.4161
Epoch: 281, Loss: 0.4165
Epoch: 286, Loss: 0.4159
Epoch: 291, Loss: 0.4156
Epoch: 296, Loss: 0.4157
Epoch: 301, Loss: 0.4249
Epoch: 306, Loss: 0.4174
Epoch: 311, Loss: 0.4197
Epoch: 316, Loss: 0.4189
Epoch: 321, Loss: 0.4223
Epoch: 326, Loss: 0.4222
Epoch: 331, Loss: 0.4212
Epoch: 336, Loss: 0.4199
Epoch: 341, Loss: 0.4190
Epoch: 346, Loss: 0.4192
Epoch: 351, Loss: 0.4185
Epoch: 356, Loss: 0.4181
Epoch: 361, Loss: 0.4177
Epoch: 366, Loss: 0.4172
Epoch: 371, Loss: 0.4170
Epoch: 376, Loss: 0.4167
Epoch: 381, Loss: 0.4165
Epoch: 386, Loss: 0.4161
Epoch: 391, Loss: 0.4177
Epoch: 396, Loss: 0.4157
Epoch: 401, Loss: 0.4173
Epoch: 406, Loss: 0.4159
Epoch: 411, Loss: 0.4157
Epoch: 416, Loss: 0.4149
Epoch: 421, Loss: 0.4167
Epoch: 426, Loss: 0.4226
Epoch: 431, Loss: 0.4185
Epoch: 436, Loss: 0.4154
Epoch: 441, Loss: 0.4144
Epoch: 446, Loss: 0.4147
Epoch: 451, Loss: 0.4153
Epoch: 456, Loss: 0.4147
Epoch: 461, Loss: 0.4136
Epoch: 466, Loss: 0.4141
Epoch: 471, Loss: 0.4148
Epoch: 476, Loss: 0.4311
Epoch: 481, Loss: 0.4339
Epoch: 486, Loss: 0.4296
Epoch: 491, Loss: 0.4244
Epoch: 496, Loss: 0.4214
Epoch: 501, Loss: 0.4204
Epoch: 506, Loss: 0.4187
Epoch: 511, Loss: 0.4177
Epoch: 516, Loss: 0.4168
Epoch: 521, Loss: 0.4170
Epoch: 526, Loss: 0.4161
Epoch: 531, Loss: 0.4154
Epoch: 536, Loss: 0.4149
Epoch: 541, Loss: 0.4145
Epoch: 546, Loss: 0.4140
Epoch: 551, Loss: 0.4137
Epoch: 556, Loss: 0.4134
Epoch: 561, Loss: 0.4132
Epoch: 566, Loss: 0.4131
Epoch: 571, Loss: 0.4130
Epoch: 576, Loss: 0.4136
Epoch: 581, Loss: 0.4172
Epoch: 586, Loss: 0.4126
Epoch: 591, Loss: 0.4127
Epoch: 596, Loss: 0.4128
Epoch: 601, Loss: 0.4127
Epoch: 606, Loss: 0.4123
Epoch: 611, Loss: 0.4122
Epoch: 616, Loss: 0.4118
Epoch: 621, Loss: 0.4121
Epoch: 626, Loss: 0.4284
Epoch: 631, Loss: 0.4223
Epoch: 636, Loss: 0.4127
Epoch: 641, Loss: 0.4151
Epoch: 646, Loss: 0.4136
Epoch: 651, Loss: 0.4124
Epoch: 656, Loss: 0.4120
Epoch: 661, Loss: 0.4118
Epoch: 666, Loss: 0.4115
Epoch: 671, Loss: 0.4113
Epoch: 676, Loss: 0.4111
Epoch: 681, Loss: 0.4110
Epoch: 686, Loss: 0.4108
Epoch: 691, Loss: 0.4107
Epoch: 696, Loss: 0.4105
Epoch: 701, Loss: 0.4116
Epoch: 706, Loss: 0.4262
Epoch: 711, Loss: 0.4175
Epoch: 716, Loss: 0.4107
Epoch: 721, Loss: 0.4123
Epoch: 726, Loss: 0.4103
Epoch: 731, Loss: 0.4105
Epoch: 736, Loss: 0.4101
Epoch: 741, Loss: 0.4097
Epoch: 746, Loss: 0.4095
Epoch: 751, Loss: 0.4095
Epoch: 756, Loss: 0.4091
Epoch: 761, Loss: 0.4094
Epoch: 766, Loss: 0.4115
Epoch: 771, Loss: 0.4155
Epoch: 776, Loss: 0.4118
Epoch: 781, Loss: 0.4102
Epoch: 786, Loss: 0.4095
Epoch: 791, Loss: 0.4090
Epoch: 796, Loss: 0.4087
Epoch: 801, Loss: 0.4082
Epoch: 806, Loss: 0.4086
Epoch: 811, Loss: 0.4135
Epoch: 816, Loss: 0.4102
Epoch: 821, Loss: 0.4086
Epoch: 826, Loss: 0.4084
Epoch: 831, Loss: 0.4090
Epoch: 836, Loss: 0.4087
Epoch: 841, Loss: 0.4083
Epoch: 846, Loss: 0.4079
Epoch: 851, Loss: 0.4074
Epoch: 856, Loss: 0.4078
Epoch: 861, Loss: 0.4110
Epoch: 866, Loss: 0.4138
Epoch: 871, Loss: 0.4098
Epoch: 876, Loss: 0.4078
Epoch: 881, Loss: 0.4076
Epoch: 886, Loss: 0.4074
Epoch: 891, Loss: 0.4074
Epoch: 896, Loss: 0.4069
Epoch: 901, Loss: 0.4065
Epoch: 906, Loss: 0.4066
Epoch: 911, Loss: 0.4248
Epoch: 916, Loss: 0.5196
Epoch: 921, Loss: 0.6518
Epoch: 926, Loss: 0.6245
Epoch: 931, Loss: 0.5073
Epoch: 936, Loss: 0.4880
Epoch: 941, Loss: 0.4771
Epoch: 946, Loss: 0.4638
Epoch: 951, Loss: 0.4539
Epoch: 956, Loss: 0.4513
Epoch: 961, Loss: 0.4502
Epoch: 966, Loss: 0.4487
Epoch: 971, Loss: 0.4476
Epoch: 976, Loss: 0.4466
Epoch: 981, Loss: 0.4454
Epoch: 986, Loss: 0.4446
Epoch: 991, Loss: 0.4442
Epoch: 996, Loss: 0.4437
Epoch: 1001, Loss: 0.4434
Elapsed time 0.0990 min
Epoch: 6, Loss: 0.4429
Epoch: 11, Loss: 0.4425
Epoch: 16, Loss: 0.4422
Epoch: 21, Loss: 0.4418
Epoch: 26, Loss: 0.4510
Epoch: 31, Loss: 0.4445
Epoch: 36, Loss: 0.4437
Epoch: 41, Loss: 0.4437
Epoch: 46, Loss: 0.4434
Epoch: 51, Loss: 0.4431
Epoch: 56, Loss: 0.4421
Epoch: 61, Loss: 0.4441
Epoch: 66, Loss: 0.4433
Epoch: 71, Loss: 0.4427
Epoch: 76, Loss: 0.4415
Epoch: 81, Loss: 0.4405
Epoch: 86, Loss: 0.4401
Epoch: 91, Loss: 0.4395
Epoch: 96, Loss: 0.4391
Epoch: 101, Loss: 0.4386
Epoch: 106, Loss: 0.4385
Epoch: 111, Loss: 0.4380
Epoch: 116, Loss: 0.4373
Epoch: 121, Loss: 0.4371
Epoch: 126, Loss: 0.4369
Epoch: 131, Loss: 0.4367
Epoch: 136, Loss: 0.4360
Epoch: 141, Loss: 0.4357
Epoch: 146, Loss: 0.4353
Epoch: 151, Loss: 0.4352
Epoch: 156, Loss: 0.4349
Epoch: 161, Loss: 0.4346
Epoch: 166, Loss: 0.4343
Epoch: 171, Loss: 0.4339
Epoch: 176, Loss: 0.4335
Epoch: 181, Loss: 0.4332
Epoch: 186, Loss: 0.4329
Epoch: 191, Loss: 0.4326
Epoch: 196, Loss: 0.4323
Epoch: 201, Loss: 0.4320
Epoch: 206, Loss: 0.4318
Epoch: 211, Loss: 0.4315
Epoch: 216, Loss: 0.4313
Epoch: 221, Loss: 0.4311
Epoch: 226, Loss: 0.4308
Epoch: 231, Loss: 0.4306
Epoch: 236, Loss: 0.4304
Epoch: 241, Loss: 0.4302
Epoch: 246, Loss: 0.4300
Epoch: 251, Loss: 0.4299
Epoch: 256, Loss: 0.4297
Epoch: 261, Loss: 0.4296
Epoch: 266, Loss: 0.4294
Epoch: 271, Loss: 0.4292
Epoch: 276, Loss: 0.4290
Epoch: 281, Loss: 0.4289
Epoch: 286, Loss: 0.4287
Epoch: 291, Loss: 0.4284
Epoch: 296, Loss: 0.4284
Epoch: 301, Loss: 0.4281
Epoch: 306, Loss: 0.4279
Epoch: 311, Loss: 0.4277
Epoch: 316, Loss: 0.4275
Epoch: 321, Loss: 0.4274
Epoch: 326, Loss: 0.4272
Epoch: 331, Loss: 0.4274
Epoch: 336, Loss: 0.4270
Epoch: 341, Loss: 0.4272
Epoch: 346, Loss: 0.4271
Epoch: 351, Loss: 0.4270
Epoch: 356, Loss: 0.4274
Epoch: 361, Loss: 0.4285
Epoch: 366, Loss: 0.4275
Epoch: 371, Loss: 0.4288
Epoch: 376, Loss: 0.4282
Epoch: 381, Loss: 0.4277
Epoch: 386, Loss: 0.4274
Epoch: 391, Loss: 0.4270
Epoch: 396, Loss: 0.4267
Epoch: 401, Loss: 0.4265
Epoch: 406, Loss: 0.4263
Epoch: 411, Loss: 0.4261
Epoch: 416, Loss: 0.4259
Epoch: 421, Loss: 0.4258
Epoch: 426, Loss: 0.4256
Epoch: 431, Loss: 0.4254
Epoch: 436, Loss: 0.4253
Epoch: 441, Loss: 0.4251
Epoch: 446, Loss: 0.4249
Epoch: 451, Loss: 0.4248
Epoch: 456, Loss: 0.4246
Epoch: 461, Loss: 0.4245
Epoch: 466, Loss: 0.4243
Epoch: 471, Loss: 0.4242
Epoch: 476, Loss: 0.4240
Epoch: 481, Loss: 0.4239
Epoch: 486, Loss: 0.4237
Epoch: 491, Loss: 0.4236
Epoch: 496, Loss: 0.4235
Epoch: 501, Loss: 0.4233
Epoch: 506, Loss: 0.4232
Epoch: 511, Loss: 0.4230
Epoch: 516, Loss: 0.4229
Epoch: 521, Loss: 0.4227
Epoch: 526, Loss: 0.4226
Epoch: 531, Loss: 0.4226
Epoch: 536, Loss: 0.4243
Epoch: 541, Loss: 0.4223
Epoch: 546, Loss: 0.4221
Epoch: 551, Loss: 0.4221
Epoch: 556, Loss: 0.4220
Epoch: 561, Loss: 0.4217
Epoch: 566, Loss: 0.4215
Epoch: 571, Loss: 0.4214
Epoch: 576, Loss: 0.4216
Epoch: 581, Loss: 0.4227
Epoch: 586, Loss: 0.4218
Epoch: 591, Loss: 0.4220
Epoch: 596, Loss: 0.4210
Epoch: 601, Loss: 0.4239
Epoch: 606, Loss: 0.4233
Epoch: 611, Loss: 0.4214
Epoch: 616, Loss: 0.4215
Epoch: 621, Loss: 0.4209
Epoch: 626, Loss: 0.4201
Epoch: 631, Loss: 0.4199
Epoch: 636, Loss: 0.4198
Epoch: 641, Loss: 0.4196
Epoch: 646, Loss: 0.4185
Epoch: 651, Loss: 0.4181
Epoch: 656, Loss: 0.4183
Epoch: 661, Loss: 0.4236
Epoch: 666, Loss: 0.4187
Epoch: 671, Loss: 0.4225
Epoch: 676, Loss: 0.4202
Epoch: 681, Loss: 0.4189
Epoch: 686, Loss: 0.4180
Epoch: 691, Loss: 0.4187
Epoch: 696, Loss: 0.4183
Epoch: 701, Loss: 0.4178
Epoch: 706, Loss: 0.4176
Epoch: 711, Loss: 0.4175
Epoch: 716, Loss: 0.4170
Epoch: 721, Loss: 0.4169
Epoch: 726, Loss: 0.4175
Epoch: 731, Loss: 0.4175
Epoch: 736, Loss: 0.4166
Epoch: 741, Loss: 0.4169
Epoch: 746, Loss: 0.4162
Epoch: 751, Loss: 0.4158
Epoch: 756, Loss: 0.4154
Epoch: 761, Loss: 0.4152
Epoch: 766, Loss: 0.4153
Epoch: 771, Loss: 0.4166
Epoch: 776, Loss: 0.4162
Epoch: 781, Loss: 0.4160
Epoch: 786, Loss: 0.4158
Epoch: 791, Loss: 0.4154
Epoch: 796, Loss: 0.4152
Epoch: 801, Loss: 0.4149
Epoch: 806, Loss: 0.4149
Epoch: 811, Loss: 0.4150
Epoch: 816, Loss: 0.4168
Epoch: 821, Loss: 0.4211
Epoch: 826, Loss: 0.4174
Epoch: 831, Loss: 0.4154
Epoch: 836, Loss: 0.4151
Epoch: 841, Loss: 0.4145
Epoch: 846, Loss: 0.4142
Epoch: 851, Loss: 0.4145
Epoch: 856, Loss: 0.4149
Epoch: 861, Loss: 0.4144
Epoch: 866, Loss: 0.4138
Epoch: 871, Loss: 0.4133
Epoch: 876, Loss: 0.4136
Epoch: 881, Loss: 0.4156
Epoch: 886, Loss: 0.4194
Epoch: 891, Loss: 0.4160
Epoch: 896, Loss: 0.4157
Epoch: 901, Loss: 0.4149
Epoch: 906, Loss: 0.4142
Epoch: 911, Loss: 0.4143
Epoch: 916, Loss: 0.4142
Epoch: 921, Loss: 0.4132
Epoch: 926, Loss: 0.4155
Epoch: 931, Loss: 0.4299
Epoch: 936, Loss: 0.4266
Epoch: 941, Loss: 0.4273
Epoch: 946, Loss: 0.4249
Epoch: 951, Loss: 0.4275
Epoch: 956, Loss: 0.4270
Epoch: 961, Loss: 0.4268
Epoch: 966, Loss: 0.4276
Epoch: 971, Loss: 0.4249
Epoch: 976, Loss: 0.4236
Epoch: 981, Loss: 0.4210
Epoch: 986, Loss: 0.4194
Epoch: 991, Loss: 0.4190
Epoch: 996, Loss: 0.4179
Epoch: 1001, Loss: 0.4165
Elapsed time 0.0985 min
Epoch: 6, Loss: 0.4161
Epoch: 11, Loss: 0.4153
Epoch: 16, Loss: 0.4151
Epoch: 21, Loss: 0.4143
Epoch: 26, Loss: 0.4138
Epoch: 31, Loss: 0.4134
Epoch: 36, Loss: 0.4128
Epoch: 41, Loss: 0.4124
Epoch: 46, Loss: 0.4122
Epoch: 51, Loss: 0.4120
Epoch: 56, Loss: 0.4183
Epoch: 61, Loss: 0.4126
Epoch: 66, Loss: 0.4191
Epoch: 71, Loss: 0.4168
Epoch: 76, Loss: 0.4158
Epoch: 81, Loss: 0.4137
Epoch: 86, Loss: 0.4130
Epoch: 91, Loss: 0.4123
Epoch: 96, Loss: 0.4114
Epoch: 101, Loss: 0.4112
Epoch: 106, Loss: 0.4110
Epoch: 111, Loss: 0.4106
Epoch: 116, Loss: 0.4130
Epoch: 121, Loss: 0.4121
Epoch: 126, Loss: 0.4117
Epoch: 131, Loss: 0.4113
Epoch: 136, Loss: 0.4111
Epoch: 141, Loss: 0.4114
Epoch: 146, Loss: 0.4120
Epoch: 151, Loss: 0.4119
Epoch: 156, Loss: 0.4120
Epoch: 161, Loss: 0.4114
Epoch: 166, Loss: 0.4119
Epoch: 171, Loss: 0.4114
Epoch: 176, Loss: 0.4116
Epoch: 181, Loss: 0.4129
Epoch: 186, Loss: 0.4130
Epoch: 191, Loss: 0.4112
Epoch: 196, Loss: 0.4134
Epoch: 201, Loss: 0.4119
Epoch: 206, Loss: 0.4118
Epoch: 211, Loss: 0.4125
Epoch: 216, Loss: 0.4106
Epoch: 221, Loss: 0.4109
Epoch: 226, Loss: 0.4109
Epoch: 231, Loss: 0.4102
Epoch: 236, Loss: 0.4105
Epoch: 241, Loss: 0.4097
Epoch: 246, Loss: 0.4098
Epoch: 251, Loss: 0.4094
Epoch: 256, Loss: 0.4094
Epoch: 261, Loss: 0.4091
Epoch: 266, Loss: 0.4090
Epoch: 271, Loss: 0.4097
Epoch: 276, Loss: 0.4161
Epoch: 281, Loss: 0.4090
Epoch: 286, Loss: 0.4089
Epoch: 291, Loss: 0.4087
Epoch: 296, Loss: 0.4086
Epoch: 301, Loss: 0.4086
Epoch: 306, Loss: 0.4086
Epoch: 311, Loss: 0.4080
Epoch: 316, Loss: 0.4080
Epoch: 321, Loss: 0.4076
Epoch: 326, Loss: 0.4075
Epoch: 331, Loss: 0.4074
Epoch: 336, Loss: 0.4073
Epoch: 341, Loss: 0.4111
Epoch: 346, Loss: 0.4162
Epoch: 351, Loss: 0.4084
Epoch: 356, Loss: 0.4209
Epoch: 361, Loss: 0.4143
Epoch: 366, Loss: 0.4101
Epoch: 371, Loss: 0.4088
Epoch: 376, Loss: 0.4099
Epoch: 381, Loss: 0.4087
Epoch: 386, Loss: 0.4075
Epoch: 391, Loss: 0.4072
Epoch: 396, Loss: 0.4072
Epoch: 401, Loss: 0.4067
Epoch: 406, Loss: 0.4066
Epoch: 411, Loss: 0.4065
Epoch: 416, Loss: 0.4063
Epoch: 421, Loss: 0.4063
Epoch: 426, Loss: 0.4062
Epoch: 431, Loss: 0.4060
Epoch: 436, Loss: 0.4059
Epoch: 441, Loss: 0.4058
Epoch: 446, Loss: 0.4057
Epoch: 451, Loss: 0.4056
Epoch: 456, Loss: 0.4055
Epoch: 461, Loss: 0.4054
Epoch: 466, Loss: 0.4057
Epoch: 471, Loss: 0.4087
Epoch: 476, Loss: 0.4085
Epoch: 481, Loss: 0.4085
Epoch: 486, Loss: 0.4066
Epoch: 491, Loss: 0.4052
Epoch: 496, Loss: 0.4051
Epoch: 501, Loss: 0.4055
Epoch: 506, Loss: 0.4048
Epoch: 511, Loss: 0.4047
Epoch: 516, Loss: 0.4070
Epoch: 521, Loss: 0.4100
Epoch: 526, Loss: 0.4079
Epoch: 531, Loss: 0.4054
Epoch: 536, Loss: 0.4047
Epoch: 541, Loss: 0.4049
Epoch: 546, Loss: 0.4047
Epoch: 551, Loss: 0.4047
Epoch: 556, Loss: 0.4070
Epoch: 561, Loss: 0.4085
Epoch: 566, Loss: 0.4054
Epoch: 571, Loss: 0.4041
Epoch: 576, Loss: 0.4050
Epoch: 581, Loss: 0.4037
Epoch: 586, Loss: 0.4045
Epoch: 591, Loss: 0.4085
Epoch: 596, Loss: 0.4040
Epoch: 601, Loss: 0.4053
Epoch: 606, Loss: 0.4036
Epoch: 611, Loss: 0.4049
Epoch: 616, Loss: 0.4082
Epoch: 621, Loss: 0.4038
Epoch: 626, Loss: 0.4040
Epoch: 631, Loss: 0.4040
Epoch: 636, Loss: 0.4043
Epoch: 641, Loss: 0.4034
Epoch: 646, Loss: 0.4047
Epoch: 651, Loss: 0.4062
Epoch: 656, Loss: 0.4036
Epoch: 661, Loss: 0.4038
Epoch: 666, Loss: 0.4044
Epoch: 671, Loss: 0.4029
Epoch: 676, Loss: 0.4027
Epoch: 681, Loss: 0.4042
Epoch: 686, Loss: 0.4169
Epoch: 691, Loss: 0.4083
Epoch: 696, Loss: 0.4071
Epoch: 701, Loss: 0.4058
Epoch: 706, Loss: 0.4051
Epoch: 711, Loss: 0.4042
Epoch: 716, Loss: 0.4030
Epoch: 721, Loss: 0.4039
Epoch: 726, Loss: 0.4027
Epoch: 731, Loss: 0.4029
Epoch: 736, Loss: 0.4031
Epoch: 741, Loss: 0.4098
Epoch: 746, Loss: 0.4037
Epoch: 751, Loss: 0.4039
Epoch: 756, Loss: 0.4068
Epoch: 761, Loss: 0.4032
Epoch: 766, Loss: 0.4030
Epoch: 771, Loss: 0.4032
Epoch: 776, Loss: 0.4021
Epoch: 781, Loss: 0.4031
Epoch: 786, Loss: 0.4020
Epoch: 791, Loss: 0.4024
Epoch: 796, Loss: 0.4056
Epoch: 801, Loss: 0.4090
Epoch: 806, Loss: 0.4051
Epoch: 811, Loss: 0.4085
Epoch: 816, Loss: 0.4080
Epoch: 821, Loss: 0.4065
Epoch: 826, Loss: 0.4063
Epoch: 831, Loss: 0.4044
Epoch: 836, Loss: 0.4036
Epoch: 841, Loss: 0.4029
Epoch: 846, Loss: 0.4018
Epoch: 851, Loss: 0.4052
Epoch: 856, Loss: 0.4043
Epoch: 861, Loss: 0.4026
Epoch: 866, Loss: 0.4042
Epoch: 871, Loss: 0.4025
Epoch: 876, Loss: 0.4033
Epoch: 881, Loss: 0.4008
Epoch: 886, Loss: 0.4026
Epoch: 891, Loss: 0.4007
Epoch: 896, Loss: 0.3996
Epoch: 901, Loss: 0.4009
Epoch: 906, Loss: 0.4172
Epoch: 911, Loss: 0.4059
Epoch: 916, Loss: 0.4139
Epoch: 921, Loss: 0.4060
Epoch: 926, Loss: 0.4028
Epoch: 931, Loss: 0.4334
Epoch: 936, Loss: 0.4281
Epoch: 941, Loss: 0.4329
Epoch: 946, Loss: 0.4240
Epoch: 951, Loss: 0.4230
Epoch: 956, Loss: 0.4193
Epoch: 961, Loss: 0.4152
Epoch: 966, Loss: 0.4132
Epoch: 971, Loss: 0.4123
Epoch: 976, Loss: 0.4121
Epoch: 981, Loss: 0.4117
Epoch: 986, Loss: 0.4115
Epoch: 991, Loss: 0.4105
Epoch: 996, Loss: 0.4104
Epoch: 1001, Loss: 0.4091
Elapsed time 0.0989 min
Epoch: 6, Loss: 0.4081
Epoch: 11, Loss: 0.4082
Epoch: 16, Loss: 0.4073
Epoch: 21, Loss: 0.4069
Epoch: 26, Loss: 0.4065
Epoch: 31, Loss: 0.4044
Epoch: 36, Loss: 0.4045
Epoch: 41, Loss: 0.4039
Epoch: 46, Loss: 0.4046
Epoch: 51, Loss: 0.4041
Epoch: 56, Loss: 0.4036
Epoch: 61, Loss: 0.4045
Epoch: 66, Loss: 0.4040
Epoch: 71, Loss: 0.4036
Epoch: 76, Loss: 0.4096
Epoch: 81, Loss: 0.4018
Epoch: 86, Loss: 0.4046
Epoch: 91, Loss: 0.4055
Epoch: 96, Loss: 0.4052
Epoch: 101, Loss: 0.4036
Epoch: 106, Loss: 0.4025
Epoch: 111, Loss: 0.4015
Epoch: 116, Loss: 0.4026
Epoch: 121, Loss: 0.4045
Epoch: 126, Loss: 0.4034
Epoch: 131, Loss: 0.4049
Epoch: 136, Loss: 0.4051
Epoch: 141, Loss: 0.4072
Epoch: 146, Loss: 0.4023
Epoch: 151, Loss: 0.4013
Epoch: 156, Loss: 0.4010
Epoch: 161, Loss: 0.4007
Epoch: 166, Loss: 0.4002
Epoch: 171, Loss: 0.4003
Epoch: 176, Loss: 0.3999
Epoch: 181, Loss: 0.4012
Epoch: 186, Loss: 0.4180
Epoch: 191, Loss: 0.4066
Epoch: 196, Loss: 0.4050
Epoch: 201, Loss: 0.4015
Epoch: 206, Loss: 0.4000
Epoch: 211, Loss: 0.3996
Epoch: 216, Loss: 0.3994
Epoch: 221, Loss: 0.3997
Epoch: 226, Loss: 0.3988
Epoch: 231, Loss: 0.3985
Epoch: 236, Loss: 0.3978
Epoch: 241, Loss: 0.3978
Epoch: 246, Loss: 0.3987
Epoch: 251, Loss: 0.4478
Epoch: 256, Loss: 0.4117
Epoch: 261, Loss: 0.4137
Epoch: 266, Loss: 0.4092
Epoch: 271, Loss: 0.4000
Epoch: 276, Loss: 0.4008
Epoch: 281, Loss: 0.3978
Epoch: 286, Loss: 0.3984
Epoch: 291, Loss: 0.3974
Epoch: 296, Loss: 0.3971
Epoch: 301, Loss: 0.3968
Epoch: 306, Loss: 0.3970
Epoch: 311, Loss: 0.3966
Epoch: 316, Loss: 0.3966
Epoch: 321, Loss: 0.3974
Epoch: 326, Loss: 0.3971
Epoch: 331, Loss: 0.3971
Epoch: 336, Loss: 0.3968
Epoch: 341, Loss: 0.3966
Epoch: 346, Loss: 0.3981
Epoch: 351, Loss: 0.3981
Epoch: 356, Loss: 0.3975
Epoch: 361, Loss: 0.3973
Epoch: 366, Loss: 0.3996
Epoch: 371, Loss: 0.3975
Epoch: 376, Loss: 0.3975
Epoch: 381, Loss: 0.3956
Epoch: 386, Loss: 0.3953
Epoch: 391, Loss: 0.3949
Epoch: 396, Loss: 0.3951
Epoch: 401, Loss: 0.3958
Epoch: 406, Loss: 0.3950
Epoch: 411, Loss: 0.3953
Epoch: 416, Loss: 0.3985
Epoch: 421, Loss: 0.4053
Epoch: 426, Loss: 0.3988
Epoch: 431, Loss: 0.4037
Epoch: 436, Loss: 0.4106
Epoch: 441, Loss: 0.4033
Epoch: 446, Loss: 0.3977
Epoch: 451, Loss: 0.3982
Epoch: 456, Loss: 0.3965
Epoch: 461, Loss: 0.3958
Epoch: 466, Loss: 0.3956
Epoch: 471, Loss: 0.3984
Epoch: 476, Loss: 0.3979
Epoch: 481, Loss: 0.3967
Epoch: 486, Loss: 0.3958
Epoch: 491, Loss: 0.3961
Epoch: 496, Loss: 0.3960
Epoch: 501, Loss: 0.3952
Epoch: 506, Loss: 0.3945
Epoch: 511, Loss: 0.3948
Epoch: 516, Loss: 0.3943
Epoch: 521, Loss: 0.3943
Epoch: 526, Loss: 0.3941
Epoch: 531, Loss: 0.3943
Epoch: 536, Loss: 0.3945
Epoch: 541, Loss: 0.3975
Epoch: 546, Loss: 0.3931
Epoch: 551, Loss: 0.4038
Epoch: 556, Loss: 0.4026
Epoch: 561, Loss: 0.3993
Epoch: 566, Loss: 0.4020
Epoch: 571, Loss: 0.4025
Epoch: 576, Loss: 0.3995
Epoch: 581, Loss: 0.9223
Epoch: 586, Loss: 0.7237
Epoch: 591, Loss: 0.6656
Epoch: 596, Loss: 0.5399
Epoch: 601, Loss: 0.5086
Epoch: 606, Loss: 0.4892
Epoch: 611, Loss: 0.4824
Epoch: 616, Loss: 0.4805
Epoch: 621, Loss: 0.4767
Epoch: 626, Loss: 0.4699
Epoch: 631, Loss: 0.4675
Epoch: 636, Loss: 0.4662
Epoch: 641, Loss: 0.4641
Epoch: 646, Loss: 0.4629
Epoch: 651, Loss: 0.4621
Epoch: 656, Loss: 0.4612
Epoch: 661, Loss: 0.4605
Epoch: 666, Loss: 0.4599
Epoch: 671, Loss: 0.4593
Epoch: 676, Loss: 0.4588
Epoch: 681, Loss: 0.4583
Epoch: 686, Loss: 0.4576
Epoch: 691, Loss: 0.4572
Epoch: 696, Loss: 0.4571
Epoch: 701, Loss: 0.4569
Epoch: 706, Loss: 0.4568
Epoch: 711, Loss: 0.4562
Epoch: 716, Loss: 0.4559
Epoch: 721, Loss: 0.4555
Epoch: 726, Loss: 0.4552
Epoch: 731, Loss: 0.4549
Epoch: 736, Loss: 0.4545
Epoch: 741, Loss: 0.4541
Epoch: 746, Loss: 0.4541
Epoch: 751, Loss: 0.4538
Epoch: 756, Loss: 0.4535
Epoch: 761, Loss: 0.4532
Epoch: 766, Loss: 0.4530
Epoch: 771, Loss: 0.4528
Epoch: 776, Loss: 0.4526
Epoch: 781, Loss: 0.4524
Epoch: 786, Loss: 0.4522
Epoch: 791, Loss: 0.4519
Epoch: 796, Loss: 0.4515
Epoch: 801, Loss: 0.4513
Epoch: 806, Loss: 0.4510
Epoch: 811, Loss: 0.4509
Epoch: 816, Loss: 0.4506
Epoch: 821, Loss: 0.4504
Epoch: 826, Loss: 0.4502
Epoch: 831, Loss: 0.4499
Epoch: 836, Loss: 0.4497
Epoch: 841, Loss: 0.4496
Epoch: 846, Loss: 0.4494
Epoch: 851, Loss: 0.4491
Epoch: 856, Loss: 0.4489
Epoch: 861, Loss: 0.4487
Epoch: 866, Loss: 0.4485
Epoch: 871, Loss: 0.4482
Epoch: 876, Loss: 0.4480
Epoch: 881, Loss: 0.4478
Epoch: 886, Loss: 0.4476
Epoch: 891, Loss: 0.4474
Epoch: 896, Loss: 0.4472
Epoch: 901, Loss: 0.4475
Epoch: 906, Loss: 0.4474
Epoch: 911, Loss: 0.4467
Epoch: 916, Loss: 0.4467
Epoch: 921, Loss: 0.4463
Epoch: 926, Loss: 0.4462
Epoch: 931, Loss: 0.4460
Epoch: 936, Loss: 0.4458
Epoch: 941, Loss: 0.4456
Epoch: 946, Loss: 0.4454
Epoch: 951, Loss: 0.4453
Epoch: 956, Loss: 0.4451
Epoch: 961, Loss: 0.4449
Epoch: 966, Loss: 0.4454
Epoch: 971, Loss: 0.4447
Epoch: 976, Loss: 0.4445
Epoch: 981, Loss: 0.4443
Epoch: 986, Loss: 0.4442
Epoch: 991, Loss: 0.4440
Epoch: 996, Loss: 0.4439
Epoch: 1001, Loss: 0.4437
Elapsed time 0.0991 min
Epoch: 6, Loss: 0.4436
Epoch: 11, Loss: 0.4435
Epoch: 16, Loss: 0.4434
Epoch: 21, Loss: 0.4432
Epoch: 26, Loss: 0.4433
Epoch: 31, Loss: 0.4477
Epoch: 36, Loss: 0.4450
Epoch: 41, Loss: 0.4441
Epoch: 46, Loss: 0.4427
Epoch: 51, Loss: 0.4431
Epoch: 56, Loss: 0.4425
Epoch: 61, Loss: 0.4425
Epoch: 66, Loss: 0.4423
Epoch: 71, Loss: 0.4421
Epoch: 76, Loss: 0.4420
Epoch: 81, Loss: 0.4419
Epoch: 86, Loss: 0.4418
Epoch: 91, Loss: 0.4417
Epoch: 96, Loss: 0.4415
Epoch: 101, Loss: 0.4414
Epoch: 106, Loss: 0.4413
Epoch: 111, Loss: 0.4412
Epoch: 116, Loss: 0.4412
Epoch: 121, Loss: 0.4456
Epoch: 126, Loss: 0.4411
Epoch: 131, Loss: 0.4436
Epoch: 136, Loss: 0.4414
Epoch: 141, Loss: 0.4421
Epoch: 146, Loss: 0.4412
Epoch: 151, Loss: 0.4412
Epoch: 156, Loss: 0.4410
Epoch: 161, Loss: 0.4407
Epoch: 166, Loss: 0.4405
Epoch: 171, Loss: 0.4403
Epoch: 176, Loss: 0.4401
Epoch: 181, Loss: 0.4400
Epoch: 186, Loss: 0.4399
Epoch: 191, Loss: 0.4397
Epoch: 196, Loss: 0.4394
Epoch: 201, Loss: 0.4386
Epoch: 206, Loss: 0.4395
Epoch: 211, Loss: 0.4397
Epoch: 216, Loss: 0.4395
Epoch: 221, Loss: 0.4401
Epoch: 226, Loss: 0.4594
Epoch: 231, Loss: 0.4498
Epoch: 236, Loss: 0.4404
Epoch: 241, Loss: 0.4391
Epoch: 246, Loss: 0.4386
Epoch: 251, Loss: 0.4381
Epoch: 256, Loss: 0.4379
Epoch: 261, Loss: 0.4377
Epoch: 266, Loss: 0.4376
Epoch: 271, Loss: 0.4374
Epoch: 276, Loss: 0.4365
Epoch: 281, Loss: 0.4363
Epoch: 286, Loss: 0.4362
Epoch: 291, Loss: 0.4374
Epoch: 296, Loss: 0.4361
Epoch: 301, Loss: 0.4360
Epoch: 306, Loss: 0.4358
Epoch: 311, Loss: 0.4356
Epoch: 316, Loss: 0.4355
Epoch: 321, Loss: 0.4353
Epoch: 326, Loss: 0.4352
Epoch: 331, Loss: 0.4350
Epoch: 336, Loss: 0.4349
Epoch: 341, Loss: 0.4347
Epoch: 346, Loss: 0.4346
Epoch: 351, Loss: 0.4344
Epoch: 356, Loss: 0.4348
Epoch: 361, Loss: 0.4569
Epoch: 366, Loss: 0.4486
Epoch: 371, Loss: 0.4344
Epoch: 376, Loss: 0.4350
Epoch: 381, Loss: 0.4350
Epoch: 386, Loss: 0.4346
Epoch: 391, Loss: 0.4344
Epoch: 396, Loss: 0.4342
Epoch: 401, Loss: 0.4339
Epoch: 406, Loss: 0.4337
Epoch: 411, Loss: 0.4335
Epoch: 416, Loss: 0.4332
Epoch: 421, Loss: 0.4332
Epoch: 426, Loss: 0.4330
Epoch: 431, Loss: 0.4329
Epoch: 436, Loss: 0.4327
Epoch: 441, Loss: 0.4326
Epoch: 446, Loss: 0.4324
Epoch: 451, Loss: 0.4323
Epoch: 456, Loss: 0.4321
Epoch: 461, Loss: 0.4320
Epoch: 466, Loss: 0.4318
Epoch: 471, Loss: 0.4317
Epoch: 476, Loss: 0.4316
Epoch: 481, Loss: 0.4314
Epoch: 486, Loss: 0.4313
Epoch: 491, Loss: 0.4313
Epoch: 496, Loss: 0.4390
Epoch: 501, Loss: 0.4355
Epoch: 506, Loss: 0.4460
Epoch: 511, Loss: 0.4407
Epoch: 516, Loss: 0.4355
Epoch: 521, Loss: 0.4329
Epoch: 526, Loss: 0.4329
Epoch: 531, Loss: 0.4339
Epoch: 536, Loss: 0.4325
Epoch: 541, Loss: 0.4339
Epoch: 546, Loss: 0.4347
Epoch: 551, Loss: 0.4338
Epoch: 556, Loss: 0.4334
Epoch: 561, Loss: 0.4331
Epoch: 566, Loss: 0.4324
Epoch: 571, Loss: 0.4322
Epoch: 576, Loss: 0.4319
Epoch: 581, Loss: 0.4322
Epoch: 586, Loss: 0.4328
Epoch: 591, Loss: 0.4324
Epoch: 596, Loss: 0.4320
Epoch: 601, Loss: 0.4316
Epoch: 606, Loss: 0.4314
Epoch: 611, Loss: 0.4316
Epoch: 616, Loss: 0.4314
Epoch: 621, Loss: 0.4309
Epoch: 626, Loss: 0.4306
Epoch: 631, Loss: 0.4303
Epoch: 636, Loss: 0.4354
Epoch: 641, Loss: 0.4357
Epoch: 646, Loss: 0.4344
Epoch: 651, Loss: 0.4338
Epoch: 656, Loss: 0.4330
Epoch: 661, Loss: 0.4324
Epoch: 666, Loss: 0.4329
Epoch: 671, Loss: 0.4327
Epoch: 676, Loss: 0.4320
Epoch: 681, Loss: 0.4319
Epoch: 686, Loss: 0.4314
Epoch: 691, Loss: 0.4306
Epoch: 696, Loss: 0.4305
Epoch: 701, Loss: 0.4300
Epoch: 706, Loss: 0.4295
Epoch: 711, Loss: 0.4291
Epoch: 716, Loss: 0.4288
Epoch: 721, Loss: 0.4286
Epoch: 726, Loss: 0.4281
Epoch: 731, Loss: 0.4290
Epoch: 736, Loss: 0.4297
Epoch: 741, Loss: 0.4293
Epoch: 746, Loss: 0.4285
Epoch: 751, Loss: 0.4282
Epoch: 756, Loss: 0.4280
Epoch: 761, Loss: 0.4283
Epoch: 766, Loss: 0.4317
Epoch: 771, Loss: 0.4401
Epoch: 776, Loss: 0.4311
Epoch: 781, Loss: 0.4289
Epoch: 786, Loss: 0.4304
Epoch: 791, Loss: 0.4276
Epoch: 796, Loss: 0.4271
Epoch: 801, Loss: 0.4271
Epoch: 806, Loss: 0.4266
Epoch: 811, Loss: 0.4260
Epoch: 816, Loss: 0.4261
Epoch: 821, Loss: 0.4258
Epoch: 826, Loss: 0.4256
Epoch: 831, Loss: 0.4255
Epoch: 836, Loss: 0.4255
Epoch: 841, Loss: 0.4253
Epoch: 846, Loss: 0.4249
Epoch: 851, Loss: 0.4246
Epoch: 856, Loss: 0.4244
Epoch: 861, Loss: 0.4242
Epoch: 866, Loss: 0.4241
Epoch: 871, Loss: 0.4239
Epoch: 876, Loss: 0.4237
Epoch: 881, Loss: 0.4236
Epoch: 886, Loss: 0.4234
Epoch: 891, Loss: 0.4233
Epoch: 896, Loss: 0.4233
Epoch: 901, Loss: 0.4253
Epoch: 906, Loss: 0.4484
Epoch: 911, Loss: 0.4358
Epoch: 916, Loss: 0.4241
Epoch: 921, Loss: 0.4268
Epoch: 926, Loss: 0.4285
Epoch: 931, Loss: 0.4277
Epoch: 936, Loss: 0.4294
Epoch: 941, Loss: 0.4318
Epoch: 946, Loss: 0.4300
Epoch: 951, Loss: 0.4287
Epoch: 956, Loss: 0.4286
Epoch: 961, Loss: 0.4274
Epoch: 966, Loss: 0.4264
Epoch: 971, Loss: 0.4259
Epoch: 976, Loss: 0.4255
Epoch: 981, Loss: 0.4251
Epoch: 986, Loss: 0.4246
Epoch: 991, Loss: 0.4244
Epoch: 996, Loss: 0.4240
Epoch: 1001, Loss: 0.4236
Elapsed time 0.0984 min
Epoch: 6, Loss: 0.4249
Epoch: 11, Loss: 0.4245
Epoch: 16, Loss: 0.4242
Epoch: 21, Loss: 0.4238
Epoch: 26, Loss: 0.4251
Epoch: 31, Loss: 0.4248
Epoch: 36, Loss: 0.4263
Epoch: 41, Loss: 0.4271
Epoch: 46, Loss: 0.4267
Epoch: 51, Loss: 0.4255
Epoch: 56, Loss: 0.4246
Epoch: 61, Loss: 0.4238
Epoch: 66, Loss: 0.4231
Epoch: 71, Loss: 0.4357
Epoch: 76, Loss: 0.4373
Epoch: 81, Loss: 0.4363
Epoch: 86, Loss: 0.4342
Epoch: 91, Loss: 0.4315
Epoch: 96, Loss: 0.4294
Epoch: 101, Loss: 0.4277
Epoch: 106, Loss: 0.4263
Epoch: 111, Loss: 0.4263
Epoch: 116, Loss: 0.4259
Epoch: 121, Loss: 0.4251
Epoch: 126, Loss: 0.4253
Epoch: 131, Loss: 0.4247
Epoch: 136, Loss: 0.4238
Epoch: 141, Loss: 0.4236
Epoch: 146, Loss: 0.4228
Epoch: 151, Loss: 0.4231
Epoch: 156, Loss: 0.4246
Epoch: 161, Loss: 0.4244
Epoch: 166, Loss: 0.4218
Epoch: 171, Loss: 0.4421
Epoch: 176, Loss: 0.4368
Epoch: 181, Loss: 0.4350
Epoch: 186, Loss: 0.4352
Epoch: 191, Loss: 0.4326
Epoch: 196, Loss: 0.4309
Epoch: 201, Loss: 0.4303
Epoch: 206, Loss: 0.4291
Epoch: 211, Loss: 0.4279
Epoch: 216, Loss: 0.4273
Epoch: 221, Loss: 0.4265
Epoch: 226, Loss: 0.4258
Epoch: 231, Loss: 0.4253
Epoch: 236, Loss: 0.4246
Epoch: 241, Loss: 0.4241
Epoch: 246, Loss: 0.4233
Epoch: 251, Loss: 0.4229
Epoch: 256, Loss: 0.4227
Epoch: 261, Loss: 0.4221
Epoch: 266, Loss: 0.4219
Epoch: 271, Loss: 0.4241
Epoch: 276, Loss: 0.4362
Epoch: 281, Loss: 0.4257
Epoch: 286, Loss: 0.4248
Epoch: 291, Loss: 0.4248
Epoch: 296, Loss: 0.4241
Epoch: 301, Loss: 0.4360
Epoch: 306, Loss: 0.4346
Epoch: 311, Loss: 0.4306
Epoch: 316, Loss: 0.4268
Epoch: 321, Loss: 0.4246
Epoch: 326, Loss: 0.4222
Epoch: 331, Loss: 0.4212
Epoch: 336, Loss: 0.4209
Epoch: 341, Loss: 0.4205
Epoch: 346, Loss: 0.4201
Epoch: 351, Loss: 0.4197
Epoch: 356, Loss: 0.4194
Epoch: 361, Loss: 0.4192
Epoch: 366, Loss: 0.4190
Epoch: 371, Loss: 0.4187
Epoch: 376, Loss: 0.4185
Epoch: 381, Loss: 0.4183
Epoch: 386, Loss: 0.4181
Epoch: 391, Loss: 0.4243
Epoch: 396, Loss: 0.4221
Epoch: 401, Loss: 0.4211
Epoch: 406, Loss: 0.4181
Epoch: 411, Loss: 0.4185
Epoch: 416, Loss: 0.4190
Epoch: 421, Loss: 0.4181
Epoch: 426, Loss: 0.4174
Epoch: 431, Loss: 0.4177
Epoch: 436, Loss: 0.4172
Epoch: 441, Loss: 0.4171
Epoch: 446, Loss: 0.4166
Epoch: 451, Loss: 0.4167
Epoch: 456, Loss: 0.4176
Epoch: 461, Loss: 0.4290
Epoch: 466, Loss: 0.4164
Epoch: 471, Loss: 0.4176
Epoch: 476, Loss: 0.4173
Epoch: 481, Loss: 0.4186
Epoch: 486, Loss: 0.4181
Epoch: 491, Loss: 0.4168
Epoch: 496, Loss: 0.4162
Epoch: 501, Loss: 0.4161
Epoch: 506, Loss: 0.4159
Epoch: 511, Loss: 0.4156
Epoch: 516, Loss: 0.4154
Epoch: 521, Loss: 0.4153
Epoch: 526, Loss: 0.4151
Epoch: 531, Loss: 0.4150
Epoch: 536, Loss: 0.4148
Epoch: 541, Loss: 0.4147
Epoch: 546, Loss: 0.4146
Epoch: 551, Loss: 0.4145
Epoch: 556, Loss: 0.4147
Epoch: 561, Loss: 0.4229
Epoch: 566, Loss: 0.4178
Epoch: 571, Loss: 0.4179
Epoch: 576, Loss: 0.4169
Epoch: 581, Loss: 0.4177
Epoch: 586, Loss: 0.4150
Epoch: 591, Loss: 0.4148
Epoch: 596, Loss: 0.4145
Epoch: 601, Loss: 0.4153
Epoch: 606, Loss: 0.4182
Epoch: 611, Loss: 0.4177
Epoch: 616, Loss: 0.4172
Epoch: 621, Loss: 0.4167
Epoch: 626, Loss: 0.4162
Epoch: 631, Loss: 0.4159
Epoch: 636, Loss: 0.4160
Epoch: 641, Loss: 0.4156
Epoch: 646, Loss: 0.4157
Epoch: 651, Loss: 0.4154
Epoch: 656, Loss: 0.4150
Epoch: 661, Loss: 0.4148
Epoch: 666, Loss: 0.4147
Epoch: 671, Loss: 0.4153
Epoch: 676, Loss: 0.4156
Epoch: 681, Loss: 0.4153
Epoch: 686, Loss: 0.4141
Epoch: 691, Loss: 0.4138
Epoch: 696, Loss: 0.4145
Epoch: 701, Loss: 0.4173
Epoch: 706, Loss: 0.4225
Epoch: 711, Loss: 0.4161
Epoch: 716, Loss: 0.4173
Epoch: 721, Loss: 0.4162
Epoch: 726, Loss: 0.4145
Epoch: 731, Loss: 0.4140
Epoch: 736, Loss: 0.4138
Epoch: 741, Loss: 0.4134
Epoch: 746, Loss: 0.4131
Epoch: 751, Loss: 0.4127
Epoch: 756, Loss: 0.4128
Epoch: 761, Loss: 0.4130
Epoch: 766, Loss: 0.4144
Epoch: 771, Loss: 0.4153
Epoch: 776, Loss: 0.4171
Epoch: 781, Loss: 0.4125
Epoch: 786, Loss: 0.4138
Epoch: 791, Loss: 0.4115
Epoch: 796, Loss: 0.4124
Epoch: 801, Loss: 0.4112
Epoch: 806, Loss: 0.4111
Epoch: 811, Loss: 0.4114
Epoch: 816, Loss: 0.4116
Epoch: 821, Loss: 0.4136
Epoch: 826, Loss: 0.4197
Epoch: 831, Loss: 0.4116
Epoch: 836, Loss: 0.4108
Epoch: 841, Loss: 0.4116
Epoch: 846, Loss: 0.4119
Epoch: 851, Loss: 0.4109
Epoch: 856, Loss: 0.4102
Epoch: 861, Loss: 0.4099
Epoch: 866, Loss: 0.4099
Epoch: 871, Loss: 0.4096
Epoch: 876, Loss: 0.4096
Epoch: 881, Loss: 0.4097
Epoch: 886, Loss: 0.4102
Epoch: 891, Loss: 0.4132
Epoch: 896, Loss: 0.4119
Epoch: 901, Loss: 0.4098
Epoch: 906, Loss: 0.4098
Epoch: 911, Loss: 0.4092
Epoch: 916, Loss: 0.4094
Epoch: 921, Loss: 0.4086
Epoch: 926, Loss: 0.4088
Epoch: 931, Loss: 0.4099
Epoch: 936, Loss: 0.4140
Epoch: 941, Loss: 0.4093
Epoch: 946, Loss: 0.4101
Epoch: 951, Loss: 0.4082
Epoch: 956, Loss: 0.4090
Epoch: 961, Loss: 0.4082
Epoch: 966, Loss: 0.4078
Epoch: 971, Loss: 0.4083
Epoch: 976, Loss: 0.4097
Epoch: 981, Loss: 0.4119
Epoch: 986, Loss: 0.4080
Epoch: 991, Loss: 0.4083
Epoch: 996, Loss: 0.4081
Epoch: 1001, Loss: 0.4072
Elapsed time 0.0964 min
Epoch: 6, Loss: 0.4076
Epoch: 11, Loss: 0.4094
Epoch: 16, Loss: 0.4126
Epoch: 21, Loss: 0.4069
Epoch: 26, Loss: 0.4086
Epoch: 31, Loss: 0.4068
Epoch: 36, Loss: 0.4075
Epoch: 41, Loss: 0.4076
Epoch: 46, Loss: 0.4068
Epoch: 51, Loss: 0.4066
Epoch: 56, Loss: 0.4076
Epoch: 61, Loss: 0.4138
Epoch: 66, Loss: 0.4073
Epoch: 71, Loss: 0.4098
Epoch: 76, Loss: 0.4068
Epoch: 81, Loss: 0.4109
Epoch: 86, Loss: 0.4259
Epoch: 91, Loss: 0.4288
Epoch: 96, Loss: 0.4262
Epoch: 101, Loss: 0.4315
Epoch: 106, Loss: 0.4404
Epoch: 111, Loss: 0.4316
Epoch: 116, Loss: 0.4274
Epoch: 121, Loss: 0.4224
Epoch: 126, Loss: 0.4234
Epoch: 131, Loss: 0.4316
Epoch: 136, Loss: 0.4370
Epoch: 141, Loss: 0.4363
Epoch: 146, Loss: 0.4346
Epoch: 151, Loss: 0.4318
Epoch: 156, Loss: 0.4308
Epoch: 161, Loss: 0.4293
Epoch: 166, Loss: 0.4279
Epoch: 171, Loss: 0.4266
Epoch: 176, Loss: 0.4254
Epoch: 181, Loss: 0.4245
Epoch: 186, Loss: 0.4237
Epoch: 191, Loss: 0.4232
Epoch: 196, Loss: 0.4228
Epoch: 201, Loss: 0.4223
Epoch: 206, Loss: 0.4217
Epoch: 211, Loss: 0.4214
Epoch: 216, Loss: 0.4209
Epoch: 221, Loss: 0.4205
Epoch: 226, Loss: 0.4201
Epoch: 231, Loss: 0.4198
Epoch: 236, Loss: 0.4194
Epoch: 241, Loss: 0.4195
Epoch: 246, Loss: 0.4193
Epoch: 251, Loss: 0.4192
Epoch: 256, Loss: 0.4187
Epoch: 261, Loss: 0.4183
Epoch: 266, Loss: 0.4180
Epoch: 271, Loss: 0.4179
Epoch: 276, Loss: 0.4176
Epoch: 281, Loss: 0.4170
Epoch: 286, Loss: 0.4164
Epoch: 291, Loss: 0.4159
Epoch: 296, Loss: 0.4155
Epoch: 301, Loss: 0.4155
Epoch: 306, Loss: 0.4220
Epoch: 311, Loss: 0.4162
Epoch: 316, Loss: 0.4210
Epoch: 321, Loss: 0.4185
Epoch: 326, Loss: 0.4180
Epoch: 331, Loss: 0.4173
Epoch: 336, Loss: 0.4148
Epoch: 341, Loss: 0.4132
Epoch: 346, Loss: 0.4123
Epoch: 351, Loss: 0.4122
Epoch: 356, Loss: 0.4117
Epoch: 361, Loss: 0.4115
Epoch: 366, Loss: 0.4109
Epoch: 371, Loss: 0.4105
Epoch: 376, Loss: 0.4102
Epoch: 381, Loss: 0.4099
Epoch: 386, Loss: 0.4096
Epoch: 391, Loss: 0.4095
Epoch: 396, Loss: 0.4093
Epoch: 401, Loss: 0.4090
Epoch: 406, Loss: 0.4109
Epoch: 411, Loss: 0.4160
Epoch: 416, Loss: 0.4105
Epoch: 421, Loss: 0.4138
Epoch: 426, Loss: 0.4110
Epoch: 431, Loss: 0.4089
Epoch: 436, Loss: 0.4083
Epoch: 441, Loss: 0.4088
Epoch: 446, Loss: 0.4081
Epoch: 451, Loss: 0.4074
Epoch: 456, Loss: 0.4072
Epoch: 461, Loss: 0.4067
Epoch: 466, Loss: 0.4067
Epoch: 471, Loss: 0.4066
Epoch: 476, Loss: 0.4077
Epoch: 481, Loss: 0.4166
Epoch: 486, Loss: 0.4060
Epoch: 491, Loss: 0.4074
Epoch: 496, Loss: 0.4085
Epoch: 501, Loss: 0.4085
Epoch: 506, Loss: 0.4080
Epoch: 511, Loss: 0.4067
Epoch: 516, Loss: 0.4053
Epoch: 521, Loss: 0.4049
Epoch: 526, Loss: 0.4056
Epoch: 531, Loss: 0.4048
Epoch: 536, Loss: 0.4046
Epoch: 541, Loss: 0.4042
Epoch: 546, Loss: 0.4050
Epoch: 551, Loss: 0.4082
Epoch: 556, Loss: 0.4100
Epoch: 561, Loss: 0.4052
Epoch: 566, Loss: 0.4047
Epoch: 571, Loss: 0.4055
Epoch: 576, Loss: 0.4037
Epoch: 581, Loss: 0.4043
Epoch: 586, Loss: 0.4040
Epoch: 591, Loss: 0.4030
Epoch: 596, Loss: 0.4030
Epoch: 601, Loss: 0.4055
Epoch: 606, Loss: 0.4172
Epoch: 611, Loss: 0.4073
Epoch: 616, Loss: 0.4053
Epoch: 621, Loss: 0.4044
Epoch: 626, Loss: 0.4042
Epoch: 631, Loss: 0.4037
Epoch: 636, Loss: 0.4032
Epoch: 641, Loss: 0.4033
Epoch: 646, Loss: 0.4031
Epoch: 651, Loss: 0.4024
Epoch: 656, Loss: 0.4019
Epoch: 661, Loss: 0.4031
Epoch: 666, Loss: 0.4025
Epoch: 671, Loss: 0.4024
Epoch: 676, Loss: 0.4019
Epoch: 681, Loss: 0.4016
Epoch: 686, Loss: 0.4040
Epoch: 691, Loss: 0.4056
Epoch: 696, Loss: 0.4042
Epoch: 701, Loss: 0.4026
Epoch: 706, Loss: 0.4034
Epoch: 711, Loss: 0.4029
Epoch: 716, Loss: 0.4020
Epoch: 721, Loss: 0.4034
Epoch: 726, Loss: 0.4047
Epoch: 731, Loss: 0.4082
Epoch: 736, Loss: 0.4014
Epoch: 741, Loss: 0.4027
Epoch: 746, Loss: 0.4009
Epoch: 751, Loss: 0.4013
Epoch: 756, Loss: 0.4014
Epoch: 761, Loss: 0.4000
Epoch: 766, Loss: 0.4236
Epoch: 771, Loss: 0.4324
Epoch: 776, Loss: 0.4447
Epoch: 781, Loss: 0.4286
Epoch: 786, Loss: 0.4274
Epoch: 791, Loss: 0.4223
Epoch: 796, Loss: 0.4180
Epoch: 801, Loss: 0.4162
Epoch: 806, Loss: 0.4144
Epoch: 811, Loss: 0.4126
Epoch: 816, Loss: 0.4121
Epoch: 821, Loss: 0.4109
Epoch: 826, Loss: 0.4098
Epoch: 831, Loss: 0.4084
Epoch: 836, Loss: 0.4075
Epoch: 841, Loss: 0.4067
Epoch: 846, Loss: 0.4058
Epoch: 851, Loss: 0.4055
Epoch: 856, Loss: 0.4052
Epoch: 861, Loss: 0.4049
Epoch: 866, Loss: 0.4046
Epoch: 871, Loss: 0.4043
Epoch: 876, Loss: 0.4039
Epoch: 881, Loss: 0.4037
Epoch: 886, Loss: 0.4035
Epoch: 891, Loss: 0.4034
Epoch: 896, Loss: 0.4035
Epoch: 901, Loss: 0.4061
Epoch: 906, Loss: 0.4125
Epoch: 911, Loss: 0.4041
Epoch: 916, Loss: 0.4025
Epoch: 921, Loss: 0.4029
Epoch: 926, Loss: 0.4035
Epoch: 931, Loss: 0.4037
Epoch: 936, Loss: 0.4024
Epoch: 941, Loss: 0.4020
Epoch: 946, Loss: 0.4022
Epoch: 951, Loss: 0.4030
Epoch: 956, Loss: 0.4059
Epoch: 961, Loss: 0.4064
Epoch: 966, Loss: 0.4032
Epoch: 971, Loss: 0.4055
Epoch: 976, Loss: 0.4050
Epoch: 981, Loss: 0.4032
Epoch: 986, Loss: 0.4026
Epoch: 991, Loss: 0.4018
Epoch: 996, Loss: 0.4016
Epoch: 1001, Loss: 0.4020
Elapsed time 0.0988 min
Epoch: 6, Loss: 0.4072
Epoch: 11, Loss: 0.4341
Epoch: 16, Loss: 0.4186
Epoch: 21, Loss: 0.4132
Epoch: 26, Loss: 0.4121
Epoch: 31, Loss: 0.4155
Epoch: 36, Loss: 0.4120
Epoch: 41, Loss: 0.4084
Epoch: 46, Loss: 0.4090
Epoch: 51, Loss: 0.4077
Epoch: 56, Loss: 0.4077
Epoch: 61, Loss: 0.4063
Epoch: 66, Loss: 0.4052
Epoch: 71, Loss: 0.4046
Epoch: 76, Loss: 0.4040
Epoch: 81, Loss: 0.4035
Epoch: 86, Loss: 0.4029
Epoch: 91, Loss: 0.4026
Epoch: 96, Loss: 0.4024
Epoch: 101, Loss: 0.4021
Epoch: 106, Loss: 0.4018
Epoch: 111, Loss: 0.4016
Epoch: 116, Loss: 0.4015
Epoch: 121, Loss: 0.4013
Epoch: 126, Loss: 0.4013
Epoch: 131, Loss: 0.4011
Epoch: 136, Loss: 0.4009
Epoch: 141, Loss: 0.4008
Epoch: 146, Loss: 0.4007
Epoch: 151, Loss: 0.4005
Epoch: 156, Loss: 0.4004
Epoch: 161, Loss: 0.4003
Epoch: 166, Loss: 0.4002
Epoch: 171, Loss: 0.4000
Epoch: 176, Loss: 0.4000
Epoch: 181, Loss: 0.4009
Epoch: 186, Loss: 0.4211
Epoch: 191, Loss: 0.4072
Epoch: 196, Loss: 0.4093
Epoch: 201, Loss: 0.4068
Epoch: 206, Loss: 0.4033
Epoch: 211, Loss: 0.4034
Epoch: 216, Loss: 0.4041
Epoch: 221, Loss: 0.4025
Epoch: 226, Loss: 0.4018
Epoch: 231, Loss: 0.4013
Epoch: 236, Loss: 0.4007
Epoch: 241, Loss: 0.4004
Epoch: 246, Loss: 0.4001
Epoch: 251, Loss: 0.3999
Epoch: 256, Loss: 0.3997
Epoch: 261, Loss: 0.3996
Epoch: 266, Loss: 0.3994
Epoch: 271, Loss: 0.3993
Epoch: 276, Loss: 0.3991
Epoch: 281, Loss: 0.3990
Epoch: 286, Loss: 0.3989
Epoch: 291, Loss: 0.3987
Epoch: 296, Loss: 0.3987
Epoch: 301, Loss: 0.3999
Epoch: 306, Loss: 0.4120
Epoch: 311, Loss: 0.4000
Epoch: 316, Loss: 0.3987
Epoch: 321, Loss: 0.3984
Epoch: 326, Loss: 0.3985
Epoch: 331, Loss: 0.3983
Epoch: 336, Loss: 0.3981
Epoch: 341, Loss: 0.3981
Epoch: 346, Loss: 0.3980
Epoch: 351, Loss: 0.3983
Epoch: 356, Loss: 0.3978
Epoch: 361, Loss: 0.3971
Epoch: 366, Loss: 0.3970
Epoch: 371, Loss: 0.3971
Epoch: 376, Loss: 0.3969
Epoch: 381, Loss: 0.3967
Epoch: 386, Loss: 0.3970
Epoch: 391, Loss: 0.4007
Epoch: 396, Loss: 0.4021
Epoch: 401, Loss: 0.3998
Epoch: 406, Loss: 0.3966
Epoch: 411, Loss: 0.3980
Epoch: 416, Loss: 0.3966
Epoch: 421, Loss: 0.3959
Epoch: 426, Loss: 0.3960
Epoch: 431, Loss: 0.3954
Epoch: 436, Loss: 0.3953
Epoch: 441, Loss: 0.3959
Epoch: 446, Loss: 0.4000
Epoch: 451, Loss: 0.4011
Epoch: 456, Loss: 0.4003
Epoch: 461, Loss: 0.3968
Epoch: 466, Loss: 0.3964
Epoch: 471, Loss: 0.3987
Epoch: 476, Loss: 0.3970
Epoch: 481, Loss: 0.3959
Epoch: 486, Loss: 0.3957
Epoch: 491, Loss: 0.3960
Epoch: 496, Loss: 0.3947
Epoch: 501, Loss: 0.3975
Epoch: 506, Loss: 0.3948
Epoch: 511, Loss: 0.3952
Epoch: 516, Loss: 0.3949
Epoch: 521, Loss: 0.3942
Epoch: 526, Loss: 0.3952
Epoch: 531, Loss: 0.3973
Epoch: 536, Loss: 0.3938
Epoch: 541, Loss: 0.3945
Epoch: 546, Loss: 0.3953
Epoch: 551, Loss: 0.3944
Epoch: 556, Loss: 0.3940
Epoch: 561, Loss: 0.3941
Epoch: 566, Loss: 0.3985
Epoch: 571, Loss: 0.4076
Epoch: 576, Loss: 0.3996
Epoch: 581, Loss: 0.3968
Epoch: 586, Loss: 0.3942
Epoch: 591, Loss: 0.3952
Epoch: 596, Loss: 0.3984
Epoch: 601, Loss: 0.4265
Epoch: 606, Loss: 0.4104
Epoch: 611, Loss: 0.4031
Epoch: 616, Loss: 0.3982
Epoch: 621, Loss: 0.3974
Epoch: 626, Loss: 0.3951
Epoch: 631, Loss: 0.3946
Epoch: 636, Loss: 0.3935
Epoch: 641, Loss: 0.3931
Epoch: 646, Loss: 0.3928
Epoch: 651, Loss: 0.3931
Epoch: 656, Loss: 0.3941
Epoch: 661, Loss: 0.3932
Epoch: 666, Loss: 0.3929
Epoch: 671, Loss: 0.3934
Epoch: 676, Loss: 0.3938
Epoch: 681, Loss: 0.3926
Epoch: 686, Loss: 0.3924
Epoch: 691, Loss: 0.3920
Epoch: 696, Loss: 0.3917
Epoch: 701, Loss: 0.3914
Epoch: 706, Loss: 0.3912
Epoch: 711, Loss: 0.3911
Epoch: 716, Loss: 0.3909
Epoch: 721, Loss: 0.3908
Epoch: 726, Loss: 0.3911
Epoch: 731, Loss: 0.3975
Epoch: 736, Loss: 0.3937
Epoch: 741, Loss: 0.3963
Epoch: 746, Loss: 0.3967
Epoch: 751, Loss: 0.3957
Epoch: 756, Loss: 0.3945
Epoch: 761, Loss: 0.3934
Epoch: 766, Loss: 0.3923
Epoch: 771, Loss: 0.3916
Epoch: 776, Loss: 0.3911
Epoch: 781, Loss: 0.3908
Epoch: 786, Loss: 0.3901
Epoch: 791, Loss: 0.3895
Epoch: 796, Loss: 0.3898
Epoch: 801, Loss: 0.3894
Epoch: 806, Loss: 0.3895
Epoch: 811, Loss: 0.3895
Epoch: 816, Loss: 0.3900
Epoch: 821, Loss: 0.3921
Epoch: 826, Loss: 0.3922
Epoch: 831, Loss: 0.3986
Epoch: 836, Loss: 0.3935
Epoch: 841, Loss: 0.4144
Epoch: 846, Loss: 0.3966
Epoch: 851, Loss: 0.3962
Epoch: 856, Loss: 0.3958
Epoch: 861, Loss: 0.3922
Epoch: 866, Loss: 0.3918
Epoch: 871, Loss: 0.3914
Epoch: 876, Loss: 0.3914
Epoch: 881, Loss: 0.3909
Epoch: 886, Loss: 0.3902
Epoch: 891, Loss: 0.3902
Epoch: 896, Loss: 0.3899
Epoch: 901, Loss: 0.3895
Epoch: 906, Loss: 0.3890
Epoch: 911, Loss: 0.3890
Epoch: 916, Loss: 0.3915
Epoch: 921, Loss: 0.3941
Epoch: 926, Loss: 0.3929
Epoch: 931, Loss: 0.3930
Epoch: 936, Loss: 0.3915
Epoch: 941, Loss: 0.3910
Epoch: 946, Loss: 0.3912
Epoch: 951, Loss: 0.3901
Epoch: 956, Loss: 0.3910
Epoch: 961, Loss: 0.3908
Epoch: 966, Loss: 0.3904
Epoch: 971, Loss: 0.3906
Epoch: 976, Loss: 0.3909
Epoch: 981, Loss: 0.3905
Epoch: 986, Loss: 0.3907
Epoch: 991, Loss: 0.3901
Epoch: 996, Loss: 0.3900
Epoch: 1001, Loss: 0.3896
Elapsed time 0.0964 min
Epoch: 6, Loss: 0.3898
Epoch: 11, Loss: 0.3914
Epoch: 16, Loss: 0.3929
Epoch: 21, Loss: 0.3894
Epoch: 26, Loss: 0.3881
Epoch: 31, Loss: 0.4123
Epoch: 36, Loss: 0.4363
Epoch: 41, Loss: 0.4455
Epoch: 46, Loss: 0.4225
Epoch: 51, Loss: 0.4126
Epoch: 56, Loss: 0.4026
Epoch: 61, Loss: 0.3988
Epoch: 66, Loss: 0.3966
Epoch: 71, Loss: 0.3954
Epoch: 76, Loss: 0.3975
Epoch: 81, Loss: 0.3960
Epoch: 86, Loss: 0.3946
Epoch: 91, Loss: 0.3934
Epoch: 96, Loss: 0.3922
Epoch: 101, Loss: 0.3915
Epoch: 106, Loss: 0.3911
Epoch: 111, Loss: 0.3904
Epoch: 116, Loss: 0.3901
Epoch: 121, Loss: 0.3900
Epoch: 126, Loss: 0.3907
Epoch: 131, Loss: 0.3904
Epoch: 136, Loss: 0.3898
Epoch: 141, Loss: 0.3895
Epoch: 146, Loss: 0.3892
Epoch: 151, Loss: 0.3890
Epoch: 156, Loss: 0.3889
Epoch: 161, Loss: 0.3887
Epoch: 166, Loss: 0.3886
Epoch: 171, Loss: 0.3884
Epoch: 176, Loss: 0.3883
Epoch: 181, Loss: 0.3882
Epoch: 186, Loss: 0.3881
Epoch: 191, Loss: 0.3880
Epoch: 196, Loss: 0.3879
Epoch: 201, Loss: 0.3878
Epoch: 206, Loss: 0.3877
Epoch: 211, Loss: 0.3876
Epoch: 216, Loss: 0.3875
Epoch: 221, Loss: 0.3874
Epoch: 226, Loss: 0.3873
Epoch: 231, Loss: 0.3872
Epoch: 236, Loss: 0.3871
Epoch: 241, Loss: 0.3870
Epoch: 246, Loss: 0.3869
Epoch: 251, Loss: 0.3868
Epoch: 256, Loss: 0.3867
Epoch: 261, Loss: 0.3867
Epoch: 266, Loss: 0.3891
Epoch: 271, Loss: 0.3991
Epoch: 276, Loss: 0.3954
Epoch: 281, Loss: 0.3913
Epoch: 286, Loss: 0.3917
Epoch: 291, Loss: 0.3894
Epoch: 296, Loss: 0.3888
Epoch: 301, Loss: 0.3876
Epoch: 306, Loss: 0.3869
Epoch: 311, Loss: 0.3865
Epoch: 316, Loss: 0.3860
Epoch: 321, Loss: 0.3859
Epoch: 326, Loss: 0.3862
Epoch: 331, Loss: 0.3860
Epoch: 336, Loss: 0.3856
Epoch: 341, Loss: 0.3857
Epoch: 346, Loss: 0.3855
Epoch: 351, Loss: 0.3854
Epoch: 356, Loss: 0.3854
Epoch: 361, Loss: 0.3858
Epoch: 366, Loss: 0.3910
Epoch: 371, Loss: 0.3878
Epoch: 376, Loss: 0.3885
Epoch: 381, Loss: 0.3851
Epoch: 386, Loss: 0.3869
Epoch: 391, Loss: 0.3848
Epoch: 396, Loss: 0.3857
Epoch: 401, Loss: 0.3857
Epoch: 406, Loss: 0.3849
Epoch: 411, Loss: 0.3847
Epoch: 416, Loss: 0.3852
Epoch: 421, Loss: 0.3892
Epoch: 426, Loss: 0.3910
Epoch: 431, Loss: 0.3867
Epoch: 436, Loss: 0.3883
Epoch: 441, Loss: 0.3869
Epoch: 446, Loss: 0.3872
Epoch: 451, Loss: 0.3853
Epoch: 456, Loss: 0.3856
Epoch: 461, Loss: 0.3851
Epoch: 466, Loss: 0.3870
Epoch: 471, Loss: 0.3891
Epoch: 476, Loss: 0.3843
Epoch: 481, Loss: 0.3866
Epoch: 486, Loss: 0.3842
Epoch: 491, Loss: 0.3840
Epoch: 496, Loss: 0.3859
Epoch: 501, Loss: 0.3870
Epoch: 506, Loss: 0.3837
Epoch: 511, Loss: 0.3848
Epoch: 516, Loss: 0.3866
Epoch: 521, Loss: 0.3839
Epoch: 526, Loss: 0.3835
Epoch: 531, Loss: 0.3860
Epoch: 536, Loss: 0.3872
Epoch: 541, Loss: 0.3833
Epoch: 546, Loss: 0.3864
Epoch: 551, Loss: 0.3861
Epoch: 556, Loss: 0.3860
Epoch: 561, Loss: 0.3863
Epoch: 566, Loss: 0.3894
Epoch: 571, Loss: 0.3850
Epoch: 576, Loss: 0.3830
Epoch: 581, Loss: 0.3851
Epoch: 586, Loss: 0.3850
Epoch: 591, Loss: 0.3829
Epoch: 596, Loss: 0.3829
Epoch: 601, Loss: 0.3827
Epoch: 606, Loss: 0.3826
Epoch: 611, Loss: 0.3822
Epoch: 616, Loss: 0.3822
Epoch: 621, Loss: 0.3834
Epoch: 626, Loss: 0.3894
Epoch: 631, Loss: 0.3822
Epoch: 636, Loss: 0.3861
Epoch: 641, Loss: 0.3819
Epoch: 646, Loss: 0.3842
Epoch: 651, Loss: 0.3818
Epoch: 656, Loss: 0.3825
Epoch: 661, Loss: 0.3835
Epoch: 666, Loss: 0.3826
Epoch: 671, Loss: 0.3820
Epoch: 676, Loss: 0.3834
Epoch: 681, Loss: 0.3867
Epoch: 686, Loss: 0.3814
Epoch: 691, Loss: 0.3832
Epoch: 696, Loss: 0.3828
Epoch: 701, Loss: 0.3813
Epoch: 706, Loss: 0.3831
Epoch: 711, Loss: 0.3832
Epoch: 716, Loss: 0.3810
Epoch: 721, Loss: 0.3807
Epoch: 726, Loss: 0.3813
Epoch: 731, Loss: 0.3874
Epoch: 736, Loss: 0.3842
Epoch: 741, Loss: 0.3831
Epoch: 746, Loss: 0.3824
Epoch: 751, Loss: 0.3819
Epoch: 756, Loss: 0.3823
Epoch: 761, Loss: 0.3804
Epoch: 766, Loss: 0.3811
Epoch: 771, Loss: 0.3836
Epoch: 776, Loss: 0.3822
Epoch: 781, Loss: 0.3802
Epoch: 786, Loss: 0.3815
Epoch: 791, Loss: 0.3846
Epoch: 796, Loss: 0.3806
Epoch: 801, Loss: 0.3802
Epoch: 806, Loss: 0.3821
Epoch: 811, Loss: 0.3837
Epoch: 816, Loss: 0.3801
Epoch: 821, Loss: 0.3799
Epoch: 826, Loss: 0.3822
Epoch: 831, Loss: 0.3839
Epoch: 836, Loss: 0.3796
Epoch: 841, Loss: 0.3802
Epoch: 846, Loss: 0.3829
Epoch: 851, Loss: 0.3807
Epoch: 856, Loss: 0.3792
Epoch: 861, Loss: 0.3792
Epoch: 866, Loss: 0.3813
Epoch: 871, Loss: 0.3884
Epoch: 876, Loss: 0.3793
Epoch: 881, Loss: 0.3826
Epoch: 886, Loss: 0.3799
Epoch: 891, Loss: 0.3850
Epoch: 896, Loss: 0.3833
Epoch: 901, Loss: 0.3863
Epoch: 906, Loss: 0.3810
Epoch: 911, Loss: 0.3825
Epoch: 916, Loss: 0.3813
Epoch: 921, Loss: 0.3809
Epoch: 926, Loss: 0.3803
Epoch: 931, Loss: 0.3800
Epoch: 936, Loss: 0.3797
Epoch: 941, Loss: 0.3808
Epoch: 946, Loss: 0.3929
Epoch: 951, Loss: 0.3807
Epoch: 956, Loss: 0.3810
Epoch: 961, Loss: 0.3845
Epoch: 966, Loss: 0.3854
Epoch: 971, Loss: 0.3881
Epoch: 976, Loss: 0.3868
Epoch: 981, Loss: 0.3861
Epoch: 986, Loss: 0.3876
Epoch: 991, Loss: 0.3873
Epoch: 996, Loss: 0.3813
Epoch: 1001, Loss: 0.3815
Elapsed time 0.0985 min
avg Test Accuracy: 0.8269  avg Test AUC: 0.8822  avg Test PRE: 0.7777
