====================================================================================================
data: HeteroData(
  drug={
    node_id=[4499],
    x=[4499, 12],
  },
  protein={
    node_id=[2113],
    x=[2113, 20],
  },
  (drug, interaction, protein)={ edge_index=[2, 13838] },
  (protein, rev_interaction, drug)={ edge_index=[2, 13838] }
)
====================================================================================================
****************************************************************************************************
train data: HeteroData(
  drug={
    node_id=[4499],
    x=[4499, 12],
  },
  protein={
    node_id=[2113],
    x=[2113, 20],
  },
  (drug, interaction, protein)={
    edge_index=[2, 7751],
    edge_label=[5811],
    edge_label_index=[2, 5811],
  },
  (protein, rev_interaction, drug)={ edge_index=[2, 7751] }
)
****************************************************************************************************
val data: HeteroData(
  drug={
    node_id=[4499],
    x=[4499, 12],
  },
  protein={
    node_id=[2113],
    x=[2113, 20],
  },
  (drug, interaction, protein)={
    edge_index=[2, 9688],
    edge_label=[4149],
    edge_label_index=[2, 4149],
  },
  (protein, rev_interaction, drug)={ edge_index=[2, 9688] }
)
****************************************************************************************************
test data: HeteroData(
  drug={
    node_id=[4499],
    x=[4499, 12],
  },
  protein={
    node_id=[2113],
    x=[2113, 20],
  },
  (drug, interaction, protein)={
    edge_index=[2, 11071],
    edge_label=[8301],
    edge_label_index=[2, 8301],
  },
  (protein, rev_interaction, drug)={ edge_index=[2, 11071] }
)
****************************************************************************************************
edge_x: torch.Size([5811, 32])
labels: torch.Size([5811])
edge_x: torch.Size([4149, 32])
labels: torch.Size([4149])
edge_x: torch.Size([8301, 32])
labels: torch.Size([8301])
LR model: Avg Test Accuracy: 0.6658  Avg Test AUC: 0.6700  Avg Test AUC: 0.1818
