====================================================================================================
data: HeteroData(
  drug={
    node_id=[4499],
    x=[4499, 12],
  },
  protein={
    node_id=[2113],
    x=[2113, 20],
  },
  (drug, interaction, protein)={ edge_index=[2, 13838] },
  (protein, rev_interaction, drug)={ edge_index=[2, 13838] }
)
====================================================================================================
****************************************************************************************************
train data: HeteroData(
  drug={
    node_id=[4499],
    x=[4499, 12],
  },
  protein={
    node_id=[2113],
    x=[2113, 20],
  },
  (drug, interaction, protein)={
    edge_index=[2, 7751],
    edge_label=[5811],
    edge_label_index=[2, 5811],
  },
  (protein, rev_interaction, drug)={ edge_index=[2, 7751] }
)
****************************************************************************************************
val data: HeteroData(
  drug={
    node_id=[4499],
    x=[4499, 12],
  },
  protein={
    node_id=[2113],
    x=[2113, 20],
  },
  (drug, interaction, protein)={
    edge_index=[2, 9688],
    edge_label=[4149],
    edge_label_index=[2, 4149],
  },
  (protein, rev_interaction, drug)={ edge_index=[2, 9688] }
)
****************************************************************************************************
test data: HeteroData(
  drug={
    node_id=[4499],
    x=[4499, 12],
  },
  protein={
    node_id=[2113],
    x=[2113, 20],
  },
  (drug, interaction, protein)={
    edge_index=[2, 11071],
    edge_label=[8301],
    edge_label_index=[2, 8301],
  },
  (protein, rev_interaction, drug)={ edge_index=[2, 11071] }
)
****************************************************************************************************
model: GNN(
  (lin_dict): ModuleDict(
    (drug): Linear(-1, 64, bias=True)
    (protein): Linear(-1, 64, bias=True)
  )
  (convs): ModuleList(
    (0-1): 2 x GCNConv(64, 64)
  )
  (lin): Linear(128, 1, bias=True)
)
Epoch: 51, Loss: 0.4575
Epoch: 101, Loss: 0.4543
Epoch: 151, Loss: 0.4543
Epoch: 201, Loss: 0.4543
Epoch: 251, Loss: 0.4540
Epoch: 301, Loss: 0.4538
Epoch: 351, Loss: 0.4523
Epoch: 401, Loss: 0.4519
Epoch: 451, Loss: 0.4518
Epoch: 501, Loss: 0.4517
Epoch: 551, Loss: 0.4517
Epoch: 601, Loss: 0.4517
Epoch: 651, Loss: 0.4519
Epoch: 701, Loss: 0.4516
Epoch: 751, Loss: 0.4516
Epoch: 801, Loss: 0.4516
Epoch: 851, Loss: 0.4516
Epoch: 901, Loss: 0.4516
Epoch: 951, Loss: 0.4516
Epoch: 1001, Loss: 0.4517
avg Test Accuracy: 0.8070  avg Test AUC: 0.8341  avg Test AUC: 0.7652
