====================================================================================================
data: HeteroData(
  drug={
    node_id=[59],
    x=[59, 12],
  },
  protein={
    node_id=[199],
    x=[199, 20],
  },
  (drug, interaction, protein)={ edge_index=[2, 620] },
  (protein, rev_interaction, drug)={ edge_index=[2, 620] }
)
====================================================================================================
****************************************************************************************************
train data: HeteroData(
  drug={
    node_id=[59],
    x=[59, 12],
  },
  protein={
    node_id=[199],
    x=[199, 20],
  },
  (drug, interaction, protein)={
    edge_index=[2, 348],
    edge_label=[258],
    edge_label_index=[2, 258],
  },
  (protein, rev_interaction, drug)={ edge_index=[2, 348] }
)
****************************************************************************************************
val data: HeteroData(
  drug={
    node_id=[59],
    x=[59, 12],
  },
  protein={
    node_id=[199],
    x=[199, 20],
  },
  (drug, interaction, protein)={
    edge_index=[2, 434],
    edge_label=[186],
    edge_label_index=[2, 186],
  },
  (protein, rev_interaction, drug)={ edge_index=[2, 434] }
)
****************************************************************************************************
test data: HeteroData(
  drug={
    node_id=[59],
    x=[59, 12],
  },
  protein={
    node_id=[199],
    x=[199, 20],
  },
  (drug, interaction, protein)={
    edge_index=[2, 496],
    edge_label=[372],
    edge_label_index=[2, 372],
  },
  (protein, rev_interaction, drug)={ edge_index=[2, 496] }
)
****************************************************************************************************
model: GNN(
  (lin_dict): ModuleDict(
    (drug): Linear(-1, 64, bias=True)
    (protein): Linear(-1, 64, bias=True)
  )
  (convs): ModuleList(
    (0-2): 3 x GCNConv(64, 64)
  )
  (lin): Linear(64, 1, bias=True)
)
Epoch: 51, Loss: 0.6897
Epoch: 101, Loss: 0.6428
Epoch: 151, Loss: 0.6272
Epoch: 201, Loss: 0.6939
Epoch: 251, Loss: 0.6930
Epoch: 301, Loss: 0.6921
Epoch: 351, Loss: 0.6653
Epoch: 401, Loss: 0.6410
Epoch: 451, Loss: 0.6243
Epoch: 501, Loss: 0.6518
Epoch: 551, Loss: 0.6065
Epoch: 601, Loss: 0.5874
Epoch: 651, Loss: 0.5931
Epoch: 701, Loss: 0.6108
Epoch: 751, Loss: 1.1022
Epoch: 801, Loss: 0.6747
Epoch: 851, Loss: 0.6733
Epoch: 901, Loss: 0.6716
Epoch: 951, Loss: 0.6688
Epoch: 1001, Loss: 0.6664
avg Test Accuracy: 0.6317  avg Test AUC: 0.6112  avg Test AUC: 0.5008
