====================================================================================================
data: HeteroData(
  drug={
    node_id=[59],
    x=[59, 12],
  },
  protein={
    node_id=[199],
    x=[199, 20],
  },
  (drug, interaction, protein)={ edge_index=[2, 620] },
  (protein, rev_interaction, drug)={ edge_index=[2, 620] }
)
====================================================================================================
****************************************************************************************************
train data: HeteroData(
  drug={
    node_id=[59],
    x=[59, 12],
  },
  protein={
    node_id=[199],
    x=[199, 20],
  },
  (drug, interaction, protein)={
    edge_index=[2, 348],
    edge_label=[258],
    edge_label_index=[2, 258],
  },
  (protein, rev_interaction, drug)={ edge_index=[2, 348] }
)
****************************************************************************************************
val data: HeteroData(
  drug={
    node_id=[59],
    x=[59, 12],
  },
  protein={
    node_id=[199],
    x=[199, 20],
  },
  (drug, interaction, protein)={
    edge_index=[2, 434],
    edge_label=[186],
    edge_label_index=[2, 186],
  },
  (protein, rev_interaction, drug)={ edge_index=[2, 434] }
)
****************************************************************************************************
test data: HeteroData(
  drug={
    node_id=[59],
    x=[59, 12],
  },
  protein={
    node_id=[199],
    x=[199, 20],
  },
  (drug, interaction, protein)={
    edge_index=[2, 496],
    edge_label=[372],
    edge_label_index=[2, 372],
  },
  (protein, rev_interaction, drug)={ edge_index=[2, 496] }
)
****************************************************************************************************
edge_x: torch.Size([258, 32])
labels: torch.Size([258])
edge_x: torch.Size([186, 32])
labels: torch.Size([186])
edge_x: torch.Size([372, 32])
labels: torch.Size([372])
model: HGT(
  (lin_dict): ModuleDict(
    (drug): Linear(-1, 64, bias=True)
    (protein): Linear(-1, 64, bias=True)
  )
  (convs): ModuleList(
    (0-1): 2 x HGTConv(-1, 64, heads=2)
  )
  (lin): Linear(128, 1, bias=True)
)
Epoch: 51, Loss: 0.5431
Epoch: 101, Loss: 0.4485
Epoch: 151, Loss: 0.4122
Epoch: 201, Loss: 0.4019
Epoch: 251, Loss: 0.3866
Epoch: 301, Loss: 0.3605
Epoch: 351, Loss: 0.3542
Epoch: 401, Loss: 0.3339
Epoch: 451, Loss: 0.3257
Epoch: 501, Loss: 0.3191
Epoch: 551, Loss: 0.3200
Epoch: 601, Loss: 0.3178
Epoch: 651, Loss: 0.3010
Epoch: 701, Loss: 0.2986
Epoch: 751, Loss: 0.2889
Epoch: 801, Loss: 0.2906
Epoch: 851, Loss: 0.2767
Epoch: 901, Loss: 0.6524
Epoch: 951, Loss: 0.3082
Epoch: 1001, Loss: 0.2866
Epoch: 6, Loss: 0.2827
Epoch: 11, Loss: 0.2799
Epoch: 16, Loss: 0.2779
Epoch: 21, Loss: 0.2783
Epoch: 26, Loss: 0.2775
Epoch: 31, Loss: 0.2767
Epoch: 36, Loss: 0.2724
Epoch: 41, Loss: 0.2717
Epoch: 46, Loss: 0.2692
Epoch: 51, Loss: 0.2712
Epoch: 56, Loss: 0.2901
Epoch: 61, Loss: 0.2830
Epoch: 66, Loss: 0.2682
Epoch: 71, Loss: 0.2667
Epoch: 76, Loss: 0.2660
Epoch: 81, Loss: 0.2641
Epoch: 86, Loss: 0.2625
Epoch: 91, Loss: 0.2623
Epoch: 96, Loss: 0.2603
Epoch: 101, Loss: 0.2600
Epoch: 106, Loss: 0.2585
Epoch: 111, Loss: 0.2575
Epoch: 116, Loss: 0.2566
Epoch: 121, Loss: 0.2559
Epoch: 126, Loss: 0.2551
Epoch: 131, Loss: 0.2566
Epoch: 136, Loss: 0.2756
Epoch: 141, Loss: 0.2617
Epoch: 146, Loss: 0.2566
Epoch: 151, Loss: 0.2548
Epoch: 156, Loss: 0.2534
Epoch: 161, Loss: 0.2521
Epoch: 166, Loss: 0.2509
Epoch: 171, Loss: 0.2496
Epoch: 176, Loss: 0.2498
Epoch: 181, Loss: 0.2542
Epoch: 186, Loss: 0.2687
Epoch: 191, Loss: 0.2575
Epoch: 196, Loss: 0.2528
Epoch: 201, Loss: 0.2484
Epoch: 206, Loss: 0.2464
Epoch: 211, Loss: 0.2462
Epoch: 216, Loss: 0.2456
Epoch: 221, Loss: 0.2448
Epoch: 226, Loss: 0.2443
Epoch: 231, Loss: 0.2438
Epoch: 236, Loss: 0.2442
Epoch: 241, Loss: 0.2540
Epoch: 246, Loss: 0.2484
Epoch: 251, Loss: 0.2460
Epoch: 256, Loss: 0.2422
Epoch: 261, Loss: 0.2425
Epoch: 266, Loss: 0.2425
Epoch: 271, Loss: 0.2413
Epoch: 276, Loss: 0.2405
Epoch: 281, Loss: 0.2398
Epoch: 286, Loss: 0.2393
Epoch: 291, Loss: 0.2383
Epoch: 296, Loss: 0.2387
Epoch: 301, Loss: 0.2426
Epoch: 306, Loss: 0.2548
Epoch: 311, Loss: 0.2429
Epoch: 316, Loss: 0.2386
Epoch: 321, Loss: 0.2376
Epoch: 326, Loss: 0.2369
Epoch: 331, Loss: 0.2358
Epoch: 336, Loss: 0.2347
Epoch: 341, Loss: 0.2341
Epoch: 346, Loss: 0.2341
Epoch: 351, Loss: 0.2374
Epoch: 356, Loss: 0.2374
Epoch: 361, Loss: 0.2322
Epoch: 366, Loss: 0.2326
Epoch: 371, Loss: 0.2335
Epoch: 376, Loss: 0.2354
Epoch: 381, Loss: 0.2351
Epoch: 386, Loss: 0.2300
Epoch: 391, Loss: 0.2311
Epoch: 396, Loss: 0.2300
Epoch: 401, Loss: 0.2291
Epoch: 406, Loss: 0.2301
Epoch: 411, Loss: 0.2486
Epoch: 416, Loss: 0.2283
Epoch: 421, Loss: 0.2273
Epoch: 426, Loss: 0.2275
Epoch: 431, Loss: 0.2281
Epoch: 436, Loss: 0.2274
Epoch: 441, Loss: 0.2266
Epoch: 446, Loss: 0.2256
Epoch: 451, Loss: 0.2247
Epoch: 456, Loss: 0.2237
Epoch: 461, Loss: 0.2235
Epoch: 466, Loss: 0.2242
Epoch: 471, Loss: 0.2261
Epoch: 476, Loss: 0.2289
Epoch: 481, Loss: 0.2212
Epoch: 486, Loss: 0.2242
Epoch: 491, Loss: 0.2204
Epoch: 496, Loss: 0.2215
Epoch: 501, Loss: 0.2193
Epoch: 506, Loss: 0.2194
Epoch: 511, Loss: 0.2272
Epoch: 516, Loss: 0.2262
Epoch: 521, Loss: 0.2244
Epoch: 526, Loss: 0.2208
Epoch: 531, Loss: 0.2188
Epoch: 536, Loss: 0.2175
Epoch: 541, Loss: 0.2162
Epoch: 546, Loss: 0.2150
Epoch: 551, Loss: 0.2152
Epoch: 556, Loss: 0.2148
Epoch: 561, Loss: 0.2166
Epoch: 566, Loss: 0.2265
Epoch: 571, Loss: 0.2131
Epoch: 576, Loss: 0.2120
Epoch: 581, Loss: 0.2115
Epoch: 586, Loss: 0.2109
Epoch: 591, Loss: 0.2103
Epoch: 596, Loss: 0.2100
Epoch: 601, Loss: 0.2096
Epoch: 606, Loss: 0.2086
Epoch: 611, Loss: 0.2083
Epoch: 616, Loss: 0.2097
Epoch: 621, Loss: 0.2249
Epoch: 626, Loss: 0.2076
Epoch: 631, Loss: 0.2067
Epoch: 636, Loss: 0.2070
Epoch: 641, Loss: 0.2070
Epoch: 646, Loss: 0.2060
Epoch: 651, Loss: 0.2048
Epoch: 656, Loss: 0.2039
Epoch: 661, Loss: 0.2032
Epoch: 666, Loss: 0.2022
Epoch: 671, Loss: 0.2017
Epoch: 676, Loss: 0.2010
Epoch: 681, Loss: 0.2004
Epoch: 686, Loss: 0.1998
Epoch: 691, Loss: 0.1993
Epoch: 696, Loss: 0.2004
Epoch: 701, Loss: 0.2871
Epoch: 706, Loss: 0.2105
Epoch: 711, Loss: 0.2150
Epoch: 716, Loss: 0.2060
Epoch: 721, Loss: 0.2011
Epoch: 726, Loss: 0.1980
Epoch: 731, Loss: 0.1969
Epoch: 736, Loss: 0.1961
Epoch: 741, Loss: 0.1952
Epoch: 746, Loss: 0.1943
Epoch: 751, Loss: 0.1936
Epoch: 756, Loss: 0.1930
Epoch: 761, Loss: 0.1924
Epoch: 766, Loss: 0.1917
Epoch: 771, Loss: 0.1911
Epoch: 776, Loss: 0.1904
Epoch: 781, Loss: 0.1898
Epoch: 786, Loss: 0.1892
Epoch: 791, Loss: 0.1886
Epoch: 796, Loss: 0.1880
Epoch: 801, Loss: 0.1873
Epoch: 806, Loss: 0.1867
Epoch: 811, Loss: 0.1861
Epoch: 816, Loss: 0.1855
Epoch: 821, Loss: 0.1849
Epoch: 826, Loss: 0.1843
Epoch: 831, Loss: 0.1840
Epoch: 836, Loss: 0.1862
Epoch: 841, Loss: 0.1850
Epoch: 846, Loss: 0.1828
Epoch: 851, Loss: 0.1819
Epoch: 856, Loss: 0.1811
Epoch: 861, Loss: 0.1801
Epoch: 866, Loss: 0.1797
Epoch: 871, Loss: 0.1801
Epoch: 876, Loss: 0.1841
Epoch: 881, Loss: 0.1823
Epoch: 886, Loss: 0.1811
Epoch: 891, Loss: 0.1783
Epoch: 896, Loss: 0.1769
Epoch: 901, Loss: 0.1757
Epoch: 906, Loss: 0.1749
Epoch: 911, Loss: 0.1746
Epoch: 916, Loss: 0.1737
Epoch: 921, Loss: 0.1732
Epoch: 926, Loss: 0.1726
Epoch: 931, Loss: 0.1721
Epoch: 936, Loss: 0.1750
Epoch: 941, Loss: 0.1915
Epoch: 946, Loss: 0.1785
Epoch: 951, Loss: 0.1746
Epoch: 956, Loss: 0.1700
Epoch: 961, Loss: 0.1694
Epoch: 966, Loss: 0.1693
Epoch: 971, Loss: 0.1678
Epoch: 976, Loss: 0.1670
Epoch: 981, Loss: 0.1665
Epoch: 986, Loss: 0.1658
Epoch: 991, Loss: 0.1655
Epoch: 996, Loss: 0.1648
Epoch: 1001, Loss: 0.1644
Elapsed time 0.0577 min
Epoch: 6, Loss: 0.1635
Epoch: 11, Loss: 0.1631
Epoch: 16, Loss: 0.1629
Epoch: 21, Loss: 0.1629
Epoch: 26, Loss: 0.1637
Epoch: 31, Loss: 0.1632
Epoch: 36, Loss: 0.1604
Epoch: 41, Loss: 0.1601
Epoch: 46, Loss: 0.1608
Epoch: 51, Loss: 0.1587
Epoch: 56, Loss: 0.1579
Epoch: 61, Loss: 0.1589
Epoch: 66, Loss: 0.1616
Epoch: 71, Loss: 0.1570
Epoch: 76, Loss: 0.1573
Epoch: 81, Loss: 0.1553
Epoch: 86, Loss: 0.1556
Epoch: 91, Loss: 0.1540
Epoch: 96, Loss: 0.1536
Epoch: 101, Loss: 0.1535
Epoch: 106, Loss: 0.1529
Epoch: 111, Loss: 0.1541
Epoch: 116, Loss: 0.1556
Epoch: 121, Loss: 0.1510
Epoch: 126, Loss: 0.1511
Epoch: 131, Loss: 0.1494
Epoch: 136, Loss: 0.1493
Epoch: 141, Loss: 0.1483
Epoch: 146, Loss: 0.1477
Epoch: 151, Loss: 0.1479
Epoch: 156, Loss: 0.1555
Epoch: 161, Loss: 0.1505
Epoch: 166, Loss: 0.1496
Epoch: 171, Loss: 0.1469
Epoch: 176, Loss: 0.1450
Epoch: 181, Loss: 0.1442
Epoch: 186, Loss: 0.1437
Epoch: 191, Loss: 0.1431
Epoch: 196, Loss: 0.1425
Epoch: 201, Loss: 0.1419
Epoch: 206, Loss: 0.1415
Epoch: 211, Loss: 0.1409
Epoch: 216, Loss: 0.1404
Epoch: 221, Loss: 0.1398
Epoch: 226, Loss: 0.1394
Epoch: 231, Loss: 0.1399
Epoch: 236, Loss: 0.1467
Epoch: 241, Loss: 0.1386
Epoch: 246, Loss: 0.1395
Epoch: 251, Loss: 0.1384
Epoch: 256, Loss: 0.1374
Epoch: 261, Loss: 0.1367
Epoch: 266, Loss: 0.1358
Epoch: 271, Loss: 0.1351
Epoch: 276, Loss: 0.1346
Epoch: 281, Loss: 0.1342
Epoch: 286, Loss: 0.1337
Epoch: 291, Loss: 0.1332
Epoch: 296, Loss: 0.1328
Epoch: 301, Loss: 0.1326
Epoch: 306, Loss: 0.1337
Epoch: 311, Loss: 0.1357
Epoch: 316, Loss: 0.1311
Epoch: 321, Loss: 0.1317
Epoch: 326, Loss: 0.1300
Epoch: 331, Loss: 0.1302
Epoch: 336, Loss: 0.1292
Epoch: 341, Loss: 0.1291
Epoch: 346, Loss: 0.1283
Epoch: 351, Loss: 0.1278
Epoch: 356, Loss: 0.1273
Epoch: 361, Loss: 0.1271
Epoch: 366, Loss: 0.1318
Epoch: 371, Loss: 0.1342
Epoch: 376, Loss: 0.1306
Epoch: 381, Loss: 0.1278
Epoch: 386, Loss: 0.1262
Epoch: 391, Loss: 0.1250
Epoch: 396, Loss: 0.1242
Epoch: 401, Loss: 0.1237
Epoch: 406, Loss: 0.1232
Epoch: 411, Loss: 0.1228
Epoch: 416, Loss: 0.1224
Epoch: 421, Loss: 0.1219
Epoch: 426, Loss: 0.1215
Epoch: 431, Loss: 0.1211
Epoch: 436, Loss: 0.1207
Epoch: 441, Loss: 0.1204
Epoch: 446, Loss: 0.1210
Epoch: 451, Loss: 0.1218
Epoch: 456, Loss: 0.1193
Epoch: 461, Loss: 0.1192
Epoch: 466, Loss: 0.1187
Epoch: 471, Loss: 0.1179
Epoch: 476, Loss: 0.1178
Epoch: 481, Loss: 0.1177
Epoch: 486, Loss: 0.1168
Epoch: 491, Loss: 0.1163
Epoch: 496, Loss: 0.1159
Epoch: 501, Loss: 0.1162
Epoch: 506, Loss: 0.1267
Epoch: 511, Loss: 0.1155
Epoch: 516, Loss: 0.1153
Epoch: 521, Loss: 0.1158
Epoch: 526, Loss: 0.1148
Epoch: 531, Loss: 0.1137
Epoch: 536, Loss: 0.1131
Epoch: 541, Loss: 0.1128
Epoch: 546, Loss: 0.1124
Epoch: 551, Loss: 0.1120
Epoch: 556, Loss: 0.1115
Epoch: 561, Loss: 0.1112
Epoch: 566, Loss: 0.1109
Epoch: 571, Loss: 0.1105
Epoch: 576, Loss: 0.1101
Epoch: 581, Loss: 0.1097
Epoch: 586, Loss: 0.1094
Epoch: 591, Loss: 0.1091
Epoch: 596, Loss: 0.1090
Epoch: 601, Loss: 0.1112
Epoch: 606, Loss: 0.1108
Epoch: 611, Loss: 0.1089
Epoch: 616, Loss: 0.1074
Epoch: 621, Loss: 0.1074
Epoch: 626, Loss: 0.1076
Epoch: 631, Loss: 0.1058
Epoch: 636, Loss: 0.1045
Epoch: 641, Loss: 0.1036
Epoch: 646, Loss: 0.1096
Epoch: 651, Loss: 0.1751
Epoch: 656, Loss: 0.1248
Epoch: 661, Loss: 0.1094
Epoch: 666, Loss: 0.1103
Epoch: 671, Loss: 0.1048
Epoch: 676, Loss: 0.1039
Epoch: 681, Loss: 0.1025
Epoch: 686, Loss: 0.1096
Epoch: 691, Loss: 0.1136
Epoch: 696, Loss: 0.1115
Epoch: 701, Loss: 0.1074
Epoch: 706, Loss: 0.1065
Epoch: 711, Loss: 0.1039
Epoch: 716, Loss: 0.1030
Epoch: 721, Loss: 0.1011
Epoch: 726, Loss: 0.0999
Epoch: 731, Loss: 0.0991
Epoch: 736, Loss: 0.0986
Epoch: 741, Loss: 0.0980
Epoch: 746, Loss: 0.0977
Epoch: 751, Loss: 0.0972
Epoch: 756, Loss: 0.0969
Epoch: 761, Loss: 0.0965
Epoch: 766, Loss: 0.0961
Epoch: 771, Loss: 0.0958
Epoch: 776, Loss: 0.0954
Epoch: 781, Loss: 0.0951
Epoch: 786, Loss: 0.0948
Epoch: 791, Loss: 0.0945
Epoch: 796, Loss: 0.0942
Epoch: 801, Loss: 0.0939
Epoch: 806, Loss: 0.0936
Epoch: 811, Loss: 0.0933
Epoch: 816, Loss: 0.0930
Epoch: 821, Loss: 0.0927
Epoch: 826, Loss: 0.0924
Epoch: 831, Loss: 0.0921
Epoch: 836, Loss: 0.0918
Epoch: 841, Loss: 0.0915
Epoch: 846, Loss: 0.0912
Epoch: 851, Loss: 0.0909
Epoch: 856, Loss: 0.0906
Epoch: 861, Loss: 0.0903
Epoch: 866, Loss: 0.0900
Epoch: 871, Loss: 0.0897
Epoch: 876, Loss: 0.0895
Epoch: 881, Loss: 0.0892
Epoch: 886, Loss: 0.0889
Epoch: 891, Loss: 0.0887
Epoch: 896, Loss: 0.0884
Epoch: 901, Loss: 0.0881
Epoch: 906, Loss: 0.0879
Epoch: 911, Loss: 0.0876
Epoch: 916, Loss: 0.0873
Epoch: 921, Loss: 0.0871
Epoch: 926, Loss: 0.0868
Epoch: 931, Loss: 0.0866
Epoch: 936, Loss: 0.0863
Epoch: 941, Loss: 0.0861
Epoch: 946, Loss: 0.0858
Epoch: 951, Loss: 0.0856
Epoch: 956, Loss: 0.0861
Epoch: 961, Loss: 0.0876
Epoch: 966, Loss: 0.0852
Epoch: 971, Loss: 0.0846
Epoch: 976, Loss: 0.0846
Epoch: 981, Loss: 0.0843
Epoch: 986, Loss: 0.0842
Epoch: 991, Loss: 0.0837
Epoch: 996, Loss: 0.0833
Epoch: 1001, Loss: 0.0831
Elapsed time 0.0590 min
Epoch: 6, Loss: 0.0828
Epoch: 11, Loss: 0.0826
Epoch: 16, Loss: 0.0823
Epoch: 21, Loss: 0.0820
Epoch: 26, Loss: 0.0818
Epoch: 31, Loss: 0.0818
Epoch: 36, Loss: 0.0817
Epoch: 41, Loss: 0.0814
Epoch: 46, Loss: 0.0810
Epoch: 51, Loss: 0.0806
Epoch: 56, Loss: 0.0804
Epoch: 61, Loss: 0.0804
Epoch: 66, Loss: 0.0821
Epoch: 71, Loss: 0.0821
Epoch: 76, Loss: 0.0807
Epoch: 81, Loss: 0.0798
Epoch: 86, Loss: 0.0793
Epoch: 91, Loss: 0.0789
Epoch: 96, Loss: 0.0786
Epoch: 101, Loss: 0.0782
Epoch: 106, Loss: 0.0780
Epoch: 111, Loss: 0.0778
Epoch: 116, Loss: 0.0775
Epoch: 121, Loss: 0.0773
Epoch: 126, Loss: 0.0771
Epoch: 131, Loss: 0.0768
Epoch: 136, Loss: 0.0766
Epoch: 141, Loss: 0.0764
Epoch: 146, Loss: 0.0762
Epoch: 151, Loss: 0.0766
Epoch: 156, Loss: 0.0789
Epoch: 161, Loss: 0.0768
Epoch: 166, Loss: 0.0764
Epoch: 171, Loss: 0.0756
Epoch: 176, Loss: 0.0752
Epoch: 181, Loss: 0.0748
Epoch: 186, Loss: 0.0745
Epoch: 191, Loss: 0.0742
Epoch: 196, Loss: 0.0739
Epoch: 201, Loss: 0.0737
Epoch: 206, Loss: 0.0735
Epoch: 211, Loss: 0.0732
Epoch: 216, Loss: 0.0730
Epoch: 221, Loss: 0.0728
Epoch: 226, Loss: 0.0727
Epoch: 231, Loss: 0.0729
Epoch: 236, Loss: 0.0731
Epoch: 241, Loss: 0.0730
Epoch: 246, Loss: 0.0718
Epoch: 251, Loss: 0.0745
Epoch: 256, Loss: 0.2750
Epoch: 261, Loss: 0.3004
Epoch: 266, Loss: 0.1822
Epoch: 271, Loss: 0.1258
Epoch: 276, Loss: 0.1017
Epoch: 281, Loss: 0.0987
Epoch: 286, Loss: 0.0949
Epoch: 291, Loss: 0.0878
Epoch: 296, Loss: 0.0839
Epoch: 301, Loss: 0.0828
Epoch: 306, Loss: 0.0811
Epoch: 311, Loss: 0.0792
Epoch: 316, Loss: 0.0780
Epoch: 321, Loss: 0.0770
Epoch: 326, Loss: 0.0760
Epoch: 331, Loss: 0.0751
Epoch: 336, Loss: 0.0744
Epoch: 341, Loss: 0.0737
Epoch: 346, Loss: 0.0730
Epoch: 351, Loss: 0.0724
Epoch: 356, Loss: 0.0719
Epoch: 361, Loss: 0.0714
Epoch: 366, Loss: 0.0709
Epoch: 371, Loss: 0.0705
Epoch: 376, Loss: 0.0702
Epoch: 381, Loss: 0.0698
Epoch: 386, Loss: 0.0695
Epoch: 391, Loss: 0.0691
Epoch: 396, Loss: 0.0688
Epoch: 401, Loss: 0.0685
Epoch: 406, Loss: 0.0683
Epoch: 411, Loss: 0.0680
Epoch: 416, Loss: 0.0677
Epoch: 421, Loss: 0.0675
Epoch: 426, Loss: 0.0672
Epoch: 431, Loss: 0.0670
Epoch: 436, Loss: 0.0667
Epoch: 441, Loss: 0.0665
Epoch: 446, Loss: 0.0663
Epoch: 451, Loss: 0.0661
Epoch: 456, Loss: 0.0659
Epoch: 461, Loss: 0.0656
Epoch: 466, Loss: 0.0654
Epoch: 471, Loss: 0.0652
Epoch: 476, Loss: 0.0650
Epoch: 481, Loss: 0.0648
Epoch: 486, Loss: 0.0646
Epoch: 491, Loss: 0.0644
Epoch: 496, Loss: 0.0642
Epoch: 501, Loss: 0.0641
Epoch: 506, Loss: 0.0639
Epoch: 511, Loss: 0.0637
Epoch: 516, Loss: 0.0635
Epoch: 521, Loss: 0.0633
Epoch: 526, Loss: 0.0631
Epoch: 531, Loss: 0.0629
Epoch: 536, Loss: 0.0627
Epoch: 541, Loss: 0.0626
Epoch: 546, Loss: 0.0624
Epoch: 551, Loss: 0.0622
Epoch: 556, Loss: 0.0620
Epoch: 561, Loss: 0.0619
Epoch: 566, Loss: 0.0617
Epoch: 571, Loss: 0.0615
Epoch: 576, Loss: 0.0613
Epoch: 581, Loss: 0.0611
Epoch: 586, Loss: 0.0610
Epoch: 591, Loss: 0.0608
Epoch: 596, Loss: 0.0606
Epoch: 601, Loss: 0.0604
Epoch: 606, Loss: 0.0603
Epoch: 611, Loss: 0.0601
Epoch: 616, Loss: 0.0599
Epoch: 621, Loss: 0.0598
Epoch: 626, Loss: 0.0596
Epoch: 631, Loss: 0.0594
Epoch: 636, Loss: 0.0593
Epoch: 641, Loss: 0.0591
Epoch: 646, Loss: 0.0589
Epoch: 651, Loss: 0.0588
Epoch: 656, Loss: 0.0586
Epoch: 661, Loss: 0.0584
Epoch: 666, Loss: 0.0583
Epoch: 671, Loss: 0.0581
Epoch: 676, Loss: 0.0579
Epoch: 681, Loss: 0.0578
Epoch: 686, Loss: 0.0576
Epoch: 691, Loss: 0.0575
Epoch: 696, Loss: 0.0573
Epoch: 701, Loss: 0.0571
Epoch: 706, Loss: 0.0570
Epoch: 711, Loss: 0.0568
Epoch: 716, Loss: 0.0567
Epoch: 721, Loss: 0.0565
Epoch: 726, Loss: 0.0563
Epoch: 731, Loss: 0.0562
Epoch: 736, Loss: 0.0560
Epoch: 741, Loss: 0.0559
Epoch: 746, Loss: 0.0557
Epoch: 751, Loss: 0.0556
Epoch: 756, Loss: 0.0554
Epoch: 761, Loss: 0.0552
Epoch: 766, Loss: 0.0551
Epoch: 771, Loss: 0.0549
Epoch: 776, Loss: 0.0548
Epoch: 781, Loss: 0.0546
Epoch: 786, Loss: 0.0545
Epoch: 791, Loss: 0.0543
Epoch: 796, Loss: 0.0542
Epoch: 801, Loss: 0.0540
Epoch: 806, Loss: 0.0539
Epoch: 811, Loss: 0.0537
Epoch: 816, Loss: 0.0536
Epoch: 821, Loss: 0.0534
Epoch: 826, Loss: 0.0532
Epoch: 831, Loss: 0.0531
Epoch: 836, Loss: 0.0529
Epoch: 841, Loss: 0.0528
Epoch: 846, Loss: 0.0526
Epoch: 851, Loss: 0.0525
Epoch: 856, Loss: 0.0523
Epoch: 861, Loss: 0.0522
Epoch: 866, Loss: 0.0520
Epoch: 871, Loss: 0.0519
Epoch: 876, Loss: 0.0517
Epoch: 881, Loss: 0.0516
Epoch: 886, Loss: 0.0515
Epoch: 891, Loss: 0.0513
Epoch: 896, Loss: 0.0511
Epoch: 901, Loss: 0.0510
Epoch: 906, Loss: 0.0509
Epoch: 911, Loss: 0.0507
Epoch: 916, Loss: 0.0506
Epoch: 921, Loss: 0.0504
Epoch: 926, Loss: 0.0503
Epoch: 931, Loss: 0.0501
Epoch: 936, Loss: 0.0500
Epoch: 941, Loss: 0.0498
Epoch: 946, Loss: 0.0497
Epoch: 951, Loss: 0.0495
Epoch: 956, Loss: 0.0494
Epoch: 961, Loss: 0.0493
Epoch: 966, Loss: 0.0491
Epoch: 971, Loss: 0.0490
Epoch: 976, Loss: 0.0488
Epoch: 981, Loss: 0.0487
Epoch: 986, Loss: 0.0485
Epoch: 991, Loss: 0.0484
Epoch: 996, Loss: 0.0482
Epoch: 1001, Loss: 0.0481
Elapsed time 0.0595 min
Epoch: 6, Loss: 0.0480
Epoch: 11, Loss: 0.0478
Epoch: 16, Loss: 0.0477
Epoch: 21, Loss: 0.0475
Epoch: 26, Loss: 0.0474
Epoch: 31, Loss: 0.0473
Epoch: 36, Loss: 0.0471
Epoch: 41, Loss: 0.0470
Epoch: 46, Loss: 0.0468
Epoch: 51, Loss: 0.0467
Epoch: 56, Loss: 0.0466
Epoch: 61, Loss: 0.0464
Epoch: 66, Loss: 0.0463
Epoch: 71, Loss: 0.0461
Epoch: 76, Loss: 0.0460
Epoch: 81, Loss: 0.0458
Epoch: 86, Loss: 0.0458
Epoch: 91, Loss: 0.0457
Epoch: 96, Loss: 0.0454
Epoch: 101, Loss: 0.0453
Epoch: 106, Loss: 0.0451
Epoch: 111, Loss: 0.0450
Epoch: 116, Loss: 0.0448
Epoch: 121, Loss: 0.0447
Epoch: 126, Loss: 0.0445
Epoch: 131, Loss: 0.0444
Epoch: 136, Loss: 0.0443
Epoch: 141, Loss: 0.0441
Epoch: 146, Loss: 0.0440
Epoch: 151, Loss: 0.0438
Epoch: 156, Loss: 0.0437
Epoch: 161, Loss: 0.0436
Epoch: 166, Loss: 0.0434
Epoch: 171, Loss: 0.0433
Epoch: 176, Loss: 0.0432
Epoch: 181, Loss: 0.0430
Epoch: 186, Loss: 0.0428
Epoch: 191, Loss: 0.0427
Epoch: 196, Loss: 0.0426
Epoch: 201, Loss: 0.0424
Epoch: 206, Loss: 0.0423
Epoch: 211, Loss: 0.0422
Epoch: 216, Loss: 0.0422
Epoch: 221, Loss: 0.0444
Epoch: 226, Loss: 0.0422
Epoch: 231, Loss: 0.0424
Epoch: 236, Loss: 0.0418
Epoch: 241, Loss: 0.0415
Epoch: 246, Loss: 0.0413
Epoch: 251, Loss: 0.0411
Epoch: 256, Loss: 0.0409
Epoch: 261, Loss: 0.0408
Epoch: 266, Loss: 0.0406
Epoch: 271, Loss: 0.0405
Epoch: 276, Loss: 0.0403
Epoch: 281, Loss: 0.0402
Epoch: 286, Loss: 0.0400
Epoch: 291, Loss: 0.0399
Epoch: 296, Loss: 0.0398
Epoch: 301, Loss: 0.0396
Epoch: 306, Loss: 0.0395
Epoch: 311, Loss: 0.0393
Epoch: 316, Loss: 0.0392
Epoch: 321, Loss: 0.0391
Epoch: 326, Loss: 0.0389
Epoch: 331, Loss: 0.0388
Epoch: 336, Loss: 0.0386
Epoch: 341, Loss: 0.0385
Epoch: 346, Loss: 0.0384
Epoch: 351, Loss: 0.0382
Epoch: 356, Loss: 0.0381
Epoch: 361, Loss: 0.0379
Epoch: 366, Loss: 0.0378
Epoch: 371, Loss: 0.0377
Epoch: 376, Loss: 0.0375
Epoch: 381, Loss: 0.0374
Epoch: 386, Loss: 0.0372
Epoch: 391, Loss: 0.0371
Epoch: 396, Loss: 0.0370
Epoch: 401, Loss: 0.0368
Epoch: 406, Loss: 0.0367
Epoch: 411, Loss: 0.0365
Epoch: 416, Loss: 0.0364
Epoch: 421, Loss: 0.0363
Epoch: 426, Loss: 0.0361
Epoch: 431, Loss: 0.0360
Epoch: 436, Loss: 0.0358
Epoch: 441, Loss: 0.0357
Epoch: 446, Loss: 0.0356
Epoch: 451, Loss: 0.0354
Epoch: 456, Loss: 0.0353
Epoch: 461, Loss: 0.0351
Epoch: 466, Loss: 0.0350
Epoch: 471, Loss: 0.0349
Epoch: 476, Loss: 0.0347
Epoch: 481, Loss: 0.0346
Epoch: 486, Loss: 0.0344
Epoch: 491, Loss: 0.0343
Epoch: 496, Loss: 0.0342
Epoch: 501, Loss: 0.0340
Epoch: 506, Loss: 0.0339
Epoch: 511, Loss: 0.0337
Epoch: 516, Loss: 0.0336
Epoch: 521, Loss: 0.0335
Epoch: 526, Loss: 0.0333
Epoch: 531, Loss: 0.0332
Epoch: 536, Loss: 0.0331
Epoch: 541, Loss: 0.0329
Epoch: 546, Loss: 0.0328
Epoch: 551, Loss: 0.0326
Epoch: 556, Loss: 0.0325
Epoch: 561, Loss: 0.0324
Epoch: 566, Loss: 0.0322
Epoch: 571, Loss: 0.0321
Epoch: 576, Loss: 0.0320
Epoch: 581, Loss: 0.0318
Epoch: 586, Loss: 0.0317
Epoch: 591, Loss: 0.0315
Epoch: 596, Loss: 0.0314
Epoch: 601, Loss: 0.0313
Epoch: 606, Loss: 0.0313
Epoch: 611, Loss: 0.0324
Epoch: 616, Loss: 0.4127
Epoch: 621, Loss: 1.6911
Epoch: 626, Loss: 0.3821
Epoch: 631, Loss: 0.2812
Epoch: 636, Loss: 0.1769
Epoch: 641, Loss: 0.1392
Epoch: 646, Loss: 0.1029
Epoch: 651, Loss: 0.0895
Epoch: 656, Loss: 0.0784
Epoch: 661, Loss: 0.0688
Epoch: 666, Loss: 0.0646
Epoch: 671, Loss: 0.0604
Epoch: 676, Loss: 0.0575
Epoch: 681, Loss: 0.0551
Epoch: 686, Loss: 0.0530
Epoch: 691, Loss: 0.0510
Epoch: 696, Loss: 0.0491
Epoch: 701, Loss: 0.0475
Epoch: 706, Loss: 0.0464
Epoch: 711, Loss: 0.0453
Epoch: 716, Loss: 0.0442
Epoch: 721, Loss: 0.0433
Epoch: 726, Loss: 0.0425
Epoch: 731, Loss: 0.0418
Epoch: 736, Loss: 0.0411
Epoch: 741, Loss: 0.0404
Epoch: 746, Loss: 0.0397
Epoch: 751, Loss: 0.0391
Epoch: 756, Loss: 0.0387
Epoch: 761, Loss: 0.0433
Epoch: 766, Loss: 0.1332
Epoch: 771, Loss: 0.0677
Epoch: 776, Loss: 0.0596
Epoch: 781, Loss: 0.0523
Epoch: 786, Loss: 0.0463
Epoch: 791, Loss: 0.0442
Epoch: 796, Loss: 0.0401
Epoch: 801, Loss: 0.0390
Epoch: 806, Loss: 0.0372
Epoch: 811, Loss: 0.0363
Epoch: 816, Loss: 0.0355
Epoch: 821, Loss: 0.0348
Epoch: 826, Loss: 0.0343
Epoch: 831, Loss: 0.0339
Epoch: 836, Loss: 0.0335
Epoch: 841, Loss: 0.0332
Epoch: 846, Loss: 0.0329
Epoch: 851, Loss: 0.0327
Epoch: 856, Loss: 0.0324
Epoch: 861, Loss: 0.0322
Epoch: 866, Loss: 0.0320
Epoch: 871, Loss: 0.0318
Epoch: 876, Loss: 0.0316
Epoch: 881, Loss: 0.0314
Epoch: 886, Loss: 0.0312
Epoch: 891, Loss: 0.0310
Epoch: 896, Loss: 0.0308
Epoch: 901, Loss: 0.0307
Epoch: 906, Loss: 0.0305
Epoch: 911, Loss: 0.0303
Epoch: 916, Loss: 0.0302
Epoch: 921, Loss: 0.0300
Epoch: 926, Loss: 0.0299
Epoch: 931, Loss: 0.0297
Epoch: 936, Loss: 0.0295
Epoch: 941, Loss: 0.0294
Epoch: 946, Loss: 0.0293
Epoch: 951, Loss: 0.0291
Epoch: 956, Loss: 0.0290
Epoch: 961, Loss: 0.0289
Epoch: 966, Loss: 0.0288
Epoch: 971, Loss: 0.0287
Epoch: 976, Loss: 0.0285
Epoch: 981, Loss: 0.0284
Epoch: 986, Loss: 0.0283
Epoch: 991, Loss: 0.0282
Epoch: 996, Loss: 0.0281
Epoch: 1001, Loss: 0.0280
Elapsed time 0.0578 min
Epoch: 6, Loss: 0.0279
Epoch: 11, Loss: 0.0278
Epoch: 16, Loss: 0.0277
Epoch: 21, Loss: 0.0277
Epoch: 26, Loss: 0.0276
Epoch: 31, Loss: 0.0275
Epoch: 36, Loss: 0.0274
Epoch: 41, Loss: 0.0273
Epoch: 46, Loss: 0.0272
Epoch: 51, Loss: 0.0271
Epoch: 56, Loss: 0.0270
Epoch: 61, Loss: 0.0269
Epoch: 66, Loss: 0.0269
Epoch: 71, Loss: 0.0268
Epoch: 76, Loss: 0.0267
Epoch: 81, Loss: 0.0266
Epoch: 86, Loss: 0.0265
Epoch: 91, Loss: 0.0264
Epoch: 96, Loss: 0.0263
Epoch: 101, Loss: 0.0263
Epoch: 106, Loss: 0.0262
Epoch: 111, Loss: 0.0261
Epoch: 116, Loss: 0.0260
Epoch: 121, Loss: 0.0259
Epoch: 126, Loss: 0.0259
Epoch: 131, Loss: 0.0258
Epoch: 136, Loss: 0.0257
Epoch: 141, Loss: 0.0256
Epoch: 146, Loss: 0.0255
Epoch: 151, Loss: 0.0255
Epoch: 156, Loss: 0.0254
Epoch: 161, Loss: 0.0253
Epoch: 166, Loss: 0.0252
Epoch: 171, Loss: 0.0252
Epoch: 176, Loss: 0.0251
Epoch: 181, Loss: 0.0250
Epoch: 186, Loss: 0.0249
Epoch: 191, Loss: 0.0249
Epoch: 196, Loss: 0.0248
Epoch: 201, Loss: 0.0247
Epoch: 206, Loss: 0.0246
Epoch: 211, Loss: 0.0246
Epoch: 216, Loss: 0.0245
Epoch: 221, Loss: 0.0244
Epoch: 226, Loss: 0.0243
Epoch: 231, Loss: 0.0243
Epoch: 236, Loss: 0.0242
Epoch: 241, Loss: 0.0241
Epoch: 246, Loss: 0.0240
Epoch: 251, Loss: 0.0240
Epoch: 256, Loss: 0.0239
Epoch: 261, Loss: 0.0238
Epoch: 266, Loss: 0.0238
Epoch: 271, Loss: 0.0237
Epoch: 276, Loss: 0.0236
Epoch: 281, Loss: 0.0236
Epoch: 286, Loss: 0.0235
Epoch: 291, Loss: 0.0234
Epoch: 296, Loss: 0.0234
Epoch: 301, Loss: 0.0233
Epoch: 306, Loss: 0.0232
Epoch: 311, Loss: 0.0231
Epoch: 316, Loss: 0.0231
Epoch: 321, Loss: 0.0230
Epoch: 326, Loss: 0.0229
Epoch: 331, Loss: 0.0229
Epoch: 336, Loss: 0.0228
Epoch: 341, Loss: 0.0227
Epoch: 346, Loss: 0.0227
Epoch: 351, Loss: 0.0226
Epoch: 356, Loss: 0.0225
Epoch: 361, Loss: 0.0225
Epoch: 366, Loss: 0.0224
Epoch: 371, Loss: 0.0223
Epoch: 376, Loss: 0.0223
Epoch: 381, Loss: 0.0222
Epoch: 386, Loss: 0.0221
Epoch: 391, Loss: 0.0221
Epoch: 396, Loss: 0.0220
Epoch: 401, Loss: 0.0220
Epoch: 406, Loss: 0.0219
Epoch: 411, Loss: 0.0218
Epoch: 416, Loss: 0.0218
Epoch: 421, Loss: 0.0217
Epoch: 426, Loss: 0.0216
Epoch: 431, Loss: 0.0216
Epoch: 436, Loss: 0.0215
Epoch: 441, Loss: 0.0214
Epoch: 446, Loss: 0.0214
Epoch: 451, Loss: 0.0213
Epoch: 456, Loss: 0.0212
Epoch: 461, Loss: 0.0212
Epoch: 466, Loss: 0.0211
Epoch: 471, Loss: 0.0211
Epoch: 476, Loss: 0.0210
Epoch: 481, Loss: 0.0209
Epoch: 486, Loss: 0.0209
Epoch: 491, Loss: 0.0208
Epoch: 496, Loss: 0.0207
Epoch: 501, Loss: 0.0207
Epoch: 506, Loss: 0.0206
Epoch: 511, Loss: 0.0206
Epoch: 516, Loss: 0.0205
Epoch: 521, Loss: 0.0204
Epoch: 526, Loss: 0.0204
Epoch: 531, Loss: 0.0203
Epoch: 536, Loss: 0.0203
Epoch: 541, Loss: 0.0202
Epoch: 546, Loss: 0.0201
Epoch: 551, Loss: 0.0201
Epoch: 556, Loss: 0.0200
Epoch: 561, Loss: 0.0199
Epoch: 566, Loss: 0.0199
Epoch: 571, Loss: 0.0198
Epoch: 576, Loss: 0.0198
Epoch: 581, Loss: 0.0197
Epoch: 586, Loss: 0.0196
Epoch: 591, Loss: 0.0196
Epoch: 596, Loss: 0.0195
Epoch: 601, Loss: 0.0195
Epoch: 606, Loss: 0.0194
Epoch: 611, Loss: 0.0193
Epoch: 616, Loss: 0.0193
Epoch: 621, Loss: 0.0192
Epoch: 626, Loss: 0.0192
Epoch: 631, Loss: 0.0191
Epoch: 636, Loss: 0.0191
Epoch: 641, Loss: 0.0190
Epoch: 646, Loss: 0.0189
Epoch: 651, Loss: 0.0189
Epoch: 656, Loss: 0.0188
Epoch: 661, Loss: 0.0188
Epoch: 666, Loss: 0.0187
Epoch: 671, Loss: 0.0186
Epoch: 676, Loss: 0.0186
Epoch: 681, Loss: 0.0185
Epoch: 686, Loss: 0.0185
Epoch: 691, Loss: 0.0184
Epoch: 696, Loss: 0.0183
Epoch: 701, Loss: 0.0183
Epoch: 706, Loss: 0.0182
Epoch: 711, Loss: 0.0182
Epoch: 716, Loss: 0.0181
Epoch: 721, Loss: 0.0181
Epoch: 726, Loss: 0.0181
Epoch: 731, Loss: 0.0297
Epoch: 736, Loss: 1.1807
Epoch: 741, Loss: 0.4150
Epoch: 746, Loss: 0.2522
Epoch: 751, Loss: 0.1293
Epoch: 756, Loss: 0.1049
Epoch: 761, Loss: 0.0766
Epoch: 766, Loss: 0.0548
Epoch: 771, Loss: 0.0465
Epoch: 776, Loss: 0.0412
Epoch: 781, Loss: 0.0385
Epoch: 786, Loss: 0.0354
Epoch: 791, Loss: 0.0596
Epoch: 796, Loss: 0.0403
Epoch: 801, Loss: 0.0474
Epoch: 806, Loss: 0.0396
Epoch: 811, Loss: 0.0372
Epoch: 816, Loss: 0.0377
Epoch: 821, Loss: 0.0328
Epoch: 826, Loss: 0.0302
Epoch: 831, Loss: 0.0284
Epoch: 836, Loss: 0.0275
Epoch: 841, Loss: 0.0266
Epoch: 846, Loss: 0.0257
Epoch: 851, Loss: 0.0252
Epoch: 856, Loss: 0.0248
Epoch: 861, Loss: 0.0244
Epoch: 866, Loss: 0.0241
Epoch: 871, Loss: 0.0238
Epoch: 876, Loss: 0.0235
Epoch: 881, Loss: 0.0233
Epoch: 886, Loss: 0.0231
Epoch: 891, Loss: 0.0229
Epoch: 896, Loss: 0.0227
Epoch: 901, Loss: 0.0225
Epoch: 906, Loss: 0.0223
Epoch: 911, Loss: 0.0221
Epoch: 916, Loss: 0.0220
Epoch: 921, Loss: 0.0218
Epoch: 926, Loss: 0.0217
Epoch: 931, Loss: 0.0215
Epoch: 936, Loss: 0.0214
Epoch: 941, Loss: 0.0213
Epoch: 946, Loss: 0.0212
Epoch: 951, Loss: 0.0210
Epoch: 956, Loss: 0.0209
Epoch: 961, Loss: 0.0208
Epoch: 966, Loss: 0.0207
Epoch: 971, Loss: 0.0206
Epoch: 976, Loss: 0.0205
Epoch: 981, Loss: 0.0204
Epoch: 986, Loss: 0.0203
Epoch: 991, Loss: 0.0202
Epoch: 996, Loss: 0.0201
Epoch: 1001, Loss: 0.0200
Elapsed time 0.0570 min
Epoch: 6, Loss: 0.0199
Epoch: 11, Loss: 0.0198
Epoch: 16, Loss: 0.0197
Epoch: 21, Loss: 0.0197
Epoch: 26, Loss: 0.0196
Epoch: 31, Loss: 0.0195
Epoch: 36, Loss: 0.0194
Epoch: 41, Loss: 0.0193
Epoch: 46, Loss: 0.0193
Epoch: 51, Loss: 0.0192
Epoch: 56, Loss: 0.0191
Epoch: 61, Loss: 0.0190
Epoch: 66, Loss: 0.0190
Epoch: 71, Loss: 0.0189
Epoch: 76, Loss: 0.0188
Epoch: 81, Loss: 0.0188
Epoch: 86, Loss: 0.0187
Epoch: 91, Loss: 0.0186
Epoch: 96, Loss: 0.0186
Epoch: 101, Loss: 0.0185
Epoch: 106, Loss: 0.0184
Epoch: 111, Loss: 0.0184
Epoch: 116, Loss: 0.0183
Epoch: 121, Loss: 0.0182
Epoch: 126, Loss: 0.0182
Epoch: 131, Loss: 0.0181
Epoch: 136, Loss: 0.0180
Epoch: 141, Loss: 0.0180
Epoch: 146, Loss: 0.0179
Epoch: 151, Loss: 0.0179
Epoch: 156, Loss: 0.0178
Epoch: 161, Loss: 0.0178
Epoch: 166, Loss: 0.0177
Epoch: 171, Loss: 0.0177
Epoch: 176, Loss: 0.0176
Epoch: 181, Loss: 0.0176
Epoch: 186, Loss: 0.0175
Epoch: 191, Loss: 0.0175
Epoch: 196, Loss: 0.0174
Epoch: 201, Loss: 0.0173
Epoch: 206, Loss: 0.0173
Epoch: 211, Loss: 0.0172
Epoch: 216, Loss: 0.0172
Epoch: 221, Loss: 0.0171
Epoch: 226, Loss: 0.0171
Epoch: 231, Loss: 0.0170
Epoch: 236, Loss: 0.0170
Epoch: 241, Loss: 0.0170
Epoch: 246, Loss: 0.0169
Epoch: 251, Loss: 0.0169
Epoch: 256, Loss: 0.0168
Epoch: 261, Loss: 0.0168
Epoch: 266, Loss: 0.0167
Epoch: 271, Loss: 0.0167
Epoch: 276, Loss: 0.0166
Epoch: 281, Loss: 0.0166
Epoch: 286, Loss: 0.0165
Epoch: 291, Loss: 0.0164
Epoch: 296, Loss: 0.0164
Epoch: 301, Loss: 0.0163
Epoch: 306, Loss: 0.0162
Epoch: 311, Loss: 0.0162
Epoch: 316, Loss: 0.0161
Epoch: 321, Loss: 0.0161
Epoch: 326, Loss: 0.0160
Epoch: 331, Loss: 0.0160
Epoch: 336, Loss: 0.0159
Epoch: 341, Loss: 0.0159
Epoch: 346, Loss: 0.0158
Epoch: 351, Loss: 0.0158
Epoch: 356, Loss: 0.0157
Epoch: 361, Loss: 0.0157
Epoch: 366, Loss: 0.0156
Epoch: 371, Loss: 0.0156
Epoch: 376, Loss: 0.0155
Epoch: 381, Loss: 0.0155
Epoch: 386, Loss: 0.0154
Epoch: 391, Loss: 0.0154
Epoch: 396, Loss: 0.0153
Epoch: 401, Loss: 0.0153
Epoch: 406, Loss: 0.0152
Epoch: 411, Loss: 0.0152
Epoch: 416, Loss: 0.0151
Epoch: 421, Loss: 0.0151
Epoch: 426, Loss: 0.0151
Epoch: 431, Loss: 0.0150
Epoch: 436, Loss: 0.0150
Epoch: 441, Loss: 0.0149
Epoch: 446, Loss: 0.0149
Epoch: 451, Loss: 0.0148
Epoch: 456, Loss: 0.0148
Epoch: 461, Loss: 0.0148
Epoch: 466, Loss: 0.0147
Epoch: 471, Loss: 0.0147
Epoch: 476, Loss: 0.0146
Epoch: 481, Loss: 0.0146
Epoch: 486, Loss: 0.0145
Epoch: 491, Loss: 0.0145
Epoch: 496, Loss: 0.0145
Epoch: 501, Loss: 0.0144
Epoch: 506, Loss: 0.0144
Epoch: 511, Loss: 0.0143
Epoch: 516, Loss: 0.0143
Epoch: 521, Loss: 0.0143
Epoch: 526, Loss: 0.0142
Epoch: 531, Loss: 0.0142
Epoch: 536, Loss: 0.0141
Epoch: 541, Loss: 0.0141
Epoch: 546, Loss: 0.0140
Epoch: 551, Loss: 0.0140
Epoch: 556, Loss: 0.0140
Epoch: 561, Loss: 0.0139
Epoch: 566, Loss: 0.0139
Epoch: 571, Loss: 0.0138
Epoch: 576, Loss: 0.0138
Epoch: 581, Loss: 0.0138
Epoch: 586, Loss: 0.0137
Epoch: 591, Loss: 0.0137
Epoch: 596, Loss: 0.0137
Epoch: 601, Loss: 0.0136
Epoch: 606, Loss: 0.0136
Epoch: 611, Loss: 0.0135
Epoch: 616, Loss: 0.0135
Epoch: 621, Loss: 0.0135
Epoch: 626, Loss: 0.0134
Epoch: 631, Loss: 0.0134
Epoch: 636, Loss: 0.0133
Epoch: 641, Loss: 0.0133
Epoch: 646, Loss: 0.0133
Epoch: 651, Loss: 0.0132
Epoch: 656, Loss: 0.0132
Epoch: 661, Loss: 0.0132
Epoch: 666, Loss: 0.0131
Epoch: 671, Loss: 0.0131
Epoch: 676, Loss: 0.0130
Epoch: 681, Loss: 0.0130
Epoch: 686, Loss: 0.0130
Epoch: 691, Loss: 0.0129
Epoch: 696, Loss: 0.0129
Epoch: 701, Loss: 0.0129
Epoch: 706, Loss: 0.0128
Epoch: 711, Loss: 0.0128
Epoch: 716, Loss: 0.0127
Epoch: 721, Loss: 0.0127
Epoch: 726, Loss: 0.0127
Epoch: 731, Loss: 0.0126
Epoch: 736, Loss: 0.0126
Epoch: 741, Loss: 0.0126
Epoch: 746, Loss: 0.0125
Epoch: 751, Loss: 0.0125
Epoch: 756, Loss: 0.0125
Epoch: 761, Loss: 0.0124
Epoch: 766, Loss: 0.0124
Epoch: 771, Loss: 0.0123
Epoch: 776, Loss: 0.0123
Epoch: 781, Loss: 0.0123
Epoch: 786, Loss: 0.0122
Epoch: 791, Loss: 0.0122
Epoch: 796, Loss: 0.0122
Epoch: 801, Loss: 0.0121
Epoch: 806, Loss: 0.0121
Epoch: 811, Loss: 0.0121
Epoch: 816, Loss: 0.0120
Epoch: 821, Loss: 0.0120
Epoch: 826, Loss: 0.0120
Epoch: 831, Loss: 0.0119
Epoch: 836, Loss: 0.0119
Epoch: 841, Loss: 0.0119
Epoch: 846, Loss: 0.0118
Epoch: 851, Loss: 0.0118
Epoch: 856, Loss: 0.0118
Epoch: 861, Loss: 0.0117
Epoch: 866, Loss: 0.0117
Epoch: 871, Loss: 0.0117
Epoch: 876, Loss: 0.0116
Epoch: 881, Loss: 0.0116
Epoch: 886, Loss: 0.0116
Epoch: 891, Loss: 0.0115
Epoch: 896, Loss: 0.0115
Epoch: 901, Loss: 0.0115
Epoch: 906, Loss: 0.0114
Epoch: 911, Loss: 0.0114
Epoch: 916, Loss: 0.0114
Epoch: 921, Loss: 0.0113
Epoch: 926, Loss: 0.0113
Epoch: 931, Loss: 0.0113
Epoch: 936, Loss: 0.0112
Epoch: 941, Loss: 0.0112
Epoch: 946, Loss: 0.0112
Epoch: 951, Loss: 0.0111
Epoch: 956, Loss: 0.0111
Epoch: 961, Loss: 0.0111
Epoch: 966, Loss: 0.0110
Epoch: 971, Loss: 0.0110
Epoch: 976, Loss: 0.0110
Epoch: 981, Loss: 0.0109
Epoch: 986, Loss: 0.0109
Epoch: 991, Loss: 0.0109
Epoch: 996, Loss: 0.0108
Epoch: 1001, Loss: 0.0108
Elapsed time 0.0589 min
Epoch: 6, Loss: 0.0108
Epoch: 11, Loss: 0.0107
Epoch: 16, Loss: 0.0107
Epoch: 21, Loss: 0.0107
Epoch: 26, Loss: 0.0106
Epoch: 31, Loss: 0.0106
Epoch: 36, Loss: 0.0106
Epoch: 41, Loss: 0.0105
Epoch: 46, Loss: 0.0105
Epoch: 51, Loss: 0.0105
Epoch: 56, Loss: 0.0105
Epoch: 61, Loss: 0.0104
Epoch: 66, Loss: 0.0104
Epoch: 71, Loss: 0.0104
Epoch: 76, Loss: 0.0103
Epoch: 81, Loss: 0.0103
Epoch: 86, Loss: 0.0103
Epoch: 91, Loss: 0.0102
Epoch: 96, Loss: 0.0102
Epoch: 101, Loss: 0.0102
Epoch: 106, Loss: 0.0101
Epoch: 111, Loss: 0.0101
Epoch: 116, Loss: 0.0101
Epoch: 121, Loss: 0.0101
Epoch: 126, Loss: 0.0100
Epoch: 131, Loss: 0.0100
Epoch: 136, Loss: 0.0100
Epoch: 141, Loss: 0.0099
Epoch: 146, Loss: 0.0099
Epoch: 151, Loss: 0.0099
Epoch: 156, Loss: 0.0098
Epoch: 161, Loss: 0.0098
Epoch: 166, Loss: 0.0098
Epoch: 171, Loss: 0.0098
Epoch: 176, Loss: 0.0097
Epoch: 181, Loss: 0.0097
Epoch: 186, Loss: 0.0097
Epoch: 191, Loss: 0.0096
Epoch: 196, Loss: 0.0096
Epoch: 201, Loss: 0.0096
Epoch: 206, Loss: 0.0095
Epoch: 211, Loss: 0.0095
Epoch: 216, Loss: 0.0095
Epoch: 221, Loss: 0.0095
Epoch: 226, Loss: 0.0094
Epoch: 231, Loss: 0.0094
Epoch: 236, Loss: 0.0094
Epoch: 241, Loss: 0.0093
Epoch: 246, Loss: 0.0093
Epoch: 251, Loss: 0.0093
Epoch: 256, Loss: 0.0093
Epoch: 261, Loss: 0.0092
Epoch: 266, Loss: 0.0092
Epoch: 271, Loss: 0.0092
Epoch: 276, Loss: 0.0091
Epoch: 281, Loss: 0.0091
Epoch: 286, Loss: 0.0091
Epoch: 291, Loss: 0.0091
Epoch: 296, Loss: 0.0090
Epoch: 301, Loss: 0.0090
Epoch: 306, Loss: 0.0090
Epoch: 311, Loss: 0.0089
Epoch: 316, Loss: 0.0089
Epoch: 321, Loss: 0.0089
Epoch: 326, Loss: 0.0089
Epoch: 331, Loss: 0.0088
Epoch: 336, Loss: 0.0088
Epoch: 341, Loss: 0.0088
Epoch: 346, Loss: 0.0088
Epoch: 351, Loss: 0.0087
Epoch: 356, Loss: 0.0087
Epoch: 361, Loss: 0.0087
Epoch: 366, Loss: 0.0087
Epoch: 371, Loss: 0.0086
Epoch: 376, Loss: 0.0086
Epoch: 381, Loss: 0.0086
Epoch: 386, Loss: 0.0085
Epoch: 391, Loss: 0.0085
Epoch: 396, Loss: 0.0085
Epoch: 401, Loss: 0.0085
Epoch: 406, Loss: 0.0084
Epoch: 411, Loss: 0.0084
Epoch: 416, Loss: 0.0084
Epoch: 421, Loss: 0.0084
Epoch: 426, Loss: 0.0083
Epoch: 431, Loss: 0.0083
Epoch: 436, Loss: 0.0083
Epoch: 441, Loss: 0.0083
Epoch: 446, Loss: 0.0082
Epoch: 451, Loss: 0.0082
Epoch: 456, Loss: 0.0082
Epoch: 461, Loss: 0.0082
Epoch: 466, Loss: 0.0081
Epoch: 471, Loss: 0.0081
Epoch: 476, Loss: 0.0081
Epoch: 481, Loss: 0.0081
Epoch: 486, Loss: 0.0080
Epoch: 491, Loss: 0.0080
Epoch: 496, Loss: 0.0080
Epoch: 501, Loss: 0.0080
Epoch: 506, Loss: 0.0079
Epoch: 511, Loss: 0.0079
Epoch: 516, Loss: 0.0079
Epoch: 521, Loss: 0.0079
Epoch: 526, Loss: 0.0078
Epoch: 531, Loss: 0.0078
Epoch: 536, Loss: 0.0078
Epoch: 541, Loss: 0.0078
Epoch: 546, Loss: 0.0077
Epoch: 551, Loss: 0.0077
Epoch: 556, Loss: 0.0077
Epoch: 561, Loss: 0.0077
Epoch: 566, Loss: 0.0076
Epoch: 571, Loss: 0.0076
Epoch: 576, Loss: 0.0076
Epoch: 581, Loss: 0.0076
Epoch: 586, Loss: 0.0075
Epoch: 591, Loss: 0.0075
Epoch: 596, Loss: 0.0075
Epoch: 601, Loss: 0.0075
Epoch: 606, Loss: 0.0075
Epoch: 611, Loss: 0.0074
Epoch: 616, Loss: 0.0074
Epoch: 621, Loss: 0.0074
Epoch: 626, Loss: 0.0074
Epoch: 631, Loss: 0.0073
Epoch: 636, Loss: 0.0073
Epoch: 641, Loss: 0.0073
Epoch: 646, Loss: 0.0073
Epoch: 651, Loss: 0.0072
Epoch: 656, Loss: 0.0072
Epoch: 661, Loss: 0.0072
Epoch: 666, Loss: 0.0072
Epoch: 671, Loss: 0.0072
Epoch: 676, Loss: 0.0071
Epoch: 681, Loss: 0.0071
Epoch: 686, Loss: 0.0071
Epoch: 691, Loss: 0.0071
Epoch: 696, Loss: 0.0070
Epoch: 701, Loss: 0.0070
Epoch: 706, Loss: 0.0070
Epoch: 711, Loss: 0.0070
Epoch: 716, Loss: 0.0069
Epoch: 721, Loss: 0.0069
Epoch: 726, Loss: 0.0069
Epoch: 731, Loss: 0.0069
Epoch: 736, Loss: 0.0069
Epoch: 741, Loss: 0.0068
Epoch: 746, Loss: 0.0068
Epoch: 751, Loss: 0.0068
Epoch: 756, Loss: 0.0068
Epoch: 761, Loss: 0.0068
Epoch: 766, Loss: 0.0067
Epoch: 771, Loss: 0.0067
Epoch: 776, Loss: 0.0067
Epoch: 781, Loss: 0.0067
Epoch: 786, Loss: 0.0066
Epoch: 791, Loss: 0.0066
Epoch: 796, Loss: 0.0066
Epoch: 801, Loss: 0.0066
Epoch: 806, Loss: 0.0066
Epoch: 811, Loss: 0.0065
Epoch: 816, Loss: 0.0065
Epoch: 821, Loss: 0.0065
Epoch: 826, Loss: 0.0065
Epoch: 831, Loss: 0.0065
Epoch: 836, Loss: 0.0064
Epoch: 841, Loss: 0.0064
Epoch: 846, Loss: 0.0064
Epoch: 851, Loss: 0.0064
Epoch: 856, Loss: 0.0064
Epoch: 861, Loss: 0.0063
Epoch: 866, Loss: 0.0063
Epoch: 871, Loss: 0.0063
Epoch: 876, Loss: 0.0063
Epoch: 881, Loss: 0.0062
Epoch: 886, Loss: 0.0062
Epoch: 891, Loss: 0.0062
Epoch: 896, Loss: 0.0062
Epoch: 901, Loss: 0.0062
Epoch: 906, Loss: 0.0061
Epoch: 911, Loss: 0.0061
Epoch: 916, Loss: 0.0061
Epoch: 921, Loss: 0.0061
Epoch: 926, Loss: 0.0061
Epoch: 931, Loss: 0.0060
Epoch: 936, Loss: 0.0060
Epoch: 941, Loss: 0.0060
Epoch: 946, Loss: 0.0060
Epoch: 951, Loss: 0.0060
Epoch: 956, Loss: 0.0060
Epoch: 961, Loss: 0.0059
Epoch: 966, Loss: 0.0059
Epoch: 971, Loss: 0.0059
Epoch: 976, Loss: 0.0059
Epoch: 981, Loss: 0.0059
Epoch: 986, Loss: 0.0058
Epoch: 991, Loss: 0.0058
Epoch: 996, Loss: 0.0058
Epoch: 1001, Loss: 0.0058
Elapsed time 0.0581 min
Epoch: 6, Loss: 0.0058
Epoch: 11, Loss: 0.0057
Epoch: 16, Loss: 0.0057
Epoch: 21, Loss: 0.0057
Epoch: 26, Loss: 0.0057
Epoch: 31, Loss: 0.0057
Epoch: 36, Loss: 0.0056
Epoch: 41, Loss: 0.0056
Epoch: 46, Loss: 0.0056
Epoch: 51, Loss: 0.0056
Epoch: 56, Loss: 0.0056
Epoch: 61, Loss: 0.0056
Epoch: 66, Loss: 0.0055
Epoch: 71, Loss: 0.0055
Epoch: 76, Loss: 0.0055
Epoch: 81, Loss: 0.0055
Epoch: 86, Loss: 0.0055
Epoch: 91, Loss: 0.0054
Epoch: 96, Loss: 0.0054
Epoch: 101, Loss: 0.0054
Epoch: 106, Loss: 0.0054
Epoch: 111, Loss: 0.0054
Epoch: 116, Loss: 0.0054
Epoch: 121, Loss: 0.0053
Epoch: 126, Loss: 0.0053
Epoch: 131, Loss: 0.0053
Epoch: 136, Loss: 0.0053
Epoch: 141, Loss: 0.0053
Epoch: 146, Loss: 0.0053
Epoch: 151, Loss: 0.0052
Epoch: 156, Loss: 0.0052
Epoch: 161, Loss: 0.0052
Epoch: 166, Loss: 0.0052
Epoch: 171, Loss: 0.0052
Epoch: 176, Loss: 0.0052
Epoch: 181, Loss: 0.0051
Epoch: 186, Loss: 0.0051
Epoch: 191, Loss: 0.0051
Epoch: 196, Loss: 0.0051
Epoch: 201, Loss: 0.0051
Epoch: 206, Loss: 0.0051
Epoch: 211, Loss: 0.0050
Epoch: 216, Loss: 0.0050
Epoch: 221, Loss: 0.0050
Epoch: 226, Loss: 0.0050
Epoch: 231, Loss: 0.0050
Epoch: 236, Loss: 0.0050
Epoch: 241, Loss: 0.0049
Epoch: 246, Loss: 0.0049
Epoch: 251, Loss: 0.0049
Epoch: 256, Loss: 0.0049
Epoch: 261, Loss: 0.0049
Epoch: 266, Loss: 0.0049
Epoch: 271, Loss: 0.0048
Epoch: 276, Loss: 0.0048
Epoch: 281, Loss: 0.0048
Epoch: 286, Loss: 0.0048
Epoch: 291, Loss: 0.0048
Epoch: 296, Loss: 0.0048
Epoch: 301, Loss: 0.0047
Epoch: 306, Loss: 0.0047
Epoch: 311, Loss: 0.0047
Epoch: 316, Loss: 0.0047
Epoch: 321, Loss: 0.0047
Epoch: 326, Loss: 0.0047
Epoch: 331, Loss: 0.0047
Epoch: 336, Loss: 0.0046
Epoch: 341, Loss: 0.0046
Epoch: 346, Loss: 0.0046
Epoch: 351, Loss: 0.0046
Epoch: 356, Loss: 0.0046
Epoch: 361, Loss: 0.0046
Epoch: 366, Loss: 0.0045
Epoch: 371, Loss: 0.0045
Epoch: 376, Loss: 0.0045
Epoch: 381, Loss: 0.0045
Epoch: 386, Loss: 0.0045
Epoch: 391, Loss: 0.0045
Epoch: 396, Loss: 0.0045
Epoch: 401, Loss: 0.0044
Epoch: 406, Loss: 0.0044
Epoch: 411, Loss: 0.0044
Epoch: 416, Loss: 0.0044
Epoch: 421, Loss: 0.0044
Epoch: 426, Loss: 0.0044
Epoch: 431, Loss: 0.0044
Epoch: 436, Loss: 0.0043
Epoch: 441, Loss: 0.0043
Epoch: 446, Loss: 0.0043
Epoch: 451, Loss: 0.0043
Epoch: 456, Loss: 0.0043
Epoch: 461, Loss: 0.0043
Epoch: 466, Loss: 0.0043
Epoch: 471, Loss: 0.0042
Epoch: 476, Loss: 0.0042
Epoch: 481, Loss: 0.0042
Epoch: 486, Loss: 0.0042
Epoch: 491, Loss: 0.0042
Epoch: 496, Loss: 0.0042
Epoch: 501, Loss: 0.0042
Epoch: 506, Loss: 0.0041
Epoch: 511, Loss: 0.0041
Epoch: 516, Loss: 0.0041
Epoch: 521, Loss: 0.0041
Epoch: 526, Loss: 0.0041
Epoch: 531, Loss: 0.0041
Epoch: 536, Loss: 0.0041
Epoch: 541, Loss: 0.0040
Epoch: 546, Loss: 0.0040
Epoch: 551, Loss: 0.0040
Epoch: 556, Loss: 0.0040
Epoch: 561, Loss: 0.0040
Epoch: 566, Loss: 0.0040
Epoch: 571, Loss: 0.0040
Epoch: 576, Loss: 0.0040
Epoch: 581, Loss: 0.0039
Epoch: 586, Loss: 0.0039
Epoch: 591, Loss: 0.0039
Epoch: 596, Loss: 0.0039
Epoch: 601, Loss: 0.0039
Epoch: 606, Loss: 0.0039
Epoch: 611, Loss: 0.0039
Epoch: 616, Loss: 0.0038
Epoch: 621, Loss: 0.0038
Epoch: 626, Loss: 0.0038
Epoch: 631, Loss: 0.0038
Epoch: 636, Loss: 0.0038
Epoch: 641, Loss: 0.0038
Epoch: 646, Loss: 0.0038
Epoch: 651, Loss: 0.0038
Epoch: 656, Loss: 0.0037
Epoch: 661, Loss: 0.0037
Epoch: 666, Loss: 0.0037
Epoch: 671, Loss: 0.0037
Epoch: 676, Loss: 0.0037
Epoch: 681, Loss: 0.0037
Epoch: 686, Loss: 0.0037
Epoch: 691, Loss: 0.0037
Epoch: 696, Loss: 0.0036
Epoch: 701, Loss: 0.0036
Epoch: 706, Loss: 0.0036
Epoch: 711, Loss: 0.0036
Epoch: 716, Loss: 0.0036
Epoch: 721, Loss: 0.0036
Epoch: 726, Loss: 0.0036
Epoch: 731, Loss: 0.0036
Epoch: 736, Loss: 0.0036
Epoch: 741, Loss: 0.0035
Epoch: 746, Loss: 0.0035
Epoch: 751, Loss: 0.0035
Epoch: 756, Loss: 0.0035
Epoch: 761, Loss: 0.0035
Epoch: 766, Loss: 0.0035
Epoch: 771, Loss: 0.0035
Epoch: 776, Loss: 0.0035
Epoch: 781, Loss: 0.0034
Epoch: 786, Loss: 0.0034
Epoch: 791, Loss: 0.0034
Epoch: 796, Loss: 0.0034
Epoch: 801, Loss: 0.0034
Epoch: 806, Loss: 0.0034
Epoch: 811, Loss: 0.0034
Epoch: 816, Loss: 0.0034
Epoch: 821, Loss: 0.0034
Epoch: 826, Loss: 0.0033
Epoch: 831, Loss: 0.0033
Epoch: 836, Loss: 0.0033
Epoch: 841, Loss: 0.0033
Epoch: 846, Loss: 0.0033
Epoch: 851, Loss: 0.0033
Epoch: 856, Loss: 0.0033
Epoch: 861, Loss: 0.0033
Epoch: 866, Loss: 0.0033
Epoch: 871, Loss: 0.0032
Epoch: 876, Loss: 0.0032
Epoch: 881, Loss: 0.0032
Epoch: 886, Loss: 0.0032
Epoch: 891, Loss: 0.0032
Epoch: 896, Loss: 0.0032
Epoch: 901, Loss: 0.0032
Epoch: 906, Loss: 0.0032
Epoch: 911, Loss: 0.0032
Epoch: 916, Loss: 0.0031
Epoch: 921, Loss: 0.0031
Epoch: 926, Loss: 0.0031
Epoch: 931, Loss: 0.0031
Epoch: 936, Loss: 0.0031
Epoch: 941, Loss: 0.0031
Epoch: 946, Loss: 0.0031
Epoch: 951, Loss: 0.0031
Epoch: 956, Loss: 0.0031
Epoch: 961, Loss: 0.0031
Epoch: 966, Loss: 0.0030
Epoch: 971, Loss: 0.0030
Epoch: 976, Loss: 0.0030
Epoch: 981, Loss: 0.0030
Epoch: 986, Loss: 0.0030
Epoch: 991, Loss: 0.0030
Epoch: 996, Loss: 0.0030
Epoch: 1001, Loss: 0.0030
Elapsed time 0.0569 min
Epoch: 6, Loss: 0.0030
Epoch: 11, Loss: 0.0030
Epoch: 16, Loss: 0.0029
Epoch: 21, Loss: 0.0029
Epoch: 26, Loss: 0.0029
Epoch: 31, Loss: 0.0029
Epoch: 36, Loss: 0.0029
Epoch: 41, Loss: 0.0029
Epoch: 46, Loss: 0.0029
Epoch: 51, Loss: 0.0029
Epoch: 56, Loss: 0.0029
Epoch: 61, Loss: 0.0029
Epoch: 66, Loss: 0.0028
Epoch: 71, Loss: 0.0028
Epoch: 76, Loss: 0.0028
Epoch: 81, Loss: 0.0028
Epoch: 86, Loss: 0.0028
Epoch: 91, Loss: 0.0028
Epoch: 96, Loss: 0.0028
Epoch: 101, Loss: 0.0028
Epoch: 106, Loss: 0.0028
Epoch: 111, Loss: 0.0028
Epoch: 116, Loss: 0.0028
Epoch: 121, Loss: 0.0027
Epoch: 126, Loss: 0.0027
Epoch: 131, Loss: 0.0027
Epoch: 136, Loss: 0.0027
Epoch: 141, Loss: 0.0027
Epoch: 146, Loss: 0.0027
Epoch: 151, Loss: 0.0027
Epoch: 156, Loss: 0.0027
Epoch: 161, Loss: 0.0027
Epoch: 166, Loss: 0.0027
Epoch: 171, Loss: 0.0027
Epoch: 176, Loss: 0.0026
Epoch: 181, Loss: 0.0026
Epoch: 186, Loss: 0.0026
Epoch: 191, Loss: 0.0026
Epoch: 196, Loss: 0.0026
Epoch: 201, Loss: 0.0026
Epoch: 206, Loss: 0.0026
Epoch: 211, Loss: 0.0026
Epoch: 216, Loss: 0.0026
Epoch: 221, Loss: 0.0026
Epoch: 226, Loss: 0.0026
Epoch: 231, Loss: 0.0026
Epoch: 236, Loss: 0.0025
Epoch: 241, Loss: 0.0025
Epoch: 246, Loss: 0.0025
Epoch: 251, Loss: 0.0025
Epoch: 256, Loss: 0.0025
Epoch: 261, Loss: 0.0025
Epoch: 266, Loss: 0.0025
Epoch: 271, Loss: 0.0025
Epoch: 276, Loss: 0.0025
Epoch: 281, Loss: 0.0025
Epoch: 286, Loss: 0.0025
Epoch: 291, Loss: 0.0025
Epoch: 296, Loss: 0.0024
Epoch: 301, Loss: 0.0024
Epoch: 306, Loss: 0.0024
Epoch: 311, Loss: 0.0024
Epoch: 316, Loss: 0.0024
Epoch: 321, Loss: 0.0024
Epoch: 326, Loss: 0.0024
Epoch: 331, Loss: 0.0024
Epoch: 336, Loss: 0.0024
Epoch: 341, Loss: 0.0024
Epoch: 346, Loss: 0.0024
Epoch: 351, Loss: 0.0024
Epoch: 356, Loss: 0.0023
Epoch: 361, Loss: 0.0023
Epoch: 366, Loss: 0.0023
Epoch: 371, Loss: 0.0023
Epoch: 376, Loss: 0.0023
Epoch: 381, Loss: 0.0023
Epoch: 386, Loss: 0.0023
Epoch: 391, Loss: 0.0023
Epoch: 396, Loss: 0.0023
Epoch: 401, Loss: 0.0023
Epoch: 406, Loss: 0.0023
Epoch: 411, Loss: 0.0023
Epoch: 416, Loss: 0.0023
Epoch: 421, Loss: 0.0023
Epoch: 426, Loss: 0.0022
Epoch: 431, Loss: 0.0022
Epoch: 436, Loss: 0.0022
Epoch: 441, Loss: 0.0022
Epoch: 446, Loss: 0.0022
Epoch: 451, Loss: 0.0022
Epoch: 456, Loss: 0.0022
Epoch: 461, Loss: 0.0022
Epoch: 466, Loss: 0.0022
Epoch: 471, Loss: 0.0022
Epoch: 476, Loss: 0.0022
Epoch: 481, Loss: 0.0022
Epoch: 486, Loss: 0.0022
Epoch: 491, Loss: 0.0022
Epoch: 496, Loss: 0.0021
Epoch: 501, Loss: 0.0021
Epoch: 506, Loss: 0.0021
Epoch: 511, Loss: 0.0021
Epoch: 516, Loss: 0.0021
Epoch: 521, Loss: 0.0021
Epoch: 526, Loss: 0.0021
Epoch: 531, Loss: 0.0021
Epoch: 536, Loss: 0.0021
Epoch: 541, Loss: 0.0021
Epoch: 546, Loss: 0.0021
Epoch: 551, Loss: 0.0021
Epoch: 556, Loss: 0.0021
Epoch: 561, Loss: 0.0021
Epoch: 566, Loss: 0.0020
Epoch: 571, Loss: 0.0020
Epoch: 576, Loss: 0.0020
Epoch: 581, Loss: 0.0020
Epoch: 586, Loss: 0.0020
Epoch: 591, Loss: 0.0020
Epoch: 596, Loss: 0.0020
Epoch: 601, Loss: 0.0020
Epoch: 606, Loss: 0.0020
Epoch: 611, Loss: 0.0020
Epoch: 616, Loss: 0.0020
Epoch: 621, Loss: 0.0020
Epoch: 626, Loss: 0.0020
Epoch: 631, Loss: 0.0020
Epoch: 636, Loss: 0.0020
Epoch: 641, Loss: 0.0020
Epoch: 646, Loss: 0.0019
Epoch: 651, Loss: 0.0019
Epoch: 656, Loss: 0.0019
Epoch: 661, Loss: 0.0019
Epoch: 666, Loss: 0.0019
Epoch: 671, Loss: 0.0019
Epoch: 676, Loss: 0.0019
Epoch: 681, Loss: 0.0019
Epoch: 686, Loss: 0.0019
Epoch: 691, Loss: 0.0019
Epoch: 696, Loss: 0.0019
Epoch: 701, Loss: 0.0019
Epoch: 706, Loss: 0.0019
Epoch: 711, Loss: 0.0019
Epoch: 716, Loss: 0.0019
Epoch: 721, Loss: 0.0019
Epoch: 726, Loss: 0.0018
Epoch: 731, Loss: 0.0018
Epoch: 736, Loss: 0.0018
Epoch: 741, Loss: 0.0018
Epoch: 746, Loss: 0.0018
Epoch: 751, Loss: 0.0018
Epoch: 756, Loss: 0.0018
Epoch: 761, Loss: 0.0018
Epoch: 766, Loss: 0.0018
Epoch: 771, Loss: 0.0018
Epoch: 776, Loss: 0.0018
Epoch: 781, Loss: 0.0018
Epoch: 786, Loss: 0.0018
Epoch: 791, Loss: 0.0018
Epoch: 796, Loss: 0.0018
Epoch: 801, Loss: 0.0018
Epoch: 806, Loss: 0.0018
Epoch: 811, Loss: 0.0018
Epoch: 816, Loss: 0.0017
Epoch: 821, Loss: 0.0017
Epoch: 826, Loss: 0.0017
Epoch: 831, Loss: 0.0017
Epoch: 836, Loss: 0.0017
Epoch: 841, Loss: 0.0017
Epoch: 846, Loss: 0.0017
Epoch: 851, Loss: 0.0017
Epoch: 856, Loss: 0.0017
Epoch: 861, Loss: 0.0017
Epoch: 866, Loss: 0.0017
Epoch: 871, Loss: 0.0017
Epoch: 876, Loss: 0.0017
Epoch: 881, Loss: 0.0017
Epoch: 886, Loss: 0.0017
Epoch: 891, Loss: 0.0017
Epoch: 896, Loss: 0.0017
Epoch: 901, Loss: 0.0017
Epoch: 906, Loss: 0.0016
Epoch: 911, Loss: 0.0016
Epoch: 916, Loss: 0.0016
Epoch: 921, Loss: 0.0016
Epoch: 926, Loss: 0.0016
Epoch: 931, Loss: 0.0016
Epoch: 936, Loss: 0.0016
Epoch: 941, Loss: 0.0016
Epoch: 946, Loss: 0.0016
Epoch: 951, Loss: 0.0016
Epoch: 956, Loss: 0.0016
Epoch: 961, Loss: 0.0016
Epoch: 966, Loss: 0.0016
Epoch: 971, Loss: 0.0016
Epoch: 976, Loss: 0.0016
Epoch: 981, Loss: 0.0016
Epoch: 986, Loss: 0.0016
Epoch: 991, Loss: 0.0016
Epoch: 996, Loss: 0.0016
Epoch: 1001, Loss: 0.0016
Elapsed time 0.0571 min
Epoch: 6, Loss: 0.0015
Epoch: 11, Loss: 0.0015
Epoch: 16, Loss: 0.0015
Epoch: 21, Loss: 0.0015
Epoch: 26, Loss: 0.0015
Epoch: 31, Loss: 0.0015
Epoch: 36, Loss: 0.0015
Epoch: 41, Loss: 0.0015
Epoch: 46, Loss: 0.0015
Epoch: 51, Loss: 0.0015
Epoch: 56, Loss: 0.0015
Epoch: 61, Loss: 0.0015
Epoch: 66, Loss: 0.0015
Epoch: 71, Loss: 0.0015
Epoch: 76, Loss: 0.0015
Epoch: 81, Loss: 0.0015
Epoch: 86, Loss: 0.0015
Epoch: 91, Loss: 0.0015
Epoch: 96, Loss: 0.0015
Epoch: 101, Loss: 0.0015
Epoch: 106, Loss: 0.0015
Epoch: 111, Loss: 0.0015
Epoch: 116, Loss: 0.0014
Epoch: 121, Loss: 0.0014
Epoch: 126, Loss: 0.0014
Epoch: 131, Loss: 0.0014
Epoch: 136, Loss: 0.0014
Epoch: 141, Loss: 0.0014
Epoch: 146, Loss: 0.0014
Epoch: 151, Loss: 0.0014
Epoch: 156, Loss: 0.0014
Epoch: 161, Loss: 0.0014
Epoch: 166, Loss: 0.0014
Epoch: 171, Loss: 0.0014
Epoch: 176, Loss: 0.0014
Epoch: 181, Loss: 0.0014
Epoch: 186, Loss: 0.0014
Epoch: 191, Loss: 0.0014
Epoch: 196, Loss: 0.0014
Epoch: 201, Loss: 0.0014
Epoch: 206, Loss: 0.0014
Epoch: 211, Loss: 0.0014
Epoch: 216, Loss: 0.0014
Epoch: 221, Loss: 0.0014
Epoch: 226, Loss: 0.0013
Epoch: 231, Loss: 0.0013
Epoch: 236, Loss: 0.0013
Epoch: 241, Loss: 0.0013
Epoch: 246, Loss: 0.0013
Epoch: 251, Loss: 0.0013
Epoch: 256, Loss: 0.0013
Epoch: 261, Loss: 0.0013
Epoch: 266, Loss: 0.0013
Epoch: 271, Loss: 0.0013
Epoch: 276, Loss: 0.0013
Epoch: 281, Loss: 0.0013
Epoch: 286, Loss: 0.0013
Epoch: 291, Loss: 0.0013
Epoch: 296, Loss: 0.0013
Epoch: 301, Loss: 0.0013
Epoch: 306, Loss: 0.0013
Epoch: 311, Loss: 0.0013
Epoch: 316, Loss: 0.0013
Epoch: 321, Loss: 0.0013
Epoch: 326, Loss: 0.0013
Epoch: 331, Loss: 0.0013
Epoch: 336, Loss: 0.0013
Epoch: 341, Loss: 0.0013
Epoch: 346, Loss: 0.0013
Epoch: 351, Loss: 0.0012
Epoch: 356, Loss: 0.0012
Epoch: 361, Loss: 0.0012
Epoch: 366, Loss: 0.0012
Epoch: 371, Loss: 0.0012
Epoch: 376, Loss: 0.0012
Epoch: 381, Loss: 0.0012
Epoch: 386, Loss: 0.0012
Epoch: 391, Loss: 0.0012
Epoch: 396, Loss: 0.0012
Epoch: 401, Loss: 0.0012
Epoch: 406, Loss: 0.0012
Epoch: 411, Loss: 0.0012
Epoch: 416, Loss: 0.0012
Epoch: 421, Loss: 0.0012
Epoch: 426, Loss: 0.0012
Epoch: 431, Loss: 0.0012
Epoch: 436, Loss: 0.0012
Epoch: 441, Loss: 0.0012
Epoch: 446, Loss: 0.0012
Epoch: 451, Loss: 0.0012
Epoch: 456, Loss: 0.0012
Epoch: 461, Loss: 0.0012
Epoch: 466, Loss: 0.0012
Epoch: 471, Loss: 0.0012
Epoch: 476, Loss: 0.0012
Epoch: 481, Loss: 0.0011
Epoch: 486, Loss: 0.0011
Epoch: 491, Loss: 0.0011
Epoch: 496, Loss: 0.0011
Epoch: 501, Loss: 0.0011
Epoch: 506, Loss: 0.0011
Epoch: 511, Loss: 0.0011
Epoch: 516, Loss: 0.0011
Epoch: 521, Loss: 0.0011
Epoch: 526, Loss: 0.0011
Epoch: 531, Loss: 0.0011
Epoch: 536, Loss: 0.0011
Epoch: 541, Loss: 0.0011
Epoch: 546, Loss: 0.0011
Epoch: 551, Loss: 0.0011
Epoch: 556, Loss: 0.0011
Epoch: 561, Loss: 0.0011
Epoch: 566, Loss: 0.0011
Epoch: 571, Loss: 0.0011
Epoch: 576, Loss: 0.0011
Epoch: 581, Loss: 0.0011
Epoch: 586, Loss: 0.0011
Epoch: 591, Loss: 0.0011
Epoch: 596, Loss: 0.0011
Epoch: 601, Loss: 0.0011
Epoch: 606, Loss: 0.0011
Epoch: 611, Loss: 0.0011
Epoch: 616, Loss: 0.0011
Epoch: 621, Loss: 0.0011
Epoch: 626, Loss: 0.0010
Epoch: 631, Loss: 0.0010
Epoch: 636, Loss: 0.0010
Epoch: 641, Loss: 0.0010
Epoch: 646, Loss: 0.0010
Epoch: 651, Loss: 0.0010
Epoch: 656, Loss: 0.0010
Epoch: 661, Loss: 0.0010
Epoch: 666, Loss: 0.0010
Epoch: 671, Loss: 0.0010
Epoch: 676, Loss: 0.0010
Epoch: 681, Loss: 0.0010
Epoch: 686, Loss: 0.0010
Epoch: 691, Loss: 0.0010
Epoch: 696, Loss: 0.0010
Epoch: 701, Loss: 0.0010
Epoch: 706, Loss: 0.0010
Epoch: 711, Loss: 0.0010
Epoch: 716, Loss: 0.0010
Epoch: 721, Loss: 0.0010
Epoch: 726, Loss: 0.0010
Epoch: 731, Loss: 0.0010
Epoch: 736, Loss: 0.0010
Epoch: 741, Loss: 0.0010
Epoch: 746, Loss: 0.0010
Epoch: 751, Loss: 0.0010
Epoch: 756, Loss: 0.0010
Epoch: 761, Loss: 0.0010
Epoch: 766, Loss: 0.0010
Epoch: 771, Loss: 0.0010
Epoch: 776, Loss: 0.0010
Epoch: 781, Loss: 0.0010
Epoch: 786, Loss: 0.0009
Epoch: 791, Loss: 0.0009
Epoch: 796, Loss: 0.0009
Epoch: 801, Loss: 0.0009
Epoch: 806, Loss: 0.0009
Epoch: 811, Loss: 0.0009
Epoch: 816, Loss: 0.0009
Epoch: 821, Loss: 0.0009
Epoch: 826, Loss: 0.0009
Epoch: 831, Loss: 0.0009
Epoch: 836, Loss: 0.0009
Epoch: 841, Loss: 0.0009
Epoch: 846, Loss: 0.0009
Epoch: 851, Loss: 0.0009
Epoch: 856, Loss: 0.0009
Epoch: 861, Loss: 0.0009
Epoch: 866, Loss: 0.0009
Epoch: 871, Loss: 0.0009
Epoch: 876, Loss: 0.0009
Epoch: 881, Loss: 0.0009
Epoch: 886, Loss: 0.0009
Epoch: 891, Loss: 0.0009
Epoch: 896, Loss: 0.0009
Epoch: 901, Loss: 0.0009
Epoch: 906, Loss: 0.0009
Epoch: 911, Loss: 0.0009
Epoch: 916, Loss: 0.0009
Epoch: 921, Loss: 0.0009
Epoch: 926, Loss: 0.0009
Epoch: 931, Loss: 0.0009
Epoch: 936, Loss: 0.0009
Epoch: 941, Loss: 0.0009
Epoch: 946, Loss: 0.0009
Epoch: 951, Loss: 0.0009
Epoch: 956, Loss: 0.0009
Epoch: 961, Loss: 0.0009
Epoch: 966, Loss: 0.0008
Epoch: 971, Loss: 0.0008
Epoch: 976, Loss: 0.0008
Epoch: 981, Loss: 0.0008
Epoch: 986, Loss: 0.0008
Epoch: 991, Loss: 0.0008
Epoch: 996, Loss: 0.0008
Epoch: 1001, Loss: 0.0008
Elapsed time 0.0571 min
avg Test Accuracy: 0.7363  avg Test AUC: 0.7796  avg Test PRE: 0.6198
