====================================================================================================
data: HeteroData(
  drug={
    node_id=[59],
    x=[59, 12],
  },
  protein={
    node_id=[199],
    x=[199, 20],
  },
  (drug, interaction, protein)={ edge_index=[2, 620] },
  (protein, rev_interaction, drug)={ edge_index=[2, 620] }
)
====================================================================================================
****************************************************************************************************
train data: HeteroData(
  drug={
    node_id=[59],
    x=[59, 12],
  },
  protein={
    node_id=[199],
    x=[199, 20],
  },
  (drug, interaction, protein)={
    edge_index=[2, 348],
    edge_label=[258],
    edge_label_index=[2, 258],
  },
  (protein, rev_interaction, drug)={ edge_index=[2, 348] }
)
****************************************************************************************************
val data: HeteroData(
  drug={
    node_id=[59],
    x=[59, 12],
  },
  protein={
    node_id=[199],
    x=[199, 20],
  },
  (drug, interaction, protein)={
    edge_index=[2, 434],
    edge_label=[186],
    edge_label_index=[2, 186],
  },
  (protein, rev_interaction, drug)={ edge_index=[2, 434] }
)
****************************************************************************************************
test data: HeteroData(
  drug={
    node_id=[59],
    x=[59, 12],
  },
  protein={
    node_id=[199],
    x=[199, 20],
  },
  (drug, interaction, protein)={
    edge_index=[2, 496],
    edge_label=[372],
    edge_label_index=[2, 372],
  },
  (protein, rev_interaction, drug)={ edge_index=[2, 496] }
)
****************************************************************************************************
model: GNN(
  (lin_dict): ModuleDict(
    (drug): Linear(-1, 64, bias=True)
    (protein): Linear(-1, 64, bias=True)
  )
  (convs): ModuleList(
    (0-1): 2 x GCNConv(64, 64)
  )
  (lin): Linear(128, 1, bias=True)
)
Epoch: 51, Loss: 0.5820
Epoch: 101, Loss: 0.5484
Epoch: 151, Loss: 0.5456
Epoch: 201, Loss: 0.5363
Epoch: 251, Loss: 0.5337
Epoch: 301, Loss: 0.5417
Epoch: 351, Loss: 0.5304
Epoch: 401, Loss: 0.5679
Epoch: 451, Loss: 0.5286
Epoch: 501, Loss: 0.5328
Epoch: 551, Loss: 0.5645
Epoch: 601, Loss: 0.5271
Epoch: 651, Loss: 0.5338
Epoch: 701, Loss: 0.5208
Epoch: 751, Loss: 0.5211
Epoch: 801, Loss: 0.5179
Epoch: 851, Loss: 0.5142
Epoch: 901, Loss: 0.5158
Epoch: 951, Loss: 0.5125
Epoch: 1001, Loss: 0.5130
avg Test Accuracy: 0.6263  avg Test AUC: 0.5873  avg Test AUC: 0.4530
