====================================================================================================
data: HeteroData(
  drug={
    node_id=[6823],
    x=[6823, 12],
  },
  protein={
    node_id=[4650],
    x=[4650, 20],
  },
  (drug, interaction, protein)={ edge_index=[2, 23705] },
  (protein, rev_interaction, drug)={ edge_index=[2, 23705] }
)
====================================================================================================
****************************************************************************************************
train data: HeteroData(
  drug={
    node_id=[6823],
    x=[6823, 12],
  },
  protein={
    node_id=[4650],
    x=[4650, 20],
  },
  (drug, interaction, protein)={
    edge_index=[2, 13276],
    edge_label=[9954],
    edge_label_index=[2, 9954],
  },
  (protein, rev_interaction, drug)={ edge_index=[2, 13276] }
)
****************************************************************************************************
val data: HeteroData(
  drug={
    node_id=[6823],
    x=[6823, 12],
  },
  protein={
    node_id=[4650],
    x=[4650, 20],
  },
  (drug, interaction, protein)={
    edge_index=[2, 16594],
    edge_label=[7110],
    edge_label_index=[2, 7110],
  },
  (protein, rev_interaction, drug)={ edge_index=[2, 16594] }
)
****************************************************************************************************
test data: HeteroData(
  drug={
    node_id=[6823],
    x=[6823, 12],
  },
  protein={
    node_id=[4650],
    x=[4650, 20],
  },
  (drug, interaction, protein)={
    edge_index=[2, 18964],
    edge_label=[14223],
    edge_label_index=[2, 14223],
  },
  (protein, rev_interaction, drug)={ edge_index=[2, 18964] }
)
****************************************************************************************************
edge_x: torch.Size([9954, 32])
labels: torch.Size([9954])
edge_x: torch.Size([7110, 32])
labels: torch.Size([7110])
edge_x: torch.Size([14223, 32])
labels: torch.Size([14223])
model: HGT(
  (lin_dict): ModuleDict(
    (drug): Linear(-1, 64, bias=True)
    (protein): Linear(-1, 64, bias=True)
  )
  (convs): ModuleList(
    (0-1): 2 x HGTConv(-1, 64, heads=2)
  )
  (lin): Linear(128, 1, bias=True)
)
Epoch: 6, Loss: 0.6452
Epoch: 11, Loss: 0.6337
Epoch: 16, Loss: 0.6291
Epoch: 21, Loss: 0.6261
Epoch: 26, Loss: 0.6183
Epoch: 31, Loss: 0.5967
Epoch: 36, Loss: 0.5750
Epoch: 41, Loss: 0.5397
Epoch: 46, Loss: 0.5313
Epoch: 51, Loss: 0.5221
Epoch: 56, Loss: 0.5186
Epoch: 61, Loss: 0.5175
Epoch: 66, Loss: 0.5170
Epoch: 71, Loss: 0.5165
Epoch: 76, Loss: 0.5156
Epoch: 81, Loss: 0.5149
Epoch: 86, Loss: 0.5144
Epoch: 91, Loss: 0.5138
Epoch: 96, Loss: 0.5135
Epoch: 101, Loss: 0.5130
Epoch: 106, Loss: 0.5125
Epoch: 111, Loss: 0.5118
Epoch: 116, Loss: 0.5112
Epoch: 121, Loss: 0.5128
Epoch: 126, Loss: 0.5139
Epoch: 131, Loss: 0.5093
Epoch: 136, Loss: 0.5090
Epoch: 141, Loss: 0.5080
Epoch: 146, Loss: 0.5054
Epoch: 151, Loss: 0.5218
Epoch: 156, Loss: 0.5084
Epoch: 161, Loss: 0.5023
Epoch: 166, Loss: 0.5015
Epoch: 171, Loss: 0.4992
Epoch: 176, Loss: 0.4942
Epoch: 181, Loss: 0.4911
Epoch: 186, Loss: 0.4895
Epoch: 191, Loss: 0.4917
Epoch: 196, Loss: 0.4941
Epoch: 201, Loss: 0.4895
Epoch: 206, Loss: 0.4868
Epoch: 211, Loss: 0.4866
Epoch: 216, Loss: 0.4857
Epoch: 221, Loss: 0.4858
Epoch: 226, Loss: 0.4841
Epoch: 231, Loss: 0.4835
Epoch: 236, Loss: 0.4836
Epoch: 241, Loss: 0.4830
Epoch: 246, Loss: 0.4821
Epoch: 251, Loss: 0.4814
Epoch: 256, Loss: 0.4807
Epoch: 261, Loss: 0.4800
Epoch: 266, Loss: 0.4798
Epoch: 271, Loss: 0.4801
Epoch: 276, Loss: 0.4852
Epoch: 281, Loss: 0.4811
Epoch: 286, Loss: 0.4791
Epoch: 291, Loss: 0.4780
Epoch: 296, Loss: 0.4775
Epoch: 301, Loss: 0.4769
Epoch: 306, Loss: 0.4776
Epoch: 311, Loss: 0.4774
Epoch: 316, Loss: 0.4772
Epoch: 321, Loss: 0.4780
Epoch: 326, Loss: 0.4770
Epoch: 331, Loss: 0.4772
Epoch: 336, Loss: 0.4795
Epoch: 341, Loss: 0.4790
Epoch: 346, Loss: 0.4764
Epoch: 351, Loss: 0.4776
Epoch: 356, Loss: 0.4754
Epoch: 361, Loss: 0.4759
Epoch: 366, Loss: 0.4760
Epoch: 371, Loss: 0.4747
Epoch: 376, Loss: 0.4737
Epoch: 381, Loss: 0.4738
Epoch: 386, Loss: 0.4884
Epoch: 391, Loss: 0.4745
Epoch: 396, Loss: 0.4745
Epoch: 401, Loss: 0.4739
Epoch: 406, Loss: 0.4734
Epoch: 411, Loss: 0.4739
Epoch: 416, Loss: 0.4740
Epoch: 421, Loss: 0.4769
Epoch: 426, Loss: 0.4759
Epoch: 431, Loss: 0.4746
Epoch: 436, Loss: 0.4814
Epoch: 441, Loss: 0.4808
Epoch: 446, Loss: 0.4807
Epoch: 451, Loss: 0.4761
Epoch: 456, Loss: 0.4787
Epoch: 461, Loss: 0.4793
Epoch: 466, Loss: 0.4885
Epoch: 471, Loss: 0.4843
Epoch: 476, Loss: 0.4835
Epoch: 481, Loss: 0.4809
Epoch: 486, Loss: 0.4773
Epoch: 491, Loss: 0.4763
Epoch: 496, Loss: 0.4757
Epoch: 501, Loss: 0.4742
Epoch: 506, Loss: 0.4738
Epoch: 511, Loss: 0.4730
Epoch: 516, Loss: 0.4725
Epoch: 521, Loss: 0.4723
Epoch: 526, Loss: 0.4718
Epoch: 531, Loss: 0.4715
Epoch: 536, Loss: 0.4711
Epoch: 541, Loss: 0.4717
Epoch: 546, Loss: 0.4704
Epoch: 551, Loss: 0.4705
Epoch: 556, Loss: 0.4698
Epoch: 561, Loss: 0.4744
Epoch: 566, Loss: 0.4810
Epoch: 571, Loss: 0.4790
Epoch: 576, Loss: 0.4766
Epoch: 581, Loss: 0.4747
Epoch: 586, Loss: 0.4727
Epoch: 591, Loss: 0.4714
Epoch: 596, Loss: 0.4714
Epoch: 601, Loss: 0.4708
Epoch: 606, Loss: 0.4699
Epoch: 611, Loss: 0.4686
Epoch: 616, Loss: 0.4680
Epoch: 621, Loss: 0.4676
Epoch: 626, Loss: 0.4682
Epoch: 631, Loss: 0.4715
Epoch: 636, Loss: 0.4683
Epoch: 641, Loss: 0.4668
Epoch: 646, Loss: 0.4657
Epoch: 651, Loss: 0.4651
Epoch: 656, Loss: 0.4644
Epoch: 661, Loss: 0.4640
Epoch: 666, Loss: 0.4637
Epoch: 671, Loss: 0.4642
Epoch: 676, Loss: 0.4717
Epoch: 681, Loss: 0.4656
Epoch: 686, Loss: 0.4654
Epoch: 691, Loss: 0.4667
Epoch: 696, Loss: 0.4644
Epoch: 701, Loss: 0.4649
Epoch: 706, Loss: 0.4636
Epoch: 711, Loss: 0.4626
Epoch: 716, Loss: 0.4615
Epoch: 721, Loss: 0.4663
Epoch: 726, Loss: 0.4611
Epoch: 731, Loss: 0.4600
Epoch: 736, Loss: 0.4609
Epoch: 741, Loss: 0.4624
Epoch: 746, Loss: 0.4596
Epoch: 751, Loss: 0.4587
Epoch: 756, Loss: 0.4577
Epoch: 761, Loss: 0.4672
Epoch: 766, Loss: 0.4604
Epoch: 771, Loss: 0.4598
Epoch: 776, Loss: 0.4584
Epoch: 781, Loss: 0.4590
Epoch: 786, Loss: 0.4565
Epoch: 791, Loss: 0.4568
Epoch: 796, Loss: 0.4574
Epoch: 801, Loss: 0.4624
Epoch: 806, Loss: 0.4661
Epoch: 811, Loss: 0.4610
Epoch: 816, Loss: 0.4596
Epoch: 821, Loss: 0.4673
Epoch: 826, Loss: 0.4665
Epoch: 831, Loss: 0.4716
Epoch: 836, Loss: 0.4652
Epoch: 841, Loss: 0.4633
Epoch: 846, Loss: 0.4635
Epoch: 851, Loss: 0.4614
Epoch: 856, Loss: 0.4590
Epoch: 861, Loss: 0.4590
Epoch: 866, Loss: 0.4581
Epoch: 871, Loss: 0.4576
Epoch: 876, Loss: 0.4604
Epoch: 881, Loss: 0.4595
Epoch: 886, Loss: 0.4645
Epoch: 891, Loss: 0.4650
Epoch: 896, Loss: 0.4626
Epoch: 901, Loss: 0.4600
Epoch: 906, Loss: 0.4576
Epoch: 911, Loss: 0.4574
Epoch: 916, Loss: 0.4586
Epoch: 921, Loss: 0.4565
Epoch: 926, Loss: 0.4552
Epoch: 931, Loss: 0.4553
Epoch: 936, Loss: 0.4549
Epoch: 941, Loss: 0.4555
Epoch: 946, Loss: 0.4541
Epoch: 951, Loss: 0.4547
Epoch: 956, Loss: 0.4572
Epoch: 961, Loss: 0.4557
Epoch: 966, Loss: 0.4553
Epoch: 971, Loss: 0.4575
Epoch: 976, Loss: 0.4660
Epoch: 981, Loss: 0.4586
Epoch: 986, Loss: 0.4573
Epoch: 991, Loss: 0.4559
Epoch: 996, Loss: 0.4600
Epoch: 1001, Loss: 0.4559
Elapsed time 0.1361 min
test data and predicted data:

Epoch: 6, Loss: 0.4588
Epoch: 11, Loss: 0.4556
Epoch: 16, Loss: 0.4559
Epoch: 21, Loss: 0.4661
Epoch: 26, Loss: 0.4867
Epoch: 31, Loss: 0.4727
Epoch: 36, Loss: 0.4685
Epoch: 41, Loss: 0.4655
Epoch: 46, Loss: 0.4641
Epoch: 51, Loss: 0.4633
Epoch: 56, Loss: 0.4618
Epoch: 61, Loss: 0.4608
Epoch: 66, Loss: 0.4609
Epoch: 71, Loss: 0.4621
Epoch: 76, Loss: 0.4615
Epoch: 81, Loss: 0.4599
Epoch: 86, Loss: 0.4596
Epoch: 91, Loss: 0.4580
Epoch: 96, Loss: 0.4582
Epoch: 101, Loss: 0.4573
Epoch: 106, Loss: 0.4560
Epoch: 111, Loss: 0.4558
Epoch: 116, Loss: 0.4565
Epoch: 121, Loss: 0.4531
Epoch: 126, Loss: 0.4528
Epoch: 131, Loss: 0.4529
Epoch: 136, Loss: 0.4520
Epoch: 141, Loss: 0.4561
Epoch: 146, Loss: 0.4526
Epoch: 151, Loss: 0.4512
Epoch: 156, Loss: 0.4510
Epoch: 161, Loss: 0.4508
Epoch: 166, Loss: 0.4515
Epoch: 171, Loss: 0.4625
Epoch: 176, Loss: 0.4553
Epoch: 181, Loss: 0.4540
Epoch: 186, Loss: 0.4529
Epoch: 191, Loss: 0.4536
Epoch: 196, Loss: 0.4534
Epoch: 201, Loss: 0.4513
Epoch: 206, Loss: 0.4508
Epoch: 211, Loss: 0.4501
Epoch: 216, Loss: 0.4499
Epoch: 221, Loss: 0.4492
Epoch: 226, Loss: 0.4492
Epoch: 231, Loss: 0.4558
Epoch: 236, Loss: 0.4601
Epoch: 241, Loss: 0.4578
Epoch: 246, Loss: 0.4569
Epoch: 251, Loss: 0.4569
Epoch: 256, Loss: 0.4630
Epoch: 261, Loss: 0.4534
Epoch: 266, Loss: 0.4589
Epoch: 271, Loss: 0.4515
Epoch: 276, Loss: 0.4562
Epoch: 281, Loss: 0.4563
Epoch: 286, Loss: 0.4542
Epoch: 291, Loss: 0.4514
Epoch: 296, Loss: 0.4552
Epoch: 301, Loss: 0.4493
Epoch: 306, Loss: 0.4509
Epoch: 311, Loss: 0.4501
Epoch: 316, Loss: 0.4532
Epoch: 321, Loss: 0.4529
Epoch: 326, Loss: 0.4665
Epoch: 331, Loss: 0.4562
Epoch: 336, Loss: 0.4573
Epoch: 341, Loss: 0.4582
Epoch: 346, Loss: 0.4516
Epoch: 351, Loss: 0.4555
Epoch: 356, Loss: 0.4518
Epoch: 361, Loss: 0.4515
Epoch: 366, Loss: 0.4492
Epoch: 371, Loss: 0.4519
Epoch: 376, Loss: 0.4488
Epoch: 381, Loss: 0.4503
Epoch: 386, Loss: 0.4507
Epoch: 391, Loss: 0.4542
Epoch: 396, Loss: 0.4545
Epoch: 401, Loss: 0.4488
Epoch: 406, Loss: 0.4499
Epoch: 411, Loss: 0.4481
Epoch: 416, Loss: 0.4764
Epoch: 421, Loss: 0.4667
Epoch: 426, Loss: 0.4691
Epoch: 431, Loss: 0.4604
Epoch: 436, Loss: 0.4591
Epoch: 441, Loss: 0.4590
Epoch: 446, Loss: 0.4548
Epoch: 451, Loss: 0.4530
Epoch: 456, Loss: 0.4545
Epoch: 461, Loss: 0.4553
Epoch: 466, Loss: 0.4529
Epoch: 471, Loss: 0.4515
Epoch: 476, Loss: 0.4500
Epoch: 481, Loss: 0.4499
Epoch: 486, Loss: 0.4497
Epoch: 491, Loss: 0.4506
Epoch: 496, Loss: 0.4482
Epoch: 501, Loss: 0.4479
Epoch: 506, Loss: 0.4467
Epoch: 511, Loss: 0.4454
Epoch: 516, Loss: 0.4450
Epoch: 521, Loss: 0.4443
Epoch: 526, Loss: 0.4433
Epoch: 531, Loss: 0.4429
Epoch: 536, Loss: 0.4430
Epoch: 541, Loss: 0.4452
Epoch: 546, Loss: 0.4427
Epoch: 551, Loss: 0.4449
Epoch: 556, Loss: 0.4418
Epoch: 561, Loss: 0.4465
Epoch: 566, Loss: 0.4434
Epoch: 571, Loss: 0.4439
Epoch: 576, Loss: 0.4419
Epoch: 581, Loss: 0.4416
Epoch: 586, Loss: 0.4534
Epoch: 591, Loss: 0.4432
Epoch: 596, Loss: 0.4446
Epoch: 601, Loss: 0.4509
Epoch: 606, Loss: 0.4454
Epoch: 611, Loss: 0.4493
Epoch: 616, Loss: 0.4451
Epoch: 621, Loss: 0.4516
Epoch: 626, Loss: 0.4483
Epoch: 631, Loss: 0.4468
Epoch: 636, Loss: 0.4489
Epoch: 641, Loss: 0.4459
Epoch: 646, Loss: 0.4444
Epoch: 651, Loss: 0.4443
Epoch: 656, Loss: 0.4439
Epoch: 661, Loss: 0.4438
Epoch: 666, Loss: 0.4446
Epoch: 671, Loss: 0.4472
Epoch: 676, Loss: 0.4665
Epoch: 681, Loss: 0.4639
Epoch: 686, Loss: 0.4573
Epoch: 691, Loss: 0.4545
Epoch: 696, Loss: 0.4535
Epoch: 701, Loss: 0.4519
Epoch: 706, Loss: 0.4492
Epoch: 711, Loss: 0.4479
Epoch: 716, Loss: 0.4458
Epoch: 721, Loss: 0.4453
Epoch: 726, Loss: 0.4424
Epoch: 731, Loss: 0.4420
Epoch: 736, Loss: 0.4413
Epoch: 741, Loss: 0.4407
Epoch: 746, Loss: 0.4410
Epoch: 751, Loss: 0.4441
Epoch: 756, Loss: 0.4409
Epoch: 761, Loss: 0.4429
Epoch: 766, Loss: 0.4404
Epoch: 771, Loss: 0.4399
Epoch: 776, Loss: 0.4397
Epoch: 781, Loss: 0.4389
Epoch: 786, Loss: 0.4385
Epoch: 791, Loss: 0.4389
Epoch: 796, Loss: 0.4377
Epoch: 801, Loss: 0.4400
Epoch: 806, Loss: 0.4404
Epoch: 811, Loss: 0.4423
Epoch: 816, Loss: 0.4419
Epoch: 821, Loss: 0.4466
Epoch: 826, Loss: 0.4413
Epoch: 831, Loss: 0.4426
Epoch: 836, Loss: 0.4393
Epoch: 841, Loss: 0.4392
Epoch: 846, Loss: 0.4390
Epoch: 851, Loss: 0.4402
Epoch: 856, Loss: 0.4390
Epoch: 861, Loss: 0.4389
Epoch: 866, Loss: 0.4376
Epoch: 871, Loss: 0.4369
Epoch: 876, Loss: 0.4367
Epoch: 881, Loss: 0.4370
Epoch: 886, Loss: 0.4375
Epoch: 891, Loss: 0.4401
Epoch: 896, Loss: 0.4393
Epoch: 901, Loss: 0.4385
Epoch: 906, Loss: 0.4375
Epoch: 911, Loss: 0.4378
Epoch: 916, Loss: 0.4394
Epoch: 921, Loss: 0.4377
Epoch: 926, Loss: 0.4365
Epoch: 931, Loss: 0.4367
Epoch: 936, Loss: 0.4401
Epoch: 941, Loss: 0.4377
Epoch: 946, Loss: 0.4380
Epoch: 951, Loss: 0.4358
Epoch: 956, Loss: 0.4352
Epoch: 961, Loss: 0.4347
Epoch: 966, Loss: 0.4345
Epoch: 971, Loss: 0.4354
Epoch: 976, Loss: 0.4517
Epoch: 981, Loss: 0.4403
Epoch: 986, Loss: 0.4347
Epoch: 991, Loss: 0.4355
Epoch: 996, Loss: 0.4333
Epoch: 1001, Loss: 0.4327
Elapsed time 0.1352 min
test data and predicted data:

Epoch: 6, Loss: 0.4326
Epoch: 11, Loss: 0.4325
Epoch: 16, Loss: 0.4335
Epoch: 21, Loss: 0.4330
Epoch: 26, Loss: 0.4321
Epoch: 31, Loss: 0.4309
Epoch: 36, Loss: 0.4300
Epoch: 41, Loss: 0.4302
Epoch: 46, Loss: 0.4304
Epoch: 51, Loss: 0.4318
Epoch: 56, Loss: 0.4368
Epoch: 61, Loss: 0.4541
Epoch: 66, Loss: 0.4583
Epoch: 71, Loss: 0.4522
Epoch: 76, Loss: 0.4508
Epoch: 81, Loss: 0.4473
Epoch: 86, Loss: 0.4445
Epoch: 91, Loss: 0.4430
Epoch: 96, Loss: 0.4415
Epoch: 101, Loss: 0.4498
Epoch: 106, Loss: 0.4539
Epoch: 111, Loss: 0.4524
Epoch: 116, Loss: 0.4509
Epoch: 121, Loss: 0.4472
Epoch: 126, Loss: 0.4484
Epoch: 131, Loss: 0.4512
Epoch: 136, Loss: 0.4491
Epoch: 141, Loss: 0.4492
Epoch: 146, Loss: 0.4440
Epoch: 151, Loss: 0.4462
Epoch: 156, Loss: 0.4446
Epoch: 161, Loss: 0.4509
Epoch: 166, Loss: 0.4530
Epoch: 171, Loss: 0.4537
Epoch: 176, Loss: 0.4507
Epoch: 181, Loss: 0.4502
Epoch: 186, Loss: 0.4486
Epoch: 191, Loss: 0.4462
Epoch: 196, Loss: 0.4454
Epoch: 201, Loss: 0.4440
Epoch: 206, Loss: 0.4452
Epoch: 211, Loss: 0.4425
Epoch: 216, Loss: 0.4411
Epoch: 221, Loss: 0.4477
Epoch: 226, Loss: 0.4446
Epoch: 231, Loss: 0.4472
Epoch: 236, Loss: 0.4424
Epoch: 241, Loss: 0.4400
Epoch: 246, Loss: 0.4389
Epoch: 251, Loss: 0.4382
Epoch: 256, Loss: 0.4439
Epoch: 261, Loss: 0.4429
Epoch: 266, Loss: 0.4410
Epoch: 271, Loss: 0.4421
Epoch: 276, Loss: 0.4410
Epoch: 281, Loss: 0.4403
Epoch: 286, Loss: 0.4501
Epoch: 291, Loss: 0.4536
Epoch: 296, Loss: 0.4622
Epoch: 301, Loss: 0.4596
Epoch: 306, Loss: 0.4668
Epoch: 311, Loss: 0.4496
Epoch: 316, Loss: 0.4485
Epoch: 321, Loss: 0.4509
Epoch: 326, Loss: 0.4492
Epoch: 331, Loss: 0.4450
Epoch: 336, Loss: 0.4443
Epoch: 341, Loss: 0.4437
Epoch: 346, Loss: 0.4417
Epoch: 351, Loss: 0.4403
Epoch: 356, Loss: 0.4388
Epoch: 361, Loss: 0.4383
Epoch: 366, Loss: 0.4376
Epoch: 371, Loss: 0.4374
Epoch: 376, Loss: 0.4367
Epoch: 381, Loss: 0.4360
Epoch: 386, Loss: 0.4362
Epoch: 391, Loss: 0.4356
Epoch: 396, Loss: 0.4352
Epoch: 401, Loss: 0.4352
Epoch: 406, Loss: 0.4349
Epoch: 411, Loss: 0.4359
Epoch: 416, Loss: 0.4366
Epoch: 421, Loss: 0.4626
Epoch: 426, Loss: 0.4577
Epoch: 431, Loss: 0.4492
Epoch: 436, Loss: 0.4491
Epoch: 441, Loss: 0.4430
Epoch: 446, Loss: 0.4415
Epoch: 451, Loss: 0.4399
Epoch: 456, Loss: 0.4463
Epoch: 461, Loss: 0.4554
Epoch: 466, Loss: 0.4562
Epoch: 471, Loss: 0.4513
Epoch: 476, Loss: 0.4503
Epoch: 481, Loss: 0.4486
Epoch: 486, Loss: 0.4475
Epoch: 491, Loss: 0.4454
Epoch: 496, Loss: 0.4436
Epoch: 501, Loss: 0.4422
Epoch: 506, Loss: 0.4432
Epoch: 511, Loss: 0.4426
Epoch: 516, Loss: 0.4409
Epoch: 521, Loss: 0.4409
Epoch: 526, Loss: 0.4401
Epoch: 531, Loss: 0.4387
Epoch: 536, Loss: 0.4378
Epoch: 541, Loss: 0.4373
Epoch: 546, Loss: 0.4366
Epoch: 551, Loss: 0.4361
Epoch: 556, Loss: 0.4353
Epoch: 561, Loss: 0.4354
Epoch: 566, Loss: 0.4839
Epoch: 571, Loss: 0.5353
Epoch: 576, Loss: 0.5062
Epoch: 581, Loss: 0.4817
Epoch: 586, Loss: 0.4833
Epoch: 591, Loss: 0.4731
Epoch: 596, Loss: 0.4710
Epoch: 601, Loss: 0.4681
Epoch: 606, Loss: 0.4648
Epoch: 611, Loss: 0.4631
Epoch: 616, Loss: 0.4619
Epoch: 621, Loss: 0.4608
Epoch: 626, Loss: 0.4626
Epoch: 631, Loss: 0.4585
Epoch: 636, Loss: 0.4567
Epoch: 641, Loss: 0.4555
Epoch: 646, Loss: 0.4628
Epoch: 651, Loss: 0.4542
Epoch: 656, Loss: 0.4547
Epoch: 661, Loss: 0.4541
Epoch: 666, Loss: 0.4526
Epoch: 671, Loss: 0.4519
Epoch: 676, Loss: 0.4516
Epoch: 681, Loss: 0.4510
Epoch: 686, Loss: 0.4502
Epoch: 691, Loss: 0.4541
Epoch: 696, Loss: 0.4710
Epoch: 701, Loss: 0.4546
Epoch: 706, Loss: 0.4561
Epoch: 711, Loss: 0.4542
Epoch: 716, Loss: 0.4521
Epoch: 721, Loss: 0.4520
Epoch: 726, Loss: 0.4519
Epoch: 731, Loss: 0.4511
Epoch: 736, Loss: 0.4508
Epoch: 741, Loss: 0.4493
Epoch: 746, Loss: 0.4496
Epoch: 751, Loss: 0.4490
Epoch: 756, Loss: 0.4490
Epoch: 761, Loss: 0.4489
Epoch: 766, Loss: 0.4482
Epoch: 771, Loss: 0.4484
Epoch: 776, Loss: 0.4481
Epoch: 781, Loss: 0.4484
Epoch: 786, Loss: 0.4476
Epoch: 791, Loss: 0.4519
Epoch: 796, Loss: 0.4508
Epoch: 801, Loss: 0.4518
Epoch: 806, Loss: 0.4536
Epoch: 811, Loss: 0.4504
Epoch: 816, Loss: 0.4495
Epoch: 821, Loss: 0.4492
Epoch: 826, Loss: 0.4491
Epoch: 831, Loss: 0.4503
Epoch: 836, Loss: 0.4516
Epoch: 841, Loss: 0.4496
Epoch: 846, Loss: 0.4487
Epoch: 851, Loss: 0.4470
Epoch: 856, Loss: 0.4487
Epoch: 861, Loss: 0.4480
Epoch: 866, Loss: 0.4490
Epoch: 871, Loss: 0.4488
Epoch: 876, Loss: 0.4480
Epoch: 881, Loss: 0.4478
Epoch: 886, Loss: 0.4480
Epoch: 891, Loss: 0.4530
Epoch: 896, Loss: 0.4502
Epoch: 901, Loss: 0.4539
Epoch: 906, Loss: 0.4503
Epoch: 911, Loss: 0.4494
Epoch: 916, Loss: 0.4505
Epoch: 921, Loss: 0.4508
Epoch: 926, Loss: 0.4486
Epoch: 931, Loss: 0.4553
Epoch: 936, Loss: 0.4530
Epoch: 941, Loss: 0.4504
Epoch: 946, Loss: 0.4511
Epoch: 951, Loss: 0.4549
Epoch: 956, Loss: 0.4546
Epoch: 961, Loss: 0.4514
Epoch: 966, Loss: 0.4483
Epoch: 971, Loss: 0.4515
Epoch: 976, Loss: 0.4590
Epoch: 981, Loss: 0.4637
Epoch: 986, Loss: 0.4563
Epoch: 991, Loss: 0.4540
Epoch: 996, Loss: 0.4557
Epoch: 1001, Loss: 0.4515
Elapsed time 0.1368 min
test data and predicted data:

Epoch: 6, Loss: 0.4492
Epoch: 11, Loss: 0.4490
Epoch: 16, Loss: 0.4471
Epoch: 21, Loss: 0.4457
Epoch: 26, Loss: 0.4456
Epoch: 31, Loss: 0.4445
Epoch: 36, Loss: 0.4453
Epoch: 41, Loss: 0.4437
Epoch: 46, Loss: 0.4475
Epoch: 51, Loss: 0.4490
Epoch: 56, Loss: 0.4445
Epoch: 61, Loss: 0.4459
Epoch: 66, Loss: 0.4451
Epoch: 71, Loss: 0.4429
Epoch: 76, Loss: 0.4438
Epoch: 81, Loss: 0.4432
Epoch: 86, Loss: 0.4420
Epoch: 91, Loss: 0.4442
Epoch: 96, Loss: 0.4432
Epoch: 101, Loss: 0.4501
Epoch: 106, Loss: 0.4483
Epoch: 111, Loss: 0.4453
Epoch: 116, Loss: 0.4435
Epoch: 121, Loss: 0.4420
Epoch: 126, Loss: 0.4430
Epoch: 131, Loss: 0.4422
Epoch: 136, Loss: 0.4411
Epoch: 141, Loss: 0.4406
Epoch: 146, Loss: 0.4397
Epoch: 151, Loss: 0.4388
Epoch: 156, Loss: 0.4416
Epoch: 161, Loss: 0.4447
Epoch: 166, Loss: 0.4418
Epoch: 171, Loss: 0.4396
Epoch: 176, Loss: 0.4385
Epoch: 181, Loss: 0.4382
Epoch: 186, Loss: 0.4382
Epoch: 191, Loss: 0.4375
Epoch: 196, Loss: 0.4389
Epoch: 201, Loss: 0.4428
Epoch: 206, Loss: 0.4411
Epoch: 211, Loss: 0.4383
Epoch: 216, Loss: 0.4388
Epoch: 221, Loss: 0.4392
Epoch: 226, Loss: 0.4371
Epoch: 231, Loss: 0.4362
Epoch: 236, Loss: 0.4359
Epoch: 241, Loss: 0.4370
Epoch: 246, Loss: 0.4366
Epoch: 251, Loss: 0.4410
Epoch: 256, Loss: 0.4369
Epoch: 261, Loss: 0.4375
Epoch: 266, Loss: 0.4426
Epoch: 271, Loss: 0.4467
Epoch: 276, Loss: 0.4484
Epoch: 281, Loss: 0.4415
Epoch: 286, Loss: 0.4437
Epoch: 291, Loss: 0.4402
Epoch: 296, Loss: 0.4395
Epoch: 301, Loss: 0.4407
Epoch: 306, Loss: 0.4458
Epoch: 311, Loss: 0.4440
Epoch: 316, Loss: 0.4401
Epoch: 321, Loss: 0.4403
Epoch: 326, Loss: 0.4452
Epoch: 331, Loss: 0.4390
Epoch: 336, Loss: 0.4372
Epoch: 341, Loss: 0.4393
Epoch: 346, Loss: 0.4413
Epoch: 351, Loss: 0.4436
Epoch: 356, Loss: 0.4379
Epoch: 361, Loss: 0.4387
Epoch: 366, Loss: 0.4410
Epoch: 371, Loss: 0.4386
Epoch: 376, Loss: 0.4384
Epoch: 381, Loss: 0.4412
Epoch: 386, Loss: 0.4407
Epoch: 391, Loss: 0.4433
Epoch: 396, Loss: 0.4413
Epoch: 401, Loss: 0.4384
Epoch: 406, Loss: 0.4424
Epoch: 411, Loss: 0.4402
Epoch: 416, Loss: 0.4460
Epoch: 421, Loss: 0.4485
Epoch: 426, Loss: 0.4434
Epoch: 431, Loss: 0.4400
Epoch: 436, Loss: 0.4399
Epoch: 441, Loss: 0.4395
Epoch: 446, Loss: 0.4391
Epoch: 451, Loss: 0.4487
Epoch: 456, Loss: 0.4420
Epoch: 461, Loss: 0.4419
Epoch: 466, Loss: 0.4424
Epoch: 471, Loss: 0.4397
Epoch: 476, Loss: 0.4386
Epoch: 481, Loss: 0.4367
Epoch: 486, Loss: 0.4368
Epoch: 491, Loss: 0.4396
Epoch: 496, Loss: 0.4389
Epoch: 501, Loss: 0.4380
Epoch: 506, Loss: 0.4367
Epoch: 511, Loss: 0.4360
Epoch: 516, Loss: 0.4365
Epoch: 521, Loss: 0.4402
Epoch: 526, Loss: 0.4366
Epoch: 531, Loss: 0.4360
Epoch: 536, Loss: 0.4387
Epoch: 541, Loss: 0.4393
Epoch: 546, Loss: 0.4390
Epoch: 551, Loss: 0.4488
Epoch: 556, Loss: 0.4456
Epoch: 561, Loss: 0.4467
Epoch: 566, Loss: 0.4469
Epoch: 571, Loss: 0.4437
Epoch: 576, Loss: 0.4415
Epoch: 581, Loss: 0.4414
Epoch: 586, Loss: 0.4448
Epoch: 591, Loss: 0.4418
Epoch: 596, Loss: 0.4391
Epoch: 601, Loss: 0.4381
Epoch: 606, Loss: 0.4369
Epoch: 611, Loss: 0.4365
Epoch: 616, Loss: 0.4361
Epoch: 621, Loss: 0.4383
Epoch: 626, Loss: 0.4418
Epoch: 631, Loss: 0.4396
Epoch: 636, Loss: 0.4386
Epoch: 641, Loss: 0.4378
Epoch: 646, Loss: 0.4381
Epoch: 651, Loss: 0.4384
Epoch: 656, Loss: 0.4372
Epoch: 661, Loss: 0.4357
Epoch: 666, Loss: 0.4402
Epoch: 671, Loss: 0.4357
Epoch: 676, Loss: 0.4372
Epoch: 681, Loss: 0.4389
Epoch: 686, Loss: 0.4354
Epoch: 691, Loss: 0.4365
Epoch: 696, Loss: 0.4343
Epoch: 701, Loss: 0.4320
Epoch: 706, Loss: 0.4323
Epoch: 711, Loss: 0.4335
Epoch: 716, Loss: 0.4332
Epoch: 721, Loss: 0.4397
Epoch: 726, Loss: 0.4356
Epoch: 731, Loss: 0.4362
Epoch: 736, Loss: 0.4381
Epoch: 741, Loss: 0.4459
Epoch: 746, Loss: 0.4408
Epoch: 751, Loss: 0.4412
Epoch: 756, Loss: 0.4394
Epoch: 761, Loss: 0.4375
Epoch: 766, Loss: 0.4372
Epoch: 771, Loss: 0.4365
Epoch: 776, Loss: 0.4368
Epoch: 781, Loss: 0.4354
Epoch: 786, Loss: 0.4362
Epoch: 791, Loss: 0.4338
Epoch: 796, Loss: 0.4352
Epoch: 801, Loss: 0.4346
Epoch: 806, Loss: 0.4325
Epoch: 811, Loss: 0.4330
Epoch: 816, Loss: 0.4332
Epoch: 821, Loss: 0.4330
Epoch: 826, Loss: 0.4335
Epoch: 831, Loss: 0.4344
Epoch: 836, Loss: 0.4318
Epoch: 841, Loss: 0.4308
Epoch: 846, Loss: 0.4307
Epoch: 851, Loss: 0.4319
Epoch: 856, Loss: 0.4317
Epoch: 861, Loss: 0.4303
Epoch: 866, Loss: 0.4300
Epoch: 871, Loss: 0.4294
Epoch: 876, Loss: 0.4283
Epoch: 881, Loss: 0.4296
Epoch: 886, Loss: 0.4308
Epoch: 891, Loss: 0.4333
Epoch: 896, Loss: 0.4309
Epoch: 901, Loss: 0.4305
Epoch: 906, Loss: 0.4312
Epoch: 911, Loss: 0.4334
Epoch: 916, Loss: 0.4329
Epoch: 921, Loss: 0.4306
Epoch: 926, Loss: 0.4298
Epoch: 931, Loss: 0.4282
Epoch: 936, Loss: 0.4286
Epoch: 941, Loss: 0.4281
Epoch: 946, Loss: 0.4272
Epoch: 951, Loss: 0.4292
Epoch: 956, Loss: 0.4302
Epoch: 961, Loss: 0.4289
Epoch: 966, Loss: 0.4286
Epoch: 971, Loss: 0.4278
Epoch: 976, Loss: 0.4273
Epoch: 981, Loss: 0.4297
Epoch: 986, Loss: 0.4312
Epoch: 991, Loss: 0.4290
Epoch: 996, Loss: 0.4267
Epoch: 1001, Loss: 0.4268
Elapsed time 0.1281 min
test data and predicted data:

Epoch: 6, Loss: 0.4257
Epoch: 11, Loss: 0.4252
Epoch: 16, Loss: 0.4252
Epoch: 21, Loss: 0.4262
Epoch: 26, Loss: 0.4244
Epoch: 31, Loss: 0.4244
Epoch: 36, Loss: 0.4236
Epoch: 41, Loss: 0.4230
Epoch: 46, Loss: 0.4223
Epoch: 51, Loss: 0.4217
Epoch: 56, Loss: 0.4216
Epoch: 61, Loss: 0.4222
Epoch: 66, Loss: 0.4214
Epoch: 71, Loss: 0.4222
Epoch: 76, Loss: 0.4206
Epoch: 81, Loss: 0.4207
Epoch: 86, Loss: 0.4199
Epoch: 91, Loss: 0.4196
Epoch: 96, Loss: 0.4194
Epoch: 101, Loss: 0.4193
Epoch: 106, Loss: 0.4216
Epoch: 111, Loss: 0.4484
Epoch: 116, Loss: 0.4349
Epoch: 121, Loss: 0.4354
Epoch: 126, Loss: 0.4319
Epoch: 131, Loss: 0.4270
Epoch: 136, Loss: 0.4257
Epoch: 141, Loss: 0.4240
Epoch: 146, Loss: 0.4228
Epoch: 151, Loss: 0.4215
Epoch: 156, Loss: 0.4218
Epoch: 161, Loss: 0.4208
Epoch: 166, Loss: 0.4202
Epoch: 171, Loss: 0.4194
Epoch: 176, Loss: 0.4198
Epoch: 181, Loss: 0.4197
Epoch: 186, Loss: 0.4196
Epoch: 191, Loss: 0.4220
Epoch: 196, Loss: 0.4214
Epoch: 201, Loss: 0.4221
Epoch: 206, Loss: 0.4208
Epoch: 211, Loss: 0.4272
Epoch: 216, Loss: 0.4344
Epoch: 221, Loss: 0.4449
Epoch: 226, Loss: 0.4396
Epoch: 231, Loss: 0.4305
Epoch: 236, Loss: 0.4269
Epoch: 241, Loss: 0.4259
Epoch: 246, Loss: 0.4244
Epoch: 251, Loss: 0.4227
Epoch: 256, Loss: 0.4215
Epoch: 261, Loss: 0.4205
Epoch: 266, Loss: 0.4203
Epoch: 271, Loss: 0.4197
Epoch: 276, Loss: 0.4188
Epoch: 281, Loss: 0.4193
Epoch: 286, Loss: 0.4190
Epoch: 291, Loss: 0.4191
Epoch: 296, Loss: 0.4204
Epoch: 301, Loss: 0.4197
Epoch: 306, Loss: 0.4195
Epoch: 311, Loss: 0.4533
Epoch: 316, Loss: 0.4363
Epoch: 321, Loss: 0.4353
Epoch: 326, Loss: 0.4309
Epoch: 331, Loss: 0.4299
Epoch: 336, Loss: 0.4291
Epoch: 341, Loss: 0.4259
Epoch: 346, Loss: 0.4238
Epoch: 351, Loss: 0.4234
Epoch: 356, Loss: 0.4227
Epoch: 361, Loss: 0.4218
Epoch: 366, Loss: 0.4212
Epoch: 371, Loss: 0.4205
Epoch: 376, Loss: 0.4198
Epoch: 381, Loss: 0.4192
Epoch: 386, Loss: 0.4186
Epoch: 391, Loss: 0.4191
Epoch: 396, Loss: 0.4189
Epoch: 401, Loss: 0.4190
Epoch: 406, Loss: 0.4197
Epoch: 411, Loss: 0.4202
Epoch: 416, Loss: 0.4189
Epoch: 421, Loss: 0.4181
Epoch: 426, Loss: 0.4189
Epoch: 431, Loss: 0.4187
Epoch: 436, Loss: 0.4183
Epoch: 441, Loss: 0.4170
Epoch: 446, Loss: 0.4168
Epoch: 451, Loss: 0.4157
Epoch: 456, Loss: 0.4168
Epoch: 461, Loss: 0.4165
Epoch: 466, Loss: 0.4234
Epoch: 471, Loss: 0.4168
Epoch: 476, Loss: 0.4205
Epoch: 481, Loss: 0.4251
Epoch: 486, Loss: 0.4209
Epoch: 491, Loss: 0.4198
Epoch: 496, Loss: 0.4201
Epoch: 501, Loss: 0.4163
Epoch: 506, Loss: 0.4232
Epoch: 511, Loss: 0.4232
Epoch: 516, Loss: 0.4212
Epoch: 521, Loss: 0.4206
Epoch: 526, Loss: 0.4192
Epoch: 531, Loss: 0.4183
Epoch: 536, Loss: 0.4317
Epoch: 541, Loss: 0.4409
Epoch: 546, Loss: 0.4412
Epoch: 551, Loss: 0.4322
Epoch: 556, Loss: 0.4403
Epoch: 561, Loss: 0.4337
Epoch: 566, Loss: 0.4281
Epoch: 571, Loss: 0.4286
Epoch: 576, Loss: 0.4261
Epoch: 581, Loss: 0.4249
Epoch: 586, Loss: 0.4230
Epoch: 591, Loss: 0.4223
Epoch: 596, Loss: 0.4211
Epoch: 601, Loss: 0.4219
Epoch: 606, Loss: 0.4216
Epoch: 611, Loss: 0.4214
Epoch: 616, Loss: 0.4207
Epoch: 621, Loss: 0.4206
Epoch: 626, Loss: 0.4256
Epoch: 631, Loss: 0.4773
Epoch: 636, Loss: 0.4651
Epoch: 641, Loss: 0.4561
Epoch: 646, Loss: 0.4505
Epoch: 651, Loss: 0.4495
Epoch: 656, Loss: 0.4454
Epoch: 661, Loss: 0.4421
Epoch: 666, Loss: 0.4395
Epoch: 671, Loss: 0.4379
Epoch: 676, Loss: 0.4363
Epoch: 681, Loss: 0.4588
Epoch: 686, Loss: 0.4450
Epoch: 691, Loss: 0.4397
Epoch: 696, Loss: 0.4365
Epoch: 701, Loss: 0.4340
Epoch: 706, Loss: 0.4321
Epoch: 711, Loss: 0.4314
Epoch: 716, Loss: 0.4304
Epoch: 721, Loss: 0.4299
Epoch: 726, Loss: 0.4292
Epoch: 731, Loss: 0.4276
Epoch: 736, Loss: 0.4266
Epoch: 741, Loss: 0.4261
Epoch: 746, Loss: 0.4262
Epoch: 751, Loss: 0.4264
Epoch: 756, Loss: 0.4355
Epoch: 761, Loss: 0.4410
Epoch: 766, Loss: 0.4285
Epoch: 771, Loss: 0.4286
Epoch: 776, Loss: 0.4299
Epoch: 781, Loss: 0.4259
Epoch: 786, Loss: 0.4227
Epoch: 791, Loss: 0.4241
Epoch: 796, Loss: 0.4234
Epoch: 801, Loss: 0.4241
Epoch: 806, Loss: 0.4234
Epoch: 811, Loss: 0.4260
Epoch: 816, Loss: 0.4247
Epoch: 821, Loss: 0.4255
Epoch: 826, Loss: 0.4216
Epoch: 831, Loss: 0.4200
Epoch: 836, Loss: 0.4190
Epoch: 841, Loss: 0.4195
Epoch: 846, Loss: 0.4188
Epoch: 851, Loss: 0.4177
Epoch: 856, Loss: 0.4176
Epoch: 861, Loss: 0.4166
Epoch: 866, Loss: 0.4164
Epoch: 871, Loss: 0.4157
Epoch: 876, Loss: 0.4198
Epoch: 881, Loss: 0.4262
Epoch: 886, Loss: 0.4237
Epoch: 891, Loss: 0.4215
Epoch: 896, Loss: 0.4275
Epoch: 901, Loss: 0.4237
Epoch: 906, Loss: 0.4198
Epoch: 911, Loss: 0.4203
Epoch: 916, Loss: 0.4254
Epoch: 921, Loss: 0.4233
Epoch: 926, Loss: 0.4200
Epoch: 931, Loss: 0.4211
Epoch: 936, Loss: 0.4241
Epoch: 941, Loss: 0.4212
Epoch: 946, Loss: 0.4175
Epoch: 951, Loss: 0.4168
Epoch: 956, Loss: 0.4157
Epoch: 961, Loss: 0.4151
Epoch: 966, Loss: 0.4138
Epoch: 971, Loss: 0.4160
Epoch: 976, Loss: 0.4149
Epoch: 981, Loss: 0.4134
Epoch: 986, Loss: 0.4130
Epoch: 991, Loss: 0.4125
Epoch: 996, Loss: 0.4132
Epoch: 1001, Loss: 0.4131
Elapsed time 0.1301 min
test data and predicted data:

Epoch: 6, Loss: 0.4121
Epoch: 11, Loss: 0.4406
Epoch: 16, Loss: 0.4290
Epoch: 21, Loss: 0.4243
Epoch: 26, Loss: 0.4244
Epoch: 31, Loss: 0.4293
Epoch: 36, Loss: 0.4249
Epoch: 41, Loss: 0.4216
Epoch: 46, Loss: 0.4247
Epoch: 51, Loss: 0.4222
Epoch: 56, Loss: 0.4199
Epoch: 61, Loss: 0.4197
Epoch: 66, Loss: 0.4317
Epoch: 71, Loss: 0.4274
Epoch: 76, Loss: 0.4243
Epoch: 81, Loss: 0.4215
Epoch: 86, Loss: 0.4201
Epoch: 91, Loss: 0.4198
Epoch: 96, Loss: 0.4200
Epoch: 101, Loss: 0.4186
Epoch: 106, Loss: 0.4190
Epoch: 111, Loss: 0.4247
Epoch: 116, Loss: 0.4266
Epoch: 121, Loss: 0.4262
Epoch: 126, Loss: 0.4218
Epoch: 131, Loss: 0.4195
Epoch: 136, Loss: 0.4222
Epoch: 141, Loss: 0.4190
Epoch: 146, Loss: 0.4212
Epoch: 151, Loss: 0.4246
Epoch: 156, Loss: 0.4223
Epoch: 161, Loss: 0.4228
Epoch: 166, Loss: 0.4207
Epoch: 171, Loss: 0.4199
Epoch: 176, Loss: 0.4181
Epoch: 181, Loss: 0.4165
Epoch: 186, Loss: 0.4167
Epoch: 191, Loss: 0.4192
Epoch: 196, Loss: 0.4180
Epoch: 201, Loss: 0.4147
Epoch: 206, Loss: 0.4250
Epoch: 211, Loss: 0.4315
Epoch: 216, Loss: 0.4257
Epoch: 221, Loss: 0.4314
Epoch: 226, Loss: 0.4344
Epoch: 231, Loss: 0.4229
Epoch: 236, Loss: 0.4270
Epoch: 241, Loss: 0.4253
Epoch: 246, Loss: 0.4241
Epoch: 251, Loss: 0.4206
Epoch: 256, Loss: 0.4180
Epoch: 261, Loss: 0.4171
Epoch: 266, Loss: 0.4172
Epoch: 271, Loss: 0.4173
Epoch: 276, Loss: 0.4220
Epoch: 281, Loss: 0.4202
Epoch: 286, Loss: 0.4167
Epoch: 291, Loss: 0.4153
Epoch: 296, Loss: 0.4146
Epoch: 301, Loss: 0.4156
Epoch: 306, Loss: 0.4142
Epoch: 311, Loss: 0.4180
Epoch: 316, Loss: 0.4151
Epoch: 321, Loss: 0.4154
Epoch: 326, Loss: 0.4140
Epoch: 331, Loss: 0.4122
Epoch: 336, Loss: 0.4114
Epoch: 341, Loss: 0.4112
Epoch: 346, Loss: 0.4104
Epoch: 351, Loss: 0.4100
Epoch: 356, Loss: 0.4363
Epoch: 361, Loss: 0.4368
Epoch: 366, Loss: 0.4349
Epoch: 371, Loss: 0.4259
Epoch: 376, Loss: 0.4232
Epoch: 381, Loss: 0.4628
Epoch: 386, Loss: 0.4566
Epoch: 391, Loss: 0.4364
Epoch: 396, Loss: 0.4340
Epoch: 401, Loss: 0.4284
Epoch: 406, Loss: 0.4273
Epoch: 411, Loss: 0.4287
Epoch: 416, Loss: 0.4250
Epoch: 421, Loss: 0.4212
Epoch: 426, Loss: 0.4192
Epoch: 431, Loss: 0.4272
Epoch: 436, Loss: 0.4249
Epoch: 441, Loss: 0.4248
Epoch: 446, Loss: 0.4233
Epoch: 451, Loss: 0.4223
Epoch: 456, Loss: 0.4215
Epoch: 461, Loss: 0.4201
Epoch: 466, Loss: 0.4187
Epoch: 471, Loss: 0.4189
Epoch: 476, Loss: 0.4159
Epoch: 481, Loss: 0.4159
Epoch: 486, Loss: 0.6368
Epoch: 491, Loss: 0.5234
Epoch: 496, Loss: 0.4853
Epoch: 501, Loss: 0.4758
Epoch: 506, Loss: 0.4691
Epoch: 511, Loss: 0.4651
Epoch: 516, Loss: 0.4619
Epoch: 521, Loss: 0.4598
Epoch: 526, Loss: 0.4580
Epoch: 531, Loss: 0.4557
Epoch: 536, Loss: 0.4541
Epoch: 541, Loss: 0.4533
Epoch: 546, Loss: 0.4522
Epoch: 551, Loss: 0.4511
Epoch: 556, Loss: 0.4502
Epoch: 561, Loss: 0.4493
Epoch: 566, Loss: 0.4487
Epoch: 571, Loss: 0.4480
Epoch: 576, Loss: 0.4472
Epoch: 581, Loss: 0.4466
Epoch: 586, Loss: 0.4460
Epoch: 591, Loss: 0.4453
Epoch: 596, Loss: 0.4445
Epoch: 601, Loss: 0.4439
Epoch: 606, Loss: 0.4432
Epoch: 611, Loss: 0.4434
Epoch: 616, Loss: 0.4427
Epoch: 621, Loss: 0.4417
Epoch: 626, Loss: 0.4412
Epoch: 631, Loss: 0.4403
Epoch: 636, Loss: 0.4403
Epoch: 641, Loss: 0.4392
Epoch: 646, Loss: 0.4387
Epoch: 651, Loss: 0.4383
Epoch: 656, Loss: 0.4379
Epoch: 661, Loss: 0.4372
Epoch: 666, Loss: 0.4379
Epoch: 671, Loss: 0.4528
Epoch: 676, Loss: 0.4534
Epoch: 681, Loss: 0.4480
Epoch: 686, Loss: 0.4457
Epoch: 691, Loss: 0.4435
Epoch: 696, Loss: 0.4420
Epoch: 701, Loss: 0.4407
Epoch: 706, Loss: 0.4408
Epoch: 711, Loss: 0.4397
Epoch: 716, Loss: 0.4390
Epoch: 721, Loss: 0.4393
Epoch: 726, Loss: 0.4390
Epoch: 731, Loss: 0.4401
Epoch: 736, Loss: 0.4397
Epoch: 741, Loss: 0.4393
Epoch: 746, Loss: 0.4382
Epoch: 751, Loss: 0.4413
Epoch: 756, Loss: 0.4385
Epoch: 761, Loss: 0.4371
Epoch: 766, Loss: 0.4369
Epoch: 771, Loss: 0.4359
Epoch: 776, Loss: 0.4357
Epoch: 781, Loss: 0.4370
Epoch: 786, Loss: 0.4362
Epoch: 791, Loss: 0.4357
Epoch: 796, Loss: 0.4349
Epoch: 801, Loss: 0.4344
Epoch: 806, Loss: 0.4343
Epoch: 811, Loss: 0.4334
Epoch: 816, Loss: 0.4334
Epoch: 821, Loss: 0.4325
Epoch: 826, Loss: 0.4323
Epoch: 831, Loss: 0.4342
Epoch: 836, Loss: 0.4319
Epoch: 841, Loss: 0.4319
Epoch: 846, Loss: 0.4313
Epoch: 851, Loss: 0.4303
Epoch: 856, Loss: 0.4343
Epoch: 861, Loss: 0.4312
Epoch: 866, Loss: 0.4328
Epoch: 871, Loss: 0.4299
Epoch: 876, Loss: 0.4294
Epoch: 881, Loss: 0.4296
Epoch: 886, Loss: 0.4289
Epoch: 891, Loss: 0.4285
Epoch: 896, Loss: 0.4282
Epoch: 901, Loss: 0.4281
Epoch: 906, Loss: 0.4284
Epoch: 911, Loss: 0.4341
Epoch: 916, Loss: 0.4314
Epoch: 921, Loss: 0.4285
Epoch: 926, Loss: 0.4287
Epoch: 931, Loss: 0.4297
Epoch: 936, Loss: 0.4298
Epoch: 941, Loss: 0.4285
Epoch: 946, Loss: 0.4282
Epoch: 951, Loss: 0.4273
Epoch: 956, Loss: 0.4272
Epoch: 961, Loss: 0.4282
Epoch: 966, Loss: 0.4275
Epoch: 971, Loss: 0.4308
Epoch: 976, Loss: 0.4279
Epoch: 981, Loss: 0.4272
Epoch: 986, Loss: 0.4250
Epoch: 991, Loss: 0.4244
Epoch: 996, Loss: 0.4241
Epoch: 1001, Loss: 0.4238
Elapsed time 0.1282 min
test data and predicted data:

Epoch: 6, Loss: 0.4239
Epoch: 11, Loss: 0.4254
Epoch: 16, Loss: 0.4238
Epoch: 21, Loss: 0.4228
Epoch: 26, Loss: 0.4226
Epoch: 31, Loss: 0.4262
Epoch: 36, Loss: 0.4317
Epoch: 41, Loss: 0.4265
Epoch: 46, Loss: 0.4265
Epoch: 51, Loss: 0.4250
Epoch: 56, Loss: 0.4240
Epoch: 61, Loss: 0.4230
Epoch: 66, Loss: 0.4221
Epoch: 71, Loss: 0.4223
Epoch: 76, Loss: 0.4245
Epoch: 81, Loss: 0.4216
Epoch: 86, Loss: 0.4216
Epoch: 91, Loss: 0.4236
Epoch: 96, Loss: 0.4248
Epoch: 101, Loss: 0.4220
Epoch: 106, Loss: 0.4212
Epoch: 111, Loss: 0.4205
Epoch: 116, Loss: 0.4200
Epoch: 121, Loss: 0.4265
Epoch: 126, Loss: 0.4230
Epoch: 131, Loss: 0.4250
Epoch: 136, Loss: 0.4222
Epoch: 141, Loss: 0.4193
Epoch: 146, Loss: 0.4185
Epoch: 151, Loss: 0.4180
Epoch: 156, Loss: 0.4208
Epoch: 161, Loss: 0.4213
Epoch: 166, Loss: 0.4191
Epoch: 171, Loss: 0.4211
Epoch: 176, Loss: 0.4202
Epoch: 181, Loss: 0.4217
Epoch: 186, Loss: 0.4405
Epoch: 191, Loss: 0.4321
Epoch: 196, Loss: 0.4312
Epoch: 201, Loss: 0.4262
Epoch: 206, Loss: 0.4228
Epoch: 211, Loss: 0.4211
Epoch: 216, Loss: 0.4200
Epoch: 221, Loss: 0.4184
Epoch: 226, Loss: 0.4175
Epoch: 231, Loss: 0.4170
Epoch: 236, Loss: 0.4170
Epoch: 241, Loss: 0.4163
Epoch: 246, Loss: 0.4155
Epoch: 251, Loss: 0.4149
Epoch: 256, Loss: 0.4146
Epoch: 261, Loss: 0.4142
Epoch: 266, Loss: 0.4137
Epoch: 271, Loss: 0.4132
Epoch: 276, Loss: 0.4132
Epoch: 281, Loss: 0.4170
Epoch: 286, Loss: 0.4150
Epoch: 291, Loss: 0.4142
Epoch: 296, Loss: 0.4144
Epoch: 301, Loss: 0.4185
Epoch: 306, Loss: 0.4171
Epoch: 311, Loss: 0.4156
Epoch: 316, Loss: 0.4140
Epoch: 321, Loss: 0.4124
Epoch: 326, Loss: 0.4133
Epoch: 331, Loss: 0.4130
Epoch: 336, Loss: 0.4118
Epoch: 341, Loss: 0.4129
Epoch: 346, Loss: 0.4129
Epoch: 351, Loss: 0.4174
Epoch: 356, Loss: 0.4156
Epoch: 361, Loss: 0.4550
Epoch: 366, Loss: 0.4415
Epoch: 371, Loss: 0.4362
Epoch: 376, Loss: 0.4318
Epoch: 381, Loss: 0.4286
Epoch: 386, Loss: 0.4262
Epoch: 391, Loss: 0.4245
Epoch: 396, Loss: 0.4227
Epoch: 401, Loss: 0.4212
Epoch: 406, Loss: 0.4199
Epoch: 411, Loss: 0.4189
Epoch: 416, Loss: 0.4180
Epoch: 421, Loss: 0.4178
Epoch: 426, Loss: 0.4177
Epoch: 431, Loss: 0.4166
Epoch: 436, Loss: 0.4158
Epoch: 441, Loss: 0.4162
Epoch: 446, Loss: 0.4169
Epoch: 451, Loss: 0.4156
Epoch: 456, Loss: 0.4145
Epoch: 461, Loss: 0.4140
Epoch: 466, Loss: 0.4133
Epoch: 471, Loss: 0.4126
Epoch: 476, Loss: 0.4120
Epoch: 481, Loss: 0.4116
Epoch: 486, Loss: 0.4112
Epoch: 491, Loss: 0.4107
Epoch: 496, Loss: 0.4106
Epoch: 501, Loss: 0.4102
Epoch: 506, Loss: 0.4104
Epoch: 511, Loss: 0.4101
Epoch: 516, Loss: 0.4096
Epoch: 521, Loss: 0.4091
Epoch: 526, Loss: 0.4092
Epoch: 531, Loss: 0.4174
Epoch: 536, Loss: 0.4204
Epoch: 541, Loss: 0.4261
Epoch: 546, Loss: 0.4192
Epoch: 551, Loss: 0.4151
Epoch: 556, Loss: 0.4115
Epoch: 561, Loss: 0.4107
Epoch: 566, Loss: 0.4096
Epoch: 571, Loss: 0.4168
Epoch: 576, Loss: 0.4166
Epoch: 581, Loss: 0.4195
Epoch: 586, Loss: 0.4168
Epoch: 591, Loss: 0.4155
Epoch: 596, Loss: 0.4131
Epoch: 601, Loss: 0.4116
Epoch: 606, Loss: 0.4109
Epoch: 611, Loss: 0.4109
Epoch: 616, Loss: 0.4098
Epoch: 621, Loss: 0.4090
Epoch: 626, Loss: 0.4082
Epoch: 631, Loss: 0.4080
Epoch: 636, Loss: 0.4217
Epoch: 641, Loss: 0.4140
Epoch: 646, Loss: 0.4160
Epoch: 651, Loss: 0.4126
Epoch: 656, Loss: 0.4138
Epoch: 661, Loss: 0.4130
Epoch: 666, Loss: 0.4105
Epoch: 671, Loss: 0.4089
Epoch: 676, Loss: 0.4082
Epoch: 681, Loss: 0.4076
Epoch: 686, Loss: 0.4079
Epoch: 691, Loss: 0.4138
Epoch: 696, Loss: 0.4120
Epoch: 701, Loss: 0.4085
Epoch: 706, Loss: 0.4118
Epoch: 711, Loss: 0.4227
Epoch: 716, Loss: 0.4226
Epoch: 721, Loss: 0.4192
Epoch: 726, Loss: 0.4157
Epoch: 731, Loss: 0.4147
Epoch: 736, Loss: 0.4123
Epoch: 741, Loss: 0.4106
Epoch: 746, Loss: 0.4092
Epoch: 751, Loss: 0.4085
Epoch: 756, Loss: 0.4075
Epoch: 761, Loss: 0.4096
Epoch: 766, Loss: 0.4079
Epoch: 771, Loss: 0.4066
Epoch: 776, Loss: 0.4077
Epoch: 781, Loss: 0.4104
Epoch: 786, Loss: 0.4177
Epoch: 791, Loss: 0.4235
Epoch: 796, Loss: 0.4227
Epoch: 801, Loss: 0.4150
Epoch: 806, Loss: 0.4172
Epoch: 811, Loss: 0.4143
Epoch: 816, Loss: 0.4119
Epoch: 821, Loss: 0.4102
Epoch: 826, Loss: 0.4108
Epoch: 831, Loss: 0.4083
Epoch: 836, Loss: 0.4068
Epoch: 841, Loss: 0.4072
Epoch: 846, Loss: 0.4062
Epoch: 851, Loss: 0.4108
Epoch: 856, Loss: 0.4074
Epoch: 861, Loss: 0.4172
Epoch: 866, Loss: 0.4418
Epoch: 871, Loss: 0.4489
Epoch: 876, Loss: 0.4328
Epoch: 881, Loss: 0.4292
Epoch: 886, Loss: 0.4235
Epoch: 891, Loss: 0.4197
Epoch: 896, Loss: 0.4173
Epoch: 901, Loss: 0.4162
Epoch: 906, Loss: 0.4202
Epoch: 911, Loss: 0.4169
Epoch: 916, Loss: 0.4149
Epoch: 921, Loss: 0.4134
Epoch: 926, Loss: 0.4167
Epoch: 931, Loss: 0.4134
Epoch: 936, Loss: 0.4119
Epoch: 941, Loss: 0.4539
Epoch: 946, Loss: 0.4457
Epoch: 951, Loss: 0.4383
Epoch: 956, Loss: 0.4332
Epoch: 961, Loss: 0.4285
Epoch: 966, Loss: 0.4285
Epoch: 971, Loss: 0.4264
Epoch: 976, Loss: 0.4253
Epoch: 981, Loss: 0.4299
Epoch: 986, Loss: 0.4239
Epoch: 991, Loss: 0.4202
Epoch: 996, Loss: 0.4169
Epoch: 1001, Loss: 0.4161
Elapsed time 0.1296 min
test data and predicted data:

Epoch: 6, Loss: 0.4143
Epoch: 11, Loss: 0.4144
Epoch: 16, Loss: 0.4128
Epoch: 21, Loss: 0.4117
Epoch: 26, Loss: 0.4110
Epoch: 31, Loss: 0.4101
Epoch: 36, Loss: 0.4098
Epoch: 41, Loss: 0.4095
Epoch: 46, Loss: 0.4082
Epoch: 51, Loss: 0.4075
Epoch: 56, Loss: 0.4106
Epoch: 61, Loss: 0.4121
Epoch: 66, Loss: 0.4091
Epoch: 71, Loss: 0.4116
Epoch: 76, Loss: 0.4086
Epoch: 81, Loss: 0.4073
Epoch: 86, Loss: 0.4064
Epoch: 91, Loss: 0.4060
Epoch: 96, Loss: 0.4045
Epoch: 101, Loss: 0.4040
Epoch: 106, Loss: 0.4042
Epoch: 111, Loss: 0.4039
Epoch: 116, Loss: 0.4030
Epoch: 121, Loss: 0.4022
Epoch: 126, Loss: 0.4090
Epoch: 131, Loss: 0.4080
Epoch: 136, Loss: 0.4180
Epoch: 141, Loss: 0.4090
Epoch: 146, Loss: 0.4073
Epoch: 151, Loss: 0.4052
Epoch: 156, Loss: 0.4033
Epoch: 161, Loss: 0.4021
Epoch: 166, Loss: 0.4014
Epoch: 171, Loss: 0.4006
Epoch: 176, Loss: 0.4000
Epoch: 181, Loss: 0.3994
Epoch: 186, Loss: 0.3989
Epoch: 191, Loss: 0.3986
Epoch: 196, Loss: 0.3986
Epoch: 201, Loss: 0.4073
Epoch: 206, Loss: 0.4006
Epoch: 211, Loss: 0.4034
Epoch: 216, Loss: 0.4018
Epoch: 221, Loss: 0.4169
Epoch: 226, Loss: 0.4099
Epoch: 231, Loss: 0.4061
Epoch: 236, Loss: 0.4044
Epoch: 241, Loss: 0.4031
Epoch: 246, Loss: 0.4017
Epoch: 251, Loss: 0.3998
Epoch: 256, Loss: 0.4048
Epoch: 261, Loss: 0.4024
Epoch: 266, Loss: 0.3997
Epoch: 271, Loss: 0.3989
Epoch: 276, Loss: 0.3980
Epoch: 281, Loss: 0.3970
Epoch: 286, Loss: 0.3964
Epoch: 291, Loss: 0.3959
Epoch: 296, Loss: 0.3955
Epoch: 301, Loss: 0.3954
Epoch: 306, Loss: 0.4078
Epoch: 311, Loss: 0.4049
Epoch: 316, Loss: 0.4102
Epoch: 321, Loss: 0.4050
Epoch: 326, Loss: 0.4012
Epoch: 331, Loss: 0.4015
Epoch: 336, Loss: 0.3976
Epoch: 341, Loss: 0.3973
Epoch: 346, Loss: 0.3958
Epoch: 351, Loss: 0.3964
Epoch: 356, Loss: 0.3952
Epoch: 361, Loss: 0.3944
Epoch: 366, Loss: 0.3942
Epoch: 371, Loss: 0.3940
Epoch: 376, Loss: 0.3957
Epoch: 381, Loss: 0.4031
Epoch: 386, Loss: 0.3975
Epoch: 391, Loss: 0.3976
Epoch: 396, Loss: 0.3996
Epoch: 401, Loss: 0.3983
Epoch: 406, Loss: 0.3956
Epoch: 411, Loss: 0.3953
Epoch: 416, Loss: 0.3953
Epoch: 421, Loss: 0.3954
Epoch: 426, Loss: 0.4015
Epoch: 431, Loss: 0.3988
Epoch: 436, Loss: 0.4092
Epoch: 441, Loss: 0.4216
Epoch: 446, Loss: 0.4226
Epoch: 451, Loss: 0.4187
Epoch: 456, Loss: 0.4200
Epoch: 461, Loss: 0.4144
Epoch: 466, Loss: 0.4080
Epoch: 471, Loss: 0.4114
Epoch: 476, Loss: 0.4102
Epoch: 481, Loss: 0.4079
Epoch: 486, Loss: 0.4055
Epoch: 491, Loss: 0.4041
Epoch: 496, Loss: 0.4019
Epoch: 501, Loss: 0.4003
Epoch: 506, Loss: 0.3984
Epoch: 511, Loss: 0.3969
Epoch: 516, Loss: 0.3957
Epoch: 521, Loss: 0.3949
Epoch: 526, Loss: 0.3952
Epoch: 531, Loss: 0.3956
Epoch: 536, Loss: 0.3945
Epoch: 541, Loss: 0.3968
Epoch: 546, Loss: 0.3934
Epoch: 551, Loss: 0.3974
Epoch: 556, Loss: 0.3937
Epoch: 561, Loss: 0.3970
Epoch: 566, Loss: 0.3979
Epoch: 571, Loss: 0.4073
Epoch: 576, Loss: 0.4014
Epoch: 581, Loss: 0.3997
Epoch: 586, Loss: 0.3965
Epoch: 591, Loss: 0.4278
Epoch: 596, Loss: 0.4465
Epoch: 601, Loss: 0.4429
Epoch: 606, Loss: 0.4359
Epoch: 611, Loss: 0.4297
Epoch: 616, Loss: 0.4261
Epoch: 621, Loss: 0.4234
Epoch: 626, Loss: 0.4213
Epoch: 631, Loss: 0.4183
Epoch: 636, Loss: 0.4160
Epoch: 641, Loss: 0.4139
Epoch: 646, Loss: 0.4121
Epoch: 651, Loss: 0.4104
Epoch: 656, Loss: 0.4089
Epoch: 661, Loss: 0.4087
Epoch: 666, Loss: 0.4076
Epoch: 671, Loss: 0.4093
Epoch: 676, Loss: 0.4072
Epoch: 681, Loss: 0.4071
Epoch: 686, Loss: 0.4143
Epoch: 691, Loss: 0.4127
Epoch: 696, Loss: 0.4127
Epoch: 701, Loss: 0.4129
Epoch: 706, Loss: 0.4113
Epoch: 711, Loss: 0.4106
Epoch: 716, Loss: 0.4082
Epoch: 721, Loss: 0.4056
Epoch: 726, Loss: 0.4044
Epoch: 731, Loss: 0.4041
Epoch: 736, Loss: 0.4030
Epoch: 741, Loss: 0.4026
Epoch: 746, Loss: 0.4081
Epoch: 751, Loss: 0.4132
Epoch: 756, Loss: 0.4114
Epoch: 761, Loss: 0.4123
Epoch: 766, Loss: 0.4093
Epoch: 771, Loss: 0.4053
Epoch: 776, Loss: 0.4038
Epoch: 781, Loss: 0.4034
Epoch: 786, Loss: 0.4016
Epoch: 791, Loss: 0.4004
Epoch: 796, Loss: 0.4018
Epoch: 801, Loss: 0.4030
Epoch: 806, Loss: 0.4046
Epoch: 811, Loss: 0.4034
Epoch: 816, Loss: 0.4028
Epoch: 821, Loss: 0.4118
Epoch: 826, Loss: 0.4064
Epoch: 831, Loss: 0.4111
Epoch: 836, Loss: 0.4071
Epoch: 841, Loss: 0.4058
Epoch: 846, Loss: 0.4055
Epoch: 851, Loss: 0.4044
Epoch: 856, Loss: 0.4023
Epoch: 861, Loss: 0.4004
Epoch: 866, Loss: 0.4008
Epoch: 871, Loss: 0.3985
Epoch: 876, Loss: 0.3973
Epoch: 881, Loss: 0.4012
Epoch: 886, Loss: 0.3982
Epoch: 891, Loss: 0.3990
Epoch: 896, Loss: 0.4021
Epoch: 901, Loss: 0.3978
Epoch: 906, Loss: 0.3985
Epoch: 911, Loss: 0.3957
Epoch: 916, Loss: 0.3981
Epoch: 921, Loss: 0.3983
Epoch: 926, Loss: 0.4061
Epoch: 931, Loss: 0.4048
Epoch: 936, Loss: 0.4049
Epoch: 941, Loss: 0.4013
Epoch: 946, Loss: 0.3989
Epoch: 951, Loss: 0.3969
Epoch: 956, Loss: 0.3982
Epoch: 961, Loss: 0.3947
Epoch: 966, Loss: 0.3941
Epoch: 971, Loss: 0.3967
Epoch: 976, Loss: 0.3995
Epoch: 981, Loss: 0.3994
Epoch: 986, Loss: 0.4037
Epoch: 991, Loss: 0.3994
Epoch: 996, Loss: 0.3993
Epoch: 1001, Loss: 0.3977
Elapsed time 0.1306 min
test data and predicted data:

Epoch: 6, Loss: 0.3981
Epoch: 11, Loss: 0.3965
Epoch: 16, Loss: 0.3976
Epoch: 21, Loss: 0.3973
Epoch: 26, Loss: 0.3943
Epoch: 31, Loss: 0.3930
Epoch: 36, Loss: 0.3917
Epoch: 41, Loss: 0.3932
Epoch: 46, Loss: 0.4020
Epoch: 51, Loss: 0.3938
Epoch: 56, Loss: 0.3971
Epoch: 61, Loss: 0.3929
Epoch: 66, Loss: 0.3910
Epoch: 71, Loss: 0.3909
Epoch: 76, Loss: 0.3899
Epoch: 81, Loss: 0.4012
Epoch: 86, Loss: 0.3938
Epoch: 91, Loss: 0.3959
Epoch: 96, Loss: 0.3927
Epoch: 101, Loss: 0.3903
Epoch: 106, Loss: 0.3897
Epoch: 111, Loss: 0.3886
Epoch: 116, Loss: 0.3894
Epoch: 121, Loss: 0.3911
Epoch: 126, Loss: 0.3937
Epoch: 131, Loss: 0.3879
Epoch: 136, Loss: 0.3908
Epoch: 141, Loss: 0.3911
Epoch: 146, Loss: 0.3881
Epoch: 151, Loss: 0.3921
Epoch: 156, Loss: 0.3894
Epoch: 161, Loss: 0.3865
Epoch: 166, Loss: 0.3858
Epoch: 171, Loss: 0.3880
Epoch: 176, Loss: 0.4026
Epoch: 181, Loss: 0.4170
Epoch: 186, Loss: 0.4090
Epoch: 191, Loss: 0.4032
Epoch: 196, Loss: 0.3986
Epoch: 201, Loss: 0.3966
Epoch: 206, Loss: 0.3931
Epoch: 211, Loss: 0.3901
Epoch: 216, Loss: 0.3885
Epoch: 221, Loss: 0.3873
Epoch: 226, Loss: 0.3883
Epoch: 231, Loss: 0.3876
Epoch: 236, Loss: 0.3873
Epoch: 241, Loss: 0.4090
Epoch: 246, Loss: 0.4007
Epoch: 251, Loss: 0.3972
Epoch: 256, Loss: 0.3953
Epoch: 261, Loss: 0.3919
Epoch: 266, Loss: 0.3902
Epoch: 271, Loss: 0.3894
Epoch: 276, Loss: 0.3889
Epoch: 281, Loss: 0.3895
Epoch: 286, Loss: 0.3940
Epoch: 291, Loss: 0.3904
Epoch: 296, Loss: 0.3970
Epoch: 301, Loss: 0.3896
Epoch: 306, Loss: 0.4013
Epoch: 311, Loss: 0.3916
Epoch: 316, Loss: 0.3898
Epoch: 321, Loss: 0.3891
Epoch: 326, Loss: 0.3862
Epoch: 331, Loss: 0.3870
Epoch: 336, Loss: 0.3869
Epoch: 341, Loss: 0.3862
Epoch: 346, Loss: 0.3921
Epoch: 351, Loss: 0.3852
Epoch: 356, Loss: 0.3886
Epoch: 361, Loss: 0.3984
Epoch: 366, Loss: 0.3892
Epoch: 371, Loss: 0.3899
Epoch: 376, Loss: 0.3908
Epoch: 381, Loss: 0.3917
Epoch: 386, Loss: 0.3965
Epoch: 391, Loss: 0.3919
Epoch: 396, Loss: 0.3889
Epoch: 401, Loss: 0.3870
Epoch: 406, Loss: 0.3852
Epoch: 411, Loss: 0.3838
Epoch: 416, Loss: 0.3828
Epoch: 421, Loss: 0.3836
Epoch: 426, Loss: 0.3982
Epoch: 431, Loss: 0.3934
Epoch: 436, Loss: 0.3885
Epoch: 441, Loss: 0.3845
Epoch: 446, Loss: 0.3842
Epoch: 451, Loss: 0.3832
Epoch: 456, Loss: 0.3818
Epoch: 461, Loss: 0.3818
Epoch: 466, Loss: 0.3935
Epoch: 471, Loss: 0.3880
Epoch: 476, Loss: 0.3867
Epoch: 481, Loss: 0.3842
Epoch: 486, Loss: 0.3858
Epoch: 491, Loss: 0.3848
Epoch: 496, Loss: 0.3876
Epoch: 501, Loss: 0.3907
Epoch: 506, Loss: 0.3979
Epoch: 511, Loss: 0.4028
Epoch: 516, Loss: 0.4198
Epoch: 521, Loss: 0.4117
Epoch: 526, Loss: 0.4083
Epoch: 531, Loss: 0.4021
Epoch: 536, Loss: 0.3976
Epoch: 541, Loss: 0.3996
Epoch: 546, Loss: 0.3963
Epoch: 551, Loss: 0.3915
Epoch: 556, Loss: 0.3987
Epoch: 561, Loss: 0.3954
Epoch: 566, Loss: 0.3918
Epoch: 571, Loss: 0.3916
Epoch: 576, Loss: 0.3904
Epoch: 581, Loss: 0.3886
Epoch: 586, Loss: 0.3869
Epoch: 591, Loss: 0.3862
Epoch: 596, Loss: 0.3847
Epoch: 601, Loss: 0.3832
Epoch: 606, Loss: 0.3832
Epoch: 611, Loss: 0.3824
Epoch: 616, Loss: 0.3855
Epoch: 621, Loss: 0.3858
Epoch: 626, Loss: 0.3983
Epoch: 631, Loss: 0.3943
Epoch: 636, Loss: 0.3950
Epoch: 641, Loss: 0.3909
Epoch: 646, Loss: 0.3902
Epoch: 651, Loss: 0.3887
Epoch: 656, Loss: 0.3895
Epoch: 661, Loss: 0.3878
Epoch: 666, Loss: 0.3838
Epoch: 671, Loss: 0.3848
Epoch: 676, Loss: 0.4508
Epoch: 681, Loss: 0.4339
Epoch: 686, Loss: 0.4182
Epoch: 691, Loss: 0.4096
Epoch: 696, Loss: 0.4086
Epoch: 701, Loss: 0.4028
Epoch: 706, Loss: 0.3992
Epoch: 711, Loss: 0.3972
Epoch: 716, Loss: 0.3940
Epoch: 721, Loss: 0.3929
Epoch: 726, Loss: 0.3911
Epoch: 731, Loss: 0.3897
Epoch: 736, Loss: 0.3892
Epoch: 741, Loss: 0.3933
Epoch: 746, Loss: 0.3951
Epoch: 751, Loss: 0.3923
Epoch: 756, Loss: 0.3925
Epoch: 761, Loss: 0.3907
Epoch: 766, Loss: 0.3951
Epoch: 771, Loss: 0.3911
Epoch: 776, Loss: 0.4650
Epoch: 781, Loss: 0.4635
Epoch: 786, Loss: 0.4473
Epoch: 791, Loss: 0.4332
Epoch: 796, Loss: 0.4282
Epoch: 801, Loss: 0.4247
Epoch: 806, Loss: 0.4223
Epoch: 811, Loss: 0.4204
Epoch: 816, Loss: 0.4184
Epoch: 821, Loss: 0.4167
Epoch: 826, Loss: 0.4153
Epoch: 831, Loss: 0.4139
Epoch: 836, Loss: 0.4126
Epoch: 841, Loss: 0.4114
Epoch: 846, Loss: 0.4120
Epoch: 851, Loss: 0.4107
Epoch: 856, Loss: 0.4097
Epoch: 861, Loss: 0.4089
Epoch: 866, Loss: 0.4087
Epoch: 871, Loss: 0.4079
Epoch: 876, Loss: 0.4062
Epoch: 881, Loss: 0.4053
Epoch: 886, Loss: 0.4044
Epoch: 891, Loss: 0.4036
Epoch: 896, Loss: 0.4029
Epoch: 901, Loss: 0.4023
Epoch: 906, Loss: 0.4017
Epoch: 911, Loss: 0.4012
Epoch: 916, Loss: 0.4007
Epoch: 921, Loss: 0.4002
Epoch: 926, Loss: 0.3997
Epoch: 931, Loss: 0.3993
Epoch: 936, Loss: 0.3989
Epoch: 941, Loss: 0.3984
Epoch: 946, Loss: 0.3988
Epoch: 951, Loss: 0.3984
Epoch: 956, Loss: 0.3990
Epoch: 961, Loss: 0.4030
Epoch: 966, Loss: 0.4101
Epoch: 971, Loss: 0.4046
Epoch: 976, Loss: 0.4008
Epoch: 981, Loss: 0.3996
Epoch: 986, Loss: 0.3995
Epoch: 991, Loss: 0.3981
Epoch: 996, Loss: 0.3983
Epoch: 1001, Loss: 0.3973
Elapsed time 0.1397 min
test data and predicted data:

Epoch: 6, Loss: 0.3966
Epoch: 11, Loss: 0.3962
Epoch: 16, Loss: 0.3956
Epoch: 21, Loss: 0.3951
Epoch: 26, Loss: 0.3997
Epoch: 31, Loss: 0.3956
Epoch: 36, Loss: 0.3962
Epoch: 41, Loss: 0.3977
Epoch: 46, Loss: 0.3968
Epoch: 51, Loss: 0.3940
Epoch: 56, Loss: 0.3935
Epoch: 61, Loss: 0.3937
Epoch: 66, Loss: 0.3960
Epoch: 71, Loss: 0.3967
Epoch: 76, Loss: 0.4004
Epoch: 81, Loss: 0.3976
Epoch: 86, Loss: 0.3968
Epoch: 91, Loss: 0.3954
Epoch: 96, Loss: 0.3987
Epoch: 101, Loss: 0.3978
Epoch: 106, Loss: 0.4107
Epoch: 111, Loss: 0.4038
Epoch: 116, Loss: 0.3997
Epoch: 121, Loss: 0.4009
Epoch: 126, Loss: 0.3978
Epoch: 131, Loss: 0.3969
Epoch: 136, Loss: 0.3951
Epoch: 141, Loss: 0.3961
Epoch: 146, Loss: 0.3946
Epoch: 151, Loss: 0.3935
Epoch: 156, Loss: 0.3950
Epoch: 161, Loss: 0.3942
Epoch: 166, Loss: 0.3943
Epoch: 171, Loss: 0.3935
Epoch: 176, Loss: 0.3921
Epoch: 181, Loss: 0.3924
Epoch: 186, Loss: 0.3939
Epoch: 191, Loss: 0.3929
Epoch: 196, Loss: 0.4012
Epoch: 201, Loss: 0.3955
Epoch: 206, Loss: 0.3928
Epoch: 211, Loss: 0.3915
Epoch: 216, Loss: 0.3927
Epoch: 221, Loss: 0.3915
Epoch: 226, Loss: 0.3905
Epoch: 231, Loss: 0.3995
Epoch: 236, Loss: 0.3959
Epoch: 241, Loss: 0.3949
Epoch: 246, Loss: 0.3952
Epoch: 251, Loss: 0.3941
Epoch: 256, Loss: 0.3936
Epoch: 261, Loss: 0.3962
Epoch: 266, Loss: 0.4067
Epoch: 271, Loss: 0.4201
Epoch: 276, Loss: 0.4163
Epoch: 281, Loss: 0.4270
Epoch: 286, Loss: 0.4188
Epoch: 291, Loss: 0.4121
Epoch: 296, Loss: 0.4088
Epoch: 301, Loss: 0.4086
Epoch: 306, Loss: 0.4033
Epoch: 311, Loss: 0.4007
Epoch: 316, Loss: 0.3990
Epoch: 321, Loss: 0.4019
Epoch: 326, Loss: 0.4026
Epoch: 331, Loss: 0.4054
Epoch: 336, Loss: 0.4017
Epoch: 341, Loss: 0.3978
Epoch: 346, Loss: 0.3961
Epoch: 351, Loss: 0.3951
Epoch: 356, Loss: 0.3937
Epoch: 361, Loss: 0.3946
Epoch: 366, Loss: 0.3923
Epoch: 371, Loss: 0.3917
Epoch: 376, Loss: 0.3907
Epoch: 381, Loss: 0.3898
Epoch: 386, Loss: 0.3905
Epoch: 391, Loss: 0.3945
Epoch: 396, Loss: 0.3916
Epoch: 401, Loss: 0.3912
Epoch: 406, Loss: 0.3894
Epoch: 411, Loss: 0.3986
Epoch: 416, Loss: 0.3953
Epoch: 421, Loss: 0.3967
Epoch: 426, Loss: 0.3950
Epoch: 431, Loss: 0.3892
Epoch: 436, Loss: 0.3896
Epoch: 441, Loss: 0.3882
Epoch: 446, Loss: 0.3861
Epoch: 451, Loss: 0.3859
Epoch: 456, Loss: 0.3856
Epoch: 461, Loss: 0.3877
Epoch: 466, Loss: 0.3873
Epoch: 471, Loss: 0.3871
Epoch: 476, Loss: 0.3887
Epoch: 481, Loss: 0.3886
Epoch: 486, Loss: 0.3887
Epoch: 491, Loss: 0.3926
Epoch: 496, Loss: 0.3924
Epoch: 501, Loss: 0.3908
Epoch: 506, Loss: 0.4159
Epoch: 511, Loss: 0.4101
Epoch: 516, Loss: 0.4036
Epoch: 521, Loss: 0.3974
Epoch: 526, Loss: 0.3929
Epoch: 531, Loss: 0.3900
Epoch: 536, Loss: 0.3991
Epoch: 541, Loss: 0.4022
Epoch: 546, Loss: 0.3977
Epoch: 551, Loss: 0.3958
Epoch: 556, Loss: 0.3941
Epoch: 561, Loss: 0.3929
Epoch: 566, Loss: 0.3915
Epoch: 571, Loss: 0.3903
Epoch: 576, Loss: 0.3885
Epoch: 581, Loss: 0.3878
Epoch: 586, Loss: 0.3865
Epoch: 591, Loss: 0.3856
Epoch: 596, Loss: 0.3864
Epoch: 601, Loss: 0.3854
Epoch: 606, Loss: 0.4137
Epoch: 611, Loss: 0.4446
Epoch: 616, Loss: 0.4076
Epoch: 621, Loss: 0.4242
Epoch: 626, Loss: 0.4209
Epoch: 631, Loss: 0.4099
Epoch: 636, Loss: 0.4037
Epoch: 641, Loss: 0.3989
Epoch: 646, Loss: 0.3959
Epoch: 651, Loss: 0.3938
Epoch: 656, Loss: 0.3920
Epoch: 661, Loss: 0.3903
Epoch: 666, Loss: 0.3890
Epoch: 671, Loss: 0.3877
Epoch: 676, Loss: 0.3878
Epoch: 681, Loss: 0.3867
Epoch: 686, Loss: 0.4199
Epoch: 691, Loss: 0.4148
Epoch: 696, Loss: 0.4078
Epoch: 701, Loss: 0.4039
Epoch: 706, Loss: 0.3995
Epoch: 711, Loss: 0.4000
Epoch: 716, Loss: 0.3985
Epoch: 721, Loss: 0.3962
Epoch: 726, Loss: 0.3948
Epoch: 731, Loss: 0.3934
Epoch: 736, Loss: 0.4065
Epoch: 741, Loss: 0.3995
Epoch: 746, Loss: 0.3956
Epoch: 751, Loss: 0.3963
Epoch: 756, Loss: 0.3935
Epoch: 761, Loss: 0.3968
Epoch: 766, Loss: 0.4007
Epoch: 771, Loss: 0.3990
Epoch: 776, Loss: 0.3944
Epoch: 781, Loss: 0.3917
Epoch: 786, Loss: 0.3919
Epoch: 791, Loss: 0.3916
Epoch: 796, Loss: 0.3930
Epoch: 801, Loss: 0.3926
Epoch: 806, Loss: 0.3896
Epoch: 811, Loss: 0.3897
Epoch: 816, Loss: 0.3892
Epoch: 821, Loss: 0.3879
Epoch: 826, Loss: 0.3895
Epoch: 831, Loss: 0.3878
Epoch: 836, Loss: 0.3867
Epoch: 841, Loss: 0.3859
Epoch: 846, Loss: 0.3850
Epoch: 851, Loss: 0.3846
Epoch: 856, Loss: 0.3863
Epoch: 861, Loss: 0.3857
Epoch: 866, Loss: 0.3848
Epoch: 871, Loss: 0.3979
Epoch: 876, Loss: 0.3951
Epoch: 881, Loss: 0.3927
Epoch: 886, Loss: 0.3891
Epoch: 891, Loss: 0.3877
Epoch: 896, Loss: 0.3856
Epoch: 901, Loss: 0.3864
Epoch: 906, Loss: 0.3865
Epoch: 911, Loss: 0.3974
Epoch: 916, Loss: 0.3899
Epoch: 921, Loss: 0.3865
Epoch: 926, Loss: 0.3842
Epoch: 931, Loss: 0.3837
Epoch: 936, Loss: 0.3831
Epoch: 941, Loss: 0.3841
Epoch: 946, Loss: 0.3840
Epoch: 951, Loss: 0.3850
Epoch: 956, Loss: 0.3829
Epoch: 961, Loss: 0.3837
Epoch: 966, Loss: 0.3813
Epoch: 971, Loss: 0.3918
Epoch: 976, Loss: 0.3922
Epoch: 981, Loss: 0.5120
Epoch: 986, Loss: 0.4874
Epoch: 991, Loss: 0.4834
Epoch: 996, Loss: 0.4679
Epoch: 1001, Loss: 0.4524
Elapsed time 0.1341 min
test data and predicted data:

avg Test Accuracy: 0.8441  avg Test AUC: 0.8967  avg Test PRE: 0.8398
