====================================================================================================
data: HeteroData(
  drug={
    node_id=[6823],
    x=[6823, 12],
  },
  protein={
    node_id=[4650],
    x=[4650, 20],
  },
  (drug, interaction, protein)={ edge_index=[2, 23705] },
  (protein, rev_interaction, drug)={ edge_index=[2, 23705] }
)
====================================================================================================
****************************************************************************************************
train data: HeteroData(
  drug={
    node_id=[6823],
    x=[6823, 12],
  },
  protein={
    node_id=[4650],
    x=[4650, 20],
  },
  (drug, interaction, protein)={
    edge_index=[2, 13276],
    edge_label=[9954],
    edge_label_index=[2, 9954],
  },
  (protein, rev_interaction, drug)={ edge_index=[2, 13276] }
)
****************************************************************************************************
val data: HeteroData(
  drug={
    node_id=[6823],
    x=[6823, 12],
  },
  protein={
    node_id=[4650],
    x=[4650, 20],
  },
  (drug, interaction, protein)={
    edge_index=[2, 16594],
    edge_label=[7110],
    edge_label_index=[2, 7110],
  },
  (protein, rev_interaction, drug)={ edge_index=[2, 16594] }
)
****************************************************************************************************
test data: HeteroData(
  drug={
    node_id=[6823],
    x=[6823, 12],
  },
  protein={
    node_id=[4650],
    x=[4650, 20],
  },
  (drug, interaction, protein)={
    edge_index=[2, 18964],
    edge_label=[14223],
    edge_label_index=[2, 14223],
  },
  (protein, rev_interaction, drug)={ edge_index=[2, 18964] }
)
****************************************************************************************************
edge_x: torch.Size([9954, 32])
labels: torch.Size([9954])
edge_x: torch.Size([7110, 32])
labels: torch.Size([7110])
edge_x: torch.Size([14223, 32])
labels: torch.Size([14223])
model: HGT(
  (lin_dict): ModuleDict(
    (drug): Linear(-1, 64, bias=True)
    (protein): Linear(-1, 64, bias=True)
  )
  (convs): ModuleList(
    (0-1): 2 x HGTConv(-1, 64, heads=1)
  )
  (lin): Linear(128, 1, bias=True)
)
Epoch: 6, Loss: 4.3139
Epoch: 11, Loss: 0.9645
Epoch: 16, Loss: 0.6426
Epoch: 21, Loss: 0.6305
Epoch: 26, Loss: 0.6277
Epoch: 31, Loss: 0.6083
Epoch: 36, Loss: 0.5964
Epoch: 41, Loss: 0.5996
Epoch: 46, Loss: 0.5902
Epoch: 51, Loss: 0.5820
Epoch: 56, Loss: 0.5770
Epoch: 61, Loss: 0.5570
Epoch: 66, Loss: 0.5364
Epoch: 71, Loss: 0.5268
Epoch: 76, Loss: 0.5254
Epoch: 81, Loss: 0.5307
Epoch: 86, Loss: 0.5189
Epoch: 91, Loss: 0.5187
Epoch: 96, Loss: 0.5171
Epoch: 101, Loss: 0.5158
Epoch: 106, Loss: 0.5147
Epoch: 111, Loss: 0.5143
Epoch: 116, Loss: 0.5139
Epoch: 121, Loss: 0.5132
Epoch: 126, Loss: 0.5125
Epoch: 131, Loss: 0.5118
Epoch: 136, Loss: 0.5107
Epoch: 141, Loss: 0.5104
Epoch: 146, Loss: 0.5171
Epoch: 151, Loss: 0.5168
Epoch: 156, Loss: 0.5167
Epoch: 161, Loss: 0.5149
Epoch: 166, Loss: 0.5132
Epoch: 171, Loss: 0.5120
Epoch: 176, Loss: 0.5114
Epoch: 181, Loss: 0.5113
Epoch: 186, Loss: 0.5111
Epoch: 191, Loss: 0.5107
Epoch: 196, Loss: 0.5105
Epoch: 201, Loss: 0.5102
Epoch: 206, Loss: 0.5099
Epoch: 211, Loss: 0.5094
Epoch: 216, Loss: 0.5091
Epoch: 221, Loss: 0.5087
Epoch: 226, Loss: 0.5083
Epoch: 231, Loss: 0.5078
Epoch: 236, Loss: 0.5072
Epoch: 241, Loss: 0.5067
Epoch: 246, Loss: 0.5061
Epoch: 251, Loss: 0.5069
Epoch: 256, Loss: 0.5062
Epoch: 261, Loss: 0.5051
Epoch: 266, Loss: 0.5077
Epoch: 271, Loss: 0.5075
Epoch: 276, Loss: 0.5063
Epoch: 281, Loss: 0.5058
Epoch: 286, Loss: 0.5054
Epoch: 291, Loss: 0.5049
Epoch: 296, Loss: 0.5062
Epoch: 301, Loss: 0.5093
Epoch: 306, Loss: 0.5064
Epoch: 311, Loss: 0.5021
Epoch: 316, Loss: 0.5044
Epoch: 321, Loss: 0.5015
Epoch: 326, Loss: 0.5001
Epoch: 331, Loss: 0.4992
Epoch: 336, Loss: 0.5024
Epoch: 341, Loss: 0.5009
Epoch: 346, Loss: 0.5031
Epoch: 351, Loss: 0.5013
Epoch: 356, Loss: 0.5083
Epoch: 361, Loss: 0.5022
Epoch: 366, Loss: 0.4997
Epoch: 371, Loss: 0.4980
Epoch: 376, Loss: 0.4973
Epoch: 381, Loss: 0.4960
Epoch: 386, Loss: 0.4948
Epoch: 391, Loss: 0.4941
Epoch: 396, Loss: 0.4928
Epoch: 401, Loss: 0.4932
Epoch: 406, Loss: 0.4943
Epoch: 411, Loss: 0.5006
Epoch: 416, Loss: 0.5056
Epoch: 421, Loss: 0.5035
Epoch: 426, Loss: 0.5011
Epoch: 431, Loss: 0.4985
Epoch: 436, Loss: 0.4968
Epoch: 441, Loss: 0.4957
Epoch: 446, Loss: 0.4941
Epoch: 451, Loss: 0.4964
Epoch: 456, Loss: 0.4956
Epoch: 461, Loss: 0.4936
Epoch: 466, Loss: 0.4952
Epoch: 471, Loss: 0.4946
Epoch: 476, Loss: 0.4915
Epoch: 481, Loss: 0.4963
Epoch: 486, Loss: 0.5027
Epoch: 491, Loss: 0.4989
Epoch: 496, Loss: 0.4962
Epoch: 501, Loss: 0.4946
Epoch: 506, Loss: 0.4913
Epoch: 511, Loss: 0.4893
Epoch: 516, Loss: 0.4874
Epoch: 521, Loss: 0.4863
Epoch: 526, Loss: 0.4846
Epoch: 531, Loss: 0.4854
Epoch: 536, Loss: 0.4907
Epoch: 541, Loss: 0.4840
Epoch: 546, Loss: 0.4846
Epoch: 551, Loss: 0.4833
Epoch: 556, Loss: 0.4843
Epoch: 561, Loss: 0.4831
Epoch: 566, Loss: 0.4827
Epoch: 571, Loss: 0.4825
Epoch: 576, Loss: 0.4826
Epoch: 581, Loss: 0.4845
Epoch: 586, Loss: 0.4862
Epoch: 591, Loss: 0.4879
Epoch: 596, Loss: 0.4855
Epoch: 601, Loss: 0.4854
Epoch: 606, Loss: 0.4847
Epoch: 611, Loss: 0.4837
Epoch: 616, Loss: 0.4831
Epoch: 621, Loss: 0.4821
Epoch: 626, Loss: 0.4820
Epoch: 631, Loss: 0.4816
Epoch: 636, Loss: 0.4814
Epoch: 641, Loss: 0.4882
Epoch: 646, Loss: 0.4862
Epoch: 651, Loss: 0.4836
Epoch: 656, Loss: 0.4829
Epoch: 661, Loss: 0.4813
Epoch: 666, Loss: 0.4813
Epoch: 671, Loss: 0.4809
Epoch: 676, Loss: 0.4807
Epoch: 681, Loss: 0.4804
Epoch: 686, Loss: 0.4805
Epoch: 691, Loss: 0.4823
Epoch: 696, Loss: 0.4816
Epoch: 701, Loss: 0.4806
Epoch: 706, Loss: 0.4811
Epoch: 711, Loss: 0.4803
Epoch: 716, Loss: 0.4800
Epoch: 721, Loss: 0.4796
Epoch: 726, Loss: 0.4792
Epoch: 731, Loss: 0.4792
Epoch: 736, Loss: 0.4792
Epoch: 741, Loss: 0.4788
Epoch: 746, Loss: 0.4786
Epoch: 751, Loss: 0.4796
Epoch: 756, Loss: 0.6031
Epoch: 761, Loss: 0.6834
Epoch: 766, Loss: 4.1025
Epoch: 771, Loss: 2.1830
Epoch: 776, Loss: 1.3405
Epoch: 781, Loss: 49.8926
Epoch: 786, Loss: 49.8294
Epoch: 791, Loss: 49.8135
Epoch: 796, Loss: 49.8092
Epoch: 801, Loss: 49.7966
Epoch: 806, Loss: 49.8024
Epoch: 811, Loss: 49.7960
Epoch: 816, Loss: 49.7980
Epoch: 821, Loss: 49.7956
Epoch: 826, Loss: 49.7963
Epoch: 831, Loss: 49.7954
Epoch: 836, Loss: 49.7956
Epoch: 841, Loss: 49.7953
Epoch: 846, Loss: 49.7953
Epoch: 851, Loss: 49.7952
Epoch: 856, Loss: 49.7952
Epoch: 861, Loss: 49.7952
Epoch: 866, Loss: 49.7951
Epoch: 871, Loss: 49.7951
Epoch: 876, Loss: 49.7951
Epoch: 881, Loss: 49.7951
Epoch: 886, Loss: 49.7951
Epoch: 891, Loss: 49.7951
Epoch: 896, Loss: 49.7951
Epoch: 901, Loss: 49.7951
Epoch: 906, Loss: 49.7951
Epoch: 911, Loss: 49.7951
Epoch: 916, Loss: 49.7951
Epoch: 921, Loss: 49.7951
Epoch: 926, Loss: 49.7951
Epoch: 931, Loss: 49.7951
Epoch: 936, Loss: 49.7951
Epoch: 941, Loss: 49.7951
Epoch: 946, Loss: 49.7951
Epoch: 951, Loss: 49.7951
Epoch: 956, Loss: 49.7951
Epoch: 961, Loss: 49.7951
Epoch: 966, Loss: 49.7950
Epoch: 971, Loss: 49.7950
Epoch: 976, Loss: 49.7950
Epoch: 981, Loss: 49.7950
Epoch: 986, Loss: 49.7950
Epoch: 991, Loss: 49.7950
Epoch: 996, Loss: 49.7950
Epoch: 1001, Loss: 49.7950
Elapsed time 0.1238 min
test data and predicted data:

Epoch: 6, Loss: 49.7950
Epoch: 11, Loss: 49.7950
Epoch: 16, Loss: 49.7950
Epoch: 21, Loss: 49.7950
Epoch: 26, Loss: 49.7950
Epoch: 31, Loss: 49.7950
Epoch: 36, Loss: 49.7950
Epoch: 41, Loss: 49.7950
Epoch: 46, Loss: 49.7950
Epoch: 51, Loss: 49.7950
Epoch: 56, Loss: 49.7950
Epoch: 61, Loss: 49.7950
Epoch: 66, Loss: 49.7950
Epoch: 71, Loss: 49.7950
Epoch: 76, Loss: 49.7950
Epoch: 81, Loss: 49.7950
Epoch: 86, Loss: 49.7950
Epoch: 91, Loss: 49.7950
Epoch: 96, Loss: 49.7950
Epoch: 101, Loss: 49.7950
Epoch: 106, Loss: 49.7950
Epoch: 111, Loss: 49.7950
Epoch: 116, Loss: 49.7950
Epoch: 121, Loss: 49.7950
Epoch: 126, Loss: 49.7950
Epoch: 131, Loss: 49.7950
Epoch: 136, Loss: 49.7950
Epoch: 141, Loss: 49.7950
Epoch: 146, Loss: 49.7950
Epoch: 151, Loss: 49.7950
Epoch: 156, Loss: 49.7950
Epoch: 161, Loss: 49.7950
Epoch: 166, Loss: 49.7950
Epoch: 171, Loss: 49.7950
Epoch: 176, Loss: 49.7950
Epoch: 181, Loss: 49.7950
Epoch: 186, Loss: 49.7949
Epoch: 191, Loss: 49.7949
Epoch: 196, Loss: 49.7949
Epoch: 201, Loss: 49.7949
Epoch: 206, Loss: 49.7949
Epoch: 211, Loss: 49.7949
Epoch: 216, Loss: 49.7949
Epoch: 221, Loss: 49.7949
Epoch: 226, Loss: 49.7949
Epoch: 231, Loss: 49.7949
Epoch: 236, Loss: 49.7949
Epoch: 241, Loss: 49.7949
Epoch: 246, Loss: 49.7949
Epoch: 251, Loss: 49.7949
Epoch: 256, Loss: 49.7949
Epoch: 261, Loss: 49.7949
Epoch: 266, Loss: 49.7949
Epoch: 271, Loss: 49.7949
Epoch: 276, Loss: 49.7949
Epoch: 281, Loss: 49.7949
Epoch: 286, Loss: 49.7949
Epoch: 291, Loss: 49.7949
Epoch: 296, Loss: 49.7949
Epoch: 301, Loss: 49.7949
Epoch: 306, Loss: 49.7949
Epoch: 311, Loss: 49.7949
Epoch: 316, Loss: 49.7949
Epoch: 321, Loss: 49.7949
Epoch: 326, Loss: 49.7949
Epoch: 331, Loss: 49.7949
Epoch: 336, Loss: 49.7949
Epoch: 341, Loss: 49.7949
Epoch: 346, Loss: 49.7949
Epoch: 351, Loss: 49.7949
Epoch: 356, Loss: 49.7949
Epoch: 361, Loss: 49.7949
Epoch: 366, Loss: 49.7949
Epoch: 371, Loss: 49.7949
Epoch: 376, Loss: 49.7949
Epoch: 381, Loss: 49.7949
Epoch: 386, Loss: 49.7949
Epoch: 391, Loss: 49.7949
Epoch: 396, Loss: 49.7949
Epoch: 401, Loss: 49.7949
Epoch: 406, Loss: 49.7948
Epoch: 411, Loss: 49.7948
Epoch: 416, Loss: 49.7948
Epoch: 421, Loss: 49.7948
Epoch: 426, Loss: 49.7948
Epoch: 431, Loss: 49.7948
Epoch: 436, Loss: 49.7948
Epoch: 441, Loss: 49.7948
Epoch: 446, Loss: 49.7948
Epoch: 451, Loss: 49.7948
Epoch: 456, Loss: 49.7948
Epoch: 461, Loss: 49.7948
Epoch: 466, Loss: 49.7948
Epoch: 471, Loss: 49.7948
Epoch: 476, Loss: 49.7948
Epoch: 481, Loss: 49.7948
Epoch: 486, Loss: 49.7948
Epoch: 491, Loss: 49.7948
Epoch: 496, Loss: 49.7948
Epoch: 501, Loss: 49.7948
Epoch: 506, Loss: 49.7948
Epoch: 511, Loss: 49.7948
Epoch: 516, Loss: 49.7948
Epoch: 521, Loss: 49.7948
Epoch: 526, Loss: 49.7948
Epoch: 531, Loss: 49.7948
Epoch: 536, Loss: 49.7948
Epoch: 541, Loss: 49.7948
Epoch: 546, Loss: 49.7948
Epoch: 551, Loss: 49.7948
Epoch: 556, Loss: 49.7948
Epoch: 561, Loss: 49.7948
Epoch: 566, Loss: 49.7948
Epoch: 571, Loss: 49.7948
Epoch: 576, Loss: 49.7947
Epoch: 581, Loss: 49.7947
Epoch: 586, Loss: 49.7947
Epoch: 591, Loss: 49.7947
Epoch: 596, Loss: 49.7947
Epoch: 601, Loss: 49.7947
Epoch: 606, Loss: 49.7947
Epoch: 611, Loss: 49.7947
Epoch: 616, Loss: 49.7947
Epoch: 621, Loss: 49.7947
Epoch: 626, Loss: 49.7947
Epoch: 631, Loss: 49.7947
Epoch: 636, Loss: 49.7947
Epoch: 641, Loss: 49.7947
Epoch: 646, Loss: 49.7947
Epoch: 651, Loss: 49.7947
Epoch: 656, Loss: 49.7947
Epoch: 661, Loss: 49.7947
Epoch: 666, Loss: 49.7947
Epoch: 671, Loss: 49.7947
Epoch: 676, Loss: 49.7947
Epoch: 681, Loss: 49.7947
Epoch: 686, Loss: 49.7947
Epoch: 691, Loss: 49.7947
Epoch: 696, Loss: 49.7947
Epoch: 701, Loss: 49.7947
Epoch: 706, Loss: 49.7947
Epoch: 711, Loss: 49.7947
Epoch: 716, Loss: 49.7947
Epoch: 721, Loss: 49.7947
Epoch: 726, Loss: 49.7947
Epoch: 731, Loss: 49.7947
Epoch: 736, Loss: 49.7946
Epoch: 741, Loss: 49.7946
Epoch: 746, Loss: 49.7946
Epoch: 751, Loss: 49.7946
Epoch: 756, Loss: 49.7946
Epoch: 761, Loss: 49.7946
Epoch: 766, Loss: 49.7946
Epoch: 771, Loss: 49.7946
Epoch: 776, Loss: 49.7946
Epoch: 781, Loss: 49.7946
Epoch: 786, Loss: 49.7946
Epoch: 791, Loss: 49.7946
Epoch: 796, Loss: 49.7946
Epoch: 801, Loss: 49.7946
Epoch: 806, Loss: 49.7946
Epoch: 811, Loss: 49.7946
Epoch: 816, Loss: 49.7946
Epoch: 821, Loss: 49.7946
Epoch: 826, Loss: 49.7946
Epoch: 831, Loss: 49.7946
Epoch: 836, Loss: 49.7946
Epoch: 841, Loss: 49.7946
Epoch: 846, Loss: 49.7946
Epoch: 851, Loss: 49.7946
Epoch: 856, Loss: 49.7946
Epoch: 861, Loss: 49.7946
Epoch: 866, Loss: 49.7946
Epoch: 871, Loss: 49.7946
Epoch: 876, Loss: 49.7946
Epoch: 881, Loss: 49.7946
Epoch: 886, Loss: 49.7945
Epoch: 891, Loss: 49.7945
Epoch: 896, Loss: 49.7945
Epoch: 901, Loss: 49.7945
Epoch: 906, Loss: 49.7945
Epoch: 911, Loss: 49.7945
Epoch: 916, Loss: 49.7945
Epoch: 921, Loss: 49.7945
Epoch: 926, Loss: 49.7945
Epoch: 931, Loss: 49.7945
Epoch: 936, Loss: 49.7945
Epoch: 941, Loss: 49.7945
Epoch: 946, Loss: 49.7945
Epoch: 951, Loss: 49.7945
Epoch: 956, Loss: 49.7945
Epoch: 961, Loss: 49.7945
Epoch: 966, Loss: 49.7945
Epoch: 971, Loss: 49.7945
Epoch: 976, Loss: 49.7945
Epoch: 981, Loss: 49.7945
Epoch: 986, Loss: 49.7945
Epoch: 991, Loss: 49.7945
Epoch: 996, Loss: 49.7945
Epoch: 1001, Loss: 49.7945
Elapsed time 0.1231 min
test data and predicted data:

Epoch: 6, Loss: 49.7945
Epoch: 11, Loss: 49.7945
Epoch: 16, Loss: 49.7945
Epoch: 21, Loss: 49.7945
Epoch: 26, Loss: 49.7944
Epoch: 31, Loss: 49.7944
Epoch: 36, Loss: 49.7944
Epoch: 41, Loss: 49.7944
Epoch: 46, Loss: 49.7944
Epoch: 51, Loss: 49.7944
Epoch: 56, Loss: 49.7944
Epoch: 61, Loss: 49.7944
Epoch: 66, Loss: 49.7944
Epoch: 71, Loss: 49.7944
Epoch: 76, Loss: 49.7944
Epoch: 81, Loss: 49.7944
Epoch: 86, Loss: 49.7944
Epoch: 91, Loss: 49.7944
Epoch: 96, Loss: 49.7944
Epoch: 101, Loss: 49.7944
Epoch: 106, Loss: 49.7944
Epoch: 111, Loss: 49.7944
Epoch: 116, Loss: 49.7944
Epoch: 121, Loss: 49.7944
Epoch: 126, Loss: 49.7944
Epoch: 131, Loss: 49.7944
Epoch: 136, Loss: 49.7944
Epoch: 141, Loss: 49.7944
Epoch: 146, Loss: 49.7944
Epoch: 151, Loss: 49.7944
Epoch: 156, Loss: 49.7944
Epoch: 161, Loss: 49.7944
Epoch: 166, Loss: 49.7944
Epoch: 171, Loss: 49.7944
Epoch: 176, Loss: 49.7943
Epoch: 181, Loss: 49.7943
Epoch: 186, Loss: 49.7943
Epoch: 191, Loss: 49.7943
Epoch: 196, Loss: 49.7943
Epoch: 201, Loss: 49.7943
Epoch: 206, Loss: 49.7943
Epoch: 211, Loss: 49.7943
Epoch: 216, Loss: 49.7943
Epoch: 221, Loss: 49.7943
Epoch: 226, Loss: 49.7943
Epoch: 231, Loss: 49.7943
Epoch: 236, Loss: 49.7943
Epoch: 241, Loss: 49.7943
Epoch: 246, Loss: 49.7943
Epoch: 251, Loss: 49.7943
Epoch: 256, Loss: 49.7943
Epoch: 261, Loss: 49.7943
Epoch: 266, Loss: 49.7943
Epoch: 271, Loss: 49.7943
Epoch: 276, Loss: 49.7943
Epoch: 281, Loss: 49.7943
Epoch: 286, Loss: 49.7943
Epoch: 291, Loss: 49.7943
Epoch: 296, Loss: 49.7943
Epoch: 301, Loss: 49.7943
Epoch: 306, Loss: 49.7943
Epoch: 311, Loss: 49.7943
Epoch: 316, Loss: 49.7943
Epoch: 321, Loss: 49.7943
Epoch: 326, Loss: 49.7942
Epoch: 331, Loss: 49.7942
Epoch: 336, Loss: 49.7942
Epoch: 341, Loss: 49.7942
Epoch: 346, Loss: 49.7942
Epoch: 351, Loss: 49.7942
Epoch: 356, Loss: 49.7942
Epoch: 361, Loss: 49.7942
Epoch: 366, Loss: 49.7942
Epoch: 371, Loss: 49.7942
Epoch: 376, Loss: 49.7942
Epoch: 381, Loss: 49.7942
Epoch: 386, Loss: 49.7942
Epoch: 391, Loss: 49.7942
Epoch: 396, Loss: 49.7942
Epoch: 401, Loss: 49.7942
Epoch: 406, Loss: 49.7942
Epoch: 411, Loss: 49.7942
Epoch: 416, Loss: 49.7942
Epoch: 421, Loss: 49.7942
Epoch: 426, Loss: 49.7942
Epoch: 431, Loss: 49.7942
Epoch: 436, Loss: 49.7942
Epoch: 441, Loss: 49.7942
Epoch: 446, Loss: 49.7942
Epoch: 451, Loss: 49.7942
Epoch: 456, Loss: 49.7941
Epoch: 461, Loss: 49.7941
Epoch: 466, Loss: 49.7941
Epoch: 471, Loss: 49.7941
Epoch: 476, Loss: 49.7941
Epoch: 481, Loss: 49.7941
Epoch: 486, Loss: 49.7941
Epoch: 491, Loss: 49.7941
Epoch: 496, Loss: 49.7941
Epoch: 501, Loss: 49.7941
Epoch: 506, Loss: 49.7941
Epoch: 511, Loss: 49.7941
Epoch: 516, Loss: 49.7941
Epoch: 521, Loss: 49.7941
Epoch: 526, Loss: 49.7941
Epoch: 531, Loss: 49.7941
Epoch: 536, Loss: 49.7941
Epoch: 541, Loss: 49.7941
Epoch: 546, Loss: 49.7941
Epoch: 551, Loss: 49.7941
Epoch: 556, Loss: 49.7941
Epoch: 561, Loss: 49.7941
Epoch: 566, Loss: 49.7941
Epoch: 571, Loss: 49.7941
Epoch: 576, Loss: 49.7941
Epoch: 581, Loss: 49.7940
Epoch: 586, Loss: 49.7940
Epoch: 591, Loss: 49.7940
Epoch: 596, Loss: 49.7940
Epoch: 601, Loss: 49.7940
Epoch: 606, Loss: 49.7940
Epoch: 611, Loss: 49.7940
Epoch: 616, Loss: 49.7940
Epoch: 621, Loss: 49.7940
Epoch: 626, Loss: 49.7940
Epoch: 631, Loss: 49.7940
Epoch: 636, Loss: 49.7940
Epoch: 641, Loss: 49.7940
Epoch: 646, Loss: 49.7940
Epoch: 651, Loss: 49.7940
Epoch: 656, Loss: 49.7940
Epoch: 661, Loss: 49.7940
Epoch: 666, Loss: 49.7940
Epoch: 671, Loss: 49.7940
Epoch: 676, Loss: 49.7940
Epoch: 681, Loss: 49.7940
Epoch: 686, Loss: 49.7939
Epoch: 691, Loss: 49.7939
Epoch: 696, Loss: 49.7939
Epoch: 701, Loss: 49.7939
Epoch: 706, Loss: 49.7939
Epoch: 711, Loss: 49.7939
Epoch: 716, Loss: 49.7939
Epoch: 721, Loss: 49.7939
Epoch: 726, Loss: 49.7939
Epoch: 731, Loss: 49.7939
Epoch: 736, Loss: 49.7939
Epoch: 741, Loss: 49.7939
Epoch: 746, Loss: 49.7939
Epoch: 751, Loss: 49.7939
Epoch: 756, Loss: 49.7939
Epoch: 761, Loss: 49.7939
Epoch: 766, Loss: 49.7939
Epoch: 771, Loss: 49.7938
Epoch: 776, Loss: 49.7938
Epoch: 781, Loss: 49.7938
Epoch: 786, Loss: 49.7938
Epoch: 791, Loss: 49.7938
Epoch: 796, Loss: 49.7938
Epoch: 801, Loss: 49.7938
Epoch: 806, Loss: 49.7938
Epoch: 811, Loss: 49.7938
Epoch: 816, Loss: 49.7938
Epoch: 821, Loss: 49.7938
Epoch: 826, Loss: 49.7938
Epoch: 831, Loss: 49.7938
Epoch: 836, Loss: 49.7938
Epoch: 841, Loss: 49.7938
Epoch: 846, Loss: 49.7937
Epoch: 851, Loss: 49.7937
Epoch: 856, Loss: 49.7937
Epoch: 861, Loss: 49.7937
Epoch: 866, Loss: 49.7937
Epoch: 871, Loss: 49.7937
Epoch: 876, Loss: 49.7937
Epoch: 881, Loss: 49.7937
Epoch: 886, Loss: 49.7937
Epoch: 891, Loss: 49.7937
Epoch: 896, Loss: 49.7936
Epoch: 901, Loss: 49.7936
Epoch: 906, Loss: 49.7936
Epoch: 911, Loss: 49.7936
Epoch: 916, Loss: 49.7936
Epoch: 921, Loss: 49.7936
Epoch: 926, Loss: 49.7936
Epoch: 931, Loss: 49.7936
Epoch: 936, Loss: 49.7936
Epoch: 941, Loss: 49.7935
Epoch: 946, Loss: 49.7935
Epoch: 951, Loss: 49.7935
Epoch: 956, Loss: 49.7935
Epoch: 961, Loss: 49.7935
Epoch: 966, Loss: 49.7935
Epoch: 971, Loss: 49.7935
Epoch: 976, Loss: 49.7934
Epoch: 981, Loss: 49.7934
Epoch: 986, Loss: 49.7934
Epoch: 991, Loss: 49.7934
Epoch: 996, Loss: 49.7934
Epoch: 1001, Loss: 49.7934
Elapsed time 0.1227 min
test data and predicted data:

Epoch: 6, Loss: 49.7933
Epoch: 11, Loss: 49.7933
Epoch: 16, Loss: 49.7933
Epoch: 21, Loss: 49.7933
Epoch: 26, Loss: 49.7933
Epoch: 31, Loss: 49.7932
Epoch: 36, Loss: 49.7932
Epoch: 41, Loss: 49.7932
Epoch: 46, Loss: 49.7932
Epoch: 51, Loss: 49.7932
Epoch: 56, Loss: 49.7931
Epoch: 61, Loss: 49.7931
Epoch: 66, Loss: 49.7931
Epoch: 71, Loss: 49.7930
Epoch: 76, Loss: 49.7930
Epoch: 81, Loss: 49.7930
Epoch: 86, Loss: 49.7930
Epoch: 91, Loss: 49.7929
Epoch: 96, Loss: 49.7929
Epoch: 101, Loss: 49.7929
Epoch: 106, Loss: 49.7928
Epoch: 111, Loss: 49.7928
Epoch: 116, Loss: 49.7927
Epoch: 121, Loss: 49.7927
Epoch: 126, Loss: 49.7926
Epoch: 131, Loss: 49.7926
Epoch: 136, Loss: 49.7926
Epoch: 141, Loss: 49.7925
Epoch: 146, Loss: 49.7925
Epoch: 151, Loss: 49.7924
Epoch: 156, Loss: 49.7923
Epoch: 161, Loss: 49.7923
Epoch: 166, Loss: 49.7922
Epoch: 171, Loss: 49.7922
Epoch: 176, Loss: 49.7921
Epoch: 181, Loss: 49.7920
Epoch: 186, Loss: 49.7920
Epoch: 191, Loss: 49.7919
Epoch: 196, Loss: 49.7918
Epoch: 201, Loss: 49.7917
Epoch: 206, Loss: 49.7917
Epoch: 211, Loss: 49.7916
Epoch: 216, Loss: 49.7915
Epoch: 221, Loss: 49.7914
Epoch: 226, Loss: 49.7913
Epoch: 231, Loss: 49.7912
Epoch: 236, Loss: 49.7911
Epoch: 241, Loss: 49.7910
Epoch: 246, Loss: 49.7908
Epoch: 251, Loss: 49.7907
Epoch: 256, Loss: 49.7906
Epoch: 261, Loss: 49.7904
Epoch: 266, Loss: 49.7903
Epoch: 271, Loss: 49.7902
Epoch: 276, Loss: 49.7900
Epoch: 281, Loss: 49.7899
Epoch: 286, Loss: 49.7897
Epoch: 291, Loss: 49.7896
Epoch: 296, Loss: 49.7894
Epoch: 301, Loss: 49.7892
Epoch: 306, Loss: 49.7891
Epoch: 311, Loss: 49.7889
Epoch: 316, Loss: 49.7888
Epoch: 321, Loss: 49.7887
Epoch: 326, Loss: 49.7885
Epoch: 331, Loss: 49.7884
Epoch: 336, Loss: 49.7883
Epoch: 341, Loss: 49.7882
Epoch: 346, Loss: 49.7881
Epoch: 351, Loss: 49.7880
Epoch: 356, Loss: 49.7879
Epoch: 361, Loss: 49.7878
Epoch: 366, Loss: 49.7877
Epoch: 371, Loss: 49.7876
Epoch: 376, Loss: 49.7875
Epoch: 381, Loss: 49.7874
Epoch: 386, Loss: 49.7873
Epoch: 391, Loss: 49.7872
Epoch: 396, Loss: 49.7871
Epoch: 401, Loss: 49.7871
Epoch: 406, Loss: 49.7870
Epoch: 411, Loss: 49.7869
Epoch: 416, Loss: 49.7869
Epoch: 421, Loss: 49.7868
Epoch: 426, Loss: 49.7868
Epoch: 431, Loss: 49.7867
Epoch: 436, Loss: 49.7867
Epoch: 441, Loss: 49.7866
Epoch: 446, Loss: 49.7866
Epoch: 451, Loss: 49.7865
Epoch: 456, Loss: 49.7865
Epoch: 461, Loss: 49.7865
Epoch: 466, Loss: 49.7864
Epoch: 471, Loss: 49.7864
Epoch: 476, Loss: 49.7864
Epoch: 481, Loss: 49.7863
Epoch: 486, Loss: 49.7863
Epoch: 491, Loss: 49.7862
Epoch: 496, Loss: 49.7862
Epoch: 501, Loss: 49.7862
Epoch: 506, Loss: 49.7861
Epoch: 511, Loss: 49.7861
Epoch: 516, Loss: 49.7861
Epoch: 521, Loss: 49.7861
Epoch: 526, Loss: 49.7860
Epoch: 531, Loss: 49.7860
Epoch: 536, Loss: 49.7860
Epoch: 541, Loss: 49.7859
Epoch: 546, Loss: 49.7859
Epoch: 551, Loss: 49.7859
Epoch: 556, Loss: 49.7859
Epoch: 561, Loss: 49.7858
Epoch: 566, Loss: 49.7858
Epoch: 571, Loss: 49.7858
Epoch: 576, Loss: 49.7858
Epoch: 581, Loss: 49.7857
Epoch: 586, Loss: 49.7857
Epoch: 591, Loss: 49.7857
Epoch: 596, Loss: 49.7857
Epoch: 601, Loss: 49.7856
Epoch: 606, Loss: 49.7856
Epoch: 611, Loss: 49.7856
Epoch: 616, Loss: 49.7856
Epoch: 621, Loss: 49.7856
Epoch: 626, Loss: 49.7855
Epoch: 631, Loss: 49.7855
Epoch: 636, Loss: 49.7855
Epoch: 641, Loss: 49.7855
Epoch: 646, Loss: 49.7855
Epoch: 651, Loss: 49.7855
Epoch: 656, Loss: 49.7854
Epoch: 661, Loss: 49.7854
Epoch: 666, Loss: 49.7854
Epoch: 671, Loss: 49.7854
Epoch: 676, Loss: 49.7854
Epoch: 681, Loss: 49.7854
Epoch: 686, Loss: 49.7853
Epoch: 691, Loss: 49.7853
Epoch: 696, Loss: 49.7853
Epoch: 701, Loss: 49.7853
Epoch: 706, Loss: 49.7853
Epoch: 711, Loss: 49.7853
Epoch: 716, Loss: 49.7853
Epoch: 721, Loss: 49.7853
Epoch: 726, Loss: 49.7852
Epoch: 731, Loss: 49.7852
Epoch: 736, Loss: 49.7852
Epoch: 741, Loss: 49.7852
Epoch: 746, Loss: 49.7852
Epoch: 751, Loss: 49.7852
Epoch: 756, Loss: 49.7852
Epoch: 761, Loss: 49.7852
Epoch: 766, Loss: 49.7852
Epoch: 771, Loss: 49.7851
Epoch: 776, Loss: 49.7851
Epoch: 781, Loss: 49.7851
Epoch: 786, Loss: 49.7851
Epoch: 791, Loss: 49.7851
Epoch: 796, Loss: 49.7851
Epoch: 801, Loss: 49.7851
Epoch: 806, Loss: 49.7851
Epoch: 811, Loss: 49.7851
Epoch: 816, Loss: 49.7851
Epoch: 821, Loss: 49.7851
Epoch: 826, Loss: 49.7851
Epoch: 831, Loss: 49.7850
Epoch: 836, Loss: 49.7850
Epoch: 841, Loss: 49.7850
Epoch: 846, Loss: 49.7850
Epoch: 851, Loss: 49.7850
Epoch: 856, Loss: 49.7850
Epoch: 861, Loss: 49.7850
Epoch: 866, Loss: 49.7850
Epoch: 871, Loss: 49.7850
Epoch: 876, Loss: 49.7850
Epoch: 881, Loss: 49.7850
Epoch: 886, Loss: 49.7850
Epoch: 891, Loss: 49.7850
Epoch: 896, Loss: 49.7850
Epoch: 901, Loss: 49.7850
Epoch: 906, Loss: 49.7850
Epoch: 911, Loss: 49.7850
Epoch: 916, Loss: 49.7850
Epoch: 921, Loss: 49.7850
Epoch: 926, Loss: 49.7849
Epoch: 931, Loss: 49.7849
Epoch: 936, Loss: 49.7849
Epoch: 941, Loss: 49.7849
Epoch: 946, Loss: 49.7849
Epoch: 951, Loss: 49.7849
Epoch: 956, Loss: 49.7849
Epoch: 961, Loss: 49.7849
Epoch: 966, Loss: 49.7848
Epoch: 971, Loss: 49.7848
Epoch: 976, Loss: 49.7848
Epoch: 981, Loss: 49.7848
Epoch: 986, Loss: 49.7848
Epoch: 991, Loss: 49.7848
Epoch: 996, Loss: 49.7848
Epoch: 1001, Loss: 49.7848
Elapsed time 0.1224 min
test data and predicted data:

Epoch: 6, Loss: 49.7848
Epoch: 11, Loss: 49.7848
Epoch: 16, Loss: 49.7848
Epoch: 21, Loss: 49.7848
Epoch: 26, Loss: 49.7847
Epoch: 31, Loss: 49.7847
Epoch: 36, Loss: 49.7847
Epoch: 41, Loss: 49.7847
Epoch: 46, Loss: 49.7847
Epoch: 51, Loss: 49.7847
Epoch: 56, Loss: 49.7847
Epoch: 61, Loss: 49.7847
Epoch: 66, Loss: 49.7847
Epoch: 71, Loss: 49.7847
Epoch: 76, Loss: 49.7847
Epoch: 81, Loss: 49.7847
Epoch: 86, Loss: 49.7847
Epoch: 91, Loss: 49.7847
Epoch: 96, Loss: 49.7847
Epoch: 101, Loss: 49.7847
Epoch: 106, Loss: 49.7847
Epoch: 111, Loss: 49.7847
Epoch: 116, Loss: 49.7847
Epoch: 121, Loss: 49.7847
Epoch: 126, Loss: 49.7847
Epoch: 131, Loss: 49.7846
Epoch: 136, Loss: 49.7846
Epoch: 141, Loss: 49.7846
Epoch: 146, Loss: 49.7846
Epoch: 151, Loss: 49.7846
Epoch: 156, Loss: 49.7846
Epoch: 161, Loss: 49.7846
Epoch: 166, Loss: 49.7846
Epoch: 171, Loss: 49.7846
Epoch: 176, Loss: 49.7846
Epoch: 181, Loss: 49.7846
Epoch: 186, Loss: 49.7846
Epoch: 191, Loss: 49.7846
Epoch: 196, Loss: 49.7846
Epoch: 201, Loss: 49.7846
Epoch: 206, Loss: 49.7846
Epoch: 211, Loss: 49.7846
Epoch: 216, Loss: 49.7846
Epoch: 221, Loss: 49.7846
Epoch: 226, Loss: 49.7846
Epoch: 231, Loss: 49.7846
Epoch: 236, Loss: 49.7846
Epoch: 241, Loss: 49.7846
Epoch: 246, Loss: 49.7846
Epoch: 251, Loss: 49.7846
Epoch: 256, Loss: 49.7846
Epoch: 261, Loss: 49.7846
Epoch: 266, Loss: 49.7845
Epoch: 271, Loss: 49.7845
Epoch: 276, Loss: 49.7845
Epoch: 281, Loss: 49.7845
Epoch: 286, Loss: 49.7845
Epoch: 291, Loss: 49.7845
Epoch: 296, Loss: 49.7845
Epoch: 301, Loss: 49.7845
Epoch: 306, Loss: 49.7845
Epoch: 311, Loss: 49.7845
Epoch: 316, Loss: 49.7845
Epoch: 321, Loss: 49.7845
Epoch: 326, Loss: 49.7845
Epoch: 331, Loss: 49.7845
Epoch: 336, Loss: 49.7845
Epoch: 341, Loss: 49.7845
Epoch: 346, Loss: 49.7845
Epoch: 351, Loss: 49.7845
Epoch: 356, Loss: 49.7845
Epoch: 361, Loss: 49.7845
Epoch: 366, Loss: 49.7845
Epoch: 371, Loss: 49.7845
Epoch: 376, Loss: 49.7845
Epoch: 381, Loss: 49.7845
Epoch: 386, Loss: 49.7845
Epoch: 391, Loss: 49.7845
Epoch: 396, Loss: 49.7845
Epoch: 401, Loss: 49.7845
Epoch: 406, Loss: 49.7845
Epoch: 411, Loss: 49.7844
Epoch: 416, Loss: 49.7844
Epoch: 421, Loss: 49.7844
Epoch: 426, Loss: 49.7844
Epoch: 431, Loss: 49.7844
Epoch: 436, Loss: 49.7844
Epoch: 441, Loss: 49.7844
Epoch: 446, Loss: 49.7844
Epoch: 451, Loss: 49.7844
Epoch: 456, Loss: 49.7844
Epoch: 461, Loss: 49.7844
Epoch: 466, Loss: 49.7844
Epoch: 471, Loss: 49.7844
Epoch: 476, Loss: 49.7844
Epoch: 481, Loss: 49.7844
Epoch: 486, Loss: 49.7844
Epoch: 491, Loss: 49.7844
Epoch: 496, Loss: 49.7844
Epoch: 501, Loss: 49.7844
Epoch: 506, Loss: 49.7844
Epoch: 511, Loss: 49.7844
Epoch: 516, Loss: 49.7844
Epoch: 521, Loss: 49.7844
Epoch: 526, Loss: 49.7844
Epoch: 531, Loss: 49.7844
Epoch: 536, Loss: 49.7844
Epoch: 541, Loss: 49.7844
Epoch: 546, Loss: 49.7844
Epoch: 551, Loss: 49.7844
Epoch: 556, Loss: 49.7844
Epoch: 561, Loss: 49.7844
Epoch: 566, Loss: 49.7844
Epoch: 571, Loss: 49.7844
Epoch: 576, Loss: 49.7843
Epoch: 581, Loss: 49.7843
Epoch: 586, Loss: 49.7843
Epoch: 591, Loss: 49.7843
Epoch: 596, Loss: 49.7843
Epoch: 601, Loss: 49.7843
Epoch: 606, Loss: 49.7843
Epoch: 611, Loss: 49.7843
Epoch: 616, Loss: 49.7843
Epoch: 621, Loss: 49.7843
Epoch: 626, Loss: 49.7843
Epoch: 631, Loss: 49.7843
Epoch: 636, Loss: 49.7843
Epoch: 641, Loss: 49.7843
Epoch: 646, Loss: 49.7843
Epoch: 651, Loss: 49.7843
Epoch: 656, Loss: 49.7843
Epoch: 661, Loss: 49.7843
Epoch: 666, Loss: 49.7843
Epoch: 671, Loss: 49.7843
Epoch: 676, Loss: 49.7843
Epoch: 681, Loss: 49.7843
Epoch: 686, Loss: 49.7843
Epoch: 691, Loss: 49.7843
Epoch: 696, Loss: 49.7843
Epoch: 701, Loss: 49.7843
Epoch: 706, Loss: 49.7843
Epoch: 711, Loss: 49.7843
Epoch: 716, Loss: 49.7843
Epoch: 721, Loss: 49.7843
Epoch: 726, Loss: 49.7843
Epoch: 731, Loss: 49.7842
Epoch: 736, Loss: 49.7842
Epoch: 741, Loss: 49.7842
Epoch: 746, Loss: 49.7842
Epoch: 751, Loss: 49.7842
Epoch: 756, Loss: 49.7842
Epoch: 761, Loss: 49.7842
Epoch: 766, Loss: 49.7842
Epoch: 771, Loss: 49.7842
Epoch: 776, Loss: 49.7842
Epoch: 781, Loss: 49.7842
Epoch: 786, Loss: 49.7842
Epoch: 791, Loss: 49.7842
Epoch: 796, Loss: 49.7842
Epoch: 801, Loss: 49.7842
Epoch: 806, Loss: 49.7842
Epoch: 811, Loss: 49.7842
Epoch: 816, Loss: 49.7842
Epoch: 821, Loss: 49.7842
Epoch: 826, Loss: 49.7842
Epoch: 831, Loss: 49.7842
Epoch: 836, Loss: 49.7842
Epoch: 841, Loss: 49.7842
Epoch: 846, Loss: 49.7842
Epoch: 851, Loss: 49.7842
Epoch: 856, Loss: 49.7842
Epoch: 861, Loss: 49.7842
Epoch: 866, Loss: 49.7842
Epoch: 871, Loss: 49.7842
Epoch: 876, Loss: 49.7842
Epoch: 881, Loss: 49.7842
Epoch: 886, Loss: 49.7842
Epoch: 891, Loss: 49.7842
Epoch: 896, Loss: 49.7842
Epoch: 901, Loss: 49.7842
Epoch: 906, Loss: 49.7842
Epoch: 911, Loss: 49.7842
Epoch: 916, Loss: 49.7841
Epoch: 921, Loss: 49.7841
Epoch: 926, Loss: 49.7841
Epoch: 931, Loss: 49.7841
Epoch: 936, Loss: 49.7841
Epoch: 941, Loss: 49.7841
Epoch: 946, Loss: 49.7841
Epoch: 951, Loss: 49.7841
Epoch: 956, Loss: 49.7841
Epoch: 961, Loss: 49.7841
Epoch: 966, Loss: 49.7841
Epoch: 971, Loss: 49.7841
Epoch: 976, Loss: 49.7841
Epoch: 981, Loss: 49.7841
Epoch: 986, Loss: 49.7841
Epoch: 991, Loss: 49.7841
Epoch: 996, Loss: 49.7841
Epoch: 1001, Loss: 49.7841
Elapsed time 0.1240 min
test data and predicted data:

Epoch: 6, Loss: 49.7841
Epoch: 11, Loss: 49.7841
Epoch: 16, Loss: 49.7841
Epoch: 21, Loss: 49.7841
Epoch: 26, Loss: 49.7841
Epoch: 31, Loss: 49.7841
Epoch: 36, Loss: 49.7840
Epoch: 41, Loss: 49.7840
Epoch: 46, Loss: 49.7840
Epoch: 51, Loss: 49.7840
Epoch: 56, Loss: 49.7840
Epoch: 61, Loss: 49.7840
Epoch: 66, Loss: 49.7840
Epoch: 71, Loss: 49.7840
Epoch: 76, Loss: 49.7840
Epoch: 81, Loss: 49.7840
Epoch: 86, Loss: 49.7839
Epoch: 91, Loss: 49.7839
Epoch: 96, Loss: 49.7839
Epoch: 101, Loss: 49.7839
Epoch: 106, Loss: 49.7839
Epoch: 111, Loss: 49.7839
Epoch: 116, Loss: 49.7839
Epoch: 121, Loss: 49.7839
Epoch: 126, Loss: 49.7839
Epoch: 131, Loss: 49.7839
Epoch: 136, Loss: 49.7839
Epoch: 141, Loss: 49.7839
Epoch: 146, Loss: 49.7839
Epoch: 151, Loss: 49.7839
Epoch: 156, Loss: 49.7839
Epoch: 161, Loss: 49.7839
Epoch: 166, Loss: 49.7839
Epoch: 171, Loss: 49.7839
Epoch: 176, Loss: 49.7839
Epoch: 181, Loss: 49.7838
Epoch: 186, Loss: 49.7838
Epoch: 191, Loss: 49.7838
Epoch: 196, Loss: 49.7838
Epoch: 201, Loss: 49.7838
Epoch: 206, Loss: 49.7838
Epoch: 211, Loss: 49.7838
Epoch: 216, Loss: 49.7838
Epoch: 221, Loss: 49.7838
Epoch: 226, Loss: 49.7838
Epoch: 231, Loss: 49.7838
Epoch: 236, Loss: 49.7838
Epoch: 241, Loss: 49.7838
Epoch: 246, Loss: 49.7838
Epoch: 251, Loss: 49.7838
Epoch: 256, Loss: 49.7838
Epoch: 261, Loss: 49.7838
Epoch: 266, Loss: 49.7838
Epoch: 271, Loss: 49.7838
Epoch: 276, Loss: 49.7838
Epoch: 281, Loss: 49.7838
Epoch: 286, Loss: 49.7837
Epoch: 291, Loss: 49.7837
Epoch: 296, Loss: 49.7837
Epoch: 301, Loss: 49.7837
Epoch: 306, Loss: 49.7837
Epoch: 311, Loss: 49.7837
Epoch: 316, Loss: 49.7837
Epoch: 321, Loss: 49.7837
Epoch: 326, Loss: 49.7837
Epoch: 331, Loss: 49.7837
Epoch: 336, Loss: 49.7837
Epoch: 341, Loss: 49.7837
Epoch: 346, Loss: 49.7837
Epoch: 351, Loss: 49.7837
Epoch: 356, Loss: 49.7837
Epoch: 361, Loss: 49.7837
Epoch: 366, Loss: 49.7837
Epoch: 371, Loss: 49.7837
Epoch: 376, Loss: 49.7837
Epoch: 381, Loss: 49.7837
Epoch: 386, Loss: 49.7837
Epoch: 391, Loss: 49.7837
Epoch: 396, Loss: 49.7837
Epoch: 401, Loss: 49.7836
Epoch: 406, Loss: 49.7836
Epoch: 411, Loss: 49.7836
Epoch: 416, Loss: 49.7836
Epoch: 421, Loss: 49.7836
Epoch: 426, Loss: 49.7836
Epoch: 431, Loss: 49.7836
Epoch: 436, Loss: 49.7836
Epoch: 441, Loss: 49.7836
Epoch: 446, Loss: 49.7836
Epoch: 451, Loss: 49.7836
Epoch: 456, Loss: 49.7836
Epoch: 461, Loss: 49.7836
Epoch: 466, Loss: 49.7836
Epoch: 471, Loss: 49.7836
Epoch: 476, Loss: 49.7836
Epoch: 481, Loss: 49.7836
Epoch: 486, Loss: 49.7836
Epoch: 491, Loss: 49.7836
Epoch: 496, Loss: 49.7836
Epoch: 501, Loss: 49.7836
Epoch: 506, Loss: 49.7836
Epoch: 511, Loss: 49.7836
Epoch: 516, Loss: 49.7836
Epoch: 521, Loss: 49.7836
Epoch: 526, Loss: 49.7836
Epoch: 531, Loss: 49.7835
Epoch: 536, Loss: 49.7835
Epoch: 541, Loss: 49.7835
Epoch: 546, Loss: 49.7835
Epoch: 551, Loss: 49.7835
Epoch: 556, Loss: 49.7835
Epoch: 561, Loss: 49.7835
Epoch: 566, Loss: 49.7835
Epoch: 571, Loss: 49.7835
Epoch: 576, Loss: 49.7835
Epoch: 581, Loss: 49.7835
Epoch: 586, Loss: 49.7835
Epoch: 591, Loss: 49.7835
Epoch: 596, Loss: 49.7835
Epoch: 601, Loss: 49.7835
Epoch: 606, Loss: 49.7835
Epoch: 611, Loss: 49.7835
Epoch: 616, Loss: 49.7835
Epoch: 621, Loss: 49.7835
Epoch: 626, Loss: 49.7835
Epoch: 631, Loss: 49.7835
Epoch: 636, Loss: 49.7835
Epoch: 641, Loss: 49.7835
Epoch: 646, Loss: 49.7835
Epoch: 651, Loss: 49.7834
Epoch: 656, Loss: 49.7834
Epoch: 661, Loss: 49.7834
Epoch: 666, Loss: 49.7834
Epoch: 671, Loss: 49.7834
Epoch: 676, Loss: 49.7834
Epoch: 681, Loss: 49.7834
Epoch: 686, Loss: 49.7834
Epoch: 691, Loss: 49.7834
Epoch: 696, Loss: 49.7834
Epoch: 701, Loss: 49.7834
Epoch: 706, Loss: 49.7834
Epoch: 711, Loss: 49.7834
Epoch: 716, Loss: 49.7834
Epoch: 721, Loss: 49.7834
Epoch: 726, Loss: 49.7834
Epoch: 731, Loss: 49.7834
Epoch: 736, Loss: 49.7834
Epoch: 741, Loss: 49.7834
Epoch: 746, Loss: 49.7834
Epoch: 751, Loss: 49.7834
Epoch: 756, Loss: 49.7834
Epoch: 761, Loss: 49.7834
Epoch: 766, Loss: 49.7834
Epoch: 771, Loss: 49.7833
Epoch: 776, Loss: 49.7833
Epoch: 781, Loss: 49.7833
Epoch: 786, Loss: 49.7833
Epoch: 791, Loss: 49.7833
Epoch: 796, Loss: 49.7833
Epoch: 801, Loss: 49.7833
Epoch: 806, Loss: 49.7833
Epoch: 811, Loss: 49.7833
Epoch: 816, Loss: 49.7833
Epoch: 821, Loss: 49.7833
Epoch: 826, Loss: 49.7833
Epoch: 831, Loss: 49.7833
Epoch: 836, Loss: 49.7833
Epoch: 841, Loss: 49.7833
Epoch: 846, Loss: 49.7833
Epoch: 851, Loss: 49.7833
Epoch: 856, Loss: 49.7833
Epoch: 861, Loss: 49.7833
Epoch: 866, Loss: 49.7833
Epoch: 871, Loss: 49.7833
Epoch: 876, Loss: 49.7833
Epoch: 881, Loss: 49.7833
Epoch: 886, Loss: 49.7832
Epoch: 891, Loss: 49.7832
Epoch: 896, Loss: 49.7832
Epoch: 901, Loss: 49.7832
Epoch: 906, Loss: 49.7832
Epoch: 911, Loss: 49.7832
Epoch: 916, Loss: 49.7832
Epoch: 921, Loss: 49.7832
Epoch: 926, Loss: 49.7832
Epoch: 931, Loss: 49.7832
Epoch: 936, Loss: 49.7832
Epoch: 941, Loss: 49.7832
Epoch: 946, Loss: 49.7832
Epoch: 951, Loss: 49.7832
Epoch: 956, Loss: 49.7832
Epoch: 961, Loss: 49.7832
Epoch: 966, Loss: 49.7832
Epoch: 971, Loss: 49.7832
Epoch: 976, Loss: 49.7832
Epoch: 981, Loss: 49.7832
Epoch: 986, Loss: 49.7832
Epoch: 991, Loss: 49.7831
Epoch: 996, Loss: 49.7831
Epoch: 1001, Loss: 49.7831
Elapsed time 0.1226 min
test data and predicted data:

Epoch: 6, Loss: 49.7831
Epoch: 11, Loss: 49.7831
Epoch: 16, Loss: 49.7831
Epoch: 21, Loss: 49.7831
Epoch: 26, Loss: 49.7831
Epoch: 31, Loss: 49.7831
Epoch: 36, Loss: 49.7831
Epoch: 41, Loss: 49.7831
Epoch: 46, Loss: 49.7831
Epoch: 51, Loss: 49.7831
Epoch: 56, Loss: 49.7831
Epoch: 61, Loss: 49.7831
Epoch: 66, Loss: 49.7831
Epoch: 71, Loss: 49.7831
Epoch: 76, Loss: 49.7831
Epoch: 81, Loss: 49.7831
Epoch: 86, Loss: 49.7831
Epoch: 91, Loss: 49.7830
Epoch: 96, Loss: 49.7830
Epoch: 101, Loss: 49.7830
Epoch: 106, Loss: 49.7830
Epoch: 111, Loss: 49.7830
Epoch: 116, Loss: 49.7830
Epoch: 121, Loss: 49.7830
Epoch: 126, Loss: 49.7830
Epoch: 131, Loss: 49.7830
Epoch: 136, Loss: 49.7830
Epoch: 141, Loss: 49.7830
Epoch: 146, Loss: 49.7830
Epoch: 151, Loss: 49.7830
Epoch: 156, Loss: 49.7830
Epoch: 161, Loss: 49.7830
Epoch: 166, Loss: 49.7830
Epoch: 171, Loss: 49.7829
Epoch: 176, Loss: 49.7829
Epoch: 181, Loss: 49.7829
Epoch: 186, Loss: 49.7829
Epoch: 191, Loss: 49.7829
Epoch: 196, Loss: 49.7829
Epoch: 201, Loss: 49.7829
Epoch: 206, Loss: 49.7829
Epoch: 211, Loss: 49.7829
Epoch: 216, Loss: 49.7829
Epoch: 221, Loss: 49.7829
Epoch: 226, Loss: 49.7829
Epoch: 231, Loss: 49.7829
Epoch: 236, Loss: 49.7829
Epoch: 241, Loss: 49.7829
Epoch: 246, Loss: 49.7829
Epoch: 251, Loss: 49.7829
Epoch: 256, Loss: 49.7828
Epoch: 261, Loss: 49.7828
Epoch: 266, Loss: 49.7828
Epoch: 271, Loss: 49.7828
Epoch: 276, Loss: 49.7828
Epoch: 281, Loss: 49.7828
Epoch: 286, Loss: 49.7828
Epoch: 291, Loss: 49.7828
Epoch: 296, Loss: 49.7828
Epoch: 301, Loss: 49.7828
Epoch: 306, Loss: 49.7828
Epoch: 311, Loss: 49.7828
Epoch: 316, Loss: 49.7828
Epoch: 321, Loss: 49.7828
Epoch: 326, Loss: 49.7828
Epoch: 331, Loss: 49.7828
Epoch: 336, Loss: 49.7828
Epoch: 341, Loss: 49.7828
Epoch: 346, Loss: 49.7828
Epoch: 351, Loss: 49.7827
Epoch: 356, Loss: 49.7827
Epoch: 361, Loss: 49.7827
Epoch: 366, Loss: 49.7827
Epoch: 371, Loss: 49.7827
Epoch: 376, Loss: 49.7827
Epoch: 381, Loss: 49.7827
Epoch: 386, Loss: 49.7827
Epoch: 391, Loss: 49.7827
Epoch: 396, Loss: 49.7827
Epoch: 401, Loss: 49.7827
Epoch: 406, Loss: 49.7827
Epoch: 411, Loss: 49.7827
Epoch: 416, Loss: 49.7827
Epoch: 421, Loss: 49.7827
Epoch: 426, Loss: 49.7827
Epoch: 431, Loss: 49.7827
Epoch: 436, Loss: 49.7827
Epoch: 441, Loss: 49.7826
Epoch: 446, Loss: 49.7827
Epoch: 451, Loss: 49.7827
Epoch: 456, Loss: 49.7827
Epoch: 461, Loss: 49.7826
Epoch: 466, Loss: 49.7826
Epoch: 471, Loss: 49.7826
Epoch: 476, Loss: 49.7826
Epoch: 481, Loss: 49.7827
Epoch: 486, Loss: 49.7826
Epoch: 491, Loss: 49.7826
Epoch: 496, Loss: 49.7826
Epoch: 501, Loss: 49.7826
Epoch: 506, Loss: 49.7826
Epoch: 511, Loss: 49.7826
Epoch: 516, Loss: 49.7826
Epoch: 521, Loss: 49.7826
Epoch: 526, Loss: 49.7826
Epoch: 531, Loss: 49.7826
Epoch: 536, Loss: 49.7826
Epoch: 541, Loss: 49.7826
Epoch: 546, Loss: 49.7826
Epoch: 551, Loss: 49.7825
Epoch: 556, Loss: 49.7825
Epoch: 561, Loss: 49.7825
Epoch: 566, Loss: 49.7826
Epoch: 571, Loss: 49.7826
Epoch: 576, Loss: 49.7825
Epoch: 581, Loss: 49.7825
Epoch: 586, Loss: 49.7825
Epoch: 591, Loss: 49.7825
Epoch: 596, Loss: 49.7825
Epoch: 601, Loss: 49.7824
Epoch: 606, Loss: 49.7824
Epoch: 611, Loss: 49.7824
Epoch: 616, Loss: 49.7824
Epoch: 621, Loss: 49.7824
Epoch: 626, Loss: 49.7824
Epoch: 631, Loss: 49.7824
Epoch: 636, Loss: 49.7824
Epoch: 641, Loss: 49.7823
Epoch: 646, Loss: 49.7824
Epoch: 651, Loss: 49.7823
Epoch: 656, Loss: 49.7823
Epoch: 661, Loss: 49.7823
Epoch: 666, Loss: 49.7823
Epoch: 671, Loss: 49.7823
Epoch: 676, Loss: 49.7823
Epoch: 681, Loss: 49.7822
Epoch: 686, Loss: 49.7823
Epoch: 691, Loss: 49.7823
Epoch: 696, Loss: 49.7822
Epoch: 701, Loss: 49.7822
Epoch: 706, Loss: 49.7822
Epoch: 711, Loss: 49.7822
Epoch: 716, Loss: 49.7822
Epoch: 721, Loss: 49.7822
Epoch: 726, Loss: 49.7821
Epoch: 731, Loss: 49.7821
Epoch: 736, Loss: 49.7822
Epoch: 741, Loss: 49.7821
Epoch: 746, Loss: 49.7820
Epoch: 751, Loss: 49.7821
Epoch: 756, Loss: 49.7820
Epoch: 761, Loss: 49.7820
Epoch: 766, Loss: 49.7820
Epoch: 771, Loss: 49.7819
Epoch: 776, Loss: 49.7819
Epoch: 781, Loss: 49.7819
Epoch: 786, Loss: 49.7818
Epoch: 791, Loss: 49.7818
Epoch: 796, Loss: 49.7820
Epoch: 801, Loss: 49.7817
Epoch: 806, Loss: 49.7817
Epoch: 811, Loss: 49.7816
Epoch: 816, Loss: 49.7816
Epoch: 821, Loss: 49.7816
Epoch: 826, Loss: 49.7816
Epoch: 831, Loss: 49.7814
Epoch: 836, Loss: 49.7815
Epoch: 841, Loss: 49.7816
Epoch: 846, Loss: 49.7813
Epoch: 851, Loss: 49.7813
Epoch: 856, Loss: 49.7813
Epoch: 861, Loss: 49.7811
Epoch: 866, Loss: 49.7812
Epoch: 871, Loss: 49.7813
Epoch: 876, Loss: 49.7810
Epoch: 881, Loss: 49.7811
Epoch: 886, Loss: 49.7809
Epoch: 891, Loss: 49.7809
Epoch: 896, Loss: 49.7808
Epoch: 901, Loss: 49.7807
Epoch: 906, Loss: 49.7806
Epoch: 911, Loss: 49.7806
Epoch: 916, Loss: 49.7810
Epoch: 921, Loss: 49.7811
Epoch: 926, Loss: 49.7813
Epoch: 931, Loss: 49.7809
Epoch: 936, Loss: 49.7807
Epoch: 941, Loss: 49.7805
Epoch: 946, Loss: 49.7803
Epoch: 951, Loss: 49.7802
Epoch: 956, Loss: 49.7802
Epoch: 961, Loss: 49.7801
Epoch: 966, Loss: 49.7801
Epoch: 971, Loss: 49.7800
Epoch: 976, Loss: 49.7800
Epoch: 981, Loss: 49.7799
Epoch: 986, Loss: 49.7799
Epoch: 991, Loss: 49.7798
Epoch: 996, Loss: 49.7798
Epoch: 1001, Loss: 49.7803
Elapsed time 0.1251 min
test data and predicted data:

Epoch: 6, Loss: 49.7798
Epoch: 11, Loss: 49.7803
Epoch: 16, Loss: 49.7801
Epoch: 21, Loss: 49.7797
Epoch: 26, Loss: 49.7795
Epoch: 31, Loss: 49.7795
Epoch: 36, Loss: 49.7795
Epoch: 41, Loss: 49.7794
Epoch: 46, Loss: 49.7794
Epoch: 51, Loss: 49.7793
Epoch: 56, Loss: 49.7793
Epoch: 61, Loss: 49.7792
Epoch: 66, Loss: 49.7793
Epoch: 71, Loss: 49.7793
Epoch: 76, Loss: 49.7791
Epoch: 81, Loss: 49.7791
Epoch: 86, Loss: 49.7795
Epoch: 91, Loss: 49.7793
Epoch: 96, Loss: 49.7791
Epoch: 101, Loss: 49.7789
Epoch: 106, Loss: 49.7789
Epoch: 111, Loss: 49.7788
Epoch: 116, Loss: 49.7788
Epoch: 121, Loss: 49.7789
Epoch: 126, Loss: 49.7788
Epoch: 131, Loss: 49.7787
Epoch: 136, Loss: 49.7788
Epoch: 141, Loss: 49.7793
Epoch: 146, Loss: 49.7786
Epoch: 151, Loss: 49.7789
Epoch: 156, Loss: 49.7785
Epoch: 161, Loss: 49.7786
Epoch: 166, Loss: 49.7785
Epoch: 171, Loss: 49.7784
Epoch: 176, Loss: 49.7783
Epoch: 181, Loss: 49.7784
Epoch: 186, Loss: 49.7785
Epoch: 191, Loss: 49.7793
Epoch: 196, Loss: 49.7785
Epoch: 201, Loss: 49.7783
Epoch: 206, Loss: 49.7785
Epoch: 211, Loss: 49.7783
Epoch: 216, Loss: 49.7781
Epoch: 221, Loss: 49.7781
Epoch: 226, Loss: 49.7781
Epoch: 231, Loss: 49.7780
Epoch: 236, Loss: 49.7781
Epoch: 241, Loss: 49.7781
Epoch: 246, Loss: 49.7780
Epoch: 251, Loss: 49.7780
Epoch: 256, Loss: 49.7783
Epoch: 261, Loss: 49.7786
Epoch: 266, Loss: 49.7781
Epoch: 271, Loss: 49.7779
Epoch: 276, Loss: 49.7781
Epoch: 281, Loss: 49.7780
Epoch: 286, Loss: 49.7778
Epoch: 291, Loss: 49.7779
Epoch: 296, Loss: 49.7778
Epoch: 301, Loss: 49.7777
Epoch: 306, Loss: 49.7778
Epoch: 311, Loss: 49.7777
Epoch: 316, Loss: 49.7777
Epoch: 321, Loss: 49.7778
Epoch: 326, Loss: 49.7779
Epoch: 331, Loss: 49.7777
Epoch: 336, Loss: 49.7776
Epoch: 341, Loss: 49.7777
Epoch: 346, Loss: 49.7779
Epoch: 351, Loss: 49.7778
Epoch: 356, Loss: 49.7775
Epoch: 361, Loss: 49.7778
Epoch: 366, Loss: 49.7775
Epoch: 371, Loss: 49.7775
Epoch: 376, Loss: 49.7776
Epoch: 381, Loss: 49.7774
Epoch: 386, Loss: 49.7773
Epoch: 391, Loss: 49.7775
Epoch: 396, Loss: 49.7780
Epoch: 401, Loss: 49.7774
Epoch: 406, Loss: 49.7777
Epoch: 411, Loss: 49.7773
Epoch: 416, Loss: 49.7775
Epoch: 421, Loss: 49.7772
Epoch: 426, Loss: 49.7774
Epoch: 431, Loss: 49.7772
Epoch: 436, Loss: 49.7772
Epoch: 441, Loss: 49.7774
Epoch: 446, Loss: 49.7773
Epoch: 451, Loss: 49.7772
Epoch: 456, Loss: 49.7771
Epoch: 461, Loss: 49.7772
Epoch: 466, Loss: 49.7776
Epoch: 471, Loss: 49.7773
Epoch: 476, Loss: 49.7772
Epoch: 481, Loss: 49.7773
Epoch: 486, Loss: 49.7770
Epoch: 491, Loss: 49.7772
Epoch: 496, Loss: 49.7770
Epoch: 501, Loss: 49.7771
Epoch: 506, Loss: 49.7772
Epoch: 511, Loss: 49.7769
Epoch: 516, Loss: 49.7770
Epoch: 521, Loss: 49.7773
Epoch: 526, Loss: 49.7770
Epoch: 531, Loss: 49.7769
Epoch: 536, Loss: 49.7770
Epoch: 541, Loss: 49.7773
Epoch: 546, Loss: 49.7768
Epoch: 551, Loss: 49.7770
Epoch: 556, Loss: 49.7771
Epoch: 561, Loss: 49.7769
Epoch: 566, Loss: 49.7771
Epoch: 571, Loss: 49.7768
Epoch: 576, Loss: 49.7770
Epoch: 581, Loss: 49.7768
Epoch: 586, Loss: 49.7770
Epoch: 591, Loss: 49.7767
Epoch: 596, Loss: 49.7771
Epoch: 601, Loss: 49.7767
Epoch: 606, Loss: 49.7771
Epoch: 611, Loss: 49.7767
Epoch: 616, Loss: 49.7770
Epoch: 621, Loss: 49.7767
Epoch: 626, Loss: 49.7769
Epoch: 631, Loss: 49.7767
Epoch: 636, Loss: 49.7768
Epoch: 641, Loss: 49.7766
Epoch: 646, Loss: 49.7767
Epoch: 651, Loss: 49.7766
Epoch: 656, Loss: 49.7767
Epoch: 661, Loss: 49.7765
Epoch: 666, Loss: 49.7767
Epoch: 671, Loss: 49.7764
Epoch: 676, Loss: 49.7767
Epoch: 681, Loss: 49.7764
Epoch: 686, Loss: 49.7767
Epoch: 691, Loss: 49.7763
Epoch: 696, Loss: 49.7767
Epoch: 701, Loss: 49.7763
Epoch: 706, Loss: 49.7765
Epoch: 711, Loss: 49.7763
Epoch: 716, Loss: 49.7764
Epoch: 721, Loss: 49.7764
Epoch: 726, Loss: 49.7762
Epoch: 731, Loss: 49.7763
Epoch: 736, Loss: 49.7764
Epoch: 741, Loss: 49.7762
Epoch: 746, Loss: 49.7762
Epoch: 751, Loss: 49.7766
Epoch: 756, Loss: 49.7766
Epoch: 761, Loss: 49.7761
Epoch: 766, Loss: 49.7766
Epoch: 771, Loss: 49.7761
Epoch: 776, Loss: 49.7764
Epoch: 781, Loss: 49.7761
Epoch: 786, Loss: 49.7765
Epoch: 791, Loss: 49.7760
Epoch: 796, Loss: 49.7764
Epoch: 801, Loss: 49.7760
Epoch: 806, Loss: 49.7764
Epoch: 811, Loss: 49.7760
Epoch: 816, Loss: 49.7763
Epoch: 821, Loss: 49.7759
Epoch: 826, Loss: 49.7764
Epoch: 831, Loss: 49.7759
Epoch: 836, Loss: 49.7762
Epoch: 841, Loss: 49.7759
Epoch: 846, Loss: 49.7762
Epoch: 851, Loss: 49.7759
Epoch: 856, Loss: 49.7762
Epoch: 861, Loss: 49.7759
Epoch: 866, Loss: 49.7762
Epoch: 871, Loss: 49.7758
Epoch: 876, Loss: 49.7761
Epoch: 881, Loss: 49.7758
Epoch: 886, Loss: 49.7761
Epoch: 891, Loss: 49.7758
Epoch: 896, Loss: 49.7760
Epoch: 901, Loss: 49.7758
Epoch: 906, Loss: 49.7758
Epoch: 911, Loss: 49.7759
Epoch: 916, Loss: 49.7758
Epoch: 921, Loss: 49.7757
Epoch: 926, Loss: 49.7758
Epoch: 931, Loss: 49.7760
Epoch: 936, Loss: 49.7762
Epoch: 941, Loss: 49.7757
Epoch: 946, Loss: 49.7758
Epoch: 951, Loss: 49.7761
Epoch: 956, Loss: 49.7756
Epoch: 961, Loss: 49.7757
Epoch: 966, Loss: 49.7758
Epoch: 971, Loss: 49.7756
Epoch: 976, Loss: 49.7756
Epoch: 981, Loss: 49.7758
Epoch: 986, Loss: 49.7760
Epoch: 991, Loss: 49.7756
Epoch: 996, Loss: 49.7756
Epoch: 1001, Loss: 49.7761
Elapsed time 0.1223 min
test data and predicted data:

Epoch: 6, Loss: 49.7756
Epoch: 11, Loss: 49.7756
Epoch: 16, Loss: 49.7757
Epoch: 21, Loss: 49.7755
Epoch: 26, Loss: 49.7756
Epoch: 31, Loss: 49.7757
Epoch: 36, Loss: 49.7755
Epoch: 41, Loss: 49.7754
Epoch: 46, Loss: 49.7755
Epoch: 51, Loss: 49.7759
Epoch: 56, Loss: 49.7755
Epoch: 61, Loss: 49.7754
Epoch: 66, Loss: 49.7758
Epoch: 71, Loss: 49.7754
Epoch: 76, Loss: 49.7755
Epoch: 81, Loss: 49.7755
Epoch: 86, Loss: 49.7753
Epoch: 91, Loss: 49.7754
Epoch: 96, Loss: 49.7755
Epoch: 101, Loss: 49.7754
Epoch: 106, Loss: 49.7754
Epoch: 111, Loss: 49.7755
Epoch: 116, Loss: 49.7757
Epoch: 121, Loss: 49.7753
Epoch: 126, Loss: 49.7753
Epoch: 131, Loss: 49.7756
Epoch: 136, Loss: 49.7753
Epoch: 141, Loss: 49.7753
Epoch: 146, Loss: 49.7754
Epoch: 151, Loss: 49.7753
Epoch: 156, Loss: 49.7752
Epoch: 161, Loss: 49.7754
Epoch: 166, Loss: 49.7759
Epoch: 171, Loss: 49.7752
Epoch: 176, Loss: 49.7755
Epoch: 181, Loss: 49.7752
Epoch: 186, Loss: 49.7752
Epoch: 191, Loss: 49.7752
Epoch: 196, Loss: 49.7751
Epoch: 201, Loss: 49.7751
Epoch: 206, Loss: 49.7751
Epoch: 211, Loss: 49.7751
Epoch: 216, Loss: 49.7752
Epoch: 221, Loss: 49.7758
Epoch: 226, Loss: 49.7754
Epoch: 231, Loss: 49.7751
Epoch: 236, Loss: 49.7753
Epoch: 241, Loss: 49.7750
Epoch: 246, Loss: 49.7751
Epoch: 251, Loss: 49.7752
Epoch: 256, Loss: 49.7751
Epoch: 261, Loss: 49.7750
Epoch: 266, Loss: 49.7753
Epoch: 271, Loss: 49.7751
Epoch: 276, Loss: 49.7750
Epoch: 281, Loss: 49.7751
Epoch: 286, Loss: 49.7753
Epoch: 291, Loss: 49.7751
Epoch: 296, Loss: 49.7750
Epoch: 301, Loss: 49.7754
Epoch: 306, Loss: 49.7750
Epoch: 311, Loss: 49.7750
Epoch: 316, Loss: 49.7751
Epoch: 321, Loss: 49.7749
Epoch: 326, Loss: 49.7749
Epoch: 331, Loss: 49.7749
Epoch: 336, Loss: 49.7752
Epoch: 341, Loss: 49.7752
Epoch: 346, Loss: 49.7748
Epoch: 351, Loss: 49.7749
Epoch: 356, Loss: 49.7752
Epoch: 361, Loss: 49.7751
Epoch: 366, Loss: 49.7749
Epoch: 371, Loss: 49.7752
Epoch: 376, Loss: 49.7748
Epoch: 381, Loss: 49.7748
Epoch: 386, Loss: 49.7749
Epoch: 391, Loss: 49.7750
Epoch: 396, Loss: 49.7747
Epoch: 401, Loss: 49.7749
Epoch: 406, Loss: 49.7751
Epoch: 411, Loss: 49.7747
Epoch: 416, Loss: 49.7748
Epoch: 421, Loss: 49.7750
Epoch: 426, Loss: 49.7749
Epoch: 431, Loss: 49.7747
Epoch: 436, Loss: 49.7749
Epoch: 441, Loss: 49.7751
Epoch: 446, Loss: 49.7747
Epoch: 451, Loss: 49.7749
Epoch: 456, Loss: 49.7749
Epoch: 461, Loss: 49.7747
Epoch: 466, Loss: 49.7748
Epoch: 471, Loss: 49.7747
Epoch: 476, Loss: 49.7746
Epoch: 481, Loss: 49.7746
Epoch: 486, Loss: 49.7747
Epoch: 491, Loss: 49.7748
Epoch: 496, Loss: 49.7750
Epoch: 501, Loss: 49.7750
Epoch: 506, Loss: 49.7746
Epoch: 511, Loss: 49.7748
Epoch: 516, Loss: 49.7749
Epoch: 521, Loss: 49.7746
Epoch: 526, Loss: 49.7747
Epoch: 531, Loss: 49.7748
Epoch: 536, Loss: 49.7745
Epoch: 541, Loss: 49.7746
Epoch: 546, Loss: 49.7748
Epoch: 551, Loss: 49.7746
Epoch: 556, Loss: 49.7745
Epoch: 561, Loss: 49.7746
Epoch: 566, Loss: 49.7749
Epoch: 571, Loss: 49.7747
Epoch: 576, Loss: 49.7745
Epoch: 581, Loss: 49.7745
Epoch: 586, Loss: 49.7745
Epoch: 591, Loss: 49.7747
Epoch: 596, Loss: 49.7752
Epoch: 601, Loss: 49.7745
Epoch: 606, Loss: 49.7748
Epoch: 611, Loss: 49.7745
Epoch: 616, Loss: 49.7747
Epoch: 621, Loss: 49.7745
Epoch: 626, Loss: 49.7747
Epoch: 631, Loss: 49.7744
Epoch: 636, Loss: 49.7747
Epoch: 641, Loss: 49.7745
Epoch: 646, Loss: 49.7745
Epoch: 651, Loss: 49.7745
Epoch: 656, Loss: 49.7745
Epoch: 661, Loss: 49.7745
Epoch: 666, Loss: 49.7744
Epoch: 671, Loss: 49.7745
Epoch: 676, Loss: 49.7744
Epoch: 681, Loss: 49.7743
Epoch: 686, Loss: 49.7743
Epoch: 691, Loss: 49.7743
Epoch: 696, Loss: 49.7744
Epoch: 701, Loss: 49.7747
Epoch: 706, Loss: 49.7747
Epoch: 711, Loss: 49.7743
Epoch: 716, Loss: 49.7744
Epoch: 721, Loss: 49.7745
Epoch: 726, Loss: 49.7745
Epoch: 731, Loss: 49.7743
Epoch: 736, Loss: 49.7743
Epoch: 741, Loss: 49.7747
Epoch: 746, Loss: 49.7745
Epoch: 751, Loss: 49.7743
Epoch: 756, Loss: 49.7745
Epoch: 761, Loss: 49.7743
Epoch: 766, Loss: 49.7742
Epoch: 771, Loss: 49.7742
Epoch: 776, Loss: 49.7742
Epoch: 781, Loss: 49.7744
Epoch: 786, Loss: 49.7747
Epoch: 791, Loss: 49.7743
Epoch: 796, Loss: 49.7742
Epoch: 801, Loss: 49.7744
Epoch: 806, Loss: 49.7743
Epoch: 811, Loss: 49.7742
Epoch: 816, Loss: 49.7741
Epoch: 821, Loss: 49.7741
Epoch: 826, Loss: 49.7741
Epoch: 831, Loss: 49.7741
Epoch: 836, Loss: 49.7742
Epoch: 841, Loss: 49.7750
Epoch: 846, Loss: 49.7742
Epoch: 851, Loss: 49.7745
Epoch: 856, Loss: 49.7742
Epoch: 861, Loss: 49.7743
Epoch: 866, Loss: 49.7740
Epoch: 871, Loss: 49.7741
Epoch: 876, Loss: 49.7740
Epoch: 881, Loss: 49.7740
Epoch: 886, Loss: 49.7740
Epoch: 891, Loss: 49.7739
Epoch: 896, Loss: 49.7740
Epoch: 901, Loss: 49.7741
Epoch: 906, Loss: 49.7740
Epoch: 911, Loss: 49.7740
Epoch: 916, Loss: 49.7740
Epoch: 921, Loss: 49.7740
Epoch: 926, Loss: 49.7743
Epoch: 931, Loss: 49.7745
Epoch: 936, Loss: 49.7739
Epoch: 941, Loss: 49.7741
Epoch: 946, Loss: 49.7740
Epoch: 951, Loss: 49.7739
Epoch: 956, Loss: 49.7740
Epoch: 961, Loss: 49.7740
Epoch: 966, Loss: 49.7739
Epoch: 971, Loss: 49.7738
Epoch: 976, Loss: 49.7738
Epoch: 981, Loss: 49.7739
Epoch: 986, Loss: 49.7740
Epoch: 991, Loss: 49.7743
Epoch: 996, Loss: 49.7744
Epoch: 1001, Loss: 49.7738
Elapsed time 0.1219 min
test data and predicted data:

Epoch: 6, Loss: 49.7739
Epoch: 11, Loss: 49.7740
Epoch: 16, Loss: 49.7738
Epoch: 21, Loss: 49.7738
Epoch: 26, Loss: 49.7739
Epoch: 31, Loss: 49.7739
Epoch: 36, Loss: 49.7738
Epoch: 41, Loss: 49.7738
Epoch: 46, Loss: 49.7738
Epoch: 51, Loss: 49.7739
Epoch: 56, Loss: 49.7746
Epoch: 61, Loss: 49.7739
Epoch: 66, Loss: 49.7742
Epoch: 71, Loss: 49.7739
Epoch: 76, Loss: 49.7738
Epoch: 81, Loss: 49.7738
Epoch: 86, Loss: 49.7737
Epoch: 91, Loss: 49.7738
Epoch: 96, Loss: 49.7737
Epoch: 101, Loss: 49.7737
Epoch: 106, Loss: 49.7738
Epoch: 111, Loss: 49.7739
Epoch: 116, Loss: 49.7737
Epoch: 121, Loss: 49.7737
Epoch: 126, Loss: 49.7738
Epoch: 131, Loss: 49.7739
Epoch: 136, Loss: 49.7737
Epoch: 141, Loss: 49.7736
Epoch: 146, Loss: 49.7737
Epoch: 151, Loss: 49.7741
Epoch: 156, Loss: 49.7739
Epoch: 161, Loss: 49.7735
Epoch: 166, Loss: 49.7737
Epoch: 171, Loss: 49.7737
Epoch: 176, Loss: 49.7735
Epoch: 181, Loss: 49.7736
Epoch: 186, Loss: 49.7737
Epoch: 191, Loss: 49.7737
Epoch: 196, Loss: 49.7735
Epoch: 201, Loss: 49.7735
Epoch: 206, Loss: 49.7737
Epoch: 211, Loss: 49.7739
Epoch: 216, Loss: 49.7736
Epoch: 221, Loss: 49.7735
Epoch: 226, Loss: 49.7737
Epoch: 231, Loss: 49.7737
Epoch: 236, Loss: 49.7734
Epoch: 241, Loss: 49.7735
Epoch: 246, Loss: 49.7738
Epoch: 251, Loss: 49.7735
Epoch: 256, Loss: 49.7734
Epoch: 261, Loss: 49.7736
Epoch: 266, Loss: 49.7734
Epoch: 271, Loss: 49.7734
Epoch: 276, Loss: 49.7736
Epoch: 281, Loss: 49.7736
Epoch: 286, Loss: 49.7734
Epoch: 291, Loss: 49.7733
Epoch: 296, Loss: 49.7735
Epoch: 301, Loss: 49.7735
Epoch: 306, Loss: 49.7733
Epoch: 311, Loss: 49.7733
Epoch: 316, Loss: 49.7733
Epoch: 321, Loss: 49.7734
Epoch: 326, Loss: 49.7741
Epoch: 331, Loss: 49.7737
Epoch: 336, Loss: 49.7733
Epoch: 341, Loss: 49.7735
Epoch: 346, Loss: 49.7732
Epoch: 351, Loss: 49.7733
Epoch: 356, Loss: 49.7733
Epoch: 361, Loss: 49.7732
Epoch: 366, Loss: 49.7732
Epoch: 371, Loss: 49.7732
Epoch: 376, Loss: 49.7733
Epoch: 381, Loss: 49.7737
Epoch: 386, Loss: 49.7735
Epoch: 391, Loss: 49.7732
Epoch: 396, Loss: 49.7733
Epoch: 401, Loss: 49.7734
Epoch: 406, Loss: 49.7733
Epoch: 411, Loss: 49.7731
Epoch: 416, Loss: 49.7732
Epoch: 421, Loss: 49.7733
Epoch: 426, Loss: 49.7735
Epoch: 431, Loss: 49.7735
Epoch: 436, Loss: 49.7732
Epoch: 441, Loss: 49.7731
Epoch: 446, Loss: 49.7731
Epoch: 451, Loss: 49.7733
Epoch: 456, Loss: 49.7735
Epoch: 461, Loss: 49.7736
Epoch: 466, Loss: 49.7733
Epoch: 471, Loss: 49.7731
Epoch: 476, Loss: 49.7732
Epoch: 481, Loss: 49.7732
Epoch: 486, Loss: 49.7731
Epoch: 491, Loss: 49.7730
Epoch: 496, Loss: 49.7731
Epoch: 501, Loss: 49.7735
Epoch: 506, Loss: 49.7738
Epoch: 511, Loss: 49.7730
Epoch: 516, Loss: 49.7732
Epoch: 521, Loss: 49.7732
Epoch: 526, Loss: 49.7730
Epoch: 531, Loss: 49.7731
Epoch: 536, Loss: 49.7732
Epoch: 541, Loss: 49.7731
Epoch: 546, Loss: 49.7730
Epoch: 551, Loss: 49.7730
Epoch: 556, Loss: 49.7729
Epoch: 561, Loss: 49.7730
Epoch: 566, Loss: 49.7732
Epoch: 571, Loss: 49.7738
Epoch: 576, Loss: 49.7732
Epoch: 581, Loss: 49.7731
Epoch: 586, Loss: 49.7732
Epoch: 591, Loss: 49.7729
Epoch: 596, Loss: 49.7731
Epoch: 601, Loss: 49.7730
Epoch: 606, Loss: 49.7729
Epoch: 611, Loss: 49.7729
Epoch: 616, Loss: 49.7731
Epoch: 621, Loss: 49.7732
Epoch: 626, Loss: 49.7731
Epoch: 631, Loss: 49.7729
Epoch: 636, Loss: 49.7729
Epoch: 641, Loss: 49.7730
Epoch: 646, Loss: 49.7731
Epoch: 651, Loss: 49.7731
Epoch: 656, Loss: 49.7729
Epoch: 661, Loss: 49.7728
Epoch: 666, Loss: 49.7729
Epoch: 671, Loss: 49.7734
Epoch: 676, Loss: 49.7736
Epoch: 681, Loss: 49.7728
Epoch: 686, Loss: 49.7731
Epoch: 691, Loss: 49.7730
Epoch: 696, Loss: 49.7728
Epoch: 701, Loss: 49.7730
Epoch: 706, Loss: 49.7728
Epoch: 711, Loss: 49.7728
Epoch: 716, Loss: 49.7731
Epoch: 721, Loss: 49.7730
Epoch: 726, Loss: 49.7728
Epoch: 731, Loss: 49.7728
Epoch: 736, Loss: 49.7728
Epoch: 741, Loss: 49.7731
Epoch: 746, Loss: 49.7732
Epoch: 751, Loss: 49.7729
Epoch: 756, Loss: 49.7728
Epoch: 761, Loss: 49.7728
Epoch: 766, Loss: 49.7728
Epoch: 771, Loss: 49.7731
Epoch: 776, Loss: 49.7735
Epoch: 781, Loss: 49.7729
Epoch: 786, Loss: 49.7727
Epoch: 791, Loss: 49.7731
Epoch: 796, Loss: 49.7731
Epoch: 801, Loss: 49.7727
Epoch: 806, Loss: 49.7730
Epoch: 811, Loss: 49.7729
Epoch: 816, Loss: 49.7727
Epoch: 821, Loss: 49.7730
Epoch: 826, Loss: 49.7730
Epoch: 831, Loss: 49.7727
Epoch: 836, Loss: 49.7727
Epoch: 841, Loss: 49.7729
Epoch: 846, Loss: 49.7730
Epoch: 851, Loss: 49.7727
Epoch: 856, Loss: 49.7727
Epoch: 861, Loss: 49.7728
Epoch: 866, Loss: 49.7732
Epoch: 871, Loss: 49.7730
Epoch: 876, Loss: 49.7728
Epoch: 881, Loss: 49.7735
Epoch: 886, Loss: 49.7727
Epoch: 891, Loss: 49.7735
Epoch: 896, Loss: 49.7728
Epoch: 901, Loss: 49.7728
Epoch: 906, Loss: 49.7728
Epoch: 911, Loss: 49.7727
Epoch: 916, Loss: 49.7727
Epoch: 921, Loss: 49.7728
Epoch: 926, Loss: 49.7726
Epoch: 931, Loss: 49.7729
Epoch: 936, Loss: 49.7726
Epoch: 941, Loss: 49.7726
Epoch: 946, Loss: 49.7727
Epoch: 951, Loss: 49.7729
Epoch: 956, Loss: 49.7728
Epoch: 961, Loss: 49.7726
Epoch: 966, Loss: 49.7731
Epoch: 971, Loss: 49.7727
Epoch: 976, Loss: 49.7727
Epoch: 981, Loss: 49.7729
Epoch: 986, Loss: 49.7726
Epoch: 991, Loss: 49.7727
Epoch: 996, Loss: 49.7728
Epoch: 1001, Loss: 49.7726
Elapsed time 0.1251 min
test data and predicted data:

avg Test Accuracy: 0.8407  avg Test AUC: 0.8945  avg Test PRE: 0.8355
