====================================================================================================
data: HeteroData(
  drug={
    node_id=[6823],
    x=[6823, 12],
  },
  protein={
    node_id=[4650],
    x=[4650, 20],
  },
  (drug, interaction, protein)={ edge_index=[2, 23705] },
  (protein, rev_interaction, drug)={ edge_index=[2, 23705] }
)
====================================================================================================
****************************************************************************************************
train data: HeteroData(
  drug={
    node_id=[6823],
    x=[6823, 12],
  },
  protein={
    node_id=[4650],
    x=[4650, 20],
  },
  (drug, interaction, protein)={
    edge_index=[2, 13276],
    edge_label=[9954],
    edge_label_index=[2, 9954],
  },
  (protein, rev_interaction, drug)={ edge_index=[2, 13276] }
)
****************************************************************************************************
val data: HeteroData(
  drug={
    node_id=[6823],
    x=[6823, 12],
  },
  protein={
    node_id=[4650],
    x=[4650, 20],
  },
  (drug, interaction, protein)={
    edge_index=[2, 16594],
    edge_label=[7110],
    edge_label_index=[2, 7110],
  },
  (protein, rev_interaction, drug)={ edge_index=[2, 16594] }
)
****************************************************************************************************
test data: HeteroData(
  drug={
    node_id=[6823],
    x=[6823, 12],
  },
  protein={
    node_id=[4650],
    x=[4650, 20],
  },
  (drug, interaction, protein)={
    edge_index=[2, 18964],
    edge_label=[14223],
    edge_label_index=[2, 14223],
  },
  (protein, rev_interaction, drug)={ edge_index=[2, 18964] }
)
****************************************************************************************************
edge_x: torch.Size([9954, 32])
labels: torch.Size([9954])
edge_x: torch.Size([7110, 32])
labels: torch.Size([7110])
edge_x: torch.Size([14223, 32])
labels: torch.Size([14223])
model: HGT(
  (lin_dict): ModuleDict(
    (drug): Linear(-1, 64, bias=True)
    (protein): Linear(-1, 64, bias=True)
  )
  (convs): ModuleList(
    (0-4): 5 x HGTConv(-1, 64, heads=2)
  )
  (lin): Linear(128, 1, bias=True)
)
Epoch: 6, Loss: 1.5050
Epoch: 11, Loss: 0.6315
Epoch: 16, Loss: 0.6413
Epoch: 21, Loss: 0.9133
Epoch: 26, Loss: 0.6973
Epoch: 31, Loss: 0.6671
Epoch: 36, Loss: 0.6417
Epoch: 41, Loss: 0.6366
Epoch: 46, Loss: 0.6321
Epoch: 51, Loss: 0.6301
Epoch: 56, Loss: 0.6300
Epoch: 61, Loss: 0.6293
Epoch: 66, Loss: 0.6285
Epoch: 71, Loss: 0.6264
Epoch: 76, Loss: 0.6014
Epoch: 81, Loss: 0.5782
Epoch: 86, Loss: 0.5398
Epoch: 91, Loss: 0.5380
Epoch: 96, Loss: 0.5309
Epoch: 101, Loss: 0.5228
Epoch: 106, Loss: 0.5230
Epoch: 111, Loss: 0.5206
Epoch: 116, Loss: 0.5192
Epoch: 121, Loss: 0.5189
Epoch: 126, Loss: 0.5182
Epoch: 131, Loss: 0.5176
Epoch: 136, Loss: 0.5172
Epoch: 141, Loss: 0.5168
Epoch: 146, Loss: 0.5166
Epoch: 151, Loss: 0.5164
Epoch: 156, Loss: 0.5161
Epoch: 161, Loss: 0.5159
Epoch: 166, Loss: 0.5157
Epoch: 171, Loss: 0.5155
Epoch: 176, Loss: 0.5153
Epoch: 181, Loss: 0.5151
Epoch: 186, Loss: 0.5149
Epoch: 191, Loss: 0.5147
Epoch: 196, Loss: 0.5145
Epoch: 201, Loss: 0.5143
Epoch: 206, Loss: 0.5141
Epoch: 211, Loss: 0.5139
Epoch: 216, Loss: 0.5137
Epoch: 221, Loss: 0.5134
Epoch: 226, Loss: 0.5131
Epoch: 231, Loss: 0.5123
Epoch: 236, Loss: 0.5088
Epoch: 241, Loss: 0.5168
Epoch: 246, Loss: 0.5430
Epoch: 251, Loss: 0.5104
Epoch: 256, Loss: 0.5126
Epoch: 261, Loss: 0.5138
Epoch: 266, Loss: 0.5137
Epoch: 271, Loss: 0.5122
Epoch: 276, Loss: 0.5107
Epoch: 281, Loss: 0.5093
Epoch: 286, Loss: 0.5089
Epoch: 291, Loss: 0.5083
Epoch: 296, Loss: 0.5057
Epoch: 301, Loss: 0.5021
Epoch: 306, Loss: 0.4982
Epoch: 311, Loss: 0.4957
Epoch: 316, Loss: 0.4935
Epoch: 321, Loss: 0.4986
Epoch: 326, Loss: 0.4933
Epoch: 331, Loss: 0.4926
Epoch: 336, Loss: 0.4901
Epoch: 341, Loss: 0.4904
Epoch: 346, Loss: 0.4890
Epoch: 351, Loss: 0.4895
Epoch: 356, Loss: 0.4888
Epoch: 361, Loss: 0.4889
Epoch: 366, Loss: 0.4885
Epoch: 371, Loss: 0.4880
Epoch: 376, Loss: 0.4879
Epoch: 381, Loss: 0.4878
Epoch: 386, Loss: 0.4874
Epoch: 391, Loss: 0.4872
Epoch: 396, Loss: 0.4873
Epoch: 401, Loss: 0.4870
Epoch: 406, Loss: 0.4872
Epoch: 411, Loss: 0.4956
Epoch: 416, Loss: 0.4935
Epoch: 421, Loss: 0.4910
Epoch: 426, Loss: 0.4896
Epoch: 431, Loss: 0.4895
Epoch: 436, Loss: 0.4887
Epoch: 441, Loss: 0.4880
Epoch: 446, Loss: 0.4880
Epoch: 451, Loss: 0.4876
Epoch: 456, Loss: 0.4873
Epoch: 461, Loss: 0.4872
Epoch: 466, Loss: 0.4874
Epoch: 471, Loss: 0.4872
Epoch: 476, Loss: 0.4867
Epoch: 481, Loss: 0.4854
Epoch: 486, Loss: 0.4845
Epoch: 491, Loss: 0.4864
Epoch: 496, Loss: 1.2395
Epoch: 501, Loss: 0.7190
Epoch: 506, Loss: 0.6290
Epoch: 511, Loss: 0.6282
Epoch: 516, Loss: 0.6204
Epoch: 521, Loss: 0.6348
Epoch: 526, Loss: 0.6602
Epoch: 531, Loss: 7.8299
Epoch: 536, Loss: 49.8286
Epoch: 541, Loss: 49.7970
Epoch: 546, Loss: 49.7973
Epoch: 551, Loss: 49.8131
Epoch: 556, Loss: 49.7973
Epoch: 561, Loss: 49.8014
Epoch: 566, Loss: 49.7961
Epoch: 571, Loss: 49.7966
Epoch: 576, Loss: 49.7963
Epoch: 581, Loss: 49.7952
Epoch: 586, Loss: 49.7957
Epoch: 591, Loss: 49.7952
Epoch: 596, Loss: 49.7953
Epoch: 601, Loss: 49.7952
Epoch: 606, Loss: 49.7952
Epoch: 611, Loss: 49.7952
Epoch: 616, Loss: 49.7952
Epoch: 621, Loss: 49.7952
Epoch: 626, Loss: 49.7952
Epoch: 631, Loss: 49.7951
Epoch: 636, Loss: 49.7951
Epoch: 641, Loss: 49.7951
Epoch: 646, Loss: 49.7951
Epoch: 651, Loss: 49.7951
Epoch: 656, Loss: 49.7951
Epoch: 661, Loss: 49.7951
Epoch: 666, Loss: 49.7951
Epoch: 671, Loss: 49.7951
Epoch: 676, Loss: 49.7951
Epoch: 681, Loss: 49.7951
Epoch: 686, Loss: 49.7951
Epoch: 691, Loss: 49.7951
Epoch: 696, Loss: 49.7951
Epoch: 701, Loss: 49.7951
Epoch: 706, Loss: 49.7951
Epoch: 711, Loss: 49.7951
Epoch: 716, Loss: 49.7951
Epoch: 721, Loss: 49.7951
Epoch: 726, Loss: 49.7951
Epoch: 731, Loss: 49.7951
Epoch: 736, Loss: 49.7951
Epoch: 741, Loss: 49.7951
Epoch: 746, Loss: 49.7951
Epoch: 751, Loss: 49.7951
Epoch: 756, Loss: 49.7951
Epoch: 761, Loss: 49.7951
Epoch: 766, Loss: 49.7951
Epoch: 771, Loss: 49.7951
Epoch: 776, Loss: 49.7951
Epoch: 781, Loss: 49.7951
Epoch: 786, Loss: 49.7951
Epoch: 791, Loss: 49.7951
Epoch: 796, Loss: 49.7951
Epoch: 801, Loss: 49.7951
Epoch: 806, Loss: 49.7951
Epoch: 811, Loss: 49.7951
Epoch: 816, Loss: 49.7951
Epoch: 821, Loss: 49.7951
Epoch: 826, Loss: 49.7950
Epoch: 831, Loss: 49.7950
Epoch: 836, Loss: 49.7950
Epoch: 841, Loss: 49.7950
Epoch: 846, Loss: 49.7950
Epoch: 851, Loss: 49.7950
Epoch: 856, Loss: 49.7950
Epoch: 861, Loss: 49.7950
Epoch: 866, Loss: 49.7950
Epoch: 871, Loss: 49.7950
Epoch: 876, Loss: 49.7950
Epoch: 881, Loss: 49.7950
Epoch: 886, Loss: 49.7950
Epoch: 891, Loss: 49.7950
Epoch: 896, Loss: 49.7950
Epoch: 901, Loss: 49.7950
Epoch: 906, Loss: 49.7950
Epoch: 911, Loss: 49.7950
Epoch: 916, Loss: 49.7950
Epoch: 921, Loss: 49.7950
Epoch: 926, Loss: 49.7950
Epoch: 931, Loss: 49.7950
Epoch: 936, Loss: 49.7950
Epoch: 941, Loss: 49.7950
Epoch: 946, Loss: 49.7950
Epoch: 951, Loss: 49.7950
Epoch: 956, Loss: 49.7950
Epoch: 961, Loss: 49.7950
Epoch: 966, Loss: 49.7950
Epoch: 971, Loss: 49.7950
Epoch: 976, Loss: 49.7950
Epoch: 981, Loss: 49.7949
Epoch: 986, Loss: 49.7949
Epoch: 991, Loss: 49.7949
Epoch: 996, Loss: 49.7949
Epoch: 1001, Loss: 49.7949
Elapsed time 0.1973 min
test data and predicted data:

Epoch: 6, Loss: 49.7949
Epoch: 11, Loss: 49.7949
Epoch: 16, Loss: 49.7949
Epoch: 21, Loss: 49.7949
Epoch: 26, Loss: 49.7949
Epoch: 31, Loss: 49.7949
Epoch: 36, Loss: 49.7949
Epoch: 41, Loss: 49.7949
Epoch: 46, Loss: 49.7949
Epoch: 51, Loss: 49.7949
Epoch: 56, Loss: 49.7949
Epoch: 61, Loss: 49.7949
Epoch: 66, Loss: 49.7949
Epoch: 71, Loss: 49.7949
Epoch: 76, Loss: 49.7949
Epoch: 81, Loss: 49.7949
Epoch: 86, Loss: 49.7949
Epoch: 91, Loss: 49.7949
Epoch: 96, Loss: 49.7949
Epoch: 101, Loss: 49.7948
Epoch: 106, Loss: 49.7948
Epoch: 111, Loss: 49.7948
Epoch: 116, Loss: 49.7948
Epoch: 121, Loss: 49.7948
Epoch: 126, Loss: 49.7948
Epoch: 131, Loss: 49.7948
Epoch: 136, Loss: 49.7948
Epoch: 141, Loss: 49.7948
Epoch: 146, Loss: 49.7948
Epoch: 151, Loss: 49.7948
Epoch: 156, Loss: 49.7948
Epoch: 161, Loss: 49.7948
Epoch: 166, Loss: 49.7948
Epoch: 171, Loss: 49.7948
Epoch: 176, Loss: 49.7948
Epoch: 181, Loss: 49.7948
Epoch: 186, Loss: 49.7948
Epoch: 191, Loss: 49.7947
Epoch: 196, Loss: 49.7947
Epoch: 201, Loss: 49.7947
Epoch: 206, Loss: 49.7947
Epoch: 211, Loss: 49.7947
Epoch: 216, Loss: 49.7947
Epoch: 221, Loss: 49.7947
Epoch: 226, Loss: 49.7947
Epoch: 231, Loss: 49.7947
Epoch: 236, Loss: 49.7947
Epoch: 241, Loss: 49.7947
Epoch: 246, Loss: 49.7947
Epoch: 251, Loss: 49.7947
Epoch: 256, Loss: 49.7947
Epoch: 261, Loss: 49.7946
Epoch: 266, Loss: 49.7946
Epoch: 271, Loss: 49.7946
Epoch: 276, Loss: 49.7946
Epoch: 281, Loss: 49.7946
Epoch: 286, Loss: 49.7946
Epoch: 291, Loss: 49.7946
Epoch: 296, Loss: 49.7946
Epoch: 301, Loss: 49.7946
Epoch: 306, Loss: 49.7946
Epoch: 311, Loss: 49.7946
Epoch: 316, Loss: 49.7946
Epoch: 321, Loss: 49.7946
Epoch: 326, Loss: 49.7945
Epoch: 331, Loss: 49.7945
Epoch: 336, Loss: 49.7945
Epoch: 341, Loss: 49.7945
Epoch: 346, Loss: 49.7945
Epoch: 351, Loss: 49.7945
Epoch: 356, Loss: 49.7945
Epoch: 361, Loss: 49.7945
Epoch: 366, Loss: 49.7945
Epoch: 371, Loss: 49.7945
Epoch: 376, Loss: 49.7944
Epoch: 381, Loss: 49.7944
Epoch: 386, Loss: 49.7944
Epoch: 391, Loss: 49.7944
Epoch: 396, Loss: 49.7944
Epoch: 401, Loss: 49.7944
Epoch: 406, Loss: 49.7944
Epoch: 411, Loss: 49.7944
Epoch: 416, Loss: 49.7944
Epoch: 421, Loss: 49.7943
Epoch: 426, Loss: 49.7943
Epoch: 431, Loss: 49.7943
Epoch: 436, Loss: 49.7943
Epoch: 441, Loss: 49.7943
Epoch: 446, Loss: 49.7943
Epoch: 451, Loss: 49.7943
Epoch: 456, Loss: 49.7943
Epoch: 461, Loss: 49.7942
Epoch: 466, Loss: 49.7942
Epoch: 471, Loss: 49.7942
Epoch: 476, Loss: 49.7942
Epoch: 481, Loss: 49.7942
Epoch: 486, Loss: 49.7942
Epoch: 491, Loss: 49.7941
Epoch: 496, Loss: 49.7941
Epoch: 501, Loss: 49.7941
Epoch: 506, Loss: 49.7941
Epoch: 511, Loss: 49.7941
Epoch: 516, Loss: 49.7941
Epoch: 521, Loss: 49.7940
Epoch: 526, Loss: 49.7940
Epoch: 531, Loss: 49.7940
Epoch: 536, Loss: 49.7940
Epoch: 541, Loss: 49.7940
Epoch: 546, Loss: 49.7939
Epoch: 551, Loss: 49.7939
Epoch: 556, Loss: 49.7939
Epoch: 561, Loss: 49.7939
Epoch: 566, Loss: 49.7938
Epoch: 571, Loss: 49.7938
Epoch: 576, Loss: 49.7938
Epoch: 581, Loss: 49.7938
Epoch: 586, Loss: 49.7937
Epoch: 591, Loss: 49.7937
Epoch: 596, Loss: 49.7937
Epoch: 601, Loss: 49.7936
Epoch: 606, Loss: 49.7936
Epoch: 611, Loss: 49.7936
Epoch: 616, Loss: 49.7935
Epoch: 621, Loss: 49.7935
Epoch: 626, Loss: 49.7935
Epoch: 631, Loss: 49.7934
Epoch: 636, Loss: 49.7934
Epoch: 641, Loss: 49.7934
Epoch: 646, Loss: 49.7933
Epoch: 651, Loss: 49.7933
Epoch: 656, Loss: 49.7932
Epoch: 661, Loss: 49.7932
Epoch: 666, Loss: 49.7931
Epoch: 671, Loss: 49.7931
Epoch: 676, Loss: 49.7930
Epoch: 681, Loss: 49.7930
Epoch: 686, Loss: 49.7929
Epoch: 691, Loss: 49.7929
Epoch: 696, Loss: 49.7928
Epoch: 701, Loss: 49.7928
Epoch: 706, Loss: 49.7927
Epoch: 711, Loss: 49.7926
Epoch: 716, Loss: 49.7926
Epoch: 721, Loss: 49.7925
Epoch: 726, Loss: 49.7924
Epoch: 731, Loss: 49.7924
Epoch: 736, Loss: 49.7923
Epoch: 741, Loss: 49.7922
Epoch: 746, Loss: 49.7921
Epoch: 751, Loss: 49.7920
Epoch: 756, Loss: 49.7920
Epoch: 761, Loss: 49.7919
Epoch: 766, Loss: 49.7918
Epoch: 771, Loss: 49.7917
Epoch: 776, Loss: 49.7916
Epoch: 781, Loss: 49.7915
Epoch: 786, Loss: 49.7914
Epoch: 791, Loss: 49.7913
Epoch: 796, Loss: 49.7912
Epoch: 801, Loss: 49.7911
Epoch: 806, Loss: 49.7910
Epoch: 811, Loss: 49.7909
Epoch: 816, Loss: 49.7908
Epoch: 821, Loss: 49.7907
Epoch: 826, Loss: 49.7906
Epoch: 831, Loss: 49.7905
Epoch: 836, Loss: 49.7904
Epoch: 841, Loss: 49.7903
Epoch: 846, Loss: 49.7902
Epoch: 851, Loss: 49.7901
Epoch: 856, Loss: 49.7900
Epoch: 861, Loss: 49.7899
Epoch: 866, Loss: 49.7898
Epoch: 871, Loss: 49.7897
Epoch: 876, Loss: 49.7896
Epoch: 881, Loss: 49.7895
Epoch: 886, Loss: 49.7894
Epoch: 891, Loss: 49.7893
Epoch: 896, Loss: 49.7893
Epoch: 901, Loss: 49.7892
Epoch: 906, Loss: 49.7891
Epoch: 911, Loss: 49.7890
Epoch: 916, Loss: 49.7889
Epoch: 921, Loss: 49.7888
Epoch: 926, Loss: 49.7887
Epoch: 931, Loss: 49.7887
Epoch: 936, Loss: 49.7886
Epoch: 941, Loss: 49.7885
Epoch: 946, Loss: 49.7884
Epoch: 951, Loss: 49.7884
Epoch: 956, Loss: 49.7883
Epoch: 961, Loss: 49.7882
Epoch: 966, Loss: 49.7882
Epoch: 971, Loss: 49.7881
Epoch: 976, Loss: 49.7880
Epoch: 981, Loss: 49.7880
Epoch: 986, Loss: 49.7879
Epoch: 991, Loss: 49.7878
Epoch: 996, Loss: 49.7878
Epoch: 1001, Loss: 49.7877
Elapsed time 0.1928 min
test data and predicted data:

Epoch: 6, Loss: 49.7876
Epoch: 11, Loss: 49.7876
Epoch: 16, Loss: 49.7875
Epoch: 21, Loss: 49.7875
Epoch: 26, Loss: 49.7874
Epoch: 31, Loss: 49.7874
Epoch: 36, Loss: 49.7873
Epoch: 41, Loss: 49.7873
Epoch: 46, Loss: 49.7872
Epoch: 51, Loss: 49.7872
Epoch: 56, Loss: 49.7871
Epoch: 61, Loss: 49.7871
Epoch: 66, Loss: 49.7870
Epoch: 71, Loss: 49.7870
Epoch: 76, Loss: 49.7869
Epoch: 81, Loss: 49.7869
Epoch: 86, Loss: 49.7868
Epoch: 91, Loss: 49.7868
Epoch: 96, Loss: 49.7868
Epoch: 101, Loss: 49.7867
Epoch: 106, Loss: 49.7867
Epoch: 111, Loss: 49.7867
Epoch: 116, Loss: 49.7866
Epoch: 121, Loss: 49.7866
Epoch: 126, Loss: 49.7866
Epoch: 131, Loss: 49.7865
Epoch: 136, Loss: 49.7865
Epoch: 141, Loss: 49.7865
Epoch: 146, Loss: 49.7865
Epoch: 151, Loss: 49.7864
Epoch: 156, Loss: 49.7864
Epoch: 161, Loss: 49.7864
Epoch: 166, Loss: 49.7864
Epoch: 171, Loss: 49.7864
Epoch: 176, Loss: 49.7863
Epoch: 181, Loss: 49.7863
Epoch: 186, Loss: 49.7863
Epoch: 191, Loss: 49.7863
Epoch: 196, Loss: 49.7863
Epoch: 201, Loss: 49.7863
Epoch: 206, Loss: 49.7862
Epoch: 211, Loss: 49.7862
Epoch: 216, Loss: 49.7862
Epoch: 221, Loss: 49.7862
Epoch: 226, Loss: 49.7862
Epoch: 231, Loss: 49.7862
Epoch: 236, Loss: 49.7862
Epoch: 241, Loss: 49.7862
Epoch: 246, Loss: 49.7862
Epoch: 251, Loss: 49.7862
Epoch: 256, Loss: 49.7862
Epoch: 261, Loss: 49.7861
Epoch: 266, Loss: 49.7861
Epoch: 271, Loss: 49.7861
Epoch: 276, Loss: 49.7861
Epoch: 281, Loss: 49.7861
Epoch: 286, Loss: 49.7861
Epoch: 291, Loss: 49.7861
Epoch: 296, Loss: 49.7861
Epoch: 301, Loss: 49.7861
Epoch: 306, Loss: 49.7861
Epoch: 311, Loss: 49.7861
Epoch: 316, Loss: 49.7861
Epoch: 321, Loss: 49.7861
Epoch: 326, Loss: 49.7861
Epoch: 331, Loss: 49.7861
Epoch: 336, Loss: 49.7861
Epoch: 341, Loss: 49.7861
Epoch: 346, Loss: 49.7861
Epoch: 351, Loss: 49.7861
Epoch: 356, Loss: 49.7861
Epoch: 361, Loss: 49.7861
Epoch: 366, Loss: 49.7860
Epoch: 371, Loss: 49.7860
Epoch: 376, Loss: 49.7860
Epoch: 381, Loss: 49.7860
Epoch: 386, Loss: 49.7860
Epoch: 391, Loss: 49.7860
Epoch: 396, Loss: 49.7860
Epoch: 401, Loss: 49.7860
Epoch: 406, Loss: 49.7860
Epoch: 411, Loss: 49.7860
Epoch: 416, Loss: 49.7860
Epoch: 421, Loss: 49.7860
Epoch: 426, Loss: 49.7860
Epoch: 431, Loss: 49.7860
Epoch: 436, Loss: 49.7860
Epoch: 441, Loss: 49.7860
Epoch: 446, Loss: 49.7860
Epoch: 451, Loss: 49.7860
Epoch: 456, Loss: 49.7860
Epoch: 461, Loss: 49.7860
Epoch: 466, Loss: 49.7860
Epoch: 471, Loss: 49.7860
Epoch: 476, Loss: 49.7860
Epoch: 481, Loss: 49.7860
Epoch: 486, Loss: 49.7860
Epoch: 491, Loss: 49.7860
Epoch: 496, Loss: 49.7860
Epoch: 501, Loss: 49.7859
Epoch: 506, Loss: 49.7859
Epoch: 511, Loss: 49.7859
Epoch: 516, Loss: 49.7859
Epoch: 521, Loss: 49.7859
Epoch: 526, Loss: 49.7859
Epoch: 531, Loss: 49.7859
Epoch: 536, Loss: 49.7859
Epoch: 541, Loss: 49.7859
Epoch: 546, Loss: 49.7859
Epoch: 551, Loss: 49.7859
Epoch: 556, Loss: 49.7859
Epoch: 561, Loss: 49.7859
Epoch: 566, Loss: 49.7859
Epoch: 571, Loss: 49.7859
Epoch: 576, Loss: 49.7859
Epoch: 581, Loss: 49.7859
Epoch: 586, Loss: 49.7859
Epoch: 591, Loss: 49.7859
Epoch: 596, Loss: 49.7859
Epoch: 601, Loss: 49.7859
Epoch: 606, Loss: 49.7859
Epoch: 611, Loss: 49.7859
Epoch: 616, Loss: 49.7859
Epoch: 621, Loss: 49.7859
Epoch: 626, Loss: 49.7859
Epoch: 631, Loss: 49.7859
Epoch: 636, Loss: 49.7859
Epoch: 641, Loss: 49.7859
Epoch: 646, Loss: 49.7859
Epoch: 651, Loss: 49.7859
Epoch: 656, Loss: 49.7859
Epoch: 661, Loss: 49.7859
Epoch: 666, Loss: 49.7858
Epoch: 671, Loss: 49.7858
Epoch: 676, Loss: 49.7858
Epoch: 681, Loss: 49.7858
Epoch: 686, Loss: 49.7858
Epoch: 691, Loss: 49.7858
Epoch: 696, Loss: 49.7858
Epoch: 701, Loss: 49.7858
Epoch: 706, Loss: 49.7858
Epoch: 711, Loss: 49.7858
Epoch: 716, Loss: 49.7858
Epoch: 721, Loss: 49.7858
Epoch: 726, Loss: 49.7858
Epoch: 731, Loss: 49.7858
Epoch: 736, Loss: 49.7858
Epoch: 741, Loss: 49.7858
Epoch: 746, Loss: 49.7858
Epoch: 751, Loss: 49.7858
Epoch: 756, Loss: 49.7858
Epoch: 761, Loss: 49.7858
Epoch: 766, Loss: 49.7858
Epoch: 771, Loss: 49.7858
Epoch: 776, Loss: 49.7858
Epoch: 781, Loss: 49.7858
Epoch: 786, Loss: 49.7858
Epoch: 791, Loss: 49.7858
Epoch: 796, Loss: 49.7858
Epoch: 801, Loss: 49.7858
Epoch: 806, Loss: 49.7858
Epoch: 811, Loss: 49.7858
Epoch: 816, Loss: 49.7858
Epoch: 821, Loss: 49.7858
Epoch: 826, Loss: 49.7858
Epoch: 831, Loss: 49.7858
Epoch: 836, Loss: 49.7858
Epoch: 841, Loss: 49.7857
Epoch: 846, Loss: 49.7857
Epoch: 851, Loss: 49.7857
Epoch: 856, Loss: 49.7857
Epoch: 861, Loss: 49.7857
Epoch: 866, Loss: 49.7857
Epoch: 871, Loss: 49.7857
Epoch: 876, Loss: 49.7857
Epoch: 881, Loss: 49.7857
Epoch: 886, Loss: 49.7857
Epoch: 891, Loss: 49.7857
Epoch: 896, Loss: 49.7857
Epoch: 901, Loss: 49.7857
Epoch: 906, Loss: 49.7857
Epoch: 911, Loss: 49.7857
Epoch: 916, Loss: 49.7857
Epoch: 921, Loss: 49.7857
Epoch: 926, Loss: 49.7857
Epoch: 931, Loss: 49.7857
Epoch: 936, Loss: 49.7862
Epoch: 941, Loss: 49.7869
Epoch: 946, Loss: 49.7861
Epoch: 951, Loss: 49.7857
Epoch: 956, Loss: 49.7858
Epoch: 961, Loss: 49.7858
Epoch: 966, Loss: 49.7858
Epoch: 971, Loss: 49.7857
Epoch: 976, Loss: 49.7857
Epoch: 981, Loss: 49.7857
Epoch: 986, Loss: 49.7857
Epoch: 991, Loss: 49.7857
Epoch: 996, Loss: 49.7857
Epoch: 1001, Loss: 49.7857
Elapsed time 0.1880 min
test data and predicted data:

Epoch: 6, Loss: 49.7857
Epoch: 11, Loss: 49.7857
Epoch: 16, Loss: 49.7857
Epoch: 21, Loss: 49.7857
Epoch: 26, Loss: 49.7857
Epoch: 31, Loss: 49.7856
Epoch: 36, Loss: 49.7856
Epoch: 41, Loss: 49.7856
Epoch: 46, Loss: 49.7856
Epoch: 51, Loss: 49.7856
Epoch: 56, Loss: 49.7856
Epoch: 61, Loss: 49.7856
Epoch: 66, Loss: 49.7856
Epoch: 71, Loss: 49.7856
Epoch: 76, Loss: 49.7856
Epoch: 81, Loss: 49.7856
Epoch: 86, Loss: 49.7856
Epoch: 91, Loss: 49.7856
Epoch: 96, Loss: 49.7856
Epoch: 101, Loss: 49.7856
Epoch: 106, Loss: 49.7856
Epoch: 111, Loss: 49.7856
Epoch: 116, Loss: 49.7856
Epoch: 121, Loss: 49.7856
Epoch: 126, Loss: 49.7856
Epoch: 131, Loss: 49.7856
Epoch: 136, Loss: 49.7857
Epoch: 141, Loss: 49.7862
Epoch: 146, Loss: 49.7869
Epoch: 151, Loss: 49.7860
Epoch: 156, Loss: 49.7856
Epoch: 161, Loss: 49.7857
Epoch: 166, Loss: 49.7857
Epoch: 171, Loss: 49.7856
Epoch: 176, Loss: 49.7856
Epoch: 181, Loss: 49.7856
Epoch: 186, Loss: 49.7856
Epoch: 191, Loss: 49.7856
Epoch: 196, Loss: 49.7856
Epoch: 201, Loss: 49.7856
Epoch: 206, Loss: 49.7856
Epoch: 211, Loss: 49.7856
Epoch: 216, Loss: 49.7856
Epoch: 221, Loss: 49.7856
Epoch: 226, Loss: 49.7856
Epoch: 231, Loss: 49.7856
Epoch: 236, Loss: 49.7856
Epoch: 241, Loss: 49.7856
Epoch: 246, Loss: 49.7856
Epoch: 251, Loss: 49.7856
Epoch: 256, Loss: 49.7856
Epoch: 261, Loss: 49.7856
Epoch: 266, Loss: 49.7856
Epoch: 271, Loss: 49.7855
Epoch: 276, Loss: 49.7855
Epoch: 281, Loss: 49.7855
Epoch: 286, Loss: 49.7855
Epoch: 291, Loss: 49.7855
Epoch: 296, Loss: 49.7855
Epoch: 301, Loss: 49.7855
Epoch: 306, Loss: 49.7855
Epoch: 311, Loss: 49.7855
Epoch: 316, Loss: 49.7855
Epoch: 321, Loss: 49.7857
Epoch: 326, Loss: 49.7866
Epoch: 331, Loss: 49.7858
Epoch: 336, Loss: 49.7861
Epoch: 341, Loss: 49.7856
Epoch: 346, Loss: 49.7855
Epoch: 351, Loss: 49.7856
Epoch: 356, Loss: 49.7856
Epoch: 361, Loss: 49.7855
Epoch: 366, Loss: 49.7855
Epoch: 371, Loss: 49.7855
Epoch: 376, Loss: 49.7855
Epoch: 381, Loss: 49.7855
Epoch: 386, Loss: 49.7855
Epoch: 391, Loss: 49.7855
Epoch: 396, Loss: 49.7855
Epoch: 401, Loss: 49.7855
Epoch: 406, Loss: 49.7855
Epoch: 411, Loss: 49.7855
Epoch: 416, Loss: 49.7855
Epoch: 421, Loss: 49.7855
Epoch: 426, Loss: 49.7855
Epoch: 431, Loss: 49.7855
Epoch: 436, Loss: 49.7855
Epoch: 441, Loss: 49.7855
Epoch: 446, Loss: 49.7855
Epoch: 451, Loss: 49.7855
Epoch: 456, Loss: 49.7855
Epoch: 461, Loss: 49.7855
Epoch: 466, Loss: 49.7855
Epoch: 471, Loss: 49.7855
Epoch: 476, Loss: 49.7856
Epoch: 481, Loss: 49.7860
Epoch: 486, Loss: 49.7864
Epoch: 491, Loss: 49.7855
Epoch: 496, Loss: 49.7858
Epoch: 501, Loss: 49.7856
Epoch: 506, Loss: 49.7855
Epoch: 511, Loss: 49.7855
Epoch: 516, Loss: 49.7855
Epoch: 521, Loss: 49.7855
Epoch: 526, Loss: 49.7855
Epoch: 531, Loss: 49.7855
Epoch: 536, Loss: 49.7855
Epoch: 541, Loss: 49.7855
Epoch: 546, Loss: 49.7855
Epoch: 551, Loss: 49.7855
Epoch: 556, Loss: 49.7855
Epoch: 561, Loss: 49.7855
Epoch: 566, Loss: 49.7855
Epoch: 571, Loss: 49.7855
Epoch: 576, Loss: 49.7855
Epoch: 581, Loss: 49.7855
Epoch: 586, Loss: 49.7854
Epoch: 591, Loss: 49.7855
Epoch: 596, Loss: 49.7855
Epoch: 601, Loss: 49.7856
Epoch: 606, Loss: 49.7859
Epoch: 611, Loss: 49.7863
Epoch: 616, Loss: 49.7854
Epoch: 621, Loss: 49.7857
Epoch: 626, Loss: 49.7854
Epoch: 631, Loss: 49.7855
Epoch: 636, Loss: 49.7854
Epoch: 641, Loss: 49.7855
Epoch: 646, Loss: 49.7854
Epoch: 651, Loss: 49.7854
Epoch: 656, Loss: 49.7854
Epoch: 661, Loss: 49.7854
Epoch: 666, Loss: 49.7854
Epoch: 671, Loss: 49.7854
Epoch: 676, Loss: 49.7854
Epoch: 681, Loss: 49.7854
Epoch: 686, Loss: 49.7854
Epoch: 691, Loss: 49.7854
Epoch: 696, Loss: 49.7854
Epoch: 701, Loss: 49.7854
Epoch: 706, Loss: 49.7855
Epoch: 711, Loss: 49.7860
Epoch: 716, Loss: 49.7861
Epoch: 721, Loss: 49.7854
Epoch: 726, Loss: 49.7857
Epoch: 731, Loss: 49.7854
Epoch: 736, Loss: 49.7855
Epoch: 741, Loss: 49.7854
Epoch: 746, Loss: 49.7854
Epoch: 751, Loss: 49.7854
Epoch: 756, Loss: 49.7854
Epoch: 761, Loss: 49.7854
Epoch: 766, Loss: 49.7854
Epoch: 771, Loss: 49.7854
Epoch: 776, Loss: 49.7854
Epoch: 781, Loss: 49.7854
Epoch: 786, Loss: 49.7854
Epoch: 791, Loss: 49.7854
Epoch: 796, Loss: 49.7854
Epoch: 801, Loss: 49.7854
Epoch: 806, Loss: 49.7855
Epoch: 811, Loss: 49.7858
Epoch: 816, Loss: 49.7862
Epoch: 821, Loss: 49.7854
Epoch: 826, Loss: 49.7856
Epoch: 831, Loss: 49.7854
Epoch: 836, Loss: 49.7855
Epoch: 841, Loss: 49.7854
Epoch: 846, Loss: 49.7854
Epoch: 851, Loss: 49.7854
Epoch: 856, Loss: 49.7854
Epoch: 861, Loss: 49.7854
Epoch: 866, Loss: 49.7854
Epoch: 871, Loss: 49.7854
Epoch: 876, Loss: 49.7854
Epoch: 881, Loss: 49.7854
Epoch: 886, Loss: 49.7854
Epoch: 891, Loss: 49.7854
Epoch: 896, Loss: 49.7854
Epoch: 901, Loss: 49.7854
Epoch: 906, Loss: 49.7856
Epoch: 911, Loss: 49.7864
Epoch: 916, Loss: 49.7857
Epoch: 921, Loss: 49.7856
Epoch: 926, Loss: 49.7855
Epoch: 931, Loss: 49.7855
Epoch: 936, Loss: 49.7854
Epoch: 941, Loss: 49.7854
Epoch: 946, Loss: 49.7854
Epoch: 951, Loss: 49.7854
Epoch: 956, Loss: 49.7854
Epoch: 961, Loss: 49.7854
Epoch: 966, Loss: 49.7854
Epoch: 971, Loss: 49.7854
Epoch: 976, Loss: 49.7854
Epoch: 981, Loss: 49.7854
Epoch: 986, Loss: 49.7854
Epoch: 991, Loss: 49.7854
Epoch: 996, Loss: 49.7854
Epoch: 1001, Loss: 49.7854
Elapsed time 0.1893 min
test data and predicted data:

Epoch: 6, Loss: 49.7854
Epoch: 11, Loss: 49.7857
Epoch: 16, Loss: 49.7861
Epoch: 21, Loss: 49.7855
Epoch: 26, Loss: 49.7855
Epoch: 31, Loss: 49.7854
Epoch: 36, Loss: 49.7854
Epoch: 41, Loss: 49.7854
Epoch: 46, Loss: 49.7853
Epoch: 51, Loss: 49.7854
Epoch: 56, Loss: 49.7853
Epoch: 61, Loss: 49.7853
Epoch: 66, Loss: 49.7853
Epoch: 71, Loss: 49.7853
Epoch: 76, Loss: 49.7853
Epoch: 81, Loss: 49.7853
Epoch: 86, Loss: 49.7853
Epoch: 91, Loss: 49.7853
Epoch: 96, Loss: 49.7854
Epoch: 101, Loss: 49.7855
Epoch: 106, Loss: 49.7859
Epoch: 111, Loss: 49.7862
Epoch: 116, Loss: 49.7853
Epoch: 121, Loss: 49.7856
Epoch: 126, Loss: 49.7853
Epoch: 131, Loss: 49.7854
Epoch: 136, Loss: 49.7853
Epoch: 141, Loss: 49.7853
Epoch: 146, Loss: 49.7853
Epoch: 151, Loss: 49.7853
Epoch: 156, Loss: 49.7853
Epoch: 161, Loss: 49.7853
Epoch: 166, Loss: 49.7853
Epoch: 171, Loss: 49.7853
Epoch: 176, Loss: 49.7853
Epoch: 181, Loss: 49.7853
Epoch: 186, Loss: 49.7853
Epoch: 191, Loss: 49.7853
Epoch: 196, Loss: 49.7854
Epoch: 201, Loss: 49.7855
Epoch: 206, Loss: 49.7864
Epoch: 211, Loss: 49.7858
Epoch: 216, Loss: 49.7855
Epoch: 221, Loss: 49.7855
Epoch: 226, Loss: 49.7854
Epoch: 231, Loss: 49.7854
Epoch: 236, Loss: 49.7853
Epoch: 241, Loss: 49.7853
Epoch: 246, Loss: 49.7853
Epoch: 251, Loss: 49.7853
Epoch: 256, Loss: 49.7853
Epoch: 261, Loss: 49.7853
Epoch: 266, Loss: 49.7853
Epoch: 271, Loss: 49.7853
Epoch: 276, Loss: 49.7853
Epoch: 281, Loss: 49.7853
Epoch: 286, Loss: 49.7853
Epoch: 291, Loss: 49.7853
Epoch: 296, Loss: 49.7853
Epoch: 301, Loss: 49.7854
Epoch: 306, Loss: 49.7856
Epoch: 311, Loss: 49.7861
Epoch: 316, Loss: 49.7857
Epoch: 321, Loss: 49.7854
Epoch: 326, Loss: 49.7855
Epoch: 331, Loss: 49.7853
Epoch: 336, Loss: 49.7854
Epoch: 341, Loss: 49.7853
Epoch: 346, Loss: 49.7853
Epoch: 351, Loss: 49.7853
Epoch: 356, Loss: 49.7853
Epoch: 361, Loss: 49.7853
Epoch: 366, Loss: 49.7853
Epoch: 371, Loss: 49.7853
Epoch: 376, Loss: 49.7853
Epoch: 381, Loss: 49.7853
Epoch: 386, Loss: 49.7853
Epoch: 391, Loss: 49.7854
Epoch: 396, Loss: 49.7856
Epoch: 401, Loss: 49.7860
Epoch: 406, Loss: 49.7856
Epoch: 411, Loss: 49.7853
Epoch: 416, Loss: 49.7855
Epoch: 421, Loss: 49.7853
Epoch: 426, Loss: 49.7853
Epoch: 431, Loss: 49.7853
Epoch: 436, Loss: 49.7853
Epoch: 441, Loss: 49.7853
Epoch: 446, Loss: 49.7853
Epoch: 451, Loss: 49.7853
Epoch: 456, Loss: 49.7853
Epoch: 461, Loss: 49.7853
Epoch: 466, Loss: 49.7853
Epoch: 471, Loss: 49.7853
Epoch: 476, Loss: 49.7854
Epoch: 481, Loss: 49.7858
Epoch: 486, Loss: 49.7860
Epoch: 491, Loss: 49.7853
Epoch: 496, Loss: 49.7855
Epoch: 501, Loss: 49.7854
Epoch: 506, Loss: 49.7853
Epoch: 511, Loss: 49.7853
Epoch: 516, Loss: 49.7853
Epoch: 521, Loss: 49.7853
Epoch: 526, Loss: 49.7853
Epoch: 531, Loss: 49.7853
Epoch: 536, Loss: 49.7853
Epoch: 541, Loss: 49.7853
Epoch: 546, Loss: 49.7853
Epoch: 551, Loss: 49.7853
Epoch: 556, Loss: 49.7853
Epoch: 561, Loss: 49.7854
Epoch: 566, Loss: 49.7857
Epoch: 571, Loss: 49.7862
Epoch: 576, Loss: 49.7854
Epoch: 581, Loss: 49.7854
Epoch: 586, Loss: 49.7854
Epoch: 591, Loss: 49.7853
Epoch: 596, Loss: 49.7853
Epoch: 601, Loss: 49.7853
Epoch: 606, Loss: 49.7853
Epoch: 611, Loss: 49.7853
Epoch: 616, Loss: 49.7853
Epoch: 621, Loss: 49.7852
Epoch: 626, Loss: 49.7852
Epoch: 631, Loss: 49.7852
Epoch: 636, Loss: 49.7853
Epoch: 641, Loss: 49.7853
Epoch: 646, Loss: 49.7853
Epoch: 651, Loss: 49.7856
Epoch: 656, Loss: 49.7860
Epoch: 661, Loss: 49.7855
Epoch: 666, Loss: 49.7853
Epoch: 671, Loss: 49.7854
Epoch: 676, Loss: 49.7852
Epoch: 681, Loss: 49.7853
Epoch: 686, Loss: 49.7853
Epoch: 691, Loss: 49.7852
Epoch: 696, Loss: 49.7853
Epoch: 701, Loss: 49.7853
Epoch: 706, Loss: 49.7852
Epoch: 711, Loss: 49.7852
Epoch: 716, Loss: 49.7852
Epoch: 721, Loss: 49.7852
Epoch: 726, Loss: 49.7852
Epoch: 731, Loss: 49.7852
Epoch: 736, Loss: 49.7852
Epoch: 741, Loss: 49.7852
Epoch: 746, Loss: 49.7853
Epoch: 751, Loss: 49.7856
Epoch: 756, Loss: 49.7871
Epoch: 761, Loss: 49.7853
Epoch: 766, Loss: 49.7860
Epoch: 771, Loss: 49.7853
Epoch: 776, Loss: 49.7853
Epoch: 781, Loss: 49.7854
Epoch: 786, Loss: 49.7852
Epoch: 791, Loss: 49.7852
Epoch: 796, Loss: 49.7853
Epoch: 801, Loss: 49.7852
Epoch: 806, Loss: 49.7852
Epoch: 811, Loss: 49.7852
Epoch: 816, Loss: 49.7852
Epoch: 821, Loss: 49.7852
Epoch: 826, Loss: 49.7852
Epoch: 831, Loss: 49.7852
Epoch: 836, Loss: 49.7852
Epoch: 841, Loss: 49.7852
Epoch: 846, Loss: 49.7852
Epoch: 851, Loss: 49.7852
Epoch: 856, Loss: 49.7852
Epoch: 861, Loss: 49.7852
Epoch: 866, Loss: 49.7852
Epoch: 871, Loss: 49.7852
Epoch: 876, Loss: 49.7852
Epoch: 881, Loss: 49.7852
Epoch: 886, Loss: 49.7852
Epoch: 891, Loss: 49.7852
Epoch: 896, Loss: 49.7853
Epoch: 901, Loss: 49.7855
Epoch: 906, Loss: 49.7867
Epoch: 911, Loss: 49.7855
Epoch: 916, Loss: 49.7858
Epoch: 921, Loss: 49.7852
Epoch: 926, Loss: 49.7854
Epoch: 931, Loss: 49.7853
Epoch: 936, Loss: 49.7852
Epoch: 941, Loss: 49.7853
Epoch: 946, Loss: 49.7852
Epoch: 951, Loss: 49.7852
Epoch: 956, Loss: 49.7852
Epoch: 961, Loss: 49.7852
Epoch: 966, Loss: 49.7852
Epoch: 971, Loss: 49.7852
Epoch: 976, Loss: 49.7852
Epoch: 981, Loss: 49.7852
Epoch: 986, Loss: 49.7852
Epoch: 991, Loss: 49.7852
Epoch: 996, Loss: 49.7852
Epoch: 1001, Loss: 49.7852
Elapsed time 0.1892 min
test data and predicted data:

Epoch: 6, Loss: 49.7852
Epoch: 11, Loss: 49.7852
Epoch: 16, Loss: 49.7852
Epoch: 21, Loss: 49.7852
Epoch: 26, Loss: 49.7852
Epoch: 31, Loss: 49.7854
Epoch: 36, Loss: 49.7861
Epoch: 41, Loss: 49.7861
Epoch: 46, Loss: 49.7852
Epoch: 51, Loss: 49.7856
Epoch: 56, Loss: 49.7852
Epoch: 61, Loss: 49.7853
Epoch: 66, Loss: 49.7852
Epoch: 71, Loss: 49.7852
Epoch: 76, Loss: 49.7852
Epoch: 81, Loss: 49.7852
Epoch: 86, Loss: 49.7852
Epoch: 91, Loss: 49.7852
Epoch: 96, Loss: 49.7852
Epoch: 101, Loss: 49.7852
Epoch: 106, Loss: 49.7852
Epoch: 111, Loss: 49.7852
Epoch: 116, Loss: 49.7852
Epoch: 121, Loss: 49.7852
Epoch: 126, Loss: 49.7852
Epoch: 131, Loss: 49.7852
Epoch: 136, Loss: 49.7852
Epoch: 141, Loss: 49.7853
Epoch: 146, Loss: 49.7859
Epoch: 151, Loss: 49.7861
Epoch: 156, Loss: 49.7852
Epoch: 161, Loss: 49.7855
Epoch: 166, Loss: 49.7852
Epoch: 171, Loss: 49.7853
Epoch: 176, Loss: 49.7852
Epoch: 181, Loss: 49.7852
Epoch: 186, Loss: 49.7852
Epoch: 191, Loss: 49.7852
Epoch: 196, Loss: 49.7852
Epoch: 201, Loss: 49.7852
Epoch: 206, Loss: 49.7852
Epoch: 211, Loss: 49.7852
Epoch: 216, Loss: 49.7852
Epoch: 221, Loss: 49.7852
Epoch: 226, Loss: 49.7852
Epoch: 231, Loss: 49.7852
Epoch: 236, Loss: 49.7853
Epoch: 241, Loss: 49.7855
Epoch: 246, Loss: 49.7859
Epoch: 251, Loss: 49.7856
Epoch: 256, Loss: 49.7852
Epoch: 261, Loss: 49.7854
Epoch: 266, Loss: 49.7852
Epoch: 271, Loss: 49.7852
Epoch: 276, Loss: 49.7852
Epoch: 281, Loss: 49.7852
Epoch: 286, Loss: 49.7852
Epoch: 291, Loss: 49.7852
Epoch: 296, Loss: 49.7852
Epoch: 301, Loss: 49.7852
Epoch: 306, Loss: 49.7852
Epoch: 311, Loss: 49.7852
Epoch: 316, Loss: 49.7852
Epoch: 321, Loss: 49.7852
Epoch: 326, Loss: 49.7854
Epoch: 331, Loss: 49.7859
Epoch: 336, Loss: 49.7859
Epoch: 341, Loss: 49.7852
Epoch: 346, Loss: 49.7854
Epoch: 351, Loss: 49.7852
Epoch: 356, Loss: 49.7852
Epoch: 361, Loss: 49.7852
Epoch: 366, Loss: 49.7852
Epoch: 371, Loss: 49.7852
Epoch: 376, Loss: 49.7852
Epoch: 381, Loss: 49.7852
Epoch: 386, Loss: 49.7852
Epoch: 391, Loss: 49.7852
Epoch: 396, Loss: 49.7852
Epoch: 401, Loss: 49.7852
Epoch: 406, Loss: 49.7852
Epoch: 411, Loss: 49.7852
Epoch: 416, Loss: 49.7854
Epoch: 421, Loss: 49.7859
Epoch: 426, Loss: 49.7857
Epoch: 431, Loss: 49.7852
Epoch: 436, Loss: 49.7854
Epoch: 441, Loss: 49.7852
Epoch: 446, Loss: 49.7852
Epoch: 451, Loss: 49.7852
Epoch: 456, Loss: 49.7852
Epoch: 461, Loss: 49.7852
Epoch: 466, Loss: 49.7852
Epoch: 471, Loss: 49.7852
Epoch: 476, Loss: 49.7852
Epoch: 481, Loss: 49.7852
Epoch: 486, Loss: 49.7852
Epoch: 491, Loss: 49.7852
Epoch: 496, Loss: 49.7852
Epoch: 501, Loss: 49.7852
Epoch: 506, Loss: 49.7853
Epoch: 511, Loss: 49.7858
Epoch: 516, Loss: 49.7865
Epoch: 521, Loss: 49.7852
Epoch: 526, Loss: 49.7856
Epoch: 531, Loss: 49.7852
Epoch: 536, Loss: 49.7853
Epoch: 541, Loss: 49.7852
Epoch: 546, Loss: 49.7852
Epoch: 551, Loss: 49.7852
Epoch: 556, Loss: 49.7852
Epoch: 561, Loss: 49.7852
Epoch: 566, Loss: 49.7852
Epoch: 571, Loss: 49.7852
Epoch: 576, Loss: 49.7852
Epoch: 581, Loss: 49.7852
Epoch: 586, Loss: 49.7852
Epoch: 591, Loss: 49.7852
Epoch: 596, Loss: 49.7852
Epoch: 601, Loss: 49.7852
Epoch: 606, Loss: 49.7852
Epoch: 611, Loss: 49.7852
Epoch: 616, Loss: 49.7852
Epoch: 621, Loss: 49.7852
Epoch: 626, Loss: 49.7854
Epoch: 631, Loss: 49.7861
Epoch: 636, Loss: 49.7858
Epoch: 641, Loss: 49.7852
Epoch: 646, Loss: 49.7854
Epoch: 651, Loss: 49.7852
Epoch: 656, Loss: 49.7852
Epoch: 661, Loss: 49.7851
Epoch: 666, Loss: 49.7852
Epoch: 671, Loss: 49.7851
Epoch: 676, Loss: 49.7852
Epoch: 681, Loss: 49.7851
Epoch: 686, Loss: 49.7851
Epoch: 691, Loss: 49.7851
Epoch: 696, Loss: 49.7851
Epoch: 701, Loss: 49.7851
Epoch: 706, Loss: 49.7851
Epoch: 711, Loss: 49.7851
Epoch: 716, Loss: 49.7851
Epoch: 721, Loss: 49.7851
Epoch: 726, Loss: 49.7851
Epoch: 731, Loss: 49.7852
Epoch: 736, Loss: 49.7852
Epoch: 741, Loss: 49.7859
Epoch: 746, Loss: 49.7866
Epoch: 751, Loss: 49.7852
Epoch: 756, Loss: 49.7856
Epoch: 761, Loss: 49.7853
Epoch: 766, Loss: 49.7852
Epoch: 771, Loss: 49.7852
Epoch: 776, Loss: 49.7851
Epoch: 781, Loss: 49.7852
Epoch: 786, Loss: 49.7851
Epoch: 791, Loss: 49.7851
Epoch: 796, Loss: 49.7851
Epoch: 801, Loss: 49.7851
Epoch: 806, Loss: 49.7851
Epoch: 811, Loss: 49.7851
Epoch: 816, Loss: 49.7851
Epoch: 821, Loss: 49.7851
Epoch: 826, Loss: 49.7851
Epoch: 831, Loss: 49.7851
Epoch: 836, Loss: 49.7851
Epoch: 841, Loss: 49.7851
Epoch: 846, Loss: 49.7851
Epoch: 851, Loss: 49.7851
Epoch: 856, Loss: 49.7851
Epoch: 861, Loss: 49.7851
Epoch: 866, Loss: 49.7851
Epoch: 871, Loss: 49.7853
Epoch: 876, Loss: 49.7861
Epoch: 881, Loss: 49.7862
Epoch: 886, Loss: 49.7852
Epoch: 891, Loss: 49.7855
Epoch: 896, Loss: 49.7852
Epoch: 901, Loss: 49.7852
Epoch: 906, Loss: 49.7852
Epoch: 911, Loss: 49.7851
Epoch: 916, Loss: 49.7851
Epoch: 921, Loss: 49.7851
Epoch: 926, Loss: 49.7851
Epoch: 931, Loss: 49.7851
Epoch: 936, Loss: 49.7851
Epoch: 941, Loss: 49.7851
Epoch: 946, Loss: 49.7851
Epoch: 951, Loss: 49.7851
Epoch: 956, Loss: 49.7851
Epoch: 961, Loss: 49.7851
Epoch: 966, Loss: 49.7851
Epoch: 971, Loss: 49.7851
Epoch: 976, Loss: 49.7851
Epoch: 981, Loss: 49.7851
Epoch: 986, Loss: 49.7851
Epoch: 991, Loss: 49.7851
Epoch: 996, Loss: 49.7851
Epoch: 1001, Loss: 49.7854
Elapsed time 0.1944 min
test data and predicted data:

Epoch: 6, Loss: 49.7866
Epoch: 11, Loss: 49.7856
Epoch: 16, Loss: 49.7857
Epoch: 21, Loss: 49.7851
Epoch: 26, Loss: 49.7853
Epoch: 31, Loss: 49.7852
Epoch: 36, Loss: 49.7851
Epoch: 41, Loss: 49.7852
Epoch: 46, Loss: 49.7851
Epoch: 51, Loss: 49.7851
Epoch: 56, Loss: 49.7851
Epoch: 61, Loss: 49.7851
Epoch: 66, Loss: 49.7851
Epoch: 71, Loss: 49.7851
Epoch: 76, Loss: 49.7851
Epoch: 81, Loss: 49.7851
Epoch: 86, Loss: 49.7851
Epoch: 91, Loss: 49.7851
Epoch: 96, Loss: 49.7851
Epoch: 101, Loss: 49.7851
Epoch: 106, Loss: 49.7851
Epoch: 111, Loss: 49.7851
Epoch: 116, Loss: 49.7851
Epoch: 121, Loss: 49.7851
Epoch: 126, Loss: 49.7851
Epoch: 131, Loss: 49.7851
Epoch: 136, Loss: 49.7851
Epoch: 141, Loss: 49.7853
Epoch: 146, Loss: 49.7863
Epoch: 151, Loss: 49.7858
Epoch: 156, Loss: 49.7854
Epoch: 161, Loss: 49.7852
Epoch: 166, Loss: 49.7853
Epoch: 171, Loss: 49.7851
Epoch: 176, Loss: 49.7851
Epoch: 181, Loss: 49.7851
Epoch: 186, Loss: 49.7851
Epoch: 191, Loss: 49.7851
Epoch: 196, Loss: 49.7851
Epoch: 201, Loss: 49.7851
Epoch: 206, Loss: 49.7850
Epoch: 211, Loss: 49.7850
Epoch: 216, Loss: 49.7850
Epoch: 221, Loss: 49.7850
Epoch: 226, Loss: 49.7850
Epoch: 231, Loss: 49.7850
Epoch: 236, Loss: 49.7850
Epoch: 241, Loss: 49.7850
Epoch: 246, Loss: 49.7850
Epoch: 251, Loss: 49.7850
Epoch: 256, Loss: 49.7850
Epoch: 261, Loss: 49.7851
Epoch: 266, Loss: 49.7858
Epoch: 271, Loss: 49.7865
Epoch: 276, Loss: 49.7850
Epoch: 281, Loss: 49.7854
Epoch: 286, Loss: 49.7850
Epoch: 291, Loss: 49.7851
Epoch: 296, Loss: 49.7850
Epoch: 301, Loss: 49.7850
Epoch: 306, Loss: 49.7850
Epoch: 311, Loss: 49.7849
Epoch: 316, Loss: 49.7849
Epoch: 321, Loss: 49.7849
Epoch: 326, Loss: 49.7849
Epoch: 331, Loss: 49.7849
Epoch: 336, Loss: 49.7849
Epoch: 341, Loss: 49.7849
Epoch: 346, Loss: 49.7849
Epoch: 351, Loss: 49.7849
Epoch: 356, Loss: 49.7848
Epoch: 361, Loss: 49.7848
Epoch: 366, Loss: 49.7849
Epoch: 371, Loss: 49.7862
Epoch: 376, Loss: 49.7861
Epoch: 381, Loss: 49.7856
Epoch: 386, Loss: 49.7848
Epoch: 391, Loss: 49.7849
Epoch: 396, Loss: 49.7850
Epoch: 401, Loss: 49.7848
Epoch: 406, Loss: 49.7847
Epoch: 411, Loss: 49.7847
Epoch: 416, Loss: 49.7847
Epoch: 421, Loss: 49.7847
Epoch: 426, Loss: 49.7847
Epoch: 431, Loss: 49.7847
Epoch: 436, Loss: 49.7847
Epoch: 441, Loss: 49.7847
Epoch: 446, Loss: 49.7847
Epoch: 451, Loss: 49.7846
Epoch: 456, Loss: 49.7846
Epoch: 461, Loss: 49.7846
Epoch: 466, Loss: 49.7846
Epoch: 471, Loss: 49.7846
Epoch: 476, Loss: 49.7846
Epoch: 481, Loss: 49.7846
Epoch: 486, Loss: 49.7846
Epoch: 491, Loss: 49.7846
Epoch: 496, Loss: 49.7846
Epoch: 501, Loss: 49.7847
Epoch: 506, Loss: 49.7853
Epoch: 511, Loss: 49.7855
Epoch: 516, Loss: 49.7846
Epoch: 521, Loss: 49.7849
Epoch: 526, Loss: 49.7846
Epoch: 531, Loss: 49.7847
Epoch: 536, Loss: 49.7846
Epoch: 541, Loss: 49.7846
Epoch: 546, Loss: 49.7846
Epoch: 551, Loss: 49.7846
Epoch: 556, Loss: 49.7846
Epoch: 561, Loss: 49.7846
Epoch: 566, Loss: 49.7846
Epoch: 571, Loss: 49.7846
Epoch: 576, Loss: 49.7846
Epoch: 581, Loss: 49.7846
Epoch: 586, Loss: 49.7846
Epoch: 591, Loss: 49.7846
Epoch: 596, Loss: 49.7846
Epoch: 601, Loss: 49.7846
Epoch: 606, Loss: 49.7846
Epoch: 611, Loss: 49.7846
Epoch: 616, Loss: 49.7847
Epoch: 621, Loss: 49.7852
Epoch: 626, Loss: 49.7857
Epoch: 631, Loss: 49.7846
Epoch: 636, Loss: 49.7850
Epoch: 641, Loss: 49.7846
Epoch: 646, Loss: 49.7847
Epoch: 651, Loss: 49.7846
Epoch: 656, Loss: 49.7846
Epoch: 661, Loss: 49.7846
Epoch: 666, Loss: 49.7846
Epoch: 671, Loss: 49.7846
Epoch: 676, Loss: 49.7846
Epoch: 681, Loss: 49.7846
Epoch: 686, Loss: 49.7846
Epoch: 691, Loss: 49.7846
Epoch: 696, Loss: 49.7846
Epoch: 701, Loss: 49.7845
Epoch: 706, Loss: 49.7845
Epoch: 711, Loss: 49.7845
Epoch: 716, Loss: 49.7845
Epoch: 721, Loss: 49.7845
Epoch: 726, Loss: 49.7845
Epoch: 731, Loss: 49.7845
Epoch: 736, Loss: 49.7845
Epoch: 741, Loss: 49.7845
Epoch: 746, Loss: 49.7846
Epoch: 751, Loss: 49.7849
Epoch: 756, Loss: 49.7867
Epoch: 761, Loss: 49.7846
Epoch: 766, Loss: 49.7851
Epoch: 771, Loss: 49.7847
Epoch: 776, Loss: 49.7845
Epoch: 781, Loss: 49.7846
Epoch: 786, Loss: 49.7846
Epoch: 791, Loss: 49.7845
Epoch: 796, Loss: 49.7845
Epoch: 801, Loss: 49.7845
Epoch: 806, Loss: 49.7845
Epoch: 811, Loss: 49.7845
Epoch: 816, Loss: 49.7845
Epoch: 821, Loss: 49.7845
Epoch: 826, Loss: 49.7845
Epoch: 831, Loss: 49.7845
Epoch: 836, Loss: 49.7845
Epoch: 841, Loss: 49.7845
Epoch: 846, Loss: 49.7845
Epoch: 851, Loss: 49.7845
Epoch: 856, Loss: 49.7845
Epoch: 861, Loss: 49.7845
Epoch: 866, Loss: 49.7845
Epoch: 871, Loss: 49.7845
Epoch: 876, Loss: 49.7845
Epoch: 881, Loss: 49.7845
Epoch: 886, Loss: 49.7845
Epoch: 891, Loss: 49.7845
Epoch: 896, Loss: 49.7845
Epoch: 901, Loss: 49.7845
Epoch: 906, Loss: 49.7845
Epoch: 911, Loss: 49.7845
Epoch: 916, Loss: 49.7845
Epoch: 921, Loss: 49.7846
Epoch: 926, Loss: 49.7859
Epoch: 931, Loss: 49.7856
Epoch: 936, Loss: 49.7855
Epoch: 941, Loss: 49.7846
Epoch: 946, Loss: 49.7845
Epoch: 951, Loss: 49.7846
Epoch: 956, Loss: 49.7846
Epoch: 961, Loss: 49.7845
Epoch: 966, Loss: 49.7845
Epoch: 971, Loss: 49.7845
Epoch: 976, Loss: 49.7845
Epoch: 981, Loss: 49.7845
Epoch: 986, Loss: 49.7845
Epoch: 991, Loss: 49.7845
Epoch: 996, Loss: 49.7845
Epoch: 1001, Loss: 49.7845
Elapsed time 0.1989 min
test data and predicted data:

Epoch: 6, Loss: 49.7845
Epoch: 11, Loss: 49.7845
Epoch: 16, Loss: 49.7845
Epoch: 21, Loss: 49.7845
Epoch: 26, Loss: 49.7845
Epoch: 31, Loss: 49.7845
Epoch: 36, Loss: 49.7845
Epoch: 41, Loss: 49.7845
Epoch: 46, Loss: 49.7845
Epoch: 51, Loss: 49.7845
Epoch: 56, Loss: 49.7845
Epoch: 61, Loss: 49.7845
Epoch: 66, Loss: 49.7844
Epoch: 71, Loss: 49.7844
Epoch: 76, Loss: 49.7844
Epoch: 81, Loss: 49.7844
Epoch: 86, Loss: 49.7844
Epoch: 91, Loss: 49.7844
Epoch: 96, Loss: 49.7844
Epoch: 101, Loss: 49.7844
Epoch: 106, Loss: 49.7845
Epoch: 111, Loss: 49.7849
Epoch: 116, Loss: 49.7868
Epoch: 121, Loss: 49.7844
Epoch: 126, Loss: 49.7849
Epoch: 131, Loss: 49.7847
Epoch: 136, Loss: 49.7845
Epoch: 141, Loss: 49.7845
Epoch: 146, Loss: 49.7845
Epoch: 151, Loss: 49.7845
Epoch: 156, Loss: 49.7844
Epoch: 161, Loss: 49.7844
Epoch: 166, Loss: 49.7844
Epoch: 171, Loss: 49.7844
Epoch: 176, Loss: 49.7844
Epoch: 181, Loss: 49.7844
Epoch: 186, Loss: 49.7844
Epoch: 191, Loss: 49.7844
Epoch: 196, Loss: 49.7844
Epoch: 201, Loss: 49.7844
Epoch: 206, Loss: 49.7844
Epoch: 211, Loss: 49.7844
Epoch: 216, Loss: 49.7844
Epoch: 221, Loss: 49.7844
Epoch: 226, Loss: 49.7844
Epoch: 231, Loss: 49.7844
Epoch: 236, Loss: 49.7844
Epoch: 241, Loss: 49.7844
Epoch: 246, Loss: 49.7844
Epoch: 251, Loss: 49.7844
Epoch: 256, Loss: 49.7844
Epoch: 261, Loss: 49.7844
Epoch: 266, Loss: 49.7844
Epoch: 271, Loss: 49.7847
Epoch: 276, Loss: 49.7863
Epoch: 281, Loss: 49.7844
Epoch: 286, Loss: 49.7851
Epoch: 291, Loss: 49.7847
Epoch: 296, Loss: 49.7844
Epoch: 301, Loss: 49.7844
Epoch: 306, Loss: 49.7844
Epoch: 311, Loss: 49.7844
Epoch: 316, Loss: 49.7844
Epoch: 321, Loss: 49.7844
Epoch: 326, Loss: 49.7844
Epoch: 331, Loss: 49.7844
Epoch: 336, Loss: 49.7844
Epoch: 341, Loss: 49.7844
Epoch: 346, Loss: 49.7844
Epoch: 351, Loss: 49.7844
Epoch: 356, Loss: 49.7844
Epoch: 361, Loss: 49.7844
Epoch: 366, Loss: 49.7844
Epoch: 371, Loss: 49.7844
Epoch: 376, Loss: 49.7843
Epoch: 381, Loss: 49.7843
Epoch: 386, Loss: 49.7843
Epoch: 391, Loss: 49.7843
Epoch: 396, Loss: 49.7843
Epoch: 401, Loss: 49.7843
Epoch: 406, Loss: 49.7843
Epoch: 411, Loss: 49.7843
Epoch: 416, Loss: 49.7843
Epoch: 421, Loss: 49.7844
Epoch: 426, Loss: 49.7862
Epoch: 431, Loss: 49.7851
Epoch: 436, Loss: 49.7853
Epoch: 441, Loss: 49.7848
Epoch: 446, Loss: 49.7845
Epoch: 451, Loss: 49.7844
Epoch: 456, Loss: 49.7843
Epoch: 461, Loss: 49.7843
Epoch: 466, Loss: 49.7843
Epoch: 471, Loss: 49.7843
Epoch: 476, Loss: 49.7843
Epoch: 481, Loss: 49.7843
Epoch: 486, Loss: 49.7843
Epoch: 491, Loss: 49.7843
Epoch: 496, Loss: 49.7843
Epoch: 501, Loss: 49.7843
Epoch: 506, Loss: 49.7843
Epoch: 511, Loss: 49.7843
Epoch: 516, Loss: 49.7843
Epoch: 521, Loss: 49.7843
Epoch: 526, Loss: 49.7843
Epoch: 531, Loss: 49.7843
Epoch: 536, Loss: 49.7843
Epoch: 541, Loss: 49.7843
Epoch: 546, Loss: 49.7843
Epoch: 551, Loss: 49.7843
Epoch: 556, Loss: 49.7842
Epoch: 561, Loss: 49.7842
Epoch: 566, Loss: 49.7843
Epoch: 571, Loss: 49.7854
Epoch: 576, Loss: 49.7857
Epoch: 581, Loss: 49.7856
Epoch: 586, Loss: 49.7850
Epoch: 591, Loss: 49.7847
Epoch: 596, Loss: 49.7845
Epoch: 601, Loss: 49.7844
Epoch: 606, Loss: 49.7843
Epoch: 611, Loss: 49.7843
Epoch: 616, Loss: 49.7842
Epoch: 621, Loss: 49.7842
Epoch: 626, Loss: 49.7842
Epoch: 631, Loss: 49.7842
Epoch: 636, Loss: 49.7842
Epoch: 641, Loss: 49.7842
Epoch: 646, Loss: 49.7842
Epoch: 651, Loss: 49.7842
Epoch: 656, Loss: 49.7842
Epoch: 661, Loss: 49.7842
Epoch: 666, Loss: 49.7842
Epoch: 671, Loss: 49.7841
Epoch: 676, Loss: 49.7841
Epoch: 681, Loss: 49.7841
Epoch: 686, Loss: 49.7841
Epoch: 691, Loss: 49.7846
Epoch: 696, Loss: 49.7868
Epoch: 701, Loss: 49.7848
Epoch: 706, Loss: 49.7843
Epoch: 711, Loss: 49.7842
Epoch: 716, Loss: 49.7841
Epoch: 721, Loss: 49.7841
Epoch: 726, Loss: 49.7841
Epoch: 731, Loss: 49.7841
Epoch: 736, Loss: 49.7841
Epoch: 741, Loss: 49.7841
Epoch: 746, Loss: 49.7841
Epoch: 751, Loss: 49.7840
Epoch: 756, Loss: 49.7840
Epoch: 761, Loss: 49.7840
Epoch: 766, Loss: 49.7840
Epoch: 771, Loss: 49.7840
Epoch: 776, Loss: 49.7840
Epoch: 781, Loss: 49.7840
Epoch: 786, Loss: 49.7840
Epoch: 791, Loss: 49.7853
Epoch: 796, Loss: 49.7850
Epoch: 801, Loss: 49.7850
Epoch: 806, Loss: 49.7845
Epoch: 811, Loss: 49.7843
Epoch: 816, Loss: 49.7841
Epoch: 821, Loss: 49.7840
Epoch: 826, Loss: 49.7839
Epoch: 831, Loss: 49.7839
Epoch: 836, Loss: 49.7839
Epoch: 841, Loss: 49.7839
Epoch: 846, Loss: 49.7839
Epoch: 851, Loss: 49.7838
Epoch: 856, Loss: 49.7838
Epoch: 861, Loss: 49.7838
Epoch: 866, Loss: 49.7838
Epoch: 871, Loss: 49.7840
Epoch: 876, Loss: 49.7856
Epoch: 881, Loss: 49.7838
Epoch: 886, Loss: 49.7841
Epoch: 891, Loss: 49.7842
Epoch: 896, Loss: 49.7840
Epoch: 901, Loss: 49.7838
Epoch: 906, Loss: 49.7837
Epoch: 911, Loss: 49.7837
Epoch: 916, Loss: 49.7837
Epoch: 921, Loss: 49.7836
Epoch: 926, Loss: 49.7836
Epoch: 931, Loss: 49.7836
Epoch: 936, Loss: 49.7839
Epoch: 941, Loss: 49.7861
Epoch: 946, Loss: 49.7836
Epoch: 951, Loss: 49.7835
Epoch: 956, Loss: 49.7835
Epoch: 961, Loss: 49.7835
Epoch: 966, Loss: 49.7836
Epoch: 971, Loss: 49.7836
Epoch: 976, Loss: 49.7835
Epoch: 981, Loss: 49.7834
Epoch: 986, Loss: 49.7834
Epoch: 991, Loss: 49.7835
Epoch: 996, Loss: 49.7842
Epoch: 1001, Loss: 49.7853
Elapsed time 0.2019 min
test data and predicted data:

Epoch: 6, Loss: 49.7843
Epoch: 11, Loss: 49.7835
Epoch: 16, Loss: 49.7832
Epoch: 21, Loss: 49.7832
Epoch: 26, Loss: 49.7833
Epoch: 31, Loss: 49.7831
Epoch: 36, Loss: 49.7833
Epoch: 41, Loss: 49.7845
Epoch: 46, Loss: 49.7837
Epoch: 51, Loss: 49.7840
Epoch: 56, Loss: 49.7836
Epoch: 61, Loss: 49.7832
Epoch: 66, Loss: 49.7829
Epoch: 71, Loss: 49.7828
Epoch: 76, Loss: 49.7828
Epoch: 81, Loss: 49.7838
Epoch: 86, Loss: 49.7853
Epoch: 91, Loss: 49.7840
Epoch: 96, Loss: 49.7832
Epoch: 101, Loss: 49.7827
Epoch: 106, Loss: 49.7825
Epoch: 111, Loss: 49.7824
Epoch: 116, Loss: 49.7825
Epoch: 121, Loss: 49.7824
Epoch: 126, Loss: 49.7840
Epoch: 131, Loss: 49.7836
Epoch: 136, Loss: 49.7824
Epoch: 141, Loss: 49.7826
Epoch: 146, Loss: 49.7829
Epoch: 151, Loss: 49.7822
Epoch: 156, Loss: 49.7820
Epoch: 161, Loss: 49.7820
Epoch: 166, Loss: 49.7820
Epoch: 171, Loss: 49.7818
Epoch: 176, Loss: 49.7827
Epoch: 181, Loss: 49.7863
Epoch: 186, Loss: 49.7818
Epoch: 191, Loss: 49.7828
Epoch: 196, Loss: 49.7818
Epoch: 201, Loss: 49.7825
Epoch: 206, Loss: 49.7817
Epoch: 211, Loss: 49.7818
Epoch: 216, Loss: 49.7817
Epoch: 221, Loss: 49.7816
Epoch: 226, Loss: 49.7814
Epoch: 231, Loss: 49.7817
Epoch: 236, Loss: 49.7831
Epoch: 241, Loss: 49.7818
Epoch: 246, Loss: 49.7817
Epoch: 251, Loss: 49.7814
Epoch: 256, Loss: 49.7813
Epoch: 261, Loss: 49.7813
Epoch: 266, Loss: 49.7813
Epoch: 271, Loss: 49.7812
Epoch: 276, Loss: 49.7816
Epoch: 281, Loss: 49.7865
Epoch: 286, Loss: 49.7828
Epoch: 291, Loss: 49.7822
Epoch: 296, Loss: 49.7813
Epoch: 301, Loss: 49.7810
Epoch: 306, Loss: 49.7811
Epoch: 311, Loss: 49.7810
Epoch: 316, Loss: 49.7809
Epoch: 321, Loss: 49.7810
Epoch: 326, Loss: 49.7809
Epoch: 331, Loss: 49.7809
Epoch: 336, Loss: 49.7835
Epoch: 341, Loss: 49.7808
Epoch: 346, Loss: 49.7816
Epoch: 351, Loss: 49.7815
Epoch: 356, Loss: 49.7809
Epoch: 361, Loss: 49.7812
Epoch: 366, Loss: 49.7808
Epoch: 371, Loss: 49.7808
Epoch: 376, Loss: 49.7808
Epoch: 381, Loss: 49.7807
Epoch: 386, Loss: 49.7806
Epoch: 391, Loss: 49.7807
Epoch: 396, Loss: 49.7806
Epoch: 401, Loss: 49.7806
Epoch: 406, Loss: 49.7806
Epoch: 411, Loss: 49.7819
Epoch: 416, Loss: 49.7828
Epoch: 421, Loss: 49.7813
Epoch: 426, Loss: 49.7806
Epoch: 431, Loss: 49.7811
Epoch: 436, Loss: 49.7807
Epoch: 441, Loss: 49.7805
Epoch: 446, Loss: 49.7805
Epoch: 451, Loss: 49.7805
Epoch: 456, Loss: 49.7804
Epoch: 461, Loss: 49.7804
Epoch: 466, Loss: 49.7804
Epoch: 471, Loss: 49.7803
Epoch: 476, Loss: 49.7803
Epoch: 481, Loss: 49.7803
Epoch: 486, Loss: 49.7804
Epoch: 491, Loss: 49.7847
Epoch: 496, Loss: 49.7805
Epoch: 501, Loss: 49.7820
Epoch: 506, Loss: 49.7809
Epoch: 511, Loss: 49.7806
Epoch: 516, Loss: 49.7805
Epoch: 521, Loss: 49.7803
Epoch: 526, Loss: 49.7804
Epoch: 531, Loss: 49.7803
Epoch: 536, Loss: 49.7802
Epoch: 541, Loss: 49.7802
Epoch: 546, Loss: 49.7802
Epoch: 551, Loss: 49.7801
Epoch: 556, Loss: 49.7801
Epoch: 561, Loss: 49.7801
Epoch: 566, Loss: 49.7800
Epoch: 571, Loss: 49.7801
Epoch: 576, Loss: 49.7810
Epoch: 581, Loss: 49.7823
Epoch: 586, Loss: 49.7809
Epoch: 591, Loss: 49.7804
Epoch: 596, Loss: 49.7803
Epoch: 601, Loss: 49.7801
Epoch: 606, Loss: 49.7800
Epoch: 611, Loss: 49.7799
Epoch: 616, Loss: 49.7799
Epoch: 621, Loss: 49.7799
Epoch: 626, Loss: 49.7799
Epoch: 631, Loss: 49.7799
Epoch: 636, Loss: 49.7800
Epoch: 641, Loss: 49.7825
Epoch: 646, Loss: 49.7804
Epoch: 651, Loss: 49.7803
Epoch: 656, Loss: 49.7799
Epoch: 661, Loss: 49.7798
Epoch: 666, Loss: 49.7798
Epoch: 671, Loss: 49.7798
Epoch: 676, Loss: 49.7798
Epoch: 681, Loss: 49.7797
Epoch: 686, Loss: 49.7797
Epoch: 691, Loss: 49.7797
Epoch: 696, Loss: 49.7797
Epoch: 701, Loss: 49.7797
Epoch: 706, Loss: 49.7798
Epoch: 711, Loss: 49.7812
Epoch: 716, Loss: 49.7812
Epoch: 721, Loss: 49.7809
Epoch: 726, Loss: 49.7803
Epoch: 731, Loss: 49.7800
Epoch: 736, Loss: 49.7799
Epoch: 741, Loss: 49.7797
Epoch: 746, Loss: 49.7796
Epoch: 751, Loss: 49.7795
Epoch: 756, Loss: 49.7796
Epoch: 761, Loss: 49.7795
Epoch: 766, Loss: 49.7795
Epoch: 771, Loss: 49.7797
Epoch: 776, Loss: 49.7815
Epoch: 781, Loss: 49.7805
Epoch: 786, Loss: 49.7804
Epoch: 791, Loss: 49.7800
Epoch: 796, Loss: 49.7797
Epoch: 801, Loss: 49.7795
Epoch: 806, Loss: 49.7794
Epoch: 811, Loss: 49.7794
Epoch: 816, Loss: 49.7795
Epoch: 821, Loss: 49.7794
Epoch: 826, Loss: 49.7794
Epoch: 831, Loss: 49.7794
Epoch: 836, Loss: 49.7802
Epoch: 841, Loss: 49.7827
Epoch: 846, Loss: 49.7799
Epoch: 851, Loss: 49.7793
Epoch: 856, Loss: 49.7793
Epoch: 861, Loss: 49.7793
Epoch: 866, Loss: 49.7794
Epoch: 871, Loss: 49.7794
Epoch: 876, Loss: 49.7792
Epoch: 881, Loss: 49.7793
Epoch: 886, Loss: 49.7792
Epoch: 891, Loss: 49.7792
Epoch: 896, Loss: 49.7793
Epoch: 901, Loss: 49.7808
Epoch: 906, Loss: 49.7814
Epoch: 911, Loss: 49.7808
Epoch: 916, Loss: 49.7800
Epoch: 921, Loss: 49.7796
Epoch: 926, Loss: 49.7794
Epoch: 931, Loss: 49.7793
Epoch: 936, Loss: 49.7792
Epoch: 941, Loss: 49.7791
Epoch: 946, Loss: 49.7791
Epoch: 951, Loss: 49.7791
Epoch: 956, Loss: 49.7791
Epoch: 961, Loss: 49.7791
Epoch: 966, Loss: 49.7791
Epoch: 971, Loss: 49.7797
Epoch: 976, Loss: 49.7836
Epoch: 981, Loss: 49.7795
Epoch: 986, Loss: 49.7790
Epoch: 991, Loss: 49.7790
Epoch: 996, Loss: 49.7790
Epoch: 1001, Loss: 49.7790
Elapsed time 0.2025 min
test data and predicted data:

Epoch: 6, Loss: 49.7790
Epoch: 11, Loss: 49.7790
Epoch: 16, Loss: 49.7789
Epoch: 21, Loss: 49.7789
Epoch: 26, Loss: 49.7789
Epoch: 31, Loss: 49.7789
Epoch: 36, Loss: 49.7792
Epoch: 41, Loss: 49.7805
Epoch: 46, Loss: 49.7801
Epoch: 51, Loss: 49.7797
Epoch: 56, Loss: 49.7789
Epoch: 61, Loss: 49.7789
Epoch: 66, Loss: 49.7790
Epoch: 71, Loss: 49.7789
Epoch: 76, Loss: 49.7788
Epoch: 81, Loss: 49.7788
Epoch: 86, Loss: 49.7788
Epoch: 91, Loss: 49.7788
Epoch: 96, Loss: 49.7791
Epoch: 101, Loss: 49.7817
Epoch: 106, Loss: 49.7790
Epoch: 111, Loss: 49.7795
Epoch: 116, Loss: 49.7792
Epoch: 121, Loss: 49.7788
Epoch: 126, Loss: 49.7787
Epoch: 131, Loss: 49.7788
Epoch: 136, Loss: 49.7787
Epoch: 141, Loss: 49.7787
Epoch: 146, Loss: 49.7787
Epoch: 151, Loss: 49.7788
Epoch: 156, Loss: 49.7792
Epoch: 161, Loss: 49.7810
Epoch: 166, Loss: 49.7789
Epoch: 171, Loss: 49.7792
Epoch: 176, Loss: 49.7787
Epoch: 181, Loss: 49.7787
Epoch: 186, Loss: 49.7787
Epoch: 191, Loss: 49.7786
Epoch: 196, Loss: 49.7786
Epoch: 201, Loss: 49.7787
Epoch: 206, Loss: 49.7788
Epoch: 211, Loss: 49.7795
Epoch: 216, Loss: 49.7800
Epoch: 221, Loss: 49.7785
Epoch: 226, Loss: 49.7790
Epoch: 231, Loss: 49.7785
Epoch: 236, Loss: 49.7787
Epoch: 241, Loss: 49.7785
Epoch: 246, Loss: 49.7786
Epoch: 251, Loss: 49.7787
Epoch: 256, Loss: 49.7790
Epoch: 261, Loss: 49.7797
Epoch: 266, Loss: 49.7791
Epoch: 271, Loss: 49.7786
Epoch: 276, Loss: 49.7787
Epoch: 281, Loss: 49.7784
Epoch: 286, Loss: 49.7786
Epoch: 291, Loss: 49.7785
Epoch: 296, Loss: 49.7784
Epoch: 301, Loss: 49.7785
Epoch: 306, Loss: 49.7793
Epoch: 311, Loss: 49.7818
Epoch: 316, Loss: 49.7787
Epoch: 321, Loss: 49.7784
Epoch: 326, Loss: 49.7785
Epoch: 331, Loss: 49.7786
Epoch: 336, Loss: 49.7786
Epoch: 341, Loss: 49.7785
Epoch: 346, Loss: 49.7783
Epoch: 351, Loss: 49.7784
Epoch: 356, Loss: 49.7783
Epoch: 361, Loss: 49.7783
Epoch: 366, Loss: 49.7784
Epoch: 371, Loss: 49.7787
Epoch: 376, Loss: 49.7798
Epoch: 381, Loss: 49.7793
Epoch: 386, Loss: 49.7787
Epoch: 391, Loss: 49.7783
Epoch: 396, Loss: 49.7785
Epoch: 401, Loss: 49.7783
Epoch: 406, Loss: 49.7784
Epoch: 411, Loss: 49.7782
Epoch: 416, Loss: 49.7783
Epoch: 421, Loss: 49.7785
Epoch: 426, Loss: 49.7791
Epoch: 431, Loss: 49.7801
Epoch: 436, Loss: 49.7782
Epoch: 441, Loss: 49.7787
Epoch: 446, Loss: 49.7782
Epoch: 451, Loss: 49.7784
Epoch: 456, Loss: 49.7782
Epoch: 461, Loss: 49.7783
Epoch: 466, Loss: 49.7783
Epoch: 471, Loss: 49.7784
Epoch: 476, Loss: 49.7791
Epoch: 481, Loss: 49.7795
Epoch: 486, Loss: 49.7781
Epoch: 491, Loss: 49.7786
Epoch: 496, Loss: 49.7781
Epoch: 501, Loss: 49.7783
Epoch: 506, Loss: 49.7781
Epoch: 511, Loss: 49.7781
Epoch: 516, Loss: 49.7782
Epoch: 521, Loss: 49.7788
Epoch: 526, Loss: 49.7800
Epoch: 531, Loss: 49.7782
Epoch: 536, Loss: 49.7787
Epoch: 541, Loss: 49.7781
Epoch: 546, Loss: 49.7782
Epoch: 551, Loss: 49.7781
Epoch: 556, Loss: 49.7781
Epoch: 561, Loss: 49.7780
Epoch: 566, Loss: 49.7780
Epoch: 571, Loss: 49.7782
Epoch: 576, Loss: 49.7792
Epoch: 581, Loss: 49.7806
Epoch: 586, Loss: 49.7782
Epoch: 591, Loss: 49.7782
Epoch: 596, Loss: 49.7783
Epoch: 601, Loss: 49.7780
Epoch: 606, Loss: 49.7780
Epoch: 611, Loss: 49.7780
Epoch: 616, Loss: 49.7780
Epoch: 621, Loss: 49.7779
Epoch: 626, Loss: 49.7780
Epoch: 631, Loss: 49.7783
Epoch: 636, Loss: 49.7801
Epoch: 641, Loss: 49.7789
Epoch: 646, Loss: 49.7786
Epoch: 651, Loss: 49.7779
Epoch: 656, Loss: 49.7781
Epoch: 661, Loss: 49.7781
Epoch: 666, Loss: 49.7779
Epoch: 671, Loss: 49.7780
Epoch: 676, Loss: 49.7779
Epoch: 681, Loss: 49.7779
Epoch: 686, Loss: 49.7779
Epoch: 691, Loss: 49.7784
Epoch: 696, Loss: 49.7799
Epoch: 701, Loss: 49.7783
Epoch: 706, Loss: 49.7786
Epoch: 711, Loss: 49.7779
Epoch: 716, Loss: 49.7780
Epoch: 721, Loss: 49.7780
Epoch: 726, Loss: 49.7778
Epoch: 731, Loss: 49.7779
Epoch: 736, Loss: 49.7779
Epoch: 741, Loss: 49.7778
Epoch: 746, Loss: 49.7778
Epoch: 751, Loss: 49.7782
Epoch: 756, Loss: 49.7801
Epoch: 761, Loss: 49.7785
Epoch: 766, Loss: 49.7788
Epoch: 771, Loss: 49.7779
Epoch: 776, Loss: 49.7778
Epoch: 781, Loss: 49.7779
Epoch: 786, Loss: 49.7778
Epoch: 791, Loss: 49.7778
Epoch: 796, Loss: 49.7778
Epoch: 801, Loss: 49.7778
Epoch: 806, Loss: 49.7777
Epoch: 811, Loss: 49.7777
Epoch: 816, Loss: 49.7777
Epoch: 821, Loss: 49.7783
Epoch: 826, Loss: 49.7817
Epoch: 831, Loss: 49.7778
Epoch: 836, Loss: 49.7780
Epoch: 841, Loss: 49.7781
Epoch: 846, Loss: 49.7781
Epoch: 851, Loss: 49.7779
Epoch: 856, Loss: 49.7778
Epoch: 861, Loss: 49.7777
Epoch: 866, Loss: 49.7777
Epoch: 871, Loss: 49.7777
Epoch: 876, Loss: 49.7776
Epoch: 881, Loss: 49.7776
Epoch: 886, Loss: 49.7777
Epoch: 891, Loss: 49.7777
Epoch: 896, Loss: 49.7780
Epoch: 901, Loss: 49.7794
Epoch: 906, Loss: 49.7783
Epoch: 911, Loss: 49.7778
Epoch: 916, Loss: 49.7778
Epoch: 921, Loss: 49.7777
Epoch: 926, Loss: 49.7776
Epoch: 931, Loss: 49.7776
Epoch: 936, Loss: 49.7777
Epoch: 941, Loss: 49.7776
Epoch: 946, Loss: 49.7776
Epoch: 951, Loss: 49.7776
Epoch: 956, Loss: 49.7782
Epoch: 961, Loss: 49.7804
Epoch: 966, Loss: 49.7775
Epoch: 971, Loss: 49.7784
Epoch: 976, Loss: 49.7780
Epoch: 981, Loss: 49.7776
Epoch: 986, Loss: 49.7775
Epoch: 991, Loss: 49.7776
Epoch: 996, Loss: 49.7775
Epoch: 1001, Loss: 49.7775
Elapsed time 0.2028 min
test data and predicted data:

avg Test Accuracy: 0.8429  avg Test AUC: 0.8936  avg Test PRE: 0.8383
