====================================================================================================
data: HeteroData(
  drug={
    node_id=[6823],
    x=[6823, 12],
  },
  protein={
    node_id=[4650],
    x=[4650, 20],
  },
  (drug, interaction, protein)={ edge_index=[2, 23705] },
  (protein, rev_interaction, drug)={ edge_index=[2, 23705] }
)
====================================================================================================
****************************************************************************************************
train data: HeteroData(
  drug={
    node_id=[6823],
    x=[6823, 12],
  },
  protein={
    node_id=[4650],
    x=[4650, 20],
  },
  (drug, interaction, protein)={
    edge_index=[2, 13276],
    edge_label=[9954],
    edge_label_index=[2, 9954],
  },
  (protein, rev_interaction, drug)={ edge_index=[2, 13276] }
)
****************************************************************************************************
val data: HeteroData(
  drug={
    node_id=[6823],
    x=[6823, 12],
  },
  protein={
    node_id=[4650],
    x=[4650, 20],
  },
  (drug, interaction, protein)={
    edge_index=[2, 16594],
    edge_label=[7110],
    edge_label_index=[2, 7110],
  },
  (protein, rev_interaction, drug)={ edge_index=[2, 16594] }
)
****************************************************************************************************
test data: HeteroData(
  drug={
    node_id=[6823],
    x=[6823, 12],
  },
  protein={
    node_id=[4650],
    x=[4650, 20],
  },
  (drug, interaction, protein)={
    edge_index=[2, 18964],
    edge_label=[14223],
    edge_label_index=[2, 14223],
  },
  (protein, rev_interaction, drug)={ edge_index=[2, 18964] }
)
****************************************************************************************************
edge_x: torch.Size([9954, 32])
labels: torch.Size([9954])
edge_x: torch.Size([7110, 32])
labels: torch.Size([7110])
edge_x: torch.Size([14223, 32])
labels: torch.Size([14223])
model: HGT(
  (lin_dict): ModuleDict(
    (drug): Linear(-1, 64, bias=True)
    (protein): Linear(-1, 64, bias=True)
  )
  (convs): ModuleList(
    (0-3): 4 x HGTConv(-1, 64, heads=2)
  )
  (lin): Linear(128, 1, bias=True)
)
Epoch: 6, Loss: 1.6279
Epoch: 11, Loss: 0.6403
Epoch: 16, Loss: 0.6429
Epoch: 21, Loss: 0.6413
Epoch: 26, Loss: 0.6836
Epoch: 31, Loss: 0.5634
Epoch: 36, Loss: 0.5545
Epoch: 41, Loss: 0.7767
Epoch: 46, Loss: 0.6038
Epoch: 51, Loss: 0.5396
Epoch: 56, Loss: 0.5394
Epoch: 61, Loss: 0.5206
Epoch: 66, Loss: 0.5203
Epoch: 71, Loss: 0.5197
Epoch: 76, Loss: 0.5150
Epoch: 81, Loss: 0.5142
Epoch: 86, Loss: 0.5125
Epoch: 91, Loss: 0.5121
Epoch: 96, Loss: 0.5110
Epoch: 101, Loss: 0.5106
Epoch: 106, Loss: 0.5099
Epoch: 111, Loss: 0.5091
Epoch: 116, Loss: 0.5079
Epoch: 121, Loss: 0.5061
Epoch: 126, Loss: 0.5040
Epoch: 131, Loss: 0.5007
Epoch: 136, Loss: 0.4975
Epoch: 141, Loss: 0.4970
Epoch: 146, Loss: 0.4958
Epoch: 151, Loss: 0.4983
Epoch: 156, Loss: 0.4997
Epoch: 161, Loss: 0.5003
Epoch: 166, Loss: 0.4999
Epoch: 171, Loss: 0.4986
Epoch: 176, Loss: 0.4978
Epoch: 181, Loss: 0.4971
Epoch: 186, Loss: 0.4988
Epoch: 191, Loss: 0.4961
Epoch: 196, Loss: 0.4936
Epoch: 201, Loss: 0.4920
Epoch: 206, Loss: 0.4912
Epoch: 211, Loss: 0.4906
Epoch: 216, Loss: 0.4895
Epoch: 221, Loss: 0.5086
Epoch: 226, Loss: 0.5355
Epoch: 231, Loss: 0.5064
Epoch: 236, Loss: 0.5109
Epoch: 241, Loss: 0.5091
Epoch: 246, Loss: 0.5021
Epoch: 251, Loss: 0.4985
Epoch: 256, Loss: 0.4974
Epoch: 261, Loss: 0.4971
Epoch: 266, Loss: 0.4968
Epoch: 271, Loss: 0.4960
Epoch: 276, Loss: 0.4954
Epoch: 281, Loss: 0.4945
Epoch: 286, Loss: 0.4942
Epoch: 291, Loss: 0.4939
Epoch: 296, Loss: 0.4937
Epoch: 301, Loss: 0.4929
Epoch: 306, Loss: 0.4927
Epoch: 311, Loss: 0.4919
Epoch: 316, Loss: 0.4916
Epoch: 321, Loss: 0.4913
Epoch: 326, Loss: 0.4909
Epoch: 331, Loss: 0.4904
Epoch: 336, Loss: 0.4902
Epoch: 341, Loss: 0.4901
Epoch: 346, Loss: 0.4899
Epoch: 351, Loss: 0.4927
Epoch: 356, Loss: 0.4907
Epoch: 361, Loss: 0.4905
Epoch: 366, Loss: 0.4899
Epoch: 371, Loss: 0.4898
Epoch: 376, Loss: 0.4900
Epoch: 381, Loss: 0.4890
Epoch: 386, Loss: 0.4887
Epoch: 391, Loss: 0.4885
Epoch: 396, Loss: 0.4890
Epoch: 401, Loss: 1.1192
Epoch: 406, Loss: 0.7019
Epoch: 411, Loss: 0.6664
Epoch: 416, Loss: 0.6237
Epoch: 421, Loss: 0.6201
Epoch: 426, Loss: 0.6138
Epoch: 431, Loss: 0.5984
Epoch: 436, Loss: 0.5596
Epoch: 441, Loss: 0.5606
Epoch: 446, Loss: 0.5855
Epoch: 451, Loss: 0.5149
Epoch: 456, Loss: 0.5044
Epoch: 461, Loss: 0.5016
Epoch: 466, Loss: 0.4984
Epoch: 471, Loss: 0.4966
Epoch: 476, Loss: 0.4944
Epoch: 481, Loss: 0.4936
Epoch: 486, Loss: 0.4927
Epoch: 491, Loss: 0.4916
Epoch: 496, Loss: 0.4911
Epoch: 501, Loss: 0.4903
Epoch: 506, Loss: 0.4899
Epoch: 511, Loss: 0.4896
Epoch: 516, Loss: 0.4895
Epoch: 521, Loss: 0.4894
Epoch: 526, Loss: 0.4893
Epoch: 531, Loss: 0.4892
Epoch: 536, Loss: 0.4892
Epoch: 541, Loss: 0.4891
Epoch: 546, Loss: 0.4890
Epoch: 551, Loss: 0.4889
Epoch: 556, Loss: 0.4889
Epoch: 561, Loss: 0.4889
Epoch: 566, Loss: 0.4904
Epoch: 571, Loss: 0.4900
Epoch: 576, Loss: 0.4886
Epoch: 581, Loss: 0.4887
Epoch: 586, Loss: 0.4885
Epoch: 591, Loss: 0.4882
Epoch: 596, Loss: 0.4883
Epoch: 601, Loss: 0.4881
Epoch: 606, Loss: 0.4880
Epoch: 611, Loss: 0.4879
Epoch: 616, Loss: 0.4879
Epoch: 621, Loss: 0.4878
Epoch: 626, Loss: 0.4877
Epoch: 631, Loss: 0.4876
Epoch: 636, Loss: 0.4876
Epoch: 641, Loss: 0.4875
Epoch: 646, Loss: 0.4874
Epoch: 651, Loss: 0.4873
Epoch: 656, Loss: 0.4873
Epoch: 661, Loss: 0.4872
Epoch: 666, Loss: 0.4871
Epoch: 671, Loss: 0.4870
Epoch: 676, Loss: 0.4869
Epoch: 681, Loss: 0.4871
Epoch: 686, Loss: 0.4869
Epoch: 691, Loss: 0.4868
Epoch: 696, Loss: 0.4867
Epoch: 701, Loss: 0.4865
Epoch: 706, Loss: 0.4864
Epoch: 711, Loss: 0.4862
Epoch: 716, Loss: 0.4861
Epoch: 721, Loss: 0.4860
Epoch: 726, Loss: 0.4858
Epoch: 731, Loss: 0.4857
Epoch: 736, Loss: 0.4856
Epoch: 741, Loss: 0.4856
Epoch: 746, Loss: 0.4855
Epoch: 751, Loss: 0.4857
Epoch: 756, Loss: 0.4880
Epoch: 761, Loss: 0.4855
Epoch: 766, Loss: 0.4859
Epoch: 771, Loss: 0.4853
Epoch: 776, Loss: 0.4856
Epoch: 781, Loss: 0.4852
Epoch: 786, Loss: 0.4853
Epoch: 791, Loss: 0.4852
Epoch: 796, Loss: 0.4851
Epoch: 801, Loss: 0.4851
Epoch: 806, Loss: 0.4851
Epoch: 811, Loss: 0.4850
Epoch: 816, Loss: 0.4850
Epoch: 821, Loss: 0.4850
Epoch: 826, Loss: 0.4849
Epoch: 831, Loss: 0.4849
Epoch: 836, Loss: 0.4848
Epoch: 841, Loss: 0.4848
Epoch: 846, Loss: 0.4847
Epoch: 851, Loss: 0.4857
Epoch: 856, Loss: 0.4855
Epoch: 861, Loss: 0.4858
Epoch: 866, Loss: 0.4874
Epoch: 871, Loss: 0.4854
Epoch: 876, Loss: 0.4859
Epoch: 881, Loss: 0.4848
Epoch: 886, Loss: 0.4849
Epoch: 891, Loss: 0.4847
Epoch: 896, Loss: 0.4845
Epoch: 901, Loss: 0.4844
Epoch: 906, Loss: 0.4844
Epoch: 911, Loss: 0.4844
Epoch: 916, Loss: 0.4843
Epoch: 921, Loss: 0.4842
Epoch: 926, Loss: 0.4842
Epoch: 931, Loss: 0.4841
Epoch: 936, Loss: 0.4841
Epoch: 941, Loss: 0.4840
Epoch: 946, Loss: 0.4840
Epoch: 951, Loss: 0.4839
Epoch: 956, Loss: 0.4838
Epoch: 961, Loss: 0.4838
Epoch: 966, Loss: 0.4837
Epoch: 971, Loss: 0.4837
Epoch: 976, Loss: 0.4836
Epoch: 981, Loss: 0.4836
Epoch: 986, Loss: 0.4837
Epoch: 991, Loss: 0.4837
Epoch: 996, Loss: 0.4835
Epoch: 1001, Loss: 0.4835
Elapsed time 0.1746 min
test data and predicted data:

Epoch: 6, Loss: 0.4833
Epoch: 11, Loss: 0.4833
Epoch: 16, Loss: 0.4831
Epoch: 21, Loss: 0.4836
Epoch: 26, Loss: 0.4842
Epoch: 31, Loss: 0.4937
Epoch: 36, Loss: 0.4878
Epoch: 41, Loss: 0.4858
Epoch: 46, Loss: 0.4849
Epoch: 51, Loss: 0.4843
Epoch: 56, Loss: 0.4837
Epoch: 61, Loss: 0.4833
Epoch: 66, Loss: 0.4831
Epoch: 71, Loss: 0.4830
Epoch: 76, Loss: 0.4829
Epoch: 81, Loss: 0.4828
Epoch: 86, Loss: 0.4828
Epoch: 91, Loss: 0.4827
Epoch: 96, Loss: 0.4826
Epoch: 101, Loss: 0.4826
Epoch: 106, Loss: 0.4825
Epoch: 111, Loss: 0.4825
Epoch: 116, Loss: 0.4825
Epoch: 121, Loss: 0.4824
Epoch: 126, Loss: 0.4824
Epoch: 131, Loss: 0.4824
Epoch: 136, Loss: 0.4823
Epoch: 141, Loss: 0.4823
Epoch: 146, Loss: 0.4823
Epoch: 151, Loss: 0.4822
Epoch: 156, Loss: 0.4822
Epoch: 161, Loss: 0.4822
Epoch: 166, Loss: 0.4821
Epoch: 171, Loss: 0.4821
Epoch: 176, Loss: 0.4821
Epoch: 181, Loss: 0.4820
Epoch: 186, Loss: 0.4820
Epoch: 191, Loss: 0.4820
Epoch: 196, Loss: 0.4820
Epoch: 201, Loss: 0.4820
Epoch: 206, Loss: 0.4819
Epoch: 211, Loss: 0.4819
Epoch: 216, Loss: 0.4819
Epoch: 221, Loss: 0.4819
Epoch: 226, Loss: 0.4819
Epoch: 231, Loss: 0.4819
Epoch: 236, Loss: 0.4818
Epoch: 241, Loss: 0.4818
Epoch: 246, Loss: 0.4818
Epoch: 251, Loss: 0.4818
Epoch: 256, Loss: 0.4818
Epoch: 261, Loss: 0.4818
Epoch: 266, Loss: 0.4817
Epoch: 271, Loss: 0.4817
Epoch: 276, Loss: 0.4817
Epoch: 281, Loss: 0.4817
Epoch: 286, Loss: 0.4817
Epoch: 291, Loss: 0.4817
Epoch: 296, Loss: 0.4816
Epoch: 301, Loss: 0.4816
Epoch: 306, Loss: 0.4816
Epoch: 311, Loss: 0.4816
Epoch: 316, Loss: 0.4816
Epoch: 321, Loss: 0.4816
Epoch: 326, Loss: 0.4816
Epoch: 331, Loss: 0.4815
Epoch: 336, Loss: 0.4816
Epoch: 341, Loss: 0.4816
Epoch: 346, Loss: 0.4815
Epoch: 351, Loss: 0.4819
Epoch: 356, Loss: 0.4818
Epoch: 361, Loss: 0.4815
Epoch: 366, Loss: 0.4816
Epoch: 371, Loss: 0.4815
Epoch: 376, Loss: 0.4815
Epoch: 381, Loss: 0.4815
Epoch: 386, Loss: 0.4815
Epoch: 391, Loss: 0.4815
Epoch: 396, Loss: 0.4815
Epoch: 401, Loss: 0.4814
Epoch: 406, Loss: 0.4814
Epoch: 411, Loss: 0.4814
Epoch: 416, Loss: 0.4814
Epoch: 421, Loss: 0.4814
Epoch: 426, Loss: 0.4814
Epoch: 431, Loss: 0.4814
Epoch: 436, Loss: 0.4814
Epoch: 441, Loss: 0.4814
Epoch: 446, Loss: 0.4814
Epoch: 451, Loss: 0.4813
Epoch: 456, Loss: 0.4813
Epoch: 461, Loss: 0.4813
Epoch: 466, Loss: 0.4813
Epoch: 471, Loss: 0.4813
Epoch: 476, Loss: 0.4813
Epoch: 481, Loss: 0.4813
Epoch: 486, Loss: 0.4813
Epoch: 491, Loss: 0.4812
Epoch: 496, Loss: 0.4812
Epoch: 501, Loss: 0.4812
Epoch: 506, Loss: 0.4817
Epoch: 511, Loss: 0.4898
Epoch: 516, Loss: 0.4819
Epoch: 521, Loss: 0.4823
Epoch: 526, Loss: 0.4820
Epoch: 531, Loss: 0.4818
Epoch: 536, Loss: 0.4814
Epoch: 541, Loss: 0.4813
Epoch: 546, Loss: 0.4813
Epoch: 551, Loss: 0.4812
Epoch: 556, Loss: 0.4812
Epoch: 561, Loss: 0.4812
Epoch: 566, Loss: 0.4812
Epoch: 571, Loss: 0.4811
Epoch: 576, Loss: 0.4811
Epoch: 581, Loss: 0.4811
Epoch: 586, Loss: 0.4811
Epoch: 591, Loss: 0.4811
Epoch: 596, Loss: 0.4811
Epoch: 601, Loss: 0.4811
Epoch: 606, Loss: 0.4811
Epoch: 611, Loss: 0.4810
Epoch: 616, Loss: 0.4810
Epoch: 621, Loss: 0.4810
Epoch: 626, Loss: 0.4810
Epoch: 631, Loss: 0.4810
Epoch: 636, Loss: 0.4810
Epoch: 641, Loss: 0.4810
Epoch: 646, Loss: 0.4821
Epoch: 651, Loss: 0.4849
Epoch: 656, Loss: 0.4834
Epoch: 661, Loss: 0.4818
Epoch: 666, Loss: 0.4813
Epoch: 671, Loss: 0.4812
Epoch: 676, Loss: 0.4812
Epoch: 681, Loss: 0.4813
Epoch: 686, Loss: 0.4811
Epoch: 691, Loss: 0.4811
Epoch: 696, Loss: 0.4811
Epoch: 701, Loss: 0.4811
Epoch: 706, Loss: 0.4812
Epoch: 711, Loss: 0.4921
Epoch: 716, Loss: 0.4859
Epoch: 721, Loss: 0.4836
Epoch: 726, Loss: 0.4964
Epoch: 731, Loss: 0.4970
Epoch: 736, Loss: 0.4925
Epoch: 741, Loss: 0.4901
Epoch: 746, Loss: 0.4857
Epoch: 751, Loss: 0.4839
Epoch: 756, Loss: 0.4837
Epoch: 761, Loss: 0.4832
Epoch: 766, Loss: 0.4828
Epoch: 771, Loss: 0.4824
Epoch: 776, Loss: 0.4821
Epoch: 781, Loss: 0.4818
Epoch: 786, Loss: 0.4820
Epoch: 791, Loss: 0.4824
Epoch: 796, Loss: 0.5142
Epoch: 801, Loss: 0.6932
Epoch: 806, Loss: 0.7580
Epoch: 811, Loss: 0.7465
Epoch: 816, Loss: 0.6350
Epoch: 821, Loss: 0.6306
Epoch: 826, Loss: 0.6369
Epoch: 831, Loss: 0.6608
Epoch: 836, Loss: 0.6325
Epoch: 841, Loss: 0.6211
Epoch: 846, Loss: 0.6198
Epoch: 851, Loss: 0.6122
Epoch: 856, Loss: 0.6010
Epoch: 861, Loss: 0.5793
Epoch: 866, Loss: 0.5730
Epoch: 871, Loss: 0.5870
Epoch: 876, Loss: 0.5840
Epoch: 881, Loss: 0.6643
Epoch: 886, Loss: 0.6272
Epoch: 891, Loss: 0.6289
Epoch: 896, Loss: 0.6282
Epoch: 901, Loss: 0.6255
Epoch: 906, Loss: 0.6241
Epoch: 911, Loss: 0.6236
Epoch: 916, Loss: 0.6234
Epoch: 921, Loss: 0.6227
Epoch: 926, Loss: 0.6216
Epoch: 931, Loss: 0.6250
Epoch: 936, Loss: 0.6242
Epoch: 941, Loss: 0.6231
Epoch: 946, Loss: 0.6214
Epoch: 951, Loss: 0.6193
Epoch: 956, Loss: 0.6309
Epoch: 961, Loss: 0.6176
Epoch: 966, Loss: 0.6171
Epoch: 971, Loss: 0.6419
Epoch: 976, Loss: 0.6438
Epoch: 981, Loss: 0.6385
Epoch: 986, Loss: 0.6328
Epoch: 991, Loss: 0.6282
Epoch: 996, Loss: 0.6262
Epoch: 1001, Loss: 0.6242
Elapsed time 0.1734 min
test data and predicted data:

Epoch: 6, Loss: 0.6223
Epoch: 11, Loss: 0.6204
Epoch: 16, Loss: 0.6196
Epoch: 21, Loss: 0.6183
Epoch: 26, Loss: 0.6478
Epoch: 31, Loss: 0.6382
Epoch: 36, Loss: 0.6341
Epoch: 41, Loss: 0.6334
Epoch: 46, Loss: 0.6335
Epoch: 51, Loss: 0.6334
Epoch: 56, Loss: 0.6331
Epoch: 61, Loss: 0.6327
Epoch: 66, Loss: 0.6322
Epoch: 71, Loss: 0.6319
Epoch: 76, Loss: 0.6316
Epoch: 81, Loss: 0.6314
Epoch: 86, Loss: 0.6312
Epoch: 91, Loss: 0.6310
Epoch: 96, Loss: 0.6311
Epoch: 101, Loss: 0.6308
Epoch: 106, Loss: 0.6306
Epoch: 111, Loss: 0.6304
Epoch: 116, Loss: 0.6302
Epoch: 121, Loss: 0.6299
Epoch: 126, Loss: 0.6297
Epoch: 131, Loss: 0.6295
Epoch: 136, Loss: 0.6292
Epoch: 141, Loss: 0.6290
Epoch: 146, Loss: 0.6287
Epoch: 151, Loss: 0.6285
Epoch: 156, Loss: 0.6282
Epoch: 161, Loss: 0.6280
Epoch: 166, Loss: 0.6277
Epoch: 171, Loss: 0.6281
Epoch: 176, Loss: 0.6279
Epoch: 181, Loss: 0.6277
Epoch: 186, Loss: 0.6275
Epoch: 191, Loss: 0.6272
Epoch: 196, Loss: 0.6270
Epoch: 201, Loss: 0.6267
Epoch: 206, Loss: 0.6263
Epoch: 211, Loss: 0.6259
Epoch: 216, Loss: 0.6254
Epoch: 221, Loss: 0.6249
Epoch: 226, Loss: 0.6242
Epoch: 231, Loss: 0.6234
Epoch: 236, Loss: 0.6224
Epoch: 241, Loss: 0.6211
Epoch: 246, Loss: 0.6195
Epoch: 251, Loss: 0.6172
Epoch: 256, Loss: 0.6139
Epoch: 261, Loss: 0.6090
Epoch: 266, Loss: 0.6006
Epoch: 271, Loss: 0.8517
Epoch: 276, Loss: 0.6544
Epoch: 281, Loss: 0.6261
Epoch: 286, Loss: 0.6308
Epoch: 291, Loss: 0.6351
Epoch: 296, Loss: 0.6313
Epoch: 301, Loss: 0.6279
Epoch: 306, Loss: 0.6263
Epoch: 311, Loss: 0.6262
Epoch: 316, Loss: 0.6258
Epoch: 321, Loss: 0.6250
Epoch: 326, Loss: 0.6241
Epoch: 331, Loss: 0.6231
Epoch: 336, Loss: 0.6220
Epoch: 341, Loss: 0.6207
Epoch: 346, Loss: 0.6191
Epoch: 351, Loss: 0.6170
Epoch: 356, Loss: 0.6141
Epoch: 361, Loss: 0.6101
Epoch: 366, Loss: 0.6043
Epoch: 371, Loss: 0.5955
Epoch: 376, Loss: 0.6182
Epoch: 381, Loss: 0.5968
Epoch: 386, Loss: 0.6277
Epoch: 391, Loss: 0.6041
Epoch: 396, Loss: 0.5810
Epoch: 401, Loss: 0.5670
Epoch: 406, Loss: 0.5410
Epoch: 411, Loss: 0.5458
Epoch: 416, Loss: 0.5894
Epoch: 421, Loss: 0.5642
Epoch: 426, Loss: 0.5476
Epoch: 431, Loss: 0.5280
Epoch: 436, Loss: 0.5269
Epoch: 441, Loss: 0.5126
Epoch: 446, Loss: 0.5251
Epoch: 451, Loss: 0.5134
Epoch: 456, Loss: 0.5125
Epoch: 461, Loss: 0.5105
Epoch: 466, Loss: 0.5108
Epoch: 471, Loss: 0.5084
Epoch: 476, Loss: 0.5102
Epoch: 481, Loss: 0.5087
Epoch: 486, Loss: 0.5089
Epoch: 491, Loss: 0.5087
Epoch: 496, Loss: 0.5087
Epoch: 501, Loss: 0.5101
Epoch: 506, Loss: 0.5098
Epoch: 511, Loss: 0.5101
Epoch: 516, Loss: 0.5109
Epoch: 521, Loss: 0.5115
Epoch: 526, Loss: 0.5119
Epoch: 531, Loss: 0.5122
Epoch: 536, Loss: 0.5123
Epoch: 541, Loss: 0.5126
Epoch: 546, Loss: 0.5129
Epoch: 551, Loss: 0.5129
Epoch: 556, Loss: 0.5128
Epoch: 561, Loss: 0.5127
Epoch: 566, Loss: 0.5126
Epoch: 571, Loss: 0.5126
Epoch: 576, Loss: 0.5128
Epoch: 581, Loss: 0.5129
Epoch: 586, Loss: 0.5132
Epoch: 591, Loss: 0.5136
Epoch: 596, Loss: 0.5140
Epoch: 601, Loss: 0.5142
Epoch: 606, Loss: 0.5143
Epoch: 611, Loss: 0.5143
Epoch: 616, Loss: 0.5142
Epoch: 621, Loss: 0.5142
Epoch: 626, Loss: 0.5141
Epoch: 631, Loss: 0.5141
Epoch: 636, Loss: 0.5141
Epoch: 641, Loss: 0.5141
Epoch: 646, Loss: 0.5141
Epoch: 651, Loss: 0.5141
Epoch: 656, Loss: 0.5145
Epoch: 661, Loss: 0.5145
Epoch: 666, Loss: 0.5144
Epoch: 671, Loss: 0.5142
Epoch: 676, Loss: 0.5141
Epoch: 681, Loss: 0.5140
Epoch: 686, Loss: 0.5139
Epoch: 691, Loss: 0.5138
Epoch: 696, Loss: 0.5138
Epoch: 701, Loss: 0.5138
Epoch: 706, Loss: 0.5138
Epoch: 711, Loss: 0.5139
Epoch: 716, Loss: 0.5140
Epoch: 721, Loss: 0.5141
Epoch: 726, Loss: 0.5140
Epoch: 731, Loss: 0.5140
Epoch: 736, Loss: 0.5141
Epoch: 741, Loss: 0.5140
Epoch: 746, Loss: 0.5140
Epoch: 751, Loss: 0.5140
Epoch: 756, Loss: 0.5138
Epoch: 761, Loss: 0.5137
Epoch: 766, Loss: 0.5136
Epoch: 771, Loss: 0.5135
Epoch: 776, Loss: 0.5134
Epoch: 781, Loss: 0.5132
Epoch: 786, Loss: 0.5132
Epoch: 791, Loss: 0.5132
Epoch: 796, Loss: 0.5131
Epoch: 801, Loss: 0.5130
Epoch: 806, Loss: 0.5129
Epoch: 811, Loss: 0.5130
Epoch: 816, Loss: 0.5130
Epoch: 821, Loss: 0.5132
Epoch: 826, Loss: 0.5133
Epoch: 831, Loss: 0.5133
Epoch: 836, Loss: 0.5131
Epoch: 841, Loss: 0.5129
Epoch: 846, Loss: 0.5127
Epoch: 851, Loss: 0.5127
Epoch: 856, Loss: 0.5125
Epoch: 861, Loss: 0.5125
Epoch: 866, Loss: 0.5140
Epoch: 871, Loss: 0.5163
Epoch: 876, Loss: 0.5125
Epoch: 881, Loss: 0.5136
Epoch: 886, Loss: 0.5121
Epoch: 891, Loss: 0.5118
Epoch: 896, Loss: 0.5121
Epoch: 901, Loss: 0.5115
Epoch: 906, Loss: 0.5109
Epoch: 911, Loss: 0.5105
Epoch: 916, Loss: 0.5099
Epoch: 921, Loss: 0.5144
Epoch: 926, Loss: 0.5100
Epoch: 931, Loss: 0.5152
Epoch: 936, Loss: 0.5100
Epoch: 941, Loss: 0.5131
Epoch: 946, Loss: 0.5122
Epoch: 951, Loss: 0.5106
Epoch: 956, Loss: 0.5102
Epoch: 961, Loss: 0.5097
Epoch: 966, Loss: 0.5083
Epoch: 971, Loss: 0.5081
Epoch: 976, Loss: 0.5086
Epoch: 981, Loss: 0.5101
Epoch: 986, Loss: 0.5141
Epoch: 991, Loss: 0.5078
Epoch: 996, Loss: 0.5096
Epoch: 1001, Loss: 0.5309
Elapsed time 0.1728 min
test data and predicted data:

Epoch: 6, Loss: 0.5154
Epoch: 11, Loss: 0.5069
Epoch: 16, Loss: 0.5049
Epoch: 21, Loss: 0.5395
Epoch: 26, Loss: 0.5166
Epoch: 31, Loss: 0.5427
Epoch: 36, Loss: 0.5234
Epoch: 41, Loss: 0.5130
Epoch: 46, Loss: 0.5856
Epoch: 51, Loss: 0.6873
Epoch: 56, Loss: 0.8115
Epoch: 61, Loss: 0.6862
Epoch: 66, Loss: 0.6449
Epoch: 71, Loss: 0.6370
Epoch: 76, Loss: 0.6372
Epoch: 81, Loss: 0.6361
Epoch: 86, Loss: 0.6345
Epoch: 91, Loss: 0.6341
Epoch: 96, Loss: 0.6339
Epoch: 101, Loss: 0.6331
Epoch: 106, Loss: 0.6319
Epoch: 111, Loss: 0.6304
Epoch: 116, Loss: 0.6289
Epoch: 121, Loss: 0.6274
Epoch: 126, Loss: 0.6260
Epoch: 131, Loss: 0.6248
Epoch: 136, Loss: 0.6242
Epoch: 141, Loss: 0.6240
Epoch: 146, Loss: 0.6239
Epoch: 151, Loss: 0.6238
Epoch: 156, Loss: 0.6235
Epoch: 161, Loss: 0.6233
Epoch: 166, Loss: 0.6231
Epoch: 171, Loss: 0.6228
Epoch: 176, Loss: 0.6226
Epoch: 181, Loss: 0.6223
Epoch: 186, Loss: 0.6220
Epoch: 191, Loss: 0.6217
Epoch: 196, Loss: 0.6214
Epoch: 201, Loss: 0.6210
Epoch: 206, Loss: 0.6206
Epoch: 211, Loss: 0.6201
Epoch: 216, Loss: 0.6196
Epoch: 221, Loss: 0.6189
Epoch: 226, Loss: 0.6181
Epoch: 231, Loss: 0.6173
Epoch: 236, Loss: 0.6162
Epoch: 241, Loss: 0.6149
Epoch: 246, Loss: 0.6133
Epoch: 251, Loss: 0.6113
Epoch: 256, Loss: 0.6091
Epoch: 261, Loss: 0.6062
Epoch: 266, Loss: 0.6023
Epoch: 271, Loss: 0.5970
Epoch: 276, Loss: 0.5912
Epoch: 281, Loss: 0.5907
Epoch: 286, Loss: 0.6044
Epoch: 291, Loss: 0.6046
Epoch: 296, Loss: 0.5873
Epoch: 301, Loss: 0.5840
Epoch: 306, Loss: 0.5765
Epoch: 311, Loss: 0.5711
Epoch: 316, Loss: 0.5584
Epoch: 321, Loss: 0.5544
Epoch: 326, Loss: 0.5527
Epoch: 331, Loss: 0.5429
Epoch: 336, Loss: 0.5553
Epoch: 341, Loss: 0.5334
Epoch: 346, Loss: 0.5307
Epoch: 351, Loss: 0.5181
Epoch: 356, Loss: 0.5164
Epoch: 361, Loss: 0.5175
Epoch: 366, Loss: 0.5171
Epoch: 371, Loss: 0.5165
Epoch: 376, Loss: 0.5161
Epoch: 381, Loss: 0.5159
Epoch: 386, Loss: 0.5159
Epoch: 391, Loss: 0.5159
Epoch: 396, Loss: 0.5158
Epoch: 401, Loss: 0.5157
Epoch: 406, Loss: 0.5155
Epoch: 411, Loss: 0.5154
Epoch: 416, Loss: 0.5160
Epoch: 421, Loss: 0.5424
Epoch: 426, Loss: 0.5173
Epoch: 431, Loss: 0.5190
Epoch: 436, Loss: 0.5154
Epoch: 441, Loss: 0.5152
Epoch: 446, Loss: 0.5142
Epoch: 451, Loss: 0.5143
Epoch: 456, Loss: 0.5132
Epoch: 461, Loss: 0.5135
Epoch: 466, Loss: 0.5117
Epoch: 471, Loss: 0.5132
Epoch: 476, Loss: 0.5198
Epoch: 481, Loss: 0.5153
Epoch: 486, Loss: 0.5134
Epoch: 491, Loss: 0.5130
Epoch: 496, Loss: 0.5118
Epoch: 501, Loss: 0.5112
Epoch: 506, Loss: 0.5113
Epoch: 511, Loss: 0.5119
Epoch: 516, Loss: 0.5123
Epoch: 521, Loss: 0.5120
Epoch: 526, Loss: 0.5118
Epoch: 531, Loss: 0.5116
Epoch: 536, Loss: 0.5117
Epoch: 541, Loss: 0.5118
Epoch: 546, Loss: 0.5121
Epoch: 551, Loss: 0.5121
Epoch: 556, Loss: 0.5108
Epoch: 561, Loss: 0.5148
Epoch: 566, Loss: 0.5395
Epoch: 571, Loss: 0.5115
Epoch: 576, Loss: 0.5351
Epoch: 581, Loss: 0.5303
Epoch: 586, Loss: 0.5092
Epoch: 591, Loss: 0.5654
Epoch: 596, Loss: 0.5143
Epoch: 601, Loss: 0.5330
Epoch: 606, Loss: 0.5267
Epoch: 611, Loss: 0.5050
Epoch: 616, Loss: 0.6523
Epoch: 621, Loss: 0.5932
Epoch: 626, Loss: 0.6338
Epoch: 631, Loss: 0.5831
Epoch: 636, Loss: 0.5891
Epoch: 641, Loss: 0.5705
Epoch: 646, Loss: 1.1048
Epoch: 651, Loss: 1.8403
Epoch: 656, Loss: 49.8789
Epoch: 661, Loss: 49.8017
Epoch: 666, Loss: 49.7999
Epoch: 671, Loss: 49.8238
Epoch: 676, Loss: 28.9358
Epoch: 681, Loss: 28.8250
Epoch: 686, Loss: 28.9224
Epoch: 691, Loss: 28.9959
Epoch: 696, Loss: 28.7586
Epoch: 701, Loss: 28.8802
Epoch: 706, Loss: 28.7980
Epoch: 711, Loss: 28.5325
Epoch: 716, Loss: 28.5408
Epoch: 721, Loss: 28.5409
Epoch: 726, Loss: 28.5348
Epoch: 731, Loss: 28.5299
Epoch: 736, Loss: 28.5277
Epoch: 741, Loss: 28.5275
Epoch: 746, Loss: 28.5282
Epoch: 751, Loss: 28.5286
Epoch: 756, Loss: 28.5285
Epoch: 761, Loss: 28.5281
Epoch: 766, Loss: 28.5278
Epoch: 771, Loss: 28.5275
Epoch: 776, Loss: 28.5274
Epoch: 781, Loss: 28.5274
Epoch: 786, Loss: 28.5274
Epoch: 791, Loss: 28.5274
Epoch: 796, Loss: 28.5274
Epoch: 801, Loss: 28.5274
Epoch: 806, Loss: 28.5274
Epoch: 811, Loss: 28.5274
Epoch: 816, Loss: 28.5274
Epoch: 821, Loss: 28.5274
Epoch: 826, Loss: 28.5274
Epoch: 831, Loss: 28.5274
Epoch: 836, Loss: 28.5274
Epoch: 841, Loss: 28.5274
Epoch: 846, Loss: 28.5274
Epoch: 851, Loss: 28.5274
Epoch: 856, Loss: 28.5274
Epoch: 861, Loss: 28.5274
Epoch: 866, Loss: 28.5274
Epoch: 871, Loss: 28.5274
Epoch: 876, Loss: 28.5274
Epoch: 881, Loss: 28.5274
Epoch: 886, Loss: 28.5274
Epoch: 891, Loss: 28.5274
Epoch: 896, Loss: 28.5274
Epoch: 901, Loss: 28.5274
Epoch: 906, Loss: 28.5274
Epoch: 911, Loss: 28.5274
Epoch: 916, Loss: 28.5274
Epoch: 921, Loss: 28.5274
Epoch: 926, Loss: 28.5274
Epoch: 931, Loss: 28.5274
Epoch: 936, Loss: 28.5274
Epoch: 941, Loss: 28.5274
Epoch: 946, Loss: 28.5274
Epoch: 951, Loss: 28.5274
Epoch: 956, Loss: 28.5274
Epoch: 961, Loss: 28.5274
Epoch: 966, Loss: 28.5274
Epoch: 971, Loss: 28.5274
Epoch: 976, Loss: 28.5274
Epoch: 981, Loss: 28.5274
Epoch: 986, Loss: 28.5274
Epoch: 991, Loss: 28.5274
Epoch: 996, Loss: 28.5274
Epoch: 1001, Loss: 28.5274
Elapsed time 0.1733 min
test data and predicted data:

Epoch: 6, Loss: 28.5274
Epoch: 11, Loss: 28.5274
Epoch: 16, Loss: 28.5274
Epoch: 21, Loss: 28.5274
Epoch: 26, Loss: 28.5274
Epoch: 31, Loss: 28.5274
Epoch: 36, Loss: 28.5274
Epoch: 41, Loss: 28.5274
Epoch: 46, Loss: 28.5274
Epoch: 51, Loss: 28.5274
Epoch: 56, Loss: 28.5274
Epoch: 61, Loss: 28.5274
Epoch: 66, Loss: 28.5274
Epoch: 71, Loss: 28.5274
Epoch: 76, Loss: 28.5274
Epoch: 81, Loss: 28.5274
Epoch: 86, Loss: 28.5274
Epoch: 91, Loss: 28.5274
Epoch: 96, Loss: 28.5274
Epoch: 101, Loss: 28.5274
Epoch: 106, Loss: 28.5274
Epoch: 111, Loss: 28.5274
Epoch: 116, Loss: 28.5274
Epoch: 121, Loss: 28.5274
Epoch: 126, Loss: 28.5274
Epoch: 131, Loss: 28.5274
Epoch: 136, Loss: 28.5274
Epoch: 141, Loss: 28.5274
Epoch: 146, Loss: 28.5274
Epoch: 151, Loss: 28.5274
Epoch: 156, Loss: 28.5274
Epoch: 161, Loss: 28.5274
Epoch: 166, Loss: 28.5274
Epoch: 171, Loss: 28.5274
Epoch: 176, Loss: 28.5274
Epoch: 181, Loss: 28.5274
Epoch: 186, Loss: 28.5274
Epoch: 191, Loss: 28.5274
Epoch: 196, Loss: 28.5274
Epoch: 201, Loss: 28.5274
Epoch: 206, Loss: 28.5274
Epoch: 211, Loss: 28.5274
Epoch: 216, Loss: 28.5274
Epoch: 221, Loss: 28.5274
Epoch: 226, Loss: 28.5274
Epoch: 231, Loss: 28.5274
Epoch: 236, Loss: 28.5274
Epoch: 241, Loss: 28.5274
Epoch: 246, Loss: 28.5274
Epoch: 251, Loss: 28.5274
Epoch: 256, Loss: 28.5274
Epoch: 261, Loss: 28.5274
Epoch: 266, Loss: 28.5274
Epoch: 271, Loss: 28.5274
Epoch: 276, Loss: 28.5274
Epoch: 281, Loss: 28.5274
Epoch: 286, Loss: 28.5274
Epoch: 291, Loss: 28.5274
Epoch: 296, Loss: 28.5274
Epoch: 301, Loss: 28.5274
Epoch: 306, Loss: 28.5274
Epoch: 311, Loss: 28.5274
Epoch: 316, Loss: 28.5274
Epoch: 321, Loss: 28.5274
Epoch: 326, Loss: 28.5274
Epoch: 331, Loss: 28.5274
Epoch: 336, Loss: 28.5274
Epoch: 341, Loss: 28.5274
Epoch: 346, Loss: 28.5274
Epoch: 351, Loss: 28.5274
Epoch: 356, Loss: 28.5274
Epoch: 361, Loss: 28.5274
Epoch: 366, Loss: 28.5274
Epoch: 371, Loss: 28.5274
Epoch: 376, Loss: 28.5274
Epoch: 381, Loss: 28.5274
Epoch: 386, Loss: 28.5274
Epoch: 391, Loss: 28.5274
Epoch: 396, Loss: 28.5274
Epoch: 401, Loss: 28.5274
Epoch: 406, Loss: 28.5274
Epoch: 411, Loss: 28.5274
Epoch: 416, Loss: 28.5274
Epoch: 421, Loss: 28.5274
Epoch: 426, Loss: 28.5274
Epoch: 431, Loss: 28.5274
Epoch: 436, Loss: 28.5274
Epoch: 441, Loss: 28.5274
Epoch: 446, Loss: 28.5274
Epoch: 451, Loss: 28.5274
Epoch: 456, Loss: 28.5274
Epoch: 461, Loss: 28.5274
Epoch: 466, Loss: 28.5274
Epoch: 471, Loss: 28.5274
Epoch: 476, Loss: 28.5274
Epoch: 481, Loss: 28.5274
Epoch: 486, Loss: 28.5274
Epoch: 491, Loss: 28.5274
Epoch: 496, Loss: 28.5274
Epoch: 501, Loss: 28.5274
Epoch: 506, Loss: 28.5274
Epoch: 511, Loss: 28.5274
Epoch: 516, Loss: 28.5274
Epoch: 521, Loss: 28.5274
Epoch: 526, Loss: 28.5274
Epoch: 531, Loss: 28.5274
Epoch: 536, Loss: 28.5274
Epoch: 541, Loss: 28.5274
Epoch: 546, Loss: 28.5274
Epoch: 551, Loss: 28.5274
Epoch: 556, Loss: 28.5274
Epoch: 561, Loss: 28.5274
Epoch: 566, Loss: 28.5274
Epoch: 571, Loss: 28.5274
Epoch: 576, Loss: 28.5274
Epoch: 581, Loss: 28.5274
Epoch: 586, Loss: 28.5274
Epoch: 591, Loss: 28.5274
Epoch: 596, Loss: 28.5274
Epoch: 601, Loss: 28.5274
Epoch: 606, Loss: 28.5274
Epoch: 611, Loss: 28.5274
Epoch: 616, Loss: 28.5274
Epoch: 621, Loss: 28.5274
Epoch: 626, Loss: 28.5274
Epoch: 631, Loss: 28.5274
Epoch: 636, Loss: 28.5274
Epoch: 641, Loss: 28.5274
Epoch: 646, Loss: 28.5274
Epoch: 651, Loss: 28.5274
Epoch: 656, Loss: 28.5274
Epoch: 661, Loss: 28.5274
Epoch: 666, Loss: 28.5274
Epoch: 671, Loss: 28.5274
Epoch: 676, Loss: 28.5274
Epoch: 681, Loss: 28.5274
Epoch: 686, Loss: 28.5274
Epoch: 691, Loss: 28.5274
Epoch: 696, Loss: 28.5274
Epoch: 701, Loss: 28.5274
Epoch: 706, Loss: 28.5274
Epoch: 711, Loss: 28.5274
Epoch: 716, Loss: 28.5274
Epoch: 721, Loss: 28.5274
Epoch: 726, Loss: 28.5274
Epoch: 731, Loss: 28.5274
Epoch: 736, Loss: 28.5274
Epoch: 741, Loss: 28.5274
Epoch: 746, Loss: 28.5274
Epoch: 751, Loss: 28.5274
Epoch: 756, Loss: 28.5274
Epoch: 761, Loss: 28.5274
Epoch: 766, Loss: 28.5274
Epoch: 771, Loss: 28.5274
Epoch: 776, Loss: 28.5274
Epoch: 781, Loss: 28.5274
Epoch: 786, Loss: 28.5274
Epoch: 791, Loss: 28.5274
Epoch: 796, Loss: 28.5274
Epoch: 801, Loss: 28.5274
Epoch: 806, Loss: 28.5274
Epoch: 811, Loss: 28.5274
Epoch: 816, Loss: 28.5274
Epoch: 821, Loss: 28.5274
Epoch: 826, Loss: 28.5274
Epoch: 831, Loss: 28.5274
Epoch: 836, Loss: 28.5274
Epoch: 841, Loss: 28.5274
Epoch: 846, Loss: 28.5274
Epoch: 851, Loss: 28.5274
Epoch: 856, Loss: 28.5274
Epoch: 861, Loss: 28.5274
Epoch: 866, Loss: 28.5274
Epoch: 871, Loss: 28.5274
Epoch: 876, Loss: 28.5274
Epoch: 881, Loss: 28.5274
Epoch: 886, Loss: 28.5274
Epoch: 891, Loss: 28.5274
Epoch: 896, Loss: 28.5274
Epoch: 901, Loss: 28.5274
Epoch: 906, Loss: 28.5274
Epoch: 911, Loss: 28.5274
Epoch: 916, Loss: 28.5274
Epoch: 921, Loss: 28.5274
Epoch: 926, Loss: 28.5274
Epoch: 931, Loss: 28.5274
Epoch: 936, Loss: 28.5274
Epoch: 941, Loss: 28.5274
Epoch: 946, Loss: 28.5274
Epoch: 951, Loss: 28.5274
Epoch: 956, Loss: 28.5274
Epoch: 961, Loss: 28.5274
Epoch: 966, Loss: 28.5274
Epoch: 971, Loss: 28.5274
Epoch: 976, Loss: 28.5274
Epoch: 981, Loss: 28.5274
Epoch: 986, Loss: 28.5274
Epoch: 991, Loss: 28.5274
Epoch: 996, Loss: 28.5274
Epoch: 1001, Loss: 28.5274
Elapsed time 0.1725 min
test data and predicted data:

Epoch: 6, Loss: 28.5274
Epoch: 11, Loss: 28.5274
Epoch: 16, Loss: 28.5274
Epoch: 21, Loss: 28.5274
Epoch: 26, Loss: 28.5274
Epoch: 31, Loss: 28.5274
Epoch: 36, Loss: 28.5274
Epoch: 41, Loss: 28.5274
Epoch: 46, Loss: 28.5274
Epoch: 51, Loss: 28.5274
Epoch: 56, Loss: 28.5274
Epoch: 61, Loss: 28.5274
Epoch: 66, Loss: 28.5274
Epoch: 71, Loss: 28.5274
Epoch: 76, Loss: 28.5274
Epoch: 81, Loss: 28.5274
Epoch: 86, Loss: 28.5274
Epoch: 91, Loss: 28.5274
Epoch: 96, Loss: 28.5274
Epoch: 101, Loss: 28.5274
Epoch: 106, Loss: 28.5274
Epoch: 111, Loss: 28.5274
Epoch: 116, Loss: 28.5274
Epoch: 121, Loss: 28.5274
Epoch: 126, Loss: 28.5274
Epoch: 131, Loss: 28.5274
Epoch: 136, Loss: 28.5274
Epoch: 141, Loss: 28.5274
Epoch: 146, Loss: 28.5274
Epoch: 151, Loss: 28.5274
Epoch: 156, Loss: 28.5274
Epoch: 161, Loss: 28.5274
Epoch: 166, Loss: 28.5274
Epoch: 171, Loss: 28.5274
Epoch: 176, Loss: 28.5274
Epoch: 181, Loss: 28.5274
Epoch: 186, Loss: 28.5274
Epoch: 191, Loss: 28.5274
Epoch: 196, Loss: 28.5274
Epoch: 201, Loss: 28.5274
Epoch: 206, Loss: 28.5274
Epoch: 211, Loss: 28.5274
Epoch: 216, Loss: 28.5274
Epoch: 221, Loss: 28.5274
Epoch: 226, Loss: 28.5274
Epoch: 231, Loss: 28.5274
Epoch: 236, Loss: 28.5274
Epoch: 241, Loss: 28.5274
Epoch: 246, Loss: 28.5274
Epoch: 251, Loss: 28.5274
Epoch: 256, Loss: 28.5274
Epoch: 261, Loss: 28.5274
Epoch: 266, Loss: 28.5274
Epoch: 271, Loss: 28.5274
Epoch: 276, Loss: 28.5274
Epoch: 281, Loss: 28.5274
Epoch: 286, Loss: 28.5274
Epoch: 291, Loss: 28.5274
Epoch: 296, Loss: 28.5274
Epoch: 301, Loss: 28.5274
Epoch: 306, Loss: 28.5274
Epoch: 311, Loss: 28.5274
Epoch: 316, Loss: 28.5274
Epoch: 321, Loss: 28.5274
Epoch: 326, Loss: 28.5274
Epoch: 331, Loss: 28.5274
Epoch: 336, Loss: 28.5274
Epoch: 341, Loss: 28.5274
Epoch: 346, Loss: 28.5274
Epoch: 351, Loss: 28.5274
Epoch: 356, Loss: 28.5274
Epoch: 361, Loss: 28.5274
Epoch: 366, Loss: 28.5274
Epoch: 371, Loss: 28.5274
Epoch: 376, Loss: 28.5274
Epoch: 381, Loss: 28.5274
Epoch: 386, Loss: 28.5274
Epoch: 391, Loss: 28.5274
Epoch: 396, Loss: 28.5274
Epoch: 401, Loss: 28.5274
Epoch: 406, Loss: 28.5274
Epoch: 411, Loss: 28.5274
Epoch: 416, Loss: 28.5274
Epoch: 421, Loss: 28.5274
Epoch: 426, Loss: 28.5274
Epoch: 431, Loss: 28.5274
Epoch: 436, Loss: 28.5274
Epoch: 441, Loss: 28.5274
Epoch: 446, Loss: 28.5274
Epoch: 451, Loss: 28.5274
Epoch: 456, Loss: 28.5274
Epoch: 461, Loss: 28.5274
Epoch: 466, Loss: 28.5274
Epoch: 471, Loss: 28.5274
Epoch: 476, Loss: 28.5274
Epoch: 481, Loss: 28.5274
Epoch: 486, Loss: 28.5274
Epoch: 491, Loss: 28.5274
Epoch: 496, Loss: 28.5274
Epoch: 501, Loss: 28.5274
Epoch: 506, Loss: 28.5274
Epoch: 511, Loss: 28.5274
Epoch: 516, Loss: 28.5274
Epoch: 521, Loss: 28.5274
Epoch: 526, Loss: 28.5274
Epoch: 531, Loss: 28.5274
Epoch: 536, Loss: 28.5274
Epoch: 541, Loss: 28.5274
Epoch: 546, Loss: 28.5274
Epoch: 551, Loss: 28.5274
Epoch: 556, Loss: 28.5274
Epoch: 561, Loss: 28.5274
Epoch: 566, Loss: 28.5274
Epoch: 571, Loss: 28.5274
Epoch: 576, Loss: 28.5274
Epoch: 581, Loss: 28.5274
Epoch: 586, Loss: 28.5274
Epoch: 591, Loss: 28.5274
Epoch: 596, Loss: 28.5274
Epoch: 601, Loss: 28.5274
Epoch: 606, Loss: 28.5274
Epoch: 611, Loss: 28.5274
Epoch: 616, Loss: 28.5274
Epoch: 621, Loss: 28.5274
Epoch: 626, Loss: 28.5274
Epoch: 631, Loss: 28.5274
Epoch: 636, Loss: 28.5274
Epoch: 641, Loss: 28.5274
Epoch: 646, Loss: 28.5274
Epoch: 651, Loss: 28.5274
Epoch: 656, Loss: 28.5274
Epoch: 661, Loss: 28.5274
Epoch: 666, Loss: 28.5274
Epoch: 671, Loss: 28.5274
Epoch: 676, Loss: 28.5274
Epoch: 681, Loss: 28.5274
Epoch: 686, Loss: 28.5274
Epoch: 691, Loss: 28.5274
Epoch: 696, Loss: 28.5274
Epoch: 701, Loss: 28.5274
Epoch: 706, Loss: 28.5274
Epoch: 711, Loss: 28.5274
Epoch: 716, Loss: 28.5274
Epoch: 721, Loss: 28.5275
Epoch: 726, Loss: 28.5281
Epoch: 731, Loss: 28.5309
Epoch: 736, Loss: 28.5282
Epoch: 741, Loss: 28.5276
Epoch: 746, Loss: 28.5287
Epoch: 751, Loss: 28.5287
Epoch: 756, Loss: 28.5275
Epoch: 761, Loss: 28.5274
Epoch: 766, Loss: 28.5277
Epoch: 771, Loss: 28.5279
Epoch: 776, Loss: 28.5282
Epoch: 781, Loss: 28.5279
Epoch: 786, Loss: 28.5277
Epoch: 791, Loss: 28.5276
Epoch: 796, Loss: 28.5277
Epoch: 801, Loss: 28.5278
Epoch: 806, Loss: 28.5281
Epoch: 811, Loss: 28.5282
Epoch: 816, Loss: 28.5281
Epoch: 821, Loss: 28.5277
Epoch: 826, Loss: 28.5276
Epoch: 831, Loss: 28.5276
Epoch: 836, Loss: 28.5277
Epoch: 841, Loss: 28.5280
Epoch: 846, Loss: 28.5285
Epoch: 851, Loss: 28.5282
Epoch: 856, Loss: 28.5278
Epoch: 861, Loss: 28.5276
Epoch: 866, Loss: 28.5275
Epoch: 871, Loss: 28.5276
Epoch: 876, Loss: 28.5279
Epoch: 881, Loss: 28.5283
Epoch: 886, Loss: 28.5287
Epoch: 891, Loss: 28.5279
Epoch: 896, Loss: 28.5276
Epoch: 901, Loss: 28.5275
Epoch: 906, Loss: 28.5275
Epoch: 911, Loss: 28.5275
Epoch: 916, Loss: 28.5278
Epoch: 921, Loss: 28.5285
Epoch: 926, Loss: 28.5290
Epoch: 931, Loss: 28.5278
Epoch: 936, Loss: 28.5275
Epoch: 941, Loss: 28.5274
Epoch: 946, Loss: 28.5274
Epoch: 951, Loss: 28.5275
Epoch: 956, Loss: 28.5279
Epoch: 961, Loss: 28.5291
Epoch: 966, Loss: 28.5286
Epoch: 971, Loss: 28.5277
Epoch: 976, Loss: 28.5274
Epoch: 981, Loss: 28.5274
Epoch: 986, Loss: 28.5275
Epoch: 991, Loss: 28.5278
Epoch: 996, Loss: 28.5287
Epoch: 1001, Loss: 28.5286
Elapsed time 0.1740 min
test data and predicted data:

Epoch: 6, Loss: 28.5279
Epoch: 11, Loss: 28.5275
Epoch: 16, Loss: 28.5274
Epoch: 21, Loss: 28.5274
Epoch: 26, Loss: 28.5274
Epoch: 31, Loss: 28.5275
Epoch: 36, Loss: 28.5278
Epoch: 41, Loss: 28.5293
Epoch: 46, Loss: 28.5289
Epoch: 51, Loss: 28.5276
Epoch: 56, Loss: 28.5274
Epoch: 61, Loss: 28.5276
Epoch: 66, Loss: 28.5281
Epoch: 71, Loss: 28.5284
Epoch: 76, Loss: 28.5283
Epoch: 81, Loss: 28.5277
Epoch: 86, Loss: 28.5275
Epoch: 91, Loss: 28.5275
Epoch: 96, Loss: 28.5275
Epoch: 101, Loss: 28.5276
Epoch: 106, Loss: 28.5282
Epoch: 111, Loss: 28.5288
Epoch: 116, Loss: 28.5283
Epoch: 121, Loss: 28.5276
Epoch: 126, Loss: 28.5274
Epoch: 131, Loss: 28.5274
Epoch: 136, Loss: 28.5274
Epoch: 141, Loss: 28.5275
Epoch: 146, Loss: 28.5279
Epoch: 151, Loss: 28.5294
Epoch: 156, Loss: 28.5286
Epoch: 161, Loss: 28.5276
Epoch: 166, Loss: 28.5274
Epoch: 171, Loss: 28.5275
Epoch: 176, Loss: 28.5278
Epoch: 181, Loss: 28.5283
Epoch: 186, Loss: 28.5288
Epoch: 191, Loss: 28.5280
Epoch: 196, Loss: 28.5276
Epoch: 201, Loss: 28.5275
Epoch: 206, Loss: 28.5274
Epoch: 211, Loss: 28.5275
Epoch: 216, Loss: 28.5276
Epoch: 221, Loss: 28.5280
Epoch: 226, Loss: 28.5294
Epoch: 231, Loss: 28.5285
Epoch: 236, Loss: 28.5276
Epoch: 241, Loss: 28.5274
Epoch: 246, Loss: 28.5275
Epoch: 251, Loss: 28.5278
Epoch: 256, Loss: 28.5283
Epoch: 261, Loss: 28.5288
Epoch: 266, Loss: 28.5280
Epoch: 271, Loss: 28.5276
Epoch: 276, Loss: 28.5274
Epoch: 281, Loss: 28.5274
Epoch: 286, Loss: 28.5274
Epoch: 291, Loss: 28.5275
Epoch: 296, Loss: 28.5279
Epoch: 301, Loss: 28.5293
Epoch: 306, Loss: 28.5287
Epoch: 311, Loss: 28.5277
Epoch: 316, Loss: 28.5274
Epoch: 321, Loss: 28.5275
Epoch: 326, Loss: 28.5278
Epoch: 331, Loss: 28.5283
Epoch: 336, Loss: 28.5287
Epoch: 341, Loss: 28.5279
Epoch: 346, Loss: 28.5276
Epoch: 351, Loss: 28.5275
Epoch: 356, Loss: 28.5274
Epoch: 361, Loss: 28.5275
Epoch: 366, Loss: 28.5277
Epoch: 371, Loss: 28.5283
Epoch: 376, Loss: 28.5293
Epoch: 381, Loss: 28.5280
Epoch: 386, Loss: 28.5275
Epoch: 391, Loss: 28.5274
Epoch: 396, Loss: 28.5275
Epoch: 401, Loss: 28.5277
Epoch: 406, Loss: 28.5282
Epoch: 411, Loss: 28.5290
Epoch: 416, Loss: 28.5281
Epoch: 421, Loss: 28.5276
Epoch: 426, Loss: 28.5274
Epoch: 431, Loss: 28.5274
Epoch: 436, Loss: 28.5274
Epoch: 441, Loss: 28.5274
Epoch: 446, Loss: 28.5276
Epoch: 451, Loss: 28.5283
Epoch: 456, Loss: 28.5300
Epoch: 461, Loss: 28.5281
Epoch: 466, Loss: 28.5274
Epoch: 471, Loss: 28.5275
Epoch: 476, Loss: 28.5278
Epoch: 481, Loss: 28.5285
Epoch: 486, Loss: 28.5283
Epoch: 491, Loss: 28.5278
Epoch: 496, Loss: 28.5275
Epoch: 501, Loss: 28.5275
Epoch: 506, Loss: 28.5275
Epoch: 511, Loss: 28.5276
Epoch: 516, Loss: 28.5279
Epoch: 521, Loss: 28.5289
Epoch: 526, Loss: 28.5285
Epoch: 531, Loss: 28.5277
Epoch: 536, Loss: 28.5274
Epoch: 541, Loss: 28.5274
Epoch: 546, Loss: 28.5274
Epoch: 551, Loss: 28.5275
Epoch: 556, Loss: 28.5278
Epoch: 561, Loss: 28.5287
Epoch: 566, Loss: 28.5292
Epoch: 571, Loss: 28.5277
Epoch: 576, Loss: 28.5274
Epoch: 581, Loss: 28.5275
Epoch: 586, Loss: 28.5276
Epoch: 591, Loss: 28.5282
Epoch: 596, Loss: 28.5286
Epoch: 601, Loss: 28.5283
Epoch: 606, Loss: 28.5276
Epoch: 611, Loss: 28.5275
Epoch: 616, Loss: 28.5274
Epoch: 621, Loss: 28.5274
Epoch: 626, Loss: 28.5275
Epoch: 631, Loss: 28.5277
Epoch: 636, Loss: 28.5286
Epoch: 641, Loss: 28.5295
Epoch: 646, Loss: 28.5278
Epoch: 651, Loss: 28.5274
Epoch: 656, Loss: 28.5275
Epoch: 661, Loss: 28.5277
Epoch: 666, Loss: 28.5283
Epoch: 671, Loss: 28.5285
Epoch: 676, Loss: 28.5281
Epoch: 681, Loss: 28.5276
Epoch: 686, Loss: 28.5275
Epoch: 691, Loss: 28.5274
Epoch: 696, Loss: 28.5275
Epoch: 701, Loss: 28.5276
Epoch: 706, Loss: 28.5282
Epoch: 711, Loss: 28.5289
Epoch: 716, Loss: 28.5284
Epoch: 721, Loss: 28.5275
Epoch: 726, Loss: 28.5274
Epoch: 731, Loss: 28.5275
Epoch: 736, Loss: 28.5276
Epoch: 741, Loss: 28.5282
Epoch: 746, Loss: 28.5287
Epoch: 751, Loss: 28.5284
Epoch: 756, Loss: 28.5276
Epoch: 761, Loss: 28.5274
Epoch: 766, Loss: 28.5274
Epoch: 771, Loss: 28.5274
Epoch: 776, Loss: 28.5274
Epoch: 781, Loss: 28.5275
Epoch: 786, Loss: 28.5280
Epoch: 791, Loss: 28.5293
Epoch: 796, Loss: 28.5288
Epoch: 801, Loss: 28.5275
Epoch: 806, Loss: 28.5275
Epoch: 811, Loss: 28.5278
Epoch: 816, Loss: 28.5282
Epoch: 821, Loss: 28.5285
Epoch: 826, Loss: 28.5279
Epoch: 831, Loss: 28.5276
Epoch: 836, Loss: 28.5275
Epoch: 841, Loss: 28.5275
Epoch: 846, Loss: 28.5275
Epoch: 851, Loss: 28.5279
Epoch: 856, Loss: 28.5285
Epoch: 861, Loss: 28.5289
Epoch: 866, Loss: 28.5278
Epoch: 871, Loss: 28.5275
Epoch: 876, Loss: 28.5274
Epoch: 881, Loss: 28.5274
Epoch: 886, Loss: 28.5275
Epoch: 891, Loss: 28.5277
Epoch: 896, Loss: 28.5288
Epoch: 901, Loss: 28.5289
Epoch: 906, Loss: 28.5279
Epoch: 911, Loss: 28.5274
Epoch: 916, Loss: 28.5274
Epoch: 921, Loss: 28.5276
Epoch: 926, Loss: 28.5280
Epoch: 931, Loss: 28.5288
Epoch: 936, Loss: 28.5283
Epoch: 941, Loss: 28.5277
Epoch: 946, Loss: 28.5275
Epoch: 951, Loss: 28.5274
Epoch: 956, Loss: 28.5274
Epoch: 961, Loss: 28.5274
Epoch: 966, Loss: 28.5275
Epoch: 971, Loss: 28.5281
Epoch: 976, Loss: 28.5292
Epoch: 981, Loss: 28.5286
Epoch: 986, Loss: 28.5275
Epoch: 991, Loss: 28.5274
Epoch: 996, Loss: 28.5277
Epoch: 1001, Loss: 28.5281
Elapsed time 0.1746 min
test data and predicted data:

Epoch: 6, Loss: 28.5286
Epoch: 11, Loss: 28.5280
Epoch: 16, Loss: 28.5276
Epoch: 21, Loss: 28.5275
Epoch: 26, Loss: 28.5275
Epoch: 31, Loss: 28.5275
Epoch: 36, Loss: 28.5277
Epoch: 41, Loss: 28.5283
Epoch: 46, Loss: 28.5291
Epoch: 51, Loss: 28.5280
Epoch: 56, Loss: 28.5275
Epoch: 61, Loss: 28.5274
Epoch: 66, Loss: 28.5274
Epoch: 71, Loss: 28.5275
Epoch: 76, Loss: 28.5277
Epoch: 81, Loss: 28.5286
Epoch: 86, Loss: 28.5289
Epoch: 91, Loss: 28.5280
Epoch: 96, Loss: 28.5275
Epoch: 101, Loss: 28.5274
Epoch: 106, Loss: 28.5275
Epoch: 111, Loss: 28.5278
Epoch: 116, Loss: 28.5285
Epoch: 121, Loss: 28.5286
Epoch: 126, Loss: 28.5280
Epoch: 131, Loss: 28.5275
Epoch: 136, Loss: 28.5274
Epoch: 141, Loss: 28.5274
Epoch: 146, Loss: 28.5274
Epoch: 151, Loss: 28.5274
Epoch: 156, Loss: 28.5274
Epoch: 161, Loss: 28.5276
Epoch: 166, Loss: 28.5285
Epoch: 171, Loss: 28.5304
Epoch: 176, Loss: 28.5278
Epoch: 181, Loss: 28.5274
Epoch: 186, Loss: 28.5279
Epoch: 191, Loss: 28.5283
Epoch: 196, Loss: 28.5283
Epoch: 201, Loss: 28.5277
Epoch: 206, Loss: 28.5275
Epoch: 211, Loss: 28.5274
Epoch: 216, Loss: 28.5274
Epoch: 221, Loss: 28.5274
Epoch: 226, Loss: 28.5275
Epoch: 231, Loss: 28.5278
Epoch: 236, Loss: 28.5293
Epoch: 241, Loss: 28.5288
Epoch: 246, Loss: 28.5276
Epoch: 251, Loss: 28.5274
Epoch: 256, Loss: 28.5276
Epoch: 261, Loss: 28.5280
Epoch: 266, Loss: 28.5284
Epoch: 271, Loss: 28.5282
Epoch: 276, Loss: 28.5277
Epoch: 281, Loss: 28.5275
Epoch: 286, Loss: 28.5275
Epoch: 291, Loss: 28.5275
Epoch: 296, Loss: 28.5276
Epoch: 301, Loss: 28.5282
Epoch: 306, Loss: 28.5288
Epoch: 311, Loss: 28.5284
Epoch: 316, Loss: 28.5276
Epoch: 321, Loss: 28.5274
Epoch: 326, Loss: 28.5274
Epoch: 331, Loss: 28.5275
Epoch: 336, Loss: 28.5276
Epoch: 341, Loss: 28.5282
Epoch: 346, Loss: 28.5293
Epoch: 351, Loss: 28.5282
Epoch: 356, Loss: 28.5275
Epoch: 361, Loss: 28.5274
Epoch: 366, Loss: 28.5275
Epoch: 371, Loss: 28.5277
Epoch: 376, Loss: 28.5282
Epoch: 381, Loss: 28.5289
Epoch: 386, Loss: 28.5280
Epoch: 391, Loss: 28.5276
Epoch: 396, Loss: 28.5274
Epoch: 401, Loss: 28.5274
Epoch: 406, Loss: 28.5274
Epoch: 411, Loss: 28.5274
Epoch: 416, Loss: 28.5274
Epoch: 421, Loss: 28.5274
Epoch: 426, Loss: 28.5274
Epoch: 431, Loss: 28.5275
Epoch: 436, Loss: 28.5282
Epoch: 441, Loss: 28.5305
Epoch: 446, Loss: 28.5282
Epoch: 451, Loss: 28.5275
Epoch: 456, Loss: 28.5283
Epoch: 461, Loss: 28.5287
Epoch: 466, Loss: 28.5276
Epoch: 471, Loss: 28.5274
Epoch: 476, Loss: 28.5275
Epoch: 481, Loss: 28.5277
Epoch: 486, Loss: 28.5280
Epoch: 491, Loss: 28.5282
Epoch: 496, Loss: 28.5281
Epoch: 501, Loss: 28.5277
Epoch: 506, Loss: 28.5276
Epoch: 511, Loss: 28.5275
Epoch: 516, Loss: 28.5276
Epoch: 521, Loss: 28.5279
Epoch: 526, Loss: 28.5285
Epoch: 531, Loss: 28.5283
Epoch: 536, Loss: 28.5279
Epoch: 541, Loss: 28.5275
Epoch: 546, Loss: 28.5275
Epoch: 551, Loss: 28.5275
Epoch: 556, Loss: 28.5276
Epoch: 561, Loss: 28.5279
Epoch: 566, Loss: 28.5288
Epoch: 571, Loss: 28.5285
Epoch: 576, Loss: 28.5278
Epoch: 581, Loss: 28.5274
Epoch: 586, Loss: 28.5274
Epoch: 591, Loss: 28.5275
Epoch: 596, Loss: 28.5276
Epoch: 601, Loss: 28.5281
Epoch: 606, Loss: 28.5288
Epoch: 611, Loss: 28.5285
Epoch: 616, Loss: 28.5276
Epoch: 621, Loss: 28.5274
Epoch: 626, Loss: 28.5274
Epoch: 631, Loss: 28.5276
Epoch: 636, Loss: 28.5280
Epoch: 641, Loss: 28.5286
Epoch: 646, Loss: 28.5286
Epoch: 651, Loss: 28.5277
Epoch: 656, Loss: 28.5274
Epoch: 661, Loss: 28.5274
Epoch: 666, Loss: 28.5274
Epoch: 671, Loss: 28.5275
Epoch: 676, Loss: 28.5276
Epoch: 681, Loss: 28.5285
Epoch: 686, Loss: 28.5291
Epoch: 691, Loss: 28.5281
Epoch: 696, Loss: 28.5274
Epoch: 701, Loss: 28.5275
Epoch: 706, Loss: 28.5277
Epoch: 711, Loss: 28.5281
Epoch: 716, Loss: 28.5286
Epoch: 721, Loss: 28.5280
Epoch: 726, Loss: 28.5276
Epoch: 731, Loss: 28.5275
Epoch: 736, Loss: 28.5275
Epoch: 741, Loss: 28.5275
Epoch: 746, Loss: 28.5277
Epoch: 751, Loss: 28.5282
Epoch: 756, Loss: 28.5292
Epoch: 761, Loss: 28.5281
Epoch: 766, Loss: 28.5275
Epoch: 771, Loss: 28.5274
Epoch: 776, Loss: 28.5274
Epoch: 781, Loss: 28.5276
Epoch: 786, Loss: 28.5279
Epoch: 791, Loss: 28.5289
Epoch: 796, Loss: 28.5284
Epoch: 801, Loss: 28.5277
Epoch: 806, Loss: 28.5274
Epoch: 811, Loss: 28.5274
Epoch: 816, Loss: 28.5275
Epoch: 821, Loss: 28.5276
Epoch: 826, Loss: 28.5281
Epoch: 831, Loss: 28.5288
Epoch: 836, Loss: 28.5285
Epoch: 841, Loss: 28.5276
Epoch: 846, Loss: 28.5274
Epoch: 851, Loss: 28.5275
Epoch: 856, Loss: 28.5276
Epoch: 861, Loss: 28.5281
Epoch: 866, Loss: 28.5286
Epoch: 871, Loss: 28.5284
Epoch: 876, Loss: 28.5276
Epoch: 881, Loss: 28.5274
Epoch: 886, Loss: 28.5274
Epoch: 891, Loss: 28.5274
Epoch: 896, Loss: 28.5274
Epoch: 901, Loss: 28.5275
Epoch: 906, Loss: 28.5277
Epoch: 911, Loss: 28.5288
Epoch: 916, Loss: 28.5296
Epoch: 921, Loss: 28.5277
Epoch: 926, Loss: 28.5274
Epoch: 931, Loss: 28.5278
Epoch: 936, Loss: 28.5282
Epoch: 941, Loss: 28.5284
Epoch: 946, Loss: 28.5278
Epoch: 951, Loss: 28.5276
Epoch: 956, Loss: 28.5275
Epoch: 961, Loss: 28.5275
Epoch: 966, Loss: 28.5275
Epoch: 971, Loss: 28.5278
Epoch: 976, Loss: 28.5284
Epoch: 981, Loss: 28.5290
Epoch: 986, Loss: 28.5278
Epoch: 991, Loss: 28.5275
Epoch: 996, Loss: 28.5274
Epoch: 1001, Loss: 28.5275
Elapsed time 0.1794 min
test data and predicted data:

Epoch: 6, Loss: 28.5276
Epoch: 11, Loss: 28.5280
Epoch: 16, Loss: 28.5291
Epoch: 21, Loss: 28.5283
Epoch: 26, Loss: 28.5276
Epoch: 31, Loss: 28.5274
Epoch: 36, Loss: 28.5274
Epoch: 41, Loss: 28.5275
Epoch: 46, Loss: 28.5278
Epoch: 51, Loss: 28.5286
Epoch: 56, Loss: 28.5287
Epoch: 61, Loss: 28.5279
Epoch: 66, Loss: 28.5275
Epoch: 71, Loss: 28.5274
Epoch: 76, Loss: 28.5274
Epoch: 81, Loss: 28.5275
Epoch: 86, Loss: 28.5280
Epoch: 91, Loss: 28.5287
Epoch: 96, Loss: 28.5287
Epoch: 101, Loss: 28.5276
Epoch: 106, Loss: 28.5274
Epoch: 111, Loss: 28.5274
Epoch: 116, Loss: 28.5275
Epoch: 121, Loss: 28.5279
Epoch: 126, Loss: 28.5285
Epoch: 131, Loss: 28.5288
Epoch: 136, Loss: 28.5278
Epoch: 141, Loss: 28.5275
Epoch: 146, Loss: 28.5274
Epoch: 151, Loss: 28.5274
Epoch: 156, Loss: 28.5275
Epoch: 161, Loss: 28.5276
Epoch: 166, Loss: 28.5285
Epoch: 171, Loss: 28.5290
Epoch: 176, Loss: 28.5280
Epoch: 181, Loss: 28.5274
Epoch: 186, Loss: 28.5275
Epoch: 191, Loss: 28.5276
Epoch: 196, Loss: 28.5280
Epoch: 201, Loss: 28.5286
Epoch: 206, Loss: 28.5281
Epoch: 211, Loss: 28.5277
Epoch: 216, Loss: 28.5275
Epoch: 221, Loss: 28.5274
Epoch: 226, Loss: 28.5275
Epoch: 231, Loss: 28.5275
Epoch: 236, Loss: 28.5279
Epoch: 241, Loss: 28.5290
Epoch: 246, Loss: 28.5286
Epoch: 251, Loss: 28.5277
Epoch: 256, Loss: 28.5274
Epoch: 261, Loss: 28.5275
Epoch: 266, Loss: 28.5276
Epoch: 271, Loss: 28.5280
Epoch: 276, Loss: 28.5287
Epoch: 281, Loss: 28.5282
Epoch: 286, Loss: 28.5276
Epoch: 291, Loss: 28.5275
Epoch: 296, Loss: 28.5274
Epoch: 301, Loss: 28.5274
Epoch: 306, Loss: 28.5274
Epoch: 311, Loss: 28.5275
Epoch: 316, Loss: 28.5278
Epoch: 321, Loss: 28.5289
Epoch: 326, Loss: 28.5295
Epoch: 331, Loss: 28.5276
Epoch: 336, Loss: 28.5274
Epoch: 341, Loss: 28.5278
Epoch: 346, Loss: 28.5282
Epoch: 351, Loss: 28.5284
Epoch: 356, Loss: 28.5278
Epoch: 361, Loss: 28.5275
Epoch: 366, Loss: 28.5275
Epoch: 371, Loss: 28.5275
Epoch: 376, Loss: 28.5275
Epoch: 381, Loss: 28.5278
Epoch: 386, Loss: 28.5285
Epoch: 391, Loss: 28.5289
Epoch: 396, Loss: 28.5278
Epoch: 401, Loss: 28.5275
Epoch: 406, Loss: 28.5274
Epoch: 411, Loss: 28.5275
Epoch: 416, Loss: 28.5276
Epoch: 421, Loss: 28.5281
Epoch: 426, Loss: 28.5291
Epoch: 431, Loss: 28.5282
Epoch: 436, Loss: 28.5276
Epoch: 441, Loss: 28.5274
Epoch: 446, Loss: 28.5274
Epoch: 451, Loss: 28.5275
Epoch: 456, Loss: 28.5278
Epoch: 461, Loss: 28.5287
Epoch: 466, Loss: 28.5286
Epoch: 471, Loss: 28.5278
Epoch: 476, Loss: 28.5275
Epoch: 481, Loss: 28.5274
Epoch: 486, Loss: 28.5275
Epoch: 491, Loss: 28.5276
Epoch: 496, Loss: 28.5282
Epoch: 501, Loss: 28.5288
Epoch: 506, Loss: 28.5284
Epoch: 511, Loss: 28.5276
Epoch: 516, Loss: 28.5274
Epoch: 521, Loss: 28.5274
Epoch: 526, Loss: 28.5275
Epoch: 531, Loss: 28.5279
Epoch: 536, Loss: 28.5285
Epoch: 541, Loss: 28.5288
Epoch: 546, Loss: 28.5277
Epoch: 551, Loss: 28.5274
Epoch: 556, Loss: 28.5274
Epoch: 561, Loss: 28.5274
Epoch: 566, Loss: 28.5276
Epoch: 571, Loss: 28.5280
Epoch: 576, Loss: 28.5291
Epoch: 581, Loss: 28.5284
Epoch: 586, Loss: 28.5276
Epoch: 591, Loss: 28.5274
Epoch: 596, Loss: 28.5275
Epoch: 601, Loss: 28.5276
Epoch: 606, Loss: 28.5280
Epoch: 611, Loss: 28.5288
Epoch: 616, Loss: 28.5283
Epoch: 621, Loss: 28.5277
Epoch: 626, Loss: 28.5274
Epoch: 631, Loss: 28.5274
Epoch: 636, Loss: 28.5274
Epoch: 641, Loss: 28.5274
Epoch: 646, Loss: 28.5275
Epoch: 651, Loss: 28.5280
Epoch: 656, Loss: 28.5297
Epoch: 661, Loss: 28.5285
Epoch: 666, Loss: 28.5275
Epoch: 671, Loss: 28.5275
Epoch: 676, Loss: 28.5278
Epoch: 681, Loss: 28.5283
Epoch: 686, Loss: 28.5282
Epoch: 691, Loss: 28.5279
Epoch: 696, Loss: 28.5276
Epoch: 701, Loss: 28.5275
Epoch: 706, Loss: 28.5275
Epoch: 711, Loss: 28.5276
Epoch: 716, Loss: 28.5278
Epoch: 721, Loss: 28.5288
Epoch: 726, Loss: 28.5285
Epoch: 731, Loss: 28.5278
Epoch: 736, Loss: 28.5274
Epoch: 741, Loss: 28.5274
Epoch: 746, Loss: 28.5274
Epoch: 751, Loss: 28.5276
Epoch: 756, Loss: 28.5280
Epoch: 761, Loss: 28.5288
Epoch: 766, Loss: 28.5286
Epoch: 771, Loss: 28.5276
Epoch: 776, Loss: 28.5274
Epoch: 781, Loss: 28.5275
Epoch: 786, Loss: 28.5276
Epoch: 791, Loss: 28.5281
Epoch: 796, Loss: 28.5286
Epoch: 801, Loss: 28.5284
Epoch: 806, Loss: 28.5276
Epoch: 811, Loss: 28.5274
Epoch: 816, Loss: 28.5274
Epoch: 821, Loss: 28.5274
Epoch: 826, Loss: 28.5274
Epoch: 831, Loss: 28.5275
Epoch: 836, Loss: 28.5278
Epoch: 841, Loss: 28.5289
Epoch: 846, Loss: 28.5295
Epoch: 851, Loss: 28.5276
Epoch: 856, Loss: 28.5274
Epoch: 861, Loss: 28.5278
Epoch: 866, Loss: 28.5282
Epoch: 871, Loss: 28.5283
Epoch: 876, Loss: 28.5278
Epoch: 881, Loss: 28.5275
Epoch: 886, Loss: 28.5275
Epoch: 891, Loss: 28.5275
Epoch: 896, Loss: 28.5275
Epoch: 901, Loss: 28.5278
Epoch: 906, Loss: 28.5285
Epoch: 911, Loss: 28.5289
Epoch: 916, Loss: 28.5278
Epoch: 921, Loss: 28.5274
Epoch: 926, Loss: 28.5274
Epoch: 931, Loss: 28.5275
Epoch: 936, Loss: 28.5277
Epoch: 941, Loss: 28.5283
Epoch: 946, Loss: 28.5290
Epoch: 951, Loss: 28.5280
Epoch: 956, Loss: 28.5275
Epoch: 961, Loss: 28.5274
Epoch: 966, Loss: 28.5274
Epoch: 971, Loss: 28.5275
Epoch: 976, Loss: 28.5277
Epoch: 981, Loss: 28.5286
Epoch: 986, Loss: 28.5289
Epoch: 991, Loss: 28.5280
Epoch: 996, Loss: 28.5274
Epoch: 1001, Loss: 28.5274
Elapsed time 0.1758 min
test data and predicted data:

Epoch: 6, Loss: 28.5276
Epoch: 11, Loss: 28.5279
Epoch: 16, Loss: 28.5286
Epoch: 21, Loss: 28.5283
Epoch: 26, Loss: 28.5278
Epoch: 31, Loss: 28.5275
Epoch: 36, Loss: 28.5274
Epoch: 41, Loss: 28.5274
Epoch: 46, Loss: 28.5274
Epoch: 51, Loss: 28.5275
Epoch: 56, Loss: 28.5276
Epoch: 61, Loss: 28.5285
Epoch: 66, Loss: 28.5299
Epoch: 71, Loss: 28.5278
Epoch: 76, Loss: 28.5274
Epoch: 81, Loss: 28.5277
Epoch: 86, Loss: 28.5281
Epoch: 91, Loss: 28.5284
Epoch: 96, Loss: 28.5279
Epoch: 101, Loss: 28.5276
Epoch: 106, Loss: 28.5275
Epoch: 111, Loss: 28.5275
Epoch: 116, Loss: 28.5275
Epoch: 121, Loss: 28.5277
Epoch: 126, Loss: 28.5283
Epoch: 131, Loss: 28.5291
Epoch: 136, Loss: 28.5280
Epoch: 141, Loss: 28.5275
Epoch: 146, Loss: 28.5274
Epoch: 151, Loss: 28.5275
Epoch: 156, Loss: 28.5276
Epoch: 161, Loss: 28.5281
Epoch: 166, Loss: 28.5290
Epoch: 171, Loss: 28.5282
Epoch: 176, Loss: 28.5276
Epoch: 181, Loss: 28.5274
Epoch: 186, Loss: 28.5274
Epoch: 191, Loss: 28.5275
Epoch: 196, Loss: 28.5276
Epoch: 201, Loss: 28.5284
Epoch: 206, Loss: 28.5289
Epoch: 211, Loss: 28.5281
Epoch: 216, Loss: 28.5275
Epoch: 221, Loss: 28.5274
Epoch: 226, Loss: 28.5275
Epoch: 231, Loss: 28.5277
Epoch: 236, Loss: 28.5284
Epoch: 241, Loss: 28.5285
Epoch: 246, Loss: 28.5280
Epoch: 251, Loss: 28.5275
Epoch: 256, Loss: 28.5274
Epoch: 261, Loss: 28.5274
Epoch: 266, Loss: 28.5274
Epoch: 271, Loss: 28.5274
Epoch: 276, Loss: 28.5274
Epoch: 281, Loss: 28.5275
Epoch: 286, Loss: 28.5280
Epoch: 291, Loss: 28.5305
Epoch: 296, Loss: 28.5284
Epoch: 301, Loss: 28.5274
Epoch: 306, Loss: 28.5278
Epoch: 311, Loss: 28.5283
Epoch: 316, Loss: 28.5283
Epoch: 321, Loss: 28.5276
Epoch: 326, Loss: 28.5274
Epoch: 331, Loss: 28.5274
Epoch: 336, Loss: 28.5274
Epoch: 341, Loss: 28.5275
Epoch: 346, Loss: 28.5276
Epoch: 351, Loss: 28.5284
Epoch: 356, Loss: 28.5291
Epoch: 361, Loss: 28.5282
Epoch: 366, Loss: 28.5274
Epoch: 371, Loss: 28.5275
Epoch: 376, Loss: 28.5277
Epoch: 381, Loss: 28.5281
Epoch: 386, Loss: 28.5286
Epoch: 391, Loss: 28.5280
Epoch: 396, Loss: 28.5276
Epoch: 401, Loss: 28.5275
Epoch: 406, Loss: 28.5275
Epoch: 411, Loss: 28.5275
Epoch: 416, Loss: 28.5276
Epoch: 421, Loss: 28.5281
Epoch: 426, Loss: 28.5292
Epoch: 431, Loss: 28.5282
Epoch: 436, Loss: 28.5275
Epoch: 441, Loss: 28.5274
Epoch: 446, Loss: 28.5275
Epoch: 451, Loss: 28.5277
Epoch: 456, Loss: 28.5281
Epoch: 461, Loss: 28.5289
Epoch: 466, Loss: 28.5281
Epoch: 471, Loss: 28.5276
Epoch: 476, Loss: 28.5274
Epoch: 481, Loss: 28.5274
Epoch: 486, Loss: 28.5274
Epoch: 491, Loss: 28.5274
Epoch: 496, Loss: 28.5276
Epoch: 501, Loss: 28.5281
Epoch: 506, Loss: 28.5299
Epoch: 511, Loss: 28.5282
Epoch: 516, Loss: 28.5274
Epoch: 521, Loss: 28.5275
Epoch: 526, Loss: 28.5279
Epoch: 531, Loss: 28.5284
Epoch: 536, Loss: 28.5281
Epoch: 541, Loss: 28.5277
Epoch: 546, Loss: 28.5275
Epoch: 551, Loss: 28.5275
Epoch: 556, Loss: 28.5275
Epoch: 561, Loss: 28.5276
Epoch: 566, Loss: 28.5280
Epoch: 571, Loss: 28.5290
Epoch: 576, Loss: 28.5284
Epoch: 581, Loss: 28.5276
Epoch: 586, Loss: 28.5274
Epoch: 591, Loss: 28.5274
Epoch: 596, Loss: 28.5275
Epoch: 601, Loss: 28.5277
Epoch: 606, Loss: 28.5284
Epoch: 611, Loss: 28.5288
Epoch: 616, Loss: 28.5281
Epoch: 621, Loss: 28.5275
Epoch: 626, Loss: 28.5274
Epoch: 631, Loss: 28.5275
Epoch: 636, Loss: 28.5276
Epoch: 641, Loss: 28.5283
Epoch: 646, Loss: 28.5287
Epoch: 651, Loss: 28.5282
Epoch: 656, Loss: 28.5275
Epoch: 661, Loss: 28.5274
Epoch: 666, Loss: 28.5274
Epoch: 671, Loss: 28.5274
Epoch: 676, Loss: 28.5276
Epoch: 681, Loss: 28.5280
Epoch: 686, Loss: 28.5294
Epoch: 691, Loss: 28.5284
Epoch: 696, Loss: 28.5275
Epoch: 701, Loss: 28.5274
Epoch: 706, Loss: 28.5276
Epoch: 711, Loss: 28.5279
Epoch: 716, Loss: 28.5283
Epoch: 721, Loss: 28.5285
Epoch: 726, Loss: 28.5278
Epoch: 731, Loss: 28.5275
Epoch: 736, Loss: 28.5274
Epoch: 741, Loss: 28.5274
Epoch: 746, Loss: 28.5275
Epoch: 751, Loss: 28.5277
Epoch: 756, Loss: 28.5284
Epoch: 761, Loss: 28.5294
Epoch: 766, Loss: 28.5279
Epoch: 771, Loss: 28.5274
Epoch: 776, Loss: 28.5274
Epoch: 781, Loss: 28.5276
Epoch: 786, Loss: 28.5280
Epoch: 791, Loss: 28.5284
Epoch: 796, Loss: 28.5283
Epoch: 801, Loss: 28.5277
Epoch: 806, Loss: 28.5275
Epoch: 811, Loss: 28.5274
Epoch: 816, Loss: 28.5274
Epoch: 821, Loss: 28.5275
Epoch: 826, Loss: 28.5276
Epoch: 831, Loss: 28.5283
Epoch: 836, Loss: 28.5296
Epoch: 841, Loss: 28.5280
Epoch: 846, Loss: 28.5274
Epoch: 851, Loss: 28.5275
Epoch: 856, Loss: 28.5277
Epoch: 861, Loss: 28.5283
Epoch: 866, Loss: 28.5283
Epoch: 871, Loss: 28.5280
Epoch: 876, Loss: 28.5276
Epoch: 881, Loss: 28.5275
Epoch: 886, Loss: 28.5275
Epoch: 891, Loss: 28.5275
Epoch: 896, Loss: 28.5277
Epoch: 901, Loss: 28.5285
Epoch: 906, Loss: 28.5288
Epoch: 911, Loss: 28.5280
Epoch: 916, Loss: 28.5275
Epoch: 921, Loss: 28.5274
Epoch: 926, Loss: 28.5275
Epoch: 931, Loss: 28.5276
Epoch: 936, Loss: 28.5282
Epoch: 941, Loss: 28.5287
Epoch: 946, Loss: 28.5283
Epoch: 951, Loss: 28.5276
Epoch: 956, Loss: 28.5274
Epoch: 961, Loss: 28.5274
Epoch: 966, Loss: 28.5275
Epoch: 971, Loss: 28.5276
Epoch: 976, Loss: 28.5282
Epoch: 981, Loss: 28.5293
Epoch: 986, Loss: 28.5281
Epoch: 991, Loss: 28.5275
Epoch: 996, Loss: 28.5274
Epoch: 1001, Loss: 28.5275
Elapsed time 0.1780 min
test data and predicted data:

avg Test Accuracy: 0.8439  avg Test AUC: 0.8967  avg Test PRE: 0.8379
