====================================================================================================
data: HeteroData(
  drug={
    node_id=[6823],
    x=[6823, 12],
  },
  protein={
    node_id=[4650],
    x=[4650, 20],
  },
  (drug, interaction, protein)={ edge_index=[2, 23705] },
  (protein, rev_interaction, drug)={ edge_index=[2, 23705] }
)
====================================================================================================
****************************************************************************************************
train data: HeteroData(
  drug={
    node_id=[6823],
    x=[6823, 12],
  },
  protein={
    node_id=[4650],
    x=[4650, 20],
  },
  (drug, interaction, protein)={
    edge_index=[2, 13276],
    edge_label=[9954],
    edge_label_index=[2, 9954],
  },
  (protein, rev_interaction, drug)={ edge_index=[2, 13276] }
)
****************************************************************************************************
val data: HeteroData(
  drug={
    node_id=[6823],
    x=[6823, 12],
  },
  protein={
    node_id=[4650],
    x=[4650, 20],
  },
  (drug, interaction, protein)={
    edge_index=[2, 16594],
    edge_label=[7110],
    edge_label_index=[2, 7110],
  },
  (protein, rev_interaction, drug)={ edge_index=[2, 16594] }
)
****************************************************************************************************
test data: HeteroData(
  drug={
    node_id=[6823],
    x=[6823, 12],
  },
  protein={
    node_id=[4650],
    x=[4650, 20],
  },
  (drug, interaction, protein)={
    edge_index=[2, 18964],
    edge_label=[14223],
    edge_label_index=[2, 14223],
  },
  (protein, rev_interaction, drug)={ edge_index=[2, 18964] }
)
****************************************************************************************************
edge_x: torch.Size([9954, 32])
labels: torch.Size([9954])
edge_x: torch.Size([7110, 32])
labels: torch.Size([7110])
edge_x: torch.Size([14223, 32])
labels: torch.Size([14223])
model: HGT(
  (lin_dict): ModuleDict(
    (drug): Linear(-1, 32, bias=True)
    (protein): Linear(-1, 32, bias=True)
  )
  (convs): ModuleList(
    (0-1): 2 x HGTConv(-1, 32, heads=2)
  )
  (lin): Linear(64, 1, bias=True)
)
Epoch: 6, Loss: 0.6360
Epoch: 11, Loss: 0.6276
Epoch: 16, Loss: 0.6314
Epoch: 21, Loss: 0.5884
Epoch: 26, Loss: 0.5403
Epoch: 31, Loss: 0.5295
Epoch: 36, Loss: 0.5243
Epoch: 41, Loss: 0.5219
Epoch: 46, Loss: 0.5193
Epoch: 51, Loss: 0.5182
Epoch: 56, Loss: 0.5156
Epoch: 61, Loss: 0.5149
Epoch: 66, Loss: 0.5141
Epoch: 71, Loss: 0.5131
Epoch: 76, Loss: 0.5125
Epoch: 81, Loss: 0.5110
Epoch: 86, Loss: 0.5120
Epoch: 91, Loss: 0.5090
Epoch: 96, Loss: 0.5072
Epoch: 101, Loss: 0.5062
Epoch: 106, Loss: 0.5036
Epoch: 111, Loss: 0.5040
Epoch: 116, Loss: 0.5024
Epoch: 121, Loss: 0.4943
Epoch: 126, Loss: 0.4956
Epoch: 131, Loss: 0.4889
Epoch: 136, Loss: 0.4890
Epoch: 141, Loss: 0.4866
Epoch: 146, Loss: 0.4845
Epoch: 151, Loss: 0.4860
Epoch: 156, Loss: 0.5014
Epoch: 161, Loss: 0.4967
Epoch: 166, Loss: 0.4914
Epoch: 171, Loss: 0.4876
Epoch: 176, Loss: 0.4829
Epoch: 181, Loss: 0.4902
Epoch: 186, Loss: 0.5380
Epoch: 191, Loss: 0.5122
Epoch: 196, Loss: 0.5018
Epoch: 201, Loss: 0.4882
Epoch: 206, Loss: 0.4898
Epoch: 211, Loss: 0.4865
Epoch: 216, Loss: 0.4852
Epoch: 221, Loss: 0.4837
Epoch: 226, Loss: 0.4815
Epoch: 231, Loss: 0.4881
Epoch: 236, Loss: 0.4863
Epoch: 241, Loss: 0.4858
Epoch: 246, Loss: 0.4859
Epoch: 251, Loss: 0.4841
Epoch: 256, Loss: 0.4846
Epoch: 261, Loss: 0.4843
Epoch: 266, Loss: 0.4828
Epoch: 271, Loss: 0.4827
Epoch: 276, Loss: 0.4834
Epoch: 281, Loss: 0.4825
Epoch: 286, Loss: 0.4814
Epoch: 291, Loss: 0.4805
Epoch: 296, Loss: 0.6952
Epoch: 301, Loss: 0.6970
Epoch: 306, Loss: 0.5085
Epoch: 311, Loss: 0.6452
Epoch: 316, Loss: 0.6524
Epoch: 321, Loss: 0.5568
Epoch: 326, Loss: 0.5176
Epoch: 331, Loss: 0.5158
Epoch: 336, Loss: 0.5146
Epoch: 341, Loss: 0.5129
Epoch: 346, Loss: 0.5122
Epoch: 351, Loss: 0.5111
Epoch: 356, Loss: 0.5103
Epoch: 361, Loss: 0.5092
Epoch: 366, Loss: 0.5062
Epoch: 371, Loss: 0.5115
Epoch: 376, Loss: 0.5089
Epoch: 381, Loss: 0.5093
Epoch: 386, Loss: 0.5079
Epoch: 391, Loss: 0.5072
Epoch: 396, Loss: 0.5065
Epoch: 401, Loss: 0.5007
Epoch: 406, Loss: 1.9053
Epoch: 411, Loss: 0.8646
Epoch: 416, Loss: 0.6833
Epoch: 421, Loss: 0.6305
Epoch: 426, Loss: 0.6366
Epoch: 431, Loss: 0.6376
Epoch: 436, Loss: 0.6343
Epoch: 441, Loss: 0.6301
Epoch: 446, Loss: 0.6286
Epoch: 451, Loss: 0.6276
Epoch: 456, Loss: 0.6269
Epoch: 461, Loss: 0.6264
Epoch: 466, Loss: 0.6260
Epoch: 471, Loss: 0.6257
Epoch: 476, Loss: 0.6254
Epoch: 481, Loss: 0.6251
Epoch: 486, Loss: 0.6248
Epoch: 491, Loss: 0.6245
Epoch: 496, Loss: 0.6241
Epoch: 501, Loss: 0.6237
Epoch: 506, Loss: 0.6232
Epoch: 511, Loss: 0.6228
Epoch: 516, Loss: 0.6222
Epoch: 521, Loss: 0.6214
Epoch: 526, Loss: 0.6195
Epoch: 531, Loss: 0.6168
Epoch: 536, Loss: 0.6104
Epoch: 541, Loss: 0.6052
Epoch: 546, Loss: 0.7519
Epoch: 551, Loss: 0.6931
Epoch: 556, Loss: 0.6176
Epoch: 561, Loss: 0.6169
Epoch: 566, Loss: 0.6160
Epoch: 571, Loss: 0.6176
Epoch: 576, Loss: 0.6149
Epoch: 581, Loss: 0.6125
Epoch: 586, Loss: 0.6116
Epoch: 591, Loss: 0.6105
Epoch: 596, Loss: 0.6094
Epoch: 601, Loss: 0.6085
Epoch: 606, Loss: 0.6077
Epoch: 611, Loss: 0.6070
Epoch: 616, Loss: 0.6064
Epoch: 621, Loss: 0.6059
Epoch: 626, Loss: 0.6055
Epoch: 631, Loss: 0.6052
Epoch: 636, Loss: 0.6049
Epoch: 641, Loss: 0.6047
Epoch: 646, Loss: 0.6045
Epoch: 651, Loss: 0.6043
Epoch: 656, Loss: 0.6042
Epoch: 661, Loss: 0.6040
Epoch: 666, Loss: 0.6039
Epoch: 671, Loss: 0.6038
Epoch: 676, Loss: 0.6037
Epoch: 681, Loss: 0.6036
Epoch: 686, Loss: 0.6035
Epoch: 691, Loss: 0.6034
Epoch: 696, Loss: 0.6033
Epoch: 701, Loss: 0.6032
Epoch: 706, Loss: 0.6031
Epoch: 711, Loss: 0.6030
Epoch: 716, Loss: 0.6030
Epoch: 721, Loss: 0.6029
Epoch: 726, Loss: 0.6028
Epoch: 731, Loss: 0.6027
Epoch: 736, Loss: 0.6027
Epoch: 741, Loss: 0.6026
Epoch: 746, Loss: 0.6026
Epoch: 751, Loss: 0.6025
Epoch: 756, Loss: 0.6024
Epoch: 761, Loss: 0.6024
Epoch: 766, Loss: 0.6023
Epoch: 771, Loss: 0.6023
Epoch: 776, Loss: 0.6022
Epoch: 781, Loss: 0.6021
Epoch: 786, Loss: 0.6020
Epoch: 791, Loss: 0.6019
Epoch: 796, Loss: 0.6017
Epoch: 801, Loss: 0.6014
Epoch: 806, Loss: 0.6013
Epoch: 811, Loss: 0.6012
Epoch: 816, Loss: 0.6012
Epoch: 821, Loss: 0.6011
Epoch: 826, Loss: 0.6011
Epoch: 831, Loss: 0.6011
Epoch: 836, Loss: 0.6012
Epoch: 841, Loss: 0.6010
Epoch: 846, Loss: 0.6009
Epoch: 851, Loss: 0.6007
Epoch: 856, Loss: 0.6007
Epoch: 861, Loss: 0.6006
Epoch: 866, Loss: 0.6006
Epoch: 871, Loss: 0.6005
Epoch: 876, Loss: 0.6004
Epoch: 881, Loss: 0.6004
Epoch: 886, Loss: 0.6003
Epoch: 891, Loss: 0.6002
Epoch: 896, Loss: 0.6002
Epoch: 901, Loss: 0.6001
Epoch: 906, Loss: 0.6000
Epoch: 911, Loss: 0.6000
Epoch: 916, Loss: 0.5999
Epoch: 921, Loss: 0.5998
Epoch: 926, Loss: 0.5998
Epoch: 931, Loss: 0.5997
Epoch: 936, Loss: 0.5996
Epoch: 941, Loss: 0.5996
Epoch: 946, Loss: 0.5995
Epoch: 951, Loss: 0.5994
Epoch: 956, Loss: 0.5994
Epoch: 961, Loss: 0.5993
Epoch: 966, Loss: 0.5992
Epoch: 971, Loss: 0.5991
Epoch: 976, Loss: 0.5991
Epoch: 981, Loss: 0.5990
Epoch: 986, Loss: 0.5989
Epoch: 991, Loss: 0.5988
Epoch: 996, Loss: 0.5988
Epoch: 1001, Loss: 0.5987
Elapsed time 0.1182 min
test data and predicted data:

Epoch: 6, Loss: 0.5987
Epoch: 11, Loss: 0.5986
Epoch: 16, Loss: 0.5985
Epoch: 21, Loss: 0.5984
Epoch: 26, Loss: 0.5983
Epoch: 31, Loss: 0.5982
Epoch: 36, Loss: 0.5982
Epoch: 41, Loss: 0.5981
Epoch: 46, Loss: 0.5980
Epoch: 51, Loss: 0.5980
Epoch: 56, Loss: 0.5981
Epoch: 61, Loss: 0.5978
Epoch: 66, Loss: 0.5977
Epoch: 71, Loss: 0.5976
Epoch: 76, Loss: 0.5975
Epoch: 81, Loss: 0.5974
Epoch: 86, Loss: 0.5973
Epoch: 91, Loss: 0.5972
Epoch: 96, Loss: 0.5972
Epoch: 101, Loss: 0.5970
Epoch: 106, Loss: 0.5970
Epoch: 111, Loss: 0.5969
Epoch: 116, Loss: 0.5968
Epoch: 121, Loss: 0.5967
Epoch: 126, Loss: 0.5966
Epoch: 131, Loss: 0.5965
Epoch: 136, Loss: 0.5964
Epoch: 141, Loss: 0.5963
Epoch: 146, Loss: 0.5962
Epoch: 151, Loss: 0.5961
Epoch: 156, Loss: 0.5961
Epoch: 161, Loss: 0.5960
Epoch: 166, Loss: 0.5961
Epoch: 171, Loss: 0.5964
Epoch: 176, Loss: 0.5958
Epoch: 181, Loss: 0.5955
Epoch: 186, Loss: 0.5954
Epoch: 191, Loss: 0.5953
Epoch: 196, Loss: 0.5952
Epoch: 201, Loss: 0.5951
Epoch: 206, Loss: 0.5950
Epoch: 211, Loss: 0.5948
Epoch: 216, Loss: 0.5947
Epoch: 221, Loss: 0.5946
Epoch: 226, Loss: 0.5945
Epoch: 231, Loss: 0.5944
Epoch: 236, Loss: 0.5942
Epoch: 241, Loss: 0.5941
Epoch: 246, Loss: 0.5940
Epoch: 251, Loss: 0.5939
Epoch: 256, Loss: 0.5938
Epoch: 261, Loss: 0.5936
Epoch: 266, Loss: 0.5936
Epoch: 271, Loss: 0.5935
Epoch: 276, Loss: 0.5933
Epoch: 281, Loss: 0.5932
Epoch: 286, Loss: 0.5933
Epoch: 291, Loss: 0.5930
Epoch: 296, Loss: 0.5928
Epoch: 301, Loss: 0.5927
Epoch: 306, Loss: 0.5926
Epoch: 311, Loss: 0.5924
Epoch: 316, Loss: 0.5923
Epoch: 321, Loss: 0.5921
Epoch: 326, Loss: 0.5920
Epoch: 331, Loss: 0.5919
Epoch: 336, Loss: 0.5918
Epoch: 341, Loss: 0.5917
Epoch: 346, Loss: 0.5916
Epoch: 351, Loss: 0.5919
Epoch: 356, Loss: 0.5913
Epoch: 361, Loss: 0.5913
Epoch: 366, Loss: 0.5910
Epoch: 371, Loss: 0.5908
Epoch: 376, Loss: 0.5907
Epoch: 381, Loss: 0.5906
Epoch: 386, Loss: 0.5905
Epoch: 391, Loss: 0.5903
Epoch: 396, Loss: 0.5902
Epoch: 401, Loss: 0.5900
Epoch: 406, Loss: 0.5899
Epoch: 411, Loss: 0.5898
Epoch: 416, Loss: 0.5897
Epoch: 421, Loss: 0.5896
Epoch: 426, Loss: 0.5893
Epoch: 431, Loss: 0.5892
Epoch: 436, Loss: 0.5900
Epoch: 441, Loss: 0.5889
Epoch: 446, Loss: 0.5888
Epoch: 451, Loss: 0.5886
Epoch: 456, Loss: 0.5885
Epoch: 461, Loss: 0.5884
Epoch: 466, Loss: 0.5882
Epoch: 471, Loss: 0.5881
Epoch: 476, Loss: 0.5880
Epoch: 481, Loss: 0.5878
Epoch: 486, Loss: 0.5876
Epoch: 491, Loss: 0.5875
Epoch: 496, Loss: 0.5874
Epoch: 501, Loss: 0.5873
Epoch: 506, Loss: 0.5871
Epoch: 511, Loss: 0.5870
Epoch: 516, Loss: 0.5868
Epoch: 521, Loss: 0.5867
Epoch: 526, Loss: 0.5865
Epoch: 531, Loss: 0.5864
Epoch: 536, Loss: 0.5863
Epoch: 541, Loss: 0.5862
Epoch: 546, Loss: 0.5860
Epoch: 551, Loss: 0.5859
Epoch: 556, Loss: 0.5858
Epoch: 561, Loss: 0.5856
Epoch: 566, Loss: 0.5855
Epoch: 571, Loss: 0.5853
Epoch: 576, Loss: 0.5858
Epoch: 581, Loss: 0.5852
Epoch: 586, Loss: 0.5850
Epoch: 591, Loss: 0.5850
Epoch: 596, Loss: 0.5850
Epoch: 601, Loss: 0.5847
Epoch: 606, Loss: 0.5845
Epoch: 611, Loss: 0.5844
Epoch: 616, Loss: 0.5843
Epoch: 621, Loss: 0.5841
Epoch: 626, Loss: 0.5840
Epoch: 631, Loss: 0.5839
Epoch: 636, Loss: 0.5838
Epoch: 641, Loss: 0.5840
Epoch: 646, Loss: 0.5837
Epoch: 651, Loss: 0.5835
Epoch: 656, Loss: 0.5834
Epoch: 661, Loss: 0.5833
Epoch: 666, Loss: 0.5831
Epoch: 671, Loss: 0.5831
Epoch: 676, Loss: 0.5834
Epoch: 681, Loss: 0.5830
Epoch: 686, Loss: 0.5828
Epoch: 691, Loss: 0.5831
Epoch: 696, Loss: 0.5826
Epoch: 701, Loss: 0.5824
Epoch: 706, Loss: 0.5825
Epoch: 711, Loss: 0.5824
Epoch: 716, Loss: 0.5822
Epoch: 721, Loss: 0.5821
Epoch: 726, Loss: 0.5820
Epoch: 731, Loss: 0.5819
Epoch: 736, Loss: 0.5818
Epoch: 741, Loss: 0.5818
Epoch: 746, Loss: 0.5821
Epoch: 751, Loss: 0.5816
Epoch: 756, Loss: 0.5816
Epoch: 761, Loss: 0.5816
Epoch: 766, Loss: 0.5815
Epoch: 771, Loss: 0.5813
Epoch: 776, Loss: 0.5812
Epoch: 781, Loss: 0.5811
Epoch: 786, Loss: 0.5810
Epoch: 791, Loss: 0.5809
Epoch: 796, Loss: 0.5808
Epoch: 801, Loss: 0.5810
Epoch: 806, Loss: 0.5808
Epoch: 811, Loss: 0.5808
Epoch: 816, Loss: 0.5806
Epoch: 821, Loss: 0.5807
Epoch: 826, Loss: 0.5808
Epoch: 831, Loss: 0.5804
Epoch: 836, Loss: 0.5803
Epoch: 841, Loss: 0.5801
Epoch: 846, Loss: 0.5801
Epoch: 851, Loss: 0.5800
Epoch: 856, Loss: 0.5803
Epoch: 861, Loss: 0.5802
Epoch: 866, Loss: 0.5800
Epoch: 871, Loss: 0.5799
Epoch: 876, Loss: 0.5802
Epoch: 881, Loss: 0.5797
Epoch: 886, Loss: 0.5794
Epoch: 891, Loss: 0.5795
Epoch: 896, Loss: 0.5796
Epoch: 901, Loss: 0.5793
Epoch: 906, Loss: 0.5791
Epoch: 911, Loss: 0.5791
Epoch: 916, Loss: 0.5791
Epoch: 921, Loss: 0.5789
Epoch: 926, Loss: 0.5791
Epoch: 931, Loss: 0.5783
Epoch: 936, Loss: 0.5786
Epoch: 941, Loss: 0.5817
Epoch: 946, Loss: 0.5782
Epoch: 951, Loss: 0.5769
Epoch: 956, Loss: 0.5742
Epoch: 961, Loss: 0.5718
Epoch: 966, Loss: 0.5691
Epoch: 971, Loss: 0.5686
Epoch: 976, Loss: 0.5974
Epoch: 981, Loss: 0.5819
Epoch: 986, Loss: 0.5645
Epoch: 991, Loss: 0.5423
Epoch: 996, Loss: 0.5628
Epoch: 1001, Loss: 0.5527
Elapsed time 0.1157 min
test data and predicted data:

Epoch: 6, Loss: 0.5244
Epoch: 11, Loss: 0.5288
Epoch: 16, Loss: 0.5328
Epoch: 21, Loss: 0.5265
Epoch: 26, Loss: 0.5138
Epoch: 31, Loss: 0.5102
Epoch: 36, Loss: 0.5068
Epoch: 41, Loss: 0.5062
Epoch: 46, Loss: 0.5055
Epoch: 51, Loss: 0.5043
Epoch: 56, Loss: 0.5040
Epoch: 61, Loss: 0.5032
Epoch: 66, Loss: 0.5023
Epoch: 71, Loss: 0.5017
Epoch: 76, Loss: 0.5013
Epoch: 81, Loss: 0.5009
Epoch: 86, Loss: 0.5004
Epoch: 91, Loss: 0.4999
Epoch: 96, Loss: 0.4990
Epoch: 101, Loss: 0.4977
Epoch: 106, Loss: 0.4956
Epoch: 111, Loss: 0.4929
Epoch: 116, Loss: 0.4911
Epoch: 121, Loss: 0.4897
Epoch: 126, Loss: 0.4895
Epoch: 131, Loss: 0.4886
Epoch: 136, Loss: 0.4884
Epoch: 141, Loss: 0.4882
Epoch: 146, Loss: 0.4880
Epoch: 151, Loss: 0.4877
Epoch: 156, Loss: 0.4875
Epoch: 161, Loss: 0.4873
Epoch: 166, Loss: 0.4874
Epoch: 171, Loss: 0.4872
Epoch: 176, Loss: 0.4882
Epoch: 181, Loss: 0.4872
Epoch: 186, Loss: 0.4872
Epoch: 191, Loss: 0.4879
Epoch: 196, Loss: 0.4880
Epoch: 201, Loss: 0.4878
Epoch: 206, Loss: 0.4873
Epoch: 211, Loss: 0.4868
Epoch: 216, Loss: 0.4866
Epoch: 221, Loss: 0.4864
Epoch: 226, Loss: 0.4863
Epoch: 231, Loss: 0.4861
Epoch: 236, Loss: 0.4860
Epoch: 241, Loss: 0.4858
Epoch: 246, Loss: 0.4857
Epoch: 251, Loss: 0.4856
Epoch: 256, Loss: 0.4855
Epoch: 261, Loss: 0.4854
Epoch: 266, Loss: 0.4853
Epoch: 271, Loss: 0.4851
Epoch: 276, Loss: 0.4881
Epoch: 281, Loss: 0.4913
Epoch: 286, Loss: 0.4877
Epoch: 291, Loss: 0.4859
Epoch: 296, Loss: 0.4859
Epoch: 301, Loss: 0.4851
Epoch: 306, Loss: 0.4850
Epoch: 311, Loss: 0.4849
Epoch: 316, Loss: 0.4847
Epoch: 321, Loss: 0.4846
Epoch: 326, Loss: 0.4845
Epoch: 331, Loss: 0.4844
Epoch: 336, Loss: 0.4843
Epoch: 341, Loss: 0.4842
Epoch: 346, Loss: 0.4842
Epoch: 351, Loss: 0.4841
Epoch: 356, Loss: 0.4840
Epoch: 361, Loss: 0.4840
Epoch: 366, Loss: 0.4839
Epoch: 371, Loss: 0.4838
Epoch: 376, Loss: 0.4838
Epoch: 381, Loss: 0.4837
Epoch: 386, Loss: 0.4837
Epoch: 391, Loss: 0.4836
Epoch: 396, Loss: 0.4841
Epoch: 401, Loss: 0.4850
Epoch: 406, Loss: 0.4857
Epoch: 411, Loss: 0.4842
Epoch: 416, Loss: 0.4855
Epoch: 421, Loss: 0.4845
Epoch: 426, Loss: 0.4840
Epoch: 431, Loss: 0.4835
Epoch: 436, Loss: 0.4834
Epoch: 441, Loss: 0.4832
Epoch: 446, Loss: 0.4831
Epoch: 451, Loss: 0.4830
Epoch: 456, Loss: 0.4829
Epoch: 461, Loss: 0.4828
Epoch: 466, Loss: 0.4827
Epoch: 471, Loss: 0.4826
Epoch: 476, Loss: 0.4825
Epoch: 481, Loss: 0.4824
Epoch: 486, Loss: 0.4824
Epoch: 491, Loss: 0.4823
Epoch: 496, Loss: 0.4822
Epoch: 501, Loss: 0.4822
Epoch: 506, Loss: 0.4821
Epoch: 511, Loss: 0.4820
Epoch: 516, Loss: 0.4819
Epoch: 521, Loss: 0.4819
Epoch: 526, Loss: 0.4818
Epoch: 531, Loss: 0.4817
Epoch: 536, Loss: 0.4816
Epoch: 541, Loss: 0.4815
Epoch: 546, Loss: 0.4814
Epoch: 551, Loss: 0.4812
Epoch: 556, Loss: 0.4811
Epoch: 561, Loss: 0.4809
Epoch: 566, Loss: 0.4807
Epoch: 571, Loss: 0.4805
Epoch: 576, Loss: 0.4804
Epoch: 581, Loss: 0.4803
Epoch: 586, Loss: 0.4803
Epoch: 591, Loss: 0.4798
Epoch: 596, Loss: 0.4797
Epoch: 601, Loss: 0.4800
Epoch: 606, Loss: 0.4796
Epoch: 611, Loss: 0.4794
Epoch: 616, Loss: 0.4793
Epoch: 621, Loss: 0.4790
Epoch: 626, Loss: 0.4790
Epoch: 631, Loss: 0.4788
Epoch: 636, Loss: 0.4791
Epoch: 641, Loss: 0.4811
Epoch: 646, Loss: 0.4803
Epoch: 651, Loss: 0.4796
Epoch: 656, Loss: 0.4789
Epoch: 661, Loss: 0.4785
Epoch: 666, Loss: 0.4784
Epoch: 671, Loss: 0.4786
Epoch: 676, Loss: 0.4784
Epoch: 681, Loss: 0.4781
Epoch: 686, Loss: 0.4781
Epoch: 691, Loss: 0.4781
Epoch: 696, Loss: 0.4780
Epoch: 701, Loss: 0.4780
Epoch: 706, Loss: 0.4779
Epoch: 711, Loss: 0.4781
Epoch: 716, Loss: 0.4779
Epoch: 721, Loss: 0.4781
Epoch: 726, Loss: 0.4778
Epoch: 731, Loss: 0.4777
Epoch: 736, Loss: 0.4777
Epoch: 741, Loss: 0.4777
Epoch: 746, Loss: 0.4775
Epoch: 751, Loss: 0.4775
Epoch: 756, Loss: 0.4777
Epoch: 761, Loss: 0.4775
Epoch: 766, Loss: 0.4773
Epoch: 771, Loss: 0.4773
Epoch: 776, Loss: 0.4773
Epoch: 781, Loss: 0.4774
Epoch: 786, Loss: 0.4772
Epoch: 791, Loss: 0.4774
Epoch: 796, Loss: 0.4771
Epoch: 801, Loss: 0.4772
Epoch: 806, Loss: 0.4775
Epoch: 811, Loss: 0.4770
Epoch: 816, Loss: 0.4770
Epoch: 821, Loss: 0.4775
Epoch: 826, Loss: 0.4775
Epoch: 831, Loss: 0.4768
Epoch: 836, Loss: 0.4776
Epoch: 841, Loss: 0.4767
Epoch: 846, Loss: 0.4771
Epoch: 851, Loss: 0.4769
Epoch: 856, Loss: 0.4766
Epoch: 861, Loss: 0.4769
Epoch: 866, Loss: 0.4765
Epoch: 871, Loss: 0.4765
Epoch: 876, Loss: 0.4777
Epoch: 881, Loss: 0.4768
Epoch: 886, Loss: 0.4791
Epoch: 891, Loss: 0.4766
Epoch: 896, Loss: 0.4762
Epoch: 901, Loss: 0.4765
Epoch: 906, Loss: 0.4761
Epoch: 911, Loss: 0.4762
Epoch: 916, Loss: 0.4761
Epoch: 921, Loss: 0.4761
Epoch: 926, Loss: 0.4827
Epoch: 931, Loss: 0.5041
Epoch: 936, Loss: 0.5578
Epoch: 941, Loss: 0.5205
Epoch: 946, Loss: 0.5085
Epoch: 951, Loss: 0.4912
Epoch: 956, Loss: 0.4864
Epoch: 961, Loss: 0.4843
Epoch: 966, Loss: 0.4827
Epoch: 971, Loss: 0.4821
Epoch: 976, Loss: 0.4817
Epoch: 981, Loss: 0.4809
Epoch: 986, Loss: 0.4803
Epoch: 991, Loss: 0.4797
Epoch: 996, Loss: 0.4791
Epoch: 1001, Loss: 0.4786
Elapsed time 0.1203 min
test data and predicted data:

Epoch: 6, Loss: 0.4781
Epoch: 11, Loss: 0.4777
Epoch: 16, Loss: 0.4774
Epoch: 21, Loss: 0.4772
Epoch: 26, Loss: 0.4771
Epoch: 31, Loss: 0.4769
Epoch: 36, Loss: 0.4769
Epoch: 41, Loss: 0.4769
Epoch: 46, Loss: 0.4770
Epoch: 51, Loss: 0.4774
Epoch: 56, Loss: 0.4771
Epoch: 61, Loss: 0.4772
Epoch: 66, Loss: 0.4772
Epoch: 71, Loss: 0.4768
Epoch: 76, Loss: 0.4766
Epoch: 81, Loss: 0.4765
Epoch: 86, Loss: 0.4764
Epoch: 91, Loss: 0.4764
Epoch: 96, Loss: 0.4763
Epoch: 101, Loss: 0.4763
Epoch: 106, Loss: 0.4762
Epoch: 111, Loss: 0.4762
Epoch: 116, Loss: 0.4762
Epoch: 121, Loss: 0.4761
Epoch: 126, Loss: 0.4761
Epoch: 131, Loss: 0.4760
Epoch: 136, Loss: 0.4760
Epoch: 141, Loss: 0.4759
Epoch: 146, Loss: 0.4759
Epoch: 151, Loss: 0.4758
Epoch: 156, Loss: 0.4758
Epoch: 161, Loss: 0.4758
Epoch: 166, Loss: 0.4757
Epoch: 171, Loss: 0.4757
Epoch: 176, Loss: 0.4756
Epoch: 181, Loss: 0.4762
Epoch: 186, Loss: 0.4764
Epoch: 191, Loss: 0.4758
Epoch: 196, Loss: 0.4755
Epoch: 201, Loss: 0.4757
Epoch: 206, Loss: 0.4755
Epoch: 211, Loss: 0.4754
Epoch: 216, Loss: 0.4753
Epoch: 221, Loss: 0.4753
Epoch: 226, Loss: 0.4752
Epoch: 231, Loss: 0.4752
Epoch: 236, Loss: 0.4752
Epoch: 241, Loss: 0.4751
Epoch: 246, Loss: 0.4751
Epoch: 251, Loss: 0.4750
Epoch: 256, Loss: 0.4750
Epoch: 261, Loss: 0.4751
Epoch: 266, Loss: 0.4753
Epoch: 271, Loss: 0.4750
Epoch: 276, Loss: 0.4749
Epoch: 281, Loss: 0.4749
Epoch: 286, Loss: 0.4749
Epoch: 291, Loss: 0.4748
Epoch: 296, Loss: 0.4748
Epoch: 301, Loss: 0.4747
Epoch: 306, Loss: 0.4747
Epoch: 311, Loss: 0.4746
Epoch: 316, Loss: 0.4746
Epoch: 321, Loss: 0.4745
Epoch: 326, Loss: 0.4745
Epoch: 331, Loss: 0.4745
Epoch: 336, Loss: 0.4746
Epoch: 341, Loss: 0.4760
Epoch: 346, Loss: 0.4745
Epoch: 351, Loss: 0.4745
Epoch: 356, Loss: 0.4748
Epoch: 361, Loss: 0.4744
Epoch: 366, Loss: 0.4742
Epoch: 371, Loss: 0.4742
Epoch: 376, Loss: 0.4741
Epoch: 381, Loss: 0.4740
Epoch: 386, Loss: 0.4740
Epoch: 391, Loss: 0.4739
Epoch: 396, Loss: 0.4739
Epoch: 401, Loss: 0.4738
Epoch: 406, Loss: 0.4738
Epoch: 411, Loss: 0.4737
Epoch: 416, Loss: 0.4737
Epoch: 421, Loss: 0.4736
Epoch: 426, Loss: 0.4736
Epoch: 431, Loss: 0.4735
Epoch: 436, Loss: 0.4755
Epoch: 441, Loss: 0.4743
Epoch: 446, Loss: 0.4741
Epoch: 451, Loss: 0.4737
Epoch: 456, Loss: 0.4736
Epoch: 461, Loss: 0.4734
Epoch: 466, Loss: 0.4733
Epoch: 471, Loss: 0.4732
Epoch: 476, Loss: 0.4732
Epoch: 481, Loss: 0.4731
Epoch: 486, Loss: 0.4730
Epoch: 491, Loss: 0.4730
Epoch: 496, Loss: 0.4729
Epoch: 501, Loss: 0.4729
Epoch: 506, Loss: 0.4729
Epoch: 511, Loss: 0.4728
Epoch: 516, Loss: 0.4728
Epoch: 521, Loss: 0.4728
Epoch: 526, Loss: 0.4733
Epoch: 531, Loss: 0.4748
Epoch: 536, Loss: 0.4733
Epoch: 541, Loss: 0.4727
Epoch: 546, Loss: 0.4728
Epoch: 551, Loss: 0.4730
Epoch: 556, Loss: 0.4726
Epoch: 561, Loss: 0.4727
Epoch: 566, Loss: 0.4725
Epoch: 571, Loss: 0.4725
Epoch: 576, Loss: 0.4724
Epoch: 581, Loss: 0.4723
Epoch: 586, Loss: 0.4723
Epoch: 591, Loss: 0.4724
Epoch: 596, Loss: 0.4761
Epoch: 601, Loss: 0.4725
Epoch: 606, Loss: 0.4728
Epoch: 611, Loss: 0.4734
Epoch: 616, Loss: 0.4731
Epoch: 621, Loss: 0.4726
Epoch: 626, Loss: 0.4724
Epoch: 631, Loss: 0.4722
Epoch: 636, Loss: 0.4722
Epoch: 641, Loss: 0.4721
Epoch: 646, Loss: 0.4721
Epoch: 651, Loss: 0.4721
Epoch: 656, Loss: 0.4720
Epoch: 661, Loss: 0.4720
Epoch: 666, Loss: 0.4719
Epoch: 671, Loss: 0.4719
Epoch: 676, Loss: 0.4719
Epoch: 681, Loss: 0.4721
Epoch: 686, Loss: 0.4744
Epoch: 691, Loss: 0.4721
Epoch: 696, Loss: 0.4730
Epoch: 701, Loss: 0.4729
Epoch: 706, Loss: 0.4725
Epoch: 711, Loss: 0.4719
Epoch: 716, Loss: 0.4718
Epoch: 721, Loss: 0.4720
Epoch: 726, Loss: 0.4717
Epoch: 731, Loss: 0.4717
Epoch: 736, Loss: 0.4716
Epoch: 741, Loss: 0.4717
Epoch: 746, Loss: 0.4717
Epoch: 751, Loss: 0.4730
Epoch: 756, Loss: 0.4732
Epoch: 761, Loss: 0.4730
Epoch: 766, Loss: 0.4722
Epoch: 771, Loss: 0.4716
Epoch: 776, Loss: 0.4716
Epoch: 781, Loss: 0.4721
Epoch: 786, Loss: 0.4714
Epoch: 791, Loss: 0.4717
Epoch: 796, Loss: 0.4715
Epoch: 801, Loss: 0.4716
Epoch: 806, Loss: 0.4714
Epoch: 811, Loss: 0.4715
Epoch: 816, Loss: 0.4743
Epoch: 821, Loss: 0.4717
Epoch: 826, Loss: 0.4713
Epoch: 831, Loss: 0.4713
Epoch: 836, Loss: 0.4713
Epoch: 841, Loss: 0.4714
Epoch: 846, Loss: 0.4714
Epoch: 851, Loss: 0.4711
Epoch: 856, Loss: 0.4712
Epoch: 861, Loss: 0.4710
Epoch: 866, Loss: 0.4710
Epoch: 871, Loss: 0.4709
Epoch: 876, Loss: 0.4711
Epoch: 881, Loss: 0.4840
Epoch: 886, Loss: 0.4908
Epoch: 891, Loss: 0.4778
Epoch: 896, Loss: 0.4796
Epoch: 901, Loss: 0.4742
Epoch: 906, Loss: 0.4732
Epoch: 911, Loss: 0.4732
Epoch: 916, Loss: 0.4722
Epoch: 921, Loss: 0.4723
Epoch: 926, Loss: 0.4717
Epoch: 931, Loss: 0.4716
Epoch: 936, Loss: 0.4715
Epoch: 941, Loss: 0.4714
Epoch: 946, Loss: 0.4713
Epoch: 951, Loss: 0.4712
Epoch: 956, Loss: 0.4711
Epoch: 961, Loss: 0.4710
Epoch: 966, Loss: 0.4709
Epoch: 971, Loss: 0.4709
Epoch: 976, Loss: 0.4708
Epoch: 981, Loss: 0.4706
Epoch: 986, Loss: 0.4705
Epoch: 991, Loss: 0.4704
Epoch: 996, Loss: 0.4703
Epoch: 1001, Loss: 0.4701
Elapsed time 0.1232 min
test data and predicted data:

Epoch: 6, Loss: 0.4700
Epoch: 11, Loss: 0.4699
Epoch: 16, Loss: 0.4698
Epoch: 21, Loss: 0.4698
Epoch: 26, Loss: 0.4697
Epoch: 31, Loss: 0.4697
Epoch: 36, Loss: 0.4696
Epoch: 41, Loss: 0.4695
Epoch: 46, Loss: 0.4694
Epoch: 51, Loss: 0.4694
Epoch: 56, Loss: 0.4693
Epoch: 61, Loss: 0.4693
Epoch: 66, Loss: 0.4692
Epoch: 71, Loss: 0.4692
Epoch: 76, Loss: 0.4691
Epoch: 81, Loss: 0.4691
Epoch: 86, Loss: 0.4690
Epoch: 91, Loss: 0.4690
Epoch: 96, Loss: 0.4690
Epoch: 101, Loss: 0.4689
Epoch: 106, Loss: 0.4689
Epoch: 111, Loss: 0.4689
Epoch: 116, Loss: 0.4689
Epoch: 121, Loss: 0.4688
Epoch: 126, Loss: 0.4688
Epoch: 131, Loss: 0.4688
Epoch: 136, Loss: 0.4687
Epoch: 141, Loss: 0.4687
Epoch: 146, Loss: 0.4687
Epoch: 151, Loss: 0.4687
Epoch: 156, Loss: 0.4686
Epoch: 161, Loss: 0.4686
Epoch: 166, Loss: 0.4686
Epoch: 171, Loss: 0.4685
Epoch: 176, Loss: 0.4685
Epoch: 181, Loss: 0.4685
Epoch: 186, Loss: 0.4685
Epoch: 191, Loss: 0.4684
Epoch: 196, Loss: 0.4684
Epoch: 201, Loss: 0.4684
Epoch: 206, Loss: 0.4684
Epoch: 211, Loss: 0.4687
Epoch: 216, Loss: 0.4701
Epoch: 221, Loss: 0.4685
Epoch: 226, Loss: 0.4685
Epoch: 231, Loss: 0.4687
Epoch: 236, Loss: 0.4683
Epoch: 241, Loss: 0.4684
Epoch: 246, Loss: 0.4682
Epoch: 251, Loss: 0.4683
Epoch: 256, Loss: 0.4682
Epoch: 261, Loss: 0.4682
Epoch: 266, Loss: 0.4682
Epoch: 271, Loss: 0.4682
Epoch: 276, Loss: 0.4686
Epoch: 281, Loss: 0.4703
Epoch: 286, Loss: 0.4681
Epoch: 291, Loss: 0.4687
Epoch: 296, Loss: 0.4681
Epoch: 301, Loss: 0.4683
Epoch: 306, Loss: 0.4680
Epoch: 311, Loss: 0.4681
Epoch: 316, Loss: 0.4680
Epoch: 321, Loss: 0.4679
Epoch: 326, Loss: 0.4680
Epoch: 331, Loss: 0.4681
Epoch: 336, Loss: 0.4693
Epoch: 341, Loss: 0.4691
Epoch: 346, Loss: 0.4682
Epoch: 351, Loss: 0.4681
Epoch: 356, Loss: 0.4680
Epoch: 361, Loss: 0.4681
Epoch: 366, Loss: 0.4678
Epoch: 371, Loss: 0.4678
Epoch: 376, Loss: 0.4679
Epoch: 381, Loss: 0.4680
Epoch: 386, Loss: 0.4683
Epoch: 391, Loss: 0.4689
Epoch: 396, Loss: 0.4680
Epoch: 401, Loss: 0.4677
Epoch: 406, Loss: 0.4680
Epoch: 411, Loss: 0.4680
Epoch: 416, Loss: 0.4678
Epoch: 421, Loss: 0.4677
Epoch: 426, Loss: 0.4677
Epoch: 431, Loss: 0.4680
Epoch: 436, Loss: 0.4697
Epoch: 441, Loss: 0.4683
Epoch: 446, Loss: 0.4683
Epoch: 451, Loss: 0.4676
Epoch: 456, Loss: 0.4679
Epoch: 461, Loss: 0.4675
Epoch: 466, Loss: 0.4677
Epoch: 471, Loss: 0.4675
Epoch: 476, Loss: 0.4675
Epoch: 481, Loss: 0.4675
Epoch: 486, Loss: 0.4677
Epoch: 491, Loss: 0.4685
Epoch: 496, Loss: 0.4686
Epoch: 501, Loss: 0.4674
Epoch: 506, Loss: 0.4678
Epoch: 511, Loss: 0.4675
Epoch: 516, Loss: 0.4673
Epoch: 521, Loss: 0.4675
Epoch: 526, Loss: 0.4676
Epoch: 531, Loss: 0.4678
Epoch: 536, Loss: 0.4681
Epoch: 541, Loss: 0.4678
Epoch: 546, Loss: 0.4673
Epoch: 551, Loss: 0.4672
Epoch: 556, Loss: 0.4674
Epoch: 561, Loss: 0.4682
Epoch: 566, Loss: 0.4691
Epoch: 571, Loss: 0.4671
Epoch: 576, Loss: 0.4678
Epoch: 581, Loss: 0.4671
Epoch: 586, Loss: 0.4674
Epoch: 591, Loss: 0.4671
Epoch: 596, Loss: 0.4671
Epoch: 601, Loss: 0.4672
Epoch: 606, Loss: 0.4677
Epoch: 611, Loss: 0.4686
Epoch: 616, Loss: 0.4672
Epoch: 621, Loss: 0.4673
Epoch: 626, Loss: 0.4673
Epoch: 631, Loss: 0.4669
Epoch: 636, Loss: 0.4671
Epoch: 641, Loss: 0.4675
Epoch: 646, Loss: 0.4680
Epoch: 651, Loss: 0.4671
Epoch: 656, Loss: 0.4670
Epoch: 661, Loss: 0.4675
Epoch: 666, Loss: 0.4675
Epoch: 671, Loss: 0.4669
Epoch: 676, Loss: 0.4672
Epoch: 681, Loss: 0.4680
Epoch: 686, Loss: 0.4672
Epoch: 691, Loss: 0.4673
Epoch: 696, Loss: 0.4673
Epoch: 701, Loss: 0.4667
Epoch: 706, Loss: 0.4670
Epoch: 711, Loss: 0.4670
Epoch: 716, Loss: 0.4667
Epoch: 721, Loss: 0.4666
Epoch: 726, Loss: 0.4668
Epoch: 731, Loss: 0.4690
Epoch: 736, Loss: 0.4683
Epoch: 741, Loss: 0.4689
Epoch: 746, Loss: 0.4672
Epoch: 751, Loss: 0.4675
Epoch: 756, Loss: 0.4674
Epoch: 761, Loss: 0.4680
Epoch: 766, Loss: 0.4669
Epoch: 771, Loss: 0.4666
Epoch: 776, Loss: 0.4666
Epoch: 781, Loss: 0.4666
Epoch: 786, Loss: 0.4664
Epoch: 791, Loss: 0.4665
Epoch: 796, Loss: 0.4664
Epoch: 801, Loss: 0.4664
Epoch: 806, Loss: 0.4664
Epoch: 811, Loss: 0.4663
Epoch: 816, Loss: 0.4664
Epoch: 821, Loss: 0.4673
Epoch: 826, Loss: 0.4706
Epoch: 831, Loss: 0.4685
Epoch: 836, Loss: 0.4669
Epoch: 841, Loss: 0.4664
Epoch: 846, Loss: 0.4664
Epoch: 851, Loss: 0.4667
Epoch: 856, Loss: 0.4666
Epoch: 861, Loss: 0.4665
Epoch: 866, Loss: 0.4663
Epoch: 871, Loss: 0.4662
Epoch: 876, Loss: 0.4662
Epoch: 881, Loss: 0.4662
Epoch: 886, Loss: 0.4662
Epoch: 891, Loss: 0.4661
Epoch: 896, Loss: 0.4661
Epoch: 901, Loss: 0.4661
Epoch: 906, Loss: 0.4665
Epoch: 911, Loss: 0.4698
Epoch: 916, Loss: 0.4666
Epoch: 921, Loss: 0.4823
Epoch: 926, Loss: 0.6637
Epoch: 931, Loss: 0.7694
Epoch: 936, Loss: 0.7391
Epoch: 941, Loss: 0.6206
Epoch: 946, Loss: 0.6286
Epoch: 951, Loss: 0.6243
Epoch: 956, Loss: 0.6206
Epoch: 961, Loss: 0.6146
Epoch: 966, Loss: 0.6118
Epoch: 971, Loss: 0.6113
Epoch: 976, Loss: 0.6097
Epoch: 981, Loss: 0.6084
Epoch: 986, Loss: 0.6075
Epoch: 991, Loss: 0.6070
Epoch: 996, Loss: 0.6063
Epoch: 1001, Loss: 0.6061
Elapsed time 0.1190 min
test data and predicted data:

Epoch: 6, Loss: 0.6051
Epoch: 11, Loss: 0.6045
Epoch: 16, Loss: 0.6040
Epoch: 21, Loss: 0.6034
Epoch: 26, Loss: 0.6029
Epoch: 31, Loss: 0.6023
Epoch: 36, Loss: 0.6018
Epoch: 41, Loss: 0.6013
Epoch: 46, Loss: 0.6008
Epoch: 51, Loss: 0.6003
Epoch: 56, Loss: 0.5998
Epoch: 61, Loss: 0.5993
Epoch: 66, Loss: 0.5988
Epoch: 71, Loss: 0.5983
Epoch: 76, Loss: 0.5977
Epoch: 81, Loss: 0.5972
Epoch: 86, Loss: 0.5967
Epoch: 91, Loss: 0.5961
Epoch: 96, Loss: 0.5956
Epoch: 101, Loss: 0.5951
Epoch: 106, Loss: 0.5947
Epoch: 111, Loss: 0.5942
Epoch: 116, Loss: 0.5937
Epoch: 121, Loss: 0.5932
Epoch: 126, Loss: 0.5928
Epoch: 131, Loss: 0.5923
Epoch: 136, Loss: 0.5919
Epoch: 141, Loss: 0.5914
Epoch: 146, Loss: 0.5910
Epoch: 151, Loss: 0.5903
Epoch: 156, Loss: 0.5879
Epoch: 161, Loss: 0.5852
Epoch: 166, Loss: 0.5988
Epoch: 171, Loss: 0.5799
Epoch: 176, Loss: 0.5683
Epoch: 181, Loss: 0.5601
Epoch: 186, Loss: 0.5527
Epoch: 191, Loss: 0.5501
Epoch: 196, Loss: 0.5491
Epoch: 201, Loss: 0.5500
Epoch: 206, Loss: 0.5484
Epoch: 211, Loss: 0.5486
Epoch: 216, Loss: 0.5478
Epoch: 221, Loss: 0.5476
Epoch: 226, Loss: 0.5473
Epoch: 231, Loss: 0.5471
Epoch: 236, Loss: 0.5469
Epoch: 241, Loss: 0.5466
Epoch: 246, Loss: 0.5465
Epoch: 251, Loss: 0.5462
Epoch: 256, Loss: 0.5461
Epoch: 261, Loss: 0.5459
Epoch: 266, Loss: 0.5457
Epoch: 271, Loss: 0.5455
Epoch: 276, Loss: 0.5453
Epoch: 281, Loss: 0.5451
Epoch: 286, Loss: 0.5450
Epoch: 291, Loss: 0.5448
Epoch: 296, Loss: 0.5446
Epoch: 301, Loss: 0.5445
Epoch: 306, Loss: 0.5443
Epoch: 311, Loss: 0.5442
Epoch: 316, Loss: 0.5440
Epoch: 321, Loss: 0.5439
Epoch: 326, Loss: 0.5437
Epoch: 331, Loss: 0.5436
Epoch: 336, Loss: 0.5435
Epoch: 341, Loss: 0.5434
Epoch: 346, Loss: 0.5432
Epoch: 351, Loss: 0.5431
Epoch: 356, Loss: 0.5429
Epoch: 361, Loss: 0.5428
Epoch: 366, Loss: 0.5426
Epoch: 371, Loss: 0.5425
Epoch: 376, Loss: 0.5424
Epoch: 381, Loss: 0.5423
Epoch: 386, Loss: 0.5421
Epoch: 391, Loss: 0.5420
Epoch: 396, Loss: 0.5419
Epoch: 401, Loss: 0.5418
Epoch: 406, Loss: 0.5417
Epoch: 411, Loss: 0.5416
Epoch: 416, Loss: 0.5414
Epoch: 421, Loss: 0.5413
Epoch: 426, Loss: 0.5412
Epoch: 431, Loss: 0.5411
Epoch: 436, Loss: 0.5410
Epoch: 441, Loss: 0.5408
Epoch: 446, Loss: 0.5409
Epoch: 451, Loss: 0.5587
Epoch: 456, Loss: 0.5422
Epoch: 461, Loss: 0.5434
Epoch: 466, Loss: 0.5420
Epoch: 471, Loss: 0.5413
Epoch: 476, Loss: 0.5409
Epoch: 481, Loss: 0.5406
Epoch: 486, Loss: 0.5404
Epoch: 491, Loss: 0.5403
Epoch: 496, Loss: 0.5401
Epoch: 501, Loss: 0.5400
Epoch: 506, Loss: 0.5398
Epoch: 511, Loss: 0.5397
Epoch: 516, Loss: 0.5396
Epoch: 521, Loss: 0.5395
Epoch: 526, Loss: 0.5394
Epoch: 531, Loss: 0.5393
Epoch: 536, Loss: 0.5391
Epoch: 541, Loss: 0.5390
Epoch: 546, Loss: 0.5389
Epoch: 551, Loss: 0.5388
Epoch: 556, Loss: 0.5549
Epoch: 561, Loss: 0.5406
Epoch: 566, Loss: 0.5426
Epoch: 571, Loss: 0.5390
Epoch: 576, Loss: 0.5411
Epoch: 581, Loss: 0.5390
Epoch: 586, Loss: 0.5396
Epoch: 591, Loss: 0.5388
Epoch: 596, Loss: 0.5390
Epoch: 601, Loss: 0.5386
Epoch: 606, Loss: 0.5386
Epoch: 611, Loss: 0.5384
Epoch: 616, Loss: 0.5383
Epoch: 621, Loss: 0.5382
Epoch: 626, Loss: 0.5380
Epoch: 631, Loss: 0.5379
Epoch: 636, Loss: 0.5377
Epoch: 641, Loss: 0.5376
Epoch: 646, Loss: 0.5374
Epoch: 651, Loss: 0.5372
Epoch: 656, Loss: 0.5370
Epoch: 661, Loss: 0.5368
Epoch: 666, Loss: 0.5366
Epoch: 671, Loss: 0.5363
Epoch: 676, Loss: 0.5408
Epoch: 681, Loss: 0.5633
Epoch: 686, Loss: 0.5668
Epoch: 691, Loss: 0.5373
Epoch: 696, Loss: 0.5427
Epoch: 701, Loss: 0.5409
Epoch: 706, Loss: 0.5353
Epoch: 711, Loss: 0.5280
Epoch: 716, Loss: 0.5182
Epoch: 721, Loss: 0.5056
Epoch: 726, Loss: 0.5062
Epoch: 731, Loss: 0.5030
Epoch: 736, Loss: 0.4965
Epoch: 741, Loss: 0.4934
Epoch: 746, Loss: 0.4938
Epoch: 751, Loss: 0.4946
Epoch: 756, Loss: 0.4929
Epoch: 761, Loss: 0.4901
Epoch: 766, Loss: 0.4893
Epoch: 771, Loss: 0.4854
Epoch: 776, Loss: 0.4849
Epoch: 781, Loss: 0.4808
Epoch: 786, Loss: 0.4787
Epoch: 791, Loss: 0.4925
Epoch: 796, Loss: 0.4874
Epoch: 801, Loss: 0.4802
Epoch: 806, Loss: 0.4758
Epoch: 811, Loss: 0.4748
Epoch: 816, Loss: 0.4782
Epoch: 821, Loss: 0.4826
Epoch: 826, Loss: 0.4829
Epoch: 831, Loss: 0.4858
Epoch: 836, Loss: 0.4835
Epoch: 841, Loss: 0.4844
Epoch: 846, Loss: 0.4801
Epoch: 851, Loss: 0.4781
Epoch: 856, Loss: 0.4767
Epoch: 861, Loss: 0.4758
Epoch: 866, Loss: 0.4751
Epoch: 871, Loss: 0.4798
Epoch: 876, Loss: 0.4848
Epoch: 881, Loss: 0.4841
Epoch: 886, Loss: 0.4828
Epoch: 891, Loss: 0.5058
Epoch: 896, Loss: 0.4815
Epoch: 901, Loss: 0.4782
Epoch: 906, Loss: 0.4764
Epoch: 911, Loss: 0.4742
Epoch: 916, Loss: 0.4738
Epoch: 921, Loss: 0.4740
Epoch: 926, Loss: 0.4735
Epoch: 931, Loss: 0.4731
Epoch: 936, Loss: 0.4729
Epoch: 941, Loss: 0.4728
Epoch: 946, Loss: 0.4728
Epoch: 951, Loss: 0.4727
Epoch: 956, Loss: 0.4726
Epoch: 961, Loss: 0.4726
Epoch: 966, Loss: 0.4725
Epoch: 971, Loss: 0.4725
Epoch: 976, Loss: 0.4724
Epoch: 981, Loss: 0.4724
Epoch: 986, Loss: 0.4724
Epoch: 991, Loss: 0.4723
Epoch: 996, Loss: 0.4723
Epoch: 1001, Loss: 0.4723
Elapsed time 0.1149 min
test data and predicted data:

Epoch: 6, Loss: 0.4722
Epoch: 11, Loss: 0.4722
Epoch: 16, Loss: 0.4722
Epoch: 21, Loss: 0.4721
Epoch: 26, Loss: 0.4721
Epoch: 31, Loss: 0.4721
Epoch: 36, Loss: 0.4720
Epoch: 41, Loss: 0.4720
Epoch: 46, Loss: 0.4720
Epoch: 51, Loss: 0.4719
Epoch: 56, Loss: 0.4719
Epoch: 61, Loss: 0.4719
Epoch: 66, Loss: 0.4718
Epoch: 71, Loss: 0.4718
Epoch: 76, Loss: 0.4718
Epoch: 81, Loss: 0.4718
Epoch: 86, Loss: 0.4717
Epoch: 91, Loss: 0.4717
Epoch: 96, Loss: 0.4717
Epoch: 101, Loss: 0.4716
Epoch: 106, Loss: 0.4716
Epoch: 111, Loss: 0.4716
Epoch: 116, Loss: 0.4716
Epoch: 121, Loss: 0.4715
Epoch: 126, Loss: 0.4715
Epoch: 131, Loss: 0.4715
Epoch: 136, Loss: 0.4715
Epoch: 141, Loss: 0.4715
Epoch: 146, Loss: 0.4714
Epoch: 151, Loss: 0.4714
Epoch: 156, Loss: 0.4714
Epoch: 161, Loss: 0.4714
Epoch: 166, Loss: 0.4713
Epoch: 171, Loss: 0.4713
Epoch: 176, Loss: 0.4713
Epoch: 181, Loss: 0.4713
Epoch: 186, Loss: 0.4713
Epoch: 191, Loss: 0.4712
Epoch: 196, Loss: 0.4712
Epoch: 201, Loss: 0.4712
Epoch: 206, Loss: 0.4712
Epoch: 211, Loss: 0.4712
Epoch: 216, Loss: 0.4711
Epoch: 221, Loss: 0.4711
Epoch: 226, Loss: 0.4711
Epoch: 231, Loss: 0.4711
Epoch: 236, Loss: 0.4711
Epoch: 241, Loss: 0.4711
Epoch: 246, Loss: 0.4710
Epoch: 251, Loss: 0.4710
Epoch: 256, Loss: 0.4710
Epoch: 261, Loss: 0.4710
Epoch: 266, Loss: 0.4710
Epoch: 271, Loss: 0.4710
Epoch: 276, Loss: 0.4709
Epoch: 281, Loss: 0.4709
Epoch: 286, Loss: 0.4709
Epoch: 291, Loss: 0.4709
Epoch: 296, Loss: 0.4709
Epoch: 301, Loss: 0.4709
Epoch: 306, Loss: 0.4708
Epoch: 311, Loss: 0.4708
Epoch: 316, Loss: 0.4708
Epoch: 321, Loss: 0.4708
Epoch: 326, Loss: 0.4708
Epoch: 331, Loss: 0.4708
Epoch: 336, Loss: 0.4708
Epoch: 341, Loss: 0.4707
Epoch: 346, Loss: 0.4707
Epoch: 351, Loss: 0.4707
Epoch: 356, Loss: 0.4707
Epoch: 361, Loss: 0.4707
Epoch: 366, Loss: 0.4707
Epoch: 371, Loss: 0.4706
Epoch: 376, Loss: 0.4706
Epoch: 381, Loss: 0.4706
Epoch: 386, Loss: 0.4706
Epoch: 391, Loss: 0.4706
Epoch: 396, Loss: 0.4706
Epoch: 401, Loss: 0.4706
Epoch: 406, Loss: 0.4705
Epoch: 411, Loss: 0.4705
Epoch: 416, Loss: 0.4705
Epoch: 421, Loss: 0.4705
Epoch: 426, Loss: 0.4705
Epoch: 431, Loss: 0.4705
Epoch: 436, Loss: 0.4704
Epoch: 441, Loss: 0.4704
Epoch: 446, Loss: 0.4704
Epoch: 451, Loss: 0.4704
Epoch: 456, Loss: 0.4704
Epoch: 461, Loss: 0.4704
Epoch: 466, Loss: 0.4704
Epoch: 471, Loss: 0.4704
Epoch: 476, Loss: 0.4705
Epoch: 481, Loss: 0.4712
Epoch: 486, Loss: 0.4709
Epoch: 491, Loss: 0.4705
Epoch: 496, Loss: 0.4705
Epoch: 501, Loss: 0.4704
Epoch: 506, Loss: 0.4703
Epoch: 511, Loss: 0.4703
Epoch: 516, Loss: 0.4703
Epoch: 521, Loss: 0.4702
Epoch: 526, Loss: 0.4702
Epoch: 531, Loss: 0.4702
Epoch: 536, Loss: 0.4702
Epoch: 541, Loss: 0.4705
Epoch: 546, Loss: 0.4711
Epoch: 551, Loss: 0.4704
Epoch: 556, Loss: 0.4701
Epoch: 561, Loss: 0.4702
Epoch: 566, Loss: 0.4702
Epoch: 571, Loss: 0.4701
Epoch: 576, Loss: 0.4701
Epoch: 581, Loss: 0.4701
Epoch: 586, Loss: 0.4700
Epoch: 591, Loss: 0.4700
Epoch: 596, Loss: 0.4700
Epoch: 601, Loss: 0.4699
Epoch: 606, Loss: 0.4699
Epoch: 611, Loss: 0.4699
Epoch: 616, Loss: 0.4699
Epoch: 621, Loss: 0.4703
Epoch: 626, Loss: 0.4707
Epoch: 631, Loss: 0.4701
Epoch: 636, Loss: 0.4696
Epoch: 641, Loss: 0.4694
Epoch: 646, Loss: 0.4696
Epoch: 651, Loss: 0.4693
Epoch: 656, Loss: 0.4693
Epoch: 661, Loss: 0.4693
Epoch: 666, Loss: 0.4692
Epoch: 671, Loss: 0.4692
Epoch: 676, Loss: 0.4692
Epoch: 681, Loss: 0.4692
Epoch: 686, Loss: 0.4692
Epoch: 691, Loss: 0.4691
Epoch: 696, Loss: 0.4692
Epoch: 701, Loss: 0.4699
Epoch: 706, Loss: 0.4696
Epoch: 711, Loss: 0.4697
Epoch: 716, Loss: 0.4692
Epoch: 721, Loss: 0.4691
Epoch: 726, Loss: 0.4693
Epoch: 731, Loss: 0.4691
Epoch: 736, Loss: 0.4691
Epoch: 741, Loss: 0.4690
Epoch: 746, Loss: 0.4690
Epoch: 751, Loss: 0.4692
Epoch: 756, Loss: 0.4690
Epoch: 761, Loss: 0.4689
Epoch: 766, Loss: 0.4689
Epoch: 771, Loss: 0.4688
Epoch: 776, Loss: 0.4688
Epoch: 781, Loss: 0.4688
Epoch: 786, Loss: 0.4693
Epoch: 791, Loss: 0.4700
Epoch: 796, Loss: 0.4690
Epoch: 801, Loss: 0.4689
Epoch: 806, Loss: 0.4693
Epoch: 811, Loss: 0.4687
Epoch: 816, Loss: 0.4688
Epoch: 821, Loss: 0.4687
Epoch: 826, Loss: 0.4687
Epoch: 831, Loss: 0.4686
Epoch: 836, Loss: 0.4687
Epoch: 841, Loss: 0.4702
Epoch: 846, Loss: 0.4687
Epoch: 851, Loss: 0.4689
Epoch: 856, Loss: 0.4686
Epoch: 861, Loss: 0.4694
Epoch: 866, Loss: 0.4689
Epoch: 871, Loss: 0.4688
Epoch: 876, Loss: 0.4687
Epoch: 881, Loss: 0.4686
Epoch: 886, Loss: 0.4687
Epoch: 891, Loss: 0.4686
Epoch: 896, Loss: 0.4702
Epoch: 901, Loss: 0.4688
Epoch: 906, Loss: 0.4685
Epoch: 911, Loss: 0.4685
Epoch: 916, Loss: 0.4688
Epoch: 921, Loss: 0.4685
Epoch: 926, Loss: 0.4684
Epoch: 931, Loss: 0.4688
Epoch: 936, Loss: 0.4703
Epoch: 941, Loss: 0.4691
Epoch: 946, Loss: 0.4684
Epoch: 951, Loss: 0.4685
Epoch: 956, Loss: 0.4685
Epoch: 961, Loss: 0.4693
Epoch: 966, Loss: 0.4686
Epoch: 971, Loss: 0.4685
Epoch: 976, Loss: 0.4701
Epoch: 981, Loss: 0.4727
Epoch: 986, Loss: 0.4702
Epoch: 991, Loss: 0.4699
Epoch: 996, Loss: 0.4688
Epoch: 1001, Loss: 0.4688
Elapsed time 0.1159 min
test data and predicted data:

Epoch: 6, Loss: 0.4688
Epoch: 11, Loss: 0.4687
Epoch: 16, Loss: 0.4687
Epoch: 21, Loss: 0.4683
Epoch: 26, Loss: 0.4683
Epoch: 31, Loss: 0.4683
Epoch: 36, Loss: 0.4683
Epoch: 41, Loss: 0.4683
Epoch: 46, Loss: 0.4683
Epoch: 51, Loss: 0.4684
Epoch: 56, Loss: 0.4682
Epoch: 61, Loss: 0.4682
Epoch: 66, Loss: 0.4683
Epoch: 71, Loss: 0.4681
Epoch: 76, Loss: 0.4686
Epoch: 81, Loss: 0.4688
Epoch: 86, Loss: 0.4695
Epoch: 91, Loss: 0.4682
Epoch: 96, Loss: 0.4681
Epoch: 101, Loss: 0.4680
Epoch: 106, Loss: 0.4681
Epoch: 111, Loss: 0.4683
Epoch: 116, Loss: 0.4682
Epoch: 121, Loss: 0.4680
Epoch: 126, Loss: 0.4681
Epoch: 131, Loss: 0.4688
Epoch: 136, Loss: 0.4682
Epoch: 141, Loss: 0.4696
Epoch: 146, Loss: 0.4694
Epoch: 151, Loss: 0.4688
Epoch: 156, Loss: 0.4688
Epoch: 161, Loss: 0.4685
Epoch: 166, Loss: 0.4685
Epoch: 171, Loss: 0.4682
Epoch: 176, Loss: 0.4681
Epoch: 181, Loss: 0.4684
Epoch: 186, Loss: 0.4682
Epoch: 191, Loss: 0.4680
Epoch: 196, Loss: 0.4686
Epoch: 201, Loss: 0.4683
Epoch: 206, Loss: 0.4678
Epoch: 211, Loss: 0.4683
Epoch: 216, Loss: 0.4684
Epoch: 221, Loss: 0.4681
Epoch: 226, Loss: 0.4683
Epoch: 231, Loss: 0.4678
Epoch: 236, Loss: 0.4677
Epoch: 241, Loss: 0.4678
Epoch: 246, Loss: 0.4690
Epoch: 251, Loss: 0.4679
Epoch: 256, Loss: 0.4683
Epoch: 261, Loss: 0.4676
Epoch: 266, Loss: 0.4683
Epoch: 271, Loss: 0.4679
Epoch: 276, Loss: 0.4682
Epoch: 281, Loss: 0.4678
Epoch: 286, Loss: 0.4679
Epoch: 291, Loss: 0.4674
Epoch: 296, Loss: 0.4679
Epoch: 301, Loss: 0.4683
Epoch: 306, Loss: 0.4679
Epoch: 311, Loss: 0.4676
Epoch: 316, Loss: 0.4675
Epoch: 321, Loss: 0.4682
Epoch: 326, Loss: 0.4677
Epoch: 331, Loss: 0.4678
Epoch: 336, Loss: 0.4674
Epoch: 341, Loss: 0.4681
Epoch: 346, Loss: 0.4677
Epoch: 351, Loss: 0.4677
Epoch: 356, Loss: 0.4678
Epoch: 361, Loss: 0.4672
Epoch: 366, Loss: 0.4675
Epoch: 371, Loss: 0.4678
Epoch: 376, Loss: 0.4673
Epoch: 381, Loss: 0.4671
Epoch: 386, Loss: 0.4682
Epoch: 391, Loss: 0.4672
Epoch: 396, Loss: 0.4673
Epoch: 401, Loss: 0.4671
Epoch: 406, Loss: 0.4680
Epoch: 411, Loss: 0.4673
Epoch: 416, Loss: 0.4677
Epoch: 421, Loss: 0.4671
Epoch: 426, Loss: 0.4670
Epoch: 431, Loss: 0.4677
Epoch: 436, Loss: 0.4679
Epoch: 441, Loss: 0.4677
Epoch: 446, Loss: 0.4670
Epoch: 451, Loss: 0.4682
Epoch: 456, Loss: 0.4686
Epoch: 461, Loss: 0.4685
Epoch: 466, Loss: 0.4671
Epoch: 471, Loss: 0.4677
Epoch: 476, Loss: 0.4670
Epoch: 481, Loss: 0.4677
Epoch: 486, Loss: 0.4668
Epoch: 491, Loss: 0.4676
Epoch: 496, Loss: 0.4672
Epoch: 501, Loss: 0.4669
Epoch: 506, Loss: 0.4669
Epoch: 511, Loss: 0.4678
Epoch: 516, Loss: 0.4668
Epoch: 521, Loss: 0.4674
Epoch: 526, Loss: 0.4669
Epoch: 531, Loss: 0.4678
Epoch: 536, Loss: 0.4667
Epoch: 541, Loss: 0.4675
Epoch: 546, Loss: 0.4667
Epoch: 551, Loss: 0.4667
Epoch: 556, Loss: 0.4677
Epoch: 561, Loss: 0.4668
Epoch: 566, Loss: 0.4666
Epoch: 571, Loss: 0.4689
Epoch: 576, Loss: 0.4685
Epoch: 581, Loss: 0.4684
Epoch: 586, Loss: 0.4679
Epoch: 591, Loss: 0.4680
Epoch: 596, Loss: 0.4683
Epoch: 601, Loss: 0.4696
Epoch: 606, Loss: 0.4689
Epoch: 611, Loss: 0.4689
Epoch: 616, Loss: 0.4683
Epoch: 621, Loss: 0.4674
Epoch: 626, Loss: 0.4670
Epoch: 631, Loss: 0.4668
Epoch: 636, Loss: 0.4666
Epoch: 641, Loss: 0.4667
Epoch: 646, Loss: 0.4665
Epoch: 651, Loss: 0.4669
Epoch: 656, Loss: 0.4664
Epoch: 661, Loss: 0.4666
Epoch: 666, Loss: 0.4667
Epoch: 671, Loss: 0.4669
Epoch: 676, Loss: 0.4665
Epoch: 681, Loss: 0.4663
Epoch: 686, Loss: 0.4671
Epoch: 691, Loss: 0.4668
Epoch: 696, Loss: 0.4668
Epoch: 701, Loss: 0.4664
Epoch: 706, Loss: 0.4667
Epoch: 711, Loss: 0.4666
Epoch: 716, Loss: 0.4669
Epoch: 721, Loss: 0.4671
Epoch: 726, Loss: 0.4667
Epoch: 731, Loss: 0.4667
Epoch: 736, Loss: 0.4665
Epoch: 741, Loss: 0.4666
Epoch: 746, Loss: 0.4665
Epoch: 751, Loss: 0.4669
Epoch: 756, Loss: 0.4666
Epoch: 761, Loss: 0.4669
Epoch: 766, Loss: 0.4665
Epoch: 771, Loss: 0.4667
Epoch: 776, Loss: 0.4663
Epoch: 781, Loss: 0.4668
Epoch: 786, Loss: 0.4663
Epoch: 791, Loss: 0.4669
Epoch: 796, Loss: 0.4662
Epoch: 801, Loss: 0.4670
Epoch: 806, Loss: 0.4661
Epoch: 811, Loss: 0.4662
Epoch: 816, Loss: 0.4663
Epoch: 821, Loss: 0.4667
Epoch: 826, Loss: 0.4670
Epoch: 831, Loss: 0.4669
Epoch: 836, Loss: 0.4669
Epoch: 841, Loss: 0.4676
Epoch: 846, Loss: 0.4666
Epoch: 851, Loss: 0.4678
Epoch: 856, Loss: 0.4697
Epoch: 861, Loss: 0.4702
Epoch: 866, Loss: 0.4732
Epoch: 871, Loss: 0.4707
Epoch: 876, Loss: 0.4688
Epoch: 881, Loss: 0.4676
Epoch: 886, Loss: 0.4681
Epoch: 891, Loss: 0.4675
Epoch: 896, Loss: 0.4670
Epoch: 901, Loss: 0.4666
Epoch: 906, Loss: 0.4664
Epoch: 911, Loss: 0.4663
Epoch: 916, Loss: 0.4662
Epoch: 921, Loss: 0.4661
Epoch: 926, Loss: 0.4661
Epoch: 931, Loss: 0.4661
Epoch: 936, Loss: 0.4661
Epoch: 941, Loss: 0.4671
Epoch: 946, Loss: 0.4661
Epoch: 951, Loss: 0.4673
Epoch: 956, Loss: 0.4661
Epoch: 961, Loss: 0.4673
Epoch: 966, Loss: 0.4660
Epoch: 971, Loss: 0.4669
Epoch: 976, Loss: 0.4664
Epoch: 981, Loss: 0.4671
Epoch: 986, Loss: 0.4659
Epoch: 991, Loss: 0.4660
Epoch: 996, Loss: 0.4669
Epoch: 1001, Loss: 0.4662
Elapsed time 0.1178 min
test data and predicted data:

Epoch: 6, Loss: 0.4666
Epoch: 11, Loss: 0.4665
Epoch: 16, Loss: 0.4666
Epoch: 21, Loss: 0.4660
Epoch: 26, Loss: 0.4666
Epoch: 31, Loss: 0.4662
Epoch: 36, Loss: 0.4664
Epoch: 41, Loss: 0.4664
Epoch: 46, Loss: 0.4666
Epoch: 51, Loss: 0.4663
Epoch: 56, Loss: 0.4662
Epoch: 61, Loss: 0.4664
Epoch: 66, Loss: 0.4659
Epoch: 71, Loss: 0.4678
Epoch: 76, Loss: 0.4681
Epoch: 81, Loss: 0.4662
Epoch: 86, Loss: 0.4669
Epoch: 91, Loss: 0.4660
Epoch: 96, Loss: 0.4662
Epoch: 101, Loss: 0.4673
Epoch: 106, Loss: 0.4671
Epoch: 111, Loss: 0.4679
Epoch: 116, Loss: 0.4666
Epoch: 121, Loss: 0.4674
Epoch: 126, Loss: 0.4676
Epoch: 131, Loss: 0.4672
Epoch: 136, Loss: 0.4671
Epoch: 141, Loss: 0.4662
Epoch: 146, Loss: 0.4661
Epoch: 151, Loss: 0.4664
Epoch: 156, Loss: 0.4662
Epoch: 161, Loss: 0.4661
Epoch: 166, Loss: 0.4664
Epoch: 171, Loss: 0.4658
Epoch: 176, Loss: 0.4658
Epoch: 181, Loss: 0.4663
Epoch: 186, Loss: 0.4661
Epoch: 191, Loss: 0.4702
Epoch: 196, Loss: 0.4693
Epoch: 201, Loss: 0.4667
Epoch: 206, Loss: 0.4660
Epoch: 211, Loss: 0.4662
Epoch: 216, Loss: 0.4670
Epoch: 221, Loss: 0.4662
Epoch: 226, Loss: 0.4664
Epoch: 231, Loss: 0.4662
Epoch: 236, Loss: 0.4660
Epoch: 241, Loss: 0.4658
Epoch: 246, Loss: 0.4663
Epoch: 251, Loss: 0.4657
Epoch: 256, Loss: 0.4662
Epoch: 261, Loss: 0.4662
Epoch: 266, Loss: 0.4662
Epoch: 271, Loss: 0.4663
Epoch: 276, Loss: 0.4660
Epoch: 281, Loss: 0.4663
Epoch: 286, Loss: 0.4660
Epoch: 291, Loss: 0.4661
Epoch: 296, Loss: 0.4659
Epoch: 301, Loss: 0.4662
Epoch: 306, Loss: 0.4658
Epoch: 311, Loss: 0.4665
Epoch: 316, Loss: 0.4656
Epoch: 321, Loss: 0.4679
Epoch: 326, Loss: 0.4667
Epoch: 331, Loss: 0.4676
Epoch: 336, Loss: 0.4705
Epoch: 341, Loss: 0.4700
Epoch: 346, Loss: 0.4694
Epoch: 351, Loss: 0.4665
Epoch: 356, Loss: 0.4672
Epoch: 361, Loss: 0.4667
Epoch: 366, Loss: 0.4664
Epoch: 371, Loss: 0.4660
Epoch: 376, Loss: 0.4659
Epoch: 381, Loss: 0.4658
Epoch: 386, Loss: 0.4659
Epoch: 391, Loss: 0.4658
Epoch: 396, Loss: 0.4661
Epoch: 401, Loss: 0.4659
Epoch: 406, Loss: 0.4662
Epoch: 411, Loss: 0.4660
Epoch: 416, Loss: 0.4660
Epoch: 421, Loss: 0.4664
Epoch: 426, Loss: 0.4658
Epoch: 431, Loss: 0.4664
Epoch: 436, Loss: 0.4659
Epoch: 441, Loss: 0.4667
Epoch: 446, Loss: 0.4658
Epoch: 451, Loss: 0.4665
Epoch: 456, Loss: 0.4660
Epoch: 461, Loss: 0.4660
Epoch: 466, Loss: 0.4661
Epoch: 471, Loss: 0.4658
Epoch: 476, Loss: 0.4663
Epoch: 481, Loss: 0.4659
Epoch: 486, Loss: 0.4660
Epoch: 491, Loss: 0.4660
Epoch: 496, Loss: 0.4658
Epoch: 501, Loss: 0.4660
Epoch: 506, Loss: 0.4660
Epoch: 511, Loss: 0.4662
Epoch: 516, Loss: 0.4658
Epoch: 521, Loss: 0.4657
Epoch: 526, Loss: 0.4674
Epoch: 531, Loss: 0.4688
Epoch: 536, Loss: 0.4675
Epoch: 541, Loss: 0.4688
Epoch: 546, Loss: 0.4662
Epoch: 551, Loss: 0.4691
Epoch: 556, Loss: 0.4665
Epoch: 561, Loss: 0.4690
Epoch: 566, Loss: 0.4664
Epoch: 571, Loss: 0.4667
Epoch: 576, Loss: 0.4665
Epoch: 581, Loss: 0.4669
Epoch: 586, Loss: 0.4671
Epoch: 591, Loss: 0.4661
Epoch: 596, Loss: 0.4661
Epoch: 601, Loss: 0.4659
Epoch: 606, Loss: 0.4659
Epoch: 611, Loss: 0.4657
Epoch: 616, Loss: 0.4656
Epoch: 621, Loss: 0.4656
Epoch: 626, Loss: 0.4661
Epoch: 631, Loss: 0.4658
Epoch: 636, Loss: 0.4660
Epoch: 641, Loss: 0.4663
Epoch: 646, Loss: 0.4660
Epoch: 651, Loss: 0.4664
Epoch: 656, Loss: 0.4660
Epoch: 661, Loss: 0.4658
Epoch: 666, Loss: 0.4664
Epoch: 671, Loss: 0.4660
Epoch: 676, Loss: 0.4663
Epoch: 681, Loss: 0.4660
Epoch: 686, Loss: 0.4675
Epoch: 691, Loss: 0.4660
Epoch: 696, Loss: 0.4674
Epoch: 701, Loss: 0.4656
Epoch: 706, Loss: 0.4663
Epoch: 711, Loss: 0.4678
Epoch: 716, Loss: 0.4661
Epoch: 721, Loss: 0.4678
Epoch: 726, Loss: 0.4663
Epoch: 731, Loss: 0.4668
Epoch: 736, Loss: 0.4674
Epoch: 741, Loss: 0.4724
Epoch: 746, Loss: 0.4708
Epoch: 751, Loss: 0.4748
Epoch: 756, Loss: 0.4693
Epoch: 761, Loss: 0.4691
Epoch: 766, Loss: 0.4679
Epoch: 771, Loss: 0.4671
Epoch: 776, Loss: 0.4667
Epoch: 781, Loss: 0.4662
Epoch: 786, Loss: 0.4663
Epoch: 791, Loss: 0.4663
Epoch: 796, Loss: 0.4659
Epoch: 801, Loss: 0.4658
Epoch: 806, Loss: 0.4658
Epoch: 811, Loss: 0.4657
Epoch: 816, Loss: 0.4659
Epoch: 821, Loss: 0.4661
Epoch: 826, Loss: 0.4662
Epoch: 831, Loss: 0.4660
Epoch: 836, Loss: 0.4661
Epoch: 841, Loss: 0.4665
Epoch: 846, Loss: 0.4660
Epoch: 851, Loss: 0.4676
Epoch: 856, Loss: 0.4683
Epoch: 861, Loss: 0.4673
Epoch: 866, Loss: 0.4709
Epoch: 871, Loss: 0.4715
Epoch: 876, Loss: 0.4694
Epoch: 881, Loss: 0.4676
Epoch: 886, Loss: 0.4663
Epoch: 891, Loss: 0.4662
Epoch: 896, Loss: 0.4662
Epoch: 901, Loss: 0.4659
Epoch: 906, Loss: 0.4661
Epoch: 911, Loss: 0.4664
Epoch: 916, Loss: 0.4674
Epoch: 921, Loss: 0.4663
Epoch: 926, Loss: 0.4675
Epoch: 931, Loss: 0.4712
Epoch: 936, Loss: 0.4700
Epoch: 941, Loss: 0.4741
Epoch: 946, Loss: 0.4758
Epoch: 951, Loss: 0.4721
Epoch: 956, Loss: 0.4710
Epoch: 961, Loss: 0.4711
Epoch: 966, Loss: 0.4713
Epoch: 971, Loss: 0.4700
Epoch: 976, Loss: 0.4711
Epoch: 981, Loss: 0.4709
Epoch: 986, Loss: 0.4696
Epoch: 991, Loss: 0.4687
Epoch: 996, Loss: 0.4687
Epoch: 1001, Loss: 0.4684
Elapsed time 0.1203 min
test data and predicted data:

Epoch: 6, Loss: 0.4687
Epoch: 11, Loss: 0.4682
Epoch: 16, Loss: 0.4689
Epoch: 21, Loss: 0.4698
Epoch: 26, Loss: 0.4688
Epoch: 31, Loss: 0.4681
Epoch: 36, Loss: 0.4682
Epoch: 41, Loss: 0.4682
Epoch: 46, Loss: 0.4683
Epoch: 51, Loss: 0.4686
Epoch: 56, Loss: 0.4684
Epoch: 61, Loss: 0.4689
Epoch: 66, Loss: 0.4681
Epoch: 71, Loss: 0.4691
Epoch: 76, Loss: 0.4683
Epoch: 81, Loss: 0.4683
Epoch: 86, Loss: 0.4680
Epoch: 91, Loss: 0.4685
Epoch: 96, Loss: 0.4704
Epoch: 101, Loss: 0.4722
Epoch: 106, Loss: 0.4699
Epoch: 111, Loss: 0.4703
Epoch: 116, Loss: 0.4694
Epoch: 121, Loss: 0.4700
Epoch: 126, Loss: 0.4711
Epoch: 131, Loss: 0.4809
Epoch: 136, Loss: 0.4732
Epoch: 141, Loss: 0.4726
Epoch: 146, Loss: 0.4725
Epoch: 151, Loss: 0.4717
Epoch: 156, Loss: 0.4708
Epoch: 161, Loss: 0.4725
Epoch: 166, Loss: 0.4701
Epoch: 171, Loss: 0.4734
Epoch: 176, Loss: 0.4714
Epoch: 181, Loss: 0.4714
Epoch: 186, Loss: 0.4693
Epoch: 191, Loss: 0.4683
Epoch: 196, Loss: 0.4686
Epoch: 201, Loss: 0.4681
Epoch: 206, Loss: 0.4678
Epoch: 211, Loss: 0.4678
Epoch: 216, Loss: 0.4678
Epoch: 221, Loss: 0.4677
Epoch: 226, Loss: 0.4676
Epoch: 231, Loss: 0.4676
Epoch: 236, Loss: 0.4676
Epoch: 241, Loss: 0.4678
Epoch: 246, Loss: 0.4677
Epoch: 251, Loss: 0.4678
Epoch: 256, Loss: 0.4692
Epoch: 261, Loss: 0.4681
Epoch: 266, Loss: 0.4691
Epoch: 271, Loss: 0.4683
Epoch: 276, Loss: 0.4681
Epoch: 281, Loss: 0.4707
Epoch: 286, Loss: 0.4754
Epoch: 291, Loss: 0.4730
Epoch: 296, Loss: 0.4707
Epoch: 301, Loss: 0.4818
Epoch: 306, Loss: 0.4845
Epoch: 311, Loss: 0.4691
Epoch: 316, Loss: 0.4729
Epoch: 321, Loss: 0.4706
Epoch: 326, Loss: 0.4696
Epoch: 331, Loss: 0.4694
Epoch: 336, Loss: 0.4696
Epoch: 341, Loss: 0.4686
Epoch: 346, Loss: 0.4682
Epoch: 351, Loss: 0.4679
Epoch: 356, Loss: 0.4677
Epoch: 361, Loss: 0.4675
Epoch: 366, Loss: 0.4685
Epoch: 371, Loss: 0.4692
Epoch: 376, Loss: 0.4676
Epoch: 381, Loss: 0.4677
Epoch: 386, Loss: 0.4694
Epoch: 391, Loss: 0.4722
Epoch: 396, Loss: 0.4683
Epoch: 401, Loss: 0.4689
Epoch: 406, Loss: 0.4674
Epoch: 411, Loss: 0.4680
Epoch: 416, Loss: 0.4681
Epoch: 421, Loss: 0.4679
Epoch: 426, Loss: 0.4674
Epoch: 431, Loss: 0.4678
Epoch: 436, Loss: 0.4677
Epoch: 441, Loss: 0.4672
Epoch: 446, Loss: 0.4686
Epoch: 451, Loss: 0.4696
Epoch: 456, Loss: 0.4695
Epoch: 461, Loss: 0.4690
Epoch: 466, Loss: 0.4683
Epoch: 471, Loss: 0.4682
Epoch: 476, Loss: 0.4675
Epoch: 481, Loss: 0.4742
Epoch: 486, Loss: 0.5055
Epoch: 491, Loss: 0.6143
Epoch: 496, Loss: 0.5022
Epoch: 501, Loss: 0.5432
Epoch: 506, Loss: 0.4934
Epoch: 511, Loss: 0.5142
Epoch: 516, Loss: 0.4864
Epoch: 521, Loss: 0.4874
Epoch: 526, Loss: 0.4820
Epoch: 531, Loss: 0.4842
Epoch: 536, Loss: 0.4779
Epoch: 541, Loss: 0.4745
Epoch: 546, Loss: 0.4911
Epoch: 551, Loss: 0.4791
Epoch: 556, Loss: 0.4760
Epoch: 561, Loss: 0.4752
Epoch: 566, Loss: 0.4737
Epoch: 571, Loss: 0.4729
Epoch: 576, Loss: 0.4716
Epoch: 581, Loss: 0.4709
Epoch: 586, Loss: 0.4708
Epoch: 591, Loss: 0.4705
Epoch: 596, Loss: 0.4702
Epoch: 601, Loss: 0.4699
Epoch: 606, Loss: 0.4697
Epoch: 611, Loss: 0.4696
Epoch: 616, Loss: 0.4695
Epoch: 621, Loss: 0.4694
Epoch: 626, Loss: 0.4694
Epoch: 631, Loss: 0.4694
Epoch: 636, Loss: 0.4693
Epoch: 641, Loss: 0.4693
Epoch: 646, Loss: 0.4693
Epoch: 651, Loss: 0.4692
Epoch: 656, Loss: 0.4692
Epoch: 661, Loss: 0.4696
Epoch: 666, Loss: 0.4698
Epoch: 671, Loss: 0.4696
Epoch: 676, Loss: 0.4695
Epoch: 681, Loss: 0.4694
Epoch: 686, Loss: 0.4692
Epoch: 691, Loss: 0.4691
Epoch: 696, Loss: 0.4691
Epoch: 701, Loss: 0.4691
Epoch: 706, Loss: 0.4691
Epoch: 711, Loss: 0.4692
Epoch: 716, Loss: 0.4692
Epoch: 721, Loss: 0.4691
Epoch: 726, Loss: 0.4692
Epoch: 731, Loss: 0.4712
Epoch: 736, Loss: 0.4697
Epoch: 741, Loss: 0.4697
Epoch: 746, Loss: 0.4698
Epoch: 751, Loss: 0.4707
Epoch: 756, Loss: 0.4703
Epoch: 761, Loss: 0.4705
Epoch: 766, Loss: 0.4719
Epoch: 771, Loss: 0.4714
Epoch: 776, Loss: 0.4771
Epoch: 781, Loss: 0.4723
Epoch: 786, Loss: 0.4931
Epoch: 791, Loss: 0.4804
Epoch: 796, Loss: 0.5022
Epoch: 801, Loss: 0.5790
Epoch: 806, Loss: 0.4944
Epoch: 811, Loss: 0.5043
Epoch: 816, Loss: 0.5146
Epoch: 821, Loss: 0.4845
Epoch: 826, Loss: 0.4802
Epoch: 831, Loss: 0.4831
Epoch: 836, Loss: 0.4979
Epoch: 841, Loss: 0.4793
Epoch: 846, Loss: 0.6304
Epoch: 851, Loss: 0.4959
Epoch: 856, Loss: 0.6720
Epoch: 861, Loss: 0.4961
Epoch: 866, Loss: 0.5586
Epoch: 871, Loss: 0.5329
Epoch: 876, Loss: 0.5101
Epoch: 881, Loss: 0.5004
Epoch: 886, Loss: 0.5039
Epoch: 891, Loss: 0.4977
Epoch: 896, Loss: 0.4774
Epoch: 901, Loss: 0.5561
Epoch: 906, Loss: 0.5048
Epoch: 911, Loss: 0.4938
Epoch: 916, Loss: 0.4933
Epoch: 921, Loss: 0.6982
Epoch: 926, Loss: 1.1248
Epoch: 931, Loss: 0.5377
Epoch: 936, Loss: 49.8633
Epoch: 941, Loss: 49.8797
Epoch: 946, Loss: 49.7978
Epoch: 951, Loss: 49.8126
Epoch: 956, Loss: 49.7966
Epoch: 961, Loss: 49.7985
Epoch: 966, Loss: 49.7958
Epoch: 971, Loss: 49.7960
Epoch: 976, Loss: 49.7956
Epoch: 981, Loss: 49.7956
Epoch: 986, Loss: 49.7956
Epoch: 991, Loss: 49.7956
Epoch: 996, Loss: 49.7956
Epoch: 1001, Loss: 49.7955
Elapsed time 0.1214 min
test data and predicted data:

avg Test Accuracy: 0.8393  avg Test AUC: 0.8914  avg Test PRE: 0.8322
