====================================================================================================
data: HeteroData(
  drug={
    node_id=[6823],
    x=[6823, 12],
  },
  protein={
    node_id=[4650],
    x=[4650, 20],
  },
  (drug, interaction, protein)={ edge_index=[2, 23705] },
  (protein, rev_interaction, drug)={ edge_index=[2, 23705] }
)
====================================================================================================
****************************************************************************************************
train data: HeteroData(
  drug={
    node_id=[6823],
    x=[6823, 12],
  },
  protein={
    node_id=[4650],
    x=[4650, 20],
  },
  (drug, interaction, protein)={
    edge_index=[2, 13276],
    edge_label=[9954],
    edge_label_index=[2, 9954],
  },
  (protein, rev_interaction, drug)={ edge_index=[2, 13276] }
)
****************************************************************************************************
val data: HeteroData(
  drug={
    node_id=[6823],
    x=[6823, 12],
  },
  protein={
    node_id=[4650],
    x=[4650, 20],
  },
  (drug, interaction, protein)={
    edge_index=[2, 16594],
    edge_label=[7110],
    edge_label_index=[2, 7110],
  },
  (protein, rev_interaction, drug)={ edge_index=[2, 16594] }
)
****************************************************************************************************
test data: HeteroData(
  drug={
    node_id=[6823],
    x=[6823, 12],
  },
  protein={
    node_id=[4650],
    x=[4650, 20],
  },
  (drug, interaction, protein)={
    edge_index=[2, 18964],
    edge_label=[14223],
    edge_label_index=[2, 14223],
  },
  (protein, rev_interaction, drug)={ edge_index=[2, 18964] }
)
****************************************************************************************************
edge_x: torch.Size([9954, 32])
labels: torch.Size([9954])
edge_x: torch.Size([7110, 32])
labels: torch.Size([7110])
edge_x: torch.Size([14223, 32])
labels: torch.Size([14223])
model: HGT(
  (lin_dict): ModuleDict(
    (drug): Linear(-1, 64, bias=True)
    (protein): Linear(-1, 64, bias=True)
  )
  (convs): ModuleList(
    (0-1): 2 x HGTConv(-1, 64, heads=2)
  )
  (lin): Linear(128, 1, bias=True)
)
Epoch: 6, Loss: 0.6734
Epoch: 11, Loss: 0.6629
Epoch: 16, Loss: 0.6538
Epoch: 21, Loss: 0.6484
Epoch: 26, Loss: 0.6477
Epoch: 31, Loss: 0.6458
Epoch: 36, Loss: 0.6437
Epoch: 41, Loss: 0.6423
Epoch: 46, Loss: 0.6410
Epoch: 51, Loss: 0.6397
Epoch: 56, Loss: 0.6386
Epoch: 61, Loss: 0.6376
Epoch: 66, Loss: 0.6365
Epoch: 71, Loss: 0.6353
Epoch: 76, Loss: 0.6339
Epoch: 81, Loss: 0.6323
Epoch: 86, Loss: 0.6302
Epoch: 91, Loss: 0.6274
Epoch: 96, Loss: 0.6235
Epoch: 101, Loss: 0.6179
Epoch: 106, Loss: 0.6101
Epoch: 111, Loss: 0.5998
Epoch: 116, Loss: 0.5881
Epoch: 121, Loss: 0.5765
Epoch: 126, Loss: 0.5660
Epoch: 131, Loss: 0.5557
Epoch: 136, Loss: 0.5455
Epoch: 141, Loss: 0.5370
Epoch: 146, Loss: 0.5308
Epoch: 151, Loss: 0.5260
Epoch: 156, Loss: 0.5224
Epoch: 161, Loss: 0.5197
Epoch: 166, Loss: 0.5177
Epoch: 171, Loss: 0.5160
Epoch: 176, Loss: 0.5146
Epoch: 181, Loss: 0.5132
Epoch: 186, Loss: 0.5118
Epoch: 191, Loss: 0.5102
Epoch: 196, Loss: 0.5085
Epoch: 201, Loss: 0.5066
Epoch: 206, Loss: 0.5046
Epoch: 211, Loss: 0.5031
Epoch: 216, Loss: 0.5014
Epoch: 221, Loss: 0.4996
Epoch: 226, Loss: 0.4982
Epoch: 231, Loss: 0.4973
Epoch: 236, Loss: 0.4964
Epoch: 241, Loss: 0.4958
Epoch: 246, Loss: 0.4951
Epoch: 251, Loss: 0.4944
Epoch: 256, Loss: 0.4940
Epoch: 261, Loss: 0.4934
Epoch: 266, Loss: 0.4929
Epoch: 271, Loss: 0.4924
Epoch: 276, Loss: 0.4921
Epoch: 281, Loss: 0.4915
Epoch: 286, Loss: 0.4911
Epoch: 291, Loss: 0.4908
Epoch: 296, Loss: 0.4903
Epoch: 301, Loss: 0.4901
Epoch: 306, Loss: 0.4898
Epoch: 311, Loss: 0.4894
Epoch: 316, Loss: 0.4891
Epoch: 321, Loss: 0.4888
Epoch: 326, Loss: 0.4884
Epoch: 331, Loss: 0.4881
Epoch: 336, Loss: 0.4878
Epoch: 341, Loss: 0.4875
Epoch: 346, Loss: 0.4872
Epoch: 351, Loss: 0.4869
Epoch: 356, Loss: 0.4884
Epoch: 361, Loss: 0.4868
Epoch: 366, Loss: 0.4867
Epoch: 371, Loss: 0.4861
Epoch: 376, Loss: 0.4858
Epoch: 381, Loss: 0.4856
Epoch: 386, Loss: 0.4855
Epoch: 391, Loss: 0.4852
Epoch: 396, Loss: 0.4850
Epoch: 401, Loss: 0.4849
Epoch: 406, Loss: 0.4847
Epoch: 411, Loss: 0.4845
Epoch: 416, Loss: 0.4843
Epoch: 421, Loss: 0.4842
Epoch: 426, Loss: 0.4840
Epoch: 431, Loss: 0.4839
Epoch: 436, Loss: 0.4837
Epoch: 441, Loss: 0.4836
Epoch: 446, Loss: 0.4834
Epoch: 451, Loss: 0.4833
Epoch: 456, Loss: 0.4831
Epoch: 461, Loss: 0.4830
Epoch: 466, Loss: 0.4828
Epoch: 471, Loss: 0.4827
Epoch: 476, Loss: 0.4830
Epoch: 481, Loss: 0.4823
Epoch: 486, Loss: 0.4822
Epoch: 491, Loss: 0.4822
Epoch: 496, Loss: 0.4820
Epoch: 501, Loss: 0.4818
Epoch: 506, Loss: 0.4817
Epoch: 511, Loss: 0.4815
Epoch: 516, Loss: 0.4814
Epoch: 521, Loss: 0.4812
Epoch: 526, Loss: 0.4811
Epoch: 531, Loss: 0.4810
Epoch: 536, Loss: 0.4808
Epoch: 541, Loss: 0.4807
Epoch: 546, Loss: 0.4811
Epoch: 551, Loss: 0.4804
Epoch: 556, Loss: 0.4803
Epoch: 561, Loss: 0.4802
Epoch: 566, Loss: 0.4801
Epoch: 571, Loss: 0.4800
Epoch: 576, Loss: 0.4798
Epoch: 581, Loss: 0.4797
Epoch: 586, Loss: 0.4795
Epoch: 591, Loss: 0.4794
Epoch: 596, Loss: 0.4792
Epoch: 601, Loss: 0.4791
Epoch: 606, Loss: 0.4794
Epoch: 611, Loss: 0.4792
Epoch: 616, Loss: 0.4789
Epoch: 621, Loss: 0.4787
Epoch: 626, Loss: 0.4785
Epoch: 631, Loss: 0.4784
Epoch: 636, Loss: 0.4783
Epoch: 641, Loss: 0.4782
Epoch: 646, Loss: 0.4781
Epoch: 651, Loss: 0.4780
Epoch: 656, Loss: 0.4779
Epoch: 661, Loss: 0.4780
Epoch: 666, Loss: 0.4785
Epoch: 671, Loss: 0.4779
Epoch: 676, Loss: 0.4775
Epoch: 681, Loss: 0.4774
Epoch: 686, Loss: 0.4773
Epoch: 691, Loss: 0.4773
Epoch: 696, Loss: 0.4771
Epoch: 701, Loss: 0.4771
Epoch: 706, Loss: 0.4770
Epoch: 711, Loss: 0.4770
Epoch: 716, Loss: 0.4773
Epoch: 721, Loss: 0.4772
Epoch: 726, Loss: 0.4771
Epoch: 731, Loss: 0.4767
Epoch: 736, Loss: 0.4765
Epoch: 741, Loss: 0.4765
Epoch: 746, Loss: 0.4764
Epoch: 751, Loss: 0.4764
Epoch: 756, Loss: 0.4763
Epoch: 761, Loss: 0.4762
Epoch: 766, Loss: 0.4766
Epoch: 771, Loss: 0.4768
Epoch: 776, Loss: 0.4766
Epoch: 781, Loss: 0.4763
Epoch: 786, Loss: 0.4760
Epoch: 791, Loss: 0.4759
Epoch: 796, Loss: 0.4757
Epoch: 801, Loss: 0.4756
Epoch: 806, Loss: 0.4756
Epoch: 811, Loss: 0.4755
Epoch: 816, Loss: 0.4754
Epoch: 821, Loss: 0.4753
Epoch: 826, Loss: 0.4753
Epoch: 831, Loss: 0.4753
Epoch: 836, Loss: 0.4755
Epoch: 841, Loss: 0.4758
Epoch: 846, Loss: 0.4752
Epoch: 851, Loss: 0.4750
Epoch: 856, Loss: 0.4751
Epoch: 861, Loss: 0.4749
Epoch: 866, Loss: 0.4749
Epoch: 871, Loss: 0.4748
Epoch: 876, Loss: 0.4748
Epoch: 881, Loss: 0.4747
Epoch: 886, Loss: 0.4747
Epoch: 891, Loss: 0.4747
Epoch: 896, Loss: 0.4753
Epoch: 901, Loss: 0.4746
Epoch: 906, Loss: 0.4748
Epoch: 911, Loss: 0.4745
Epoch: 916, Loss: 0.4744
Epoch: 921, Loss: 0.4744
Epoch: 926, Loss: 0.4743
Epoch: 931, Loss: 0.4743
Epoch: 936, Loss: 0.4742
Epoch: 941, Loss: 0.4742
Epoch: 946, Loss: 0.4742
Epoch: 951, Loss: 0.4743
Epoch: 956, Loss: 0.4748
Epoch: 961, Loss: 0.4741
Epoch: 966, Loss: 0.4743
Epoch: 971, Loss: 0.4740
Epoch: 976, Loss: 0.4739
Epoch: 981, Loss: 0.4739
Epoch: 986, Loss: 0.4738
Epoch: 991, Loss: 0.4738
Epoch: 996, Loss: 0.4737
Epoch: 1001, Loss: 0.4736
Elapsed time 0.1356 min
test data and predicted data:

Epoch: 6, Loss: 0.4736
Epoch: 11, Loss: 0.4738
Epoch: 16, Loss: 0.4748
Epoch: 21, Loss: 0.4735
Epoch: 26, Loss: 0.4735
Epoch: 31, Loss: 0.4736
Epoch: 36, Loss: 0.4735
Epoch: 41, Loss: 0.4734
Epoch: 46, Loss: 0.4733
Epoch: 51, Loss: 0.4732
Epoch: 56, Loss: 0.4732
Epoch: 61, Loss: 0.4731
Epoch: 66, Loss: 0.4731
Epoch: 71, Loss: 0.4731
Epoch: 76, Loss: 0.4730
Epoch: 81, Loss: 0.4730
Epoch: 86, Loss: 0.4730
Epoch: 91, Loss: 0.4731
Epoch: 96, Loss: 0.4739
Epoch: 101, Loss: 0.4729
Epoch: 106, Loss: 0.4731
Epoch: 111, Loss: 0.4730
Epoch: 116, Loss: 0.4728
Epoch: 121, Loss: 0.4727
Epoch: 126, Loss: 0.4729
Epoch: 131, Loss: 0.4730
Epoch: 136, Loss: 0.4728
Epoch: 141, Loss: 0.4727
Epoch: 146, Loss: 0.4726
Epoch: 151, Loss: 0.4726
Epoch: 156, Loss: 0.4725
Epoch: 161, Loss: 0.4724
Epoch: 166, Loss: 0.4724
Epoch: 171, Loss: 0.4724
Epoch: 176, Loss: 0.4727
Epoch: 181, Loss: 0.4741
Epoch: 186, Loss: 0.4728
Epoch: 191, Loss: 0.4724
Epoch: 196, Loss: 0.4722
Epoch: 201, Loss: 0.4722
Epoch: 206, Loss: 0.4721
Epoch: 211, Loss: 0.4721
Epoch: 216, Loss: 0.4721
Epoch: 221, Loss: 0.4720
Epoch: 226, Loss: 0.4720
Epoch: 231, Loss: 0.4720
Epoch: 236, Loss: 0.4719
Epoch: 241, Loss: 0.4719
Epoch: 246, Loss: 0.4719
Epoch: 251, Loss: 0.4718
Epoch: 256, Loss: 0.4718
Epoch: 261, Loss: 0.4718
Epoch: 266, Loss: 0.4719
Epoch: 271, Loss: 0.4725
Epoch: 276, Loss: 0.4719
Epoch: 281, Loss: 0.4720
Epoch: 286, Loss: 0.4717
Epoch: 291, Loss: 0.4717
Epoch: 296, Loss: 0.4716
Epoch: 301, Loss: 0.4716
Epoch: 306, Loss: 0.4716
Epoch: 311, Loss: 0.4715
Epoch: 316, Loss: 0.4715
Epoch: 321, Loss: 0.4714
Epoch: 326, Loss: 0.4715
Epoch: 331, Loss: 0.4715
Epoch: 336, Loss: 0.4728
Epoch: 341, Loss: 0.4714
Epoch: 346, Loss: 0.4717
Epoch: 351, Loss: 0.4717
Epoch: 356, Loss: 0.4716
Epoch: 361, Loss: 0.4715
Epoch: 366, Loss: 0.4714
Epoch: 371, Loss: 0.4712
Epoch: 376, Loss: 0.4711
Epoch: 381, Loss: 0.4711
Epoch: 386, Loss: 0.4711
Epoch: 391, Loss: 0.4712
Epoch: 396, Loss: 0.4711
Epoch: 401, Loss: 0.4710
Epoch: 406, Loss: 0.4709
Epoch: 411, Loss: 0.4709
Epoch: 416, Loss: 0.4709
Epoch: 421, Loss: 0.4709
Epoch: 426, Loss: 0.4709
Epoch: 431, Loss: 0.4708
Epoch: 436, Loss: 0.4708
Epoch: 441, Loss: 0.4709
Epoch: 446, Loss: 0.4714
Epoch: 451, Loss: 0.4709
Epoch: 456, Loss: 0.4710
Epoch: 461, Loss: 0.4706
Epoch: 466, Loss: 0.4707
Epoch: 471, Loss: 0.4706
Epoch: 476, Loss: 0.4707
Epoch: 481, Loss: 0.4714
Epoch: 486, Loss: 0.4715
Epoch: 491, Loss: 0.4706
Epoch: 496, Loss: 0.4711
Epoch: 501, Loss: 0.4706
Epoch: 506, Loss: 0.4711
Epoch: 511, Loss: 0.4711
Epoch: 516, Loss: 0.4708
Epoch: 521, Loss: 0.4705
Epoch: 526, Loss: 0.4705
Epoch: 531, Loss: 0.4709
Epoch: 536, Loss: 0.4705
Epoch: 541, Loss: 0.4703
Epoch: 546, Loss: 0.4704
Epoch: 551, Loss: 0.4701
Epoch: 556, Loss: 0.4701
Epoch: 561, Loss: 0.4701
Epoch: 566, Loss: 0.4701
Epoch: 571, Loss: 0.4703
Epoch: 576, Loss: 0.4714
Epoch: 581, Loss: 0.4700
Epoch: 586, Loss: 0.4703
Epoch: 591, Loss: 0.4702
Epoch: 596, Loss: 0.4700
Epoch: 601, Loss: 0.4699
Epoch: 606, Loss: 0.4699
Epoch: 611, Loss: 0.4698
Epoch: 616, Loss: 0.4698
Epoch: 621, Loss: 0.4698
Epoch: 626, Loss: 0.4697
Epoch: 631, Loss: 0.4697
Epoch: 636, Loss: 0.4697
Epoch: 641, Loss: 0.4697
Epoch: 646, Loss: 0.4697
Epoch: 651, Loss: 0.4698
Epoch: 656, Loss: 0.4711
Epoch: 661, Loss: 0.4697
Epoch: 666, Loss: 0.4700
Epoch: 671, Loss: 0.4698
Epoch: 676, Loss: 0.4696
Epoch: 681, Loss: 0.4695
Epoch: 686, Loss: 0.4696
Epoch: 691, Loss: 0.4696
Epoch: 696, Loss: 0.4695
Epoch: 701, Loss: 0.4695
Epoch: 706, Loss: 0.4695
Epoch: 711, Loss: 0.4695
Epoch: 716, Loss: 0.4694
Epoch: 721, Loss: 0.4694
Epoch: 726, Loss: 0.4693
Epoch: 731, Loss: 0.4693
Epoch: 736, Loss: 0.4693
Epoch: 741, Loss: 0.4694
Epoch: 746, Loss: 0.4702
Epoch: 751, Loss: 0.4702
Epoch: 756, Loss: 0.4696
Epoch: 761, Loss: 0.4692
Epoch: 766, Loss: 0.4693
Epoch: 771, Loss: 0.4693
Epoch: 776, Loss: 0.4692
Epoch: 781, Loss: 0.4691
Epoch: 786, Loss: 0.4691
Epoch: 791, Loss: 0.4690
Epoch: 796, Loss: 0.4690
Epoch: 801, Loss: 0.4690
Epoch: 806, Loss: 0.4689
Epoch: 811, Loss: 0.4689
Epoch: 816, Loss: 0.4689
Epoch: 821, Loss: 0.4691
Epoch: 826, Loss: 0.4698
Epoch: 831, Loss: 0.4696
Epoch: 836, Loss: 0.4692
Epoch: 841, Loss: 0.4688
Epoch: 846, Loss: 0.4689
Epoch: 851, Loss: 0.4689
Epoch: 856, Loss: 0.4687
Epoch: 861, Loss: 0.4690
Epoch: 866, Loss: 0.4688
Epoch: 871, Loss: 0.4687
Epoch: 876, Loss: 0.4687
Epoch: 881, Loss: 0.4686
Epoch: 886, Loss: 0.4687
Epoch: 891, Loss: 0.4686
Epoch: 896, Loss: 0.4686
Epoch: 901, Loss: 0.4685
Epoch: 906, Loss: 0.4685
Epoch: 911, Loss: 0.4685
Epoch: 916, Loss: 0.4685
Epoch: 921, Loss: 0.4687
Epoch: 926, Loss: 0.4695
Epoch: 931, Loss: 0.4718
Epoch: 936, Loss: 0.4700
Epoch: 941, Loss: 0.4691
Epoch: 946, Loss: 0.4685
Epoch: 951, Loss: 0.4683
Epoch: 956, Loss: 0.4683
Epoch: 961, Loss: 0.4683
Epoch: 966, Loss: 0.4683
Epoch: 971, Loss: 0.4682
Epoch: 976, Loss: 0.4682
Epoch: 981, Loss: 0.4682
Epoch: 986, Loss: 0.4681
Epoch: 991, Loss: 0.4681
Epoch: 996, Loss: 0.4681
Epoch: 1001, Loss: 0.4681
Elapsed time 0.1339 min
test data and predicted data:

Epoch: 6, Loss: 0.4681
Epoch: 11, Loss: 0.4681
Epoch: 16, Loss: 0.4681
Epoch: 21, Loss: 0.4681
Epoch: 26, Loss: 0.4680
Epoch: 31, Loss: 0.4680
Epoch: 36, Loss: 0.4680
Epoch: 41, Loss: 0.4680
Epoch: 46, Loss: 0.4679
Epoch: 51, Loss: 0.4679
Epoch: 56, Loss: 0.4678
Epoch: 61, Loss: 0.4678
Epoch: 66, Loss: 0.4678
Epoch: 71, Loss: 0.4678
Epoch: 76, Loss: 0.4678
Epoch: 81, Loss: 0.4679
Epoch: 86, Loss: 0.4686
Epoch: 91, Loss: 0.4685
Epoch: 96, Loss: 0.4681
Epoch: 101, Loss: 0.4677
Epoch: 106, Loss: 0.4679
Epoch: 111, Loss: 0.4677
Epoch: 116, Loss: 0.4676
Epoch: 121, Loss: 0.4676
Epoch: 126, Loss: 0.4675
Epoch: 131, Loss: 0.4675
Epoch: 136, Loss: 0.4674
Epoch: 141, Loss: 0.4677
Epoch: 146, Loss: 0.4675
Epoch: 151, Loss: 0.4674
Epoch: 156, Loss: 0.4674
Epoch: 161, Loss: 0.4676
Epoch: 166, Loss: 0.4676
Epoch: 171, Loss: 0.4673
Epoch: 176, Loss: 0.4672
Epoch: 181, Loss: 0.4673
Epoch: 186, Loss: 0.4678
Epoch: 191, Loss: 0.4674
Epoch: 196, Loss: 0.4672
Epoch: 201, Loss: 0.4673
Epoch: 206, Loss: 0.4672
Epoch: 211, Loss: 0.4671
Epoch: 216, Loss: 0.4671
Epoch: 221, Loss: 0.4671
Epoch: 226, Loss: 0.4670
Epoch: 231, Loss: 0.4670
Epoch: 236, Loss: 0.4672
Epoch: 241, Loss: 0.4682
Epoch: 246, Loss: 0.4682
Epoch: 251, Loss: 0.4677
Epoch: 256, Loss: 0.4671
Epoch: 261, Loss: 0.4668
Epoch: 266, Loss: 0.4668
Epoch: 271, Loss: 0.4668
Epoch: 276, Loss: 0.4667
Epoch: 281, Loss: 0.4667
Epoch: 286, Loss: 0.4667
Epoch: 291, Loss: 0.4670
Epoch: 296, Loss: 0.4668
Epoch: 301, Loss: 0.4667
Epoch: 306, Loss: 0.4666
Epoch: 311, Loss: 0.4666
Epoch: 316, Loss: 0.4667
Epoch: 321, Loss: 0.4667
Epoch: 326, Loss: 0.4666
Epoch: 331, Loss: 0.4665
Epoch: 336, Loss: 0.4664
Epoch: 341, Loss: 0.4665
Epoch: 346, Loss: 0.4669
Epoch: 351, Loss: 0.4687
Epoch: 356, Loss: 0.4664
Epoch: 361, Loss: 0.4666
Epoch: 366, Loss: 0.4666
Epoch: 371, Loss: 0.4665
Epoch: 376, Loss: 0.4663
Epoch: 381, Loss: 0.4662
Epoch: 386, Loss: 0.4663
Epoch: 391, Loss: 0.4663
Epoch: 396, Loss: 0.4662
Epoch: 401, Loss: 0.4662
Epoch: 406, Loss: 0.4662
Epoch: 411, Loss: 0.4662
Epoch: 416, Loss: 0.4661
Epoch: 421, Loss: 0.4660
Epoch: 426, Loss: 0.4660
Epoch: 431, Loss: 0.4661
Epoch: 436, Loss: 0.4661
Epoch: 441, Loss: 0.4660
Epoch: 446, Loss: 0.4660
Epoch: 451, Loss: 0.4661
Epoch: 456, Loss: 0.4669
Epoch: 461, Loss: 0.4683
Epoch: 466, Loss: 0.4669
Epoch: 471, Loss: 0.4662
Epoch: 476, Loss: 0.4660
Epoch: 481, Loss: 0.4659
Epoch: 486, Loss: 0.4658
Epoch: 491, Loss: 0.4657
Epoch: 496, Loss: 0.4657
Epoch: 501, Loss: 0.4657
Epoch: 506, Loss: 0.4656
Epoch: 511, Loss: 0.4657
Epoch: 516, Loss: 0.4657
Epoch: 521, Loss: 0.4656
Epoch: 526, Loss: 0.4655
Epoch: 531, Loss: 0.4655
Epoch: 536, Loss: 0.4654
Epoch: 541, Loss: 0.4654
Epoch: 546, Loss: 0.4653
Epoch: 551, Loss: 0.4653
Epoch: 556, Loss: 0.4653
Epoch: 561, Loss: 0.4653
Epoch: 566, Loss: 0.4652
Epoch: 571, Loss: 0.4655
Epoch: 576, Loss: 0.4678
Epoch: 581, Loss: 0.4653
Epoch: 586, Loss: 0.4656
Epoch: 591, Loss: 0.4655
Epoch: 596, Loss: 0.4654
Epoch: 601, Loss: 0.4653
Epoch: 606, Loss: 0.4652
Epoch: 611, Loss: 0.4651
Epoch: 616, Loss: 0.4650
Epoch: 621, Loss: 0.4650
Epoch: 626, Loss: 0.4649
Epoch: 631, Loss: 0.4649
Epoch: 636, Loss: 0.4649
Epoch: 641, Loss: 0.4648
Epoch: 646, Loss: 0.4648
Epoch: 651, Loss: 0.4648
Epoch: 656, Loss: 0.4648
Epoch: 661, Loss: 0.4647
Epoch: 666, Loss: 0.4647
Epoch: 671, Loss: 0.4647
Epoch: 676, Loss: 0.4647
Epoch: 681, Loss: 0.4647
Epoch: 686, Loss: 0.4651
Epoch: 691, Loss: 0.4661
Epoch: 696, Loss: 0.4646
Epoch: 701, Loss: 0.4651
Epoch: 706, Loss: 0.4646
Epoch: 711, Loss: 0.4646
Epoch: 716, Loss: 0.4646
Epoch: 721, Loss: 0.4645
Epoch: 726, Loss: 0.4645
Epoch: 731, Loss: 0.4645
Epoch: 736, Loss: 0.4644
Epoch: 741, Loss: 0.4644
Epoch: 746, Loss: 0.4644
Epoch: 751, Loss: 0.4646
Epoch: 756, Loss: 0.4650
Epoch: 761, Loss: 0.4646
Epoch: 766, Loss: 0.4643
Epoch: 771, Loss: 0.4645
Epoch: 776, Loss: 0.4642
Epoch: 781, Loss: 0.4642
Epoch: 786, Loss: 0.4643
Epoch: 791, Loss: 0.4643
Epoch: 796, Loss: 0.4642
Epoch: 801, Loss: 0.4641
Epoch: 806, Loss: 0.4641
Epoch: 811, Loss: 0.4642
Epoch: 816, Loss: 0.4644
Epoch: 821, Loss: 0.4643
Epoch: 826, Loss: 0.4639
Epoch: 831, Loss: 0.4639
Epoch: 836, Loss: 0.4640
Epoch: 841, Loss: 0.4642
Epoch: 846, Loss: 0.4643
Epoch: 851, Loss: 0.4639
Epoch: 856, Loss: 0.4637
Epoch: 861, Loss: 0.4638
Epoch: 866, Loss: 0.4640
Epoch: 871, Loss: 0.4641
Epoch: 876, Loss: 0.4639
Epoch: 881, Loss: 0.4636
Epoch: 886, Loss: 0.4636
Epoch: 891, Loss: 0.4639
Epoch: 896, Loss: 0.4641
Epoch: 901, Loss: 0.4636
Epoch: 906, Loss: 0.4635
Epoch: 911, Loss: 0.4636
Epoch: 916, Loss: 0.4638
Epoch: 921, Loss: 0.4636
Epoch: 926, Loss: 0.4634
Epoch: 931, Loss: 0.4634
Epoch: 936, Loss: 0.4635
Epoch: 941, Loss: 0.4640
Epoch: 946, Loss: 0.4640
Epoch: 951, Loss: 0.4632
Epoch: 956, Loss: 0.4636
Epoch: 961, Loss: 0.4632
Epoch: 966, Loss: 0.4632
Epoch: 971, Loss: 0.4632
Epoch: 976, Loss: 0.4632
Epoch: 981, Loss: 0.4632
Epoch: 986, Loss: 0.4633
Epoch: 991, Loss: 0.4635
Epoch: 996, Loss: 0.4632
Epoch: 1001, Loss: 0.4629
Elapsed time 0.1312 min
test data and predicted data:

Epoch: 6, Loss: 0.4629
Epoch: 11, Loss: 0.4629
Epoch: 16, Loss: 0.4633
Epoch: 21, Loss: 0.4642
Epoch: 26, Loss: 0.4629
Epoch: 31, Loss: 0.4632
Epoch: 36, Loss: 0.4628
Epoch: 41, Loss: 0.4630
Epoch: 46, Loss: 0.4627
Epoch: 51, Loss: 0.4627
Epoch: 56, Loss: 0.4628
Epoch: 61, Loss: 0.4627
Epoch: 66, Loss: 0.4626
Epoch: 71, Loss: 0.4626
Epoch: 76, Loss: 0.4627
Epoch: 81, Loss: 0.4632
Epoch: 86, Loss: 0.4629
Epoch: 91, Loss: 0.4624
Epoch: 96, Loss: 0.4626
Epoch: 101, Loss: 0.4626
Epoch: 106, Loss: 0.4624
Epoch: 111, Loss: 0.4623
Epoch: 116, Loss: 0.4623
Epoch: 121, Loss: 0.4622
Epoch: 126, Loss: 0.4623
Epoch: 131, Loss: 0.4632
Epoch: 136, Loss: 0.4657
Epoch: 141, Loss: 0.4631
Epoch: 146, Loss: 0.4624
Epoch: 151, Loss: 0.4622
Epoch: 156, Loss: 0.4621
Epoch: 161, Loss: 0.4620
Epoch: 166, Loss: 0.4620
Epoch: 171, Loss: 0.4620
Epoch: 176, Loss: 0.4620
Epoch: 181, Loss: 0.4619
Epoch: 186, Loss: 0.4619
Epoch: 191, Loss: 0.4619
Epoch: 196, Loss: 0.4618
Epoch: 201, Loss: 0.4618
Epoch: 206, Loss: 0.4617
Epoch: 211, Loss: 0.4617
Epoch: 216, Loss: 0.4617
Epoch: 221, Loss: 0.4616
Epoch: 226, Loss: 0.4616
Epoch: 231, Loss: 0.4618
Epoch: 236, Loss: 0.4625
Epoch: 241, Loss: 0.4625
Epoch: 246, Loss: 0.4616
Epoch: 251, Loss: 0.4618
Epoch: 256, Loss: 0.4615
Epoch: 261, Loss: 0.4616
Epoch: 266, Loss: 0.4614
Epoch: 271, Loss: 0.4615
Epoch: 276, Loss: 0.4613
Epoch: 281, Loss: 0.4613
Epoch: 286, Loss: 0.4613
Epoch: 291, Loss: 0.4613
Epoch: 296, Loss: 0.4615
Epoch: 301, Loss: 0.4624
Epoch: 306, Loss: 0.4618
Epoch: 311, Loss: 0.4614
Epoch: 316, Loss: 0.4612
Epoch: 321, Loss: 0.4613
Epoch: 326, Loss: 0.4612
Epoch: 331, Loss: 0.4610
Epoch: 336, Loss: 0.4610
Epoch: 341, Loss: 0.4609
Epoch: 346, Loss: 0.4609
Epoch: 351, Loss: 0.4609
Epoch: 356, Loss: 0.4609
Epoch: 361, Loss: 0.4611
Epoch: 366, Loss: 0.4629
Epoch: 371, Loss: 0.4621
Epoch: 376, Loss: 0.4620
Epoch: 381, Loss: 0.4614
Epoch: 386, Loss: 0.4609
Epoch: 391, Loss: 0.4609
Epoch: 396, Loss: 0.4608
Epoch: 401, Loss: 0.4607
Epoch: 406, Loss: 0.4607
Epoch: 411, Loss: 0.4606
Epoch: 416, Loss: 0.4605
Epoch: 421, Loss: 0.4605
Epoch: 426, Loss: 0.4604
Epoch: 431, Loss: 0.4604
Epoch: 436, Loss: 0.4604
Epoch: 441, Loss: 0.4603
Epoch: 446, Loss: 0.4604
Epoch: 451, Loss: 0.4605
Epoch: 456, Loss: 0.4609
Epoch: 461, Loss: 0.4606
Epoch: 466, Loss: 0.4602
Epoch: 471, Loss: 0.4604
Epoch: 476, Loss: 0.4604
Epoch: 481, Loss: 0.4603
Epoch: 486, Loss: 0.4601
Epoch: 491, Loss: 0.4600
Epoch: 496, Loss: 0.4600
Epoch: 501, Loss: 0.4600
Epoch: 506, Loss: 0.4599
Epoch: 511, Loss: 0.4599
Epoch: 516, Loss: 0.4601
Epoch: 521, Loss: 0.4643
Epoch: 526, Loss: 0.4600
Epoch: 531, Loss: 0.4598
Epoch: 536, Loss: 0.4602
Epoch: 541, Loss: 0.4605
Epoch: 546, Loss: 0.4602
Epoch: 551, Loss: 0.4598
Epoch: 556, Loss: 0.4597
Epoch: 561, Loss: 0.4597
Epoch: 566, Loss: 0.4596
Epoch: 571, Loss: 0.4596
Epoch: 576, Loss: 0.4596
Epoch: 581, Loss: 0.4595
Epoch: 586, Loss: 0.4595
Epoch: 591, Loss: 0.4595
Epoch: 596, Loss: 0.4595
Epoch: 601, Loss: 0.4594
Epoch: 606, Loss: 0.4594
Epoch: 611, Loss: 0.4594
Epoch: 616, Loss: 0.4593
Epoch: 621, Loss: 0.4593
Epoch: 626, Loss: 0.4593
Epoch: 631, Loss: 0.4592
Epoch: 636, Loss: 0.4592
Epoch: 641, Loss: 0.4592
Epoch: 646, Loss: 0.4592
Epoch: 651, Loss: 0.4591
Epoch: 656, Loss: 0.4591
Epoch: 661, Loss: 0.4591
Epoch: 666, Loss: 0.4590
Epoch: 671, Loss: 0.4590
Epoch: 676, Loss: 0.4591
Epoch: 681, Loss: 0.4596
Epoch: 686, Loss: 0.4621
Epoch: 691, Loss: 0.4589
Epoch: 696, Loss: 0.4596
Epoch: 701, Loss: 0.4596
Epoch: 706, Loss: 0.4593
Epoch: 711, Loss: 0.4590
Epoch: 716, Loss: 0.4588
Epoch: 721, Loss: 0.4588
Epoch: 726, Loss: 0.4588
Epoch: 731, Loss: 0.4587
Epoch: 736, Loss: 0.4587
Epoch: 741, Loss: 0.4586
Epoch: 746, Loss: 0.4586
Epoch: 751, Loss: 0.4586
Epoch: 756, Loss: 0.4585
Epoch: 761, Loss: 0.4585
Epoch: 766, Loss: 0.4585
Epoch: 771, Loss: 0.4585
Epoch: 776, Loss: 0.4585
Epoch: 781, Loss: 0.4592
Epoch: 786, Loss: 0.4605
Epoch: 791, Loss: 0.4584
Epoch: 796, Loss: 0.4598
Epoch: 801, Loss: 0.4592
Epoch: 806, Loss: 0.4585
Epoch: 811, Loss: 0.4585
Epoch: 816, Loss: 0.4586
Epoch: 821, Loss: 0.4585
Epoch: 826, Loss: 0.4587
Epoch: 831, Loss: 0.4591
Epoch: 836, Loss: 0.4588
Epoch: 841, Loss: 0.4585
Epoch: 846, Loss: 0.4585
Epoch: 851, Loss: 0.4586
Epoch: 856, Loss: 0.4584
Epoch: 861, Loss: 0.4583
Epoch: 866, Loss: 0.4581
Epoch: 871, Loss: 0.4581
Epoch: 876, Loss: 0.4581
Epoch: 881, Loss: 0.4581
Epoch: 886, Loss: 0.4592
Epoch: 891, Loss: 0.4650
Epoch: 896, Loss: 0.4607
Epoch: 901, Loss: 0.4596
Epoch: 906, Loss: 0.4588
Epoch: 911, Loss: 0.4581
Epoch: 916, Loss: 0.4579
Epoch: 921, Loss: 0.4578
Epoch: 926, Loss: 0.4578
Epoch: 931, Loss: 0.4578
Epoch: 936, Loss: 0.4577
Epoch: 941, Loss: 0.4577
Epoch: 946, Loss: 0.4576
Epoch: 951, Loss: 0.4576
Epoch: 956, Loss: 0.4576
Epoch: 961, Loss: 0.4575
Epoch: 966, Loss: 0.4575
Epoch: 971, Loss: 0.4575
Epoch: 976, Loss: 0.4575
Epoch: 981, Loss: 0.4574
Epoch: 986, Loss: 0.4574
Epoch: 991, Loss: 0.4574
Epoch: 996, Loss: 0.4574
Epoch: 1001, Loss: 0.4575
Elapsed time 0.1302 min
test data and predicted data:

Epoch: 6, Loss: 0.4575
Epoch: 11, Loss: 0.4573
Epoch: 16, Loss: 0.4573
Epoch: 21, Loss: 0.4573
Epoch: 26, Loss: 0.4572
Epoch: 31, Loss: 0.4573
Epoch: 36, Loss: 0.4578
Epoch: 41, Loss: 0.4600
Epoch: 46, Loss: 0.4572
Epoch: 51, Loss: 0.4579
Epoch: 56, Loss: 0.4577
Epoch: 61, Loss: 0.4572
Epoch: 66, Loss: 0.4570
Epoch: 71, Loss: 0.4570
Epoch: 76, Loss: 0.4571
Epoch: 81, Loss: 0.4570
Epoch: 86, Loss: 0.4570
Epoch: 91, Loss: 0.4569
Epoch: 96, Loss: 0.4569
Epoch: 101, Loss: 0.4568
Epoch: 106, Loss: 0.4568
Epoch: 111, Loss: 0.4568
Epoch: 116, Loss: 0.4568
Epoch: 121, Loss: 0.4567
Epoch: 126, Loss: 0.4567
Epoch: 131, Loss: 0.4567
Epoch: 136, Loss: 0.4587
Epoch: 141, Loss: 0.4607
Epoch: 146, Loss: 0.4593
Epoch: 151, Loss: 0.4580
Epoch: 156, Loss: 0.4576
Epoch: 161, Loss: 0.4569
Epoch: 166, Loss: 0.4567
Epoch: 171, Loss: 0.4567
Epoch: 176, Loss: 0.4569
Epoch: 181, Loss: 0.4565
Epoch: 186, Loss: 0.4568
Epoch: 191, Loss: 0.4569
Epoch: 196, Loss: 0.4567
Epoch: 201, Loss: 0.4567
Epoch: 206, Loss: 0.4568
Epoch: 211, Loss: 0.4567
Epoch: 216, Loss: 0.4566
Epoch: 221, Loss: 0.4565
Epoch: 226, Loss: 0.4562
Epoch: 231, Loss: 0.4564
Epoch: 236, Loss: 0.4563
Epoch: 241, Loss: 0.4563
Epoch: 246, Loss: 0.4562
Epoch: 251, Loss: 0.4564
Epoch: 256, Loss: 0.4566
Epoch: 261, Loss: 0.4563
Epoch: 266, Loss: 0.4562
Epoch: 271, Loss: 0.4560
Epoch: 276, Loss: 0.4560
Epoch: 281, Loss: 0.4569
Epoch: 286, Loss: 0.4666
Epoch: 291, Loss: 0.4593
Epoch: 296, Loss: 0.4595
Epoch: 301, Loss: 0.4571
Epoch: 306, Loss: 0.4563
Epoch: 311, Loss: 0.4566
Epoch: 316, Loss: 0.4558
Epoch: 321, Loss: 0.4557
Epoch: 326, Loss: 0.4557
Epoch: 331, Loss: 0.4556
Epoch: 336, Loss: 0.4555
Epoch: 341, Loss: 0.4554
Epoch: 346, Loss: 0.4554
Epoch: 351, Loss: 0.4553
Epoch: 356, Loss: 0.4553
Epoch: 361, Loss: 0.4553
Epoch: 366, Loss: 0.4552
Epoch: 371, Loss: 0.4552
Epoch: 376, Loss: 0.4552
Epoch: 381, Loss: 0.4552
Epoch: 386, Loss: 0.4551
Epoch: 391, Loss: 0.4551
Epoch: 396, Loss: 0.4551
Epoch: 401, Loss: 0.4550
Epoch: 406, Loss: 0.4550
Epoch: 411, Loss: 0.4550
Epoch: 416, Loss: 0.4550
Epoch: 421, Loss: 0.4549
Epoch: 426, Loss: 0.4549
Epoch: 431, Loss: 0.4549
Epoch: 436, Loss: 0.4549
Epoch: 441, Loss: 0.4550
Epoch: 446, Loss: 0.4550
Epoch: 451, Loss: 0.4555
Epoch: 456, Loss: 0.4565
Epoch: 461, Loss: 0.4554
Epoch: 466, Loss: 0.4559
Epoch: 471, Loss: 0.4549
Epoch: 476, Loss: 0.4552
Epoch: 481, Loss: 0.4554
Epoch: 486, Loss: 0.4556
Epoch: 491, Loss: 0.4555
Epoch: 496, Loss: 0.4552
Epoch: 501, Loss: 0.4550
Epoch: 506, Loss: 0.4550
Epoch: 511, Loss: 0.4549
Epoch: 516, Loss: 0.4549
Epoch: 521, Loss: 0.4549
Epoch: 526, Loss: 0.4555
Epoch: 531, Loss: 0.4611
Epoch: 536, Loss: 0.4554
Epoch: 541, Loss: 0.4549
Epoch: 546, Loss: 0.4550
Epoch: 551, Loss: 0.4550
Epoch: 556, Loss: 0.4549
Epoch: 561, Loss: 0.4548
Epoch: 566, Loss: 0.4547
Epoch: 571, Loss: 0.4546
Epoch: 576, Loss: 0.4545
Epoch: 581, Loss: 0.4544
Epoch: 586, Loss: 0.4544
Epoch: 591, Loss: 0.4544
Epoch: 596, Loss: 0.4544
Epoch: 601, Loss: 0.4543
Epoch: 606, Loss: 0.4543
Epoch: 611, Loss: 0.4543
Epoch: 616, Loss: 0.4542
Epoch: 621, Loss: 0.4542
Epoch: 626, Loss: 0.4542
Epoch: 631, Loss: 0.4542
Epoch: 636, Loss: 0.4542
Epoch: 641, Loss: 0.4542
Epoch: 646, Loss: 0.4544
Epoch: 651, Loss: 0.4557
Epoch: 656, Loss: 0.4563
Epoch: 661, Loss: 0.4545
Epoch: 666, Loss: 0.4543
Epoch: 671, Loss: 0.4545
Epoch: 676, Loss: 0.4542
Epoch: 681, Loss: 0.4540
Epoch: 686, Loss: 0.4540
Epoch: 691, Loss: 0.4539
Epoch: 696, Loss: 0.4539
Epoch: 701, Loss: 0.4539
Epoch: 706, Loss: 0.4539
Epoch: 711, Loss: 0.4539
Epoch: 716, Loss: 0.4541
Epoch: 721, Loss: 0.4555
Epoch: 726, Loss: 0.4561
Epoch: 731, Loss: 0.4543
Epoch: 736, Loss: 0.4538
Epoch: 741, Loss: 0.4542
Epoch: 746, Loss: 0.4538
Epoch: 751, Loss: 0.4536
Epoch: 756, Loss: 0.4537
Epoch: 761, Loss: 0.4536
Epoch: 766, Loss: 0.4536
Epoch: 771, Loss: 0.4535
Epoch: 776, Loss: 0.4535
Epoch: 781, Loss: 0.4535
Epoch: 786, Loss: 0.4535
Epoch: 791, Loss: 0.4535
Epoch: 796, Loss: 0.4540
Epoch: 801, Loss: 0.4557
Epoch: 806, Loss: 0.4540
Epoch: 811, Loss: 0.4542
Epoch: 816, Loss: 0.4547
Epoch: 821, Loss: 0.4544
Epoch: 826, Loss: 0.4537
Epoch: 831, Loss: 0.4539
Epoch: 836, Loss: 0.4543
Epoch: 841, Loss: 0.4540
Epoch: 846, Loss: 0.4534
Epoch: 851, Loss: 0.4533
Epoch: 856, Loss: 0.4541
Epoch: 861, Loss: 0.4535
Epoch: 866, Loss: 0.4535
Epoch: 871, Loss: 0.4534
Epoch: 876, Loss: 0.4531
Epoch: 881, Loss: 0.4534
Epoch: 886, Loss: 0.4539
Epoch: 891, Loss: 0.4537
Epoch: 896, Loss: 0.4536
Epoch: 901, Loss: 0.4534
Epoch: 906, Loss: 0.4538
Epoch: 911, Loss: 0.4532
Epoch: 916, Loss: 0.4530
Epoch: 921, Loss: 0.4530
Epoch: 926, Loss: 0.4532
Epoch: 931, Loss: 0.4554
Epoch: 936, Loss: 0.4551
Epoch: 941, Loss: 0.4543
Epoch: 946, Loss: 0.4535
Epoch: 951, Loss: 0.4530
Epoch: 956, Loss: 0.4536
Epoch: 961, Loss: 0.4537
Epoch: 966, Loss: 0.4535
Epoch: 971, Loss: 0.4534
Epoch: 976, Loss: 0.4533
Epoch: 981, Loss: 0.4532
Epoch: 986, Loss: 0.4527
Epoch: 991, Loss: 0.4526
Epoch: 996, Loss: 0.4525
Epoch: 1001, Loss: 0.4525
Elapsed time 0.1321 min
test data and predicted data:

Epoch: 6, Loss: 0.4533
Epoch: 11, Loss: 0.4537
Epoch: 16, Loss: 0.4533
Epoch: 21, Loss: 0.4526
Epoch: 26, Loss: 0.4526
Epoch: 31, Loss: 0.4531
Epoch: 36, Loss: 0.4533
Epoch: 41, Loss: 0.4533
Epoch: 46, Loss: 0.4547
Epoch: 51, Loss: 0.4587
Epoch: 56, Loss: 0.4546
Epoch: 61, Loss: 0.4532
Epoch: 66, Loss: 0.4529
Epoch: 71, Loss: 0.4527
Epoch: 76, Loss: 0.4527
Epoch: 81, Loss: 0.4527
Epoch: 86, Loss: 0.4523
Epoch: 91, Loss: 0.4522
Epoch: 96, Loss: 0.4522
Epoch: 101, Loss: 0.4521
Epoch: 106, Loss: 0.4520
Epoch: 111, Loss: 0.4520
Epoch: 116, Loss: 0.4520
Epoch: 121, Loss: 0.4520
Epoch: 126, Loss: 0.4519
Epoch: 131, Loss: 0.4521
Epoch: 136, Loss: 0.4520
Epoch: 141, Loss: 0.4519
Epoch: 146, Loss: 0.4518
Epoch: 151, Loss: 0.4518
Epoch: 156, Loss: 0.4519
Epoch: 161, Loss: 0.4532
Epoch: 166, Loss: 0.4556
Epoch: 171, Loss: 0.4521
Epoch: 176, Loss: 0.4518
Epoch: 181, Loss: 0.4521
Epoch: 186, Loss: 0.4520
Epoch: 191, Loss: 0.4521
Epoch: 196, Loss: 0.4527
Epoch: 201, Loss: 0.4520
Epoch: 206, Loss: 0.4526
Epoch: 211, Loss: 0.4525
Epoch: 216, Loss: 0.4525
Epoch: 221, Loss: 0.4524
Epoch: 226, Loss: 0.4524
Epoch: 231, Loss: 0.4523
Epoch: 236, Loss: 0.4522
Epoch: 241, Loss: 0.4522
Epoch: 246, Loss: 0.4521
Epoch: 251, Loss: 0.4516
Epoch: 256, Loss: 0.4516
Epoch: 261, Loss: 0.4525
Epoch: 266, Loss: 0.4517
Epoch: 271, Loss: 0.4544
Epoch: 276, Loss: 0.4565
Epoch: 281, Loss: 0.4556
Epoch: 286, Loss: 0.4534
Epoch: 291, Loss: 0.4519
Epoch: 296, Loss: 0.4523
Epoch: 301, Loss: 0.4527
Epoch: 306, Loss: 0.4527
Epoch: 311, Loss: 0.4525
Epoch: 316, Loss: 0.4523
Epoch: 321, Loss: 0.4521
Epoch: 326, Loss: 0.4520
Epoch: 331, Loss: 0.4519
Epoch: 336, Loss: 0.4515
Epoch: 341, Loss: 0.4516
Epoch: 346, Loss: 0.4514
Epoch: 351, Loss: 0.4523
Epoch: 356, Loss: 0.4520
Epoch: 361, Loss: 0.4520
Epoch: 366, Loss: 0.4518
Epoch: 371, Loss: 0.4518
Epoch: 376, Loss: 0.4517
Epoch: 381, Loss: 0.4517
Epoch: 386, Loss: 0.4516
Epoch: 391, Loss: 0.4516
Epoch: 396, Loss: 0.4517
Epoch: 401, Loss: 0.4515
Epoch: 406, Loss: 0.4517
Epoch: 411, Loss: 0.4514
Epoch: 416, Loss: 0.4513
Epoch: 421, Loss: 0.4523
Epoch: 426, Loss: 0.4527
Epoch: 431, Loss: 0.4520
Epoch: 436, Loss: 0.4510
Epoch: 441, Loss: 0.4515
Epoch: 446, Loss: 0.4514
Epoch: 451, Loss: 0.4512
Epoch: 456, Loss: 0.4510
Epoch: 461, Loss: 0.4509
Epoch: 466, Loss: 0.4511
Epoch: 471, Loss: 0.4520
Epoch: 476, Loss: 0.4531
Epoch: 481, Loss: 0.4508
Epoch: 486, Loss: 0.4513
Epoch: 491, Loss: 0.4507
Epoch: 496, Loss: 0.4509
Epoch: 501, Loss: 0.4506
Epoch: 506, Loss: 0.4506
Epoch: 511, Loss: 0.4506
Epoch: 516, Loss: 0.4506
Epoch: 521, Loss: 0.4509
Epoch: 526, Loss: 0.4519
Epoch: 531, Loss: 0.4518
Epoch: 536, Loss: 0.4505
Epoch: 541, Loss: 0.4509
Epoch: 546, Loss: 0.4505
Epoch: 551, Loss: 0.4507
Epoch: 556, Loss: 0.4506
Epoch: 561, Loss: 0.4504
Epoch: 566, Loss: 0.4504
Epoch: 571, Loss: 0.4504
Epoch: 576, Loss: 0.4505
Epoch: 581, Loss: 0.4516
Epoch: 586, Loss: 0.4538
Epoch: 591, Loss: 0.4504
Epoch: 596, Loss: 0.4512
Epoch: 601, Loss: 0.4507
Epoch: 606, Loss: 0.4502
Epoch: 611, Loss: 0.4504
Epoch: 616, Loss: 0.4503
Epoch: 621, Loss: 0.4502
Epoch: 626, Loss: 0.4502
Epoch: 631, Loss: 0.4502
Epoch: 636, Loss: 0.4501
Epoch: 641, Loss: 0.4502
Epoch: 646, Loss: 0.4504
Epoch: 651, Loss: 0.4506
Epoch: 656, Loss: 0.4512
Epoch: 661, Loss: 0.4521
Epoch: 666, Loss: 0.4505
Epoch: 671, Loss: 0.4519
Epoch: 676, Loss: 0.4504
Epoch: 681, Loss: 0.4510
Epoch: 686, Loss: 0.4502
Epoch: 691, Loss: 0.4506
Epoch: 696, Loss: 0.4503
Epoch: 701, Loss: 0.4507
Epoch: 706, Loss: 0.4502
Epoch: 711, Loss: 0.4501
Epoch: 716, Loss: 0.4513
Epoch: 721, Loss: 0.4527
Epoch: 726, Loss: 0.4512
Epoch: 731, Loss: 0.4515
Epoch: 736, Loss: 0.4506
Epoch: 741, Loss: 0.4512
Epoch: 746, Loss: 0.4510
Epoch: 751, Loss: 0.4506
Epoch: 756, Loss: 0.4504
Epoch: 761, Loss: 0.4506
Epoch: 766, Loss: 0.4506
Epoch: 771, Loss: 0.4505
Epoch: 776, Loss: 0.4501
Epoch: 781, Loss: 0.4501
Epoch: 786, Loss: 0.4503
Epoch: 791, Loss: 0.4503
Epoch: 796, Loss: 0.4500
Epoch: 801, Loss: 0.4498
Epoch: 806, Loss: 0.4498
Epoch: 811, Loss: 0.4502
Epoch: 816, Loss: 0.4520
Epoch: 821, Loss: 0.4523
Epoch: 826, Loss: 0.4507
Epoch: 831, Loss: 0.4499
Epoch: 836, Loss: 0.4500
Epoch: 841, Loss: 0.4499
Epoch: 846, Loss: 0.4497
Epoch: 851, Loss: 0.4497
Epoch: 856, Loss: 0.4496
Epoch: 861, Loss: 0.4496
Epoch: 866, Loss: 0.4495
Epoch: 871, Loss: 0.4496
Epoch: 876, Loss: 0.4495
Epoch: 881, Loss: 0.4495
Epoch: 886, Loss: 0.4496
Epoch: 891, Loss: 0.4502
Epoch: 896, Loss: 0.4529
Epoch: 901, Loss: 0.4513
Epoch: 906, Loss: 0.4506
Epoch: 911, Loss: 0.4501
Epoch: 916, Loss: 0.4501
Epoch: 921, Loss: 0.4500
Epoch: 926, Loss: 0.4502
Epoch: 931, Loss: 0.4495
Epoch: 936, Loss: 0.4502
Epoch: 941, Loss: 0.4506
Epoch: 946, Loss: 0.4506
Epoch: 951, Loss: 0.4504
Epoch: 956, Loss: 0.4508
Epoch: 961, Loss: 0.4505
Epoch: 966, Loss: 0.4505
Epoch: 971, Loss: 0.4504
Epoch: 976, Loss: 0.4503
Epoch: 981, Loss: 0.4503
Epoch: 986, Loss: 0.4504
Epoch: 991, Loss: 0.4507
Epoch: 996, Loss: 0.4509
Epoch: 1001, Loss: 0.4508
Elapsed time 0.1321 min
test data and predicted data:

Epoch: 6, Loss: 0.4499
Epoch: 11, Loss: 0.4502
Epoch: 16, Loss: 0.4510
Epoch: 21, Loss: 0.4512
Epoch: 26, Loss: 0.4510
Epoch: 31, Loss: 0.4509
Epoch: 36, Loss: 0.4510
Epoch: 41, Loss: 0.4507
Epoch: 46, Loss: 0.4504
Epoch: 51, Loss: 0.4504
Epoch: 56, Loss: 0.4514
Epoch: 61, Loss: 0.4516
Epoch: 66, Loss: 0.4496
Epoch: 71, Loss: 0.4505
Epoch: 76, Loss: 0.4495
Epoch: 81, Loss: 0.4495
Epoch: 86, Loss: 0.4493
Epoch: 91, Loss: 0.4495
Epoch: 96, Loss: 0.4491
Epoch: 101, Loss: 0.4494
Epoch: 106, Loss: 0.4494
Epoch: 111, Loss: 0.4492
Epoch: 116, Loss: 0.4490
Epoch: 121, Loss: 0.4490
Epoch: 126, Loss: 0.4490
Epoch: 131, Loss: 0.4490
Epoch: 136, Loss: 0.4490
Epoch: 141, Loss: 0.4493
Epoch: 146, Loss: 0.4532
Epoch: 151, Loss: 0.4531
Epoch: 156, Loss: 0.4528
Epoch: 161, Loss: 0.4516
Epoch: 166, Loss: 0.4502
Epoch: 171, Loss: 0.4495
Epoch: 176, Loss: 0.4492
Epoch: 181, Loss: 0.4491
Epoch: 186, Loss: 0.4491
Epoch: 191, Loss: 0.4490
Epoch: 196, Loss: 0.4490
Epoch: 201, Loss: 0.4489
Epoch: 206, Loss: 0.4491
Epoch: 211, Loss: 0.4491
Epoch: 216, Loss: 0.4490
Epoch: 221, Loss: 0.4489
Epoch: 226, Loss: 0.4489
Epoch: 231, Loss: 0.4488
Epoch: 236, Loss: 0.4488
Epoch: 241, Loss: 0.4488
Epoch: 246, Loss: 0.4487
Epoch: 251, Loss: 0.4487
Epoch: 256, Loss: 0.4487
Epoch: 261, Loss: 0.4487
Epoch: 266, Loss: 0.4487
Epoch: 271, Loss: 0.4486
Epoch: 276, Loss: 0.4486
Epoch: 281, Loss: 0.4487
Epoch: 286, Loss: 0.4486
Epoch: 291, Loss: 0.4489
Epoch: 296, Loss: 0.4498
Epoch: 301, Loss: 0.4537
Epoch: 306, Loss: 0.4487
Epoch: 311, Loss: 0.4494
Epoch: 316, Loss: 0.4495
Epoch: 321, Loss: 0.4492
Epoch: 326, Loss: 0.4487
Epoch: 331, Loss: 0.4486
Epoch: 336, Loss: 0.4486
Epoch: 341, Loss: 0.4486
Epoch: 346, Loss: 0.4485
Epoch: 351, Loss: 0.4485
Epoch: 356, Loss: 0.4485
Epoch: 361, Loss: 0.4484
Epoch: 366, Loss: 0.4485
Epoch: 371, Loss: 0.4485
Epoch: 376, Loss: 0.4487
Epoch: 381, Loss: 0.4485
Epoch: 386, Loss: 0.4488
Epoch: 391, Loss: 0.4487
Epoch: 396, Loss: 0.4488
Epoch: 401, Loss: 0.4494
Epoch: 406, Loss: 0.4498
Epoch: 411, Loss: 0.4494
Epoch: 416, Loss: 0.4488
Epoch: 421, Loss: 0.4485
Epoch: 426, Loss: 0.4486
Epoch: 431, Loss: 0.4488
Epoch: 436, Loss: 0.4493
Epoch: 441, Loss: 0.4505
Epoch: 446, Loss: 0.4503
Epoch: 451, Loss: 0.4493
Epoch: 456, Loss: 0.4507
Epoch: 461, Loss: 0.4499
Epoch: 466, Loss: 0.4490
Epoch: 471, Loss: 0.4494
Epoch: 476, Loss: 0.4507
Epoch: 481, Loss: 0.4487
Epoch: 486, Loss: 0.4492
Epoch: 491, Loss: 0.4484
Epoch: 496, Loss: 0.4488
Epoch: 501, Loss: 0.4486
Epoch: 506, Loss: 0.4485
Epoch: 511, Loss: 0.4485
Epoch: 516, Loss: 0.4484
Epoch: 521, Loss: 0.4483
Epoch: 526, Loss: 0.4483
Epoch: 531, Loss: 0.4483
Epoch: 536, Loss: 0.4483
Epoch: 541, Loss: 0.4483
Epoch: 546, Loss: 0.4497
Epoch: 551, Loss: 0.4604
Epoch: 556, Loss: 0.4531
Epoch: 561, Loss: 0.4515
Epoch: 566, Loss: 0.4501
Epoch: 571, Loss: 0.4487
Epoch: 576, Loss: 0.4483
Epoch: 581, Loss: 0.4484
Epoch: 586, Loss: 0.4485
Epoch: 591, Loss: 0.4484
Epoch: 596, Loss: 0.4483
Epoch: 601, Loss: 0.4482
Epoch: 606, Loss: 0.4482
Epoch: 611, Loss: 0.4481
Epoch: 616, Loss: 0.4481
Epoch: 621, Loss: 0.4481
Epoch: 626, Loss: 0.4480
Epoch: 631, Loss: 0.4480
Epoch: 636, Loss: 0.4480
Epoch: 641, Loss: 0.4481
Epoch: 646, Loss: 0.4481
Epoch: 651, Loss: 0.4480
Epoch: 656, Loss: 0.4480
Epoch: 661, Loss: 0.4480
Epoch: 666, Loss: 0.4480
Epoch: 671, Loss: 0.4480
Epoch: 676, Loss: 0.4479
Epoch: 681, Loss: 0.4479
Epoch: 686, Loss: 0.4479
Epoch: 691, Loss: 0.4479
Epoch: 696, Loss: 0.4479
Epoch: 701, Loss: 0.4479
Epoch: 706, Loss: 0.4479
Epoch: 711, Loss: 0.4480
Epoch: 716, Loss: 0.4485
Epoch: 721, Loss: 0.4503
Epoch: 726, Loss: 0.4492
Epoch: 731, Loss: 0.4486
Epoch: 736, Loss: 0.4478
Epoch: 741, Loss: 0.4482
Epoch: 746, Loss: 0.4478
Epoch: 751, Loss: 0.4479
Epoch: 756, Loss: 0.4479
Epoch: 761, Loss: 0.4482
Epoch: 766, Loss: 0.4480
Epoch: 771, Loss: 0.4479
Epoch: 776, Loss: 0.4481
Epoch: 781, Loss: 0.4488
Epoch: 786, Loss: 0.4491
Epoch: 791, Loss: 0.4494
Epoch: 796, Loss: 0.4494
Epoch: 801, Loss: 0.4488
Epoch: 806, Loss: 0.4485
Epoch: 811, Loss: 0.4486
Epoch: 816, Loss: 0.4485
Epoch: 821, Loss: 0.4487
Epoch: 826, Loss: 0.4488
Epoch: 831, Loss: 0.4498
Epoch: 836, Loss: 0.4487
Epoch: 841, Loss: 0.4478
Epoch: 846, Loss: 0.4478
Epoch: 851, Loss: 0.4479
Epoch: 856, Loss: 0.4479
Epoch: 861, Loss: 0.4477
Epoch: 866, Loss: 0.4482
Epoch: 871, Loss: 0.4481
Epoch: 876, Loss: 0.4480
Epoch: 881, Loss: 0.4484
Epoch: 886, Loss: 0.4484
Epoch: 891, Loss: 0.4477
Epoch: 896, Loss: 0.4498
Epoch: 901, Loss: 0.4500
Epoch: 906, Loss: 0.4492
Epoch: 911, Loss: 0.4482
Epoch: 916, Loss: 0.4499
Epoch: 921, Loss: 0.4488
Epoch: 926, Loss: 0.4487
Epoch: 931, Loss: 0.4490
Epoch: 936, Loss: 0.4500
Epoch: 941, Loss: 0.4498
Epoch: 946, Loss: 0.4492
Epoch: 951, Loss: 0.4486
Epoch: 956, Loss: 0.4486
Epoch: 961, Loss: 0.4489
Epoch: 966, Loss: 0.4490
Epoch: 971, Loss: 0.4490
Epoch: 976, Loss: 0.4497
Epoch: 981, Loss: 0.4494
Epoch: 986, Loss: 0.4492
Epoch: 991, Loss: 0.4488
Epoch: 996, Loss: 0.4488
Epoch: 1001, Loss: 0.4487
Elapsed time 0.1281 min
test data and predicted data:

Epoch: 6, Loss: 0.4487
Epoch: 11, Loss: 0.4488
Epoch: 16, Loss: 0.4505
Epoch: 21, Loss: 0.4548
Epoch: 26, Loss: 0.4497
Epoch: 31, Loss: 0.4486
Epoch: 36, Loss: 0.4489
Epoch: 41, Loss: 0.4490
Epoch: 46, Loss: 0.4489
Epoch: 51, Loss: 0.4488
Epoch: 56, Loss: 0.4486
Epoch: 61, Loss: 0.4485
Epoch: 66, Loss: 0.4485
Epoch: 71, Loss: 0.4485
Epoch: 76, Loss: 0.4484
Epoch: 81, Loss: 0.4484
Epoch: 86, Loss: 0.4484
Epoch: 91, Loss: 0.4484
Epoch: 96, Loss: 0.4484
Epoch: 101, Loss: 0.4484
Epoch: 106, Loss: 0.4484
Epoch: 111, Loss: 0.4483
Epoch: 116, Loss: 0.4483
Epoch: 121, Loss: 0.4484
Epoch: 126, Loss: 0.4486
Epoch: 131, Loss: 0.4499
Epoch: 136, Loss: 0.4519
Epoch: 141, Loss: 0.4483
Epoch: 146, Loss: 0.4490
Epoch: 151, Loss: 0.4488
Epoch: 156, Loss: 0.4482
Epoch: 161, Loss: 0.4484
Epoch: 166, Loss: 0.4483
Epoch: 171, Loss: 0.4482
Epoch: 176, Loss: 0.4482
Epoch: 181, Loss: 0.4482
Epoch: 186, Loss: 0.4482
Epoch: 191, Loss: 0.4482
Epoch: 196, Loss: 0.4482
Epoch: 201, Loss: 0.4482
Epoch: 206, Loss: 0.4483
Epoch: 211, Loss: 0.4489
Epoch: 216, Loss: 0.4501
Epoch: 221, Loss: 0.4489
Epoch: 226, Loss: 0.4483
Epoch: 231, Loss: 0.4485
Epoch: 236, Loss: 0.4481
Epoch: 241, Loss: 0.4483
Epoch: 246, Loss: 0.4481
Epoch: 251, Loss: 0.4480
Epoch: 256, Loss: 0.4481
Epoch: 261, Loss: 0.4482
Epoch: 266, Loss: 0.4484
Epoch: 271, Loss: 0.4488
Epoch: 276, Loss: 0.4491
Epoch: 281, Loss: 0.4484
Epoch: 286, Loss: 0.4480
Epoch: 291, Loss: 0.4482
Epoch: 296, Loss: 0.4482
Epoch: 301, Loss: 0.4480
Epoch: 306, Loss: 0.4479
Epoch: 311, Loss: 0.4479
Epoch: 316, Loss: 0.4481
Epoch: 321, Loss: 0.4488
Epoch: 326, Loss: 0.4519
Epoch: 331, Loss: 0.4501
Epoch: 336, Loss: 0.4519
Epoch: 341, Loss: 0.4510
Epoch: 346, Loss: 0.4507
Epoch: 351, Loss: 0.4497
Epoch: 356, Loss: 0.4492
Epoch: 361, Loss: 0.4492
Epoch: 366, Loss: 0.4485
Epoch: 371, Loss: 0.4494
Epoch: 376, Loss: 0.4489
Epoch: 381, Loss: 0.4487
Epoch: 386, Loss: 0.4485
Epoch: 391, Loss: 0.4483
Epoch: 396, Loss: 0.4482
Epoch: 401, Loss: 0.4481
Epoch: 406, Loss: 0.4481
Epoch: 411, Loss: 0.4481
Epoch: 416, Loss: 0.4480
Epoch: 421, Loss: 0.4480
Epoch: 426, Loss: 0.4480
Epoch: 431, Loss: 0.4480
Epoch: 436, Loss: 0.4480
Epoch: 441, Loss: 0.4479
Epoch: 446, Loss: 0.4479
Epoch: 451, Loss: 0.4479
Epoch: 456, Loss: 0.4480
Epoch: 461, Loss: 0.4484
Epoch: 466, Loss: 0.4501
Epoch: 471, Loss: 0.4503
Epoch: 476, Loss: 0.4483
Epoch: 481, Loss: 0.4482
Epoch: 486, Loss: 0.4483
Epoch: 491, Loss: 0.4478
Epoch: 496, Loss: 0.4480
Epoch: 501, Loss: 0.4478
Epoch: 506, Loss: 0.4478
Epoch: 511, Loss: 0.4477
Epoch: 516, Loss: 0.4477
Epoch: 521, Loss: 0.4477
Epoch: 526, Loss: 0.4477
Epoch: 531, Loss: 0.4477
Epoch: 536, Loss: 0.4479
Epoch: 541, Loss: 0.4490
Epoch: 546, Loss: 0.4514
Epoch: 551, Loss: 0.4477
Epoch: 556, Loss: 0.4489
Epoch: 561, Loss: 0.4480
Epoch: 566, Loss: 0.4477
Epoch: 571, Loss: 0.4479
Epoch: 576, Loss: 0.4477
Epoch: 581, Loss: 0.4477
Epoch: 586, Loss: 0.4476
Epoch: 591, Loss: 0.4476
Epoch: 596, Loss: 0.4475
Epoch: 601, Loss: 0.4475
Epoch: 606, Loss: 0.4475
Epoch: 611, Loss: 0.4476
Epoch: 616, Loss: 0.4479
Epoch: 621, Loss: 0.4489
Epoch: 626, Loss: 0.4497
Epoch: 631, Loss: 0.4475
Epoch: 636, Loss: 0.4482
Epoch: 641, Loss: 0.4475
Epoch: 646, Loss: 0.4477
Epoch: 651, Loss: 0.4475
Epoch: 656, Loss: 0.4475
Epoch: 661, Loss: 0.4476
Epoch: 666, Loss: 0.4475
Epoch: 671, Loss: 0.4475
Epoch: 676, Loss: 0.4475
Epoch: 681, Loss: 0.4480
Epoch: 686, Loss: 0.4492
Epoch: 691, Loss: 0.4489
Epoch: 696, Loss: 0.4474
Epoch: 701, Loss: 0.4480
Epoch: 706, Loss: 0.4473
Epoch: 711, Loss: 0.4475
Epoch: 716, Loss: 0.4474
Epoch: 721, Loss: 0.4473
Epoch: 726, Loss: 0.4474
Epoch: 731, Loss: 0.4474
Epoch: 736, Loss: 0.4476
Epoch: 741, Loss: 0.4484
Epoch: 746, Loss: 0.4489
Epoch: 751, Loss: 0.4474
Epoch: 756, Loss: 0.4477
Epoch: 761, Loss: 0.4475
Epoch: 766, Loss: 0.4472
Epoch: 771, Loss: 0.4474
Epoch: 776, Loss: 0.4473
Epoch: 781, Loss: 0.4472
Epoch: 786, Loss: 0.4471
Epoch: 791, Loss: 0.4472
Epoch: 796, Loss: 0.4478
Epoch: 801, Loss: 0.4509
Epoch: 806, Loss: 0.4489
Epoch: 811, Loss: 0.4488
Epoch: 816, Loss: 0.4472
Epoch: 821, Loss: 0.4472
Epoch: 826, Loss: 0.4475
Epoch: 831, Loss: 0.4472
Epoch: 836, Loss: 0.4471
Epoch: 841, Loss: 0.4471
Epoch: 846, Loss: 0.4470
Epoch: 851, Loss: 0.4471
Epoch: 856, Loss: 0.4470
Epoch: 861, Loss: 0.4470
Epoch: 866, Loss: 0.4470
Epoch: 871, Loss: 0.4471
Epoch: 876, Loss: 0.4472
Epoch: 881, Loss: 0.4476
Epoch: 886, Loss: 0.4486
Epoch: 891, Loss: 0.4479
Epoch: 896, Loss: 0.4470
Epoch: 901, Loss: 0.4475
Epoch: 906, Loss: 0.4470
Epoch: 911, Loss: 0.4469
Epoch: 916, Loss: 0.4471
Epoch: 921, Loss: 0.4471
Epoch: 926, Loss: 0.4470
Epoch: 931, Loss: 0.4469
Epoch: 936, Loss: 0.4469
Epoch: 941, Loss: 0.4469
Epoch: 946, Loss: 0.4469
Epoch: 951, Loss: 0.4474
Epoch: 956, Loss: 0.4522
Epoch: 961, Loss: 0.4487
Epoch: 966, Loss: 0.4499
Epoch: 971, Loss: 0.4489
Epoch: 976, Loss: 0.4482
Epoch: 981, Loss: 0.4476
Epoch: 986, Loss: 0.4472
Epoch: 991, Loss: 0.4470
Epoch: 996, Loss: 0.4468
Epoch: 1001, Loss: 0.4467
Elapsed time 0.1313 min
test data and predicted data:

Epoch: 6, Loss: 0.4467
Epoch: 11, Loss: 0.4467
Epoch: 16, Loss: 0.4467
Epoch: 21, Loss: 0.4467
Epoch: 26, Loss: 0.4469
Epoch: 31, Loss: 0.4466
Epoch: 36, Loss: 0.4466
Epoch: 41, Loss: 0.4466
Epoch: 46, Loss: 0.4466
Epoch: 51, Loss: 0.4465
Epoch: 56, Loss: 0.4474
Epoch: 61, Loss: 0.4474
Epoch: 66, Loss: 0.4475
Epoch: 71, Loss: 0.4473
Epoch: 76, Loss: 0.4472
Epoch: 81, Loss: 0.4471
Epoch: 86, Loss: 0.4471
Epoch: 91, Loss: 0.4470
Epoch: 96, Loss: 0.4470
Epoch: 101, Loss: 0.4473
Epoch: 106, Loss: 0.4499
Epoch: 111, Loss: 0.4521
Epoch: 116, Loss: 0.4502
Epoch: 121, Loss: 0.4482
Epoch: 126, Loss: 0.4474
Epoch: 131, Loss: 0.4470
Epoch: 136, Loss: 0.4469
Epoch: 141, Loss: 0.4469
Epoch: 146, Loss: 0.4469
Epoch: 151, Loss: 0.4469
Epoch: 156, Loss: 0.4469
Epoch: 161, Loss: 0.4468
Epoch: 166, Loss: 0.4468
Epoch: 171, Loss: 0.4468
Epoch: 176, Loss: 0.4468
Epoch: 181, Loss: 0.4468
Epoch: 186, Loss: 0.4467
Epoch: 191, Loss: 0.4467
Epoch: 196, Loss: 0.4467
Epoch: 201, Loss: 0.4467
Epoch: 206, Loss: 0.4467
Epoch: 211, Loss: 0.4467
Epoch: 216, Loss: 0.4468
Epoch: 221, Loss: 0.4474
Epoch: 226, Loss: 0.4491
Epoch: 231, Loss: 0.4476
Epoch: 236, Loss: 0.4472
Epoch: 241, Loss: 0.4469
Epoch: 246, Loss: 0.4469
Epoch: 251, Loss: 0.4467
Epoch: 256, Loss: 0.4467
Epoch: 261, Loss: 0.4466
Epoch: 266, Loss: 0.4466
Epoch: 271, Loss: 0.4466
Epoch: 276, Loss: 0.4466
Epoch: 281, Loss: 0.4466
Epoch: 286, Loss: 0.4466
Epoch: 291, Loss: 0.4468
Epoch: 296, Loss: 0.4484
Epoch: 301, Loss: 0.4502
Epoch: 306, Loss: 0.4467
Epoch: 311, Loss: 0.4472
Epoch: 316, Loss: 0.4471
Epoch: 321, Loss: 0.4465
Epoch: 326, Loss: 0.4466
Epoch: 331, Loss: 0.4465
Epoch: 336, Loss: 0.4465
Epoch: 341, Loss: 0.4464
Epoch: 346, Loss: 0.4464
Epoch: 351, Loss: 0.4464
Epoch: 356, Loss: 0.4464
Epoch: 361, Loss: 0.4464
Epoch: 366, Loss: 0.4463
Epoch: 371, Loss: 0.4464
Epoch: 376, Loss: 0.4465
Epoch: 381, Loss: 0.4485
Epoch: 386, Loss: 0.4530
Epoch: 391, Loss: 0.4479
Epoch: 396, Loss: 0.4465
Epoch: 401, Loss: 0.4470
Epoch: 406, Loss: 0.4468
Epoch: 411, Loss: 0.4469
Epoch: 416, Loss: 0.4468
Epoch: 421, Loss: 0.4466
Epoch: 426, Loss: 0.4465
Epoch: 431, Loss: 0.4464
Epoch: 436, Loss: 0.4463
Epoch: 441, Loss: 0.4463
Epoch: 446, Loss: 0.4462
Epoch: 451, Loss: 0.4462
Epoch: 456, Loss: 0.4462
Epoch: 461, Loss: 0.4462
Epoch: 466, Loss: 0.4462
Epoch: 471, Loss: 0.4462
Epoch: 476, Loss: 0.4462
Epoch: 481, Loss: 0.4462
Epoch: 486, Loss: 0.4464
Epoch: 491, Loss: 0.4473
Epoch: 496, Loss: 0.4484
Epoch: 501, Loss: 0.4462
Epoch: 506, Loss: 0.4467
Epoch: 511, Loss: 0.4463
Epoch: 516, Loss: 0.4462
Epoch: 521, Loss: 0.4463
Epoch: 526, Loss: 0.4461
Epoch: 531, Loss: 0.4461
Epoch: 536, Loss: 0.4462
Epoch: 541, Loss: 0.4464
Epoch: 546, Loss: 0.4471
Epoch: 551, Loss: 0.4479
Epoch: 556, Loss: 0.4462
Epoch: 561, Loss: 0.4463
Epoch: 566, Loss: 0.4464
Epoch: 571, Loss: 0.4460
Epoch: 576, Loss: 0.4461
Epoch: 581, Loss: 0.4462
Epoch: 586, Loss: 0.4463
Epoch: 591, Loss: 0.4462
Epoch: 596, Loss: 0.4463
Epoch: 601, Loss: 0.4466
Epoch: 606, Loss: 0.4474
Epoch: 611, Loss: 0.4466
Epoch: 616, Loss: 0.4459
Epoch: 621, Loss: 0.4462
Epoch: 626, Loss: 0.4463
Epoch: 631, Loss: 0.4460
Epoch: 636, Loss: 0.4459
Epoch: 641, Loss: 0.4459
Epoch: 646, Loss: 0.4458
Epoch: 651, Loss: 0.4458
Epoch: 656, Loss: 0.4458
Epoch: 661, Loss: 0.4458
Epoch: 666, Loss: 0.4458
Epoch: 671, Loss: 0.4461
Epoch: 676, Loss: 0.4528
Epoch: 681, Loss: 0.4506
Epoch: 686, Loss: 0.4480
Epoch: 691, Loss: 0.4486
Epoch: 696, Loss: 0.4486
Epoch: 701, Loss: 0.4468
Epoch: 706, Loss: 0.4472
Epoch: 711, Loss: 0.4477
Epoch: 716, Loss: 0.4481
Epoch: 721, Loss: 0.4478
Epoch: 726, Loss: 0.4473
Epoch: 731, Loss: 0.4466
Epoch: 736, Loss: 0.4465
Epoch: 741, Loss: 0.4463
Epoch: 746, Loss: 0.4462
Epoch: 751, Loss: 0.4462
Epoch: 756, Loss: 0.4461
Epoch: 761, Loss: 0.4463
Epoch: 766, Loss: 0.4482
Epoch: 771, Loss: 0.4480
Epoch: 776, Loss: 0.4477
Epoch: 781, Loss: 0.4475
Epoch: 786, Loss: 0.4480
Epoch: 791, Loss: 0.4469
Epoch: 796, Loss: 0.4470
Epoch: 801, Loss: 0.4478
Epoch: 806, Loss: 0.4475
Epoch: 811, Loss: 0.4488
Epoch: 816, Loss: 0.4486
Epoch: 821, Loss: 0.4483
Epoch: 826, Loss: 0.4495
Epoch: 831, Loss: 0.4501
Epoch: 836, Loss: 0.4501
Epoch: 841, Loss: 0.4490
Epoch: 846, Loss: 0.4490
Epoch: 851, Loss: 0.4488
Epoch: 856, Loss: 0.4487
Epoch: 861, Loss: 0.4485
Epoch: 866, Loss: 0.4484
Epoch: 871, Loss: 0.4484
Epoch: 876, Loss: 0.4483
Epoch: 881, Loss: 0.4483
Epoch: 886, Loss: 0.4482
Epoch: 891, Loss: 0.4482
Epoch: 896, Loss: 0.4482
Epoch: 901, Loss: 0.4481
Epoch: 906, Loss: 0.4481
Epoch: 911, Loss: 0.4483
Epoch: 916, Loss: 0.4525
Epoch: 921, Loss: 0.4529
Epoch: 926, Loss: 0.4525
Epoch: 931, Loss: 0.4507
Epoch: 936, Loss: 0.4494
Epoch: 941, Loss: 0.4486
Epoch: 946, Loss: 0.4482
Epoch: 951, Loss: 0.4480
Epoch: 956, Loss: 0.4480
Epoch: 961, Loss: 0.4479
Epoch: 966, Loss: 0.4479
Epoch: 971, Loss: 0.4479
Epoch: 976, Loss: 0.4479
Epoch: 981, Loss: 0.4478
Epoch: 986, Loss: 0.4478
Epoch: 991, Loss: 0.4478
Epoch: 996, Loss: 0.4478
Epoch: 1001, Loss: 0.4478
Elapsed time 0.1315 min
test data and predicted data:

Epoch: 6, Loss: 0.4477
Epoch: 11, Loss: 0.4477
Epoch: 16, Loss: 0.4477
Epoch: 21, Loss: 0.4477
Epoch: 26, Loss: 0.4477
Epoch: 31, Loss: 0.4476
Epoch: 36, Loss: 0.4476
Epoch: 41, Loss: 0.4476
Epoch: 46, Loss: 0.4476
Epoch: 51, Loss: 0.4476
Epoch: 56, Loss: 0.4476
Epoch: 61, Loss: 0.4476
Epoch: 66, Loss: 0.4477
Epoch: 71, Loss: 0.4489
Epoch: 76, Loss: 0.4541
Epoch: 81, Loss: 0.4475
Epoch: 86, Loss: 0.4489
Epoch: 91, Loss: 0.4490
Epoch: 96, Loss: 0.4482
Epoch: 101, Loss: 0.4476
Epoch: 106, Loss: 0.4475
Epoch: 111, Loss: 0.4476
Epoch: 116, Loss: 0.4476
Epoch: 121, Loss: 0.4474
Epoch: 126, Loss: 0.4474
Epoch: 131, Loss: 0.4474
Epoch: 136, Loss: 0.4474
Epoch: 141, Loss: 0.4474
Epoch: 146, Loss: 0.4474
Epoch: 151, Loss: 0.4473
Epoch: 156, Loss: 0.4473
Epoch: 161, Loss: 0.4473
Epoch: 166, Loss: 0.4473
Epoch: 171, Loss: 0.4474
Epoch: 176, Loss: 0.4478
Epoch: 181, Loss: 0.4501
Epoch: 186, Loss: 0.4507
Epoch: 191, Loss: 0.4480
Epoch: 196, Loss: 0.4476
Epoch: 201, Loss: 0.4480
Epoch: 206, Loss: 0.4474
Epoch: 211, Loss: 0.4474
Epoch: 216, Loss: 0.4474
Epoch: 221, Loss: 0.4472
Epoch: 226, Loss: 0.4473
Epoch: 231, Loss: 0.4472
Epoch: 236, Loss: 0.4472
Epoch: 241, Loss: 0.4472
Epoch: 246, Loss: 0.4471
Epoch: 251, Loss: 0.4471
Epoch: 256, Loss: 0.4471
Epoch: 261, Loss: 0.4472
Epoch: 266, Loss: 0.4480
Epoch: 271, Loss: 0.4520
Epoch: 276, Loss: 0.4478
Epoch: 281, Loss: 0.4492
Epoch: 286, Loss: 0.4477
Epoch: 291, Loss: 0.4471
Epoch: 296, Loss: 0.4474
Epoch: 301, Loss: 0.4473
Epoch: 306, Loss: 0.4470
Epoch: 311, Loss: 0.4471
Epoch: 316, Loss: 0.4470
Epoch: 321, Loss: 0.4470
Epoch: 326, Loss: 0.4470
Epoch: 331, Loss: 0.4470
Epoch: 336, Loss: 0.4470
Epoch: 341, Loss: 0.4469
Epoch: 346, Loss: 0.4469
Epoch: 351, Loss: 0.4470
Epoch: 356, Loss: 0.4474
Epoch: 361, Loss: 0.4493
Epoch: 366, Loss: 0.4502
Epoch: 371, Loss: 0.4472
Epoch: 376, Loss: 0.4476
Epoch: 381, Loss: 0.4474
Epoch: 386, Loss: 0.4469
Epoch: 391, Loss: 0.4472
Epoch: 396, Loss: 0.4468
Epoch: 401, Loss: 0.4470
Epoch: 406, Loss: 0.4468
Epoch: 411, Loss: 0.4469
Epoch: 416, Loss: 0.4468
Epoch: 421, Loss: 0.4468
Epoch: 426, Loss: 0.4468
Epoch: 431, Loss: 0.4468
Epoch: 436, Loss: 0.4469
Epoch: 441, Loss: 0.4478
Epoch: 446, Loss: 0.4517
Epoch: 451, Loss: 0.4476
Epoch: 456, Loss: 0.4489
Epoch: 461, Loss: 0.4473
Epoch: 466, Loss: 0.4467
Epoch: 471, Loss: 0.4471
Epoch: 476, Loss: 0.4469
Epoch: 481, Loss: 0.4467
Epoch: 486, Loss: 0.4468
Epoch: 491, Loss: 0.4466
Epoch: 496, Loss: 0.4466
Epoch: 501, Loss: 0.4466
Epoch: 506, Loss: 0.4466
Epoch: 511, Loss: 0.4466
Epoch: 516, Loss: 0.4466
Epoch: 521, Loss: 0.4465
Epoch: 526, Loss: 0.4466
Epoch: 531, Loss: 0.4467
Epoch: 536, Loss: 0.4470
Epoch: 541, Loss: 0.4496
Epoch: 546, Loss: 0.4538
Epoch: 551, Loss: 0.4496
Epoch: 556, Loss: 0.4475
Epoch: 561, Loss: 0.4470
Epoch: 566, Loss: 0.4471
Epoch: 571, Loss: 0.4469
Epoch: 576, Loss: 0.4469
Epoch: 581, Loss: 0.4466
Epoch: 586, Loss: 0.4466
Epoch: 591, Loss: 0.4465
Epoch: 596, Loss: 0.4466
Epoch: 601, Loss: 0.4464
Epoch: 606, Loss: 0.4464
Epoch: 611, Loss: 0.4463
Epoch: 616, Loss: 0.4463
Epoch: 621, Loss: 0.4462
Epoch: 626, Loss: 0.4462
Epoch: 631, Loss: 0.4462
Epoch: 636, Loss: 0.4461
Epoch: 641, Loss: 0.4461
Epoch: 646, Loss: 0.4461
Epoch: 651, Loss: 0.4461
Epoch: 656, Loss: 0.4461
Epoch: 661, Loss: 0.4461
Epoch: 666, Loss: 0.4463
Epoch: 671, Loss: 0.4479
Epoch: 676, Loss: 0.4542
Epoch: 681, Loss: 0.4466
Epoch: 686, Loss: 0.4466
Epoch: 691, Loss: 0.4472
Epoch: 696, Loss: 0.4471
Epoch: 701, Loss: 0.4467
Epoch: 706, Loss: 0.4465
Epoch: 711, Loss: 0.4462
Epoch: 716, Loss: 0.4459
Epoch: 721, Loss: 0.4458
Epoch: 726, Loss: 0.4458
Epoch: 731, Loss: 0.4457
Epoch: 736, Loss: 0.4456
Epoch: 741, Loss: 0.4455
Epoch: 746, Loss: 0.4455
Epoch: 751, Loss: 0.4454
Epoch: 756, Loss: 0.4454
Epoch: 761, Loss: 0.4454
Epoch: 766, Loss: 0.4454
Epoch: 771, Loss: 0.4454
Epoch: 776, Loss: 0.4455
Epoch: 781, Loss: 0.4462
Epoch: 786, Loss: 0.4504
Epoch: 791, Loss: 0.4638
Epoch: 796, Loss: 0.4569
Epoch: 801, Loss: 0.4493
Epoch: 806, Loss: 0.4490
Epoch: 811, Loss: 0.4491
Epoch: 816, Loss: 0.4500
Epoch: 821, Loss: 0.4501
Epoch: 826, Loss: 0.4521
Epoch: 831, Loss: 0.4517
Epoch: 836, Loss: 0.4514
Epoch: 841, Loss: 0.4511
Epoch: 846, Loss: 0.4505
Epoch: 851, Loss: 0.4483
Epoch: 856, Loss: 0.4477
Epoch: 861, Loss: 0.4472
Epoch: 866, Loss: 0.4472
Epoch: 871, Loss: 0.4479
Epoch: 876, Loss: 0.4474
Epoch: 881, Loss: 0.4472
Epoch: 886, Loss: 0.4470
Epoch: 891, Loss: 0.4468
Epoch: 896, Loss: 0.4466
Epoch: 901, Loss: 0.4458
Epoch: 906, Loss: 0.4460
Epoch: 911, Loss: 0.4457
Epoch: 916, Loss: 0.4456
Epoch: 921, Loss: 0.4455
Epoch: 926, Loss: 0.4454
Epoch: 931, Loss: 0.4454
Epoch: 936, Loss: 0.4453
Epoch: 941, Loss: 0.4452
Epoch: 946, Loss: 0.4452
Epoch: 951, Loss: 0.4452
Epoch: 956, Loss: 0.4451
Epoch: 961, Loss: 0.4451
Epoch: 966, Loss: 0.4450
Epoch: 971, Loss: 0.4450
Epoch: 976, Loss: 0.4450
Epoch: 981, Loss: 0.4450
Epoch: 986, Loss: 0.4450
Epoch: 991, Loss: 0.4450
Epoch: 996, Loss: 0.4449
Epoch: 1001, Loss: 0.4449
Elapsed time 0.1308 min
test data and predicted data:

avg Test Accuracy: 0.8441  avg Test AUC: 0.8967  avg Test PRE: 0.8397
