====================================================================================================
data: HeteroData(
  drug={
    node_id=[6823],
    x=[6823, 12],
  },
  protein={
    node_id=[4650],
    x=[4650, 20],
  },
  (drug, interaction, protein)={ edge_index=[2, 23705] },
  (protein, rev_interaction, drug)={ edge_index=[2, 23705] }
)
====================================================================================================
****************************************************************************************************
train data: HeteroData(
  drug={
    node_id=[6823],
    x=[6823, 12],
  },
  protein={
    node_id=[4650],
    x=[4650, 20],
  },
  (drug, interaction, protein)={
    edge_index=[2, 13276],
    edge_label=[9954],
    edge_label_index=[2, 9954],
  },
  (protein, rev_interaction, drug)={ edge_index=[2, 13276] }
)
****************************************************************************************************
val data: HeteroData(
  drug={
    node_id=[6823],
    x=[6823, 12],
  },
  protein={
    node_id=[4650],
    x=[4650, 20],
  },
  (drug, interaction, protein)={
    edge_index=[2, 16594],
    edge_label=[7110],
    edge_label_index=[2, 7110],
  },
  (protein, rev_interaction, drug)={ edge_index=[2, 16594] }
)
****************************************************************************************************
test data: HeteroData(
  drug={
    node_id=[6823],
    x=[6823, 12],
  },
  protein={
    node_id=[4650],
    x=[4650, 20],
  },
  (drug, interaction, protein)={
    edge_index=[2, 18964],
    edge_label=[14223],
    edge_label_index=[2, 14223],
  },
  (protein, rev_interaction, drug)={ edge_index=[2, 18964] }
)
****************************************************************************************************
edge_x: torch.Size([9954, 32])
labels: torch.Size([9954])
edge_x: torch.Size([7110, 32])
labels: torch.Size([7110])
edge_x: torch.Size([14223, 32])
labels: torch.Size([14223])
model: HGT(
  (lin_dict): ModuleDict(
    (drug): Linear(-1, 128, bias=True)
    (protein): Linear(-1, 128, bias=True)
  )
  (convs): ModuleList(
    (0-1): 2 x HGTConv(-1, 128, heads=2)
  )
  (lin): Linear(256, 1, bias=True)
)
Epoch: 6, Loss: 1.5664
Epoch: 11, Loss: 2.2935
Epoch: 16, Loss: 0.6960
Epoch: 21, Loss: 0.6723
Epoch: 26, Loss: 0.6404
Epoch: 31, Loss: 0.6343
Epoch: 36, Loss: 0.6289
Epoch: 41, Loss: 0.6333
Epoch: 46, Loss: 0.6308
Epoch: 51, Loss: 0.6291
Epoch: 56, Loss: 0.6295
Epoch: 61, Loss: 0.6284
Epoch: 66, Loss: 0.6287
Epoch: 71, Loss: 0.6282
Epoch: 76, Loss: 0.6283
Epoch: 81, Loss: 0.6281
Epoch: 86, Loss: 0.6281
Epoch: 91, Loss: 0.6280
Epoch: 96, Loss: 0.6279
Epoch: 101, Loss: 0.6278
Epoch: 106, Loss: 0.6277
Epoch: 111, Loss: 0.6276
Epoch: 116, Loss: 0.6275
Epoch: 121, Loss: 0.6274
Epoch: 126, Loss: 0.6273
Epoch: 131, Loss: 0.6272
Epoch: 136, Loss: 0.6271
Epoch: 141, Loss: 0.6270
Epoch: 146, Loss: 0.6269
Epoch: 151, Loss: 0.6268
Epoch: 156, Loss: 0.6267
Epoch: 161, Loss: 0.6265
Epoch: 166, Loss: 0.6264
Epoch: 171, Loss: 0.6263
Epoch: 176, Loss: 0.6261
Epoch: 181, Loss: 0.6259
Epoch: 186, Loss: 0.6258
Epoch: 191, Loss: 0.6256
Epoch: 196, Loss: 0.6254
Epoch: 201, Loss: 0.6252
Epoch: 206, Loss: 0.6249
Epoch: 211, Loss: 0.6247
Epoch: 216, Loss: 0.6244
Epoch: 221, Loss: 0.6241
Epoch: 226, Loss: 0.6239
Epoch: 231, Loss: 0.6235
Epoch: 236, Loss: 0.6232
Epoch: 241, Loss: 0.6228
Epoch: 246, Loss: 0.6224
Epoch: 251, Loss: 0.6220
Epoch: 256, Loss: 0.6216
Epoch: 261, Loss: 0.6211
Epoch: 266, Loss: 0.6206
Epoch: 271, Loss: 0.6200
Epoch: 276, Loss: 0.6194
Epoch: 281, Loss: 0.6188
Epoch: 286, Loss: 0.6181
Epoch: 291, Loss: 0.6173
Epoch: 296, Loss: 0.6166
Epoch: 301, Loss: 0.6158
Epoch: 306, Loss: 0.6149
Epoch: 311, Loss: 0.6140
Epoch: 316, Loss: 0.6131
Epoch: 321, Loss: 0.6122
Epoch: 326, Loss: 0.6113
Epoch: 331, Loss: 0.6103
Epoch: 336, Loss: 0.6094
Epoch: 341, Loss: 0.6086
Epoch: 346, Loss: 0.6077
Epoch: 351, Loss: 0.6070
Epoch: 356, Loss: 0.6063
Epoch: 361, Loss: 0.6057
Epoch: 366, Loss: 0.6051
Epoch: 371, Loss: 0.6046
Epoch: 376, Loss: 0.6042
Epoch: 381, Loss: 0.6038
Epoch: 386, Loss: 0.6035
Epoch: 391, Loss: 0.6033
Epoch: 396, Loss: 0.6031
Epoch: 401, Loss: 0.6029
Epoch: 406, Loss: 0.6027
Epoch: 411, Loss: 0.6025
Epoch: 416, Loss: 0.6024
Epoch: 421, Loss: 0.6022
Epoch: 426, Loss: 0.6021
Epoch: 431, Loss: 0.6019
Epoch: 436, Loss: 0.6020
Epoch: 441, Loss: 0.6072
Epoch: 446, Loss: 0.6016
Epoch: 451, Loss: 0.6027
Epoch: 456, Loss: 0.6017
Epoch: 461, Loss: 0.6018
Epoch: 466, Loss: 0.6013
Epoch: 471, Loss: 0.6014
Epoch: 476, Loss: 0.6012
Epoch: 481, Loss: 0.6010
Epoch: 486, Loss: 0.6010
Epoch: 491, Loss: 0.6009
Epoch: 496, Loss: 0.6008
Epoch: 501, Loss: 0.6008
Epoch: 506, Loss: 0.6007
Epoch: 511, Loss: 0.6006
Epoch: 516, Loss: 0.6006
Epoch: 521, Loss: 0.6005
Epoch: 526, Loss: 0.6005
Epoch: 531, Loss: 0.6004
Epoch: 536, Loss: 0.6003
Epoch: 541, Loss: 0.6003
Epoch: 546, Loss: 0.6002
Epoch: 551, Loss: 0.6002
Epoch: 556, Loss: 0.6001
Epoch: 561, Loss: 0.6001
Epoch: 566, Loss: 0.6000
Epoch: 571, Loss: 0.6000
Epoch: 576, Loss: 0.5999
Epoch: 581, Loss: 0.5999
Epoch: 586, Loss: 0.5998
Epoch: 591, Loss: 0.5998
Epoch: 596, Loss: 0.5997
Epoch: 601, Loss: 0.5997
Epoch: 606, Loss: 0.5996
Epoch: 611, Loss: 0.5996
Epoch: 616, Loss: 0.5995
Epoch: 621, Loss: 0.5995
Epoch: 626, Loss: 0.5994
Epoch: 631, Loss: 0.5994
Epoch: 636, Loss: 0.5993
Epoch: 641, Loss: 0.5993
Epoch: 646, Loss: 0.5992
Epoch: 651, Loss: 0.5992
Epoch: 656, Loss: 0.5991
Epoch: 661, Loss: 0.5991
Epoch: 666, Loss: 0.5990
Epoch: 671, Loss: 0.5990
Epoch: 676, Loss: 0.5989
Epoch: 681, Loss: 0.5989
Epoch: 686, Loss: 0.5988
Epoch: 691, Loss: 0.5988
Epoch: 696, Loss: 0.5987
Epoch: 701, Loss: 0.5989
Epoch: 706, Loss: 0.6000
Epoch: 711, Loss: 0.6011
Epoch: 716, Loss: 0.5990
Epoch: 721, Loss: 0.5985
Epoch: 726, Loss: 0.5985
Epoch: 731, Loss: 0.5985
Epoch: 736, Loss: 0.5984
Epoch: 741, Loss: 0.5983
Epoch: 746, Loss: 0.5983
Epoch: 751, Loss: 0.5982
Epoch: 756, Loss: 0.5981
Epoch: 761, Loss: 0.5981
Epoch: 766, Loss: 0.5980
Epoch: 771, Loss: 0.5980
Epoch: 776, Loss: 0.5979
Epoch: 781, Loss: 0.5979
Epoch: 786, Loss: 0.5978
Epoch: 791, Loss: 0.5978
Epoch: 796, Loss: 0.5977
Epoch: 801, Loss: 0.5976
Epoch: 806, Loss: 0.5976
Epoch: 811, Loss: 0.5976
Epoch: 816, Loss: 0.5988
Epoch: 821, Loss: 0.6031
Epoch: 826, Loss: 0.5978
Epoch: 831, Loss: 0.5973
Epoch: 836, Loss: 0.5973
Epoch: 841, Loss: 0.5972
Epoch: 846, Loss: 0.5972
Epoch: 851, Loss: 0.5971
Epoch: 856, Loss: 0.5971
Epoch: 861, Loss: 0.5970
Epoch: 866, Loss: 0.5969
Epoch: 871, Loss: 0.5968
Epoch: 876, Loss: 0.5968
Epoch: 881, Loss: 0.5967
Epoch: 886, Loss: 0.5967
Epoch: 891, Loss: 0.5966
Epoch: 896, Loss: 0.5965
Epoch: 901, Loss: 0.5965
Epoch: 906, Loss: 0.5964
Epoch: 911, Loss: 0.5963
Epoch: 916, Loss: 0.5963
Epoch: 921, Loss: 0.5962
Epoch: 926, Loss: 0.5961
Epoch: 931, Loss: 0.5960
Epoch: 936, Loss: 0.5960
Epoch: 941, Loss: 0.5959
Epoch: 946, Loss: 0.5958
Epoch: 951, Loss: 0.5961
Epoch: 956, Loss: 0.6064
Epoch: 961, Loss: 0.5956
Epoch: 966, Loss: 0.5973
Epoch: 971, Loss: 0.5975
Epoch: 976, Loss: 0.5960
Epoch: 981, Loss: 0.5955
Epoch: 986, Loss: 0.5958
Epoch: 991, Loss: 0.5954
Epoch: 996, Loss: 0.5952
Epoch: 1001, Loss: 0.5952
Elapsed time 0.1610 min
test data and predicted data:

Epoch: 6, Loss: 0.5951
Epoch: 11, Loss: 0.5950
Epoch: 16, Loss: 0.5949
Epoch: 21, Loss: 0.5948
Epoch: 26, Loss: 0.5947
Epoch: 31, Loss: 0.5946
Epoch: 36, Loss: 0.5946
Epoch: 41, Loss: 0.5945
Epoch: 46, Loss: 0.5944
Epoch: 51, Loss: 0.5943
Epoch: 56, Loss: 0.5942
Epoch: 61, Loss: 0.5941
Epoch: 66, Loss: 0.5940
Epoch: 71, Loss: 0.5939
Epoch: 76, Loss: 0.5938
Epoch: 81, Loss: 0.5937
Epoch: 86, Loss: 0.5936
Epoch: 91, Loss: 0.5935
Epoch: 96, Loss: 0.5934
Epoch: 101, Loss: 0.5933
Epoch: 106, Loss: 0.5931
Epoch: 111, Loss: 0.5930
Epoch: 116, Loss: 0.5929
Epoch: 121, Loss: 0.5928
Epoch: 126, Loss: 0.5927
Epoch: 131, Loss: 0.5925
Epoch: 136, Loss: 0.5924
Epoch: 141, Loss: 0.5923
Epoch: 146, Loss: 0.5923
Epoch: 151, Loss: 0.5936
Epoch: 156, Loss: 0.5948
Epoch: 161, Loss: 0.5923
Epoch: 166, Loss: 0.5921
Epoch: 171, Loss: 0.5922
Epoch: 176, Loss: 0.5915
Epoch: 181, Loss: 0.5913
Epoch: 186, Loss: 0.5913
Epoch: 191, Loss: 0.5910
Epoch: 196, Loss: 0.5909
Epoch: 201, Loss: 0.5909
Epoch: 206, Loss: 0.5908
Epoch: 211, Loss: 0.5912
Epoch: 216, Loss: 0.5922
Epoch: 221, Loss: 0.5907
Epoch: 226, Loss: 0.5901
Epoch: 231, Loss: 0.5904
Epoch: 236, Loss: 0.5896
Epoch: 241, Loss: 0.5895
Epoch: 246, Loss: 0.5898
Epoch: 251, Loss: 0.5907
Epoch: 256, Loss: 0.5905
Epoch: 261, Loss: 0.5888
Epoch: 266, Loss: 0.5894
Epoch: 271, Loss: 0.5885
Epoch: 276, Loss: 0.5885
Epoch: 281, Loss: 0.5887
Epoch: 286, Loss: 0.5884
Epoch: 291, Loss: 0.5880
Epoch: 296, Loss: 0.5880
Epoch: 301, Loss: 0.5892
Epoch: 306, Loss: 0.5902
Epoch: 311, Loss: 0.5871
Epoch: 316, Loss: 0.5876
Epoch: 321, Loss: 0.5870
Epoch: 326, Loss: 0.5866
Epoch: 331, Loss: 0.5865
Epoch: 336, Loss: 0.5863
Epoch: 341, Loss: 0.5859
Epoch: 346, Loss: 0.5857
Epoch: 351, Loss: 0.5857
Epoch: 356, Loss: 0.5887
Epoch: 361, Loss: 0.5893
Epoch: 366, Loss: 0.5881
Epoch: 371, Loss: 0.5861
Epoch: 376, Loss: 0.5851
Epoch: 381, Loss: 0.5846
Epoch: 386, Loss: 0.5842
Epoch: 391, Loss: 0.5840
Epoch: 396, Loss: 0.5838
Epoch: 401, Loss: 0.5837
Epoch: 406, Loss: 0.5834
Epoch: 411, Loss: 0.5832
Epoch: 416, Loss: 0.5830
Epoch: 421, Loss: 0.5829
Epoch: 426, Loss: 0.5831
Epoch: 431, Loss: 0.5853
Epoch: 436, Loss: 0.5834
Epoch: 441, Loss: 0.5829
Epoch: 446, Loss: 0.5819
Epoch: 451, Loss: 0.5822
Epoch: 456, Loss: 0.5814
Epoch: 461, Loss: 0.5815
Epoch: 466, Loss: 0.5810
Epoch: 471, Loss: 0.5807
Epoch: 476, Loss: 0.5811
Epoch: 481, Loss: 0.5834
Epoch: 486, Loss: 0.5811
Epoch: 491, Loss: 0.5812
Epoch: 496, Loss: 0.5797
Epoch: 501, Loss: 0.5800
Epoch: 506, Loss: 0.5794
Epoch: 511, Loss: 0.5794
Epoch: 516, Loss: 0.5790
Epoch: 521, Loss: 0.5787
Epoch: 526, Loss: 0.5786
Epoch: 531, Loss: 0.5810
Epoch: 536, Loss: 0.5833
Epoch: 541, Loss: 0.5814
Epoch: 546, Loss: 0.5793
Epoch: 551, Loss: 0.5783
Epoch: 556, Loss: 0.5777
Epoch: 561, Loss: 0.5773
Epoch: 566, Loss: 0.5771
Epoch: 571, Loss: 0.5771
Epoch: 576, Loss: 0.5768
Epoch: 581, Loss: 0.5765
Epoch: 586, Loss: 0.5763
Epoch: 591, Loss: 0.5763
Epoch: 596, Loss: 0.5766
Epoch: 601, Loss: 0.5768
Epoch: 606, Loss: 0.5765
Epoch: 611, Loss: 0.5758
Epoch: 616, Loss: 0.5752
Epoch: 621, Loss: 0.5750
Epoch: 626, Loss: 0.5753
Epoch: 631, Loss: 0.5799
Epoch: 636, Loss: 0.5746
Epoch: 641, Loss: 0.5758
Epoch: 646, Loss: 0.5754
Epoch: 651, Loss: 0.5747
Epoch: 656, Loss: 0.5740
Epoch: 661, Loss: 0.5734
Epoch: 666, Loss: 0.5731
Epoch: 671, Loss: 0.5732
Epoch: 676, Loss: 0.5727
Epoch: 681, Loss: 0.5728
Epoch: 686, Loss: 0.5724
Epoch: 691, Loss: 0.5721
Epoch: 696, Loss: 0.5724
Epoch: 701, Loss: 0.5763
Epoch: 706, Loss: 0.5722
Epoch: 711, Loss: 0.5739
Epoch: 716, Loss: 0.5719
Epoch: 721, Loss: 0.5707
Epoch: 726, Loss: 0.5712
Epoch: 731, Loss: 0.5705
Epoch: 736, Loss: 0.5702
Epoch: 741, Loss: 0.5699
Epoch: 746, Loss: 0.5698
Epoch: 751, Loss: 0.5713
Epoch: 756, Loss: 0.5747
Epoch: 761, Loss: 0.5693
Epoch: 766, Loss: 0.5702
Epoch: 771, Loss: 0.5699
Epoch: 776, Loss: 0.5685
Epoch: 781, Loss: 0.5689
Epoch: 786, Loss: 0.5682
Epoch: 791, Loss: 0.5681
Epoch: 796, Loss: 0.5691
Epoch: 801, Loss: 0.5705
Epoch: 806, Loss: 0.5677
Epoch: 811, Loss: 0.5681
Epoch: 816, Loss: 0.5688
Epoch: 821, Loss: 0.5671
Epoch: 826, Loss: 0.5670
Epoch: 831, Loss: 0.5687
Epoch: 836, Loss: 0.5697
Epoch: 841, Loss: 0.5664
Epoch: 846, Loss: 0.5682
Epoch: 851, Loss: 0.5661
Epoch: 856, Loss: 0.5666
Epoch: 861, Loss: 0.5664
Epoch: 866, Loss: 0.5658
Epoch: 871, Loss: 0.5657
Epoch: 876, Loss: 0.5661
Epoch: 881, Loss: 0.5708
Epoch: 886, Loss: 0.5652
Epoch: 891, Loss: 0.5678
Epoch: 896, Loss: 0.5650
Epoch: 901, Loss: 0.5653
Epoch: 906, Loss: 0.5650
Epoch: 911, Loss: 0.5645
Epoch: 916, Loss: 0.5642
Epoch: 921, Loss: 0.5649
Epoch: 926, Loss: 0.5646
Epoch: 931, Loss: 0.5640
Epoch: 936, Loss: 0.5639
Epoch: 941, Loss: 0.5647
Epoch: 946, Loss: 0.5685
Epoch: 951, Loss: 0.5634
Epoch: 956, Loss: 0.5654
Epoch: 961, Loss: 0.5628
Epoch: 966, Loss: 0.5644
Epoch: 971, Loss: 0.5626
Epoch: 976, Loss: 0.5630
Epoch: 981, Loss: 0.5633
Epoch: 986, Loss: 0.5627
Epoch: 991, Loss: 0.5624
Epoch: 996, Loss: 0.5630
Epoch: 1001, Loss: 0.5665
Elapsed time 0.1654 min
test data and predicted data:

Epoch: 6, Loss: 0.5636
Epoch: 11, Loss: 0.5640
Epoch: 16, Loss: 0.5618
Epoch: 21, Loss: 0.5628
Epoch: 26, Loss: 0.5615
Epoch: 31, Loss: 0.5619
Epoch: 36, Loss: 0.5620
Epoch: 41, Loss: 0.5613
Epoch: 46, Loss: 0.5612
Epoch: 51, Loss: 0.5624
Epoch: 56, Loss: 0.5651
Epoch: 61, Loss: 0.5608
Epoch: 66, Loss: 0.5631
Epoch: 71, Loss: 0.5613
Epoch: 76, Loss: 0.5609
Epoch: 81, Loss: 0.5618
Epoch: 86, Loss: 0.5605
Epoch: 91, Loss: 0.5602
Epoch: 96, Loss: 0.5610
Epoch: 101, Loss: 0.5639
Epoch: 106, Loss: 0.5615
Epoch: 111, Loss: 0.5617
Epoch: 116, Loss: 0.5603
Epoch: 121, Loss: 0.5607
Epoch: 126, Loss: 0.5602
Epoch: 131, Loss: 0.5595
Epoch: 136, Loss: 0.5599
Epoch: 141, Loss: 0.5613
Epoch: 146, Loss: 0.5612
Epoch: 151, Loss: 0.5596
Epoch: 156, Loss: 0.5591
Epoch: 161, Loss: 0.5590
Epoch: 166, Loss: 0.5593
Epoch: 171, Loss: 0.5659
Epoch: 176, Loss: 0.5616
Epoch: 181, Loss: 0.5649
Epoch: 186, Loss: 0.5606
Epoch: 191, Loss: 0.5587
Epoch: 196, Loss: 0.5597
Epoch: 201, Loss: 0.5592
Epoch: 206, Loss: 0.5585
Epoch: 211, Loss: 0.5590
Epoch: 216, Loss: 0.5585
Epoch: 221, Loss: 0.5584
Epoch: 226, Loss: 0.5585
Epoch: 231, Loss: 0.5582
Epoch: 236, Loss: 0.5580
Epoch: 241, Loss: 0.5579
Epoch: 246, Loss: 0.5582
Epoch: 251, Loss: 0.5623
Epoch: 256, Loss: 0.5643
Epoch: 261, Loss: 0.5889
Epoch: 266, Loss: 0.5718
Epoch: 271, Loss: 0.5584
Epoch: 276, Loss: 0.5619
Epoch: 281, Loss: 0.5577
Epoch: 286, Loss: 0.5594
Epoch: 291, Loss: 0.5576
Epoch: 296, Loss: 0.5579
Epoch: 301, Loss: 0.5576
Epoch: 306, Loss: 0.5574
Epoch: 311, Loss: 0.5574
Epoch: 316, Loss: 0.5573
Epoch: 321, Loss: 0.5572
Epoch: 326, Loss: 0.5571
Epoch: 331, Loss: 0.5571
Epoch: 336, Loss: 0.5570
Epoch: 341, Loss: 0.5570
Epoch: 346, Loss: 0.5569
Epoch: 351, Loss: 0.5569
Epoch: 356, Loss: 0.5568
Epoch: 361, Loss: 0.5568
Epoch: 366, Loss: 0.5567
Epoch: 371, Loss: 0.5567
Epoch: 376, Loss: 0.5567
Epoch: 381, Loss: 0.5566
Epoch: 386, Loss: 0.5565
Epoch: 391, Loss: 0.5565
Epoch: 396, Loss: 0.5564
Epoch: 401, Loss: 0.5564
Epoch: 406, Loss: 0.5563
Epoch: 411, Loss: 0.5562
Epoch: 416, Loss: 0.5563
Epoch: 421, Loss: 0.5563
Epoch: 426, Loss: 0.5561
Epoch: 431, Loss: 0.5561
Epoch: 436, Loss: 0.5565
Epoch: 441, Loss: 0.5577
Epoch: 446, Loss: 0.5577
Epoch: 451, Loss: 0.5561
Epoch: 456, Loss: 0.5557
Epoch: 461, Loss: 0.5557
Epoch: 466, Loss: 0.5574
Epoch: 471, Loss: 0.5625
Epoch: 476, Loss: 0.5557
Epoch: 481, Loss: 0.5584
Epoch: 486, Loss: 0.5563
Epoch: 491, Loss: 0.5560
Epoch: 496, Loss: 0.5560
Epoch: 501, Loss: 0.5558
Epoch: 506, Loss: 0.5553
Epoch: 511, Loss: 0.5559
Epoch: 516, Loss: 0.5559
Epoch: 521, Loss: 0.5552
Epoch: 526, Loss: 0.5551
Epoch: 531, Loss: 0.5553
Epoch: 536, Loss: 0.5570
Epoch: 541, Loss: 0.5606
Epoch: 546, Loss: 0.5550
Epoch: 551, Loss: 0.5582
Epoch: 556, Loss: 0.5550
Epoch: 561, Loss: 0.5561
Epoch: 566, Loss: 0.5552
Epoch: 571, Loss: 0.5547
Epoch: 576, Loss: 0.5552
Epoch: 581, Loss: 0.5553
Epoch: 586, Loss: 0.5551
Epoch: 591, Loss: 0.5552
Epoch: 596, Loss: 0.5559
Epoch: 601, Loss: 0.5570
Epoch: 606, Loss: 0.5556
Epoch: 611, Loss: 0.5544
Epoch: 616, Loss: 0.5543
Epoch: 621, Loss: 0.5552
Epoch: 626, Loss: 0.5590
Epoch: 631, Loss: 0.5565
Epoch: 636, Loss: 0.5546
Epoch: 641, Loss: 0.5563
Epoch: 646, Loss: 0.5543
Epoch: 651, Loss: 0.5542
Epoch: 656, Loss: 0.5548
Epoch: 661, Loss: 0.5550
Epoch: 666, Loss: 0.5551
Epoch: 671, Loss: 0.5550
Epoch: 676, Loss: 0.5554
Epoch: 681, Loss: 0.5549
Epoch: 686, Loss: 0.5547
Epoch: 691, Loss: 0.5547
Epoch: 696, Loss: 0.5551
Epoch: 701, Loss: 0.5555
Epoch: 706, Loss: 0.5554
Epoch: 711, Loss: 0.5541
Epoch: 716, Loss: 0.5535
Epoch: 721, Loss: 0.5534
Epoch: 726, Loss: 0.5535
Epoch: 731, Loss: 0.5543
Epoch: 736, Loss: 0.5614
Epoch: 741, Loss: 0.5559
Epoch: 746, Loss: 0.5587
Epoch: 751, Loss: 0.5534
Epoch: 756, Loss: 0.5546
Epoch: 761, Loss: 0.5545
Epoch: 766, Loss: 0.5532
Epoch: 771, Loss: 0.5538
Epoch: 776, Loss: 0.5531
Epoch: 781, Loss: 0.5534
Epoch: 786, Loss: 0.5530
Epoch: 791, Loss: 0.5530
Epoch: 796, Loss: 0.5531
Epoch: 801, Loss: 0.5540
Epoch: 806, Loss: 0.5555
Epoch: 811, Loss: 0.5555
Epoch: 816, Loss: 0.5530
Epoch: 821, Loss: 0.5528
Epoch: 826, Loss: 0.5536
Epoch: 831, Loss: 0.5555
Epoch: 836, Loss: 0.5554
Epoch: 841, Loss: 0.5527
Epoch: 846, Loss: 0.5530
Epoch: 851, Loss: 0.5552
Epoch: 856, Loss: 0.5547
Epoch: 861, Loss: 0.5525
Epoch: 866, Loss: 0.5529
Epoch: 871, Loss: 0.5542
Epoch: 876, Loss: 0.5544
Epoch: 881, Loss: 0.5531
Epoch: 886, Loss: 0.5523
Epoch: 891, Loss: 0.5522
Epoch: 896, Loss: 0.5523
Epoch: 901, Loss: 0.5543
Epoch: 906, Loss: 0.5616
Epoch: 911, Loss: 0.5522
Epoch: 916, Loss: 0.5574
Epoch: 921, Loss: 0.5526
Epoch: 926, Loss: 0.5535
Epoch: 931, Loss: 0.5527
Epoch: 936, Loss: 0.5523
Epoch: 941, Loss: 0.5522
Epoch: 946, Loss: 0.5523
Epoch: 951, Loss: 0.5519
Epoch: 956, Loss: 0.5520
Epoch: 961, Loss: 0.5527
Epoch: 966, Loss: 0.5541
Epoch: 971, Loss: 0.5537
Epoch: 976, Loss: 0.5525
Epoch: 981, Loss: 0.5518
Epoch: 986, Loss: 0.5517
Epoch: 991, Loss: 0.5522
Epoch: 996, Loss: 0.5556
Epoch: 1001, Loss: 0.5572
Elapsed time 0.1743 min
test data and predicted data:

Epoch: 6, Loss: 0.5516
Epoch: 11, Loss: 0.5549
Epoch: 16, Loss: 0.5516
Epoch: 21, Loss: 0.5529
Epoch: 26, Loss: 0.5527
Epoch: 31, Loss: 0.5514
Epoch: 36, Loss: 0.5524
Epoch: 41, Loss: 0.5530
Epoch: 46, Loss: 0.5519
Epoch: 51, Loss: 0.5513
Epoch: 56, Loss: 0.5512
Epoch: 61, Loss: 0.5512
Epoch: 66, Loss: 0.5515
Epoch: 71, Loss: 0.5563
Epoch: 76, Loss: 0.5603
Epoch: 81, Loss: 0.5533
Epoch: 86, Loss: 0.5529
Epoch: 91, Loss: 0.5533
Epoch: 96, Loss: 0.5511
Epoch: 101, Loss: 0.5525
Epoch: 106, Loss: 0.5510
Epoch: 111, Loss: 0.5516
Epoch: 116, Loss: 0.5513
Epoch: 121, Loss: 0.5509
Epoch: 126, Loss: 0.5511
Epoch: 131, Loss: 0.5519
Epoch: 136, Loss: 0.5532
Epoch: 141, Loss: 0.5534
Epoch: 146, Loss: 0.5513
Epoch: 151, Loss: 0.5507
Epoch: 156, Loss: 0.5512
Epoch: 161, Loss: 0.5528
Epoch: 166, Loss: 0.5554
Epoch: 171, Loss: 0.5514
Epoch: 176, Loss: 0.5510
Epoch: 181, Loss: 0.5531
Epoch: 186, Loss: 0.5515
Epoch: 191, Loss: 0.5505
Epoch: 196, Loss: 0.5511
Epoch: 201, Loss: 0.5525
Epoch: 206, Loss: 0.5539
Epoch: 211, Loss: 0.5518
Epoch: 216, Loss: 0.5503
Epoch: 221, Loss: 0.5507
Epoch: 226, Loss: 0.5524
Epoch: 231, Loss: 0.5539
Epoch: 236, Loss: 0.5508
Epoch: 241, Loss: 0.5503
Epoch: 246, Loss: 0.5517
Epoch: 251, Loss: 0.5528
Epoch: 256, Loss: 0.5515
Epoch: 261, Loss: 0.5501
Epoch: 266, Loss: 0.5500
Epoch: 271, Loss: 0.5503
Epoch: 276, Loss: 0.5521
Epoch: 281, Loss: 0.5579
Epoch: 286, Loss: 0.5508
Epoch: 291, Loss: 0.5524
Epoch: 296, Loss: 0.5512
Epoch: 301, Loss: 0.5503
Epoch: 306, Loss: 0.5508
Epoch: 311, Loss: 0.5497
Epoch: 316, Loss: 0.5499
Epoch: 321, Loss: 0.5509
Epoch: 326, Loss: 0.5526
Epoch: 331, Loss: 0.5522
Epoch: 336, Loss: 0.5500
Epoch: 341, Loss: 0.5495
Epoch: 346, Loss: 0.5497
Epoch: 351, Loss: 0.5509
Epoch: 356, Loss: 0.5546
Epoch: 361, Loss: 0.5538
Epoch: 366, Loss: 0.5495
Epoch: 371, Loss: 0.5522
Epoch: 376, Loss: 0.5499
Epoch: 381, Loss: 0.5496
Epoch: 386, Loss: 0.5506
Epoch: 391, Loss: 0.5505
Epoch: 396, Loss: 0.5496
Epoch: 401, Loss: 0.5492
Epoch: 406, Loss: 0.5492
Epoch: 411, Loss: 0.5494
Epoch: 416, Loss: 0.5528
Epoch: 421, Loss: 0.5601
Epoch: 426, Loss: 0.5490
Epoch: 431, Loss: 0.5535
Epoch: 436, Loss: 0.5490
Epoch: 441, Loss: 0.5510
Epoch: 446, Loss: 0.5489
Epoch: 451, Loss: 0.5496
Epoch: 456, Loss: 0.5494
Epoch: 461, Loss: 0.5488
Epoch: 466, Loss: 0.5488
Epoch: 471, Loss: 0.5488
Epoch: 476, Loss: 0.5503
Epoch: 481, Loss: 0.5568
Epoch: 486, Loss: 0.5510
Epoch: 491, Loss: 0.5501
Epoch: 496, Loss: 0.5518
Epoch: 501, Loss: 0.5486
Epoch: 506, Loss: 0.5502
Epoch: 511, Loss: 0.5495
Epoch: 516, Loss: 0.5485
Epoch: 521, Loss: 0.5489
Epoch: 526, Loss: 0.5505
Epoch: 531, Loss: 0.5517
Epoch: 536, Loss: 0.5499
Epoch: 541, Loss: 0.5484
Epoch: 546, Loss: 0.5490
Epoch: 551, Loss: 0.5508
Epoch: 556, Loss: 0.5520
Epoch: 561, Loss: 0.5497
Epoch: 566, Loss: 0.5483
Epoch: 571, Loss: 0.5483
Epoch: 576, Loss: 0.5492
Epoch: 581, Loss: 0.5532
Epoch: 586, Loss: 0.5536
Epoch: 591, Loss: 0.5483
Epoch: 596, Loss: 0.5515
Epoch: 601, Loss: 0.5489
Epoch: 606, Loss: 0.5484
Epoch: 611, Loss: 0.5494
Epoch: 616, Loss: 0.5489
Epoch: 621, Loss: 0.5482
Epoch: 626, Loss: 0.5481
Epoch: 631, Loss: 0.5485
Epoch: 636, Loss: 0.5518
Epoch: 641, Loss: 0.5548
Epoch: 646, Loss: 0.5481
Epoch: 651, Loss: 0.5504
Epoch: 656, Loss: 0.5499
Epoch: 661, Loss: 0.5478
Epoch: 666, Loss: 0.5492
Epoch: 671, Loss: 0.5490
Epoch: 676, Loss: 0.5479
Epoch: 681, Loss: 0.5477
Epoch: 686, Loss: 0.5480
Epoch: 691, Loss: 0.5500
Epoch: 696, Loss: 0.5554
Epoch: 701, Loss: 0.5493
Epoch: 706, Loss: 0.5494
Epoch: 711, Loss: 0.5505
Epoch: 716, Loss: 0.5476
Epoch: 721, Loss: 0.5495
Epoch: 726, Loss: 0.5484
Epoch: 731, Loss: 0.5475
Epoch: 736, Loss: 0.5477
Epoch: 741, Loss: 0.5485
Epoch: 746, Loss: 0.5508
Epoch: 751, Loss: 0.5511
Epoch: 756, Loss: 0.5481
Epoch: 761, Loss: 0.5474
Epoch: 766, Loss: 0.5478
Epoch: 771, Loss: 0.5500
Epoch: 776, Loss: 0.5520
Epoch: 781, Loss: 0.5488
Epoch: 786, Loss: 0.5475
Epoch: 791, Loss: 0.5498
Epoch: 796, Loss: 0.5496
Epoch: 801, Loss: 0.5473
Epoch: 806, Loss: 0.5472
Epoch: 811, Loss: 0.5479
Epoch: 816, Loss: 0.5501
Epoch: 821, Loss: 0.5528
Epoch: 826, Loss: 0.5481
Epoch: 831, Loss: 0.5473
Epoch: 836, Loss: 0.5495
Epoch: 841, Loss: 0.5492
Epoch: 846, Loss: 0.5476
Epoch: 851, Loss: 0.5470
Epoch: 856, Loss: 0.5470
Epoch: 861, Loss: 0.5470
Epoch: 866, Loss: 0.5477
Epoch: 871, Loss: 0.5541
Epoch: 876, Loss: 0.5553
Epoch: 881, Loss: 0.5487
Epoch: 886, Loss: 0.5505
Epoch: 891, Loss: 0.5479
Epoch: 896, Loss: 0.5483
Epoch: 901, Loss: 0.5472
Epoch: 906, Loss: 0.5478
Epoch: 911, Loss: 0.5468
Epoch: 916, Loss: 0.5470
Epoch: 921, Loss: 0.5480
Epoch: 926, Loss: 0.5481
Epoch: 931, Loss: 0.5476
Epoch: 936, Loss: 0.5478
Epoch: 941, Loss: 0.5487
Epoch: 946, Loss: 0.5499
Epoch: 951, Loss: 0.5486
Epoch: 956, Loss: 0.5469
Epoch: 961, Loss: 0.5466
Epoch: 966, Loss: 0.5468
Epoch: 971, Loss: 0.5489
Epoch: 976, Loss: 0.5543
Epoch: 981, Loss: 0.5485
Epoch: 986, Loss: 0.5484
Epoch: 991, Loss: 0.5496
Epoch: 996, Loss: 0.5465
Epoch: 1001, Loss: 0.5486
Elapsed time 0.1787 min
test data and predicted data:

Epoch: 6, Loss: 0.5473
Epoch: 11, Loss: 0.5465
Epoch: 16, Loss: 0.5473
Epoch: 21, Loss: 0.5477
Epoch: 26, Loss: 0.5481
Epoch: 31, Loss: 0.5480
Epoch: 36, Loss: 0.5480
Epoch: 41, Loss: 0.5477
Epoch: 46, Loss: 0.5480
Epoch: 51, Loss: 0.5480
Epoch: 56, Loss: 0.5485
Epoch: 61, Loss: 0.5483
Epoch: 66, Loss: 0.5476
Epoch: 71, Loss: 0.5467
Epoch: 76, Loss: 0.5463
Epoch: 81, Loss: 0.5462
Epoch: 86, Loss: 0.5466
Epoch: 91, Loss: 0.5511
Epoch: 96, Loss: 0.5592
Epoch: 101, Loss: 0.5463
Epoch: 106, Loss: 0.5516
Epoch: 111, Loss: 0.5462
Epoch: 116, Loss: 0.5485
Epoch: 121, Loss: 0.5460
Epoch: 126, Loss: 0.5473
Epoch: 131, Loss: 0.5462
Epoch: 136, Loss: 0.5461
Epoch: 141, Loss: 0.5468
Epoch: 146, Loss: 0.5476
Epoch: 151, Loss: 0.5471
Epoch: 156, Loss: 0.5467
Epoch: 161, Loss: 0.5468
Epoch: 166, Loss: 0.5484
Epoch: 171, Loss: 0.5496
Epoch: 176, Loss: 0.5479
Epoch: 181, Loss: 0.5458
Epoch: 186, Loss: 0.5461
Epoch: 191, Loss: 0.5478
Epoch: 196, Loss: 0.5502
Epoch: 201, Loss: 0.5482
Epoch: 206, Loss: 0.5457
Epoch: 211, Loss: 0.5463
Epoch: 216, Loss: 0.5488
Epoch: 221, Loss: 0.5495
Epoch: 226, Loss: 0.5464
Epoch: 231, Loss: 0.5456
Epoch: 236, Loss: 0.5464
Epoch: 241, Loss: 0.5491
Epoch: 246, Loss: 0.5496
Epoch: 251, Loss: 0.5462
Epoch: 256, Loss: 0.5455
Epoch: 261, Loss: 0.5467
Epoch: 266, Loss: 0.5495
Epoch: 271, Loss: 0.5484
Epoch: 276, Loss: 0.5458
Epoch: 281, Loss: 0.5455
Epoch: 286, Loss: 0.5467
Epoch: 291, Loss: 0.5501
Epoch: 296, Loss: 0.5483
Epoch: 301, Loss: 0.5455
Epoch: 306, Loss: 0.5456
Epoch: 311, Loss: 0.5478
Epoch: 316, Loss: 0.5496
Epoch: 321, Loss: 0.5462
Epoch: 326, Loss: 0.5452
Epoch: 331, Loss: 0.5458
Epoch: 336, Loss: 0.5478
Epoch: 341, Loss: 0.5505
Epoch: 346, Loss: 0.5469
Epoch: 351, Loss: 0.5451
Epoch: 356, Loss: 0.5460
Epoch: 361, Loss: 0.5488
Epoch: 366, Loss: 0.5480
Epoch: 371, Loss: 0.5453
Epoch: 376, Loss: 0.5450
Epoch: 381, Loss: 0.5453
Epoch: 386, Loss: 0.5472
Epoch: 391, Loss: 0.5525
Epoch: 396, Loss: 0.5473
Epoch: 401, Loss: 0.5452
Epoch: 406, Loss: 0.5485
Epoch: 411, Loss: 0.5468
Epoch: 416, Loss: 0.5449
Epoch: 421, Loss: 0.5457
Epoch: 426, Loss: 0.5472
Epoch: 431, Loss: 0.5475
Epoch: 436, Loss: 0.5460
Epoch: 441, Loss: 0.5451
Epoch: 446, Loss: 0.5450
Epoch: 451, Loss: 0.5462
Epoch: 456, Loss: 0.5499
Epoch: 461, Loss: 0.5507
Epoch: 466, Loss: 0.5447
Epoch: 471, Loss: 0.5477
Epoch: 476, Loss: 0.5471
Epoch: 481, Loss: 0.5446
Epoch: 486, Loss: 0.5463
Epoch: 491, Loss: 0.5469
Epoch: 496, Loss: 0.5451
Epoch: 501, Loss: 0.5445
Epoch: 506, Loss: 0.5445
Epoch: 511, Loss: 0.5450
Epoch: 516, Loss: 0.5484
Epoch: 521, Loss: 0.5533
Epoch: 526, Loss: 0.5455
Epoch: 531, Loss: 0.5483
Epoch: 536, Loss: 0.5482
Epoch: 541, Loss: 0.5493
Epoch: 546, Loss: 0.5471
Epoch: 551, Loss: 0.5447
Epoch: 556, Loss: 0.5445
Epoch: 561, Loss: 0.5453
Epoch: 566, Loss: 0.5454
Epoch: 571, Loss: 0.5447
Epoch: 576, Loss: 0.5445
Epoch: 581, Loss: 0.5448
Epoch: 586, Loss: 0.5461
Epoch: 591, Loss: 0.5485
Epoch: 596, Loss: 0.5465
Epoch: 601, Loss: 0.5443
Epoch: 606, Loss: 0.5444
Epoch: 611, Loss: 0.5459
Epoch: 616, Loss: 0.5483
Epoch: 621, Loss: 0.5477
Epoch: 626, Loss: 0.5443
Epoch: 631, Loss: 0.5443
Epoch: 636, Loss: 0.5461
Epoch: 641, Loss: 0.5481
Epoch: 646, Loss: 0.5463
Epoch: 651, Loss: 0.5443
Epoch: 656, Loss: 0.5440
Epoch: 661, Loss: 0.5440
Epoch: 666, Loss: 0.5442
Epoch: 671, Loss: 0.5472
Epoch: 676, Loss: 0.5549
Epoch: 681, Loss: 0.5478
Epoch: 686, Loss: 0.5448
Epoch: 691, Loss: 0.5439
Epoch: 696, Loss: 0.5443
Epoch: 701, Loss: 0.5455
Epoch: 706, Loss: 0.5457
Epoch: 711, Loss: 0.5446
Epoch: 716, Loss: 0.5444
Epoch: 721, Loss: 0.5449
Epoch: 726, Loss: 0.5468
Epoch: 731, Loss: 0.5478
Epoch: 736, Loss: 0.5452
Epoch: 741, Loss: 0.5439
Epoch: 746, Loss: 0.5437
Epoch: 751, Loss: 0.5437
Epoch: 756, Loss: 0.5446
Epoch: 761, Loss: 0.5508
Epoch: 766, Loss: 0.5517
Epoch: 771, Loss: 0.5438
Epoch: 776, Loss: 0.5466
Epoch: 781, Loss: 0.5456
Epoch: 786, Loss: 0.5437
Epoch: 791, Loss: 0.5455
Epoch: 796, Loss: 0.5448
Epoch: 801, Loss: 0.5437
Epoch: 806, Loss: 0.5435
Epoch: 811, Loss: 0.5435
Epoch: 816, Loss: 0.5434
Epoch: 821, Loss: 0.5435
Epoch: 826, Loss: 0.5451
Epoch: 831, Loss: 0.5551
Epoch: 836, Loss: 0.5522
Epoch: 841, Loss: 0.5960
Epoch: 846, Loss: 0.6019
Epoch: 851, Loss: 0.6357
Epoch: 856, Loss: 0.6219
Epoch: 861, Loss: 0.8458
Epoch: 866, Loss: 28.6043
Epoch: 871, Loss: 28.5471
Epoch: 876, Loss: 28.5492
Epoch: 881, Loss: 28.5520
Epoch: 886, Loss: 28.5375
Epoch: 891, Loss: 28.5329
Epoch: 896, Loss: 28.5304
Epoch: 901, Loss: 28.5298
Epoch: 906, Loss: 28.5298
Epoch: 911, Loss: 28.5295
Epoch: 916, Loss: 28.5290
Epoch: 921, Loss: 28.5286
Epoch: 926, Loss: 28.5282
Epoch: 931, Loss: 28.5279
Epoch: 936, Loss: 28.5277
Epoch: 941, Loss: 28.5275
Epoch: 946, Loss: 28.5273
Epoch: 951, Loss: 28.5272
Epoch: 956, Loss: 28.5270
Epoch: 961, Loss: 28.5269
Epoch: 966, Loss: 28.5268
Epoch: 971, Loss: 28.5267
Epoch: 976, Loss: 28.5266
Epoch: 981, Loss: 28.5265
Epoch: 986, Loss: 28.5264
Epoch: 991, Loss: 28.5263
Epoch: 996, Loss: 28.5263
Epoch: 1001, Loss: 28.5262
Elapsed time 0.1781 min
test data and predicted data:

Epoch: 6, Loss: 28.5261
Epoch: 11, Loss: 28.5261
Epoch: 16, Loss: 28.5260
Epoch: 21, Loss: 28.5260
Epoch: 26, Loss: 28.5260
Epoch: 31, Loss: 28.5259
Epoch: 36, Loss: 28.5259
Epoch: 41, Loss: 28.5258
Epoch: 46, Loss: 28.5258
Epoch: 51, Loss: 28.5258
Epoch: 56, Loss: 28.5257
Epoch: 61, Loss: 28.5257
Epoch: 66, Loss: 28.5257
Epoch: 71, Loss: 28.5257
Epoch: 76, Loss: 28.5256
Epoch: 81, Loss: 28.5256
Epoch: 86, Loss: 28.5256
Epoch: 91, Loss: 28.5255
Epoch: 96, Loss: 28.5255
Epoch: 101, Loss: 28.5255
Epoch: 106, Loss: 28.5255
Epoch: 111, Loss: 28.5254
Epoch: 116, Loss: 28.5254
Epoch: 121, Loss: 28.5254
Epoch: 126, Loss: 28.5254
Epoch: 131, Loss: 28.5254
Epoch: 136, Loss: 28.5254
Epoch: 141, Loss: 28.5253
Epoch: 146, Loss: 28.5253
Epoch: 151, Loss: 28.5253
Epoch: 156, Loss: 28.5253
Epoch: 161, Loss: 28.5253
Epoch: 166, Loss: 28.5253
Epoch: 171, Loss: 28.5253
Epoch: 176, Loss: 28.5252
Epoch: 181, Loss: 28.5252
Epoch: 186, Loss: 28.5252
Epoch: 191, Loss: 28.5252
Epoch: 196, Loss: 28.5252
Epoch: 201, Loss: 28.5252
Epoch: 206, Loss: 28.5252
Epoch: 211, Loss: 28.5252
Epoch: 216, Loss: 28.5251
Epoch: 221, Loss: 28.5251
Epoch: 226, Loss: 28.5251
Epoch: 231, Loss: 28.5251
Epoch: 236, Loss: 28.5251
Epoch: 241, Loss: 28.5251
Epoch: 246, Loss: 28.5251
Epoch: 251, Loss: 28.5251
Epoch: 256, Loss: 28.5250
Epoch: 261, Loss: 28.5250
Epoch: 266, Loss: 28.5250
Epoch: 271, Loss: 28.5250
Epoch: 276, Loss: 28.5250
Epoch: 281, Loss: 28.5250
Epoch: 286, Loss: 28.5250
Epoch: 291, Loss: 28.5250
Epoch: 296, Loss: 28.5250
Epoch: 301, Loss: 28.5249
Epoch: 306, Loss: 28.5249
Epoch: 311, Loss: 28.5249
Epoch: 316, Loss: 28.5249
Epoch: 321, Loss: 28.5249
Epoch: 326, Loss: 28.5249
Epoch: 331, Loss: 28.5249
Epoch: 336, Loss: 28.5249
Epoch: 341, Loss: 28.5249
Epoch: 346, Loss: 28.5249
Epoch: 351, Loss: 28.5248
Epoch: 356, Loss: 28.5248
Epoch: 361, Loss: 28.5248
Epoch: 366, Loss: 28.5248
Epoch: 371, Loss: 28.5248
Epoch: 376, Loss: 28.5248
Epoch: 381, Loss: 28.5248
Epoch: 386, Loss: 28.5248
Epoch: 391, Loss: 28.5247
Epoch: 396, Loss: 28.5247
Epoch: 401, Loss: 28.5247
Epoch: 406, Loss: 28.5247
Epoch: 411, Loss: 28.5247
Epoch: 416, Loss: 28.5247
Epoch: 421, Loss: 28.5247
Epoch: 426, Loss: 28.5247
Epoch: 431, Loss: 28.5247
Epoch: 436, Loss: 28.5246
Epoch: 441, Loss: 28.5246
Epoch: 446, Loss: 28.5246
Epoch: 451, Loss: 28.5246
Epoch: 456, Loss: 28.5246
Epoch: 461, Loss: 28.5246
Epoch: 466, Loss: 28.5246
Epoch: 471, Loss: 28.5246
Epoch: 476, Loss: 28.5246
Epoch: 481, Loss: 28.5246
Epoch: 486, Loss: 28.5245
Epoch: 491, Loss: 28.5245
Epoch: 496, Loss: 28.5245
Epoch: 501, Loss: 28.5245
Epoch: 506, Loss: 28.5245
Epoch: 511, Loss: 28.5245
Epoch: 516, Loss: 28.5245
Epoch: 521, Loss: 28.5245
Epoch: 526, Loss: 28.5245
Epoch: 531, Loss: 28.5245
Epoch: 536, Loss: 28.5245
Epoch: 541, Loss: 28.5245
Epoch: 546, Loss: 28.5244
Epoch: 551, Loss: 28.5244
Epoch: 556, Loss: 28.5244
Epoch: 561, Loss: 28.5244
Epoch: 566, Loss: 28.5244
Epoch: 571, Loss: 28.5244
Epoch: 576, Loss: 28.5244
Epoch: 581, Loss: 28.5244
Epoch: 586, Loss: 28.5244
Epoch: 591, Loss: 28.5244
Epoch: 596, Loss: 28.5244
Epoch: 601, Loss: 28.5244
Epoch: 606, Loss: 28.5244
Epoch: 611, Loss: 28.5244
Epoch: 616, Loss: 28.5244
Epoch: 621, Loss: 28.5244
Epoch: 626, Loss: 28.5243
Epoch: 631, Loss: 28.5243
Epoch: 636, Loss: 28.5243
Epoch: 641, Loss: 28.5243
Epoch: 646, Loss: 28.5243
Epoch: 651, Loss: 28.5243
Epoch: 656, Loss: 28.5243
Epoch: 661, Loss: 28.5243
Epoch: 666, Loss: 28.5243
Epoch: 671, Loss: 28.5243
Epoch: 676, Loss: 28.5243
Epoch: 681, Loss: 28.5243
Epoch: 686, Loss: 28.5243
Epoch: 691, Loss: 28.5243
Epoch: 696, Loss: 28.5243
Epoch: 701, Loss: 28.5243
Epoch: 706, Loss: 28.5242
Epoch: 711, Loss: 28.5242
Epoch: 716, Loss: 28.5242
Epoch: 721, Loss: 28.5242
Epoch: 726, Loss: 28.5242
Epoch: 731, Loss: 28.5242
Epoch: 736, Loss: 28.5242
Epoch: 741, Loss: 28.5242
Epoch: 746, Loss: 28.5242
Epoch: 751, Loss: 28.5242
Epoch: 756, Loss: 28.5242
Epoch: 761, Loss: 28.5242
Epoch: 766, Loss: 28.5242
Epoch: 771, Loss: 28.5242
Epoch: 776, Loss: 28.5242
Epoch: 781, Loss: 28.5242
Epoch: 786, Loss: 28.5241
Epoch: 791, Loss: 28.5241
Epoch: 796, Loss: 28.5241
Epoch: 801, Loss: 28.5241
Epoch: 806, Loss: 28.5241
Epoch: 811, Loss: 28.5241
Epoch: 816, Loss: 28.5241
Epoch: 821, Loss: 28.5241
Epoch: 826, Loss: 28.5241
Epoch: 831, Loss: 28.5241
Epoch: 836, Loss: 28.5241
Epoch: 841, Loss: 28.5241
Epoch: 846, Loss: 28.5241
Epoch: 851, Loss: 28.5241
Epoch: 856, Loss: 28.5241
Epoch: 861, Loss: 28.5240
Epoch: 866, Loss: 28.5240
Epoch: 871, Loss: 28.5240
Epoch: 876, Loss: 28.5240
Epoch: 881, Loss: 28.5240
Epoch: 886, Loss: 28.5240
Epoch: 891, Loss: 28.5240
Epoch: 896, Loss: 28.5240
Epoch: 901, Loss: 28.5240
Epoch: 906, Loss: 28.5240
Epoch: 911, Loss: 28.5240
Epoch: 916, Loss: 28.5240
Epoch: 921, Loss: 28.5240
Epoch: 926, Loss: 28.5240
Epoch: 931, Loss: 28.5240
Epoch: 936, Loss: 28.5240
Epoch: 941, Loss: 28.5239
Epoch: 946, Loss: 28.5239
Epoch: 951, Loss: 28.5239
Epoch: 956, Loss: 28.5239
Epoch: 961, Loss: 28.5239
Epoch: 966, Loss: 28.5239
Epoch: 971, Loss: 28.5239
Epoch: 976, Loss: 28.5239
Epoch: 981, Loss: 28.5239
Epoch: 986, Loss: 28.5239
Epoch: 991, Loss: 28.5239
Epoch: 996, Loss: 28.5239
Epoch: 1001, Loss: 28.5239
Elapsed time 0.1782 min
test data and predicted data:

Epoch: 6, Loss: 28.5239
Epoch: 11, Loss: 28.5239
Epoch: 16, Loss: 28.5238
Epoch: 21, Loss: 28.5238
Epoch: 26, Loss: 28.5238
Epoch: 31, Loss: 28.5238
Epoch: 36, Loss: 28.5238
Epoch: 41, Loss: 28.5238
Epoch: 46, Loss: 28.5238
Epoch: 51, Loss: 28.5238
Epoch: 56, Loss: 28.5238
Epoch: 61, Loss: 28.5238
Epoch: 66, Loss: 28.5238
Epoch: 71, Loss: 28.5238
Epoch: 76, Loss: 28.5238
Epoch: 81, Loss: 28.5238
Epoch: 86, Loss: 28.5238
Epoch: 91, Loss: 28.5237
Epoch: 96, Loss: 28.5237
Epoch: 101, Loss: 28.5237
Epoch: 106, Loss: 28.5237
Epoch: 111, Loss: 28.5237
Epoch: 116, Loss: 28.5237
Epoch: 121, Loss: 28.5237
Epoch: 126, Loss: 28.5237
Epoch: 131, Loss: 28.5237
Epoch: 136, Loss: 28.5237
Epoch: 141, Loss: 28.5237
Epoch: 146, Loss: 28.5237
Epoch: 151, Loss: 28.5237
Epoch: 156, Loss: 28.5237
Epoch: 161, Loss: 28.5237
Epoch: 166, Loss: 28.5236
Epoch: 171, Loss: 28.5236
Epoch: 176, Loss: 28.5236
Epoch: 181, Loss: 28.5236
Epoch: 186, Loss: 28.5236
Epoch: 191, Loss: 28.5236
Epoch: 196, Loss: 28.5236
Epoch: 201, Loss: 28.5236
Epoch: 206, Loss: 28.5236
Epoch: 211, Loss: 28.5236
Epoch: 216, Loss: 28.5236
Epoch: 221, Loss: 28.5236
Epoch: 226, Loss: 28.5236
Epoch: 231, Loss: 28.5236
Epoch: 236, Loss: 28.5235
Epoch: 241, Loss: 28.5235
Epoch: 246, Loss: 28.5235
Epoch: 251, Loss: 28.5235
Epoch: 256, Loss: 28.5235
Epoch: 261, Loss: 28.5235
Epoch: 266, Loss: 28.5235
Epoch: 271, Loss: 28.5235
Epoch: 276, Loss: 28.5235
Epoch: 281, Loss: 28.5235
Epoch: 286, Loss: 28.5235
Epoch: 291, Loss: 28.5235
Epoch: 296, Loss: 28.5235
Epoch: 301, Loss: 28.5234
Epoch: 306, Loss: 28.5234
Epoch: 311, Loss: 28.5234
Epoch: 316, Loss: 28.5234
Epoch: 321, Loss: 28.5234
Epoch: 326, Loss: 28.5234
Epoch: 331, Loss: 28.5234
Epoch: 336, Loss: 28.5234
Epoch: 341, Loss: 28.5234
Epoch: 346, Loss: 28.5234
Epoch: 351, Loss: 28.5234
Epoch: 356, Loss: 28.5233
Epoch: 361, Loss: 28.5233
Epoch: 366, Loss: 28.5233
Epoch: 371, Loss: 28.5233
Epoch: 376, Loss: 28.5233
Epoch: 381, Loss: 28.5233
Epoch: 386, Loss: 28.5233
Epoch: 391, Loss: 28.5233
Epoch: 396, Loss: 28.5233
Epoch: 401, Loss: 28.5233
Epoch: 406, Loss: 28.5233
Epoch: 411, Loss: 28.5233
Epoch: 416, Loss: 28.5233
Epoch: 421, Loss: 28.5232
Epoch: 426, Loss: 28.5232
Epoch: 431, Loss: 28.5232
Epoch: 436, Loss: 28.5232
Epoch: 441, Loss: 28.5232
Epoch: 446, Loss: 28.5232
Epoch: 451, Loss: 28.5232
Epoch: 456, Loss: 28.5232
Epoch: 461, Loss: 28.5232
Epoch: 466, Loss: 28.5232
Epoch: 471, Loss: 28.5231
Epoch: 476, Loss: 28.5231
Epoch: 481, Loss: 28.5231
Epoch: 486, Loss: 28.5231
Epoch: 491, Loss: 28.5231
Epoch: 496, Loss: 28.5231
Epoch: 501, Loss: 28.5231
Epoch: 506, Loss: 28.5231
Epoch: 511, Loss: 28.5231
Epoch: 516, Loss: 28.5231
Epoch: 521, Loss: 28.5231
Epoch: 526, Loss: 28.5231
Epoch: 531, Loss: 28.5230
Epoch: 536, Loss: 28.5230
Epoch: 541, Loss: 28.5230
Epoch: 546, Loss: 28.5230
Epoch: 551, Loss: 28.5230
Epoch: 556, Loss: 28.5230
Epoch: 561, Loss: 28.5230
Epoch: 566, Loss: 28.5230
Epoch: 571, Loss: 28.5230
Epoch: 576, Loss: 28.5230
Epoch: 581, Loss: 28.5230
Epoch: 586, Loss: 28.5229
Epoch: 591, Loss: 28.5229
Epoch: 596, Loss: 28.5229
Epoch: 601, Loss: 28.5229
Epoch: 606, Loss: 28.5229
Epoch: 611, Loss: 28.5229
Epoch: 616, Loss: 28.5229
Epoch: 621, Loss: 28.5229
Epoch: 626, Loss: 28.5229
Epoch: 631, Loss: 28.5229
Epoch: 636, Loss: 28.5228
Epoch: 641, Loss: 28.5228
Epoch: 646, Loss: 28.5228
Epoch: 651, Loss: 28.5228
Epoch: 656, Loss: 28.5228
Epoch: 661, Loss: 28.5228
Epoch: 666, Loss: 28.5228
Epoch: 671, Loss: 28.5228
Epoch: 676, Loss: 28.5228
Epoch: 681, Loss: 28.5228
Epoch: 686, Loss: 28.5227
Epoch: 691, Loss: 28.5227
Epoch: 696, Loss: 28.5227
Epoch: 701, Loss: 28.5227
Epoch: 706, Loss: 28.5227
Epoch: 711, Loss: 28.5227
Epoch: 716, Loss: 28.5227
Epoch: 721, Loss: 28.5227
Epoch: 726, Loss: 28.5227
Epoch: 731, Loss: 28.5226
Epoch: 736, Loss: 28.5226
Epoch: 741, Loss: 28.5226
Epoch: 746, Loss: 28.5226
Epoch: 751, Loss: 28.5226
Epoch: 756, Loss: 28.5226
Epoch: 761, Loss: 28.5226
Epoch: 766, Loss: 28.5226
Epoch: 771, Loss: 28.5226
Epoch: 776, Loss: 28.5225
Epoch: 781, Loss: 28.5225
Epoch: 786, Loss: 28.5225
Epoch: 791, Loss: 28.5225
Epoch: 796, Loss: 28.5225
Epoch: 801, Loss: 28.5225
Epoch: 806, Loss: 28.5225
Epoch: 811, Loss: 28.5225
Epoch: 816, Loss: 28.5225
Epoch: 821, Loss: 28.5224
Epoch: 826, Loss: 28.5224
Epoch: 831, Loss: 28.5224
Epoch: 836, Loss: 28.5224
Epoch: 841, Loss: 28.5224
Epoch: 846, Loss: 28.5224
Epoch: 851, Loss: 28.5224
Epoch: 856, Loss: 28.5224
Epoch: 861, Loss: 28.5224
Epoch: 866, Loss: 28.5223
Epoch: 871, Loss: 28.5223
Epoch: 876, Loss: 28.5223
Epoch: 881, Loss: 28.5223
Epoch: 886, Loss: 28.5223
Epoch: 891, Loss: 28.5223
Epoch: 896, Loss: 28.5223
Epoch: 901, Loss: 28.5223
Epoch: 906, Loss: 28.5222
Epoch: 911, Loss: 28.5222
Epoch: 916, Loss: 28.5222
Epoch: 921, Loss: 28.5222
Epoch: 926, Loss: 28.5222
Epoch: 931, Loss: 28.5222
Epoch: 936, Loss: 28.5222
Epoch: 941, Loss: 28.5222
Epoch: 946, Loss: 28.5221
Epoch: 951, Loss: 28.5221
Epoch: 956, Loss: 28.5221
Epoch: 961, Loss: 28.5221
Epoch: 966, Loss: 28.5221
Epoch: 971, Loss: 28.5221
Epoch: 976, Loss: 28.5221
Epoch: 981, Loss: 28.5220
Epoch: 986, Loss: 28.5220
Epoch: 991, Loss: 28.5220
Epoch: 996, Loss: 28.5220
Epoch: 1001, Loss: 28.5220
Elapsed time 0.1592 min
test data and predicted data:

Epoch: 6, Loss: 28.5220
Epoch: 11, Loss: 28.5220
Epoch: 16, Loss: 28.5219
Epoch: 21, Loss: 28.5219
Epoch: 26, Loss: 28.5219
Epoch: 31, Loss: 28.5219
Epoch: 36, Loss: 28.5219
Epoch: 41, Loss: 28.5219
Epoch: 46, Loss: 28.5219
Epoch: 51, Loss: 28.5218
Epoch: 56, Loss: 28.5218
Epoch: 61, Loss: 28.5218
Epoch: 66, Loss: 28.5218
Epoch: 71, Loss: 28.5218
Epoch: 76, Loss: 28.5218
Epoch: 81, Loss: 28.5217
Epoch: 86, Loss: 28.5217
Epoch: 91, Loss: 28.5217
Epoch: 96, Loss: 28.5217
Epoch: 101, Loss: 28.5217
Epoch: 106, Loss: 28.5216
Epoch: 111, Loss: 28.5216
Epoch: 116, Loss: 28.5216
Epoch: 121, Loss: 28.5216
Epoch: 126, Loss: 28.5216
Epoch: 131, Loss: 28.5215
Epoch: 136, Loss: 28.5215
Epoch: 141, Loss: 28.5215
Epoch: 146, Loss: 28.5215
Epoch: 151, Loss: 28.5215
Epoch: 156, Loss: 28.5215
Epoch: 161, Loss: 28.5214
Epoch: 166, Loss: 28.5214
Epoch: 171, Loss: 28.5214
Epoch: 176, Loss: 28.5214
Epoch: 181, Loss: 28.5213
Epoch: 186, Loss: 28.5213
Epoch: 191, Loss: 28.5213
Epoch: 196, Loss: 28.5213
Epoch: 201, Loss: 28.5213
Epoch: 206, Loss: 28.5212
Epoch: 211, Loss: 28.5212
Epoch: 216, Loss: 28.5212
Epoch: 221, Loss: 28.5212
Epoch: 226, Loss: 28.5212
Epoch: 231, Loss: 28.5211
Epoch: 236, Loss: 28.5211
Epoch: 241, Loss: 28.5211
Epoch: 246, Loss: 28.5211
Epoch: 251, Loss: 28.5211
Epoch: 256, Loss: 28.5210
Epoch: 261, Loss: 28.5210
Epoch: 266, Loss: 28.5210
Epoch: 271, Loss: 28.5210
Epoch: 276, Loss: 28.5210
Epoch: 281, Loss: 28.5209
Epoch: 286, Loss: 28.5209
Epoch: 291, Loss: 28.5209
Epoch: 296, Loss: 28.5209
Epoch: 301, Loss: 28.5209
Epoch: 306, Loss: 28.5208
Epoch: 311, Loss: 28.5208
Epoch: 316, Loss: 28.5208
Epoch: 321, Loss: 28.5208
Epoch: 326, Loss: 28.5207
Epoch: 331, Loss: 28.5207
Epoch: 336, Loss: 28.5207
Epoch: 341, Loss: 28.5207
Epoch: 346, Loss: 28.5207
Epoch: 351, Loss: 28.5206
Epoch: 356, Loss: 28.5206
Epoch: 361, Loss: 28.5206
Epoch: 366, Loss: 28.5206
Epoch: 371, Loss: 28.5206
Epoch: 376, Loss: 28.5205
Epoch: 381, Loss: 28.5205
Epoch: 386, Loss: 28.5205
Epoch: 391, Loss: 28.5205
Epoch: 396, Loss: 28.5205
Epoch: 401, Loss: 28.5204
Epoch: 406, Loss: 28.5204
Epoch: 411, Loss: 28.5204
Epoch: 416, Loss: 28.5204
Epoch: 421, Loss: 28.5204
Epoch: 426, Loss: 28.5203
Epoch: 431, Loss: 28.5203
Epoch: 436, Loss: 28.5203
Epoch: 441, Loss: 28.5203
Epoch: 446, Loss: 28.5203
Epoch: 451, Loss: 28.5203
Epoch: 456, Loss: 28.5202
Epoch: 461, Loss: 28.5202
Epoch: 466, Loss: 28.5202
Epoch: 471, Loss: 28.5202
Epoch: 476, Loss: 28.5202
Epoch: 481, Loss: 28.5201
Epoch: 486, Loss: 28.5201
Epoch: 491, Loss: 28.5201
Epoch: 496, Loss: 28.5201
Epoch: 501, Loss: 28.5201
Epoch: 506, Loss: 28.5201
Epoch: 511, Loss: 28.5200
Epoch: 516, Loss: 28.5200
Epoch: 521, Loss: 28.5200
Epoch: 526, Loss: 28.5200
Epoch: 531, Loss: 28.5200
Epoch: 536, Loss: 28.5200
Epoch: 541, Loss: 28.5199
Epoch: 546, Loss: 28.5199
Epoch: 551, Loss: 28.5199
Epoch: 556, Loss: 28.5199
Epoch: 561, Loss: 28.5199
Epoch: 566, Loss: 28.5199
Epoch: 571, Loss: 28.5198
Epoch: 576, Loss: 28.5198
Epoch: 581, Loss: 28.5198
Epoch: 586, Loss: 28.5198
Epoch: 591, Loss: 28.5198
Epoch: 596, Loss: 28.5198
Epoch: 601, Loss: 28.5197
Epoch: 606, Loss: 28.5197
Epoch: 611, Loss: 28.5197
Epoch: 616, Loss: 28.5197
Epoch: 621, Loss: 28.5197
Epoch: 626, Loss: 28.5196
Epoch: 631, Loss: 28.5196
Epoch: 636, Loss: 28.5196
Epoch: 641, Loss: 28.5196
Epoch: 646, Loss: 28.5196
Epoch: 651, Loss: 28.5196
Epoch: 656, Loss: 28.5195
Epoch: 661, Loss: 28.5195
Epoch: 666, Loss: 28.5195
Epoch: 671, Loss: 28.5195
Epoch: 676, Loss: 28.5195
Epoch: 681, Loss: 28.5194
Epoch: 686, Loss: 28.5194
Epoch: 691, Loss: 28.5194
Epoch: 696, Loss: 28.5194
Epoch: 701, Loss: 28.5194
Epoch: 706, Loss: 28.5194
Epoch: 711, Loss: 28.5193
Epoch: 716, Loss: 28.5193
Epoch: 721, Loss: 28.5193
Epoch: 726, Loss: 28.5193
Epoch: 731, Loss: 28.5193
Epoch: 736, Loss: 28.5193
Epoch: 741, Loss: 28.5192
Epoch: 746, Loss: 28.5193
Epoch: 751, Loss: 28.5193
Epoch: 756, Loss: 28.5192
Epoch: 761, Loss: 28.5192
Epoch: 766, Loss: 28.5192
Epoch: 771, Loss: 28.5192
Epoch: 776, Loss: 28.5194
Epoch: 781, Loss: 28.5197
Epoch: 786, Loss: 28.5191
Epoch: 791, Loss: 28.5192
Epoch: 796, Loss: 28.5193
Epoch: 801, Loss: 28.5191
Epoch: 806, Loss: 28.5191
Epoch: 811, Loss: 28.5192
Epoch: 816, Loss: 28.5192
Epoch: 821, Loss: 28.5191
Epoch: 826, Loss: 28.5190
Epoch: 831, Loss: 28.5190
Epoch: 836, Loss: 28.5190
Epoch: 841, Loss: 28.5192
Epoch: 846, Loss: 28.5200
Epoch: 851, Loss: 28.5193
Epoch: 856, Loss: 28.5191
Epoch: 861, Loss: 28.5193
Epoch: 866, Loss: 28.5188
Epoch: 871, Loss: 28.5190
Epoch: 876, Loss: 28.5189
Epoch: 881, Loss: 28.5188
Epoch: 886, Loss: 28.5188
Epoch: 891, Loss: 28.5190
Epoch: 896, Loss: 28.5195
Epoch: 901, Loss: 28.5191
Epoch: 906, Loss: 28.5187
Epoch: 911, Loss: 28.5188
Epoch: 916, Loss: 28.5190
Epoch: 921, Loss: 28.5195
Epoch: 926, Loss: 28.5192
Epoch: 931, Loss: 28.5187
Epoch: 936, Loss: 28.5188
Epoch: 941, Loss: 28.5191
Epoch: 946, Loss: 28.5192
Epoch: 951, Loss: 28.5187
Epoch: 956, Loss: 28.5186
Epoch: 961, Loss: 28.5187
Epoch: 966, Loss: 28.5192
Epoch: 971, Loss: 28.5198
Epoch: 976, Loss: 28.5187
Epoch: 981, Loss: 28.5187
Epoch: 986, Loss: 28.5191
Epoch: 991, Loss: 28.5189
Epoch: 996, Loss: 28.5185
Epoch: 1001, Loss: 28.5185
Elapsed time 0.1543 min
test data and predicted data:

Epoch: 6, Loss: 28.5186
Epoch: 11, Loss: 28.5193
Epoch: 16, Loss: 28.5195
Epoch: 21, Loss: 28.5185
Epoch: 26, Loss: 28.5185
Epoch: 31, Loss: 28.5191
Epoch: 36, Loss: 28.5191
Epoch: 41, Loss: 28.5185
Epoch: 46, Loss: 28.5184
Epoch: 51, Loss: 28.5185
Epoch: 56, Loss: 28.5190
Epoch: 61, Loss: 28.5195
Epoch: 66, Loss: 28.5186
Epoch: 71, Loss: 28.5183
Epoch: 76, Loss: 28.5185
Epoch: 81, Loss: 28.5190
Epoch: 86, Loss: 28.5191
Epoch: 91, Loss: 28.5184
Epoch: 96, Loss: 28.5182
Epoch: 101, Loss: 28.5183
Epoch: 106, Loss: 28.5187
Epoch: 111, Loss: 28.5199
Epoch: 116, Loss: 28.5186
Epoch: 121, Loss: 28.5182
Epoch: 126, Loss: 28.5187
Epoch: 131, Loss: 28.5191
Epoch: 136, Loss: 28.5185
Epoch: 141, Loss: 28.5181
Epoch: 146, Loss: 28.5182
Epoch: 151, Loss: 28.5187
Epoch: 156, Loss: 28.5192
Epoch: 161, Loss: 28.5189
Epoch: 166, Loss: 28.5181
Epoch: 171, Loss: 28.5181
Epoch: 176, Loss: 28.5186
Epoch: 181, Loss: 28.5192
Epoch: 186, Loss: 28.5188
Epoch: 191, Loss: 28.5180
Epoch: 196, Loss: 28.5181
Epoch: 201, Loss: 28.5187
Epoch: 206, Loss: 28.5192
Epoch: 211, Loss: 28.5185
Epoch: 216, Loss: 28.5180
Epoch: 221, Loss: 28.5180
Epoch: 226, Loss: 28.5185
Epoch: 231, Loss: 28.5193
Epoch: 236, Loss: 28.5186
Epoch: 241, Loss: 28.5179
Epoch: 246, Loss: 28.5182
Epoch: 251, Loss: 28.5193
Epoch: 256, Loss: 28.5187
Epoch: 261, Loss: 28.5179
Epoch: 266, Loss: 28.5180
Epoch: 271, Loss: 28.5185
Epoch: 276, Loss: 28.5192
Epoch: 281, Loss: 28.5182
Epoch: 286, Loss: 28.5178
Epoch: 291, Loss: 28.5179
Epoch: 296, Loss: 28.5185
Epoch: 301, Loss: 28.5198
Epoch: 306, Loss: 28.5181
Epoch: 311, Loss: 28.5178
Epoch: 316, Loss: 28.5186
Epoch: 321, Loss: 28.5187
Epoch: 326, Loss: 28.5179
Epoch: 331, Loss: 28.5177
Epoch: 336, Loss: 28.5178
Epoch: 341, Loss: 28.5184
Epoch: 346, Loss: 28.5194
Epoch: 351, Loss: 28.5182
Epoch: 356, Loss: 28.5177
Epoch: 361, Loss: 28.5183
Epoch: 366, Loss: 28.5190
Epoch: 371, Loss: 28.5180
Epoch: 376, Loss: 28.5176
Epoch: 381, Loss: 28.5177
Epoch: 386, Loss: 28.5182
Epoch: 391, Loss: 28.5197
Epoch: 396, Loss: 28.5181
Epoch: 401, Loss: 28.5175
Epoch: 406, Loss: 28.5181
Epoch: 411, Loss: 28.5188
Epoch: 416, Loss: 28.5183
Epoch: 421, Loss: 28.5175
Epoch: 426, Loss: 28.5176
Epoch: 431, Loss: 28.5181
Epoch: 436, Loss: 28.5189
Epoch: 441, Loss: 28.5183
Epoch: 446, Loss: 28.5174
Epoch: 451, Loss: 28.5177
Epoch: 456, Loss: 28.5189
Epoch: 461, Loss: 28.5185
Epoch: 466, Loss: 28.5175
Epoch: 471, Loss: 28.5175
Epoch: 476, Loss: 28.5183
Epoch: 481, Loss: 28.5189
Epoch: 486, Loss: 28.5176
Epoch: 491, Loss: 28.5174
Epoch: 496, Loss: 28.5178
Epoch: 501, Loss: 28.5187
Epoch: 506, Loss: 28.5184
Epoch: 511, Loss: 28.5173
Epoch: 516, Loss: 28.5175
Epoch: 521, Loss: 28.5186
Epoch: 526, Loss: 28.5185
Epoch: 531, Loss: 28.5174
Epoch: 536, Loss: 28.5173
Epoch: 541, Loss: 28.5177
Epoch: 546, Loss: 28.5190
Epoch: 551, Loss: 28.5182
Epoch: 556, Loss: 28.5172
Epoch: 561, Loss: 28.5173
Epoch: 566, Loss: 28.5180
Epoch: 571, Loss: 28.5191
Epoch: 576, Loss: 28.5177
Epoch: 581, Loss: 28.5171
Epoch: 586, Loss: 28.5173
Epoch: 591, Loss: 28.5180
Epoch: 596, Loss: 28.5192
Epoch: 601, Loss: 28.5175
Epoch: 606, Loss: 28.5171
Epoch: 611, Loss: 28.5175
Epoch: 616, Loss: 28.5184
Epoch: 621, Loss: 28.5185
Epoch: 626, Loss: 28.5172
Epoch: 631, Loss: 28.5171
Epoch: 636, Loss: 28.5177
Epoch: 641, Loss: 28.5186
Epoch: 646, Loss: 28.5179
Epoch: 651, Loss: 28.5170
Epoch: 656, Loss: 28.5172
Epoch: 661, Loss: 28.5184
Epoch: 666, Loss: 28.5183
Epoch: 671, Loss: 28.5171
Epoch: 676, Loss: 28.5170
Epoch: 681, Loss: 28.5176
Epoch: 686, Loss: 28.5188
Epoch: 691, Loss: 28.5176
Epoch: 696, Loss: 28.5169
Epoch: 701, Loss: 28.5172
Epoch: 706, Loss: 28.5182
Epoch: 711, Loss: 28.5183
Epoch: 716, Loss: 28.5169
Epoch: 721, Loss: 28.5170
Epoch: 726, Loss: 28.5179
Epoch: 731, Loss: 28.5184
Epoch: 736, Loss: 28.5172
Epoch: 741, Loss: 28.5168
Epoch: 746, Loss: 28.5172
Epoch: 751, Loss: 28.5186
Epoch: 756, Loss: 28.5179
Epoch: 761, Loss: 28.5168
Epoch: 766, Loss: 28.5169
Epoch: 771, Loss: 28.5178
Epoch: 776, Loss: 28.5187
Epoch: 781, Loss: 28.5170
Epoch: 786, Loss: 28.5167
Epoch: 791, Loss: 28.5172
Epoch: 796, Loss: 28.5182
Epoch: 801, Loss: 28.5179
Epoch: 806, Loss: 28.5167
Epoch: 811, Loss: 28.5168
Epoch: 816, Loss: 28.5179
Epoch: 821, Loss: 28.5183
Epoch: 826, Loss: 28.5170
Epoch: 831, Loss: 28.5167
Epoch: 836, Loss: 28.5171
Epoch: 841, Loss: 28.5186
Epoch: 846, Loss: 28.5175
Epoch: 851, Loss: 28.5167
Epoch: 856, Loss: 28.5166
Epoch: 861, Loss: 28.5172
Epoch: 866, Loss: 28.5188
Epoch: 871, Loss: 28.5175
Epoch: 876, Loss: 28.5166
Epoch: 881, Loss: 28.5167
Epoch: 886, Loss: 28.5176
Epoch: 891, Loss: 28.5186
Epoch: 896, Loss: 28.5169
Epoch: 901, Loss: 28.5165
Epoch: 906, Loss: 28.5166
Epoch: 911, Loss: 28.5173
Epoch: 916, Loss: 28.5192
Epoch: 921, Loss: 28.5170
Epoch: 926, Loss: 28.5165
Epoch: 931, Loss: 28.5170
Epoch: 936, Loss: 28.5180
Epoch: 941, Loss: 28.5176
Epoch: 946, Loss: 28.5165
Epoch: 951, Loss: 28.5164
Epoch: 956, Loss: 28.5165
Epoch: 961, Loss: 28.5172
Epoch: 966, Loss: 28.5196
Epoch: 971, Loss: 28.5170
Epoch: 976, Loss: 28.5164
Epoch: 981, Loss: 28.5173
Epoch: 986, Loss: 28.5180
Epoch: 991, Loss: 28.5169
Epoch: 996, Loss: 28.5163
Epoch: 1001, Loss: 28.5164
Elapsed time 0.1535 min
test data and predicted data:

Epoch: 6, Loss: 28.5169
Epoch: 11, Loss: 28.5183
Epoch: 16, Loss: 28.5175
Epoch: 21, Loss: 28.5163
Epoch: 26, Loss: 28.5166
Epoch: 31, Loss: 28.5179
Epoch: 36, Loss: 28.5177
Epoch: 41, Loss: 28.5165
Epoch: 46, Loss: 28.5162
Epoch: 51, Loss: 28.5164
Epoch: 56, Loss: 28.5178
Epoch: 61, Loss: 28.5180
Epoch: 66, Loss: 28.5164
Epoch: 71, Loss: 28.5163
Epoch: 76, Loss: 28.5172
Epoch: 81, Loss: 28.5185
Epoch: 86, Loss: 28.5166
Epoch: 91, Loss: 28.5162
Epoch: 96, Loss: 28.5166
Epoch: 101, Loss: 28.5176
Epoch: 106, Loss: 28.5176
Epoch: 111, Loss: 28.5162
Epoch: 116, Loss: 28.5162
Epoch: 121, Loss: 28.5168
Epoch: 126, Loss: 28.5180
Epoch: 131, Loss: 28.5172
Epoch: 136, Loss: 28.5161
Epoch: 141, Loss: 28.5163
Epoch: 146, Loss: 28.5177
Epoch: 151, Loss: 28.5175
Epoch: 156, Loss: 28.5163
Epoch: 161, Loss: 28.5160
Epoch: 166, Loss: 28.5164
Epoch: 171, Loss: 28.5181
Epoch: 176, Loss: 28.5173
Epoch: 181, Loss: 28.5161
Epoch: 186, Loss: 28.5160
Epoch: 191, Loss: 28.5166
Epoch: 196, Loss: 28.5184
Epoch: 201, Loss: 28.5169
Epoch: 206, Loss: 28.5160
Epoch: 211, Loss: 28.5162
Epoch: 216, Loss: 28.5172
Epoch: 221, Loss: 28.5179
Epoch: 226, Loss: 28.5162
Epoch: 231, Loss: 28.5159
Epoch: 236, Loss: 28.5162
Epoch: 241, Loss: 28.5173
Epoch: 246, Loss: 28.5180
Epoch: 251, Loss: 28.5161
Epoch: 256, Loss: 28.5159
Epoch: 261, Loss: 28.5162
Epoch: 266, Loss: 28.5174
Epoch: 271, Loss: 28.5178
Epoch: 276, Loss: 28.5160
Epoch: 281, Loss: 28.5158
Epoch: 286, Loss: 28.5163
Epoch: 291, Loss: 28.5176
Epoch: 296, Loss: 28.5173
Epoch: 301, Loss: 28.5159
Epoch: 306, Loss: 28.5159
Epoch: 311, Loss: 28.5167
Epoch: 316, Loss: 28.5177
Epoch: 321, Loss: 28.5164
Epoch: 326, Loss: 28.5157
Epoch: 331, Loss: 28.5160
Epoch: 336, Loss: 28.5172
Epoch: 341, Loss: 28.5175
Epoch: 346, Loss: 28.5160
Epoch: 351, Loss: 28.5157
Epoch: 356, Loss: 28.5162
Epoch: 361, Loss: 28.5181
Epoch: 366, Loss: 28.5166
Epoch: 371, Loss: 28.5157
Epoch: 376, Loss: 28.5159
Epoch: 381, Loss: 28.5168
Epoch: 386, Loss: 28.5178
Epoch: 391, Loss: 28.5160
Epoch: 396, Loss: 28.5156
Epoch: 401, Loss: 28.5160
Epoch: 406, Loss: 28.5170
Epoch: 411, Loss: 28.5176
Epoch: 416, Loss: 28.5159
Epoch: 421, Loss: 28.5156
Epoch: 426, Loss: 28.5159
Epoch: 431, Loss: 28.5170
Epoch: 436, Loss: 28.5178
Epoch: 441, Loss: 28.5158
Epoch: 446, Loss: 28.5156
Epoch: 451, Loss: 28.5160
Epoch: 456, Loss: 28.5172
Epoch: 461, Loss: 28.5171
Epoch: 466, Loss: 28.5157
Epoch: 471, Loss: 28.5155
Epoch: 476, Loss: 28.5158
Epoch: 481, Loss: 28.5169
Epoch: 486, Loss: 28.5180
Epoch: 491, Loss: 28.5157
Epoch: 496, Loss: 28.5156
Epoch: 501, Loss: 28.5165
Epoch: 506, Loss: 28.5175
Epoch: 511, Loss: 28.5160
Epoch: 516, Loss: 28.5155
Epoch: 521, Loss: 28.5158
Epoch: 526, Loss: 28.5174
Epoch: 531, Loss: 28.5169
Epoch: 536, Loss: 28.5156
Epoch: 541, Loss: 28.5155
Epoch: 546, Loss: 28.5160
Epoch: 551, Loss: 28.5180
Epoch: 556, Loss: 28.5165
Epoch: 561, Loss: 28.5154
Epoch: 566, Loss: 28.5156
Epoch: 571, Loss: 28.5168
Epoch: 576, Loss: 28.5174
Epoch: 581, Loss: 28.5156
Epoch: 586, Loss: 28.5154
Epoch: 591, Loss: 28.5157
Epoch: 596, Loss: 28.5170
Epoch: 601, Loss: 28.5173
Epoch: 606, Loss: 28.5154
Epoch: 611, Loss: 28.5154
Epoch: 616, Loss: 28.5163
Epoch: 621, Loss: 28.5173
Epoch: 626, Loss: 28.5160
Epoch: 631, Loss: 28.5153
Epoch: 636, Loss: 28.5155
Epoch: 641, Loss: 28.5167
Epoch: 646, Loss: 28.5172
Epoch: 651, Loss: 28.5157
Epoch: 656, Loss: 28.5153
Epoch: 661, Loss: 28.5157
Epoch: 666, Loss: 28.5174
Epoch: 671, Loss: 28.5166
Epoch: 676, Loss: 28.5153
Epoch: 681, Loss: 28.5153
Epoch: 686, Loss: 28.5161
Epoch: 691, Loss: 28.5177
Epoch: 696, Loss: 28.5158
Epoch: 701, Loss: 28.5152
Epoch: 706, Loss: 28.5153
Epoch: 711, Loss: 28.5162
Epoch: 716, Loss: 28.5178
Epoch: 721, Loss: 28.5157
Epoch: 726, Loss: 28.5151
Epoch: 731, Loss: 28.5152
Epoch: 736, Loss: 28.5158
Epoch: 741, Loss: 28.5181
Epoch: 746, Loss: 28.5160
Epoch: 751, Loss: 28.5151
Epoch: 756, Loss: 28.5154
Epoch: 761, Loss: 28.5165
Epoch: 766, Loss: 28.5172
Epoch: 771, Loss: 28.5153
Epoch: 776, Loss: 28.5151
Epoch: 781, Loss: 28.5153
Epoch: 786, Loss: 28.5165
Epoch: 791, Loss: 28.5173
Epoch: 796, Loss: 28.5153
Epoch: 801, Loss: 28.5150
Epoch: 806, Loss: 28.5154
Epoch: 811, Loss: 28.5168
Epoch: 816, Loss: 28.5169
Epoch: 821, Loss: 28.5151
Epoch: 826, Loss: 28.5151
Epoch: 831, Loss: 28.5161
Epoch: 836, Loss: 28.5170
Epoch: 841, Loss: 28.5156
Epoch: 846, Loss: 28.5149
Epoch: 851, Loss: 28.5150
Epoch: 856, Loss: 28.5157
Epoch: 861, Loss: 28.5171
Epoch: 866, Loss: 28.5160
Epoch: 871, Loss: 28.5149
Epoch: 876, Loss: 28.5151
Epoch: 881, Loss: 28.5167
Epoch: 886, Loss: 28.5166
Epoch: 891, Loss: 28.5151
Epoch: 896, Loss: 28.5149
Epoch: 901, Loss: 28.5151
Epoch: 906, Loss: 28.5166
Epoch: 911, Loss: 28.5167
Epoch: 916, Loss: 28.5151
Epoch: 921, Loss: 28.5148
Epoch: 926, Loss: 28.5151
Epoch: 931, Loss: 28.5169
Epoch: 936, Loss: 28.5165
Epoch: 941, Loss: 28.5150
Epoch: 946, Loss: 28.5148
Epoch: 951, Loss: 28.5150
Epoch: 956, Loss: 28.5167
Epoch: 961, Loss: 28.5167
Epoch: 966, Loss: 28.5150
Epoch: 971, Loss: 28.5147
Epoch: 976, Loss: 28.5151
Epoch: 981, Loss: 28.5172
Epoch: 986, Loss: 28.5162
Epoch: 991, Loss: 28.5148
Epoch: 996, Loss: 28.5147
Epoch: 1001, Loss: 28.5150
Elapsed time 0.1551 min
test data and predicted data:

avg Test Accuracy: 0.8460  avg Test AUC: 0.8985  avg Test PRE: 0.8396
