====================================================================================================
data: HeteroData(
  drug={
    node_id=[6823],
    x=[6823, 12],
  },
  protein={
    node_id=[4650],
    x=[4650, 20],
  },
  (drug, interaction, protein)={ edge_index=[2, 23705] },
  (protein, rev_interaction, drug)={ edge_index=[2, 23705] }
)
====================================================================================================
****************************************************************************************************
train data: HeteroData(
  drug={
    node_id=[6823],
    x=[6823, 12],
  },
  protein={
    node_id=[4650],
    x=[4650, 20],
  },
  (drug, interaction, protein)={
    edge_index=[2, 13276],
    edge_label=[9954],
    edge_label_index=[2, 9954],
  },
  (protein, rev_interaction, drug)={ edge_index=[2, 13276] }
)
****************************************************************************************************
val data: HeteroData(
  drug={
    node_id=[6823],
    x=[6823, 12],
  },
  protein={
    node_id=[4650],
    x=[4650, 20],
  },
  (drug, interaction, protein)={
    edge_index=[2, 16594],
    edge_label=[7110],
    edge_label_index=[2, 7110],
  },
  (protein, rev_interaction, drug)={ edge_index=[2, 16594] }
)
****************************************************************************************************
test data: HeteroData(
  drug={
    node_id=[6823],
    x=[6823, 12],
  },
  protein={
    node_id=[4650],
    x=[4650, 20],
  },
  (drug, interaction, protein)={
    edge_index=[2, 18964],
    edge_label=[14223],
    edge_label_index=[2, 14223],
  },
  (protein, rev_interaction, drug)={ edge_index=[2, 18964] }
)
****************************************************************************************************
edge_x: torch.Size([9954, 32])
labels: torch.Size([9954])
edge_x: torch.Size([7110, 32])
labels: torch.Size([7110])
edge_x: torch.Size([14223, 32])
labels: torch.Size([14223])
model: HGT(
  (lin_dict): ModuleDict(
    (drug): Linear(-1, 64, bias=True)
    (protein): Linear(-1, 64, bias=True)
  )
  (convs): ModuleList(
    (0-1): 2 x HGTConv(-1, 64, heads=8)
  )
  (lin): Linear(128, 1, bias=True)
)
Epoch: 6, Loss: 0.8434
Epoch: 11, Loss: 0.6313
Epoch: 16, Loss: 0.6292
Epoch: 21, Loss: 0.6186
Epoch: 26, Loss: 0.6039
Epoch: 31, Loss: 0.5622
Epoch: 36, Loss: 0.5304
Epoch: 41, Loss: 0.5305
Epoch: 46, Loss: 0.5189
Epoch: 51, Loss: 0.5185
Epoch: 56, Loss: 0.5123
Epoch: 61, Loss: 0.5076
Epoch: 66, Loss: 0.5030
Epoch: 71, Loss: 0.5011
Epoch: 76, Loss: 0.4997
Epoch: 81, Loss: 0.4981
Epoch: 86, Loss: 0.4925
Epoch: 91, Loss: 0.4885
Epoch: 96, Loss: 0.4872
Epoch: 101, Loss: 0.4858
Epoch: 106, Loss: 0.4835
Epoch: 111, Loss: 0.4818
Epoch: 116, Loss: 0.4827
Epoch: 121, Loss: 0.4822
Epoch: 126, Loss: 0.4801
Epoch: 131, Loss: 0.4795
Epoch: 136, Loss: 0.4802
Epoch: 141, Loss: 0.4813
Epoch: 146, Loss: 0.4796
Epoch: 151, Loss: 0.4818
Epoch: 156, Loss: 0.4877
Epoch: 161, Loss: 0.4797
Epoch: 166, Loss: 0.4804
Epoch: 171, Loss: 0.4845
Epoch: 176, Loss: 0.4796
Epoch: 181, Loss: 0.4774
Epoch: 186, Loss: 0.4763
Epoch: 191, Loss: 0.4751
Epoch: 196, Loss: 0.4749
Epoch: 201, Loss: 0.4785
Epoch: 206, Loss: 0.4777
Epoch: 211, Loss: 0.4795
Epoch: 216, Loss: 0.4754
Epoch: 221, Loss: 0.4762
Epoch: 226, Loss: 0.4767
Epoch: 231, Loss: 0.5354
Epoch: 236, Loss: 0.5025
Epoch: 241, Loss: 0.4944
Epoch: 246, Loss: 0.4838
Epoch: 251, Loss: 0.4781
Epoch: 256, Loss: 0.4772
Epoch: 261, Loss: 0.4714
Epoch: 266, Loss: 0.4719
Epoch: 271, Loss: 0.4767
Epoch: 276, Loss: 0.4726
Epoch: 281, Loss: 0.4720
Epoch: 286, Loss: 0.4734
Epoch: 291, Loss: 0.4751
Epoch: 296, Loss: 0.4704
Epoch: 301, Loss: 0.4685
Epoch: 306, Loss: 0.4716
Epoch: 311, Loss: 0.4692
Epoch: 316, Loss: 0.4679
Epoch: 321, Loss: 0.4668
Epoch: 326, Loss: 0.4725
Epoch: 331, Loss: 0.4895
Epoch: 336, Loss: 0.4879
Epoch: 341, Loss: 0.4766
Epoch: 346, Loss: 0.4790
Epoch: 351, Loss: 0.4729
Epoch: 356, Loss: 0.4703
Epoch: 361, Loss: 0.4702
Epoch: 366, Loss: 0.4721
Epoch: 371, Loss: 0.4681
Epoch: 376, Loss: 0.5003
Epoch: 381, Loss: 0.5096
Epoch: 386, Loss: 0.5396
Epoch: 391, Loss: 0.7389
Epoch: 396, Loss: 0.4955
Epoch: 401, Loss: 0.5713
Epoch: 406, Loss: 0.4895
Epoch: 411, Loss: 0.4896
Epoch: 416, Loss: 0.4807
Epoch: 421, Loss: 0.4774
Epoch: 426, Loss: 0.4756
Epoch: 431, Loss: 0.4770
Epoch: 436, Loss: 0.4763
Epoch: 441, Loss: 0.4739
Epoch: 446, Loss: 0.4728
Epoch: 451, Loss: 0.4740
Epoch: 456, Loss: 0.5078
Epoch: 461, Loss: 0.4770
Epoch: 466, Loss: 0.4752
Epoch: 471, Loss: 0.4727
Epoch: 476, Loss: 0.4718
Epoch: 481, Loss: 0.4685
Epoch: 486, Loss: 0.4678
Epoch: 491, Loss: 0.4671
Epoch: 496, Loss: 0.4671
Epoch: 501, Loss: 0.4740
Epoch: 506, Loss: 0.4753
Epoch: 511, Loss: 0.4749
Epoch: 516, Loss: 0.4739
Epoch: 521, Loss: 0.4718
Epoch: 526, Loss: 0.4695
Epoch: 531, Loss: 0.4690
Epoch: 536, Loss: 0.4683
Epoch: 541, Loss: 0.4677
Epoch: 546, Loss: 0.4675
Epoch: 551, Loss: 0.4660
Epoch: 556, Loss: 0.4669
Epoch: 561, Loss: 0.4649
Epoch: 566, Loss: 0.4650
Epoch: 571, Loss: 0.4650
Epoch: 576, Loss: 0.4630
Epoch: 581, Loss: 0.4644
Epoch: 586, Loss: 0.4677
Epoch: 591, Loss: 0.4662
Epoch: 596, Loss: 0.4638
Epoch: 601, Loss: 0.4643
Epoch: 606, Loss: 0.4707
Epoch: 611, Loss: 0.4731
Epoch: 616, Loss: 0.4679
Epoch: 621, Loss: 0.4660
Epoch: 626, Loss: 0.4675
Epoch: 631, Loss: 0.4627
Epoch: 636, Loss: 0.4625
Epoch: 641, Loss: 0.4633
Epoch: 646, Loss: 0.4662
Epoch: 651, Loss: 0.4771
Epoch: 656, Loss: 0.4729
Epoch: 661, Loss: 0.4713
Epoch: 666, Loss: 0.4701
Epoch: 671, Loss: 0.4684
Epoch: 676, Loss: 0.4682
Epoch: 681, Loss: 0.4679
Epoch: 686, Loss: 0.4694
Epoch: 691, Loss: 0.4691
Epoch: 696, Loss: 0.4628
Epoch: 701, Loss: 0.4788
Epoch: 706, Loss: 0.4692
Epoch: 711, Loss: 0.4643
Epoch: 716, Loss: 0.4653
Epoch: 721, Loss: 0.4628
Epoch: 726, Loss: 0.4621
Epoch: 731, Loss: 0.4667
Epoch: 736, Loss: 0.4628
Epoch: 741, Loss: 0.4618
Epoch: 746, Loss: 0.4628
Epoch: 751, Loss: 0.4622
Epoch: 756, Loss: 0.4607
Epoch: 761, Loss: 0.4603
Epoch: 766, Loss: 0.4590
Epoch: 771, Loss: 0.4611
Epoch: 776, Loss: 0.4618
Epoch: 781, Loss: 0.4596
Epoch: 786, Loss: 0.4604
Epoch: 791, Loss: 0.4610
Epoch: 796, Loss: 0.4644
Epoch: 801, Loss: 0.4649
Epoch: 806, Loss: 0.4781
Epoch: 811, Loss: 0.4750
Epoch: 816, Loss: 0.4706
Epoch: 821, Loss: 0.4660
Epoch: 826, Loss: 0.4649
Epoch: 831, Loss: 0.4626
Epoch: 836, Loss: 0.4638
Epoch: 841, Loss: 0.4612
Epoch: 846, Loss: 0.4608
Epoch: 851, Loss: 0.4612
Epoch: 856, Loss: 0.4598
Epoch: 861, Loss: 0.5078
Epoch: 866, Loss: 0.4797
Epoch: 871, Loss: 0.4737
Epoch: 876, Loss: 0.4706
Epoch: 881, Loss: 0.4716
Epoch: 886, Loss: 0.4694
Epoch: 891, Loss: 0.4670
Epoch: 896, Loss: 0.5282
Epoch: 901, Loss: 0.4928
Epoch: 906, Loss: 0.4790
Epoch: 911, Loss: 0.4842
Epoch: 916, Loss: 0.4664
Epoch: 921, Loss: 0.4717
Epoch: 926, Loss: 0.4669
Epoch: 931, Loss: 0.4675
Epoch: 936, Loss: 0.4656
Epoch: 941, Loss: 0.4634
Epoch: 946, Loss: 0.4635
Epoch: 951, Loss: 0.4621
Epoch: 956, Loss: 0.4655
Epoch: 961, Loss: 0.4648
Epoch: 966, Loss: 0.4629
Epoch: 971, Loss: 0.4639
Epoch: 976, Loss: 0.4635
Epoch: 981, Loss: 0.4643
Epoch: 986, Loss: 0.4635
Epoch: 991, Loss: 0.4611
Epoch: 996, Loss: 0.4616
Epoch: 1001, Loss: 0.4698
Elapsed time 0.1824 min
test data and predicted data:

Epoch: 6, Loss: 0.4684
Epoch: 11, Loss: 0.4845
Epoch: 16, Loss: 0.4812
Epoch: 21, Loss: 0.4881
Epoch: 26, Loss: 0.4755
Epoch: 31, Loss: 0.5096
Epoch: 36, Loss: 0.5005
Epoch: 41, Loss: 0.5028
Epoch: 46, Loss: 0.4883
Epoch: 51, Loss: 0.4740
Epoch: 56, Loss: 0.4730
Epoch: 61, Loss: 0.4692
Epoch: 66, Loss: 0.4701
Epoch: 71, Loss: 0.4700
Epoch: 76, Loss: 0.4677
Epoch: 81, Loss: 0.4666
Epoch: 86, Loss: 0.4668
Epoch: 91, Loss: 0.4652
Epoch: 96, Loss: 0.4662
Epoch: 101, Loss: 0.4637
Epoch: 106, Loss: 0.4648
Epoch: 111, Loss: 0.4702
Epoch: 116, Loss: 0.4632
Epoch: 121, Loss: 0.4642
Epoch: 126, Loss: 0.4633
Epoch: 131, Loss: 0.4624
Epoch: 136, Loss: 0.5221
Epoch: 141, Loss: 0.7446
Epoch: 146, Loss: 0.5377
Epoch: 151, Loss: 0.4781
Epoch: 156, Loss: 0.4834
Epoch: 161, Loss: 0.4696
Epoch: 166, Loss: 0.4704
Epoch: 171, Loss: 0.4640
Epoch: 176, Loss: 0.4636
Epoch: 181, Loss: 0.4642
Epoch: 186, Loss: 0.4656
Epoch: 191, Loss: 0.4651
Epoch: 196, Loss: 0.4635
Epoch: 201, Loss: 0.4621
Epoch: 206, Loss: 0.4612
Epoch: 211, Loss: 0.4613
Epoch: 216, Loss: 0.4606
Epoch: 221, Loss: 0.4602
Epoch: 226, Loss: 0.4594
Epoch: 231, Loss: 0.4588
Epoch: 236, Loss: 0.4595
Epoch: 241, Loss: 0.4589
Epoch: 246, Loss: 0.4582
Epoch: 251, Loss: 0.4578
Epoch: 256, Loss: 0.4574
Epoch: 261, Loss: 0.4574
Epoch: 266, Loss: 0.4573
Epoch: 271, Loss: 0.4566
Epoch: 276, Loss: 0.4561
Epoch: 281, Loss: 0.4575
Epoch: 286, Loss: 0.4586
Epoch: 291, Loss: 0.4576
Epoch: 296, Loss: 0.4571
Epoch: 301, Loss: 0.4564
Epoch: 306, Loss: 0.4549
Epoch: 311, Loss: 0.4571
Epoch: 316, Loss: 0.4574
Epoch: 321, Loss: 0.4547
Epoch: 326, Loss: 0.4577
Epoch: 331, Loss: 0.4603
Epoch: 336, Loss: 0.4557
Epoch: 341, Loss: 0.4624
Epoch: 346, Loss: 0.4633
Epoch: 351, Loss: 0.4607
Epoch: 356, Loss: 0.4593
Epoch: 361, Loss: 0.4599
Epoch: 366, Loss: 0.4601
Epoch: 371, Loss: 0.4591
Epoch: 376, Loss: 0.4585
Epoch: 381, Loss: 0.4581
Epoch: 386, Loss: 0.4607
Epoch: 391, Loss: 0.4684
Epoch: 396, Loss: 0.4693
Epoch: 401, Loss: 0.4682
Epoch: 406, Loss: 0.4665
Epoch: 411, Loss: 0.4647
Epoch: 416, Loss: 0.4614
Epoch: 421, Loss: 0.4590
Epoch: 426, Loss: 0.4580
Epoch: 431, Loss: 0.4700
Epoch: 436, Loss: 0.4739
Epoch: 441, Loss: 0.4693
Epoch: 446, Loss: 0.4634
Epoch: 451, Loss: 0.4617
Epoch: 456, Loss: 0.4594
Epoch: 461, Loss: 0.4594
Epoch: 466, Loss: 0.4580
Epoch: 471, Loss: 0.4577
Epoch: 476, Loss: 0.4577
Epoch: 481, Loss: 0.4584
Epoch: 486, Loss: 0.4592
Epoch: 491, Loss: 0.4652
Epoch: 496, Loss: 0.4671
Epoch: 501, Loss: 0.4643
Epoch: 506, Loss: 0.4624
Epoch: 511, Loss: 0.4611
Epoch: 516, Loss: 0.4609
Epoch: 521, Loss: 0.4591
Epoch: 526, Loss: 0.4584
Epoch: 531, Loss: 0.4608
Epoch: 536, Loss: 0.4598
Epoch: 541, Loss: 0.4585
Epoch: 546, Loss: 0.4578
Epoch: 551, Loss: 0.4571
Epoch: 556, Loss: 0.4566
Epoch: 561, Loss: 0.4561
Epoch: 566, Loss: 0.4572
Epoch: 571, Loss: 0.4570
Epoch: 576, Loss: 0.4596
Epoch: 581, Loss: 0.4582
Epoch: 586, Loss: 0.4567
Epoch: 591, Loss: 0.4562
Epoch: 596, Loss: 0.4563
Epoch: 601, Loss: 0.4585
Epoch: 606, Loss: 0.4557
Epoch: 611, Loss: 0.4601
Epoch: 616, Loss: 0.4580
Epoch: 621, Loss: 0.4591
Epoch: 626, Loss: 0.4587
Epoch: 631, Loss: 0.4573
Epoch: 636, Loss: 0.4567
Epoch: 641, Loss: 0.4553
Epoch: 646, Loss: 0.4550
Epoch: 651, Loss: 0.4547
Epoch: 656, Loss: 0.4537
Epoch: 661, Loss: 0.4534
Epoch: 666, Loss: 0.4530
Epoch: 671, Loss: 0.4546
Epoch: 676, Loss: 0.4546
Epoch: 681, Loss: 0.4639
Epoch: 686, Loss: 0.4564
Epoch: 691, Loss: 0.4580
Epoch: 696, Loss: 0.4606
Epoch: 701, Loss: 0.4611
Epoch: 706, Loss: 0.4617
Epoch: 711, Loss: 0.4606
Epoch: 716, Loss: 0.4567
Epoch: 721, Loss: 0.4565
Epoch: 726, Loss: 0.4575
Epoch: 731, Loss: 0.4567
Epoch: 736, Loss: 0.4568
Epoch: 741, Loss: 0.4561
Epoch: 746, Loss: 0.4559
Epoch: 751, Loss: 0.4556
Epoch: 756, Loss: 0.4570
Epoch: 761, Loss: 0.4559
Epoch: 766, Loss: 0.4546
Epoch: 771, Loss: 0.4544
Epoch: 776, Loss: 0.4546
Epoch: 781, Loss: 0.4542
Epoch: 786, Loss: 0.4540
Epoch: 791, Loss: 0.4578
Epoch: 796, Loss: 0.4569
Epoch: 801, Loss: 0.4567
Epoch: 806, Loss: 0.4553
Epoch: 811, Loss: 0.4552
Epoch: 816, Loss: 0.4557
Epoch: 821, Loss: 0.4555
Epoch: 826, Loss: 0.4545
Epoch: 831, Loss: 0.4544
Epoch: 836, Loss: 0.4537
Epoch: 841, Loss: 0.4565
Epoch: 846, Loss: 0.4554
Epoch: 851, Loss: 0.4548
Epoch: 856, Loss: 0.4546
Epoch: 861, Loss: 0.4527
Epoch: 866, Loss: 0.4533
Epoch: 871, Loss: 0.4537
Epoch: 876, Loss: 0.4558
Epoch: 881, Loss: 0.4593
Epoch: 886, Loss: 0.4579
Epoch: 891, Loss: 0.4561
Epoch: 896, Loss: 0.4564
Epoch: 901, Loss: 0.4588
Epoch: 906, Loss: 0.4546
Epoch: 911, Loss: 0.4536
Epoch: 916, Loss: 0.4558
Epoch: 921, Loss: 0.4541
Epoch: 926, Loss: 0.4536
Epoch: 931, Loss: 0.4666
Epoch: 936, Loss: 0.4682
Epoch: 941, Loss: 0.4687
Epoch: 946, Loss: 0.4668
Epoch: 951, Loss: 0.4646
Epoch: 956, Loss: 0.4637
Epoch: 961, Loss: 0.4632
Epoch: 966, Loss: 0.4629
Epoch: 971, Loss: 0.4698
Epoch: 976, Loss: 0.4664
Epoch: 981, Loss: 0.4635
Epoch: 986, Loss: 0.4644
Epoch: 991, Loss: 0.4641
Epoch: 996, Loss: 0.4628
Epoch: 1001, Loss: 0.4619
Elapsed time 0.1816 min
test data and predicted data:

Epoch: 6, Loss: 0.4605
Epoch: 11, Loss: 0.4598
Epoch: 16, Loss: 0.4656
Epoch: 21, Loss: 0.4601
Epoch: 26, Loss: 0.4597
Epoch: 31, Loss: 0.4607
Epoch: 36, Loss: 0.4600
Epoch: 41, Loss: 0.4600
Epoch: 46, Loss: 0.4600
Epoch: 51, Loss: 0.4597
Epoch: 56, Loss: 0.4597
Epoch: 61, Loss: 0.4594
Epoch: 66, Loss: 0.4585
Epoch: 71, Loss: 0.4586
Epoch: 76, Loss: 0.4615
Epoch: 81, Loss: 0.4615
Epoch: 86, Loss: 0.4608
Epoch: 91, Loss: 0.4604
Epoch: 96, Loss: 0.4609
Epoch: 101, Loss: 0.4586
Epoch: 106, Loss: 0.4607
Epoch: 111, Loss: 0.4582
Epoch: 116, Loss: 0.4603
Epoch: 121, Loss: 0.4606
Epoch: 126, Loss: 0.4596
Epoch: 131, Loss: 0.4591
Epoch: 136, Loss: 0.4583
Epoch: 141, Loss: 0.4572
Epoch: 146, Loss: 0.4568
Epoch: 151, Loss: 0.4599
Epoch: 156, Loss: 0.4619
Epoch: 161, Loss: 0.4623
Epoch: 166, Loss: 0.4592
Epoch: 171, Loss: 0.4573
Epoch: 176, Loss: 0.4571
Epoch: 181, Loss: 0.4564
Epoch: 186, Loss: 0.4564
Epoch: 191, Loss: 0.4566
Epoch: 196, Loss: 0.4563
Epoch: 201, Loss: 0.4609
Epoch: 206, Loss: 0.4664
Epoch: 211, Loss: 0.5012
Epoch: 216, Loss: 0.4730
Epoch: 221, Loss: 0.4697
Epoch: 226, Loss: 0.4659
Epoch: 231, Loss: 0.4648
Epoch: 236, Loss: 0.4611
Epoch: 241, Loss: 0.4612
Epoch: 246, Loss: 0.4605
Epoch: 251, Loss: 0.4617
Epoch: 256, Loss: 0.4603
Epoch: 261, Loss: 0.4613
Epoch: 266, Loss: 0.4659
Epoch: 271, Loss: 0.4614
Epoch: 276, Loss: 0.5133
Epoch: 281, Loss: 0.8281
Epoch: 286, Loss: 0.4914
Epoch: 291, Loss: 0.5033
Epoch: 296, Loss: 0.5023
Epoch: 301, Loss: 0.4812
Epoch: 306, Loss: 0.4742
Epoch: 311, Loss: 0.4727
Epoch: 316, Loss: 0.4678
Epoch: 321, Loss: 0.4781
Epoch: 326, Loss: 0.4766
Epoch: 331, Loss: 0.4748
Epoch: 336, Loss: 0.4724
Epoch: 341, Loss: 0.4706
Epoch: 346, Loss: 0.4702
Epoch: 351, Loss: 0.4690
Epoch: 356, Loss: 0.4710
Epoch: 361, Loss: 0.4711
Epoch: 366, Loss: 0.4703
Epoch: 371, Loss: 0.4696
Epoch: 376, Loss: 0.4690
Epoch: 381, Loss: 0.4680
Epoch: 386, Loss: 0.4675
Epoch: 391, Loss: 0.4668
Epoch: 396, Loss: 0.4672
Epoch: 401, Loss: 0.4867
Epoch: 406, Loss: 0.4792
Epoch: 411, Loss: 0.4783
Epoch: 416, Loss: 0.4778
Epoch: 421, Loss: 0.4738
Epoch: 426, Loss: 0.4732
Epoch: 431, Loss: 0.4719
Epoch: 436, Loss: 0.4708
Epoch: 441, Loss: 0.4700
Epoch: 446, Loss: 0.4693
Epoch: 451, Loss: 0.4689
Epoch: 456, Loss: 0.4682
Epoch: 461, Loss: 0.4685
Epoch: 466, Loss: 0.4681
Epoch: 471, Loss: 0.4678
Epoch: 476, Loss: 0.4674
Epoch: 481, Loss: 0.4670
Epoch: 486, Loss: 0.4671
Epoch: 491, Loss: 0.4693
Epoch: 496, Loss: 0.4674
Epoch: 501, Loss: 0.4669
Epoch: 506, Loss: 0.4661
Epoch: 511, Loss: 0.4661
Epoch: 516, Loss: 0.4660
Epoch: 521, Loss: 0.4657
Epoch: 526, Loss: 0.4663
Epoch: 531, Loss: 0.4658
Epoch: 536, Loss: 0.4653
Epoch: 541, Loss: 0.4652
Epoch: 546, Loss: 0.4647
Epoch: 551, Loss: 0.4646
Epoch: 556, Loss: 0.4643
Epoch: 561, Loss: 0.4642
Epoch: 566, Loss: 0.4640
Epoch: 571, Loss: 0.4650
Epoch: 576, Loss: 0.4646
Epoch: 581, Loss: 0.4637
Epoch: 586, Loss: 0.4632
Epoch: 591, Loss: 0.4630
Epoch: 596, Loss: 0.4628
Epoch: 601, Loss: 0.4629
Epoch: 606, Loss: 0.4629
Epoch: 611, Loss: 0.4625
Epoch: 616, Loss: 0.4633
Epoch: 621, Loss: 0.4641
Epoch: 626, Loss: 0.4625
Epoch: 631, Loss: 0.4629
Epoch: 636, Loss: 0.4624
Epoch: 641, Loss: 0.4637
Epoch: 646, Loss: 0.4624
Epoch: 651, Loss: 0.4640
Epoch: 656, Loss: 0.4641
Epoch: 661, Loss: 0.4629
Epoch: 666, Loss: 0.4620
Epoch: 671, Loss: 0.4613
Epoch: 676, Loss: 0.4611
Epoch: 681, Loss: 0.4625
Epoch: 686, Loss: 0.4623
Epoch: 691, Loss: 0.4702
Epoch: 696, Loss: 0.4751
Epoch: 701, Loss: 0.4729
Epoch: 706, Loss: 0.4721
Epoch: 711, Loss: 0.4729
Epoch: 716, Loss: 0.4716
Epoch: 721, Loss: 0.4713
Epoch: 726, Loss: 0.4710
Epoch: 731, Loss: 0.4712
Epoch: 736, Loss: 0.4717
Epoch: 741, Loss: 0.4715
Epoch: 746, Loss: 0.4711
Epoch: 751, Loss: 0.4713
Epoch: 756, Loss: 0.4714
Epoch: 761, Loss: 0.4710
Epoch: 766, Loss: 0.4711
Epoch: 771, Loss: 0.4700
Epoch: 776, Loss: 0.4703
Epoch: 781, Loss: 0.4696
Epoch: 786, Loss: 0.4691
Epoch: 791, Loss: 0.4687
Epoch: 796, Loss: 0.4680
Epoch: 801, Loss: 0.4682
Epoch: 806, Loss: 0.4682
Epoch: 811, Loss: 0.4677
Epoch: 816, Loss: 0.4675
Epoch: 821, Loss: 0.4674
Epoch: 826, Loss: 0.4676
Epoch: 831, Loss: 0.4738
Epoch: 836, Loss: 0.4683
Epoch: 841, Loss: 0.4693
Epoch: 846, Loss: 0.4678
Epoch: 851, Loss: 0.4669
Epoch: 856, Loss: 0.4671
Epoch: 861, Loss: 0.4666
Epoch: 866, Loss: 0.4666
Epoch: 871, Loss: 0.4676
Epoch: 876, Loss: 0.4674
Epoch: 881, Loss: 0.4672
Epoch: 886, Loss: 0.4668
Epoch: 891, Loss: 0.4672
Epoch: 896, Loss: 0.4675
Epoch: 901, Loss: 0.4670
Epoch: 906, Loss: 0.4742
Epoch: 911, Loss: 0.4684
Epoch: 916, Loss: 0.4672
Epoch: 921, Loss: 0.4685
Epoch: 926, Loss: 0.4677
Epoch: 931, Loss: 0.4674
Epoch: 936, Loss: 0.4669
Epoch: 941, Loss: 0.4669
Epoch: 946, Loss: 0.4666
Epoch: 951, Loss: 0.4663
Epoch: 956, Loss: 0.4667
Epoch: 961, Loss: 0.4669
Epoch: 966, Loss: 0.4690
Epoch: 971, Loss: 0.4680
Epoch: 976, Loss: 0.4676
Epoch: 981, Loss: 0.4674
Epoch: 986, Loss: 0.4667
Epoch: 991, Loss: 0.4673
Epoch: 996, Loss: 0.4671
Epoch: 1001, Loss: 0.4667
Elapsed time 0.1813 min
test data and predicted data:

Epoch: 6, Loss: 0.4664
Epoch: 11, Loss: 0.4664
Epoch: 16, Loss: 0.4662
Epoch: 21, Loss: 0.4667
Epoch: 26, Loss: 0.4675
Epoch: 31, Loss: 0.4681
Epoch: 36, Loss: 0.4679
Epoch: 41, Loss: 0.4669
Epoch: 46, Loss: 0.4668
Epoch: 51, Loss: 0.4670
Epoch: 56, Loss: 0.4682
Epoch: 61, Loss: 0.4680
Epoch: 66, Loss: 0.4678
Epoch: 71, Loss: 0.4675
Epoch: 76, Loss: 0.4670
Epoch: 81, Loss: 0.4665
Epoch: 86, Loss: 0.4661
Epoch: 91, Loss: 0.4664
Epoch: 96, Loss: 0.4660
Epoch: 101, Loss: 0.4659
Epoch: 106, Loss: 0.4658
Epoch: 111, Loss: 0.4660
Epoch: 116, Loss: 0.4674
Epoch: 121, Loss: 0.4676
Epoch: 126, Loss: 0.4739
Epoch: 131, Loss: 0.4790
Epoch: 136, Loss: 0.4874
Epoch: 141, Loss: 0.4789
Epoch: 146, Loss: 0.4766
Epoch: 151, Loss: 0.4725
Epoch: 156, Loss: 0.4707
Epoch: 161, Loss: 0.4695
Epoch: 166, Loss: 0.4741
Epoch: 171, Loss: 0.4725
Epoch: 176, Loss: 0.4722
Epoch: 181, Loss: 0.4706
Epoch: 186, Loss: 0.4708
Epoch: 191, Loss: 0.4691
Epoch: 196, Loss: 0.4705
Epoch: 201, Loss: 0.4718
Epoch: 206, Loss: 0.4714
Epoch: 211, Loss: 0.4711
Epoch: 216, Loss: 0.4701
Epoch: 221, Loss: 0.4695
Epoch: 226, Loss: 0.4691
Epoch: 231, Loss: 0.4686
Epoch: 236, Loss: 0.4682
Epoch: 241, Loss: 0.4677
Epoch: 246, Loss: 0.4672
Epoch: 251, Loss: 0.4753
Epoch: 256, Loss: 0.4737
Epoch: 261, Loss: 0.4712
Epoch: 266, Loss: 0.4692
Epoch: 271, Loss: 0.4756
Epoch: 276, Loss: 0.4729
Epoch: 281, Loss: 0.4718
Epoch: 286, Loss: 0.4721
Epoch: 291, Loss: 0.4710
Epoch: 296, Loss: 0.4707
Epoch: 301, Loss: 0.4717
Epoch: 306, Loss: 0.4714
Epoch: 311, Loss: 0.4694
Epoch: 316, Loss: 0.4693
Epoch: 321, Loss: 0.4707
Epoch: 326, Loss: 0.4696
Epoch: 331, Loss: 0.4681
Epoch: 336, Loss: 0.4680
Epoch: 341, Loss: 0.4759
Epoch: 346, Loss: 0.4742
Epoch: 351, Loss: 0.4734
Epoch: 356, Loss: 0.4734
Epoch: 361, Loss: 0.4783
Epoch: 366, Loss: 0.4765
Epoch: 371, Loss: 0.4733
Epoch: 376, Loss: 0.4719
Epoch: 381, Loss: 0.4705
Epoch: 386, Loss: 0.4698
Epoch: 391, Loss: 0.4686
Epoch: 396, Loss: 0.4684
Epoch: 401, Loss: 0.4685
Epoch: 406, Loss: 0.4681
Epoch: 411, Loss: 0.4679
Epoch: 416, Loss: 0.4679
Epoch: 421, Loss: 0.4675
Epoch: 426, Loss: 0.4672
Epoch: 431, Loss: 0.4666
Epoch: 436, Loss: 0.4677
Epoch: 441, Loss: 0.4679
Epoch: 446, Loss: 0.4677
Epoch: 451, Loss: 0.4673
Epoch: 456, Loss: 0.4667
Epoch: 461, Loss: 0.4670
Epoch: 466, Loss: 0.4675
Epoch: 471, Loss: 0.4668
Epoch: 476, Loss: 0.4669
Epoch: 481, Loss: 0.4663
Epoch: 486, Loss: 0.4660
Epoch: 491, Loss: 0.4656
Epoch: 496, Loss: 0.4654
Epoch: 501, Loss: 0.4652
Epoch: 506, Loss: 0.4650
Epoch: 511, Loss: 0.4651
Epoch: 516, Loss: 0.4647
Epoch: 521, Loss: 0.4647
Epoch: 526, Loss: 0.4647
Epoch: 531, Loss: 0.4645
Epoch: 536, Loss: 0.4645
Epoch: 541, Loss: 0.4645
Epoch: 546, Loss: 0.4644
Epoch: 551, Loss: 0.4644
Epoch: 556, Loss: 0.4643
Epoch: 561, Loss: 0.4641
Epoch: 566, Loss: 0.4643
Epoch: 571, Loss: 0.4642
Epoch: 576, Loss: 0.4641
Epoch: 581, Loss: 0.4640
Epoch: 586, Loss: 0.4638
Epoch: 591, Loss: 0.4642
Epoch: 596, Loss: 0.4640
Epoch: 601, Loss: 0.4639
Epoch: 606, Loss: 0.4639
Epoch: 611, Loss: 0.4642
Epoch: 616, Loss: 0.4646
Epoch: 621, Loss: 0.4675
Epoch: 626, Loss: 0.4734
Epoch: 631, Loss: 0.4803
Epoch: 636, Loss: 0.5150
Epoch: 641, Loss: 0.5394
Epoch: 646, Loss: 0.4992
Epoch: 651, Loss: 0.4816
Epoch: 656, Loss: 0.4807
Epoch: 661, Loss: 0.4753
Epoch: 666, Loss: 0.4721
Epoch: 671, Loss: 0.4706
Epoch: 676, Loss: 0.4699
Epoch: 681, Loss: 0.4691
Epoch: 686, Loss: 0.4686
Epoch: 691, Loss: 0.4688
Epoch: 696, Loss: 0.4684
Epoch: 701, Loss: 0.4682
Epoch: 706, Loss: 0.4678
Epoch: 711, Loss: 0.4693
Epoch: 716, Loss: 0.4703
Epoch: 721, Loss: 0.4690
Epoch: 726, Loss: 0.4673
Epoch: 731, Loss: 0.4655
Epoch: 736, Loss: 0.4653
Epoch: 741, Loss: 0.4646
Epoch: 746, Loss: 0.4654
Epoch: 751, Loss: 0.4663
Epoch: 756, Loss: 0.4630
Epoch: 761, Loss: 0.4627
Epoch: 766, Loss: 0.4618
Epoch: 771, Loss: 0.4620
Epoch: 776, Loss: 0.4643
Epoch: 781, Loss: 0.4650
Epoch: 786, Loss: 0.4645
Epoch: 791, Loss: 0.4640
Epoch: 796, Loss: 0.4660
Epoch: 801, Loss: 0.4645
Epoch: 806, Loss: 0.4640
Epoch: 811, Loss: 0.4643
Epoch: 816, Loss: 0.4615
Epoch: 821, Loss: 0.4608
Epoch: 826, Loss: 0.4609
Epoch: 831, Loss: 0.4629
Epoch: 836, Loss: 0.4609
Epoch: 841, Loss: 0.4649
Epoch: 846, Loss: 0.4654
Epoch: 851, Loss: 0.4649
Epoch: 856, Loss: 0.4633
Epoch: 861, Loss: 0.4631
Epoch: 866, Loss: 0.4636
Epoch: 871, Loss: 0.4618
Epoch: 876, Loss: 0.4639
Epoch: 881, Loss: 0.4653
Epoch: 886, Loss: 0.4630
Epoch: 891, Loss: 0.4629
Epoch: 896, Loss: 0.4658
Epoch: 901, Loss: 0.4668
Epoch: 906, Loss: 0.4665
Epoch: 911, Loss: 0.4661
Epoch: 916, Loss: 0.4655
Epoch: 921, Loss: 0.4680
Epoch: 926, Loss: 0.4675
Epoch: 931, Loss: 0.4681
Epoch: 936, Loss: 0.4678
Epoch: 941, Loss: 0.4690
Epoch: 946, Loss: 0.4747
Epoch: 951, Loss: 0.4713
Epoch: 956, Loss: 0.4709
Epoch: 961, Loss: 0.4700
Epoch: 966, Loss: 0.4691
Epoch: 971, Loss: 0.4677
Epoch: 976, Loss: 0.4676
Epoch: 981, Loss: 0.4698
Epoch: 986, Loss: 0.4695
Epoch: 991, Loss: 0.4691
Epoch: 996, Loss: 0.4683
Epoch: 1001, Loss: 0.4675
Elapsed time 0.1814 min
test data and predicted data:

Epoch: 6, Loss: 0.4672
Epoch: 11, Loss: 0.4673
Epoch: 16, Loss: 0.4668
Epoch: 21, Loss: 0.4662
Epoch: 26, Loss: 0.5077
Epoch: 31, Loss: 0.4984
Epoch: 36, Loss: 0.4938
Epoch: 41, Loss: 0.4865
Epoch: 46, Loss: 0.4826
Epoch: 51, Loss: 0.4807
Epoch: 56, Loss: 0.4805
Epoch: 61, Loss: 0.4797
Epoch: 66, Loss: 0.4796
Epoch: 71, Loss: 0.4792
Epoch: 76, Loss: 0.4789
Epoch: 81, Loss: 0.4784
Epoch: 86, Loss: 0.4780
Epoch: 91, Loss: 0.4777
Epoch: 96, Loss: 0.4781
Epoch: 101, Loss: 0.4790
Epoch: 106, Loss: 0.4798
Epoch: 111, Loss: 0.4791
Epoch: 116, Loss: 0.4790
Epoch: 121, Loss: 0.4793
Epoch: 126, Loss: 0.4771
Epoch: 131, Loss: 0.4751
Epoch: 136, Loss: 0.4734
Epoch: 141, Loss: 0.4730
Epoch: 146, Loss: 0.4760
Epoch: 151, Loss: 0.4721
Epoch: 156, Loss: 0.4712
Epoch: 161, Loss: 0.4715
Epoch: 166, Loss: 0.4725
Epoch: 171, Loss: 0.4726
Epoch: 176, Loss: 0.4723
Epoch: 181, Loss: 0.4722
Epoch: 186, Loss: 0.4709
Epoch: 191, Loss: 0.4705
Epoch: 196, Loss: 0.4701
Epoch: 201, Loss: 0.4697
Epoch: 206, Loss: 0.4690
Epoch: 211, Loss: 0.4692
Epoch: 216, Loss: 0.4685
Epoch: 221, Loss: 0.4682
Epoch: 226, Loss: 0.4682
Epoch: 231, Loss: 0.4687
Epoch: 236, Loss: 0.4685
Epoch: 241, Loss: 0.4671
Epoch: 246, Loss: 0.4688
Epoch: 251, Loss: 0.4679
Epoch: 256, Loss: 0.4738
Epoch: 261, Loss: 0.4760
Epoch: 266, Loss: 0.4754
Epoch: 271, Loss: 0.4752
Epoch: 276, Loss: 0.4756
Epoch: 281, Loss: 0.4756
Epoch: 286, Loss: 0.4751
Epoch: 291, Loss: 0.4748
Epoch: 296, Loss: 0.4747
Epoch: 301, Loss: 0.4745
Epoch: 306, Loss: 0.4744
Epoch: 311, Loss: 0.4742
Epoch: 316, Loss: 0.4762
Epoch: 321, Loss: 0.4759
Epoch: 326, Loss: 0.4748
Epoch: 331, Loss: 0.4747
Epoch: 336, Loss: 0.4745
Epoch: 341, Loss: 0.4743
Epoch: 346, Loss: 0.4741
Epoch: 351, Loss: 0.4740
Epoch: 356, Loss: 0.4739
Epoch: 361, Loss: 0.4738
Epoch: 366, Loss: 0.4736
Epoch: 371, Loss: 0.4735
Epoch: 376, Loss: 0.4734
Epoch: 381, Loss: 0.4725
Epoch: 386, Loss: 0.4723
Epoch: 391, Loss: 0.4721
Epoch: 396, Loss: 0.4720
Epoch: 401, Loss: 0.4718
Epoch: 406, Loss: 0.4717
Epoch: 411, Loss: 0.4716
Epoch: 416, Loss: 0.4717
Epoch: 421, Loss: 0.4714
Epoch: 426, Loss: 0.4707
Epoch: 431, Loss: 0.4701
Epoch: 436, Loss: 0.4699
Epoch: 441, Loss: 0.4695
Epoch: 446, Loss: 0.4929
Epoch: 451, Loss: 0.5130
Epoch: 456, Loss: 0.4980
Epoch: 461, Loss: 0.4787
Epoch: 466, Loss: 0.4776
Epoch: 471, Loss: 0.4757
Epoch: 476, Loss: 0.4729
Epoch: 481, Loss: 0.4721
Epoch: 486, Loss: 0.4705
Epoch: 491, Loss: 0.4700
Epoch: 496, Loss: 0.4696
Epoch: 501, Loss: 0.4695
Epoch: 506, Loss: 0.4692
Epoch: 511, Loss: 0.4687
Epoch: 516, Loss: 0.4703
Epoch: 521, Loss: 0.4717
Epoch: 526, Loss: 0.4717
Epoch: 531, Loss: 0.4718
Epoch: 536, Loss: 0.4713
Epoch: 541, Loss: 0.4703
Epoch: 546, Loss: 0.4735
Epoch: 551, Loss: 0.4705
Epoch: 556, Loss: 0.4701
Epoch: 561, Loss: 0.4690
Epoch: 566, Loss: 0.4684
Epoch: 571, Loss: 0.4675
Epoch: 576, Loss: 0.4671
Epoch: 581, Loss: 0.4670
Epoch: 586, Loss: 0.4671
Epoch: 591, Loss: 0.4684
Epoch: 596, Loss: 0.4690
Epoch: 601, Loss: 0.4668
Epoch: 606, Loss: 0.4677
Epoch: 611, Loss: 0.4672
Epoch: 616, Loss: 0.4681
Epoch: 621, Loss: 0.4673
Epoch: 626, Loss: 0.4678
Epoch: 631, Loss: 0.4715
Epoch: 636, Loss: 0.4710
Epoch: 641, Loss: 0.4694
Epoch: 646, Loss: 0.4706
Epoch: 651, Loss: 0.4675
Epoch: 656, Loss: 0.4673
Epoch: 661, Loss: 0.4670
Epoch: 666, Loss: 0.4667
Epoch: 671, Loss: 0.4665
Epoch: 676, Loss: 0.4707
Epoch: 681, Loss: 0.4730
Epoch: 686, Loss: 0.4722
Epoch: 691, Loss: 0.4703
Epoch: 696, Loss: 0.4711
Epoch: 701, Loss: 0.4703
Epoch: 706, Loss: 0.4711
Epoch: 711, Loss: 0.4702
Epoch: 716, Loss: 0.4688
Epoch: 721, Loss: 0.4683
Epoch: 726, Loss: 0.4679
Epoch: 731, Loss: 0.4678
Epoch: 736, Loss: 0.4681
Epoch: 741, Loss: 0.4674
Epoch: 746, Loss: 0.4671
Epoch: 751, Loss: 0.4669
Epoch: 756, Loss: 0.4669
Epoch: 761, Loss: 0.4667
Epoch: 766, Loss: 0.4672
Epoch: 771, Loss: 0.4694
Epoch: 776, Loss: 0.4683
Epoch: 781, Loss: 0.4682
Epoch: 786, Loss: 0.4670
Epoch: 791, Loss: 0.4669
Epoch: 796, Loss: 0.4667
Epoch: 801, Loss: 0.4664
Epoch: 806, Loss: 0.4659
Epoch: 811, Loss: 0.4657
Epoch: 816, Loss: 0.4653
Epoch: 821, Loss: 0.4652
Epoch: 826, Loss: 0.4650
Epoch: 831, Loss: 0.4646
Epoch: 836, Loss: 0.4646
Epoch: 841, Loss: 0.4644
Epoch: 846, Loss: 0.4644
Epoch: 851, Loss: 0.4644
Epoch: 856, Loss: 0.4641
Epoch: 861, Loss: 0.4675
Epoch: 866, Loss: 0.4654
Epoch: 871, Loss: 0.4668
Epoch: 876, Loss: 0.4661
Epoch: 881, Loss: 0.4637
Epoch: 886, Loss: 0.4639
Epoch: 891, Loss: 0.4639
Epoch: 896, Loss: 0.4635
Epoch: 901, Loss: 0.4630
Epoch: 906, Loss: 0.4649
Epoch: 911, Loss: 0.4652
Epoch: 916, Loss: 0.4651
Epoch: 921, Loss: 0.4638
Epoch: 926, Loss: 0.4674
Epoch: 931, Loss: 0.4641
Epoch: 936, Loss: 0.4643
Epoch: 941, Loss: 0.4668
Epoch: 946, Loss: 0.4720
Epoch: 951, Loss: 0.4757
Epoch: 956, Loss: 0.4734
Epoch: 961, Loss: 0.4725
Epoch: 966, Loss: 0.4708
Epoch: 971, Loss: 0.4694
Epoch: 976, Loss: 0.4689
Epoch: 981, Loss: 0.4686
Epoch: 986, Loss: 0.4683
Epoch: 991, Loss: 0.4679
Epoch: 996, Loss: 0.4672
Epoch: 1001, Loss: 0.4668
Elapsed time 0.1811 min
test data and predicted data:

Epoch: 6, Loss: 0.4667
Epoch: 11, Loss: 0.4659
Epoch: 16, Loss: 0.4656
Epoch: 21, Loss: 0.4646
Epoch: 26, Loss: 0.4638
Epoch: 31, Loss: 0.4634
Epoch: 36, Loss: 0.4632
Epoch: 41, Loss: 0.4633
Epoch: 46, Loss: 0.4637
Epoch: 51, Loss: 0.4631
Epoch: 56, Loss: 0.4652
Epoch: 61, Loss: 0.4635
Epoch: 66, Loss: 0.4633
Epoch: 71, Loss: 0.4626
Epoch: 76, Loss: 0.4627
Epoch: 81, Loss: 0.4623
Epoch: 86, Loss: 0.4620
Epoch: 91, Loss: 0.4619
Epoch: 96, Loss: 0.4618
Epoch: 101, Loss: 0.4829
Epoch: 106, Loss: 0.4844
Epoch: 111, Loss: 0.4802
Epoch: 116, Loss: 0.4771
Epoch: 121, Loss: 0.4768
Epoch: 126, Loss: 0.4745
Epoch: 131, Loss: 0.4740
Epoch: 136, Loss: 0.4738
Epoch: 141, Loss: 0.4727
Epoch: 146, Loss: 0.4720
Epoch: 151, Loss: 0.4719
Epoch: 156, Loss: 0.4717
Epoch: 161, Loss: 0.4714
Epoch: 166, Loss: 0.4713
Epoch: 171, Loss: 0.4713
Epoch: 176, Loss: 0.4717
Epoch: 181, Loss: 0.4715
Epoch: 186, Loss: 0.4713
Epoch: 191, Loss: 0.4711
Epoch: 196, Loss: 0.4712
Epoch: 201, Loss: 0.4715
Epoch: 206, Loss: 0.4715
Epoch: 211, Loss: 0.4714
Epoch: 216, Loss: 0.4713
Epoch: 221, Loss: 0.4712
Epoch: 226, Loss: 0.4709
Epoch: 231, Loss: 0.4709
Epoch: 236, Loss: 0.4708
Epoch: 241, Loss: 0.4709
Epoch: 246, Loss: 0.4706
Epoch: 251, Loss: 0.4704
Epoch: 256, Loss: 0.4703
Epoch: 261, Loss: 0.4702
Epoch: 266, Loss: 0.4699
Epoch: 271, Loss: 0.4697
Epoch: 276, Loss: 0.4695
Epoch: 281, Loss: 0.4694
Epoch: 286, Loss: 0.4691
Epoch: 291, Loss: 0.4691
Epoch: 296, Loss: 0.4686
Epoch: 301, Loss: 0.4685
Epoch: 306, Loss: 0.4967
Epoch: 311, Loss: 0.5100
Epoch: 316, Loss: 0.5087
Epoch: 321, Loss: 0.5080
Epoch: 326, Loss: 0.5061
Epoch: 331, Loss: 0.5056
Epoch: 336, Loss: 0.5047
Epoch: 341, Loss: 0.5042
Epoch: 346, Loss: 0.5039
Epoch: 351, Loss: 0.5035
Epoch: 356, Loss: 0.5033
Epoch: 361, Loss: 0.5031
Epoch: 366, Loss: 0.5029
Epoch: 371, Loss: 0.5027
Epoch: 376, Loss: 0.5025
Epoch: 381, Loss: 0.5023
Epoch: 386, Loss: 0.5021
Epoch: 391, Loss: 0.5020
Epoch: 396, Loss: 0.5018
Epoch: 401, Loss: 0.5017
Epoch: 406, Loss: 0.5016
Epoch: 411, Loss: 0.5015
Epoch: 416, Loss: 0.5014
Epoch: 421, Loss: 0.5014
Epoch: 426, Loss: 0.5013
Epoch: 431, Loss: 0.5013
Epoch: 436, Loss: 0.5012
Epoch: 441, Loss: 0.5012
Epoch: 446, Loss: 0.5011
Epoch: 451, Loss: 0.5011
Epoch: 456, Loss: 0.5010
Epoch: 461, Loss: 0.5010
Epoch: 466, Loss: 0.5009
Epoch: 471, Loss: 0.5009
Epoch: 476, Loss: 0.5008
Epoch: 481, Loss: 0.5008
Epoch: 486, Loss: 0.5019
Epoch: 491, Loss: 0.5031
Epoch: 496, Loss: 0.5008
Epoch: 501, Loss: 0.5015
Epoch: 506, Loss: 0.5009
Epoch: 511, Loss: 0.5008
Epoch: 516, Loss: 0.5005
Epoch: 521, Loss: 0.5005
Epoch: 526, Loss: 0.5003
Epoch: 531, Loss: 0.5002
Epoch: 536, Loss: 0.5002
Epoch: 541, Loss: 0.5000
Epoch: 546, Loss: 0.5000
Epoch: 551, Loss: 0.4999
Epoch: 556, Loss: 0.4998
Epoch: 561, Loss: 0.4997
Epoch: 566, Loss: 0.4995
Epoch: 571, Loss: 0.4994
Epoch: 576, Loss: 0.4993
Epoch: 581, Loss: 0.4993
Epoch: 586, Loss: 0.5007
Epoch: 591, Loss: 0.5000
Epoch: 596, Loss: 0.5000
Epoch: 601, Loss: 0.4992
Epoch: 606, Loss: 0.4988
Epoch: 611, Loss: 0.4987
Epoch: 616, Loss: 0.4986
Epoch: 621, Loss: 0.4985
Epoch: 626, Loss: 0.4984
Epoch: 631, Loss: 0.4984
Epoch: 636, Loss: 0.4983
Epoch: 641, Loss: 0.4983
Epoch: 646, Loss: 0.4987
Epoch: 651, Loss: 0.4999
Epoch: 656, Loss: 0.4980
Epoch: 661, Loss: 0.4982
Epoch: 666, Loss: 0.4984
Epoch: 671, Loss: 0.4980
Epoch: 676, Loss: 0.4978
Epoch: 681, Loss: 0.4979
Epoch: 686, Loss: 0.4978
Epoch: 691, Loss: 0.4977
Epoch: 696, Loss: 0.4980
Epoch: 701, Loss: 0.4990
Epoch: 706, Loss: 0.4976
Epoch: 711, Loss: 0.4982
Epoch: 716, Loss: 0.4976
Epoch: 721, Loss: 0.4974
Epoch: 726, Loss: 0.4975
Epoch: 731, Loss: 0.4972
Epoch: 736, Loss: 0.4973
Epoch: 741, Loss: 0.4972
Epoch: 746, Loss: 0.4971
Epoch: 751, Loss: 0.4974
Epoch: 756, Loss: 0.4994
Epoch: 761, Loss: 0.4969
Epoch: 766, Loss: 0.4973
Epoch: 771, Loss: 0.4973
Epoch: 776, Loss: 0.4970
Epoch: 781, Loss: 0.4967
Epoch: 786, Loss: 0.4967
Epoch: 791, Loss: 0.4966
Epoch: 796, Loss: 0.4966
Epoch: 801, Loss: 0.4965
Epoch: 806, Loss: 0.4964
Epoch: 811, Loss: 0.4963
Epoch: 816, Loss: 0.4963
Epoch: 821, Loss: 0.5003
Epoch: 826, Loss: 0.4962
Epoch: 831, Loss: 0.4973
Epoch: 836, Loss: 0.4976
Epoch: 841, Loss: 0.4963
Epoch: 846, Loss: 0.4964
Epoch: 851, Loss: 0.4961
Epoch: 856, Loss: 0.4960
Epoch: 861, Loss: 0.4958
Epoch: 866, Loss: 0.4957
Epoch: 871, Loss: 0.4956
Epoch: 876, Loss: 0.4955
Epoch: 881, Loss: 0.4954
Epoch: 886, Loss: 0.4954
Epoch: 891, Loss: 0.4953
Epoch: 896, Loss: 0.4952
Epoch: 901, Loss: 0.4951
Epoch: 906, Loss: 0.4951
Epoch: 911, Loss: 0.4950
Epoch: 916, Loss: 0.4949
Epoch: 921, Loss: 0.4949
Epoch: 926, Loss: 0.4949
Epoch: 931, Loss: 0.4950
Epoch: 936, Loss: 0.4951
Epoch: 941, Loss: 0.4950
Epoch: 946, Loss: 0.4946
Epoch: 951, Loss: 0.4944
Epoch: 956, Loss: 0.4946
Epoch: 961, Loss: 0.4952
Epoch: 966, Loss: 0.4952
Epoch: 971, Loss: 0.4942
Epoch: 976, Loss: 0.4945
Epoch: 981, Loss: 0.4940
Epoch: 986, Loss: 0.4941
Epoch: 991, Loss: 0.4940
Epoch: 996, Loss: 0.4939
Epoch: 1001, Loss: 0.4941
Elapsed time 0.1814 min
test data and predicted data:

Epoch: 6, Loss: 0.4960
Epoch: 11, Loss: 0.4940
Epoch: 16, Loss: 0.4946
Epoch: 21, Loss: 0.4943
Epoch: 26, Loss: 0.4939
Epoch: 31, Loss: 0.4936
Epoch: 36, Loss: 0.4935
Epoch: 41, Loss: 0.4935
Epoch: 46, Loss: 0.4935
Epoch: 51, Loss: 0.4933
Epoch: 56, Loss: 0.4934
Epoch: 61, Loss: 0.4933
Epoch: 66, Loss: 0.4933
Epoch: 71, Loss: 0.4932
Epoch: 76, Loss: 0.4934
Epoch: 81, Loss: 0.4945
Epoch: 86, Loss: 0.4941
Epoch: 91, Loss: 0.4935
Epoch: 96, Loss: 0.4931
Epoch: 101, Loss: 0.4933
Epoch: 106, Loss: 0.4930
Epoch: 111, Loss: 0.4929
Epoch: 116, Loss: 0.4930
Epoch: 121, Loss: 0.4929
Epoch: 126, Loss: 0.4928
Epoch: 131, Loss: 0.4927
Epoch: 136, Loss: 0.4928
Epoch: 141, Loss: 0.4951
Epoch: 146, Loss: 0.4937
Epoch: 151, Loss: 0.4939
Epoch: 156, Loss: 0.4931
Epoch: 161, Loss: 0.4926
Epoch: 166, Loss: 0.4925
Epoch: 171, Loss: 0.4924
Epoch: 176, Loss: 0.4924
Epoch: 181, Loss: 0.4924
Epoch: 186, Loss: 0.4924
Epoch: 191, Loss: 0.4923
Epoch: 196, Loss: 0.4923
Epoch: 201, Loss: 0.4922
Epoch: 206, Loss: 0.4922
Epoch: 211, Loss: 0.4922
Epoch: 216, Loss: 0.4922
Epoch: 221, Loss: 0.4921
Epoch: 226, Loss: 0.4921
Epoch: 231, Loss: 0.4924
Epoch: 236, Loss: 0.4950
Epoch: 241, Loss: 0.4921
Epoch: 246, Loss: 0.4925
Epoch: 251, Loss: 0.4925
Epoch: 256, Loss: 0.4923
Epoch: 261, Loss: 0.4922
Epoch: 266, Loss: 0.4920
Epoch: 271, Loss: 0.4983
Epoch: 276, Loss: 0.4948
Epoch: 281, Loss: 0.4952
Epoch: 286, Loss: 0.4954
Epoch: 291, Loss: 0.4936
Epoch: 296, Loss: 0.4927
Epoch: 301, Loss: 0.4926
Epoch: 306, Loss: 0.4925
Epoch: 311, Loss: 0.4923
Epoch: 316, Loss: 0.4921
Epoch: 321, Loss: 0.4919
Epoch: 326, Loss: 0.4918
Epoch: 331, Loss: 0.4918
Epoch: 336, Loss: 0.4917
Epoch: 341, Loss: 0.4916
Epoch: 346, Loss: 0.4916
Epoch: 351, Loss: 0.4915
Epoch: 356, Loss: 0.4915
Epoch: 361, Loss: 0.4914
Epoch: 366, Loss: 0.4914
Epoch: 371, Loss: 0.4913
Epoch: 376, Loss: 0.4913
Epoch: 381, Loss: 0.4912
Epoch: 386, Loss: 0.4912
Epoch: 391, Loss: 0.4911
Epoch: 396, Loss: 0.4911
Epoch: 401, Loss: 0.4910
Epoch: 406, Loss: 0.4910
Epoch: 411, Loss: 0.4909
Epoch: 416, Loss: 0.4909
Epoch: 421, Loss: 0.4908
Epoch: 426, Loss: 0.4908
Epoch: 431, Loss: 0.4907
Epoch: 436, Loss: 0.4907
Epoch: 441, Loss: 0.4907
Epoch: 446, Loss: 0.4906
Epoch: 451, Loss: 0.4906
Epoch: 456, Loss: 0.4905
Epoch: 461, Loss: 0.4905
Epoch: 466, Loss: 0.4904
Epoch: 471, Loss: 0.4905
Epoch: 476, Loss: 0.4904
Epoch: 481, Loss: 0.4904
Epoch: 486, Loss: 0.4907
Epoch: 491, Loss: 0.4914
Epoch: 496, Loss: 0.4903
Epoch: 501, Loss: 0.4906
Epoch: 506, Loss: 0.4901
Epoch: 511, Loss: 0.4904
Epoch: 516, Loss: 0.4901
Epoch: 521, Loss: 0.4901
Epoch: 526, Loss: 0.4924
Epoch: 531, Loss: 0.4907
Epoch: 536, Loss: 0.4960
Epoch: 541, Loss: 0.4921
Epoch: 546, Loss: 0.4905
Epoch: 551, Loss: 0.4902
Epoch: 556, Loss: 0.4903
Epoch: 561, Loss: 0.4904
Epoch: 566, Loss: 0.4902
Epoch: 571, Loss: 0.4900
Epoch: 576, Loss: 0.4899
Epoch: 581, Loss: 0.4899
Epoch: 586, Loss: 0.4898
Epoch: 591, Loss: 0.4897
Epoch: 596, Loss: 0.4897
Epoch: 601, Loss: 0.4897
Epoch: 606, Loss: 0.4896
Epoch: 611, Loss: 0.4896
Epoch: 616, Loss: 0.4896
Epoch: 621, Loss: 0.4896
Epoch: 626, Loss: 0.4896
Epoch: 631, Loss: 0.4895
Epoch: 636, Loss: 0.4895
Epoch: 641, Loss: 0.4895
Epoch: 646, Loss: 0.4895
Epoch: 651, Loss: 0.4895
Epoch: 656, Loss: 0.4894
Epoch: 661, Loss: 0.4894
Epoch: 666, Loss: 0.4893
Epoch: 671, Loss: 0.4893
Epoch: 676, Loss: 0.4894
Epoch: 681, Loss: 0.4895
Epoch: 686, Loss: 0.4895
Epoch: 691, Loss: 0.4892
Epoch: 696, Loss: 0.4892
Epoch: 701, Loss: 0.4892
Epoch: 706, Loss: 0.4896
Epoch: 711, Loss: 0.4915
Epoch: 716, Loss: 0.4900
Epoch: 721, Loss: 0.4901
Epoch: 726, Loss: 0.4902
Epoch: 731, Loss: 0.4895
Epoch: 736, Loss: 0.4892
Epoch: 741, Loss: 0.4892
Epoch: 746, Loss: 0.4892
Epoch: 751, Loss: 0.4890
Epoch: 756, Loss: 0.4890
Epoch: 761, Loss: 0.4889
Epoch: 766, Loss: 0.4889
Epoch: 771, Loss: 0.4888
Epoch: 776, Loss: 0.4888
Epoch: 781, Loss: 0.4888
Epoch: 786, Loss: 0.4889
Epoch: 791, Loss: 0.4957
Epoch: 796, Loss: 0.4907
Epoch: 801, Loss: 0.4938
Epoch: 806, Loss: 0.4918
Epoch: 811, Loss: 0.4901
Epoch: 816, Loss: 0.4896
Epoch: 821, Loss: 0.4897
Epoch: 826, Loss: 0.4897
Epoch: 831, Loss: 0.4897
Epoch: 836, Loss: 0.4894
Epoch: 841, Loss: 0.4894
Epoch: 846, Loss: 0.4894
Epoch: 851, Loss: 0.4893
Epoch: 856, Loss: 0.4893
Epoch: 861, Loss: 0.4892
Epoch: 866, Loss: 0.4892
Epoch: 871, Loss: 0.4892
Epoch: 876, Loss: 0.4891
Epoch: 881, Loss: 0.4891
Epoch: 886, Loss: 0.4891
Epoch: 891, Loss: 0.4891
Epoch: 896, Loss: 0.4903
Epoch: 901, Loss: 0.4906
Epoch: 906, Loss: 0.4913
Epoch: 911, Loss: 0.4905
Epoch: 916, Loss: 0.4899
Epoch: 921, Loss: 0.4902
Epoch: 926, Loss: 0.4901
Epoch: 931, Loss: 0.4907
Epoch: 936, Loss: 0.4895
Epoch: 941, Loss: 0.4900
Epoch: 946, Loss: 0.4897
Epoch: 951, Loss: 0.4893
Epoch: 956, Loss: 0.4892
Epoch: 961, Loss: 0.4891
Epoch: 966, Loss: 0.4890
Epoch: 971, Loss: 0.4889
Epoch: 976, Loss: 0.4888
Epoch: 981, Loss: 0.4888
Epoch: 986, Loss: 0.4887
Epoch: 991, Loss: 0.4910
Epoch: 996, Loss: 0.4888
Epoch: 1001, Loss: 0.4888
Elapsed time 0.1810 min
test data and predicted data:

Epoch: 6, Loss: 0.4895
Epoch: 11, Loss: 0.4896
Epoch: 16, Loss: 0.4888
Epoch: 21, Loss: 0.4886
Epoch: 26, Loss: 0.4890
Epoch: 31, Loss: 0.4887
Epoch: 36, Loss: 0.4885
Epoch: 41, Loss: 0.4892
Epoch: 46, Loss: 0.4886
Epoch: 51, Loss: 0.4884
Epoch: 56, Loss: 0.4883
Epoch: 61, Loss: 0.4883
Epoch: 66, Loss: 0.4885
Epoch: 71, Loss: 0.4890
Epoch: 76, Loss: 0.4922
Epoch: 81, Loss: 0.4890
Epoch: 86, Loss: 0.4886
Epoch: 91, Loss: 0.4884
Epoch: 96, Loss: 0.4887
Epoch: 101, Loss: 0.4885
Epoch: 106, Loss: 0.4883
Epoch: 111, Loss: 0.4881
Epoch: 116, Loss: 0.4881
Epoch: 121, Loss: 0.4889
Epoch: 126, Loss: 0.4895
Epoch: 131, Loss: 0.4879
Epoch: 136, Loss: 0.4886
Epoch: 141, Loss: 0.4885
Epoch: 146, Loss: 0.4880
Epoch: 151, Loss: 0.4884
Epoch: 156, Loss: 0.4884
Epoch: 161, Loss: 0.4881
Epoch: 166, Loss: 0.4883
Epoch: 171, Loss: 0.4883
Epoch: 176, Loss: 0.4926
Epoch: 181, Loss: 0.4890
Epoch: 186, Loss: 0.4886
Epoch: 191, Loss: 0.4891
Epoch: 196, Loss: 0.4883
Epoch: 201, Loss: 0.4877
Epoch: 206, Loss: 0.4879
Epoch: 211, Loss: 0.4878
Epoch: 216, Loss: 0.4876
Epoch: 221, Loss: 0.4876
Epoch: 226, Loss: 0.4875
Epoch: 231, Loss: 0.4874
Epoch: 236, Loss: 0.4874
Epoch: 241, Loss: 0.4873
Epoch: 246, Loss: 0.4873
Epoch: 251, Loss: 0.4874
Epoch: 256, Loss: 0.4902
Epoch: 261, Loss: 0.4888
Epoch: 266, Loss: 0.4875
Epoch: 271, Loss: 0.4892
Epoch: 276, Loss: 0.4885
Epoch: 281, Loss: 0.4881
Epoch: 286, Loss: 0.4881
Epoch: 291, Loss: 0.4877
Epoch: 296, Loss: 0.4879
Epoch: 301, Loss: 0.4878
Epoch: 306, Loss: 0.4876
Epoch: 311, Loss: 0.4877
Epoch: 316, Loss: 0.4873
Epoch: 321, Loss: 0.4873
Epoch: 326, Loss: 0.4871
Epoch: 331, Loss: 0.4870
Epoch: 336, Loss: 0.4870
Epoch: 341, Loss: 0.4869
Epoch: 346, Loss: 0.4869
Epoch: 351, Loss: 0.4869
Epoch: 356, Loss: 0.4887
Epoch: 361, Loss: 0.4915
Epoch: 366, Loss: 0.4899
Epoch: 371, Loss: 0.4880
Epoch: 376, Loss: 0.4870
Epoch: 381, Loss: 0.4870
Epoch: 386, Loss: 0.4868
Epoch: 391, Loss: 0.4868
Epoch: 396, Loss: 0.4867
Epoch: 401, Loss: 0.4867
Epoch: 406, Loss: 0.4868
Epoch: 411, Loss: 0.4868
Epoch: 416, Loss: 0.4867
Epoch: 421, Loss: 0.4869
Epoch: 426, Loss: 0.4868
Epoch: 431, Loss: 0.4873
Epoch: 436, Loss: 0.4910
Epoch: 441, Loss: 0.4892
Epoch: 446, Loss: 0.4877
Epoch: 451, Loss: 0.4870
Epoch: 456, Loss: 0.4868
Epoch: 461, Loss: 0.4868
Epoch: 466, Loss: 0.4870
Epoch: 471, Loss: 0.4867
Epoch: 476, Loss: 0.4866
Epoch: 481, Loss: 0.4865
Epoch: 486, Loss: 0.4865
Epoch: 491, Loss: 0.4865
Epoch: 496, Loss: 0.4866
Epoch: 501, Loss: 0.4875
Epoch: 506, Loss: 0.4913
Epoch: 511, Loss: 0.4874
Epoch: 516, Loss: 0.4865
Epoch: 521, Loss: 0.4871
Epoch: 526, Loss: 0.4864
Epoch: 531, Loss: 0.4868
Epoch: 536, Loss: 0.4874
Epoch: 541, Loss: 0.4872
Epoch: 546, Loss: 0.4869
Epoch: 551, Loss: 0.4877
Epoch: 556, Loss: 0.4867
Epoch: 561, Loss: 0.4866
Epoch: 566, Loss: 0.4864
Epoch: 571, Loss: 0.4865
Epoch: 576, Loss: 0.4868
Epoch: 581, Loss: 0.4895
Epoch: 586, Loss: 0.4866
Epoch: 591, Loss: 0.4873
Epoch: 596, Loss: 0.4865
Epoch: 601, Loss: 0.4862
Epoch: 606, Loss: 0.4865
Epoch: 611, Loss: 0.4862
Epoch: 616, Loss: 0.4864
Epoch: 621, Loss: 0.4876
Epoch: 626, Loss: 0.4870
Epoch: 631, Loss: 0.4893
Epoch: 636, Loss: 0.4866
Epoch: 641, Loss: 0.4863
Epoch: 646, Loss: 0.4868
Epoch: 651, Loss: 0.4870
Epoch: 656, Loss: 0.4863
Epoch: 661, Loss: 0.4868
Epoch: 666, Loss: 0.4866
Epoch: 671, Loss: 0.4862
Epoch: 676, Loss: 0.4861
Epoch: 681, Loss: 0.4861
Epoch: 686, Loss: 0.4860
Epoch: 691, Loss: 0.4870
Epoch: 696, Loss: 0.4960
Epoch: 701, Loss: 0.4910
Epoch: 706, Loss: 0.4883
Epoch: 711, Loss: 0.4863
Epoch: 716, Loss: 0.4869
Epoch: 721, Loss: 0.4866
Epoch: 726, Loss: 0.4865
Epoch: 731, Loss: 0.4862
Epoch: 736, Loss: 0.4861
Epoch: 741, Loss: 0.4860
Epoch: 746, Loss: 0.4860
Epoch: 751, Loss: 0.4859
Epoch: 756, Loss: 0.4859
Epoch: 761, Loss: 0.4859
Epoch: 766, Loss: 0.4858
Epoch: 771, Loss: 0.4858
Epoch: 776, Loss: 0.4862
Epoch: 781, Loss: 0.5016
Epoch: 786, Loss: 0.4963
Epoch: 791, Loss: 0.4903
Epoch: 796, Loss: 0.4898
Epoch: 801, Loss: 0.4871
Epoch: 806, Loss: 0.4868
Epoch: 811, Loss: 0.4867
Epoch: 816, Loss: 0.4864
Epoch: 821, Loss: 0.4862
Epoch: 826, Loss: 0.4861
Epoch: 831, Loss: 0.4860
Epoch: 836, Loss: 0.4860
Epoch: 841, Loss: 0.4859
Epoch: 846, Loss: 0.4858
Epoch: 851, Loss: 0.4858
Epoch: 856, Loss: 0.4858
Epoch: 861, Loss: 0.4857
Epoch: 866, Loss: 0.4858
Epoch: 871, Loss: 0.4859
Epoch: 876, Loss: 0.4858
Epoch: 881, Loss: 0.4859
Epoch: 886, Loss: 0.4866
Epoch: 891, Loss: 0.4874
Epoch: 896, Loss: 0.4903
Epoch: 901, Loss: 0.4866
Epoch: 906, Loss: 0.4864
Epoch: 911, Loss: 0.4867
Epoch: 916, Loss: 0.4866
Epoch: 921, Loss: 0.4864
Epoch: 926, Loss: 0.4862
Epoch: 931, Loss: 0.4865
Epoch: 936, Loss: 0.4858
Epoch: 941, Loss: 0.4860
Epoch: 946, Loss: 0.4860
Epoch: 951, Loss: 0.4861
Epoch: 956, Loss: 0.4917
Epoch: 961, Loss: 0.4869
Epoch: 966, Loss: 0.4859
Epoch: 971, Loss: 0.4888
Epoch: 976, Loss: 0.4863
Epoch: 981, Loss: 0.4875
Epoch: 986, Loss: 0.4858
Epoch: 991, Loss: 0.4862
Epoch: 996, Loss: 0.4864
Epoch: 1001, Loss: 0.4856
Elapsed time 0.1812 min
test data and predicted data:

Epoch: 6, Loss: 0.4863
Epoch: 11, Loss: 0.4862
Epoch: 16, Loss: 0.4856
Epoch: 21, Loss: 0.4860
Epoch: 26, Loss: 0.4856
Epoch: 31, Loss: 0.4866
Epoch: 36, Loss: 0.4865
Epoch: 41, Loss: 0.4866
Epoch: 46, Loss: 0.4866
Epoch: 51, Loss: 0.4869
Epoch: 56, Loss: 0.4863
Epoch: 61, Loss: 0.4857
Epoch: 66, Loss: 0.4857
Epoch: 71, Loss: 0.5157
Epoch: 76, Loss: 0.5375
Epoch: 81, Loss: 0.4983
Epoch: 86, Loss: 0.4902
Epoch: 91, Loss: 0.4894
Epoch: 96, Loss: 0.4894
Epoch: 101, Loss: 0.4889
Epoch: 106, Loss: 0.4880
Epoch: 111, Loss: 0.4875
Epoch: 116, Loss: 0.4870
Epoch: 121, Loss: 0.4870
Epoch: 126, Loss: 0.4869
Epoch: 131, Loss: 0.4868
Epoch: 136, Loss: 0.4868
Epoch: 141, Loss: 0.4866
Epoch: 146, Loss: 0.4878
Epoch: 151, Loss: 0.5518
Epoch: 156, Loss: 0.4926
Epoch: 161, Loss: 0.4983
Epoch: 166, Loss: 0.4885
Epoch: 171, Loss: 0.4976
Epoch: 176, Loss: 0.4904
Epoch: 181, Loss: 0.4872
Epoch: 186, Loss: 0.4881
Epoch: 191, Loss: 0.4877
Epoch: 196, Loss: 0.4867
Epoch: 201, Loss: 0.4880
Epoch: 206, Loss: 0.4867
Epoch: 211, Loss: 0.4868
Epoch: 216, Loss: 0.5060
Epoch: 221, Loss: 0.5288
Epoch: 226, Loss: 0.5032
Epoch: 231, Loss: 0.4903
Epoch: 236, Loss: 0.4952
Epoch: 241, Loss: 0.4954
Epoch: 246, Loss: 0.4941
Epoch: 251, Loss: 0.4899
Epoch: 256, Loss: 0.4934
Epoch: 261, Loss: 0.4889
Epoch: 266, Loss: 0.4906
Epoch: 271, Loss: 0.4912
Epoch: 276, Loss: 0.4890
Epoch: 281, Loss: 0.4886
Epoch: 286, Loss: 0.4887
Epoch: 291, Loss: 0.4884
Epoch: 296, Loss: 0.4891
Epoch: 301, Loss: 0.5076
Epoch: 306, Loss: 0.4897
Epoch: 311, Loss: 0.4988
Epoch: 316, Loss: 0.4934
Epoch: 321, Loss: 0.4915
Epoch: 326, Loss: 0.4889
Epoch: 331, Loss: 0.4897
Epoch: 336, Loss: 0.4882
Epoch: 341, Loss: 0.4890
Epoch: 346, Loss: 0.4882
Epoch: 351, Loss: 0.4888
Epoch: 356, Loss: 0.4886
Epoch: 361, Loss: 0.4882
Epoch: 366, Loss: 0.4885
Epoch: 371, Loss: 0.4883
Epoch: 376, Loss: 0.4887
Epoch: 381, Loss: 0.4884
Epoch: 386, Loss: 0.4882
Epoch: 391, Loss: 0.4881
Epoch: 396, Loss: 0.4881
Epoch: 401, Loss: 0.4881
Epoch: 406, Loss: 0.4881
Epoch: 411, Loss: 0.4879
Epoch: 416, Loss: 0.4879
Epoch: 421, Loss: 0.4880
Epoch: 426, Loss: 0.4883
Epoch: 431, Loss: 0.4881
Epoch: 436, Loss: 0.4881
Epoch: 441, Loss: 0.4880
Epoch: 446, Loss: 0.4885
Epoch: 451, Loss: 0.4887
Epoch: 456, Loss: 0.4885
Epoch: 461, Loss: 0.4885
Epoch: 466, Loss: 0.4885
Epoch: 471, Loss: 0.4883
Epoch: 476, Loss: 0.4880
Epoch: 481, Loss: 0.4884
Epoch: 486, Loss: 0.4880
Epoch: 491, Loss: 0.4880
Epoch: 496, Loss: 0.4880
Epoch: 501, Loss: 0.4879
Epoch: 506, Loss: 0.4882
Epoch: 511, Loss: 0.4889
Epoch: 516, Loss: 0.4886
Epoch: 521, Loss: 0.4882
Epoch: 526, Loss: 0.4880
Epoch: 531, Loss: 0.4878
Epoch: 536, Loss: 0.4882
Epoch: 541, Loss: 0.4883
Epoch: 546, Loss: 0.4876
Epoch: 551, Loss: 0.4878
Epoch: 556, Loss: 0.4878
Epoch: 561, Loss: 0.4879
Epoch: 566, Loss: 0.4879
Epoch: 571, Loss: 0.4878
Epoch: 576, Loss: 0.4885
Epoch: 581, Loss: 0.4880
Epoch: 586, Loss: 0.4901
Epoch: 591, Loss: 0.4888
Epoch: 596, Loss: 0.4882
Epoch: 601, Loss: 0.4879
Epoch: 606, Loss: 0.4879
Epoch: 611, Loss: 0.4879
Epoch: 616, Loss: 0.4877
Epoch: 621, Loss: 0.4877
Epoch: 626, Loss: 0.4876
Epoch: 631, Loss: 0.4878
Epoch: 636, Loss: 0.4876
Epoch: 641, Loss: 0.4878
Epoch: 646, Loss: 0.4882
Epoch: 651, Loss: 0.4880
Epoch: 656, Loss: 0.4885
Epoch: 661, Loss: 0.4885
Epoch: 666, Loss: 0.4877
Epoch: 671, Loss: 0.4874
Epoch: 676, Loss: 0.4875
Epoch: 681, Loss: 0.4871
Epoch: 686, Loss: 0.4872
Epoch: 691, Loss: 0.4873
Epoch: 696, Loss: 0.4877
Epoch: 701, Loss: 0.4873
Epoch: 706, Loss: 0.4875
Epoch: 711, Loss: 0.4876
Epoch: 716, Loss: 0.4883
Epoch: 721, Loss: 0.4886
Epoch: 726, Loss: 0.4891
Epoch: 731, Loss: 0.4908
Epoch: 736, Loss: 0.4896
Epoch: 741, Loss: 0.4892
Epoch: 746, Loss: 0.4891
Epoch: 751, Loss: 0.4894
Epoch: 756, Loss: 0.4888
Epoch: 761, Loss: 0.4882
Epoch: 766, Loss: 0.4884
Epoch: 771, Loss: 0.4887
Epoch: 776, Loss: 0.4884
Epoch: 781, Loss: 0.4885
Epoch: 786, Loss: 0.4885
Epoch: 791, Loss: 0.4902
Epoch: 796, Loss: 0.5650
Epoch: 801, Loss: 0.4924
Epoch: 806, Loss: 0.5813
Epoch: 811, Loss: 0.5158
Epoch: 816, Loss: 0.4928
Epoch: 821, Loss: 0.5148
Epoch: 826, Loss: 0.4938
Epoch: 831, Loss: 0.5006
Epoch: 836, Loss: 0.4944
Epoch: 841, Loss: 0.4947
Epoch: 846, Loss: 0.4943
Epoch: 851, Loss: 0.4933
Epoch: 856, Loss: 0.4941
Epoch: 861, Loss: 0.4943
Epoch: 866, Loss: 0.4942
Epoch: 871, Loss: 0.4943
Epoch: 876, Loss: 0.4954
Epoch: 881, Loss: 0.5189
Epoch: 886, Loss: 0.5027
Epoch: 891, Loss: 0.4949
Epoch: 896, Loss: 0.4947
Epoch: 901, Loss: 0.4960
Epoch: 906, Loss: 0.4979
Epoch: 911, Loss: 0.4945
Epoch: 916, Loss: 0.4950
Epoch: 921, Loss: 0.8817
Epoch: 926, Loss: 0.8209
Epoch: 931, Loss: 0.5204
Epoch: 936, Loss: 0.5079
Epoch: 941, Loss: 0.5055
Epoch: 946, Loss: 0.5129
Epoch: 951, Loss: 0.5143
Epoch: 956, Loss: 0.5065
Epoch: 961, Loss: 0.5030
Epoch: 966, Loss: 0.5042
Epoch: 971, Loss: 0.5032
Epoch: 976, Loss: 0.5030
Epoch: 981, Loss: 0.5041
Epoch: 986, Loss: 0.5062
Epoch: 991, Loss: 0.5074
Epoch: 996, Loss: 0.5079
Epoch: 1001, Loss: 0.5073
Elapsed time 0.1817 min
test data and predicted data:

Epoch: 6, Loss: 0.5064
Epoch: 11, Loss: 0.5066
Epoch: 16, Loss: 0.5060
Epoch: 21, Loss: 0.5054
Epoch: 26, Loss: 0.5053
Epoch: 31, Loss: 0.5054
Epoch: 36, Loss: 0.5058
Epoch: 41, Loss: 0.5059
Epoch: 46, Loss: 0.5057
Epoch: 51, Loss: 0.5056
Epoch: 56, Loss: 0.5055
Epoch: 61, Loss: 0.5055
Epoch: 66, Loss: 0.5054
Epoch: 71, Loss: 0.5054
Epoch: 76, Loss: 0.5052
Epoch: 81, Loss: 0.5088
Epoch: 86, Loss: 0.5138
Epoch: 91, Loss: 0.5090
Epoch: 96, Loss: 0.5085
Epoch: 101, Loss: 0.5082
Epoch: 106, Loss: 0.5073
Epoch: 111, Loss: 0.5069
Epoch: 116, Loss: 0.5066
Epoch: 121, Loss: 0.5063
Epoch: 126, Loss: 0.5062
Epoch: 131, Loss: 0.5060
Epoch: 136, Loss: 0.5059
Epoch: 141, Loss: 0.5059
Epoch: 146, Loss: 0.5058
Epoch: 151, Loss: 0.5057
Epoch: 156, Loss: 0.5056
Epoch: 161, Loss: 0.7607
Epoch: 166, Loss: 0.6728
Epoch: 171, Loss: 0.6228
Epoch: 176, Loss: 0.5305
Epoch: 181, Loss: 0.5133
Epoch: 186, Loss: 0.5229
Epoch: 191, Loss: 0.5075
Epoch: 196, Loss: 0.5095
Epoch: 201, Loss: 0.5053
Epoch: 206, Loss: 0.5062
Epoch: 211, Loss: 0.5047
Epoch: 216, Loss: 0.5044
Epoch: 221, Loss: 0.5045
Epoch: 226, Loss: 0.5040
Epoch: 231, Loss: 0.5039
Epoch: 236, Loss: 0.5038
Epoch: 241, Loss: 0.5036
Epoch: 246, Loss: 0.5035
Epoch: 251, Loss: 0.5033
Epoch: 256, Loss: 0.5032
Epoch: 261, Loss: 0.5031
Epoch: 266, Loss: 0.5030
Epoch: 271, Loss: 0.5027
Epoch: 276, Loss: 0.5024
Epoch: 281, Loss: 0.5021
Epoch: 286, Loss: 0.5016
Epoch: 291, Loss: 0.5013
Epoch: 296, Loss: 0.5011
Epoch: 301, Loss: 0.5007
Epoch: 306, Loss: 0.5002
Epoch: 311, Loss: 0.4995
Epoch: 316, Loss: 0.4990
Epoch: 321, Loss: 0.4983
Epoch: 326, Loss: 0.4975
Epoch: 331, Loss: 0.4961
Epoch: 336, Loss: 0.4947
Epoch: 341, Loss: 0.4934
Epoch: 346, Loss: 0.4925
Epoch: 351, Loss: 0.4917
Epoch: 356, Loss: 0.4911
Epoch: 361, Loss: 0.4906
Epoch: 366, Loss: 0.4898
Epoch: 371, Loss: 0.4892
Epoch: 376, Loss: 0.4887
Epoch: 381, Loss: 0.4882
Epoch: 386, Loss: 0.4879
Epoch: 391, Loss: 0.4876
Epoch: 396, Loss: 0.4873
Epoch: 401, Loss: 0.4871
Epoch: 406, Loss: 0.4870
Epoch: 411, Loss: 0.4869
Epoch: 416, Loss: 0.4868
Epoch: 421, Loss: 0.4867
Epoch: 426, Loss: 0.4867
Epoch: 431, Loss: 0.4866
Epoch: 436, Loss: 0.4866
Epoch: 441, Loss: 0.4865
Epoch: 446, Loss: 0.4865
Epoch: 451, Loss: 0.4865
Epoch: 456, Loss: 0.4864
Epoch: 461, Loss: 0.4864
Epoch: 466, Loss: 0.4863
Epoch: 471, Loss: 0.4862
Epoch: 476, Loss: 0.4862
Epoch: 481, Loss: 0.4861
Epoch: 486, Loss: 0.4860
Epoch: 491, Loss: 0.4859
Epoch: 496, Loss: 0.4871
Epoch: 501, Loss: 0.4867
Epoch: 506, Loss: 0.4866
Epoch: 511, Loss: 0.4863
Epoch: 516, Loss: 0.4862
Epoch: 521, Loss: 0.4861
Epoch: 526, Loss: 0.4860
Epoch: 531, Loss: 0.4860
Epoch: 536, Loss: 0.4860
Epoch: 541, Loss: 0.4860
Epoch: 546, Loss: 0.4860
Epoch: 551, Loss: 0.4859
Epoch: 556, Loss: 0.4956
Epoch: 561, Loss: 0.4974
Epoch: 566, Loss: 0.4907
Epoch: 571, Loss: 0.4878
Epoch: 576, Loss: 0.4890
Epoch: 581, Loss: 0.4881
Epoch: 586, Loss: 0.4875
Epoch: 591, Loss: 0.4871
Epoch: 596, Loss: 0.4867
Epoch: 601, Loss: 0.4866
Epoch: 606, Loss: 0.4864
Epoch: 611, Loss: 0.4868
Epoch: 616, Loss: 0.4886
Epoch: 621, Loss: 0.4884
Epoch: 626, Loss: 0.4874
Epoch: 631, Loss: 0.4870
Epoch: 636, Loss: 0.4872
Epoch: 641, Loss: 0.4967
Epoch: 646, Loss: 0.4942
Epoch: 651, Loss: 0.4909
Epoch: 656, Loss: 0.4913
Epoch: 661, Loss: 0.4904
Epoch: 666, Loss: 0.4912
Epoch: 671, Loss: 0.4899
Epoch: 676, Loss: 0.4893
Epoch: 681, Loss: 0.4893
Epoch: 686, Loss: 0.4893
Epoch: 691, Loss: 0.4890
Epoch: 696, Loss: 0.4890
Epoch: 701, Loss: 0.4887
Epoch: 706, Loss: 0.4883
Epoch: 711, Loss: 0.4880
Epoch: 716, Loss: 0.4879
Epoch: 721, Loss: 0.4877
Epoch: 726, Loss: 0.4875
Epoch: 731, Loss: 0.4874
Epoch: 736, Loss: 0.4873
Epoch: 741, Loss: 0.4871
Epoch: 746, Loss: 0.4870
Epoch: 751, Loss: 0.4869
Epoch: 756, Loss: 0.4867
Epoch: 761, Loss: 0.4864
Epoch: 766, Loss: 0.4862
Epoch: 771, Loss: 0.4861
Epoch: 776, Loss: 0.4859
Epoch: 781, Loss: 0.4858
Epoch: 786, Loss: 0.4856
Epoch: 791, Loss: 0.4855
Epoch: 796, Loss: 0.4853
Epoch: 801, Loss: 0.4852
Epoch: 806, Loss: 0.4852
Epoch: 811, Loss: 0.4851
Epoch: 816, Loss: 0.4852
Epoch: 821, Loss: 0.4868
Epoch: 826, Loss: 0.4868
Epoch: 831, Loss: 0.4864
Epoch: 836, Loss: 0.4858
Epoch: 841, Loss: 0.4853
Epoch: 846, Loss: 0.4850
Epoch: 851, Loss: 0.4850
Epoch: 856, Loss: 0.4851
Epoch: 861, Loss: 0.4849
Epoch: 866, Loss: 0.4850
Epoch: 871, Loss: 0.4848
Epoch: 876, Loss: 0.4848
Epoch: 881, Loss: 0.4848
Epoch: 886, Loss: 0.4849
Epoch: 891, Loss: 0.4963
Epoch: 896, Loss: 0.4871
Epoch: 901, Loss: 0.4941
Epoch: 906, Loss: 0.4925
Epoch: 911, Loss: 0.4886
Epoch: 916, Loss: 0.4873
Epoch: 921, Loss: 0.4863
Epoch: 926, Loss: 0.4862
Epoch: 931, Loss: 0.4869
Epoch: 936, Loss: 0.4871
Epoch: 941, Loss: 0.4869
Epoch: 946, Loss: 0.4868
Epoch: 951, Loss: 0.4868
Epoch: 956, Loss: 0.4867
Epoch: 961, Loss: 0.4867
Epoch: 966, Loss: 0.4866
Epoch: 971, Loss: 0.4866
Epoch: 976, Loss: 0.4864
Epoch: 981, Loss: 0.4863
Epoch: 986, Loss: 0.4863
Epoch: 991, Loss: 0.4861
Epoch: 996, Loss: 0.4861
Epoch: 1001, Loss: 0.4861
Elapsed time 0.1819 min
test data and predicted data:

avg Test Accuracy: 0.8440  avg Test AUC: 0.8965  avg Test PRE: 0.8404
