====================================================================================================
data: HeteroData(
  drug={
    node_id=[6823],
    x=[6823, 12],
  },
  protein={
    node_id=[4650],
    x=[4650, 20],
  },
  (drug, interaction, protein)={ edge_index=[2, 23705] },
  (protein, rev_interaction, drug)={ edge_index=[2, 23705] }
)
====================================================================================================
****************************************************************************************************
train data: HeteroData(
  drug={
    node_id=[6823],
    x=[6823, 12],
  },
  protein={
    node_id=[4650],
    x=[4650, 20],
  },
  (drug, interaction, protein)={
    edge_index=[2, 13276],
    edge_label=[9954],
    edge_label_index=[2, 9954],
  },
  (protein, rev_interaction, drug)={ edge_index=[2, 13276] }
)
****************************************************************************************************
val data: HeteroData(
  drug={
    node_id=[6823],
    x=[6823, 12],
  },
  protein={
    node_id=[4650],
    x=[4650, 20],
  },
  (drug, interaction, protein)={
    edge_index=[2, 16594],
    edge_label=[7110],
    edge_label_index=[2, 7110],
  },
  (protein, rev_interaction, drug)={ edge_index=[2, 16594] }
)
****************************************************************************************************
test data: HeteroData(
  drug={
    node_id=[6823],
    x=[6823, 12],
  },
  protein={
    node_id=[4650],
    x=[4650, 20],
  },
  (drug, interaction, protein)={
    edge_index=[2, 18964],
    edge_label=[14223],
    edge_label_index=[2, 14223],
  },
  (protein, rev_interaction, drug)={ edge_index=[2, 18964] }
)
****************************************************************************************************
edge_x: torch.Size([9954, 32])
labels: torch.Size([9954])
edge_x: torch.Size([7110, 32])
labels: torch.Size([7110])
edge_x: torch.Size([14223, 32])
labels: torch.Size([14223])
model: HGT(
  (lin_dict): ModuleDict(
    (drug): Linear(-1, 16, bias=True)
    (protein): Linear(-1, 16, bias=True)
  )
  (convs): ModuleList(
    (0-1): 2 x HGTConv(-1, 16, heads=2)
  )
  (lin): Linear(32, 1, bias=True)
)
Epoch: 6, Loss: 0.6370
Epoch: 11, Loss: 0.6296
Epoch: 16, Loss: 0.6234
Epoch: 21, Loss: 0.5955
Epoch: 26, Loss: 0.6030
Epoch: 31, Loss: 0.5492
Epoch: 36, Loss: 0.5330
Epoch: 41, Loss: 0.5239
Epoch: 46, Loss: 0.5261
Epoch: 51, Loss: 0.5212
Epoch: 56, Loss: 0.5190
Epoch: 61, Loss: 0.5184
Epoch: 66, Loss: 0.5168
Epoch: 71, Loss: 0.5166
Epoch: 76, Loss: 0.5163
Epoch: 81, Loss: 0.5157
Epoch: 86, Loss: 0.5153
Epoch: 91, Loss: 0.5150
Epoch: 96, Loss: 0.5148
Epoch: 101, Loss: 0.5145
Epoch: 106, Loss: 0.5142
Epoch: 111, Loss: 0.5139
Epoch: 116, Loss: 0.5137
Epoch: 121, Loss: 0.5133
Epoch: 126, Loss: 0.5130
Epoch: 131, Loss: 0.5126
Epoch: 136, Loss: 0.5123
Epoch: 141, Loss: 0.5119
Epoch: 146, Loss: 0.5115
Epoch: 151, Loss: 0.5110
Epoch: 156, Loss: 0.5106
Epoch: 161, Loss: 0.5100
Epoch: 166, Loss: 0.5095
Epoch: 171, Loss: 0.5089
Epoch: 176, Loss: 0.5083
Epoch: 181, Loss: 0.5076
Epoch: 186, Loss: 0.5069
Epoch: 191, Loss: 0.5062
Epoch: 196, Loss: 0.5055
Epoch: 201, Loss: 0.5049
Epoch: 206, Loss: 0.5043
Epoch: 211, Loss: 0.5036
Epoch: 216, Loss: 0.5030
Epoch: 221, Loss: 0.5023
Epoch: 226, Loss: 0.5638
Epoch: 231, Loss: 0.5044
Epoch: 236, Loss: 0.5049
Epoch: 241, Loss: 0.5035
Epoch: 246, Loss: 0.4955
Epoch: 251, Loss: 0.4883
Epoch: 256, Loss: 0.4860
Epoch: 261, Loss: 0.4847
Epoch: 266, Loss: 0.4836
Epoch: 271, Loss: 0.5182
Epoch: 276, Loss: 0.5334
Epoch: 281, Loss: 0.6483
Epoch: 286, Loss: 0.5298
Epoch: 291, Loss: 0.5190
Epoch: 296, Loss: 0.5151
Epoch: 301, Loss: 0.5074
Epoch: 306, Loss: 0.4978
Epoch: 311, Loss: 0.5085
Epoch: 316, Loss: 0.4932
Epoch: 321, Loss: 0.4956
Epoch: 326, Loss: 0.4876
Epoch: 331, Loss: 0.4870
Epoch: 336, Loss: 0.4845
Epoch: 341, Loss: 0.4836
Epoch: 346, Loss: 0.4834
Epoch: 351, Loss: 0.4826
Epoch: 356, Loss: 0.4819
Epoch: 361, Loss: 0.4814
Epoch: 366, Loss: 0.4812
Epoch: 371, Loss: 0.4809
Epoch: 376, Loss: 0.4807
Epoch: 381, Loss: 0.4805
Epoch: 386, Loss: 0.4804
Epoch: 391, Loss: 0.4803
Epoch: 396, Loss: 0.4801
Epoch: 401, Loss: 0.4800
Epoch: 406, Loss: 0.4798
Epoch: 411, Loss: 0.4797
Epoch: 416, Loss: 0.4795
Epoch: 421, Loss: 0.4793
Epoch: 426, Loss: 0.4797
Epoch: 431, Loss: 0.4810
Epoch: 436, Loss: 0.4867
Epoch: 441, Loss: 0.4801
Epoch: 446, Loss: 0.4807
Epoch: 451, Loss: 0.4803
Epoch: 456, Loss: 0.4792
Epoch: 461, Loss: 0.4791
Epoch: 466, Loss: 0.4789
Epoch: 471, Loss: 0.4785
Epoch: 476, Loss: 0.4784
Epoch: 481, Loss: 0.4781
Epoch: 486, Loss: 0.4778
Epoch: 491, Loss: 0.4775
Epoch: 496, Loss: 0.4771
Epoch: 501, Loss: 0.4768
Epoch: 506, Loss: 0.4766
Epoch: 511, Loss: 0.4763
Epoch: 516, Loss: 0.4762
Epoch: 521, Loss: 0.4759
Epoch: 526, Loss: 0.4754
Epoch: 531, Loss: 0.4750
Epoch: 536, Loss: 0.4750
Epoch: 541, Loss: 0.4748
Epoch: 546, Loss: 0.4741
Epoch: 551, Loss: 0.4732
Epoch: 556, Loss: 0.4832
Epoch: 561, Loss: 0.4740
Epoch: 566, Loss: 0.4726
Epoch: 571, Loss: 0.4711
Epoch: 576, Loss: 0.4711
Epoch: 581, Loss: 0.4713
Epoch: 586, Loss: 0.4705
Epoch: 591, Loss: 0.4690
Epoch: 596, Loss: 0.4699
Epoch: 601, Loss: 0.4685
Epoch: 606, Loss: 0.4678
Epoch: 611, Loss: 0.4680
Epoch: 616, Loss: 0.5039
Epoch: 621, Loss: 0.4804
Epoch: 626, Loss: 0.4710
Epoch: 631, Loss: 0.4728
Epoch: 636, Loss: 0.4683
Epoch: 641, Loss: 0.4679
Epoch: 646, Loss: 0.4663
Epoch: 651, Loss: 0.4665
Epoch: 656, Loss: 0.4656
Epoch: 661, Loss: 0.4654
Epoch: 666, Loss: 0.4656
Epoch: 671, Loss: 0.4665
Epoch: 676, Loss: 0.4672
Epoch: 681, Loss: 0.4682
Epoch: 686, Loss: 0.4660
Epoch: 691, Loss: 0.4679
Epoch: 696, Loss: 0.4668
Epoch: 701, Loss: 0.4661
Epoch: 706, Loss: 0.4668
Epoch: 711, Loss: 0.4671
Epoch: 716, Loss: 0.4727
Epoch: 721, Loss: 0.4691
Epoch: 726, Loss: 0.4672
Epoch: 731, Loss: 0.4677
Epoch: 736, Loss: 0.4666
Epoch: 741, Loss: 0.4663
Epoch: 746, Loss: 0.4659
Epoch: 751, Loss: 0.4658
Epoch: 756, Loss: 0.4664
Epoch: 761, Loss: 0.4666
Epoch: 766, Loss: 0.4664
Epoch: 771, Loss: 0.4667
Epoch: 776, Loss: 0.4666
Epoch: 781, Loss: 0.4670
Epoch: 786, Loss: 0.5335
Epoch: 791, Loss: 0.5819
Epoch: 796, Loss: 0.5302
Epoch: 801, Loss: 0.5335
Epoch: 806, Loss: 0.5095
Epoch: 811, Loss: 0.4995
Epoch: 816, Loss: 0.4941
Epoch: 821, Loss: 0.4867
Epoch: 826, Loss: 0.4829
Epoch: 831, Loss: 0.4813
Epoch: 836, Loss: 0.4801
Epoch: 841, Loss: 0.4785
Epoch: 846, Loss: 0.4774
Epoch: 851, Loss: 0.4764
Epoch: 856, Loss: 0.4751
Epoch: 861, Loss: 0.4745
Epoch: 866, Loss: 0.4740
Epoch: 871, Loss: 0.4736
Epoch: 876, Loss: 0.4733
Epoch: 881, Loss: 0.4730
Epoch: 886, Loss: 0.4736
Epoch: 891, Loss: 0.4726
Epoch: 896, Loss: 0.4723
Epoch: 901, Loss: 0.4719
Epoch: 906, Loss: 0.4715
Epoch: 911, Loss: 0.4712
Epoch: 916, Loss: 0.4710
Epoch: 921, Loss: 0.4709
Epoch: 926, Loss: 0.4703
Epoch: 931, Loss: 0.4694
Epoch: 936, Loss: 0.4692
Epoch: 941, Loss: 0.4686
Epoch: 946, Loss: 0.4689
Epoch: 951, Loss: 0.4685
Epoch: 956, Loss: 0.4680
Epoch: 961, Loss: 0.4679
Epoch: 966, Loss: 0.4677
Epoch: 971, Loss: 0.4676
Epoch: 976, Loss: 0.4672
Epoch: 981, Loss: 0.4672
Epoch: 986, Loss: 0.4673
Epoch: 991, Loss: 0.4670
Epoch: 996, Loss: 0.4668
Epoch: 1001, Loss: 0.4669
Elapsed time 0.1168 min
test data and predicted data:

Epoch: 6, Loss: 0.4668
Epoch: 11, Loss: 0.4666
Epoch: 16, Loss: 0.4667
Epoch: 21, Loss: 0.4727
Epoch: 26, Loss: 0.4671
Epoch: 31, Loss: 0.4678
Epoch: 36, Loss: 0.4668
Epoch: 41, Loss: 0.4669
Epoch: 46, Loss: 0.4673
Epoch: 51, Loss: 0.4671
Epoch: 56, Loss: 0.4667
Epoch: 61, Loss: 0.4665
Epoch: 66, Loss: 0.4663
Epoch: 71, Loss: 0.4663
Epoch: 76, Loss: 0.4660
Epoch: 81, Loss: 0.4655
Epoch: 86, Loss: 0.4664
Epoch: 91, Loss: 0.4667
Epoch: 96, Loss: 0.4670
Epoch: 101, Loss: 0.4659
Epoch: 106, Loss: 0.4657
Epoch: 111, Loss: 0.4661
Epoch: 116, Loss: 0.4659
Epoch: 121, Loss: 0.4652
Epoch: 126, Loss: 0.4657
Epoch: 131, Loss: 0.4651
Epoch: 136, Loss: 0.4659
Epoch: 141, Loss: 0.4656
Epoch: 146, Loss: 0.4674
Epoch: 151, Loss: 0.4665
Epoch: 156, Loss: 0.4672
Epoch: 161, Loss: 0.4650
Epoch: 166, Loss: 0.4668
Epoch: 171, Loss: 0.4657
Epoch: 176, Loss: 0.4650
Epoch: 181, Loss: 0.4650
Epoch: 186, Loss: 0.4648
Epoch: 191, Loss: 0.4646
Epoch: 196, Loss: 0.4645
Epoch: 201, Loss: 0.4645
Epoch: 206, Loss: 0.4647
Epoch: 211, Loss: 0.4646
Epoch: 216, Loss: 0.4644
Epoch: 221, Loss: 0.4643
Epoch: 226, Loss: 0.4643
Epoch: 231, Loss: 0.4642
Epoch: 236, Loss: 0.4653
Epoch: 241, Loss: 0.4648
Epoch: 246, Loss: 0.4647
Epoch: 251, Loss: 0.4649
Epoch: 256, Loss: 0.4650
Epoch: 261, Loss: 0.4657
Epoch: 266, Loss: 0.4643
Epoch: 271, Loss: 0.4643
Epoch: 276, Loss: 0.4639
Epoch: 281, Loss: 0.4639
Epoch: 286, Loss: 0.4638
Epoch: 291, Loss: 0.4637
Epoch: 296, Loss: 0.4636
Epoch: 301, Loss: 0.4636
Epoch: 306, Loss: 0.4636
Epoch: 311, Loss: 0.4648
Epoch: 316, Loss: 0.4640
Epoch: 321, Loss: 0.4653
Epoch: 326, Loss: 0.4640
Epoch: 331, Loss: 0.4652
Epoch: 336, Loss: 0.4651
Epoch: 341, Loss: 0.4643
Epoch: 346, Loss: 0.4639
Epoch: 351, Loss: 0.4638
Epoch: 356, Loss: 0.4637
Epoch: 361, Loss: 0.4656
Epoch: 366, Loss: 0.4674
Epoch: 371, Loss: 0.4670
Epoch: 376, Loss: 0.4661
Epoch: 381, Loss: 0.4660
Epoch: 386, Loss: 0.4653
Epoch: 391, Loss: 0.4727
Epoch: 396, Loss: 0.4706
Epoch: 401, Loss: 0.4655
Epoch: 406, Loss: 0.4662
Epoch: 411, Loss: 0.4652
Epoch: 416, Loss: 0.4657
Epoch: 421, Loss: 0.4653
Epoch: 426, Loss: 0.4648
Epoch: 431, Loss: 0.4641
Epoch: 436, Loss: 0.4644
Epoch: 441, Loss: 0.4636
Epoch: 446, Loss: 0.4634
Epoch: 451, Loss: 0.4632
Epoch: 456, Loss: 0.4631
Epoch: 461, Loss: 0.4632
Epoch: 466, Loss: 0.4630
Epoch: 471, Loss: 0.4633
Epoch: 476, Loss: 0.4629
Epoch: 481, Loss: 0.4630
Epoch: 486, Loss: 0.4628
Epoch: 491, Loss: 0.4627
Epoch: 496, Loss: 0.4626
Epoch: 501, Loss: 0.4625
Epoch: 506, Loss: 0.4626
Epoch: 511, Loss: 0.4625
Epoch: 516, Loss: 0.4627
Epoch: 521, Loss: 0.4666
Epoch: 526, Loss: 0.4635
Epoch: 531, Loss: 0.4638
Epoch: 536, Loss: 0.4629
Epoch: 541, Loss: 0.4622
Epoch: 546, Loss: 0.4624
Epoch: 551, Loss: 0.4622
Epoch: 556, Loss: 0.4621
Epoch: 561, Loss: 0.4621
Epoch: 566, Loss: 0.4626
Epoch: 571, Loss: 0.4619
Epoch: 576, Loss: 0.4617
Epoch: 581, Loss: 0.4616
Epoch: 586, Loss: 0.4614
Epoch: 591, Loss: 0.4617
Epoch: 596, Loss: 0.4620
Epoch: 601, Loss: 0.4625
Epoch: 606, Loss: 0.4632
Epoch: 611, Loss: 0.4614
Epoch: 616, Loss: 0.4613
Epoch: 621, Loss: 0.4618
Epoch: 626, Loss: 0.4617
Epoch: 631, Loss: 0.4618
Epoch: 636, Loss: 0.4615
Epoch: 641, Loss: 0.4628
Epoch: 646, Loss: 0.4653
Epoch: 651, Loss: 0.4673
Epoch: 656, Loss: 0.4639
Epoch: 661, Loss: 0.4628
Epoch: 666, Loss: 0.4625
Epoch: 671, Loss: 0.4615
Epoch: 676, Loss: 0.4617
Epoch: 681, Loss: 0.4613
Epoch: 686, Loss: 0.4610
Epoch: 691, Loss: 0.4610
Epoch: 696, Loss: 0.4610
Epoch: 701, Loss: 0.4611
Epoch: 706, Loss: 0.4632
Epoch: 711, Loss: 0.4638
Epoch: 716, Loss: 0.4627
Epoch: 721, Loss: 0.4629
Epoch: 726, Loss: 0.4625
Epoch: 731, Loss: 0.4642
Epoch: 736, Loss: 0.4637
Epoch: 741, Loss: 0.4633
Epoch: 746, Loss: 0.4628
Epoch: 751, Loss: 0.4622
Epoch: 756, Loss: 0.4620
Epoch: 761, Loss: 0.4619
Epoch: 766, Loss: 0.4616
Epoch: 771, Loss: 0.4616
Epoch: 776, Loss: 0.4614
Epoch: 781, Loss: 0.4613
Epoch: 786, Loss: 0.4613
Epoch: 791, Loss: 0.4619
Epoch: 796, Loss: 0.4632
Epoch: 801, Loss: 0.4615
Epoch: 806, Loss: 0.4638
Epoch: 811, Loss: 0.4648
Epoch: 816, Loss: 0.4623
Epoch: 821, Loss: 0.4648
Epoch: 826, Loss: 0.4640
Epoch: 831, Loss: 0.4638
Epoch: 836, Loss: 0.4626
Epoch: 841, Loss: 0.4624
Epoch: 846, Loss: 0.4615
Epoch: 851, Loss: 0.4623
Epoch: 856, Loss: 0.4618
Epoch: 861, Loss: 0.4613
Epoch: 866, Loss: 0.4609
Epoch: 871, Loss: 0.4616
Epoch: 876, Loss: 0.4622
Epoch: 881, Loss: 0.4620
Epoch: 886, Loss: 0.4613
Epoch: 891, Loss: 0.4616
Epoch: 896, Loss: 0.4632
Epoch: 901, Loss: 0.4617
Epoch: 906, Loss: 0.4610
Epoch: 911, Loss: 0.4606
Epoch: 916, Loss: 0.4602
Epoch: 921, Loss: 0.4615
Epoch: 926, Loss: 0.4625
Epoch: 931, Loss: 0.4616
Epoch: 936, Loss: 0.4629
Epoch: 941, Loss: 0.4623
Epoch: 946, Loss: 0.4604
Epoch: 951, Loss: 0.4607
Epoch: 956, Loss: 0.4610
Epoch: 961, Loss: 0.4602
Epoch: 966, Loss: 0.4601
Epoch: 971, Loss: 0.4600
Epoch: 976, Loss: 0.4608
Epoch: 981, Loss: 0.4603
Epoch: 986, Loss: 0.4603
Epoch: 991, Loss: 0.4602
Epoch: 996, Loss: 0.4600
Epoch: 1001, Loss: 0.4598
Elapsed time 0.1087 min
test data and predicted data:

Epoch: 6, Loss: 0.4599
Epoch: 11, Loss: 0.4611
Epoch: 16, Loss: 0.4619
Epoch: 21, Loss: 0.4631
Epoch: 26, Loss: 0.4625
Epoch: 31, Loss: 0.4611
Epoch: 36, Loss: 0.4615
Epoch: 41, Loss: 0.4609
Epoch: 46, Loss: 0.4617
Epoch: 51, Loss: 0.4612
Epoch: 56, Loss: 0.4609
Epoch: 61, Loss: 0.4606
Epoch: 66, Loss: 0.4603
Epoch: 71, Loss: 0.4600
Epoch: 76, Loss: 0.4597
Epoch: 81, Loss: 0.4597
Epoch: 86, Loss: 0.4600
Epoch: 91, Loss: 0.4605
Epoch: 96, Loss: 0.4603
Epoch: 101, Loss: 0.4616
Epoch: 106, Loss: 0.4617
Epoch: 111, Loss: 0.4654
Epoch: 116, Loss: 0.4654
Epoch: 121, Loss: 0.4645
Epoch: 126, Loss: 0.4618
Epoch: 131, Loss: 0.4614
Epoch: 136, Loss: 0.4610
Epoch: 141, Loss: 0.4604
Epoch: 146, Loss: 0.4604
Epoch: 151, Loss: 0.4602
Epoch: 156, Loss: 0.4595
Epoch: 161, Loss: 0.4597
Epoch: 166, Loss: 0.4589
Epoch: 171, Loss: 0.4591
Epoch: 176, Loss: 0.4586
Epoch: 181, Loss: 0.4587
Epoch: 186, Loss: 0.4588
Epoch: 191, Loss: 0.4587
Epoch: 196, Loss: 0.4584
Epoch: 201, Loss: 0.4589
Epoch: 206, Loss: 0.4587
Epoch: 211, Loss: 0.4601
Epoch: 216, Loss: 0.4613
Epoch: 221, Loss: 0.4642
Epoch: 226, Loss: 0.4663
Epoch: 231, Loss: 0.4633
Epoch: 236, Loss: 0.4629
Epoch: 241, Loss: 0.4625
Epoch: 246, Loss: 0.4601
Epoch: 251, Loss: 0.4603
Epoch: 256, Loss: 0.4603
Epoch: 261, Loss: 0.4596
Epoch: 266, Loss: 0.4595
Epoch: 271, Loss: 0.4611
Epoch: 276, Loss: 0.4609
Epoch: 281, Loss: 0.4588
Epoch: 286, Loss: 0.4584
Epoch: 291, Loss: 0.4584
Epoch: 296, Loss: 0.4583
Epoch: 301, Loss: 0.4581
Epoch: 306, Loss: 0.4581
Epoch: 311, Loss: 0.4585
Epoch: 316, Loss: 0.4590
Epoch: 321, Loss: 0.4601
Epoch: 326, Loss: 0.4608
Epoch: 331, Loss: 0.4594
Epoch: 336, Loss: 0.4593
Epoch: 341, Loss: 0.4614
Epoch: 346, Loss: 0.4608
Epoch: 351, Loss: 0.4585
Epoch: 356, Loss: 0.4587
Epoch: 361, Loss: 0.4577
Epoch: 366, Loss: 0.4580
Epoch: 371, Loss: 0.4574
Epoch: 376, Loss: 0.4572
Epoch: 381, Loss: 0.4570
Epoch: 386, Loss: 0.4572
Epoch: 391, Loss: 0.4571
Epoch: 396, Loss: 0.4575
Epoch: 401, Loss: 0.4573
Epoch: 406, Loss: 0.4570
Epoch: 411, Loss: 0.4572
Epoch: 416, Loss: 0.4576
Epoch: 421, Loss: 0.4568
Epoch: 426, Loss: 0.4575
Epoch: 431, Loss: 0.4575
Epoch: 436, Loss: 0.4577
Epoch: 441, Loss: 0.4580
Epoch: 446, Loss: 0.4574
Epoch: 451, Loss: 0.4571
Epoch: 456, Loss: 0.4572
Epoch: 461, Loss: 0.4585
Epoch: 466, Loss: 0.4574
Epoch: 471, Loss: 0.4578
Epoch: 476, Loss: 0.4577
Epoch: 481, Loss: 0.4573
Epoch: 486, Loss: 0.4573
Epoch: 491, Loss: 0.4575
Epoch: 496, Loss: 0.4572
Epoch: 501, Loss: 0.4575
Epoch: 506, Loss: 0.4576
Epoch: 511, Loss: 0.4572
Epoch: 516, Loss: 0.4570
Epoch: 521, Loss: 0.4567
Epoch: 526, Loss: 0.4567
Epoch: 531, Loss: 0.4576
Epoch: 536, Loss: 0.4592
Epoch: 541, Loss: 0.4569
Epoch: 546, Loss: 0.4562
Epoch: 551, Loss: 0.4561
Epoch: 556, Loss: 0.4562
Epoch: 561, Loss: 0.4561
Epoch: 566, Loss: 0.4561
Epoch: 571, Loss: 0.4557
Epoch: 576, Loss: 0.4561
Epoch: 581, Loss: 0.4614
Epoch: 586, Loss: 0.4573
Epoch: 591, Loss: 0.4615
Epoch: 596, Loss: 0.6487
Epoch: 601, Loss: 0.8375
Epoch: 606, Loss: 0.6198
Epoch: 611, Loss: 0.5470
Epoch: 616, Loss: 0.5295
Epoch: 621, Loss: 0.5127
Epoch: 626, Loss: 0.5110
Epoch: 631, Loss: 0.4995
Epoch: 636, Loss: 0.4941
Epoch: 641, Loss: 0.4889
Epoch: 646, Loss: 0.4888
Epoch: 651, Loss: 0.4845
Epoch: 656, Loss: 0.4832
Epoch: 661, Loss: 0.4913
Epoch: 666, Loss: 0.4863
Epoch: 671, Loss: 0.4827
Epoch: 676, Loss: 0.4798
Epoch: 681, Loss: 0.4797
Epoch: 686, Loss: 0.5059
Epoch: 691, Loss: 0.5543
Epoch: 696, Loss: 0.5247
Epoch: 701, Loss: 0.5023
Epoch: 706, Loss: 0.5069
Epoch: 711, Loss: 0.5006
Epoch: 716, Loss: 0.4922
Epoch: 721, Loss: 0.4907
Epoch: 726, Loss: 0.4885
Epoch: 731, Loss: 0.4868
Epoch: 736, Loss: 0.4848
Epoch: 741, Loss: 0.4832
Epoch: 746, Loss: 0.4828
Epoch: 751, Loss: 0.4813
Epoch: 756, Loss: 0.4806
Epoch: 761, Loss: 0.4795
Epoch: 766, Loss: 0.4789
Epoch: 771, Loss: 0.4790
Epoch: 776, Loss: 0.4763
Epoch: 781, Loss: 0.4759
Epoch: 786, Loss: 0.4752
Epoch: 791, Loss: 0.4864
Epoch: 796, Loss: 0.4797
Epoch: 801, Loss: 0.4788
Epoch: 806, Loss: 0.4767
Epoch: 811, Loss: 0.4754
Epoch: 816, Loss: 0.4748
Epoch: 821, Loss: 0.4744
Epoch: 826, Loss: 0.4746
Epoch: 831, Loss: 0.4743
Epoch: 836, Loss: 0.4742
Epoch: 841, Loss: 0.4739
Epoch: 846, Loss: 0.4732
Epoch: 851, Loss: 0.4722
Epoch: 856, Loss: 0.4717
Epoch: 861, Loss: 0.4706
Epoch: 866, Loss: 0.4699
Epoch: 871, Loss: 0.4700
Epoch: 876, Loss: 0.4704
Epoch: 881, Loss: 0.4769
Epoch: 886, Loss: 0.4853
Epoch: 891, Loss: 0.4901
Epoch: 896, Loss: 0.4871
Epoch: 901, Loss: 0.4825
Epoch: 906, Loss: 0.4765
Epoch: 911, Loss: 0.4764
Epoch: 916, Loss: 0.4800
Epoch: 921, Loss: 0.4781
Epoch: 926, Loss: 0.4753
Epoch: 931, Loss: 0.4743
Epoch: 936, Loss: 0.4762
Epoch: 941, Loss: 0.4744
Epoch: 946, Loss: 0.4734
Epoch: 951, Loss: 0.4722
Epoch: 956, Loss: 0.4834
Epoch: 961, Loss: 0.4800
Epoch: 966, Loss: 0.4733
Epoch: 971, Loss: 0.4724
Epoch: 976, Loss: 0.4917
Epoch: 981, Loss: 0.4823
Epoch: 986, Loss: 0.4802
Epoch: 991, Loss: 0.4805
Epoch: 996, Loss: 0.4831
Epoch: 1001, Loss: 0.4830
Elapsed time 0.1159 min
test data and predicted data:

Epoch: 6, Loss: 0.4792
Epoch: 11, Loss: 0.4749
Epoch: 16, Loss: 0.4726
Epoch: 21, Loss: 0.4743
Epoch: 26, Loss: 0.4752
Epoch: 31, Loss: 0.4767
Epoch: 36, Loss: 0.4762
Epoch: 41, Loss: 0.4743
Epoch: 46, Loss: 0.4725
Epoch: 51, Loss: 0.4721
Epoch: 56, Loss: 0.4706
Epoch: 61, Loss: 0.4694
Epoch: 66, Loss: 0.4695
Epoch: 71, Loss: 0.4723
Epoch: 76, Loss: 0.4707
Epoch: 81, Loss: 0.4701
Epoch: 86, Loss: 0.4705
Epoch: 91, Loss: 0.4715
Epoch: 96, Loss: 0.4701
Epoch: 101, Loss: 0.4726
Epoch: 106, Loss: 0.4718
Epoch: 111, Loss: 0.4717
Epoch: 116, Loss: 0.4714
Epoch: 121, Loss: 0.4712
Epoch: 126, Loss: 0.4708
Epoch: 131, Loss: 0.4706
Epoch: 136, Loss: 0.4702
Epoch: 141, Loss: 0.4703
Epoch: 146, Loss: 0.4701
Epoch: 151, Loss: 0.4699
Epoch: 156, Loss: 0.4712
Epoch: 161, Loss: 0.4712
Epoch: 166, Loss: 0.4708
Epoch: 171, Loss: 0.4705
Epoch: 176, Loss: 0.4699
Epoch: 181, Loss: 0.4697
Epoch: 186, Loss: 0.4696
Epoch: 191, Loss: 0.4695
Epoch: 196, Loss: 0.4693
Epoch: 201, Loss: 0.4692
Epoch: 206, Loss: 0.4694
Epoch: 211, Loss: 0.4692
Epoch: 216, Loss: 0.4693
Epoch: 221, Loss: 0.4691
Epoch: 226, Loss: 0.4689
Epoch: 231, Loss: 0.4691
Epoch: 236, Loss: 0.4690
Epoch: 241, Loss: 0.4690
Epoch: 246, Loss: 0.4687
Epoch: 251, Loss: 0.4687
Epoch: 256, Loss: 0.4686
Epoch: 261, Loss: 0.4685
Epoch: 266, Loss: 0.4685
Epoch: 271, Loss: 0.4684
Epoch: 276, Loss: 0.4684
Epoch: 281, Loss: 0.4683
Epoch: 286, Loss: 0.4683
Epoch: 291, Loss: 0.4682
Epoch: 296, Loss: 0.4682
Epoch: 301, Loss: 0.4681
Epoch: 306, Loss: 0.4681
Epoch: 311, Loss: 0.4680
Epoch: 316, Loss: 0.4680
Epoch: 321, Loss: 0.4679
Epoch: 326, Loss: 0.4678
Epoch: 331, Loss: 0.4678
Epoch: 336, Loss: 0.4695
Epoch: 341, Loss: 0.4704
Epoch: 346, Loss: 0.4689
Epoch: 351, Loss: 0.4685
Epoch: 356, Loss: 0.4680
Epoch: 361, Loss: 0.4675
Epoch: 366, Loss: 0.4675
Epoch: 371, Loss: 0.4671
Epoch: 376, Loss: 0.4670
Epoch: 381, Loss: 0.4668
Epoch: 386, Loss: 0.4666
Epoch: 391, Loss: 0.4666
Epoch: 396, Loss: 0.4666
Epoch: 401, Loss: 0.4668
Epoch: 406, Loss: 0.4668
Epoch: 411, Loss: 0.4666
Epoch: 416, Loss: 0.4662
Epoch: 421, Loss: 0.4697
Epoch: 426, Loss: 0.4691
Epoch: 431, Loss: 0.4677
Epoch: 436, Loss: 0.4667
Epoch: 441, Loss: 0.4665
Epoch: 446, Loss: 0.4660
Epoch: 451, Loss: 0.4656
Epoch: 456, Loss: 0.4656
Epoch: 461, Loss: 0.4664
Epoch: 466, Loss: 0.4652
Epoch: 471, Loss: 0.4651
Epoch: 476, Loss: 0.4653
Epoch: 481, Loss: 0.4652
Epoch: 486, Loss: 0.4650
Epoch: 491, Loss: 0.4648
Epoch: 496, Loss: 0.4647
Epoch: 501, Loss: 0.4663
Epoch: 506, Loss: 0.4646
Epoch: 511, Loss: 0.4645
Epoch: 516, Loss: 0.4664
Epoch: 521, Loss: 0.4674
Epoch: 526, Loss: 0.4685
Epoch: 531, Loss: 0.4733
Epoch: 536, Loss: 0.4772
Epoch: 541, Loss: 0.4772
Epoch: 546, Loss: 0.4761
Epoch: 551, Loss: 0.4746
Epoch: 556, Loss: 0.4725
Epoch: 561, Loss: 0.4703
Epoch: 566, Loss: 0.4698
Epoch: 571, Loss: 0.4692
Epoch: 576, Loss: 0.4679
Epoch: 581, Loss: 0.4677
Epoch: 586, Loss: 0.4669
Epoch: 591, Loss: 0.4674
Epoch: 596, Loss: 0.4670
Epoch: 601, Loss: 0.4678
Epoch: 606, Loss: 0.4667
Epoch: 611, Loss: 0.4668
Epoch: 616, Loss: 0.4668
Epoch: 621, Loss: 0.4662
Epoch: 626, Loss: 0.4661
Epoch: 631, Loss: 0.4661
Epoch: 636, Loss: 0.4660
Epoch: 641, Loss: 0.4674
Epoch: 646, Loss: 0.4678
Epoch: 651, Loss: 0.4684
Epoch: 656, Loss: 0.4678
Epoch: 661, Loss: 0.4673
Epoch: 666, Loss: 0.4672
Epoch: 671, Loss: 0.4664
Epoch: 676, Loss: 0.4665
Epoch: 681, Loss: 0.4662
Epoch: 686, Loss: 0.4662
Epoch: 691, Loss: 0.4665
Epoch: 696, Loss: 0.4667
Epoch: 701, Loss: 0.4720
Epoch: 706, Loss: 0.4718
Epoch: 711, Loss: 0.4693
Epoch: 716, Loss: 0.4850
Epoch: 721, Loss: 0.4743
Epoch: 726, Loss: 0.4747
Epoch: 731, Loss: 0.4701
Epoch: 736, Loss: 0.4718
Epoch: 741, Loss: 0.4728
Epoch: 746, Loss: 0.4666
Epoch: 751, Loss: 0.4674
Epoch: 756, Loss: 0.4655
Epoch: 761, Loss: 0.4693
Epoch: 766, Loss: 0.4685
Epoch: 771, Loss: 0.4681
Epoch: 776, Loss: 0.4673
Epoch: 781, Loss: 0.4672
Epoch: 786, Loss: 0.4680
Epoch: 791, Loss: 0.4731
Epoch: 796, Loss: 0.4769
Epoch: 801, Loss: 0.4763
Epoch: 806, Loss: 0.4762
Epoch: 811, Loss: 0.4759
Epoch: 816, Loss: 0.4757
Epoch: 821, Loss: 0.4756
Epoch: 826, Loss: 0.4754
Epoch: 831, Loss: 0.4754
Epoch: 836, Loss: 0.4753
Epoch: 841, Loss: 0.4752
Epoch: 846, Loss: 0.4752
Epoch: 851, Loss: 0.4751
Epoch: 856, Loss: 0.4751
Epoch: 861, Loss: 0.4750
Epoch: 866, Loss: 0.4750
Epoch: 871, Loss: 0.4749
Epoch: 876, Loss: 0.4749
Epoch: 881, Loss: 0.4749
Epoch: 886, Loss: 0.4748
Epoch: 891, Loss: 0.4748
Epoch: 896, Loss: 0.4747
Epoch: 901, Loss: 0.4747
Epoch: 906, Loss: 0.4747
Epoch: 911, Loss: 0.4746
Epoch: 916, Loss: 0.4746
Epoch: 921, Loss: 0.4746
Epoch: 926, Loss: 0.4745
Epoch: 931, Loss: 0.4745
Epoch: 936, Loss: 0.4745
Epoch: 941, Loss: 0.4744
Epoch: 946, Loss: 0.4744
Epoch: 951, Loss: 0.4744
Epoch: 956, Loss: 0.4743
Epoch: 961, Loss: 0.4743
Epoch: 966, Loss: 0.4743
Epoch: 971, Loss: 0.4743
Epoch: 976, Loss: 0.4742
Epoch: 981, Loss: 0.4742
Epoch: 986, Loss: 0.4742
Epoch: 991, Loss: 0.4741
Epoch: 996, Loss: 0.4741
Epoch: 1001, Loss: 0.4741
Elapsed time 0.1172 min
test data and predicted data:

Epoch: 6, Loss: 0.4741
Epoch: 11, Loss: 0.4740
Epoch: 16, Loss: 0.4740
Epoch: 21, Loss: 0.4740
Epoch: 26, Loss: 0.4739
Epoch: 31, Loss: 0.4739
Epoch: 36, Loss: 0.4739
Epoch: 41, Loss: 0.4738
Epoch: 46, Loss: 0.4738
Epoch: 51, Loss: 0.4738
Epoch: 56, Loss: 0.4738
Epoch: 61, Loss: 0.4737
Epoch: 66, Loss: 0.4737
Epoch: 71, Loss: 0.4737
Epoch: 76, Loss: 0.4737
Epoch: 81, Loss: 0.4736
Epoch: 86, Loss: 0.4736
Epoch: 91, Loss: 0.4736
Epoch: 96, Loss: 0.4735
Epoch: 101, Loss: 0.4735
Epoch: 106, Loss: 0.4735
Epoch: 111, Loss: 0.4735
Epoch: 116, Loss: 0.4734
Epoch: 121, Loss: 0.4734
Epoch: 126, Loss: 0.4734
Epoch: 131, Loss: 0.4734
Epoch: 136, Loss: 0.4733
Epoch: 141, Loss: 0.4733
Epoch: 146, Loss: 0.4733
Epoch: 151, Loss: 0.4732
Epoch: 156, Loss: 0.4732
Epoch: 161, Loss: 0.4732
Epoch: 166, Loss: 0.4732
Epoch: 171, Loss: 0.4731
Epoch: 176, Loss: 0.4731
Epoch: 181, Loss: 0.4731
Epoch: 186, Loss: 0.4731
Epoch: 191, Loss: 0.4730
Epoch: 196, Loss: 0.4730
Epoch: 201, Loss: 0.4730
Epoch: 206, Loss: 0.4729
Epoch: 211, Loss: 0.4729
Epoch: 216, Loss: 0.4729
Epoch: 221, Loss: 0.4729
Epoch: 226, Loss: 0.4728
Epoch: 231, Loss: 0.4728
Epoch: 236, Loss: 0.4728
Epoch: 241, Loss: 0.4727
Epoch: 246, Loss: 0.4727
Epoch: 251, Loss: 0.4727
Epoch: 256, Loss: 0.4726
Epoch: 261, Loss: 0.4726
Epoch: 266, Loss: 0.4726
Epoch: 271, Loss: 0.4726
Epoch: 276, Loss: 0.4725
Epoch: 281, Loss: 0.4725
Epoch: 286, Loss: 0.4725
Epoch: 291, Loss: 0.4724
Epoch: 296, Loss: 0.4724
Epoch: 301, Loss: 0.4724
Epoch: 306, Loss: 0.4724
Epoch: 311, Loss: 0.4723
Epoch: 316, Loss: 0.4723
Epoch: 321, Loss: 0.4723
Epoch: 326, Loss: 0.4731
Epoch: 331, Loss: 0.4722
Epoch: 336, Loss: 0.4724
Epoch: 341, Loss: 0.4723
Epoch: 346, Loss: 0.4722
Epoch: 351, Loss: 0.4721
Epoch: 356, Loss: 0.4720
Epoch: 361, Loss: 0.4720
Epoch: 366, Loss: 0.4719
Epoch: 371, Loss: 0.4719
Epoch: 376, Loss: 0.4718
Epoch: 381, Loss: 0.4719
Epoch: 386, Loss: 0.4726
Epoch: 391, Loss: 0.4719
Epoch: 396, Loss: 0.4728
Epoch: 401, Loss: 0.4721
Epoch: 406, Loss: 0.4717
Epoch: 411, Loss: 0.4716
Epoch: 416, Loss: 0.4716
Epoch: 421, Loss: 0.4716
Epoch: 426, Loss: 0.4714
Epoch: 431, Loss: 0.4715
Epoch: 436, Loss: 0.4713
Epoch: 441, Loss: 0.4714
Epoch: 446, Loss: 0.4717
Epoch: 451, Loss: 0.4715
Epoch: 456, Loss: 0.4712
Epoch: 461, Loss: 0.4711
Epoch: 466, Loss: 0.4711
Epoch: 471, Loss: 0.4735
Epoch: 476, Loss: 0.4716
Epoch: 481, Loss: 0.4709
Epoch: 486, Loss: 0.4709
Epoch: 491, Loss: 0.4708
Epoch: 496, Loss: 0.4707
Epoch: 501, Loss: 0.4707
Epoch: 506, Loss: 0.4706
Epoch: 511, Loss: 0.4705
Epoch: 516, Loss: 0.4704
Epoch: 521, Loss: 0.4704
Epoch: 526, Loss: 0.4703
Epoch: 531, Loss: 0.4702
Epoch: 536, Loss: 0.4702
Epoch: 541, Loss: 0.4703
Epoch: 546, Loss: 0.4721
Epoch: 551, Loss: 0.4755
Epoch: 556, Loss: 0.4717
Epoch: 561, Loss: 0.4731
Epoch: 566, Loss: 0.4741
Epoch: 571, Loss: 0.4720
Epoch: 576, Loss: 0.4705
Epoch: 581, Loss: 0.4701
Epoch: 586, Loss: 0.4700
Epoch: 591, Loss: 0.4699
Epoch: 596, Loss: 0.4697
Epoch: 601, Loss: 0.4694
Epoch: 606, Loss: 0.4691
Epoch: 611, Loss: 0.4689
Epoch: 616, Loss: 0.4685
Epoch: 621, Loss: 0.4683
Epoch: 626, Loss: 0.4679
Epoch: 631, Loss: 0.4676
Epoch: 636, Loss: 0.4672
Epoch: 641, Loss: 0.4675
Epoch: 646, Loss: 0.4664
Epoch: 651, Loss: 0.4695
Epoch: 656, Loss: 0.4701
Epoch: 661, Loss: 0.4682
Epoch: 666, Loss: 0.4659
Epoch: 671, Loss: 0.4646
Epoch: 676, Loss: 0.4797
Epoch: 681, Loss: 0.4644
Epoch: 686, Loss: 0.4709
Epoch: 691, Loss: 0.4646
Epoch: 696, Loss: 0.4662
Epoch: 701, Loss: 0.4654
Epoch: 706, Loss: 0.4648
Epoch: 711, Loss: 0.4623
Epoch: 716, Loss: 0.4618
Epoch: 721, Loss: 0.5307
Epoch: 726, Loss: 0.4934
Epoch: 731, Loss: 0.6730
Epoch: 736, Loss: 0.6159
Epoch: 741, Loss: 0.5576
Epoch: 746, Loss: 0.5161
Epoch: 751, Loss: 0.4917
Epoch: 756, Loss: 0.4900
Epoch: 761, Loss: 0.4837
Epoch: 766, Loss: 0.4776
Epoch: 771, Loss: 0.4760
Epoch: 776, Loss: 0.4746
Epoch: 781, Loss: 0.4740
Epoch: 786, Loss: 0.4731
Epoch: 791, Loss: 0.4722
Epoch: 796, Loss: 0.4718
Epoch: 801, Loss: 0.4714
Epoch: 806, Loss: 0.4709
Epoch: 811, Loss: 0.4705
Epoch: 816, Loss: 0.4702
Epoch: 821, Loss: 0.4698
Epoch: 826, Loss: 0.4696
Epoch: 831, Loss: 0.4697
Epoch: 836, Loss: 0.4693
Epoch: 841, Loss: 0.4692
Epoch: 846, Loss: 0.4693
Epoch: 851, Loss: 0.4689
Epoch: 856, Loss: 0.4692
Epoch: 861, Loss: 0.4691
Epoch: 866, Loss: 0.4688
Epoch: 871, Loss: 0.4692
Epoch: 876, Loss: 0.4684
Epoch: 881, Loss: 0.4688
Epoch: 886, Loss: 0.4682
Epoch: 891, Loss: 0.4681
Epoch: 896, Loss: 0.4687
Epoch: 901, Loss: 0.4685
Epoch: 906, Loss: 0.4687
Epoch: 911, Loss: 0.4685
Epoch: 916, Loss: 0.4722
Epoch: 921, Loss: 0.4686
Epoch: 926, Loss: 0.4696
Epoch: 931, Loss: 0.4690
Epoch: 936, Loss: 0.4695
Epoch: 941, Loss: 0.4684
Epoch: 946, Loss: 0.4680
Epoch: 951, Loss: 0.4888
Epoch: 956, Loss: 0.4913
Epoch: 961, Loss: 0.4858
Epoch: 966, Loss: 0.4846
Epoch: 971, Loss: 0.4809
Epoch: 976, Loss: 0.4786
Epoch: 981, Loss: 0.4755
Epoch: 986, Loss: 0.4726
Epoch: 991, Loss: 0.4707
Epoch: 996, Loss: 0.4689
Epoch: 1001, Loss: 0.4722
Elapsed time 0.1097 min
test data and predicted data:

Epoch: 6, Loss: 0.4685
Epoch: 11, Loss: 0.4732
Epoch: 16, Loss: 0.4705
Epoch: 21, Loss: 0.4698
Epoch: 26, Loss: 0.4674
Epoch: 31, Loss: 0.4670
Epoch: 36, Loss: 0.4656
Epoch: 41, Loss: 0.4654
Epoch: 46, Loss: 0.4646
Epoch: 51, Loss: 0.4673
Epoch: 56, Loss: 0.4663
Epoch: 61, Loss: 0.4635
Epoch: 66, Loss: 0.4649
Epoch: 71, Loss: 0.4653
Epoch: 76, Loss: 0.4645
Epoch: 81, Loss: 0.4643
Epoch: 86, Loss: 0.4636
Epoch: 91, Loss: 0.4631
Epoch: 96, Loss: 0.4633
Epoch: 101, Loss: 0.4764
Epoch: 106, Loss: 0.4765
Epoch: 111, Loss: 0.4750
Epoch: 116, Loss: 0.4735
Epoch: 121, Loss: 0.4728
Epoch: 126, Loss: 0.4724
Epoch: 131, Loss: 0.4718
Epoch: 136, Loss: 0.4716
Epoch: 141, Loss: 0.4713
Epoch: 146, Loss: 0.4711
Epoch: 151, Loss: 0.4710
Epoch: 156, Loss: 0.4709
Epoch: 161, Loss: 0.4708
Epoch: 166, Loss: 0.4708
Epoch: 171, Loss: 0.4707
Epoch: 176, Loss: 0.4706
Epoch: 181, Loss: 0.4706
Epoch: 186, Loss: 0.4705
Epoch: 191, Loss: 0.4705
Epoch: 196, Loss: 0.4705
Epoch: 201, Loss: 0.4704
Epoch: 206, Loss: 0.4704
Epoch: 211, Loss: 0.4704
Epoch: 216, Loss: 0.4703
Epoch: 221, Loss: 0.4703
Epoch: 226, Loss: 0.4702
Epoch: 231, Loss: 0.4702
Epoch: 236, Loss: 0.4702
Epoch: 241, Loss: 0.4702
Epoch: 246, Loss: 0.4701
Epoch: 251, Loss: 0.4701
Epoch: 256, Loss: 0.4701
Epoch: 261, Loss: 0.4700
Epoch: 266, Loss: 0.4700
Epoch: 271, Loss: 0.4700
Epoch: 276, Loss: 0.4700
Epoch: 281, Loss: 0.4699
Epoch: 286, Loss: 0.4699
Epoch: 291, Loss: 0.4699
Epoch: 296, Loss: 0.4699
Epoch: 301, Loss: 0.4699
Epoch: 306, Loss: 0.4699
Epoch: 311, Loss: 0.4698
Epoch: 316, Loss: 0.4698
Epoch: 321, Loss: 0.4698
Epoch: 326, Loss: 0.4698
Epoch: 331, Loss: 0.4697
Epoch: 336, Loss: 0.4697
Epoch: 341, Loss: 0.4697
Epoch: 346, Loss: 0.4697
Epoch: 351, Loss: 0.4697
Epoch: 356, Loss: 0.4696
Epoch: 361, Loss: 0.4696
Epoch: 366, Loss: 0.4696
Epoch: 371, Loss: 0.4696
Epoch: 376, Loss: 0.4696
Epoch: 381, Loss: 0.4695
Epoch: 386, Loss: 0.4695
Epoch: 391, Loss: 0.4695
Epoch: 396, Loss: 0.4694
Epoch: 401, Loss: 0.4694
Epoch: 406, Loss: 0.4694
Epoch: 411, Loss: 0.4694
Epoch: 416, Loss: 0.4693
Epoch: 421, Loss: 0.4693
Epoch: 426, Loss: 0.4692
Epoch: 431, Loss: 0.4692
Epoch: 436, Loss: 0.4692
Epoch: 441, Loss: 0.4691
Epoch: 446, Loss: 0.4691
Epoch: 451, Loss: 0.4691
Epoch: 456, Loss: 0.4690
Epoch: 461, Loss: 0.4690
Epoch: 466, Loss: 0.4690
Epoch: 471, Loss: 0.4689
Epoch: 476, Loss: 0.4689
Epoch: 481, Loss: 0.4689
Epoch: 486, Loss: 0.4688
Epoch: 491, Loss: 0.4688
Epoch: 496, Loss: 0.4688
Epoch: 501, Loss: 0.4688
Epoch: 506, Loss: 0.4687
Epoch: 511, Loss: 0.4687
Epoch: 516, Loss: 0.4687
Epoch: 521, Loss: 0.4687
Epoch: 526, Loss: 0.4687
Epoch: 531, Loss: 0.4686
Epoch: 536, Loss: 0.4686
Epoch: 541, Loss: 0.4686
Epoch: 546, Loss: 0.4686
Epoch: 551, Loss: 0.4686
Epoch: 556, Loss: 0.4686
Epoch: 561, Loss: 0.4685
Epoch: 566, Loss: 0.4685
Epoch: 571, Loss: 0.4685
Epoch: 576, Loss: 0.4685
Epoch: 581, Loss: 0.4685
Epoch: 586, Loss: 0.4685
Epoch: 591, Loss: 0.4685
Epoch: 596, Loss: 0.4684
Epoch: 601, Loss: 0.4684
Epoch: 606, Loss: 0.4684
Epoch: 611, Loss: 0.4684
Epoch: 616, Loss: 0.4684
Epoch: 621, Loss: 0.4684
Epoch: 626, Loss: 0.4684
Epoch: 631, Loss: 0.4684
Epoch: 636, Loss: 0.4684
Epoch: 641, Loss: 0.4683
Epoch: 646, Loss: 0.4683
Epoch: 651, Loss: 0.4683
Epoch: 656, Loss: 0.4683
Epoch: 661, Loss: 0.4683
Epoch: 666, Loss: 0.4683
Epoch: 671, Loss: 0.4683
Epoch: 676, Loss: 0.4683
Epoch: 681, Loss: 0.4683
Epoch: 686, Loss: 0.4682
Epoch: 691, Loss: 0.4682
Epoch: 696, Loss: 0.4682
Epoch: 701, Loss: 0.4682
Epoch: 706, Loss: 0.4682
Epoch: 711, Loss: 0.4682
Epoch: 716, Loss: 0.4682
Epoch: 721, Loss: 0.4682
Epoch: 726, Loss: 0.4682
Epoch: 731, Loss: 0.4682
Epoch: 736, Loss: 0.4682
Epoch: 741, Loss: 0.4682
Epoch: 746, Loss: 0.4682
Epoch: 751, Loss: 0.4681
Epoch: 756, Loss: 0.4681
Epoch: 761, Loss: 0.4681
Epoch: 766, Loss: 0.4681
Epoch: 771, Loss: 0.4681
Epoch: 776, Loss: 0.4681
Epoch: 781, Loss: 0.4681
Epoch: 786, Loss: 0.4681
Epoch: 791, Loss: 0.4681
Epoch: 796, Loss: 0.4681
Epoch: 801, Loss: 0.4681
Epoch: 806, Loss: 0.4681
Epoch: 811, Loss: 0.4681
Epoch: 816, Loss: 0.4681
Epoch: 821, Loss: 0.4680
Epoch: 826, Loss: 0.4680
Epoch: 831, Loss: 0.4680
Epoch: 836, Loss: 0.4680
Epoch: 841, Loss: 0.4680
Epoch: 846, Loss: 0.4680
Epoch: 851, Loss: 0.4680
Epoch: 856, Loss: 0.4680
Epoch: 861, Loss: 0.4680
Epoch: 866, Loss: 0.4680
Epoch: 871, Loss: 0.4680
Epoch: 876, Loss: 0.4680
Epoch: 881, Loss: 0.4680
Epoch: 886, Loss: 0.4680
Epoch: 891, Loss: 0.4679
Epoch: 896, Loss: 0.4679
Epoch: 901, Loss: 0.4679
Epoch: 906, Loss: 0.4679
Epoch: 911, Loss: 0.4679
Epoch: 916, Loss: 0.4679
Epoch: 921, Loss: 0.4679
Epoch: 926, Loss: 0.4679
Epoch: 931, Loss: 0.4679
Epoch: 936, Loss: 0.4679
Epoch: 941, Loss: 0.4679
Epoch: 946, Loss: 0.4679
Epoch: 951, Loss: 0.4679
Epoch: 956, Loss: 0.4679
Epoch: 961, Loss: 0.4679
Epoch: 966, Loss: 0.4679
Epoch: 971, Loss: 0.4679
Epoch: 976, Loss: 0.4678
Epoch: 981, Loss: 0.4679
Epoch: 986, Loss: 0.4678
Epoch: 991, Loss: 0.4678
Epoch: 996, Loss: 0.4678
Epoch: 1001, Loss: 0.4678
Elapsed time 0.1088 min
test data and predicted data:

Epoch: 6, Loss: 0.4678
Epoch: 11, Loss: 0.4678
Epoch: 16, Loss: 0.4678
Epoch: 21, Loss: 0.4678
Epoch: 26, Loss: 0.4678
Epoch: 31, Loss: 0.4678
Epoch: 36, Loss: 0.4678
Epoch: 41, Loss: 0.4678
Epoch: 46, Loss: 0.4678
Epoch: 51, Loss: 0.4678
Epoch: 56, Loss: 0.4677
Epoch: 61, Loss: 0.4677
Epoch: 66, Loss: 0.4677
Epoch: 71, Loss: 0.4677
Epoch: 76, Loss: 0.4677
Epoch: 81, Loss: 0.4677
Epoch: 86, Loss: 0.4677
Epoch: 91, Loss: 0.4677
Epoch: 96, Loss: 0.4677
Epoch: 101, Loss: 0.4677
Epoch: 106, Loss: 0.4677
Epoch: 111, Loss: 0.4677
Epoch: 116, Loss: 0.4677
Epoch: 121, Loss: 0.4677
Epoch: 126, Loss: 0.4677
Epoch: 131, Loss: 0.4677
Epoch: 136, Loss: 0.4676
Epoch: 141, Loss: 0.4676
Epoch: 146, Loss: 0.4676
Epoch: 151, Loss: 0.4676
Epoch: 156, Loss: 0.4676
Epoch: 161, Loss: 0.4676
Epoch: 166, Loss: 0.4676
Epoch: 171, Loss: 0.4676
Epoch: 176, Loss: 0.4676
Epoch: 181, Loss: 0.4676
Epoch: 186, Loss: 0.4676
Epoch: 191, Loss: 0.4675
Epoch: 196, Loss: 0.4675
Epoch: 201, Loss: 0.4675
Epoch: 206, Loss: 0.4675
Epoch: 211, Loss: 0.4675
Epoch: 216, Loss: 0.4675
Epoch: 221, Loss: 0.4675
Epoch: 226, Loss: 0.4675
Epoch: 231, Loss: 0.4675
Epoch: 236, Loss: 0.4675
Epoch: 241, Loss: 0.4675
Epoch: 246, Loss: 0.4675
Epoch: 251, Loss: 0.4675
Epoch: 256, Loss: 0.4674
Epoch: 261, Loss: 0.4674
Epoch: 266, Loss: 0.4674
Epoch: 271, Loss: 0.4674
Epoch: 276, Loss: 0.4674
Epoch: 281, Loss: 0.4674
Epoch: 286, Loss: 0.4674
Epoch: 291, Loss: 0.4674
Epoch: 296, Loss: 0.4674
Epoch: 301, Loss: 0.4674
Epoch: 306, Loss: 0.4674
Epoch: 311, Loss: 0.4674
Epoch: 316, Loss: 0.4674
Epoch: 321, Loss: 0.4674
Epoch: 326, Loss: 0.4674
Epoch: 331, Loss: 0.4674
Epoch: 336, Loss: 0.4673
Epoch: 341, Loss: 0.4674
Epoch: 346, Loss: 0.4673
Epoch: 351, Loss: 0.4673
Epoch: 356, Loss: 0.4673
Epoch: 361, Loss: 0.4673
Epoch: 366, Loss: 0.4673
Epoch: 371, Loss: 0.4673
Epoch: 376, Loss: 0.4672
Epoch: 381, Loss: 0.4672
Epoch: 386, Loss: 0.4673
Epoch: 391, Loss: 0.4672
Epoch: 396, Loss: 0.4672
Epoch: 401, Loss: 0.4674
Epoch: 406, Loss: 0.4672
Epoch: 411, Loss: 0.4672
Epoch: 416, Loss: 0.4674
Epoch: 421, Loss: 0.4671
Epoch: 426, Loss: 0.4672
Epoch: 431, Loss: 0.4674
Epoch: 436, Loss: 0.4671
Epoch: 441, Loss: 0.4671
Epoch: 446, Loss: 0.4673
Epoch: 451, Loss: 0.4671
Epoch: 456, Loss: 0.4673
Epoch: 461, Loss: 0.4674
Epoch: 466, Loss: 0.4672
Epoch: 471, Loss: 0.4673
Epoch: 476, Loss: 0.4671
Epoch: 481, Loss: 0.4672
Epoch: 486, Loss: 0.4672
Epoch: 491, Loss: 0.4670
Epoch: 496, Loss: 0.4673
Epoch: 501, Loss: 0.4672
Epoch: 506, Loss: 0.4672
Epoch: 511, Loss: 0.4670
Epoch: 516, Loss: 0.4671
Epoch: 521, Loss: 0.4672
Epoch: 526, Loss: 0.4670
Epoch: 531, Loss: 0.4671
Epoch: 536, Loss: 0.4673
Epoch: 541, Loss: 0.4670
Epoch: 546, Loss: 0.4676
Epoch: 551, Loss: 0.4674
Epoch: 556, Loss: 0.4670
Epoch: 561, Loss: 0.4674
Epoch: 566, Loss: 0.4671
Epoch: 571, Loss: 0.4670
Epoch: 576, Loss: 0.4669
Epoch: 581, Loss: 0.4670
Epoch: 586, Loss: 0.4672
Epoch: 591, Loss: 0.4669
Epoch: 596, Loss: 0.4675
Epoch: 601, Loss: 0.4673
Epoch: 606, Loss: 0.4669
Epoch: 611, Loss: 0.4671
Epoch: 616, Loss: 0.4675
Epoch: 621, Loss: 0.4671
Epoch: 626, Loss: 0.4669
Epoch: 631, Loss: 0.4671
Epoch: 636, Loss: 0.4670
Epoch: 641, Loss: 0.4668
Epoch: 646, Loss: 0.4672
Epoch: 651, Loss: 0.4674
Epoch: 656, Loss: 0.4669
Epoch: 661, Loss: 0.4669
Epoch: 666, Loss: 0.4672
Epoch: 671, Loss: 0.4668
Epoch: 676, Loss: 0.4670
Epoch: 681, Loss: 0.4668
Epoch: 686, Loss: 0.4672
Epoch: 691, Loss: 0.4668
Epoch: 696, Loss: 0.4670
Epoch: 701, Loss: 0.4670
Epoch: 706, Loss: 0.4668
Epoch: 711, Loss: 0.4668
Epoch: 716, Loss: 0.4673
Epoch: 721, Loss: 0.4669
Epoch: 726, Loss: 0.4670
Epoch: 731, Loss: 0.4669
Epoch: 736, Loss: 0.4669
Epoch: 741, Loss: 0.4670
Epoch: 746, Loss: 0.4668
Epoch: 751, Loss: 0.4670
Epoch: 756, Loss: 0.4667
Epoch: 761, Loss: 0.4668
Epoch: 766, Loss: 0.4669
Epoch: 771, Loss: 0.4667
Epoch: 776, Loss: 0.4671
Epoch: 781, Loss: 0.4667
Epoch: 786, Loss: 0.4670
Epoch: 791, Loss: 0.4667
Epoch: 796, Loss: 0.4671
Epoch: 801, Loss: 0.4667
Epoch: 806, Loss: 0.4671
Epoch: 811, Loss: 0.4670
Epoch: 816, Loss: 0.4667
Epoch: 821, Loss: 0.4669
Epoch: 826, Loss: 0.4667
Epoch: 831, Loss: 0.4668
Epoch: 836, Loss: 0.4668
Epoch: 841, Loss: 0.4668
Epoch: 846, Loss: 0.4668
Epoch: 851, Loss: 0.4666
Epoch: 856, Loss: 0.4675
Epoch: 861, Loss: 0.4669
Epoch: 866, Loss: 0.4667
Epoch: 871, Loss: 0.4669
Epoch: 876, Loss: 0.4666
Epoch: 881, Loss: 0.4669
Epoch: 886, Loss: 0.4666
Epoch: 891, Loss: 0.4670
Epoch: 896, Loss: 0.4666
Epoch: 901, Loss: 0.4668
Epoch: 906, Loss: 0.4667
Epoch: 911, Loss: 0.4665
Epoch: 916, Loss: 0.4666
Epoch: 921, Loss: 0.4668
Epoch: 926, Loss: 0.4671
Epoch: 931, Loss: 0.4665
Epoch: 936, Loss: 0.4667
Epoch: 941, Loss: 0.4674
Epoch: 946, Loss: 0.4669
Epoch: 951, Loss: 0.4665
Epoch: 956, Loss: 0.4668
Epoch: 961, Loss: 0.4665
Epoch: 966, Loss: 0.4670
Epoch: 971, Loss: 0.4665
Epoch: 976, Loss: 0.4666
Epoch: 981, Loss: 0.4665
Epoch: 986, Loss: 0.4667
Epoch: 991, Loss: 0.4665
Epoch: 996, Loss: 0.4664
Epoch: 1001, Loss: 0.4671
Elapsed time 0.1114 min
test data and predicted data:

Epoch: 6, Loss: 0.4666
Epoch: 11, Loss: 0.4666
Epoch: 16, Loss: 0.4665
Epoch: 21, Loss: 0.4664
Epoch: 26, Loss: 0.4664
Epoch: 31, Loss: 0.4665
Epoch: 36, Loss: 0.4663
Epoch: 41, Loss: 0.4664
Epoch: 46, Loss: 0.4667
Epoch: 51, Loss: 0.4663
Epoch: 56, Loss: 0.4663
Epoch: 61, Loss: 0.4669
Epoch: 66, Loss: 0.4662
Epoch: 71, Loss: 0.4677
Epoch: 76, Loss: 0.4669
Epoch: 81, Loss: 0.4662
Epoch: 86, Loss: 0.4666
Epoch: 91, Loss: 0.4665
Epoch: 96, Loss: 0.4662
Epoch: 101, Loss: 0.4664
Epoch: 106, Loss: 0.4662
Epoch: 111, Loss: 0.4667
Epoch: 116, Loss: 0.4662
Epoch: 121, Loss: 0.4664
Epoch: 126, Loss: 0.4664
Epoch: 131, Loss: 0.4660
Epoch: 136, Loss: 0.4667
Epoch: 141, Loss: 0.4661
Epoch: 146, Loss: 0.4664
Epoch: 151, Loss: 0.4662
Epoch: 156, Loss: 0.4660
Epoch: 161, Loss: 0.4661
Epoch: 166, Loss: 0.4658
Epoch: 171, Loss: 0.4664
Epoch: 176, Loss: 0.4660
Epoch: 181, Loss: 0.4659
Epoch: 186, Loss: 0.4660
Epoch: 191, Loss: 0.4657
Epoch: 196, Loss: 0.4659
Epoch: 201, Loss: 0.4656
Epoch: 206, Loss: 0.4658
Epoch: 211, Loss: 0.4656
Epoch: 216, Loss: 0.4656
Epoch: 221, Loss: 0.4664
Epoch: 226, Loss: 0.4657
Epoch: 231, Loss: 0.4661
Epoch: 236, Loss: 0.4656
Epoch: 241, Loss: 0.4656
Epoch: 246, Loss: 0.4654
Epoch: 251, Loss: 0.4657
Epoch: 256, Loss: 0.4654
Epoch: 261, Loss: 0.4659
Epoch: 266, Loss: 0.4653
Epoch: 271, Loss: 0.4658
Epoch: 276, Loss: 0.4653
Epoch: 281, Loss: 0.4655
Epoch: 286, Loss: 0.4654
Epoch: 291, Loss: 0.4653
Epoch: 296, Loss: 0.4654
Epoch: 301, Loss: 0.4657
Epoch: 306, Loss: 0.4662
Epoch: 311, Loss: 0.4653
Epoch: 316, Loss: 0.4654
Epoch: 321, Loss: 0.4659
Epoch: 326, Loss: 0.4654
Epoch: 331, Loss: 0.4652
Epoch: 336, Loss: 0.4654
Epoch: 341, Loss: 0.4652
Epoch: 346, Loss: 0.4655
Epoch: 351, Loss: 0.4652
Epoch: 356, Loss: 0.4652
Epoch: 361, Loss: 0.4654
Epoch: 366, Loss: 0.4651
Epoch: 371, Loss: 0.4657
Epoch: 376, Loss: 0.4651
Epoch: 381, Loss: 0.4657
Epoch: 386, Loss: 0.4654
Epoch: 391, Loss: 0.4652
Epoch: 396, Loss: 0.4653
Epoch: 401, Loss: 0.4652
Epoch: 406, Loss: 0.4653
Epoch: 411, Loss: 0.4654
Epoch: 416, Loss: 0.4656
Epoch: 421, Loss: 0.4650
Epoch: 426, Loss: 0.4654
Epoch: 431, Loss: 0.4650
Epoch: 436, Loss: 0.4652
Epoch: 441, Loss: 0.4650
Epoch: 446, Loss: 0.4650
Epoch: 451, Loss: 0.4655
Epoch: 456, Loss: 0.4651
Epoch: 461, Loss: 0.4650
Epoch: 466, Loss: 0.4656
Epoch: 471, Loss: 0.4650
Epoch: 476, Loss: 0.4650
Epoch: 481, Loss: 0.4657
Epoch: 486, Loss: 0.4650
Epoch: 491, Loss: 0.4661
Epoch: 496, Loss: 0.4654
Epoch: 501, Loss: 0.4649
Epoch: 506, Loss: 0.4655
Epoch: 511, Loss: 0.4655
Epoch: 516, Loss: 0.4650
Epoch: 521, Loss: 0.4654
Epoch: 526, Loss: 0.4650
Epoch: 531, Loss: 0.4656
Epoch: 536, Loss: 0.4653
Epoch: 541, Loss: 0.4650
Epoch: 546, Loss: 0.4653
Epoch: 551, Loss: 0.4649
Epoch: 556, Loss: 0.4659
Epoch: 561, Loss: 0.4656
Epoch: 566, Loss: 0.4658
Epoch: 571, Loss: 0.4651
Epoch: 576, Loss: 0.4650
Epoch: 581, Loss: 0.4650
Epoch: 586, Loss: 0.4650
Epoch: 591, Loss: 0.4650
Epoch: 596, Loss: 0.4655
Epoch: 601, Loss: 0.4660
Epoch: 606, Loss: 0.4655
Epoch: 611, Loss: 0.4654
Epoch: 616, Loss: 0.4654
Epoch: 621, Loss: 0.4651
Epoch: 626, Loss: 0.4652
Epoch: 631, Loss: 0.4655
Epoch: 636, Loss: 0.4665
Epoch: 641, Loss: 0.4671
Epoch: 646, Loss: 0.4668
Epoch: 651, Loss: 0.4659
Epoch: 656, Loss: 0.4654
Epoch: 661, Loss: 0.4654
Epoch: 666, Loss: 0.4655
Epoch: 671, Loss: 0.4655
Epoch: 676, Loss: 0.4651
Epoch: 681, Loss: 0.4650
Epoch: 686, Loss: 0.4650
Epoch: 691, Loss: 0.4651
Epoch: 696, Loss: 0.4650
Epoch: 701, Loss: 0.4649
Epoch: 706, Loss: 0.4649
Epoch: 711, Loss: 0.4648
Epoch: 716, Loss: 0.4652
Epoch: 721, Loss: 0.4651
Epoch: 726, Loss: 0.4652
Epoch: 731, Loss: 0.4651
Epoch: 736, Loss: 0.4651
Epoch: 741, Loss: 0.4651
Epoch: 746, Loss: 0.4649
Epoch: 751, Loss: 0.4649
Epoch: 756, Loss: 0.4653
Epoch: 761, Loss: 0.4650
Epoch: 766, Loss: 0.4649
Epoch: 771, Loss: 0.4650
Epoch: 776, Loss: 0.4650
Epoch: 781, Loss: 0.4648
Epoch: 786, Loss: 0.4648
Epoch: 791, Loss: 0.4649
Epoch: 796, Loss: 0.4654
Epoch: 801, Loss: 0.4649
Epoch: 806, Loss: 0.4653
Epoch: 811, Loss: 0.4654
Epoch: 816, Loss: 0.4647
Epoch: 821, Loss: 0.4653
Epoch: 826, Loss: 0.4656
Epoch: 831, Loss: 0.4647
Epoch: 836, Loss: 0.4650
Epoch: 841, Loss: 0.4649
Epoch: 846, Loss: 0.4648
Epoch: 851, Loss: 0.4653
Epoch: 856, Loss: 0.4647
Epoch: 861, Loss: 0.4650
Epoch: 866, Loss: 0.4647
Epoch: 871, Loss: 0.4650
Epoch: 876, Loss: 0.4647
Epoch: 881, Loss: 0.4651
Epoch: 886, Loss: 0.4650
Epoch: 891, Loss: 0.4646
Epoch: 896, Loss: 0.4653
Epoch: 901, Loss: 0.4649
Epoch: 906, Loss: 0.4649
Epoch: 911, Loss: 0.4655
Epoch: 916, Loss: 0.4664
Epoch: 921, Loss: 0.4682
Epoch: 926, Loss: 0.4672
Epoch: 931, Loss: 0.4661
Epoch: 936, Loss: 0.4658
Epoch: 941, Loss: 0.4664
Epoch: 946, Loss: 0.4666
Epoch: 951, Loss: 0.4656
Epoch: 956, Loss: 0.4654
Epoch: 961, Loss: 0.4654
Epoch: 966, Loss: 0.4651
Epoch: 971, Loss: 0.4650
Epoch: 976, Loss: 0.4649
Epoch: 981, Loss: 0.4648
Epoch: 986, Loss: 0.4648
Epoch: 991, Loss: 0.4648
Epoch: 996, Loss: 0.4648
Epoch: 1001, Loss: 0.4647
Elapsed time 0.1100 min
test data and predicted data:

Epoch: 6, Loss: 0.4647
Epoch: 11, Loss: 0.4647
Epoch: 16, Loss: 0.4648
Epoch: 21, Loss: 0.4649
Epoch: 26, Loss: 0.4648
Epoch: 31, Loss: 0.4649
Epoch: 36, Loss: 0.4648
Epoch: 41, Loss: 0.4648
Epoch: 46, Loss: 0.4654
Epoch: 51, Loss: 0.4647
Epoch: 56, Loss: 0.4649
Epoch: 61, Loss: 0.4650
Epoch: 66, Loss: 0.4647
Epoch: 71, Loss: 0.4647
Epoch: 76, Loss: 0.4655
Epoch: 81, Loss: 0.4647
Epoch: 86, Loss: 0.4658
Epoch: 91, Loss: 0.4647
Epoch: 96, Loss: 0.4657
Epoch: 101, Loss: 0.4655
Epoch: 106, Loss: 0.4647
Epoch: 111, Loss: 0.4653
Epoch: 116, Loss: 0.4650
Epoch: 121, Loss: 0.4646
Epoch: 126, Loss: 0.4647
Epoch: 131, Loss: 0.4647
Epoch: 136, Loss: 0.4646
Epoch: 141, Loss: 0.4648
Epoch: 146, Loss: 0.4665
Epoch: 151, Loss: 0.4655
Epoch: 156, Loss: 0.4650
Epoch: 161, Loss: 0.4652
Epoch: 166, Loss: 0.4647
Epoch: 171, Loss: 0.4646
Epoch: 176, Loss: 0.4647
Epoch: 181, Loss: 0.4647
Epoch: 186, Loss: 0.4647
Epoch: 191, Loss: 0.4646
Epoch: 196, Loss: 0.4647
Epoch: 201, Loss: 0.4648
Epoch: 206, Loss: 0.4650
Epoch: 211, Loss: 0.4647
Epoch: 216, Loss: 0.4646
Epoch: 221, Loss: 0.4649
Epoch: 226, Loss: 0.4652
Epoch: 231, Loss: 0.4645
Epoch: 236, Loss: 0.4655
Epoch: 241, Loss: 0.4646
Epoch: 246, Loss: 0.4651
Epoch: 251, Loss: 0.4647
Epoch: 256, Loss: 0.4661
Epoch: 261, Loss: 0.4649
Epoch: 266, Loss: 0.4647
Epoch: 271, Loss: 0.4655
Epoch: 276, Loss: 0.4650
Epoch: 281, Loss: 0.4645
Epoch: 286, Loss: 0.4646
Epoch: 291, Loss: 0.4646
Epoch: 296, Loss: 0.4646
Epoch: 301, Loss: 0.4646
Epoch: 306, Loss: 0.4646
Epoch: 311, Loss: 0.4644
Epoch: 316, Loss: 0.4653
Epoch: 321, Loss: 0.4644
Epoch: 326, Loss: 0.4652
Epoch: 331, Loss: 0.4645
Epoch: 336, Loss: 0.4646
Epoch: 341, Loss: 0.4647
Epoch: 346, Loss: 0.4644
Epoch: 351, Loss: 0.4652
Epoch: 356, Loss: 0.4644
Epoch: 361, Loss: 0.4659
Epoch: 366, Loss: 0.4651
Epoch: 371, Loss: 0.4644
Epoch: 376, Loss: 0.4651
Epoch: 381, Loss: 0.4652
Epoch: 386, Loss: 0.4647
Epoch: 391, Loss: 0.4643
Epoch: 396, Loss: 0.4647
Epoch: 401, Loss: 0.4644
Epoch: 406, Loss: 0.4645
Epoch: 411, Loss: 0.4645
Epoch: 416, Loss: 0.4644
Epoch: 421, Loss: 0.4643
Epoch: 426, Loss: 0.4663
Epoch: 431, Loss: 0.4659
Epoch: 436, Loss: 0.4649
Epoch: 441, Loss: 0.4647
Epoch: 446, Loss: 0.4653
Epoch: 451, Loss: 0.4656
Epoch: 456, Loss: 0.4650
Epoch: 461, Loss: 0.4648
Epoch: 466, Loss: 0.4643
Epoch: 471, Loss: 0.4644
Epoch: 476, Loss: 0.4643
Epoch: 481, Loss: 0.4643
Epoch: 486, Loss: 0.4642
Epoch: 491, Loss: 0.4644
Epoch: 496, Loss: 0.4646
Epoch: 501, Loss: 0.4643
Epoch: 506, Loss: 0.4646
Epoch: 511, Loss: 0.4645
Epoch: 516, Loss: 0.4641
Epoch: 521, Loss: 0.4641
Epoch: 526, Loss: 0.4644
Epoch: 531, Loss: 0.4654
Epoch: 536, Loss: 0.4647
Epoch: 541, Loss: 0.4644
Epoch: 546, Loss: 0.4652
Epoch: 551, Loss: 0.4646
Epoch: 556, Loss: 0.4640
Epoch: 561, Loss: 0.4645
Epoch: 566, Loss: 0.4644
Epoch: 571, Loss: 0.4640
Epoch: 576, Loss: 0.4642
Epoch: 581, Loss: 0.4640
Epoch: 586, Loss: 0.4640
Epoch: 591, Loss: 0.4645
Epoch: 596, Loss: 0.4641
Epoch: 601, Loss: 0.4640
Epoch: 606, Loss: 0.4654
Epoch: 611, Loss: 0.4642
Epoch: 616, Loss: 0.4645
Epoch: 621, Loss: 0.4650
Epoch: 626, Loss: 0.4641
Epoch: 631, Loss: 0.4639
Epoch: 636, Loss: 0.4641
Epoch: 641, Loss: 0.4640
Epoch: 646, Loss: 0.4639
Epoch: 651, Loss: 0.4642
Epoch: 656, Loss: 0.4639
Epoch: 661, Loss: 0.4638
Epoch: 666, Loss: 0.4639
Epoch: 671, Loss: 0.4638
Epoch: 676, Loss: 0.4638
Epoch: 681, Loss: 0.4640
Epoch: 686, Loss: 0.4651
Epoch: 691, Loss: 0.4641
Epoch: 696, Loss: 0.4646
Epoch: 701, Loss: 0.4639
Epoch: 706, Loss: 0.4649
Epoch: 711, Loss: 0.4641
Epoch: 716, Loss: 0.4638
Epoch: 721, Loss: 0.4640
Epoch: 726, Loss: 0.4637
Epoch: 731, Loss: 0.4637
Epoch: 736, Loss: 0.4637
Epoch: 741, Loss: 0.4637
Epoch: 746, Loss: 0.4645
Epoch: 751, Loss: 0.4641
Epoch: 756, Loss: 0.4650
Epoch: 761, Loss: 0.4638
Epoch: 766, Loss: 0.4650
Epoch: 771, Loss: 0.4647
Epoch: 776, Loss: 0.4639
Epoch: 781, Loss: 0.4637
Epoch: 786, Loss: 0.4638
Epoch: 791, Loss: 0.4640
Epoch: 796, Loss: 0.4646
Epoch: 801, Loss: 0.4637
Epoch: 806, Loss: 0.4661
Epoch: 811, Loss: 0.4641
Epoch: 816, Loss: 0.4638
Epoch: 821, Loss: 0.4641
Epoch: 826, Loss: 0.4638
Epoch: 831, Loss: 0.4641
Epoch: 836, Loss: 0.4636
Epoch: 841, Loss: 0.4642
Epoch: 846, Loss: 0.4634
Epoch: 851, Loss: 0.4650
Epoch: 856, Loss: 0.4636
Epoch: 861, Loss: 0.4641
Epoch: 866, Loss: 0.4647
Epoch: 871, Loss: 0.4636
Epoch: 876, Loss: 0.4636
Epoch: 881, Loss: 0.4640
Epoch: 886, Loss: 0.4634
Epoch: 891, Loss: 0.4635
Epoch: 896, Loss: 0.4639
Epoch: 901, Loss: 0.4634
Epoch: 906, Loss: 0.4641
Epoch: 911, Loss: 0.4634
Epoch: 916, Loss: 0.4649
Epoch: 921, Loss: 0.4634
Epoch: 926, Loss: 0.4637
Epoch: 931, Loss: 0.4633
Epoch: 936, Loss: 0.4637
Epoch: 941, Loss: 0.4634
Epoch: 946, Loss: 0.4648
Epoch: 951, Loss: 0.4638
Epoch: 956, Loss: 0.4633
Epoch: 961, Loss: 0.4645
Epoch: 966, Loss: 0.4634
Epoch: 971, Loss: 0.4637
Epoch: 976, Loss: 0.4636
Epoch: 981, Loss: 0.4633
Epoch: 986, Loss: 0.4642
Epoch: 991, Loss: 0.4641
Epoch: 996, Loss: 0.4632
Epoch: 1001, Loss: 0.4635
Elapsed time 0.1117 min
test data and predicted data:

Epoch: 6, Loss: 0.4634
Epoch: 11, Loss: 0.4633
Epoch: 16, Loss: 0.4640
Epoch: 21, Loss: 0.4633
Epoch: 26, Loss: 0.4634
Epoch: 31, Loss: 0.4638
Epoch: 36, Loss: 0.4631
Epoch: 41, Loss: 0.4638
Epoch: 46, Loss: 0.4633
Epoch: 51, Loss: 0.4634
Epoch: 56, Loss: 0.4636
Epoch: 61, Loss: 0.4633
Epoch: 66, Loss: 0.4634
Epoch: 71, Loss: 0.4635
Epoch: 76, Loss: 0.4632
Epoch: 81, Loss: 0.4634
Epoch: 86, Loss: 0.4631
Epoch: 91, Loss: 0.4638
Epoch: 96, Loss: 0.4631
Epoch: 101, Loss: 0.4636
Epoch: 106, Loss: 0.4632
Epoch: 111, Loss: 0.4635
Epoch: 116, Loss: 0.4630
Epoch: 121, Loss: 0.4635
Epoch: 126, Loss: 0.4631
Epoch: 131, Loss: 0.4632
Epoch: 136, Loss: 0.4631
Epoch: 141, Loss: 0.4632
Epoch: 146, Loss: 0.4631
Epoch: 151, Loss: 0.4641
Epoch: 156, Loss: 0.4630
Epoch: 161, Loss: 0.4636
Epoch: 166, Loss: 0.4634
Epoch: 171, Loss: 0.4632
Epoch: 176, Loss: 0.4644
Epoch: 181, Loss: 0.4653
Epoch: 186, Loss: 0.4642
Epoch: 191, Loss: 0.4635
Epoch: 196, Loss: 0.4633
Epoch: 201, Loss: 0.4631
Epoch: 206, Loss: 0.4630
Epoch: 211, Loss: 0.4632
Epoch: 216, Loss: 0.4631
Epoch: 221, Loss: 0.4632
Epoch: 226, Loss: 0.4632
Epoch: 231, Loss: 0.4633
Epoch: 236, Loss: 0.4630
Epoch: 241, Loss: 0.4629
Epoch: 246, Loss: 0.4629
Epoch: 251, Loss: 0.4629
Epoch: 256, Loss: 0.4631
Epoch: 261, Loss: 0.4630
Epoch: 266, Loss: 0.4629
Epoch: 271, Loss: 0.4631
Epoch: 276, Loss: 0.4629
Epoch: 281, Loss: 0.4631
Epoch: 286, Loss: 0.4629
Epoch: 291, Loss: 0.4630
Epoch: 296, Loss: 0.4635
Epoch: 301, Loss: 0.4632
Epoch: 306, Loss: 0.4631
Epoch: 311, Loss: 0.4635
Epoch: 316, Loss: 0.4629
Epoch: 321, Loss: 0.4637
Epoch: 326, Loss: 0.4635
Epoch: 331, Loss: 0.4628
Epoch: 336, Loss: 0.4629
Epoch: 341, Loss: 0.4634
Epoch: 346, Loss: 0.4628
Epoch: 351, Loss: 0.4630
Epoch: 356, Loss: 0.4629
Epoch: 361, Loss: 0.4632
Epoch: 366, Loss: 0.4631
Epoch: 371, Loss: 0.4627
Epoch: 376, Loss: 0.4630
Epoch: 381, Loss: 0.4628
Epoch: 386, Loss: 0.4630
Epoch: 391, Loss: 0.4630
Epoch: 396, Loss: 0.4631
Epoch: 401, Loss: 0.4629
Epoch: 406, Loss: 0.4628
Epoch: 411, Loss: 0.4628
Epoch: 416, Loss: 0.4628
Epoch: 421, Loss: 0.4628
Epoch: 426, Loss: 0.4628
Epoch: 431, Loss: 0.4626
Epoch: 436, Loss: 0.4638
Epoch: 441, Loss: 0.4627
Epoch: 446, Loss: 0.4638
Epoch: 451, Loss: 0.4627
Epoch: 456, Loss: 0.4634
Epoch: 461, Loss: 0.4628
Epoch: 466, Loss: 0.4628
Epoch: 471, Loss: 0.4631
Epoch: 476, Loss: 0.4627
Epoch: 481, Loss: 0.4632
Epoch: 486, Loss: 0.4627
Epoch: 491, Loss: 0.4630
Epoch: 496, Loss: 0.4627
Epoch: 501, Loss: 0.4628
Epoch: 506, Loss: 0.4629
Epoch: 511, Loss: 0.4630
Epoch: 516, Loss: 0.4629
Epoch: 521, Loss: 0.4630
Epoch: 526, Loss: 0.4626
Epoch: 531, Loss: 0.4632
Epoch: 536, Loss: 0.4626
Epoch: 541, Loss: 0.4633
Epoch: 546, Loss: 0.4635
Epoch: 551, Loss: 0.4633
Epoch: 556, Loss: 0.4634
Epoch: 561, Loss: 0.4633
Epoch: 566, Loss: 0.4633
Epoch: 571, Loss: 0.4639
Epoch: 576, Loss: 0.4655
Epoch: 581, Loss: 0.4663
Epoch: 586, Loss: 0.4659
Epoch: 591, Loss: 0.4648
Epoch: 596, Loss: 0.4633
Epoch: 601, Loss: 0.4632
Epoch: 606, Loss: 0.4635
Epoch: 611, Loss: 0.4634
Epoch: 616, Loss: 0.4631
Epoch: 621, Loss: 0.4628
Epoch: 626, Loss: 0.4628
Epoch: 631, Loss: 0.4628
Epoch: 636, Loss: 0.4628
Epoch: 641, Loss: 0.4627
Epoch: 646, Loss: 0.4627
Epoch: 651, Loss: 0.4628
Epoch: 656, Loss: 0.4627
Epoch: 661, Loss: 0.4628
Epoch: 666, Loss: 0.4628
Epoch: 671, Loss: 0.4626
Epoch: 676, Loss: 0.4626
Epoch: 681, Loss: 0.4627
Epoch: 686, Loss: 0.4634
Epoch: 691, Loss: 0.4626
Epoch: 696, Loss: 0.4634
Epoch: 701, Loss: 0.4627
Epoch: 706, Loss: 0.4631
Epoch: 711, Loss: 0.4631
Epoch: 716, Loss: 0.4626
Epoch: 721, Loss: 0.4626
Epoch: 726, Loss: 0.4630
Epoch: 731, Loss: 0.4625
Epoch: 736, Loss: 0.4625
Epoch: 741, Loss: 0.4625
Epoch: 746, Loss: 0.4625
Epoch: 751, Loss: 0.4637
Epoch: 756, Loss: 0.4625
Epoch: 761, Loss: 0.4634
Epoch: 766, Loss: 0.4633
Epoch: 771, Loss: 0.4625
Epoch: 776, Loss: 0.4632
Epoch: 781, Loss: 0.4629
Epoch: 786, Loss: 0.4624
Epoch: 791, Loss: 0.4628
Epoch: 796, Loss: 0.4624
Epoch: 801, Loss: 0.4628
Epoch: 806, Loss: 0.4624
Epoch: 811, Loss: 0.4630
Epoch: 816, Loss: 0.4624
Epoch: 821, Loss: 0.4630
Epoch: 826, Loss: 0.4624
Epoch: 831, Loss: 0.4629
Epoch: 836, Loss: 0.4624
Epoch: 841, Loss: 0.4624
Epoch: 846, Loss: 0.4624
Epoch: 851, Loss: 0.4623
Epoch: 856, Loss: 0.4625
Epoch: 861, Loss: 0.4627
Epoch: 866, Loss: 0.4629
Epoch: 871, Loss: 0.4624
Epoch: 876, Loss: 0.4628
Epoch: 881, Loss: 0.4625
Epoch: 886, Loss: 0.4631
Epoch: 891, Loss: 0.4623
Epoch: 896, Loss: 0.4632
Epoch: 901, Loss: 0.4623
Epoch: 906, Loss: 0.4635
Epoch: 911, Loss: 0.4629
Epoch: 916, Loss: 0.4624
Epoch: 921, Loss: 0.4630
Epoch: 926, Loss: 0.4623
Epoch: 931, Loss: 0.4628
Epoch: 936, Loss: 0.4623
Epoch: 941, Loss: 0.4627
Epoch: 946, Loss: 0.4627
Epoch: 951, Loss: 0.4623
Epoch: 956, Loss: 0.4632
Epoch: 961, Loss: 0.4624
Epoch: 966, Loss: 0.4623
Epoch: 971, Loss: 0.4623
Epoch: 976, Loss: 0.4623
Epoch: 981, Loss: 0.4622
Epoch: 986, Loss: 0.4625
Epoch: 991, Loss: 0.4627
Epoch: 996, Loss: 0.4623
Epoch: 1001, Loss: 0.4623
Elapsed time 0.1129 min
test data and predicted data:

avg Test Accuracy: 0.8311  avg Test AUC: 0.8816  avg Test PRE: 0.8252
