====================================================================================================
data: HeteroData(
  drug={
    node_id=[6823],
    x=[6823, 12],
  },
  protein={
    node_id=[4650],
    x=[4650, 20],
  },
  (drug, interaction, protein)={ edge_index=[2, 23705] },
  (protein, rev_interaction, drug)={ edge_index=[2, 23705] }
)
====================================================================================================
****************************************************************************************************
train data: HeteroData(
  drug={
    node_id=[6823],
    x=[6823, 12],
  },
  protein={
    node_id=[4650],
    x=[4650, 20],
  },
  (drug, interaction, protein)={
    edge_index=[2, 13276],
    edge_label=[9954],
    edge_label_index=[2, 9954],
  },
  (protein, rev_interaction, drug)={ edge_index=[2, 13276] }
)
****************************************************************************************************
val data: HeteroData(
  drug={
    node_id=[6823],
    x=[6823, 12],
  },
  protein={
    node_id=[4650],
    x=[4650, 20],
  },
  (drug, interaction, protein)={
    edge_index=[2, 16594],
    edge_label=[7110],
    edge_label_index=[2, 7110],
  },
  (protein, rev_interaction, drug)={ edge_index=[2, 16594] }
)
****************************************************************************************************
test data: HeteroData(
  drug={
    node_id=[6823],
    x=[6823, 12],
  },
  protein={
    node_id=[4650],
    x=[4650, 20],
  },
  (drug, interaction, protein)={
    edge_index=[2, 18964],
    edge_label=[14223],
    edge_label_index=[2, 14223],
  },
  (protein, rev_interaction, drug)={ edge_index=[2, 18964] }
)
****************************************************************************************************
edge_x: torch.Size([9954, 32])
labels: torch.Size([9954])
edge_x: torch.Size([7110, 32])
labels: torch.Size([7110])
edge_x: torch.Size([14223, 32])
labels: torch.Size([14223])
model: HGT(
  (lin_dict): ModuleDict(
    (drug): Linear(-1, 64, bias=True)
    (protein): Linear(-1, 64, bias=True)
  )
  (convs): ModuleList(
    (0-1): 2 x HGTConv(-1, 64, heads=2)
  )
  (lin): Linear(128, 1, bias=True)
)
Epoch: 6, Loss: 0.7488
Epoch: 11, Loss: 0.6356
Epoch: 16, Loss: 0.6477
Epoch: 21, Loss: 0.6451
Epoch: 26, Loss: 0.6326
Epoch: 31, Loss: 0.6286
Epoch: 36, Loss: 0.6312
Epoch: 41, Loss: 0.6295
Epoch: 46, Loss: 0.6284
Epoch: 51, Loss: 0.6285
Epoch: 56, Loss: 0.6273
Epoch: 61, Loss: 0.6253
Epoch: 66, Loss: 0.6154
Epoch: 71, Loss: 0.5485
Epoch: 76, Loss: 0.5681
Epoch: 81, Loss: 0.6202
Epoch: 86, Loss: 0.5323
Epoch: 91, Loss: 0.5347
Epoch: 96, Loss: 0.5276
Epoch: 101, Loss: 0.5240
Elapsed time 0.0792 min
test data and predicted data:

Epoch: 6, Loss: 0.5157
Epoch: 11, Loss: 0.5063
Epoch: 16, Loss: 0.4961
Epoch: 21, Loss: 0.4988
Epoch: 26, Loss: 0.4938
Epoch: 31, Loss: 0.4948
Epoch: 36, Loss: 0.4939
Epoch: 41, Loss: 0.4934
Epoch: 46, Loss: 0.4932
Epoch: 51, Loss: 0.4931
Epoch: 56, Loss: 0.4929
Epoch: 61, Loss: 0.4928
Epoch: 66, Loss: 0.4927
Epoch: 71, Loss: 0.4926
Epoch: 76, Loss: 0.4925
Epoch: 81, Loss: 0.4924
Epoch: 86, Loss: 0.4923
Epoch: 91, Loss: 0.4923
Epoch: 96, Loss: 0.4922
Epoch: 101, Loss: 0.4921
Elapsed time 0.0778 min
test data and predicted data:

Epoch: 6, Loss: 0.4920
Epoch: 11, Loss: 0.4919
Epoch: 16, Loss: 0.4918
Epoch: 21, Loss: 0.4917
Epoch: 26, Loss: 0.4916
Epoch: 31, Loss: 0.4915
Epoch: 36, Loss: 0.4914
Epoch: 41, Loss: 0.4913
Epoch: 46, Loss: 0.4912
Epoch: 51, Loss: 0.4911
Epoch: 56, Loss: 0.4910
Epoch: 61, Loss: 0.4909
Epoch: 66, Loss: 0.4908
Epoch: 71, Loss: 0.4906
Epoch: 76, Loss: 0.4905
Epoch: 81, Loss: 0.4904
Epoch: 86, Loss: 0.4903
Epoch: 91, Loss: 0.4901
Epoch: 96, Loss: 0.4900
Epoch: 101, Loss: 0.4898
Elapsed time 0.0766 min
test data and predicted data:

Epoch: 6, Loss: 0.4896
Epoch: 11, Loss: 0.4894
Epoch: 16, Loss: 0.4893
Epoch: 21, Loss: 0.4891
Epoch: 26, Loss: 0.4889
Epoch: 31, Loss: 0.4887
Epoch: 36, Loss: 0.4885
Epoch: 41, Loss: 0.4884
Epoch: 46, Loss: 0.4882
Epoch: 51, Loss: 0.4880
Epoch: 56, Loss: 0.4879
Epoch: 61, Loss: 0.4877
Epoch: 66, Loss: 0.4876
Epoch: 71, Loss: 0.4874
Epoch: 76, Loss: 0.4873
Epoch: 81, Loss: 0.4871
Epoch: 86, Loss: 0.4870
Epoch: 91, Loss: 0.4869
Epoch: 96, Loss: 0.4867
Epoch: 101, Loss: 0.4866
Elapsed time 0.0768 min
test data and predicted data:

Epoch: 6, Loss: 0.4865
Epoch: 11, Loss: 0.4863
Epoch: 16, Loss: 0.4862
Epoch: 21, Loss: 0.4861
Epoch: 26, Loss: 0.4859
Epoch: 31, Loss: 0.4859
Epoch: 36, Loss: 0.4858
Epoch: 41, Loss: 0.4857
Epoch: 46, Loss: 0.4856
Epoch: 51, Loss: 0.4855
Epoch: 56, Loss: 0.4855
Epoch: 61, Loss: 0.4854
Epoch: 66, Loss: 0.4853
Epoch: 71, Loss: 0.4853
Epoch: 76, Loss: 0.4852
Epoch: 81, Loss: 0.4854
Epoch: 86, Loss: 0.4863
Epoch: 91, Loss: 0.4857
Epoch: 96, Loss: 0.4853
Epoch: 101, Loss: 0.4850
Elapsed time 0.0767 min
test data and predicted data:

Epoch: 6, Loss: 0.4849
Epoch: 11, Loss: 0.4848
Epoch: 16, Loss: 0.4847
Epoch: 21, Loss: 0.4847
Epoch: 26, Loss: 0.4846
Epoch: 31, Loss: 0.4846
Epoch: 36, Loss: 0.4845
Epoch: 41, Loss: 0.4844
Epoch: 46, Loss: 0.4844
Epoch: 51, Loss: 0.4843
Epoch: 56, Loss: 0.4843
Epoch: 61, Loss: 0.4860
Epoch: 66, Loss: 0.4849
Epoch: 71, Loss: 0.4850
Epoch: 76, Loss: 0.4842
Epoch: 81, Loss: 0.4844
Epoch: 86, Loss: 0.4843
Epoch: 91, Loss: 0.4840
Epoch: 96, Loss: 0.4839
Epoch: 101, Loss: 0.4839
Elapsed time 0.0780 min
test data and predicted data:

Epoch: 6, Loss: 0.4839
Epoch: 11, Loss: 0.4838
Epoch: 16, Loss: 0.4837
Epoch: 21, Loss: 0.4837
Epoch: 26, Loss: 0.4836
Epoch: 31, Loss: 0.4836
Epoch: 36, Loss: 0.4835
Epoch: 41, Loss: 0.4835
Epoch: 46, Loss: 0.4834
Epoch: 51, Loss: 0.4834
Epoch: 56, Loss: 0.4833
Epoch: 61, Loss: 0.4833
Epoch: 66, Loss: 0.4833
Epoch: 71, Loss: 0.4832
Epoch: 76, Loss: 0.4832
Epoch: 81, Loss: 0.4831
Epoch: 86, Loss: 0.4831
Epoch: 91, Loss: 0.4830
Epoch: 96, Loss: 0.4830
Epoch: 101, Loss: 0.4829
Elapsed time 0.0766 min
test data and predicted data:

Epoch: 6, Loss: 0.4829
Epoch: 11, Loss: 0.4828
Epoch: 16, Loss: 0.4828
Epoch: 21, Loss: 0.4827
Epoch: 26, Loss: 0.4827
Epoch: 31, Loss: 0.4827
Epoch: 36, Loss: 0.4826
Epoch: 41, Loss: 0.4834
Epoch: 46, Loss: 0.4947
Epoch: 51, Loss: 0.4839
Epoch: 56, Loss: 0.4835
Epoch: 61, Loss: 0.4837
Epoch: 66, Loss: 0.4833
Epoch: 71, Loss: 0.4828
Epoch: 76, Loss: 0.4824
Epoch: 81, Loss: 0.4822
Epoch: 86, Loss: 0.4820
Epoch: 91, Loss: 0.4818
Epoch: 96, Loss: 0.4817
Epoch: 101, Loss: 0.4816
Elapsed time 0.0780 min
test data and predicted data:

Epoch: 6, Loss: 0.4814
Epoch: 11, Loss: 0.4813
Epoch: 16, Loss: 0.4812
Epoch: 21, Loss: 0.4811
Epoch: 26, Loss: 0.4810
Epoch: 31, Loss: 0.4809
Epoch: 36, Loss: 0.4807
Epoch: 41, Loss: 0.4806
Epoch: 46, Loss: 0.4805
Epoch: 51, Loss: 0.4804
Epoch: 56, Loss: 0.4802
Epoch: 61, Loss: 0.4801
Epoch: 66, Loss: 0.4800
Epoch: 71, Loss: 0.4799
Epoch: 76, Loss: 0.4798
Epoch: 81, Loss: 0.4797
Epoch: 86, Loss: 0.4796
Epoch: 91, Loss: 0.4794
Epoch: 96, Loss: 0.4793
Epoch: 101, Loss: 0.4793
Elapsed time 0.0764 min
test data and predicted data:

Epoch: 6, Loss: 0.4792
Epoch: 11, Loss: 0.4792
Epoch: 16, Loss: 0.4791
Epoch: 21, Loss: 0.4790
Epoch: 26, Loss: 0.4790
Epoch: 31, Loss: 0.4789
Epoch: 36, Loss: 0.4789
Epoch: 41, Loss: 0.4788
Epoch: 46, Loss: 0.4788
Epoch: 51, Loss: 0.4787
Epoch: 56, Loss: 0.4787
Epoch: 61, Loss: 0.4786
Epoch: 66, Loss: 0.4786
Epoch: 71, Loss: 0.4785
Epoch: 76, Loss: 0.4785
Epoch: 81, Loss: 0.4784
Epoch: 86, Loss: 0.4784
Epoch: 91, Loss: 0.4783
Epoch: 96, Loss: 0.4783
Epoch: 101, Loss: 0.4782
Elapsed time 0.0767 min
test data and predicted data:

avg Test Accuracy: 0.8441  avg Test AUC: 0.8970  avg Test PRE: 0.8404
