====================================================================================================
data: HeteroData(
  drug={
    node_id=[6823],
    x=[6823, 12],
  },
  protein={
    node_id=[4650],
    x=[4650, 20],
  },
  (drug, interaction, protein)={ edge_index=[2, 23705] },
  (protein, rev_interaction, drug)={ edge_index=[2, 23705] }
)
====================================================================================================
****************************************************************************************************
train data: HeteroData(
  drug={
    node_id=[6823],
    x=[6823, 12],
  },
  protein={
    node_id=[4650],
    x=[4650, 20],
  },
  (drug, interaction, protein)={
    edge_index=[2, 13276],
    edge_label=[19908],
    edge_label_index=[2, 19908],
  },
  (protein, rev_interaction, drug)={ edge_index=[2, 13276] }
)
****************************************************************************************************
val data: HeteroData(
  drug={
    node_id=[6823],
    x=[6823, 12],
  },
  protein={
    node_id=[4650],
    x=[4650, 20],
  },
  (drug, interaction, protein)={
    edge_index=[2, 16594],
    edge_label=[14220],
    edge_label_index=[2, 14220],
  },
  (protein, rev_interaction, drug)={ edge_index=[2, 16594] }
)
****************************************************************************************************
test data: HeteroData(
  drug={
    node_id=[6823],
    x=[6823, 12],
  },
  protein={
    node_id=[4650],
    x=[4650, 20],
  },
  (drug, interaction, protein)={
    edge_index=[2, 18964],
    edge_label=[28446],
    edge_label_index=[2, 28446],
  },
  (protein, rev_interaction, drug)={ edge_index=[2, 18964] }
)
****************************************************************************************************
edge_x: torch.Size([19908, 32])
labels: torch.Size([19908])
edge_x: torch.Size([14220, 32])
labels: torch.Size([14220])
edge_x: torch.Size([28446, 32])
labels: torch.Size([28446])
model: HGT(
  (lin_dict): ModuleDict(
    (drug): Linear(-1, 64, bias=True)
    (protein): Linear(-1, 64, bias=True)
  )
  (convs): ModuleList(
    (0-1): 2 x HGTConv(-1, 64, heads=2)
  )
  (lin): Linear(128, 1, bias=True)
)
Epoch: 6, Loss: 0.5938
Epoch: 11, Loss: 0.4547
Epoch: 16, Loss: 0.4517
Epoch: 21, Loss: 0.4457
Epoch: 26, Loss: 0.4484
Epoch: 31, Loss: 0.4497
Epoch: 36, Loss: 0.4497
Epoch: 41, Loss: 0.4487
Epoch: 46, Loss: 0.4458
Epoch: 51, Loss: 0.4464
Epoch: 56, Loss: 0.4454
Epoch: 61, Loss: 0.4426
Epoch: 66, Loss: 0.4309
Epoch: 71, Loss: 0.6205
Epoch: 76, Loss: 0.4900
Epoch: 81, Loss: 0.4443
Epoch: 86, Loss: 0.4099
Epoch: 91, Loss: 0.3875
Epoch: 96, Loss: 0.4006
Epoch: 101, Loss: 0.3887
Epoch: 106, Loss: 0.3821
Epoch: 111, Loss: 0.3784
Epoch: 116, Loss: 0.3754
Epoch: 121, Loss: 0.3733
Epoch: 126, Loss: 0.3718
Epoch: 131, Loss: 0.3706
Epoch: 136, Loss: 0.3694
Epoch: 141, Loss: 0.3758
Epoch: 146, Loss: 0.3804
Epoch: 151, Loss: 0.3751
Epoch: 156, Loss: 0.3737
Epoch: 161, Loss: 0.3726
Epoch: 166, Loss: 0.3713
Epoch: 171, Loss: 0.3696
Epoch: 176, Loss: 0.3679
Epoch: 181, Loss: 0.3681
Epoch: 186, Loss: 0.3683
Epoch: 191, Loss: 0.3641
Epoch: 196, Loss: 0.3702
Epoch: 201, Loss: 0.3694
Epoch: 206, Loss: 0.3967
Epoch: 211, Loss: 0.3949
Epoch: 216, Loss: 0.3697
Epoch: 221, Loss: 0.3719
Epoch: 226, Loss: 0.3639
Epoch: 231, Loss: 0.3752
Epoch: 236, Loss: 0.3982
Epoch: 241, Loss: 0.3757
Epoch: 246, Loss: 0.6584
Epoch: 251, Loss: 0.5991
Epoch: 256, Loss: 0.9710
Epoch: 261, Loss: 0.7511
Epoch: 266, Loss: 0.4976
Epoch: 271, Loss: 0.4461
Epoch: 276, Loss: 0.4316
Epoch: 281, Loss: 0.4248
Epoch: 286, Loss: 0.4058
Epoch: 291, Loss: 0.3844
Epoch: 296, Loss: 0.3758
Epoch: 301, Loss: 0.3783
Epoch: 306, Loss: 0.3746
Epoch: 311, Loss: 0.3737
Epoch: 316, Loss: 0.3738
Epoch: 321, Loss: 0.3728
Epoch: 326, Loss: 0.3726
Epoch: 331, Loss: 0.3724
Epoch: 336, Loss: 0.3720
Epoch: 341, Loss: 0.3719
Epoch: 346, Loss: 0.3718
Epoch: 351, Loss: 0.3716
Epoch: 356, Loss: 0.3715
Epoch: 361, Loss: 0.3714
Epoch: 366, Loss: 0.3713
Epoch: 371, Loss: 0.3712
Epoch: 376, Loss: 0.3711
Epoch: 381, Loss: 0.3711
Epoch: 386, Loss: 0.3710
Epoch: 391, Loss: 0.3709
Epoch: 396, Loss: 0.3708
Epoch: 401, Loss: 0.3707
Epoch: 406, Loss: 0.3706
Epoch: 411, Loss: 0.3706
Epoch: 416, Loss: 0.3705
Epoch: 421, Loss: 0.3704
Epoch: 426, Loss: 0.3703
Epoch: 431, Loss: 0.3703
Epoch: 436, Loss: 0.3702
Epoch: 441, Loss: 0.3701
Epoch: 446, Loss: 0.3701
Epoch: 451, Loss: 0.3700
Epoch: 456, Loss: 0.3699
Epoch: 461, Loss: 0.3699
Epoch: 466, Loss: 0.3698
Epoch: 471, Loss: 0.3697
Epoch: 476, Loss: 0.3697
Epoch: 481, Loss: 0.3696
Epoch: 486, Loss: 0.3696
Epoch: 491, Loss: 0.3695
Epoch: 496, Loss: 0.3695
Epoch: 501, Loss: 0.3694
Epoch: 506, Loss: 0.3694
Epoch: 511, Loss: 0.3693
Epoch: 516, Loss: 0.3693
Epoch: 521, Loss: 0.3692
Epoch: 526, Loss: 0.3692
Epoch: 531, Loss: 0.3691
Epoch: 536, Loss: 0.3691
Epoch: 541, Loss: 0.3691
Epoch: 546, Loss: 0.3690
Epoch: 551, Loss: 0.3690
Epoch: 556, Loss: 0.3690
Epoch: 561, Loss: 0.3689
Epoch: 566, Loss: 0.3689
Epoch: 571, Loss: 0.3688
Epoch: 576, Loss: 0.3688
Epoch: 581, Loss: 0.3688
Epoch: 586, Loss: 0.3687
Epoch: 591, Loss: 0.3687
Epoch: 596, Loss: 0.3687
Epoch: 601, Loss: 0.3686
Epoch: 606, Loss: 0.3686
Epoch: 611, Loss: 0.3686
Epoch: 616, Loss: 0.3685
Epoch: 621, Loss: 0.3685
Epoch: 626, Loss: 0.3685
Epoch: 631, Loss: 0.3684
Epoch: 636, Loss: 0.3684
Epoch: 641, Loss: 0.3684
Epoch: 646, Loss: 0.3683
Epoch: 651, Loss: 0.3683
Epoch: 656, Loss: 0.3683
Epoch: 661, Loss: 0.3683
Epoch: 666, Loss: 0.3682
Epoch: 671, Loss: 0.3682
Epoch: 676, Loss: 0.3681
Epoch: 681, Loss: 0.3681
Epoch: 686, Loss: 0.3681
Epoch: 691, Loss: 0.3680
Epoch: 696, Loss: 0.3680
Epoch: 701, Loss: 0.3680
Epoch: 706, Loss: 0.3679
Epoch: 711, Loss: 0.3679
Epoch: 716, Loss: 0.3679
Epoch: 721, Loss: 0.3679
Epoch: 726, Loss: 0.3678
Epoch: 731, Loss: 0.3678
Epoch: 736, Loss: 0.3678
Epoch: 741, Loss: 0.3677
Epoch: 746, Loss: 0.3677
Epoch: 751, Loss: 0.3677
Epoch: 756, Loss: 0.3676
Epoch: 761, Loss: 0.3676
Epoch: 766, Loss: 0.3676
Epoch: 771, Loss: 0.3675
Epoch: 776, Loss: 0.3691
Epoch: 781, Loss: 0.3686
Epoch: 786, Loss: 0.3675
Epoch: 791, Loss: 0.3683
Epoch: 796, Loss: 0.3681
Epoch: 801, Loss: 0.3674
Epoch: 806, Loss: 0.3676
Epoch: 811, Loss: 0.3675
Epoch: 816, Loss: 0.3672
Epoch: 821, Loss: 0.3672
Epoch: 826, Loss: 0.3672
Epoch: 831, Loss: 0.3671
Epoch: 836, Loss: 0.3671
Epoch: 841, Loss: 0.3670
Epoch: 846, Loss: 0.3670
Epoch: 851, Loss: 0.3669
Epoch: 856, Loss: 0.3669
Epoch: 861, Loss: 0.3669
Epoch: 866, Loss: 0.3668
Epoch: 871, Loss: 0.3668
Epoch: 876, Loss: 0.3667
Epoch: 881, Loss: 0.3667
Epoch: 886, Loss: 0.3667
Epoch: 891, Loss: 0.3666
Epoch: 896, Loss: 0.3666
Epoch: 901, Loss: 0.3666
Epoch: 906, Loss: 0.3665
Epoch: 911, Loss: 0.3665
Epoch: 916, Loss: 0.3665
Epoch: 921, Loss: 0.3665
Epoch: 926, Loss: 0.3683
Epoch: 931, Loss: 0.3697
Epoch: 936, Loss: 0.3678
Epoch: 941, Loss: 0.3668
Epoch: 946, Loss: 0.3663
Epoch: 951, Loss: 0.3666
Epoch: 956, Loss: 0.3666
Epoch: 961, Loss: 0.3664
Epoch: 966, Loss: 0.3663
Epoch: 971, Loss: 0.3662
Epoch: 976, Loss: 0.3661
Epoch: 981, Loss: 0.3661
Epoch: 986, Loss: 0.3660
Epoch: 991, Loss: 0.3660
Epoch: 996, Loss: 0.3660
Epoch: 1001, Loss: 0.3659
Elapsed time 0.2047 min
test data and predicted data:

Epoch: 6, Loss: 0.3659
Epoch: 11, Loss: 0.3659
Epoch: 16, Loss: 0.3658
Epoch: 21, Loss: 0.3658
Epoch: 26, Loss: 0.3658
Epoch: 31, Loss: 0.3657
Epoch: 36, Loss: 0.3657
Epoch: 41, Loss: 0.3657
Epoch: 46, Loss: 0.3657
Epoch: 51, Loss: 0.3656
Epoch: 56, Loss: 0.3658
Epoch: 61, Loss: 0.3727
Epoch: 66, Loss: 0.3659
Epoch: 71, Loss: 0.3657
Epoch: 76, Loss: 0.3658
Epoch: 81, Loss: 0.3660
Epoch: 86, Loss: 0.3660
Epoch: 91, Loss: 0.3658
Epoch: 96, Loss: 0.3656
Epoch: 101, Loss: 0.3654
Epoch: 106, Loss: 0.3653
Epoch: 111, Loss: 0.3652
Epoch: 116, Loss: 0.3651
Epoch: 121, Loss: 0.3651
Epoch: 126, Loss: 0.3650
Epoch: 131, Loss: 0.3650
Epoch: 136, Loss: 0.3649
Epoch: 141, Loss: 0.3649
Epoch: 146, Loss: 0.3649
Epoch: 151, Loss: 0.3648
Epoch: 156, Loss: 0.3648
Epoch: 161, Loss: 0.3647
Epoch: 166, Loss: 0.3651
Epoch: 171, Loss: 0.3741
Epoch: 176, Loss: 0.3654
Epoch: 181, Loss: 0.3651
Epoch: 186, Loss: 0.3651
Epoch: 191, Loss: 0.3651
Epoch: 196, Loss: 0.3651
Epoch: 201, Loss: 0.3649
Epoch: 206, Loss: 0.3647
Epoch: 211, Loss: 0.3646
Epoch: 216, Loss: 0.3645
Epoch: 221, Loss: 0.3644
Epoch: 226, Loss: 0.3644
Epoch: 231, Loss: 0.3644
Epoch: 236, Loss: 0.3643
Epoch: 241, Loss: 0.3643
Epoch: 246, Loss: 0.3643
Epoch: 251, Loss: 0.3643
Epoch: 256, Loss: 0.3642
Epoch: 261, Loss: 0.3642
Epoch: 266, Loss: 0.3642
Epoch: 271, Loss: 0.3641
Epoch: 276, Loss: 0.3641
Epoch: 281, Loss: 0.3642
Epoch: 286, Loss: 0.3649
Epoch: 291, Loss: 0.3692
Epoch: 296, Loss: 0.3641
Epoch: 301, Loss: 0.3647
Epoch: 306, Loss: 0.3650
Epoch: 311, Loss: 0.3646
Epoch: 316, Loss: 0.3644
Epoch: 321, Loss: 0.3641
Epoch: 326, Loss: 0.3639
Epoch: 331, Loss: 0.3639
Epoch: 336, Loss: 0.3639
Epoch: 341, Loss: 0.3639
Epoch: 346, Loss: 0.3638
Epoch: 351, Loss: 0.3638
Epoch: 356, Loss: 0.3638
Epoch: 361, Loss: 0.3638
Epoch: 366, Loss: 0.3637
Epoch: 371, Loss: 0.3638
Epoch: 376, Loss: 0.3644
Epoch: 381, Loss: 0.3706
Epoch: 386, Loss: 0.3646
Epoch: 391, Loss: 0.3638
Epoch: 396, Loss: 0.3637
Epoch: 401, Loss: 0.3637
Epoch: 406, Loss: 0.3637
Epoch: 411, Loss: 0.3637
Epoch: 416, Loss: 0.3636
Epoch: 421, Loss: 0.3635
Epoch: 426, Loss: 0.3635
Epoch: 431, Loss: 0.3635
Epoch: 436, Loss: 0.3635
Epoch: 441, Loss: 0.3634
Epoch: 446, Loss: 0.3634
Epoch: 451, Loss: 0.3634
Epoch: 456, Loss: 0.3634
Epoch: 461, Loss: 0.3633
Epoch: 466, Loss: 0.3633
Epoch: 471, Loss: 0.3633
Epoch: 476, Loss: 0.3633
Epoch: 481, Loss: 0.3633
Epoch: 486, Loss: 0.3633
Epoch: 491, Loss: 0.3644
Epoch: 496, Loss: 0.3685
Epoch: 501, Loss: 0.3639
Epoch: 506, Loss: 0.3633
Epoch: 511, Loss: 0.3638
Epoch: 516, Loss: 0.3637
Epoch: 521, Loss: 0.3636
Epoch: 526, Loss: 0.3632
Epoch: 531, Loss: 0.3631
Epoch: 536, Loss: 0.3632
Epoch: 541, Loss: 0.3631
Epoch: 546, Loss: 0.3630
Epoch: 551, Loss: 0.3630
Epoch: 556, Loss: 0.3630
Epoch: 561, Loss: 0.3630
Epoch: 566, Loss: 0.3629
Epoch: 571, Loss: 0.3629
Epoch: 576, Loss: 0.3630
Epoch: 581, Loss: 0.3639
Epoch: 586, Loss: 0.3675
Epoch: 591, Loss: 0.3630
Epoch: 596, Loss: 0.3639
Epoch: 601, Loss: 0.3644
Epoch: 606, Loss: 0.3633
Epoch: 611, Loss: 0.3628
Epoch: 616, Loss: 0.3630
Epoch: 621, Loss: 0.3628
Epoch: 626, Loss: 0.3626
Epoch: 631, Loss: 0.3627
Epoch: 636, Loss: 0.3626
Epoch: 641, Loss: 0.3626
Epoch: 646, Loss: 0.3630
Epoch: 651, Loss: 0.3674
Epoch: 656, Loss: 0.3625
Epoch: 661, Loss: 0.3647
Epoch: 666, Loss: 0.3639
Epoch: 671, Loss: 0.3627
Epoch: 676, Loss: 0.3629
Epoch: 681, Loss: 0.3647
Epoch: 686, Loss: 0.3630
Epoch: 691, Loss: 0.3627
Epoch: 696, Loss: 0.3627
Epoch: 701, Loss: 0.3626
Epoch: 706, Loss: 0.3623
Epoch: 711, Loss: 0.3623
Epoch: 716, Loss: 0.3621
Epoch: 721, Loss: 0.3622
Epoch: 726, Loss: 0.3632
Epoch: 731, Loss: 0.3626
Epoch: 736, Loss: 0.3626
Epoch: 741, Loss: 0.3639
Epoch: 746, Loss: 0.3633
Epoch: 751, Loss: 0.3620
Epoch: 756, Loss: 0.3632
Epoch: 761, Loss: 0.3646
Epoch: 766, Loss: 0.3687
Epoch: 771, Loss: 0.3649
Epoch: 776, Loss: 0.3724
Epoch: 781, Loss: 0.3631
Epoch: 786, Loss: 0.3640
Epoch: 791, Loss: 0.3629
Epoch: 796, Loss: 0.3633
Epoch: 801, Loss: 0.3628
Epoch: 806, Loss: 0.3629
Epoch: 811, Loss: 0.3627
Epoch: 816, Loss: 0.3627
Epoch: 821, Loss: 0.3627
Epoch: 826, Loss: 0.3626
Epoch: 831, Loss: 0.3626
Epoch: 836, Loss: 0.3625
Epoch: 841, Loss: 0.3625
Epoch: 846, Loss: 0.3625
Epoch: 851, Loss: 0.3625
Epoch: 856, Loss: 0.3624
Epoch: 861, Loss: 0.3624
Epoch: 866, Loss: 0.3624
Epoch: 871, Loss: 0.3624
Epoch: 876, Loss: 0.3624
Epoch: 881, Loss: 0.3624
Epoch: 886, Loss: 0.3623
Epoch: 891, Loss: 0.3623
Epoch: 896, Loss: 0.3623
Epoch: 901, Loss: 0.3623
Epoch: 906, Loss: 0.3623
Epoch: 911, Loss: 0.3622
Epoch: 916, Loss: 0.3622
Epoch: 921, Loss: 0.3622
Epoch: 926, Loss: 0.3622
Epoch: 931, Loss: 0.3622
Epoch: 936, Loss: 0.3622
Epoch: 941, Loss: 0.3621
Epoch: 946, Loss: 0.3621
Epoch: 951, Loss: 0.3621
Epoch: 956, Loss: 0.3621
Epoch: 961, Loss: 0.3626
Epoch: 966, Loss: 0.3729
Epoch: 971, Loss: 0.3633
Epoch: 976, Loss: 0.3622
Epoch: 981, Loss: 0.3621
Epoch: 986, Loss: 0.3621
Epoch: 991, Loss: 0.3620
Epoch: 996, Loss: 0.3620
Epoch: 1001, Loss: 0.3620
Elapsed time 0.2036 min
test data and predicted data:

Epoch: 6, Loss: 0.3620
Epoch: 11, Loss: 0.3620
Epoch: 16, Loss: 0.3619
Epoch: 21, Loss: 0.3619
Epoch: 26, Loss: 0.3618
Epoch: 31, Loss: 0.3618
Epoch: 36, Loss: 0.3618
Epoch: 41, Loss: 0.3618
Epoch: 46, Loss: 0.3617
Epoch: 51, Loss: 0.3617
Epoch: 56, Loss: 0.3617
Epoch: 61, Loss: 0.3617
Epoch: 66, Loss: 0.3619
Epoch: 71, Loss: 0.3659
Epoch: 76, Loss: 0.3631
Epoch: 81, Loss: 0.3651
Epoch: 86, Loss: 0.3630
Epoch: 91, Loss: 0.3617
Epoch: 96, Loss: 0.3618
Epoch: 101, Loss: 0.3621
Epoch: 106, Loss: 0.3618
Epoch: 111, Loss: 0.3615
Epoch: 116, Loss: 0.3616
Epoch: 121, Loss: 0.3615
Epoch: 126, Loss: 0.3615
Epoch: 131, Loss: 0.3614
Epoch: 136, Loss: 0.3614
Epoch: 141, Loss: 0.3614
Epoch: 146, Loss: 0.3616
Epoch: 151, Loss: 0.3653
Epoch: 156, Loss: 0.3620
Epoch: 161, Loss: 0.3644
Epoch: 166, Loss: 0.3620
Epoch: 171, Loss: 0.3616
Epoch: 176, Loss: 0.3637
Epoch: 181, Loss: 0.3628
Epoch: 186, Loss: 0.3613
Epoch: 191, Loss: 0.3617
Epoch: 196, Loss: 0.3618
Epoch: 201, Loss: 0.3612
Epoch: 206, Loss: 0.3616
Epoch: 211, Loss: 0.3612
Epoch: 216, Loss: 0.3614
Epoch: 221, Loss: 0.3613
Epoch: 226, Loss: 0.3612
Epoch: 231, Loss: 0.3614
Epoch: 236, Loss: 0.3627
Epoch: 241, Loss: 0.3625
Epoch: 246, Loss: 0.3611
Epoch: 251, Loss: 0.3623
Epoch: 256, Loss: 0.3617
Epoch: 261, Loss: 0.3612
Epoch: 266, Loss: 0.3624
Epoch: 271, Loss: 0.3613
Epoch: 276, Loss: 0.3613
Epoch: 281, Loss: 0.3624
Epoch: 286, Loss: 0.3611
Epoch: 291, Loss: 0.3614
Epoch: 296, Loss: 0.3624
Epoch: 301, Loss: 0.3610
Epoch: 306, Loss: 0.3615
Epoch: 311, Loss: 0.3624
Epoch: 316, Loss: 0.3609
Epoch: 321, Loss: 0.3618
Epoch: 326, Loss: 0.3621
Epoch: 331, Loss: 0.3609
Epoch: 336, Loss: 0.3624
Epoch: 341, Loss: 0.3613
Epoch: 346, Loss: 0.3612
Epoch: 351, Loss: 0.3625
Epoch: 356, Loss: 0.3608
Epoch: 361, Loss: 0.3617
Epoch: 366, Loss: 0.3617
Epoch: 371, Loss: 0.3610
Epoch: 376, Loss: 0.3620
Epoch: 381, Loss: 0.3608
Epoch: 386, Loss: 0.3612
Epoch: 391, Loss: 0.3618
Epoch: 396, Loss: 0.3607
Epoch: 401, Loss: 0.3608
Epoch: 406, Loss: 0.3627
Epoch: 411, Loss: 0.3607
Epoch: 416, Loss: 0.3607
Epoch: 421, Loss: 0.3631
Epoch: 426, Loss: 0.3666
Epoch: 431, Loss: 0.3622
Epoch: 436, Loss: 0.3611
Epoch: 441, Loss: 0.3647
Epoch: 446, Loss: 0.3643
Epoch: 451, Loss: 0.3614
Epoch: 456, Loss: 0.3607
Epoch: 461, Loss: 0.3607
Epoch: 466, Loss: 0.3607
Epoch: 471, Loss: 0.3607
Epoch: 476, Loss: 0.3606
Epoch: 481, Loss: 0.3605
Epoch: 486, Loss: 0.3604
Epoch: 491, Loss: 0.3618
Epoch: 496, Loss: 0.3604
Epoch: 501, Loss: 0.3608
Epoch: 506, Loss: 0.3621
Epoch: 511, Loss: 0.3607
Epoch: 516, Loss: 0.3607
Epoch: 521, Loss: 0.3607
Epoch: 526, Loss: 0.3606
Epoch: 531, Loss: 0.3604
Epoch: 536, Loss: 0.3606
Epoch: 541, Loss: 0.3619
Epoch: 546, Loss: 0.3606
Epoch: 551, Loss: 0.3613
Epoch: 556, Loss: 0.3607
Epoch: 561, Loss: 0.3614
Epoch: 566, Loss: 0.3606
Epoch: 571, Loss: 0.3603
Epoch: 576, Loss: 0.3605
Epoch: 581, Loss: 0.3615
Epoch: 586, Loss: 0.3637
Epoch: 591, Loss: 0.3606
Epoch: 596, Loss: 0.3823
Epoch: 601, Loss: 0.3711
Epoch: 606, Loss: 0.3843
Epoch: 611, Loss: 0.3621
Epoch: 616, Loss: 0.3628
Epoch: 621, Loss: 0.3671
Epoch: 626, Loss: 0.3651
Epoch: 631, Loss: 0.3623
Epoch: 636, Loss: 0.3631
Epoch: 641, Loss: 0.3620
Epoch: 646, Loss: 0.3623
Epoch: 651, Loss: 0.3620
Epoch: 656, Loss: 0.3619
Epoch: 661, Loss: 0.3619
Epoch: 666, Loss: 0.3617
Epoch: 671, Loss: 0.3617
Epoch: 676, Loss: 0.3616
Epoch: 681, Loss: 0.3616
Epoch: 686, Loss: 0.3615
Epoch: 691, Loss: 0.3615
Epoch: 696, Loss: 0.3614
Epoch: 701, Loss: 0.3614
Epoch: 706, Loss: 0.3614
Epoch: 711, Loss: 0.3613
Epoch: 716, Loss: 0.3613
Epoch: 721, Loss: 0.3613
Epoch: 726, Loss: 0.3612
Epoch: 731, Loss: 0.3612
Epoch: 736, Loss: 0.3612
Epoch: 741, Loss: 0.3612
Epoch: 746, Loss: 0.3612
Epoch: 751, Loss: 0.3611
Epoch: 756, Loss: 0.3611
Epoch: 761, Loss: 0.3611
Epoch: 766, Loss: 0.3611
Epoch: 771, Loss: 0.3611
Epoch: 776, Loss: 0.3610
Epoch: 781, Loss: 0.3610
Epoch: 786, Loss: 0.3610
Epoch: 791, Loss: 0.3610
Epoch: 796, Loss: 0.3610
Epoch: 801, Loss: 0.3610
Epoch: 806, Loss: 0.3610
Epoch: 811, Loss: 0.3609
Epoch: 816, Loss: 0.3609
Epoch: 821, Loss: 0.3609
Epoch: 826, Loss: 0.3609
Epoch: 831, Loss: 0.3609
Epoch: 836, Loss: 0.3609
Epoch: 841, Loss: 0.3608
Epoch: 846, Loss: 0.3608
Epoch: 851, Loss: 0.3608
Epoch: 856, Loss: 0.3608
Epoch: 861, Loss: 0.3608
Epoch: 866, Loss: 0.3608
Epoch: 871, Loss: 0.3607
Epoch: 876, Loss: 0.3607
Epoch: 881, Loss: 0.3607
Epoch: 886, Loss: 0.3607
Epoch: 891, Loss: 0.3607
Epoch: 896, Loss: 0.3607
Epoch: 901, Loss: 0.3606
Epoch: 906, Loss: 0.3606
Epoch: 911, Loss: 0.3606
Epoch: 916, Loss: 0.3606
Epoch: 921, Loss: 0.3606
Epoch: 926, Loss: 0.3606
Epoch: 931, Loss: 0.3605
Epoch: 936, Loss: 0.3605
Epoch: 941, Loss: 0.3605
Epoch: 946, Loss: 0.3605
Epoch: 951, Loss: 0.3605
Epoch: 956, Loss: 0.3604
Epoch: 961, Loss: 0.3607
Epoch: 966, Loss: 0.3673
Epoch: 971, Loss: 0.3607
Epoch: 976, Loss: 0.3610
Epoch: 981, Loss: 0.3605
Epoch: 986, Loss: 0.3604
Epoch: 991, Loss: 0.3604
Epoch: 996, Loss: 0.3604
Epoch: 1001, Loss: 0.3604
Elapsed time 0.2077 min
test data and predicted data:

Epoch: 6, Loss: 0.3603
Epoch: 11, Loss: 0.3603
Epoch: 16, Loss: 0.3603
Epoch: 21, Loss: 0.3603
Epoch: 26, Loss: 0.3602
Epoch: 31, Loss: 0.3602
Epoch: 36, Loss: 0.3602
Epoch: 41, Loss: 0.3602
Epoch: 46, Loss: 0.3601
Epoch: 51, Loss: 0.3601
Epoch: 56, Loss: 0.3604
Epoch: 61, Loss: 0.3641
Epoch: 66, Loss: 0.3607
Epoch: 71, Loss: 0.3607
Epoch: 76, Loss: 0.3613
Epoch: 81, Loss: 0.3615
Epoch: 86, Loss: 0.3606
Epoch: 91, Loss: 0.3607
Epoch: 96, Loss: 0.3606
Epoch: 101, Loss: 0.3604
Epoch: 106, Loss: 0.3601
Epoch: 111, Loss: 0.3601
Epoch: 116, Loss: 0.3601
Epoch: 121, Loss: 0.3601
Epoch: 126, Loss: 0.3600
Epoch: 131, Loss: 0.3599
Epoch: 136, Loss: 0.3600
Epoch: 141, Loss: 0.3627
Epoch: 146, Loss: 0.3600
Epoch: 151, Loss: 0.3622
Epoch: 156, Loss: 0.3600
Epoch: 161, Loss: 0.3618
Epoch: 166, Loss: 0.3631
Epoch: 171, Loss: 0.3606
Epoch: 176, Loss: 0.3599
Epoch: 181, Loss: 0.3608
Epoch: 186, Loss: 0.3613
Epoch: 191, Loss: 0.3604
Epoch: 196, Loss: 0.3599
Epoch: 201, Loss: 0.3612
Epoch: 206, Loss: 0.3604
Epoch: 211, Loss: 0.3601
Epoch: 216, Loss: 0.3601
Epoch: 221, Loss: 0.3609
Epoch: 226, Loss: 0.3599
Epoch: 231, Loss: 0.3598
Epoch: 236, Loss: 0.3599
Epoch: 241, Loss: 0.3627
Epoch: 246, Loss: 0.3599
Epoch: 251, Loss: 0.3598
Epoch: 256, Loss: 0.3615
Epoch: 261, Loss: 0.3604
Epoch: 266, Loss: 0.3598
Epoch: 271, Loss: 0.3616
Epoch: 276, Loss: 0.3602
Epoch: 281, Loss: 0.3602
Epoch: 286, Loss: 0.3609
Epoch: 291, Loss: 0.3602
Epoch: 296, Loss: 0.3602
Epoch: 301, Loss: 0.3609
Epoch: 306, Loss: 0.3603
Epoch: 311, Loss: 0.3603
Epoch: 316, Loss: 0.3606
Epoch: 321, Loss: 0.3604
Epoch: 326, Loss: 0.3602
Epoch: 331, Loss: 0.3605
Epoch: 336, Loss: 0.3603
Epoch: 341, Loss: 0.3602
Epoch: 346, Loss: 0.3602
Epoch: 351, Loss: 0.3604
Epoch: 356, Loss: 0.3602
Epoch: 361, Loss: 0.3601
Epoch: 366, Loss: 0.3602
Epoch: 371, Loss: 0.3606
Epoch: 376, Loss: 0.3603
Epoch: 381, Loss: 0.3602
Epoch: 386, Loss: 0.3603
Epoch: 391, Loss: 0.3606
Epoch: 396, Loss: 0.3602
Epoch: 401, Loss: 0.3601
Epoch: 406, Loss: 0.3603
Epoch: 411, Loss: 0.3608
Epoch: 416, Loss: 0.3602
Epoch: 421, Loss: 0.3600
Epoch: 426, Loss: 0.3605
Epoch: 431, Loss: 0.3611
Epoch: 436, Loss: 0.3598
Epoch: 441, Loss: 0.3597
Epoch: 446, Loss: 0.3620
Epoch: 451, Loss: 0.3595
Epoch: 456, Loss: 0.3621
Epoch: 461, Loss: 0.3597
Epoch: 466, Loss: 0.3607
Epoch: 471, Loss: 0.3603
Epoch: 476, Loss: 0.3594
Epoch: 481, Loss: 0.3595
Epoch: 486, Loss: 0.3595
Epoch: 491, Loss: 0.3595
Epoch: 496, Loss: 0.3594
Epoch: 501, Loss: 0.3593
Epoch: 506, Loss: 0.3592
Epoch: 511, Loss: 0.3591
Epoch: 516, Loss: 0.3591
Epoch: 521, Loss: 0.3590
Epoch: 526, Loss: 0.3590
Epoch: 531, Loss: 0.3590
Epoch: 536, Loss: 0.3589
Epoch: 541, Loss: 0.3589
Epoch: 546, Loss: 0.3590
Epoch: 551, Loss: 0.3657
Epoch: 556, Loss: 0.4241
Epoch: 561, Loss: 0.4937
Epoch: 566, Loss: 0.6480
Epoch: 571, Loss: 0.4537
Epoch: 576, Loss: 0.4554
Epoch: 581, Loss: 0.4576
Epoch: 586, Loss: 0.4557
Epoch: 591, Loss: 0.4475
Epoch: 596, Loss: 0.4476
Epoch: 601, Loss: 0.4475
Epoch: 606, Loss: 0.4459
Epoch: 611, Loss: 0.4462
Epoch: 616, Loss: 0.4454
Epoch: 621, Loss: 0.4454
Epoch: 626, Loss: 0.4450
Epoch: 631, Loss: 0.4449
Epoch: 636, Loss: 0.4446
Epoch: 641, Loss: 0.4444
Epoch: 646, Loss: 0.4441
Epoch: 651, Loss: 0.4439
Epoch: 656, Loss: 0.4437
Epoch: 661, Loss: 0.4435
Epoch: 666, Loss: 0.4432
Epoch: 671, Loss: 0.4430
Epoch: 676, Loss: 0.4428
Epoch: 681, Loss: 0.4426
Epoch: 686, Loss: 0.4424
Epoch: 691, Loss: 0.4422
Epoch: 696, Loss: 0.4420
Epoch: 701, Loss: 0.4418
Epoch: 706, Loss: 0.4416
Epoch: 711, Loss: 0.4414
Epoch: 716, Loss: 0.4413
Epoch: 721, Loss: 0.4411
Epoch: 726, Loss: 0.4409
Epoch: 731, Loss: 0.4408
Epoch: 736, Loss: 0.4406
Epoch: 741, Loss: 0.4404
Epoch: 746, Loss: 0.4402
Epoch: 751, Loss: 0.4401
Epoch: 756, Loss: 0.4399
Epoch: 761, Loss: 0.4397
Epoch: 766, Loss: 0.4396
Epoch: 771, Loss: 0.4394
Epoch: 776, Loss: 0.4393
Epoch: 781, Loss: 0.4391
Epoch: 786, Loss: 0.4390
Epoch: 791, Loss: 0.4388
Epoch: 796, Loss: 0.4387
Epoch: 801, Loss: 0.4385
Epoch: 806, Loss: 0.4384
Epoch: 811, Loss: 0.4382
Epoch: 816, Loss: 0.4381
Epoch: 821, Loss: 0.4380
Epoch: 826, Loss: 0.4379
Epoch: 831, Loss: 0.4377
Epoch: 836, Loss: 0.4376
Epoch: 841, Loss: 0.4375
Epoch: 846, Loss: 0.4374
Epoch: 851, Loss: 0.4373
Epoch: 856, Loss: 0.4372
Epoch: 861, Loss: 0.4371
Epoch: 866, Loss: 0.4370
Epoch: 871, Loss: 0.4369
Epoch: 876, Loss: 0.4368
Epoch: 881, Loss: 0.4367
Epoch: 886, Loss: 0.4366
Epoch: 891, Loss: 0.4365
Epoch: 896, Loss: 0.4364
Epoch: 901, Loss: 0.4363
Epoch: 906, Loss: 0.4362
Epoch: 911, Loss: 0.4361
Epoch: 916, Loss: 0.4360
Epoch: 921, Loss: 0.4359
Epoch: 926, Loss: 0.4358
Epoch: 931, Loss: 0.4358
Epoch: 936, Loss: 0.4357
Epoch: 941, Loss: 0.4356
Epoch: 946, Loss: 0.4355
Epoch: 951, Loss: 0.4355
Epoch: 956, Loss: 0.4354
Epoch: 961, Loss: 0.4353
Epoch: 966, Loss: 0.4353
Epoch: 971, Loss: 0.4352
Epoch: 976, Loss: 0.4352
Epoch: 981, Loss: 0.4351
Epoch: 986, Loss: 0.4350
Epoch: 991, Loss: 0.4350
Epoch: 996, Loss: 0.4349
Epoch: 1001, Loss: 0.4349
Elapsed time 0.2070 min
test data and predicted data:

Epoch: 6, Loss: 0.4348
Epoch: 11, Loss: 0.4348
Epoch: 16, Loss: 0.4347
Epoch: 21, Loss: 0.4346
Epoch: 26, Loss: 0.4346
Epoch: 31, Loss: 0.4345
Epoch: 36, Loss: 0.4345
Epoch: 41, Loss: 0.4344
Epoch: 46, Loss: 0.4343
Epoch: 51, Loss: 0.4343
Epoch: 56, Loss: 0.4342
Epoch: 61, Loss: 0.4342
Epoch: 66, Loss: 0.4341
Epoch: 71, Loss: 0.4341
Epoch: 76, Loss: 0.4340
Epoch: 81, Loss: 0.4340
Epoch: 86, Loss: 0.4339
Epoch: 91, Loss: 0.4339
Epoch: 96, Loss: 0.4338
Epoch: 101, Loss: 0.4338
Epoch: 106, Loss: 0.4338
Epoch: 111, Loss: 0.4337
Epoch: 116, Loss: 0.4337
Epoch: 121, Loss: 0.4336
Epoch: 126, Loss: 0.4336
Epoch: 131, Loss: 0.4336
Epoch: 136, Loss: 0.4335
Epoch: 141, Loss: 0.4335
Epoch: 146, Loss: 0.4335
Epoch: 151, Loss: 0.4335
Epoch: 156, Loss: 0.4334
Epoch: 161, Loss: 0.4334
Epoch: 166, Loss: 0.4334
Epoch: 171, Loss: 0.4333
Epoch: 176, Loss: 0.4333
Epoch: 181, Loss: 0.4333
Epoch: 186, Loss: 0.4332
Epoch: 191, Loss: 0.4332
Epoch: 196, Loss: 0.4332
Epoch: 201, Loss: 0.4331
Epoch: 206, Loss: 0.4331
Epoch: 211, Loss: 0.4331
Epoch: 216, Loss: 0.4331
Epoch: 221, Loss: 0.4330
Epoch: 226, Loss: 0.4330
Epoch: 231, Loss: 0.4330
Epoch: 236, Loss: 0.4330
Epoch: 241, Loss: 0.4329
Epoch: 246, Loss: 0.4329
Epoch: 251, Loss: 0.4329
Epoch: 256, Loss: 0.4329
Epoch: 261, Loss: 0.4328
Epoch: 266, Loss: 0.4328
Epoch: 271, Loss: 0.4328
Epoch: 276, Loss: 0.4328
Epoch: 281, Loss: 0.4327
Epoch: 286, Loss: 0.4327
Epoch: 291, Loss: 0.4327
Epoch: 296, Loss: 0.4327
Epoch: 301, Loss: 0.4327
Epoch: 306, Loss: 0.4326
Epoch: 311, Loss: 0.4326
Epoch: 316, Loss: 0.4326
Epoch: 321, Loss: 0.4326
Epoch: 326, Loss: 0.4326
Epoch: 331, Loss: 0.4325
Epoch: 336, Loss: 0.4325
Epoch: 341, Loss: 0.4325
Epoch: 346, Loss: 0.4325
Epoch: 351, Loss: 0.4325
Epoch: 356, Loss: 0.4325
Epoch: 361, Loss: 0.4324
Epoch: 366, Loss: 0.4324
Epoch: 371, Loss: 0.4324
Epoch: 376, Loss: 0.4324
Epoch: 381, Loss: 0.4324
Epoch: 386, Loss: 0.4324
Epoch: 391, Loss: 0.4323
Epoch: 396, Loss: 0.4323
Epoch: 401, Loss: 0.4323
Epoch: 406, Loss: 0.4323
Epoch: 411, Loss: 0.4323
Epoch: 416, Loss: 0.4323
Epoch: 421, Loss: 0.4323
Epoch: 426, Loss: 0.4323
Epoch: 431, Loss: 0.4322
Epoch: 436, Loss: 0.4322
Epoch: 441, Loss: 0.4322
Epoch: 446, Loss: 0.4322
Epoch: 451, Loss: 0.4322
Epoch: 456, Loss: 0.4322
Epoch: 461, Loss: 0.4322
Epoch: 466, Loss: 0.4322
Epoch: 471, Loss: 0.4321
Epoch: 476, Loss: 0.4321
Epoch: 481, Loss: 0.4321
Epoch: 486, Loss: 0.4321
Epoch: 491, Loss: 0.4321
Epoch: 496, Loss: 0.4321
Epoch: 501, Loss: 0.4321
Epoch: 506, Loss: 0.4321
Epoch: 511, Loss: 0.4321
Epoch: 516, Loss: 0.4320
Epoch: 521, Loss: 0.4320
Epoch: 526, Loss: 0.4320
Epoch: 531, Loss: 0.4320
Epoch: 536, Loss: 0.4320
Epoch: 541, Loss: 0.4320
Epoch: 546, Loss: 0.4320
Epoch: 551, Loss: 0.4320
Epoch: 556, Loss: 0.4320
Epoch: 561, Loss: 0.4320
Epoch: 566, Loss: 0.4320
Epoch: 571, Loss: 0.4319
Epoch: 576, Loss: 0.4319
Epoch: 581, Loss: 0.4319
Epoch: 586, Loss: 0.4319
Epoch: 591, Loss: 0.4319
Epoch: 596, Loss: 0.4319
Epoch: 601, Loss: 0.4319
Epoch: 606, Loss: 0.4319
Epoch: 611, Loss: 0.4319
Epoch: 616, Loss: 0.4319
Epoch: 621, Loss: 0.4319
Epoch: 626, Loss: 0.4319
Epoch: 631, Loss: 0.4319
Epoch: 636, Loss: 0.4319
Epoch: 641, Loss: 0.4318
Epoch: 646, Loss: 0.4318
Epoch: 651, Loss: 0.4318
Epoch: 656, Loss: 0.4318
Epoch: 661, Loss: 0.4318
Epoch: 666, Loss: 0.4318
Epoch: 671, Loss: 0.4318
Epoch: 676, Loss: 0.4318
Epoch: 681, Loss: 0.4318
Epoch: 686, Loss: 0.4318
Epoch: 691, Loss: 0.4318
Epoch: 696, Loss: 0.4318
Epoch: 701, Loss: 0.4318
Epoch: 706, Loss: 0.4318
Epoch: 711, Loss: 0.4318
Epoch: 716, Loss: 0.4318
Epoch: 721, Loss: 0.4318
Epoch: 726, Loss: 0.4317
Epoch: 731, Loss: 0.4317
Epoch: 736, Loss: 0.4317
Epoch: 741, Loss: 0.4317
Epoch: 746, Loss: 0.4317
Epoch: 751, Loss: 0.4317
Epoch: 756, Loss: 0.4317
Epoch: 761, Loss: 0.4317
Epoch: 766, Loss: 0.4317
Epoch: 771, Loss: 0.4317
Epoch: 776, Loss: 0.4317
Epoch: 781, Loss: 0.4317
Epoch: 786, Loss: 0.4317
Epoch: 791, Loss: 0.4317
Epoch: 796, Loss: 0.4317
Epoch: 801, Loss: 0.4317
Epoch: 806, Loss: 0.4317
Epoch: 811, Loss: 0.4317
Epoch: 816, Loss: 0.4317
Epoch: 821, Loss: 0.4317
Epoch: 826, Loss: 0.4317
Epoch: 831, Loss: 0.4316
Epoch: 836, Loss: 0.4316
Epoch: 841, Loss: 0.4316
Epoch: 846, Loss: 0.4316
Epoch: 851, Loss: 0.4316
Epoch: 856, Loss: 0.4316
Epoch: 861, Loss: 0.4316
Epoch: 866, Loss: 0.4316
Epoch: 871, Loss: 0.4316
Epoch: 876, Loss: 0.4316
Epoch: 881, Loss: 0.4316
Epoch: 886, Loss: 0.4316
Epoch: 891, Loss: 0.4316
Epoch: 896, Loss: 0.4316
Epoch: 901, Loss: 0.4316
Epoch: 906, Loss: 0.4316
Epoch: 911, Loss: 0.4316
Epoch: 916, Loss: 0.4316
Epoch: 921, Loss: 0.4316
Epoch: 926, Loss: 0.4316
Epoch: 931, Loss: 0.4316
Epoch: 936, Loss: 0.4316
Epoch: 941, Loss: 0.4316
Epoch: 946, Loss: 0.4315
Epoch: 951, Loss: 0.4315
Epoch: 956, Loss: 0.4315
Epoch: 961, Loss: 0.4315
Epoch: 966, Loss: 0.4315
Epoch: 971, Loss: 0.4315
Epoch: 976, Loss: 0.4315
Epoch: 981, Loss: 0.4315
Epoch: 986, Loss: 0.4315
Epoch: 991, Loss: 0.4315
Epoch: 996, Loss: 0.4315
Epoch: 1001, Loss: 0.4315
Elapsed time 0.2062 min
test data and predicted data:

Epoch: 6, Loss: 0.4315
Epoch: 11, Loss: 0.4315
Epoch: 16, Loss: 0.4315
Epoch: 21, Loss: 0.4315
Epoch: 26, Loss: 0.4315
Epoch: 31, Loss: 0.4315
Epoch: 36, Loss: 0.4315
Epoch: 41, Loss: 0.4315
Epoch: 46, Loss: 0.4315
Epoch: 51, Loss: 0.4315
Epoch: 56, Loss: 0.4315
Epoch: 61, Loss: 0.4314
Epoch: 66, Loss: 0.4314
Epoch: 71, Loss: 0.4314
Epoch: 76, Loss: 0.4314
Epoch: 81, Loss: 0.4314
Epoch: 86, Loss: 0.4314
Epoch: 91, Loss: 0.4314
Epoch: 96, Loss: 0.4315
Epoch: 101, Loss: 0.4314
Epoch: 106, Loss: 0.4314
Epoch: 111, Loss: 0.4314
Epoch: 116, Loss: 0.4314
Epoch: 121, Loss: 0.4314
Epoch: 126, Loss: 0.4314
Epoch: 131, Loss: 0.4314
Epoch: 136, Loss: 0.4314
Epoch: 141, Loss: 0.4314
Epoch: 146, Loss: 0.4314
Epoch: 151, Loss: 0.4314
Epoch: 156, Loss: 0.4314
Epoch: 161, Loss: 0.4314
Epoch: 166, Loss: 0.4313
Epoch: 171, Loss: 0.4313
Epoch: 176, Loss: 0.4313
Epoch: 181, Loss: 0.4313
Epoch: 186, Loss: 0.4313
Epoch: 191, Loss: 0.4313
Epoch: 196, Loss: 0.4313
Epoch: 201, Loss: 0.4313
Epoch: 206, Loss: 0.4313
Epoch: 211, Loss: 0.4313
Epoch: 216, Loss: 0.4313
Epoch: 221, Loss: 0.4313
Epoch: 226, Loss: 0.4313
Epoch: 231, Loss: 0.4313
Epoch: 236, Loss: 0.4313
Epoch: 241, Loss: 0.4313
Epoch: 246, Loss: 0.4313
Epoch: 251, Loss: 0.4313
Epoch: 256, Loss: 0.4312
Epoch: 261, Loss: 0.4312
Epoch: 266, Loss: 0.4312
Epoch: 271, Loss: 0.4312
Epoch: 276, Loss: 0.4312
Epoch: 281, Loss: 0.4312
Epoch: 286, Loss: 0.4312
Epoch: 291, Loss: 0.4312
Epoch: 296, Loss: 0.4312
Epoch: 301, Loss: 0.4312
Epoch: 306, Loss: 0.4312
Epoch: 311, Loss: 0.4312
Epoch: 316, Loss: 0.4312
Epoch: 321, Loss: 0.4312
Epoch: 326, Loss: 0.4312
Epoch: 331, Loss: 0.4312
Epoch: 336, Loss: 0.4311
Epoch: 341, Loss: 0.4311
Epoch: 346, Loss: 0.4311
Epoch: 351, Loss: 0.4311
Epoch: 356, Loss: 0.4311
Epoch: 361, Loss: 0.4311
Epoch: 366, Loss: 0.4311
Epoch: 371, Loss: 0.4311
Epoch: 376, Loss: 0.4311
Epoch: 381, Loss: 0.4311
Epoch: 386, Loss: 0.4311
Epoch: 391, Loss: 0.4311
Epoch: 396, Loss: 0.4311
Epoch: 401, Loss: 0.4310
Epoch: 406, Loss: 0.4310
Epoch: 411, Loss: 0.4310
Epoch: 416, Loss: 0.4310
Epoch: 421, Loss: 0.4310
Epoch: 426, Loss: 0.4310
Epoch: 431, Loss: 0.4310
Epoch: 436, Loss: 0.4310
Epoch: 441, Loss: 0.4310
Epoch: 446, Loss: 0.4310
Epoch: 451, Loss: 0.4310
Epoch: 456, Loss: 0.4310
Epoch: 461, Loss: 0.4310
Epoch: 466, Loss: 0.4309
Epoch: 471, Loss: 0.4309
Epoch: 476, Loss: 0.4309
Epoch: 481, Loss: 0.4309
Epoch: 486, Loss: 0.4309
Epoch: 491, Loss: 0.4309
Epoch: 496, Loss: 0.4309
Epoch: 501, Loss: 0.4309
Epoch: 506, Loss: 0.4309
Epoch: 511, Loss: 0.4309
Epoch: 516, Loss: 0.4308
Epoch: 521, Loss: 0.4308
Epoch: 526, Loss: 0.4308
Epoch: 531, Loss: 0.4308
Epoch: 536, Loss: 0.4308
Epoch: 541, Loss: 0.4308
Epoch: 546, Loss: 0.4308
Epoch: 551, Loss: 0.4308
Epoch: 556, Loss: 0.4308
Epoch: 561, Loss: 0.4308
Epoch: 566, Loss: 0.4308
Epoch: 571, Loss: 0.4308
Epoch: 576, Loss: 0.4307
Epoch: 581, Loss: 0.4307
Epoch: 586, Loss: 0.4307
Epoch: 591, Loss: 0.4307
Epoch: 596, Loss: 0.4307
Epoch: 601, Loss: 0.4307
Epoch: 606, Loss: 0.4307
Epoch: 611, Loss: 0.4307
Epoch: 616, Loss: 0.4307
Epoch: 621, Loss: 0.4307
Epoch: 626, Loss: 0.4307
Epoch: 631, Loss: 0.4307
Epoch: 636, Loss: 0.4307
Epoch: 641, Loss: 0.4306
Epoch: 646, Loss: 0.4306
Epoch: 651, Loss: 0.4306
Epoch: 656, Loss: 0.4306
Epoch: 661, Loss: 0.4306
Epoch: 666, Loss: 0.4306
Epoch: 671, Loss: 0.4306
Epoch: 676, Loss: 0.4306
Epoch: 681, Loss: 0.4306
Epoch: 686, Loss: 0.4306
Epoch: 691, Loss: 0.4306
Epoch: 696, Loss: 0.4306
Epoch: 701, Loss: 0.4306
Epoch: 706, Loss: 0.4306
Epoch: 711, Loss: 0.4306
Epoch: 716, Loss: 0.4306
Epoch: 721, Loss: 0.4305
Epoch: 726, Loss: 0.4305
Epoch: 731, Loss: 0.4305
Epoch: 736, Loss: 0.4305
Epoch: 741, Loss: 0.4305
Epoch: 746, Loss: 0.4305
Epoch: 751, Loss: 0.4305
Epoch: 756, Loss: 0.4305
Epoch: 761, Loss: 0.4305
Epoch: 766, Loss: 0.4305
Epoch: 771, Loss: 0.4305
Epoch: 776, Loss: 0.4305
Epoch: 781, Loss: 0.4305
Epoch: 786, Loss: 0.4305
Epoch: 791, Loss: 0.4305
Epoch: 796, Loss: 0.4305
Epoch: 801, Loss: 0.4305
Epoch: 806, Loss: 0.4305
Epoch: 811, Loss: 0.4305
Epoch: 816, Loss: 0.4305
Epoch: 821, Loss: 0.4304
Epoch: 826, Loss: 0.4304
Epoch: 831, Loss: 0.4304
Epoch: 836, Loss: 0.4304
Epoch: 841, Loss: 0.4304
Epoch: 846, Loss: 0.4304
Epoch: 851, Loss: 0.4304
Epoch: 856, Loss: 0.4304
Epoch: 861, Loss: 0.4304
Epoch: 866, Loss: 0.4304
Epoch: 871, Loss: 0.4304
Epoch: 876, Loss: 0.4304
Epoch: 881, Loss: 0.4304
Epoch: 886, Loss: 0.4304
Epoch: 891, Loss: 0.4304
Epoch: 896, Loss: 0.4304
Epoch: 901, Loss: 0.4304
Epoch: 906, Loss: 0.4304
Epoch: 911, Loss: 0.4303
Epoch: 916, Loss: 0.4303
Epoch: 921, Loss: 0.4304
Epoch: 926, Loss: 0.4303
Epoch: 931, Loss: 0.4303
Epoch: 936, Loss: 0.4303
Epoch: 941, Loss: 0.4303
Epoch: 946, Loss: 0.4303
Epoch: 951, Loss: 0.4303
Epoch: 956, Loss: 0.4303
Epoch: 961, Loss: 0.4303
Epoch: 966, Loss: 0.4303
Epoch: 971, Loss: 0.4303
Epoch: 976, Loss: 0.4303
Epoch: 981, Loss: 0.4303
Epoch: 986, Loss: 0.4304
Epoch: 991, Loss: 0.4305
Epoch: 996, Loss: 0.4303
Epoch: 1001, Loss: 0.4303
Elapsed time 0.2040 min
test data and predicted data:

Epoch: 6, Loss: 0.4303
Epoch: 11, Loss: 0.4303
Epoch: 16, Loss: 0.4303
Epoch: 21, Loss: 0.4303
Epoch: 26, Loss: 0.4303
Epoch: 31, Loss: 0.4302
Epoch: 36, Loss: 0.4303
Epoch: 41, Loss: 0.4302
Epoch: 46, Loss: 0.4303
Epoch: 51, Loss: 0.4302
Epoch: 56, Loss: 0.4303
Epoch: 61, Loss: 0.4303
Epoch: 66, Loss: 0.4303
Epoch: 71, Loss: 0.4302
Epoch: 76, Loss: 0.4302
Epoch: 81, Loss: 0.4302
Epoch: 86, Loss: 0.4303
Epoch: 91, Loss: 0.4302
Epoch: 96, Loss: 0.4302
Epoch: 101, Loss: 0.4302
Epoch: 106, Loss: 0.4302
Epoch: 111, Loss: 0.4302
Epoch: 116, Loss: 0.4302
Epoch: 121, Loss: 0.4302
Epoch: 126, Loss: 0.4302
Epoch: 131, Loss: 0.4303
Epoch: 136, Loss: 0.4303
Epoch: 141, Loss: 0.4302
Epoch: 146, Loss: 0.4302
Epoch: 151, Loss: 0.4302
Epoch: 156, Loss: 0.4302
Epoch: 161, Loss: 0.4301
Epoch: 166, Loss: 0.4301
Epoch: 171, Loss: 0.4301
Epoch: 176, Loss: 0.4301
Epoch: 181, Loss: 0.4301
Epoch: 186, Loss: 0.4301
Epoch: 191, Loss: 0.4301
Epoch: 196, Loss: 0.4300
Epoch: 201, Loss: 0.4300
Epoch: 206, Loss: 0.4303
Epoch: 211, Loss: 0.4303
Epoch: 216, Loss: 0.4301
Epoch: 221, Loss: 0.4302
Epoch: 226, Loss: 0.4304
Epoch: 231, Loss: 0.4303
Epoch: 236, Loss: 0.4302
Epoch: 241, Loss: 0.4302
Epoch: 246, Loss: 0.4301
Epoch: 251, Loss: 0.4301
Epoch: 256, Loss: 0.4301
Epoch: 261, Loss: 0.4301
Epoch: 266, Loss: 0.4301
Epoch: 271, Loss: 0.4301
Epoch: 276, Loss: 0.4301
Epoch: 281, Loss: 0.4301
Epoch: 286, Loss: 0.4300
Epoch: 291, Loss: 0.4301
Epoch: 296, Loss: 0.4300
Epoch: 301, Loss: 0.4300
Epoch: 306, Loss: 0.4300
Epoch: 311, Loss: 0.4300
Epoch: 316, Loss: 0.4300
Epoch: 321, Loss: 0.4300
Epoch: 326, Loss: 0.4300
Epoch: 331, Loss: 0.4300
Epoch: 336, Loss: 0.4300
Epoch: 341, Loss: 0.4300
Epoch: 346, Loss: 0.4300
Epoch: 351, Loss: 0.4300
Epoch: 356, Loss: 0.4300
Epoch: 361, Loss: 0.4300
Epoch: 366, Loss: 0.4300
Epoch: 371, Loss: 0.4300
Epoch: 376, Loss: 0.4300
Epoch: 381, Loss: 0.4300
Epoch: 386, Loss: 0.4300
Epoch: 391, Loss: 0.4300
Epoch: 396, Loss: 0.4300
Epoch: 401, Loss: 0.4300
Epoch: 406, Loss: 0.4300
Epoch: 411, Loss: 0.4300
Epoch: 416, Loss: 0.4302
Epoch: 421, Loss: 0.4301
Epoch: 426, Loss: 0.4300
Epoch: 431, Loss: 0.4300
Epoch: 436, Loss: 0.4300
Epoch: 441, Loss: 0.4300
Epoch: 446, Loss: 0.4300
Epoch: 451, Loss: 0.4300
Epoch: 456, Loss: 0.4300
Epoch: 461, Loss: 0.4299
Epoch: 466, Loss: 0.4299
Epoch: 471, Loss: 0.4299
Epoch: 476, Loss: 0.4300
Epoch: 481, Loss: 0.4300
Epoch: 486, Loss: 0.4300
Epoch: 491, Loss: 0.4300
Epoch: 496, Loss: 0.4299
Epoch: 501, Loss: 0.4299
Epoch: 506, Loss: 0.4299
Epoch: 511, Loss: 0.4299
Epoch: 516, Loss: 0.4299
Epoch: 521, Loss: 0.4299
Epoch: 526, Loss: 0.4299
Epoch: 531, Loss: 0.4299
Epoch: 536, Loss: 0.4299
Epoch: 541, Loss: 0.4299
Epoch: 546, Loss: 0.4300
Epoch: 551, Loss: 0.4302
Epoch: 556, Loss: 0.4300
Epoch: 561, Loss: 0.4299
Epoch: 566, Loss: 0.4300
Epoch: 571, Loss: 0.4299
Epoch: 576, Loss: 0.4299
Epoch: 581, Loss: 0.4299
Epoch: 586, Loss: 0.4299
Epoch: 591, Loss: 0.4299
Epoch: 596, Loss: 0.4299
Epoch: 601, Loss: 0.4299
Epoch: 606, Loss: 0.4299
Epoch: 611, Loss: 0.4299
Epoch: 616, Loss: 0.4299
Epoch: 621, Loss: 0.4299
Epoch: 626, Loss: 0.4299
Epoch: 631, Loss: 0.4299
Epoch: 636, Loss: 0.4299
Epoch: 641, Loss: 0.4299
Epoch: 646, Loss: 0.4299
Epoch: 651, Loss: 0.4299
Epoch: 656, Loss: 0.4299
Epoch: 661, Loss: 0.4299
Epoch: 666, Loss: 0.4299
Epoch: 671, Loss: 0.4299
Epoch: 676, Loss: 0.4298
Epoch: 681, Loss: 0.4298
Epoch: 686, Loss: 0.4298
Epoch: 691, Loss: 0.4298
Epoch: 696, Loss: 0.4298
Epoch: 701, Loss: 0.4298
Epoch: 706, Loss: 0.4298
Epoch: 711, Loss: 0.4299
Epoch: 716, Loss: 0.4299
Epoch: 721, Loss: 0.4299
Epoch: 726, Loss: 0.4299
Epoch: 731, Loss: 0.4298
Epoch: 736, Loss: 0.4298
Epoch: 741, Loss: 0.4298
Epoch: 746, Loss: 0.4298
Epoch: 751, Loss: 0.4298
Epoch: 756, Loss: 0.4299
Epoch: 761, Loss: 0.4303
Epoch: 766, Loss: 0.4301
Epoch: 771, Loss: 0.4300
Epoch: 776, Loss: 0.4298
Epoch: 781, Loss: 0.4299
Epoch: 786, Loss: 0.4298
Epoch: 791, Loss: 0.4314
Epoch: 796, Loss: 0.4339
Epoch: 801, Loss: 0.4429
Epoch: 806, Loss: 0.4316
Epoch: 811, Loss: 0.4308
Epoch: 816, Loss: 0.4258
Epoch: 821, Loss: 0.4337
Epoch: 826, Loss: 0.4090
Epoch: 831, Loss: 0.4600
Epoch: 836, Loss: 0.4909
Epoch: 841, Loss: 0.4518
Epoch: 846, Loss: 0.4311
Epoch: 851, Loss: 0.4273
Epoch: 856, Loss: 0.4298
Epoch: 861, Loss: 0.4190
Epoch: 866, Loss: 0.4146
Epoch: 871, Loss: 0.4160
Epoch: 876, Loss: 0.4117
Epoch: 881, Loss: 0.4113
Epoch: 886, Loss: 0.4102
Epoch: 891, Loss: 0.4103
Epoch: 896, Loss: 0.4098
Epoch: 901, Loss: 0.4097
Epoch: 906, Loss: 0.4097
Epoch: 911, Loss: 0.4096
Epoch: 916, Loss: 0.4095
Epoch: 921, Loss: 0.4095
Epoch: 926, Loss: 0.4094
Epoch: 931, Loss: 0.4094
Epoch: 936, Loss: 0.4093
Epoch: 941, Loss: 0.4093
Epoch: 946, Loss: 0.4092
Epoch: 951, Loss: 0.4092
Epoch: 956, Loss: 0.4093
Epoch: 961, Loss: 0.4091
Epoch: 966, Loss: 0.4090
Epoch: 971, Loss: 0.4090
Epoch: 976, Loss: 0.4089
Epoch: 981, Loss: 0.4089
Epoch: 986, Loss: 0.4088
Epoch: 991, Loss: 0.4088
Epoch: 996, Loss: 0.4087
Epoch: 1001, Loss: 0.4087
Elapsed time 0.2065 min
test data and predicted data:

Epoch: 6, Loss: 0.4087
Epoch: 11, Loss: 0.4088
Epoch: 16, Loss: 0.4088
Epoch: 21, Loss: 0.4087
Epoch: 26, Loss: 0.4087
Epoch: 31, Loss: 0.4087
Epoch: 36, Loss: 0.4086
Epoch: 41, Loss: 0.4086
Epoch: 46, Loss: 0.4086
Epoch: 51, Loss: 0.4086
Epoch: 56, Loss: 0.4085
Epoch: 61, Loss: 0.4085
Epoch: 66, Loss: 0.4084
Epoch: 71, Loss: 0.4084
Epoch: 76, Loss: 0.4083
Epoch: 81, Loss: 0.4084
Epoch: 86, Loss: 0.4083
Epoch: 91, Loss: 0.4083
Epoch: 96, Loss: 0.4083
Epoch: 101, Loss: 0.4083
Epoch: 106, Loss: 0.4084
Epoch: 111, Loss: 0.8203
Epoch: 116, Loss: 0.4751
Epoch: 121, Loss: 1.9896
Epoch: 126, Loss: 0.5343
Epoch: 131, Loss: 0.4763
Epoch: 136, Loss: 0.4054
Epoch: 141, Loss: 0.3921
Epoch: 146, Loss: 0.3870
Epoch: 151, Loss: 0.3816
Epoch: 156, Loss: 0.3762
Epoch: 161, Loss: 0.3743
Epoch: 166, Loss: 0.3735
Epoch: 171, Loss: 0.3724
Epoch: 176, Loss: 0.3716
Epoch: 181, Loss: 0.3711
Epoch: 186, Loss: 0.3703
Epoch: 191, Loss: 0.3697
Epoch: 196, Loss: 0.3693
Epoch: 201, Loss: 0.3690
Epoch: 206, Loss: 0.3687
Epoch: 211, Loss: 0.3684
Epoch: 216, Loss: 0.3682
Epoch: 221, Loss: 0.3680
Epoch: 226, Loss: 0.3678
Epoch: 231, Loss: 0.3677
Epoch: 236, Loss: 0.3675
Epoch: 241, Loss: 0.3674
Epoch: 246, Loss: 0.3673
Epoch: 251, Loss: 0.3672
Epoch: 256, Loss: 0.3671
Epoch: 261, Loss: 0.3671
Epoch: 266, Loss: 0.3670
Epoch: 271, Loss: 0.3669
Epoch: 276, Loss: 0.3669
Epoch: 281, Loss: 0.3668
Epoch: 286, Loss: 0.3668
Epoch: 291, Loss: 0.3668
Epoch: 296, Loss: 0.3668
Epoch: 301, Loss: 0.3667
Epoch: 306, Loss: 0.3667
Epoch: 311, Loss: 0.3667
Epoch: 316, Loss: 0.3666
Epoch: 321, Loss: 0.3666
Epoch: 326, Loss: 0.3666
Epoch: 331, Loss: 0.3666
Epoch: 336, Loss: 0.3665
Epoch: 341, Loss: 0.3665
Epoch: 346, Loss: 0.3665
Epoch: 351, Loss: 0.3665
Epoch: 356, Loss: 0.3665
Epoch: 361, Loss: 0.3664
Epoch: 366, Loss: 0.3664
Epoch: 371, Loss: 0.3664
Epoch: 376, Loss: 0.3664
Epoch: 381, Loss: 0.3663
Epoch: 386, Loss: 0.3663
Epoch: 391, Loss: 0.3663
Epoch: 396, Loss: 0.3663
Epoch: 401, Loss: 0.3663
Epoch: 406, Loss: 0.3663
Epoch: 411, Loss: 0.3662
Epoch: 416, Loss: 0.3662
Epoch: 421, Loss: 0.3662
Epoch: 426, Loss: 0.3662
Epoch: 431, Loss: 0.3662
Epoch: 436, Loss: 0.3661
Epoch: 441, Loss: 0.3661
Epoch: 446, Loss: 0.3661
Epoch: 451, Loss: 0.3661
Epoch: 456, Loss: 0.3660
Epoch: 461, Loss: 0.3660
Epoch: 466, Loss: 0.3660
Epoch: 471, Loss: 0.3660
Epoch: 476, Loss: 0.3660
Epoch: 481, Loss: 0.3660
Epoch: 486, Loss: 0.3659
Epoch: 491, Loss: 0.3659
Epoch: 496, Loss: 0.3659
Epoch: 501, Loss: 0.3659
Epoch: 506, Loss: 0.3658
Epoch: 511, Loss: 0.3658
Epoch: 516, Loss: 0.3658
Epoch: 521, Loss: 0.3658
Epoch: 526, Loss: 0.3657
Epoch: 531, Loss: 0.3657
Epoch: 536, Loss: 0.3657
Epoch: 541, Loss: 0.3657
Epoch: 546, Loss: 0.3657
Epoch: 551, Loss: 0.3657
Epoch: 556, Loss: 0.3656
Epoch: 561, Loss: 0.3656
Epoch: 566, Loss: 0.3656
Epoch: 571, Loss: 0.3656
Epoch: 576, Loss: 0.3656
Epoch: 581, Loss: 0.3656
Epoch: 586, Loss: 0.3655
Epoch: 591, Loss: 0.3655
Epoch: 596, Loss: 0.3655
Epoch: 601, Loss: 0.3655
Epoch: 606, Loss: 0.3655
Epoch: 611, Loss: 0.3655
Epoch: 616, Loss: 0.3654
Epoch: 621, Loss: 0.3654
Epoch: 626, Loss: 0.3654
Epoch: 631, Loss: 0.3654
Epoch: 636, Loss: 0.3654
Epoch: 641, Loss: 0.3654
Epoch: 646, Loss: 0.3653
Epoch: 651, Loss: 0.3653
Epoch: 656, Loss: 0.3653
Epoch: 661, Loss: 0.3653
Epoch: 666, Loss: 0.3653
Epoch: 671, Loss: 0.3652
Epoch: 676, Loss: 0.3652
Epoch: 681, Loss: 0.3652
Epoch: 686, Loss: 0.3652
Epoch: 691, Loss: 0.3652
Epoch: 696, Loss: 0.3652
Epoch: 701, Loss: 0.3651
Epoch: 706, Loss: 0.3651
Epoch: 711, Loss: 0.3651
Epoch: 716, Loss: 0.3651
Epoch: 721, Loss: 0.3651
Epoch: 726, Loss: 0.3650
Epoch: 731, Loss: 0.3650
Epoch: 736, Loss: 0.3650
Epoch: 741, Loss: 0.3650
Epoch: 746, Loss: 0.3650
Epoch: 751, Loss: 0.3650
Epoch: 756, Loss: 0.3649
Epoch: 761, Loss: 0.3649
Epoch: 766, Loss: 0.3649
Epoch: 771, Loss: 0.3649
Epoch: 776, Loss: 0.3649
Epoch: 781, Loss: 0.3649
Epoch: 786, Loss: 0.3648
Epoch: 791, Loss: 0.3648
Epoch: 796, Loss: 0.3648
Epoch: 801, Loss: 0.3648
Epoch: 806, Loss: 0.3648
Epoch: 811, Loss: 0.3648
Epoch: 816, Loss: 0.3647
Epoch: 821, Loss: 0.3647
Epoch: 826, Loss: 0.3647
Epoch: 831, Loss: 0.3647
Epoch: 836, Loss: 0.3647
Epoch: 841, Loss: 0.3647
Epoch: 846, Loss: 0.3646
Epoch: 851, Loss: 0.3646
Epoch: 856, Loss: 0.3646
Epoch: 861, Loss: 0.3646
Epoch: 866, Loss: 0.3646
Epoch: 871, Loss: 0.3646
Epoch: 876, Loss: 0.3645
Epoch: 881, Loss: 0.3645
Epoch: 886, Loss: 0.3645
Epoch: 891, Loss: 0.3645
Epoch: 896, Loss: 0.3645
Epoch: 901, Loss: 0.3645
Epoch: 906, Loss: 0.3645
Epoch: 911, Loss: 0.3645
Epoch: 916, Loss: 0.3644
Epoch: 921, Loss: 0.3644
Epoch: 926, Loss: 0.3644
Epoch: 931, Loss: 0.3644
Epoch: 936, Loss: 0.3644
Epoch: 941, Loss: 0.3644
Epoch: 946, Loss: 0.3644
Epoch: 951, Loss: 0.3644
Epoch: 956, Loss: 0.3643
Epoch: 961, Loss: 0.3643
Epoch: 966, Loss: 0.3643
Epoch: 971, Loss: 0.3643
Epoch: 976, Loss: 0.3643
Epoch: 981, Loss: 0.3643
Epoch: 986, Loss: 0.3643
Epoch: 991, Loss: 0.3642
Epoch: 996, Loss: 0.3642
Epoch: 1001, Loss: 0.3642
Elapsed time 0.2059 min
test data and predicted data:

Epoch: 6, Loss: 0.3642
Epoch: 11, Loss: 0.3642
Epoch: 16, Loss: 0.3642
Epoch: 21, Loss: 0.3642
Epoch: 26, Loss: 0.3642
Epoch: 31, Loss: 0.3641
Epoch: 36, Loss: 0.3641
Epoch: 41, Loss: 0.3641
Epoch: 46, Loss: 0.3641
Epoch: 51, Loss: 0.3641
Epoch: 56, Loss: 0.3640
Epoch: 61, Loss: 0.3640
Epoch: 66, Loss: 0.3640
Epoch: 71, Loss: 0.3640
Epoch: 76, Loss: 0.3640
Epoch: 81, Loss: 0.3640
Epoch: 86, Loss: 0.3640
Epoch: 91, Loss: 0.3639
Epoch: 96, Loss: 0.3639
Epoch: 101, Loss: 0.3639
Epoch: 106, Loss: 0.3639
Epoch: 111, Loss: 0.3639
Epoch: 116, Loss: 0.3639
Epoch: 121, Loss: 0.3639
Epoch: 126, Loss: 0.3639
Epoch: 131, Loss: 0.3639
Epoch: 136, Loss: 0.3639
Epoch: 141, Loss: 0.3638
Epoch: 146, Loss: 0.3638
Epoch: 151, Loss: 0.3638
Epoch: 156, Loss: 0.3638
Epoch: 161, Loss: 0.3638
Epoch: 166, Loss: 0.3638
Epoch: 171, Loss: 0.3638
Epoch: 176, Loss: 0.3637
Epoch: 181, Loss: 0.3638
Epoch: 186, Loss: 0.3637
Epoch: 191, Loss: 0.3637
Epoch: 196, Loss: 0.3637
Epoch: 201, Loss: 0.3637
Epoch: 206, Loss: 0.3637
Epoch: 211, Loss: 0.3637
Epoch: 216, Loss: 0.3637
Epoch: 221, Loss: 0.3636
Epoch: 226, Loss: 0.3636
Epoch: 231, Loss: 0.3636
Epoch: 236, Loss: 0.3636
Epoch: 241, Loss: 0.3635
Epoch: 246, Loss: 0.3635
Epoch: 251, Loss: 0.3634
Epoch: 256, Loss: 0.3635
Epoch: 261, Loss: 0.3633
Epoch: 266, Loss: 0.3633
Epoch: 271, Loss: 0.3634
Epoch: 276, Loss: 0.3632
Epoch: 281, Loss: 0.3632
Epoch: 286, Loss: 0.3631
Epoch: 291, Loss: 0.3631
Epoch: 296, Loss: 0.3632
Epoch: 301, Loss: 0.3631
Epoch: 306, Loss: 0.3630
Epoch: 311, Loss: 0.3633
Epoch: 316, Loss: 0.3632
Epoch: 321, Loss: 0.3633
Epoch: 326, Loss: 0.3630
Epoch: 331, Loss: 0.3629
Epoch: 336, Loss: 0.3636
Epoch: 341, Loss: 0.3628
Epoch: 346, Loss: 0.3629
Epoch: 351, Loss: 0.3627
Epoch: 356, Loss: 0.3633
Epoch: 361, Loss: 0.3627
Epoch: 366, Loss: 0.3629
Epoch: 371, Loss: 0.3627
Epoch: 376, Loss: 0.3633
Epoch: 381, Loss: 0.3627
Epoch: 386, Loss: 0.3632
Epoch: 391, Loss: 0.3634
Epoch: 396, Loss: 0.3629
Epoch: 401, Loss: 0.3627
Epoch: 406, Loss: 0.3632
Epoch: 411, Loss: 0.3630
Epoch: 416, Loss: 0.3626
Epoch: 421, Loss: 0.3629
Epoch: 426, Loss: 0.3631
Epoch: 431, Loss: 0.3627
Epoch: 436, Loss: 0.3627
Epoch: 441, Loss: 0.3630
Epoch: 446, Loss: 0.3629
Epoch: 451, Loss: 0.3626
Epoch: 456, Loss: 0.3629
Epoch: 461, Loss: 0.3630
Epoch: 466, Loss: 0.3627
Epoch: 471, Loss: 0.3626
Epoch: 476, Loss: 0.3630
Epoch: 481, Loss: 0.3629
Epoch: 486, Loss: 0.3626
Epoch: 491, Loss: 0.3628
Epoch: 496, Loss: 0.3626
Epoch: 501, Loss: 0.3629
Epoch: 506, Loss: 0.3629
Epoch: 511, Loss: 0.3626
Epoch: 516, Loss: 0.3628
Epoch: 521, Loss: 0.3626
Epoch: 526, Loss: 0.3628
Epoch: 531, Loss: 0.3627
Epoch: 536, Loss: 0.3626
Epoch: 541, Loss: 0.3628
Epoch: 546, Loss: 0.3626
Epoch: 551, Loss: 0.3629
Epoch: 556, Loss: 0.3625
Epoch: 561, Loss: 0.3629
Epoch: 566, Loss: 0.3626
Epoch: 571, Loss: 0.3627
Epoch: 576, Loss: 0.3626
Epoch: 581, Loss: 0.3626
Epoch: 586, Loss: 0.3628
Epoch: 591, Loss: 0.3625
Epoch: 596, Loss: 0.3629
Epoch: 601, Loss: 0.3625
Epoch: 606, Loss: 0.3628
Epoch: 611, Loss: 0.3626
Epoch: 616, Loss: 0.3627
Epoch: 621, Loss: 0.3626
Epoch: 626, Loss: 0.3626
Epoch: 631, Loss: 0.3628
Epoch: 636, Loss: 0.3625
Epoch: 641, Loss: 0.3629
Epoch: 646, Loss: 0.3625
Epoch: 651, Loss: 0.3628
Epoch: 656, Loss: 0.3625
Epoch: 661, Loss: 0.3627
Epoch: 666, Loss: 0.3626
Epoch: 671, Loss: 0.3626
Epoch: 676, Loss: 0.3627
Epoch: 681, Loss: 0.3625
Epoch: 686, Loss: 0.3628
Epoch: 691, Loss: 0.3625
Epoch: 696, Loss: 0.3627
Epoch: 701, Loss: 0.3625
Epoch: 706, Loss: 0.3626
Epoch: 711, Loss: 0.3626
Epoch: 716, Loss: 0.3625
Epoch: 721, Loss: 0.3627
Epoch: 726, Loss: 0.3625
Epoch: 731, Loss: 0.3628
Epoch: 736, Loss: 0.3625
Epoch: 741, Loss: 0.3627
Epoch: 746, Loss: 0.3624
Epoch: 751, Loss: 0.3624
Epoch: 756, Loss: 0.3627
Epoch: 761, Loss: 0.3627
Epoch: 766, Loss: 0.3625
Epoch: 771, Loss: 0.3624
Epoch: 776, Loss: 0.3627
Epoch: 781, Loss: 0.3625
Epoch: 786, Loss: 0.3626
Epoch: 791, Loss: 0.3625
Epoch: 796, Loss: 0.3625
Epoch: 801, Loss: 0.3625
Epoch: 806, Loss: 0.3625
Epoch: 811, Loss: 0.3627
Epoch: 816, Loss: 0.3624
Epoch: 821, Loss: 0.3628
Epoch: 826, Loss: 0.3624
Epoch: 831, Loss: 0.3627
Epoch: 836, Loss: 0.3624
Epoch: 841, Loss: 0.3625
Epoch: 846, Loss: 0.3625
Epoch: 851, Loss: 0.3624
Epoch: 856, Loss: 0.3625
Epoch: 861, Loss: 0.3625
Epoch: 866, Loss: 0.3627
Epoch: 871, Loss: 0.3624
Epoch: 876, Loss: 0.3626
Epoch: 881, Loss: 0.3624
Epoch: 886, Loss: 0.3625
Epoch: 891, Loss: 0.3624
Epoch: 896, Loss: 0.3625
Epoch: 901, Loss: 0.3626
Epoch: 906, Loss: 0.3624
Epoch: 911, Loss: 0.3625
Epoch: 916, Loss: 0.3624
Epoch: 921, Loss: 0.3624
Epoch: 926, Loss: 0.3624
Epoch: 931, Loss: 0.3625
Epoch: 936, Loss: 0.3626
Epoch: 941, Loss: 0.3624
Epoch: 946, Loss: 0.3625
Epoch: 951, Loss: 0.3625
Epoch: 956, Loss: 0.3624
Epoch: 961, Loss: 0.3625
Epoch: 966, Loss: 0.3624
Epoch: 971, Loss: 0.3625
Epoch: 976, Loss: 0.3624
Epoch: 981, Loss: 0.3625
Epoch: 986, Loss: 0.3623
Epoch: 991, Loss: 0.3625
Epoch: 996, Loss: 0.3623
Epoch: 1001, Loss: 0.3625
Elapsed time 0.2053 min
test data and predicted data:

Epoch: 6, Loss: 0.3623
Epoch: 11, Loss: 0.3625
Epoch: 16, Loss: 0.3623
Epoch: 21, Loss: 0.3626
Epoch: 26, Loss: 0.3623
Epoch: 31, Loss: 0.3625
Epoch: 36, Loss: 0.3624
Epoch: 41, Loss: 0.3624
Epoch: 46, Loss: 0.3624
Epoch: 51, Loss: 0.3625
Epoch: 56, Loss: 0.3623
Epoch: 61, Loss: 0.3624
Epoch: 66, Loss: 0.3623
Epoch: 71, Loss: 0.3625
Epoch: 76, Loss: 0.3623
Epoch: 81, Loss: 0.3624
Epoch: 86, Loss: 0.3623
Epoch: 91, Loss: 0.3626
Epoch: 96, Loss: 0.3623
Epoch: 101, Loss: 0.3626
Epoch: 106, Loss: 0.3623
Epoch: 111, Loss: 0.3623
Epoch: 116, Loss: 0.3623
Epoch: 121, Loss: 0.3622
Epoch: 126, Loss: 0.3625
Epoch: 131, Loss: 0.3624
Epoch: 136, Loss: 0.3623
Epoch: 141, Loss: 0.3624
Epoch: 146, Loss: 0.3623
Epoch: 151, Loss: 0.3622
Epoch: 156, Loss: 0.3626
Epoch: 161, Loss: 0.3622
Epoch: 166, Loss: 0.3625
Epoch: 171, Loss: 0.3623
Epoch: 176, Loss: 0.3624
Epoch: 181, Loss: 0.3623
Epoch: 186, Loss: 0.3625
Epoch: 191, Loss: 0.3622
Epoch: 196, Loss: 0.3622
Epoch: 201, Loss: 0.3627
Epoch: 206, Loss: 0.3622
Epoch: 211, Loss: 0.3624
Epoch: 216, Loss: 0.3623
Epoch: 221, Loss: 0.3624
Epoch: 226, Loss: 0.3624
Epoch: 231, Loss: 0.3622
Epoch: 236, Loss: 0.3622
Epoch: 241, Loss: 0.3628
Epoch: 246, Loss: 0.3622
Epoch: 251, Loss: 0.3624
Epoch: 256, Loss: 0.3632
Epoch: 261, Loss: 0.3628
Epoch: 266, Loss: 0.3628
Epoch: 271, Loss: 0.3622
Epoch: 276, Loss: 0.3621
Epoch: 281, Loss: 0.3623
Epoch: 286, Loss: 0.3622
Epoch: 291, Loss: 0.3622
Epoch: 296, Loss: 0.3623
Epoch: 301, Loss: 0.3621
Epoch: 306, Loss: 0.3621
Epoch: 311, Loss: 0.3625
Epoch: 316, Loss: 0.3621
Epoch: 321, Loss: 0.3624
Epoch: 326, Loss: 0.3623
Epoch: 331, Loss: 0.3621
Epoch: 336, Loss: 0.3621
Epoch: 341, Loss: 0.3625
Epoch: 346, Loss: 0.3621
Epoch: 351, Loss: 0.3628
Epoch: 356, Loss: 0.3623
Epoch: 361, Loss: 0.3621
Epoch: 366, Loss: 0.3621
Epoch: 371, Loss: 0.3625
Epoch: 376, Loss: 0.3622
Epoch: 381, Loss: 0.3626
Epoch: 386, Loss: 0.3621
Epoch: 391, Loss: 0.3625
Epoch: 396, Loss: 0.3621
Epoch: 401, Loss: 0.3623
Epoch: 406, Loss: 0.3622
Epoch: 411, Loss: 0.3623
Epoch: 416, Loss: 0.3621
Epoch: 421, Loss: 0.3625
Epoch: 426, Loss: 0.3620
Epoch: 431, Loss: 0.3622
Epoch: 436, Loss: 0.3625
Epoch: 441, Loss: 0.3622
Epoch: 446, Loss: 0.3622
Epoch: 451, Loss: 0.3625
Epoch: 456, Loss: 0.3620
Epoch: 461, Loss: 0.3621
Epoch: 466, Loss: 0.3625
Epoch: 471, Loss: 0.3619
Epoch: 476, Loss: 0.3625
Epoch: 481, Loss: 0.3624
Epoch: 486, Loss: 0.3620
Epoch: 491, Loss: 0.3620
Epoch: 496, Loss: 0.3626
Epoch: 501, Loss: 0.3620
Epoch: 506, Loss: 0.3628
Epoch: 511, Loss: 0.3622
Epoch: 516, Loss: 0.3621
Epoch: 521, Loss: 0.3622
Epoch: 526, Loss: 0.3620
Epoch: 531, Loss: 0.3624
Epoch: 536, Loss: 0.3619
Epoch: 541, Loss: 0.3624
Epoch: 546, Loss: 0.3622
Epoch: 551, Loss: 0.3619
Epoch: 556, Loss: 0.3626
Epoch: 561, Loss: 0.3620
Epoch: 566, Loss: 0.3622
Epoch: 571, Loss: 0.3621
Epoch: 576, Loss: 0.3619
Epoch: 581, Loss: 0.3626
Epoch: 586, Loss: 0.3620
Epoch: 591, Loss: 0.3620
Epoch: 596, Loss: 0.3621
Epoch: 601, Loss: 0.3619
Epoch: 606, Loss: 0.3623
Epoch: 611, Loss: 0.3618
Epoch: 616, Loss: 0.3622
Epoch: 621, Loss: 0.3619
Epoch: 626, Loss: 0.3622
Epoch: 631, Loss: 0.3618
Epoch: 636, Loss: 0.3623
Epoch: 641, Loss: 0.3619
Epoch: 646, Loss: 0.3622
Epoch: 651, Loss: 0.3621
Epoch: 656, Loss: 0.3620
Epoch: 661, Loss: 0.3620
Epoch: 666, Loss: 0.3618
Epoch: 671, Loss: 0.3625
Epoch: 676, Loss: 0.3627
Epoch: 681, Loss: 0.3620
Epoch: 686, Loss: 0.3619
Epoch: 691, Loss: 0.3620
Epoch: 696, Loss: 0.3618
Epoch: 701, Loss: 0.3622
Epoch: 706, Loss: 0.3618
Epoch: 711, Loss: 0.3620
Epoch: 716, Loss: 0.3618
Epoch: 721, Loss: 0.3623
Epoch: 726, Loss: 0.3621
Epoch: 731, Loss: 0.3619
Epoch: 736, Loss: 0.3620
Epoch: 741, Loss: 0.3618
Epoch: 746, Loss: 0.3622
Epoch: 751, Loss: 0.3617
Epoch: 756, Loss: 0.3621
Epoch: 761, Loss: 0.3618
Epoch: 766, Loss: 0.3621
Epoch: 771, Loss: 0.3620
Epoch: 776, Loss: 0.3619
Epoch: 781, Loss: 0.3620
Epoch: 786, Loss: 0.3617
Epoch: 791, Loss: 0.3621
Epoch: 796, Loss: 0.3617
Epoch: 801, Loss: 0.3620
Epoch: 806, Loss: 0.3618
Epoch: 811, Loss: 0.3621
Epoch: 816, Loss: 0.3619
Epoch: 821, Loss: 0.3619
Epoch: 826, Loss: 0.3619
Epoch: 831, Loss: 0.3617
Epoch: 836, Loss: 0.3621
Epoch: 841, Loss: 0.3617
Epoch: 846, Loss: 0.3620
Epoch: 851, Loss: 0.3618
Epoch: 856, Loss: 0.3621
Epoch: 861, Loss: 0.3619
Epoch: 866, Loss: 0.3618
Epoch: 871, Loss: 0.3619
Epoch: 876, Loss: 0.3617
Epoch: 881, Loss: 0.3620
Epoch: 886, Loss: 0.3616
Epoch: 891, Loss: 0.3619
Epoch: 896, Loss: 0.3617
Epoch: 901, Loss: 0.3620
Epoch: 906, Loss: 0.3619
Epoch: 911, Loss: 0.3618
Epoch: 916, Loss: 0.3618
Epoch: 921, Loss: 0.3616
Epoch: 926, Loss: 0.3620
Epoch: 931, Loss: 0.3616
Epoch: 936, Loss: 0.3620
Epoch: 941, Loss: 0.3617
Epoch: 946, Loss: 0.3620
Epoch: 951, Loss: 0.3618
Epoch: 956, Loss: 0.3618
Epoch: 961, Loss: 0.3618
Epoch: 966, Loss: 0.3616
Epoch: 971, Loss: 0.3620
Epoch: 976, Loss: 0.3616
Epoch: 981, Loss: 0.3619
Epoch: 986, Loss: 0.3616
Epoch: 991, Loss: 0.3620
Epoch: 996, Loss: 0.3618
Epoch: 1001, Loss: 0.3618
Elapsed time 0.2060 min
test data and predicted data:

avg Test Accuracy: 0.8996  avg Test AUC: 0.8952  avg Test PRE: 0.8500
