====================================================================================================
data: HeteroData(
  drug={
    node_id=[6823],
    x=[6823, 12],
  },
  protein={
    node_id=[4650],
    x=[4650, 20],
  },
  (drug, interaction, protein)={ edge_index=[2, 23705] },
  (protein, rev_interaction, drug)={ edge_index=[2, 23705] }
)
====================================================================================================
****************************************************************************************************
train data: HeteroData(
  drug={
    node_id=[6823],
    x=[6823, 12],
  },
  protein={
    node_id=[4650],
    x=[4650, 20],
  },
  (drug, interaction, protein)={
    edge_index=[2, 13276],
    edge_label=[19908],
    edge_label_index=[2, 19908],
  },
  (protein, rev_interaction, drug)={ edge_index=[2, 13276] }
)
****************************************************************************************************
val data: HeteroData(
  drug={
    node_id=[6823],
    x=[6823, 12],
  },
  protein={
    node_id=[4650],
    x=[4650, 20],
  },
  (drug, interaction, protein)={
    edge_index=[2, 16594],
    edge_label=[14220],
    edge_label_index=[2, 14220],
  },
  (protein, rev_interaction, drug)={ edge_index=[2, 16594] }
)
****************************************************************************************************
test data: HeteroData(
  drug={
    node_id=[6823],
    x=[6823, 12],
  },
  protein={
    node_id=[4650],
    x=[4650, 20],
  },
  (drug, interaction, protein)={
    edge_index=[2, 18964],
    edge_label=[28446],
    edge_label_index=[2, 28446],
  },
  (protein, rev_interaction, drug)={ edge_index=[2, 18964] }
)
****************************************************************************************************
edge_x: torch.Size([19908, 32])
labels: torch.Size([19908])
edge_x: torch.Size([14220, 32])
labels: torch.Size([14220])
edge_x: torch.Size([28446, 32])
labels: torch.Size([28446])
model: HGT(
  (lin_dict): ModuleDict(
    (drug): Linear(-1, 64, bias=True)
    (protein): Linear(-1, 64, bias=True)
  )
  (convs): ModuleList(
    (0-1): 2 x HGTConv(-1, 64, heads=2)
  )
  (lin): Linear(128, 1, bias=True)
)
Epoch: 6, Loss: 0.5938
Epoch: 11, Loss: 0.4547
Epoch: 16, Loss: 0.4517
Epoch: 21, Loss: 0.4457
Epoch: 26, Loss: 0.4484
Epoch: 31, Loss: 0.4497
Epoch: 36, Loss: 0.4497
Epoch: 41, Loss: 0.4487
Epoch: 46, Loss: 0.4458
Epoch: 51, Loss: 0.4464
Epoch: 56, Loss: 0.4454
Epoch: 61, Loss: 0.4426
Epoch: 66, Loss: 0.4311
Epoch: 71, Loss: 0.5322
Epoch: 76, Loss: 0.3983
Epoch: 81, Loss: 0.3903
Epoch: 86, Loss: 0.3807
Epoch: 91, Loss: 0.3770
Epoch: 96, Loss: 0.3766
Epoch: 101, Loss: 0.3737
Elapsed time 0.1531 min
test data and predicted data:

Epoch: 6, Loss: 0.3725
Epoch: 11, Loss: 0.3719
Epoch: 16, Loss: 0.3715
Epoch: 21, Loss: 0.3712
Epoch: 26, Loss: 0.3709
Epoch: 31, Loss: 0.3706
Epoch: 36, Loss: 0.3704
Epoch: 41, Loss: 0.3702
Epoch: 46, Loss: 0.3701
Epoch: 51, Loss: 0.3699
Epoch: 56, Loss: 0.3698
Epoch: 61, Loss: 0.3697
Epoch: 66, Loss: 0.3696
Epoch: 71, Loss: 0.3699
Epoch: 76, Loss: 0.3771
Epoch: 81, Loss: 0.3894
Epoch: 86, Loss: 0.3749
Epoch: 91, Loss: 0.3731
Epoch: 96, Loss: 0.3704
Epoch: 101, Loss: 0.3707
Elapsed time 0.1506 min
test data and predicted data:

Epoch: 6, Loss: 0.3665
Epoch: 11, Loss: 0.3647
Epoch: 16, Loss: 0.3717
Epoch: 21, Loss: 0.3749
Epoch: 26, Loss: 0.3752
Epoch: 31, Loss: 0.3633
Epoch: 36, Loss: 0.3604
Epoch: 41, Loss: 0.3565
Epoch: 46, Loss: 0.3548
Epoch: 51, Loss: 0.3528
Epoch: 56, Loss: 0.3525
Epoch: 61, Loss: 0.3761
Epoch: 66, Loss: 0.3746
Epoch: 71, Loss: 0.3799
Epoch: 76, Loss: 0.3740
Epoch: 81, Loss: 0.3720
Epoch: 86, Loss: 0.3620
Epoch: 91, Loss: 0.4056
Epoch: 96, Loss: 0.3762
Epoch: 101, Loss: 0.3681
Elapsed time 0.1510 min
test data and predicted data:

Epoch: 6, Loss: 0.3588
Epoch: 11, Loss: 0.3590
Epoch: 16, Loss: 0.3540
Epoch: 21, Loss: 0.3545
Epoch: 26, Loss: 0.3524
Epoch: 31, Loss: 0.3517
Epoch: 36, Loss: 0.3517
Epoch: 41, Loss: 0.3512
Epoch: 46, Loss: 0.3511
Epoch: 51, Loss: 0.3509
Epoch: 56, Loss: 0.3508
Epoch: 61, Loss: 0.3506
Epoch: 66, Loss: 0.3506
Epoch: 71, Loss: 0.3505
Epoch: 76, Loss: 0.3504
Epoch: 81, Loss: 0.3504
Epoch: 86, Loss: 0.3503
Epoch: 91, Loss: 0.3503
Epoch: 96, Loss: 0.3502
Epoch: 101, Loss: 0.3502
Elapsed time 0.1506 min
test data and predicted data:

Epoch: 6, Loss: 0.3501
Epoch: 11, Loss: 0.3500
Epoch: 16, Loss: 0.3500
Epoch: 21, Loss: 0.3499
Epoch: 26, Loss: 0.3499
Epoch: 31, Loss: 0.3498
Epoch: 36, Loss: 0.3498
Epoch: 41, Loss: 0.3497
Epoch: 46, Loss: 0.3497
Epoch: 51, Loss: 0.3496
Epoch: 56, Loss: 0.3495
Epoch: 61, Loss: 0.3495
Epoch: 66, Loss: 0.3494
Epoch: 71, Loss: 0.3494
Epoch: 76, Loss: 0.3494
Epoch: 81, Loss: 0.3493
Epoch: 86, Loss: 0.3493
Epoch: 91, Loss: 0.3493
Epoch: 96, Loss: 0.3492
Epoch: 101, Loss: 0.3492
Elapsed time 0.1507 min
test data and predicted data:

Epoch: 6, Loss: 0.3492
Epoch: 11, Loss: 0.3491
Epoch: 16, Loss: 0.3491
Epoch: 21, Loss: 0.3490
Epoch: 26, Loss: 0.3490
Epoch: 31, Loss: 0.3490
Epoch: 36, Loss: 0.3489
Epoch: 41, Loss: 0.3489
Epoch: 46, Loss: 0.3488
Epoch: 51, Loss: 0.3488
Epoch: 56, Loss: 0.3488
Epoch: 61, Loss: 0.3487
Epoch: 66, Loss: 0.3487
Epoch: 71, Loss: 0.3487
Epoch: 76, Loss: 0.3486
Epoch: 81, Loss: 0.3486
Epoch: 86, Loss: 0.3485
Epoch: 91, Loss: 0.3485
Epoch: 96, Loss: 0.3485
Epoch: 101, Loss: 0.3484
Elapsed time 0.1510 min
test data and predicted data:

Epoch: 6, Loss: 0.3484
Epoch: 11, Loss: 0.3484
Epoch: 16, Loss: 0.3485
Epoch: 21, Loss: 0.3532
Epoch: 26, Loss: 0.3493
Epoch: 31, Loss: 0.3509
Epoch: 36, Loss: 0.3502
Epoch: 41, Loss: 0.3492
Epoch: 46, Loss: 0.3486
Epoch: 51, Loss: 0.3483
Epoch: 56, Loss: 0.3482
Epoch: 61, Loss: 0.3482
Epoch: 66, Loss: 0.3481
Epoch: 71, Loss: 0.3481
Epoch: 76, Loss: 0.3481
Epoch: 81, Loss: 0.3480
Epoch: 86, Loss: 0.3480
Epoch: 91, Loss: 0.3479
Epoch: 96, Loss: 0.3479
Epoch: 101, Loss: 0.3479
Elapsed time 0.1497 min
test data and predicted data:

Epoch: 6, Loss: 0.3478
Epoch: 11, Loss: 0.3478
Epoch: 16, Loss: 0.3477
Epoch: 21, Loss: 0.3477
Epoch: 26, Loss: 0.3477
Epoch: 31, Loss: 0.3476
Epoch: 36, Loss: 0.3476
Epoch: 41, Loss: 0.3476
Epoch: 46, Loss: 0.3475
Epoch: 51, Loss: 0.3475
Epoch: 56, Loss: 0.3475
Epoch: 61, Loss: 0.3474
Epoch: 66, Loss: 0.3474
Epoch: 71, Loss: 0.3487
Epoch: 76, Loss: 0.3473
Epoch: 81, Loss: 0.3485
Epoch: 86, Loss: 0.3479
Epoch: 91, Loss: 0.3475
Epoch: 96, Loss: 0.3474
Epoch: 101, Loss: 0.3472
Elapsed time 0.1529 min
test data and predicted data:

Epoch: 6, Loss: 0.3472
Epoch: 11, Loss: 0.3470
Epoch: 16, Loss: 0.3469
Epoch: 21, Loss: 0.3469
Epoch: 26, Loss: 0.3468
Epoch: 31, Loss: 0.3467
Epoch: 36, Loss: 0.3466
Epoch: 41, Loss: 0.3466
Epoch: 46, Loss: 0.3465
Epoch: 51, Loss: 0.3496
Epoch: 56, Loss: 0.3468
Epoch: 61, Loss: 0.3509
Epoch: 66, Loss: 0.3478
Epoch: 71, Loss: 0.3466
Epoch: 76, Loss: 0.3468
Epoch: 81, Loss: 0.3469
Epoch: 86, Loss: 0.3466
Epoch: 91, Loss: 0.3464
Epoch: 96, Loss: 0.3461
Epoch: 101, Loss: 0.3462
Elapsed time 0.1496 min
test data and predicted data:

Epoch: 6, Loss: 0.3460
Epoch: 11, Loss: 0.3460
Epoch: 16, Loss: 0.3459
Epoch: 21, Loss: 0.3458
Epoch: 26, Loss: 0.3458
Epoch: 31, Loss: 0.3458
Epoch: 36, Loss: 0.3457
Epoch: 41, Loss: 0.3457
Epoch: 46, Loss: 0.3457
Epoch: 51, Loss: 0.3457
Epoch: 56, Loss: 0.3457
Epoch: 61, Loss: 0.3458
Epoch: 66, Loss: 0.3463
Epoch: 71, Loss: 0.3471
Epoch: 76, Loss: 0.3460
Epoch: 81, Loss: 0.3456
Epoch: 86, Loss: 0.3456
Epoch: 91, Loss: 0.3457
Epoch: 96, Loss: 0.3457
Epoch: 101, Loss: 0.3455
Elapsed time 0.1511 min
test data and predicted data:

avg Test Accuracy: 0.8996  avg Test AUC: 0.8950  avg Test PRE: 0.8499
