====================================================================================================
data: HeteroData(
  drug={
    node_id=[6823],
    x=[6823, 12],
  },
  protein={
    node_id=[4650],
    x=[4650, 20],
  },
  (drug, interaction, protein)={ edge_index=[2, 23705] },
  (protein, rev_interaction, drug)={ edge_index=[2, 23705] }
)
====================================================================================================
****************************************************************************************************
train data: HeteroData(
  drug={
    node_id=[6823],
    x=[6823, 12],
  },
  protein={
    node_id=[4650],
    x=[4650, 20],
  },
  (drug, interaction, protein)={
    edge_index=[2, 13276],
    edge_label=[9954],
    edge_label_index=[2, 9954],
  },
  (protein, rev_interaction, drug)={ edge_index=[2, 13276] }
)
****************************************************************************************************
val data: HeteroData(
  drug={
    node_id=[6823],
    x=[6823, 12],
  },
  protein={
    node_id=[4650],
    x=[4650, 20],
  },
  (drug, interaction, protein)={
    edge_index=[2, 16594],
    edge_label=[7110],
    edge_label_index=[2, 7110],
  },
  (protein, rev_interaction, drug)={ edge_index=[2, 16594] }
)
****************************************************************************************************
test data: HeteroData(
  drug={
    node_id=[6823],
    x=[6823, 12],
  },
  protein={
    node_id=[4650],
    x=[4650, 20],
  },
  (drug, interaction, protein)={
    edge_index=[2, 18964],
    edge_label=[14223],
    edge_label_index=[2, 14223],
  },
  (protein, rev_interaction, drug)={ edge_index=[2, 18964] }
)
****************************************************************************************************
edge_x: torch.Size([9954, 32])
labels: torch.Size([9954])
edge_x: torch.Size([7110, 32])
labels: torch.Size([7110])
edge_x: torch.Size([14223, 32])
labels: torch.Size([14223])
model: HGT(
  (lin_dict): ModuleDict(
    (drug): Linear(-1, 64, bias=True)
    (protein): Linear(-1, 64, bias=True)
  )
  (convs): ModuleList(
    (0-1): 2 x HGTConv(-1, 64, heads=4)
  )
  (lin): Linear(128, 1, bias=True)
)
Epoch: 6, Loss: 0.8356
Epoch: 11, Loss: 0.6304
Epoch: 16, Loss: 0.6353
Epoch: 21, Loss: 0.6259
Epoch: 26, Loss: 0.6638
Epoch: 31, Loss: 0.5924
Epoch: 36, Loss: 0.5811
Epoch: 41, Loss: 0.5673
Epoch: 46, Loss: 0.5454
Epoch: 51, Loss: 0.5470
Epoch: 56, Loss: 0.5422
Epoch: 61, Loss: 0.5185
Epoch: 66, Loss: 0.5014
Epoch: 71, Loss: 0.4995
Epoch: 76, Loss: 0.4995
Epoch: 81, Loss: 0.4981
Epoch: 86, Loss: 0.4979
Epoch: 91, Loss: 0.4964
Epoch: 96, Loss: 0.4952
Epoch: 101, Loss: 0.4945
Epoch: 106, Loss: 0.4938
Epoch: 111, Loss: 0.4932
Epoch: 116, Loss: 0.4927
Epoch: 121, Loss: 0.4922
Epoch: 126, Loss: 0.4916
Epoch: 131, Loss: 0.4909
Epoch: 136, Loss: 0.4899
Epoch: 141, Loss: 0.4883
Epoch: 146, Loss: 0.4872
Epoch: 151, Loss: 0.4837
Epoch: 156, Loss: 0.5451
Epoch: 161, Loss: 0.5055
Epoch: 166, Loss: 0.5084
Epoch: 171, Loss: 0.5345
Epoch: 176, Loss: 0.4914
Epoch: 181, Loss: 0.4968
Epoch: 186, Loss: 0.4940
Epoch: 191, Loss: 0.4912
Epoch: 196, Loss: 0.4883
Epoch: 201, Loss: 0.4886
Epoch: 206, Loss: 0.4872
Epoch: 211, Loss: 0.4870
Epoch: 216, Loss: 0.4862
Epoch: 221, Loss: 0.4857
Epoch: 226, Loss: 0.4853
Epoch: 231, Loss: 0.4848
Epoch: 236, Loss: 0.4844
Epoch: 241, Loss: 0.4840
Epoch: 246, Loss: 0.4836
Epoch: 251, Loss: 0.4832
Epoch: 256, Loss: 0.4831
Epoch: 261, Loss: 0.4826
Epoch: 266, Loss: 0.4823
Epoch: 271, Loss: 0.4819
Epoch: 276, Loss: 0.4815
Epoch: 281, Loss: 0.4812
Epoch: 286, Loss: 0.4808
Epoch: 291, Loss: 0.4803
Epoch: 296, Loss: 0.4800
Epoch: 301, Loss: 0.4797
Epoch: 306, Loss: 0.4792
Epoch: 311, Loss: 0.4793
Epoch: 316, Loss: 0.4786
Epoch: 321, Loss: 0.4929
Epoch: 326, Loss: 0.5067
Epoch: 331, Loss: 0.5181
Epoch: 336, Loss: 0.4906
Epoch: 341, Loss: 0.4881
Epoch: 346, Loss: 0.4838
Epoch: 351, Loss: 0.4809
Epoch: 356, Loss: 0.4803
Epoch: 361, Loss: 0.4780
Epoch: 366, Loss: 0.4777
Epoch: 371, Loss: 0.4763
Epoch: 376, Loss: 0.4761
Epoch: 381, Loss: 0.4754
Epoch: 386, Loss: 0.4767
Epoch: 391, Loss: 0.4755
Epoch: 396, Loss: 0.4747
Epoch: 401, Loss: 0.4744
Epoch: 406, Loss: 0.4749
Epoch: 411, Loss: 0.4720
Epoch: 416, Loss: 0.4734
Epoch: 421, Loss: 0.4732
Epoch: 426, Loss: 0.4712
Epoch: 431, Loss: 0.4715
Epoch: 436, Loss: 0.4714
Epoch: 441, Loss: 0.4717
Epoch: 446, Loss: 0.4701
Epoch: 451, Loss: 0.4700
Epoch: 456, Loss: 0.4695
Epoch: 461, Loss: 0.4690
Epoch: 466, Loss: 0.4684
Epoch: 471, Loss: 0.4676
Epoch: 476, Loss: 0.4673
Epoch: 481, Loss: 0.4671
Epoch: 486, Loss: 0.4659
Epoch: 491, Loss: 0.4657
Epoch: 496, Loss: 0.4649
Epoch: 501, Loss: 0.4648
Epoch: 506, Loss: 0.4641
Epoch: 511, Loss: 0.4656
Epoch: 516, Loss: 0.4694
Epoch: 521, Loss: 0.4819
Epoch: 526, Loss: 0.4849
Epoch: 531, Loss: 0.4882
Epoch: 536, Loss: 0.4832
Epoch: 541, Loss: 0.4803
Epoch: 546, Loss: 0.4784
Epoch: 551, Loss: 0.4772
Epoch: 556, Loss: 0.4764
Epoch: 561, Loss: 0.4757
Epoch: 566, Loss: 0.4748
Epoch: 571, Loss: 0.4740
Epoch: 576, Loss: 0.4736
Epoch: 581, Loss: 0.4739
Epoch: 586, Loss: 0.4724
Epoch: 591, Loss: 0.4717
Epoch: 596, Loss: 0.4774
Epoch: 601, Loss: 0.4700
Epoch: 606, Loss: 0.4691
Epoch: 611, Loss: 0.4683
Epoch: 616, Loss: 0.4682
Epoch: 621, Loss: 0.4676
Epoch: 626, Loss: 0.4682
Epoch: 631, Loss: 0.4687
Epoch: 636, Loss: 0.4684
Epoch: 641, Loss: 0.4682
Epoch: 646, Loss: 0.4679
Epoch: 651, Loss: 0.4677
Epoch: 656, Loss: 0.4675
Epoch: 661, Loss: 0.4673
Epoch: 666, Loss: 0.4672
Epoch: 671, Loss: 0.4675
Epoch: 676, Loss: 0.4666
Epoch: 681, Loss: 0.4669
Epoch: 686, Loss: 0.4662
Epoch: 691, Loss: 0.4662
Epoch: 696, Loss: 0.4657
Epoch: 701, Loss: 0.4658
Epoch: 706, Loss: 0.4657
Epoch: 711, Loss: 0.4656
Epoch: 716, Loss: 0.4657
Epoch: 721, Loss: 0.4672
Epoch: 726, Loss: 0.5792
Epoch: 731, Loss: 0.6749
Epoch: 736, Loss: 0.5318
Epoch: 741, Loss: 0.8817
Epoch: 746, Loss: 49.9239
Epoch: 751, Loss: 49.8168
Epoch: 756, Loss: 49.7982
Epoch: 761, Loss: 49.8241
Epoch: 766, Loss: 49.8732
Epoch: 771, Loss: 49.9615
Epoch: 776, Loss: 49.8068
Epoch: 781, Loss: 49.8307
Epoch: 786, Loss: 49.8397
Epoch: 791, Loss: 49.8432
Epoch: 796, Loss: 49.8197
Epoch: 801, Loss: 49.8066
Epoch: 806, Loss: 49.8105
Epoch: 811, Loss: 49.8032
Epoch: 816, Loss: 49.8001
Epoch: 821, Loss: 49.8004
Epoch: 826, Loss: 49.7984
Epoch: 831, Loss: 49.7982
Epoch: 836, Loss: 49.7977
Epoch: 841, Loss: 49.7971
Epoch: 846, Loss: 49.7969
Epoch: 851, Loss: 49.7966
Epoch: 856, Loss: 49.7964
Epoch: 861, Loss: 49.7962
Epoch: 866, Loss: 49.7960
Epoch: 871, Loss: 49.7959
Epoch: 876, Loss: 49.7958
Epoch: 881, Loss: 49.7957
Epoch: 886, Loss: 49.7956
Epoch: 891, Loss: 49.7955
Epoch: 896, Loss: 49.7954
Epoch: 901, Loss: 49.7953
Epoch: 906, Loss: 49.7953
Epoch: 911, Loss: 49.7952
Epoch: 916, Loss: 49.7952
Epoch: 921, Loss: 49.7951
Epoch: 926, Loss: 49.7951
Epoch: 931, Loss: 49.7950
Epoch: 936, Loss: 49.7950
Epoch: 941, Loss: 49.7950
Epoch: 946, Loss: 49.7949
Epoch: 951, Loss: 49.7949
Epoch: 956, Loss: 49.7949
Epoch: 961, Loss: 49.7949
Epoch: 966, Loss: 49.7949
Epoch: 971, Loss: 49.7948
Epoch: 976, Loss: 49.7948
Epoch: 981, Loss: 49.7948
Epoch: 986, Loss: 49.7948
Epoch: 991, Loss: 49.7948
Epoch: 996, Loss: 49.7948
Epoch: 1001, Loss: 49.7948
Elapsed time 0.1468 min
test data and predicted data:

Epoch: 6, Loss: 49.7948
Epoch: 11, Loss: 49.7947
Epoch: 16, Loss: 49.7947
Epoch: 21, Loss: 49.7947
Epoch: 26, Loss: 49.7947
Epoch: 31, Loss: 49.7947
Epoch: 36, Loss: 49.7947
Epoch: 41, Loss: 49.7947
Epoch: 46, Loss: 49.7947
Epoch: 51, Loss: 49.7947
Epoch: 56, Loss: 49.7947
Epoch: 61, Loss: 49.7947
Epoch: 66, Loss: 49.7947
Epoch: 71, Loss: 49.7947
Epoch: 76, Loss: 49.7947
Epoch: 81, Loss: 49.7947
Epoch: 86, Loss: 49.7946
Epoch: 91, Loss: 49.7946
Epoch: 96, Loss: 49.7946
Epoch: 101, Loss: 49.7946
Epoch: 106, Loss: 49.7946
Epoch: 111, Loss: 49.7946
Epoch: 116, Loss: 49.7946
Epoch: 121, Loss: 49.7946
Epoch: 126, Loss: 49.7946
Epoch: 131, Loss: 49.7946
Epoch: 136, Loss: 49.7946
Epoch: 141, Loss: 49.7946
Epoch: 146, Loss: 49.7946
Epoch: 151, Loss: 49.7946
Epoch: 156, Loss: 49.7946
Epoch: 161, Loss: 49.7946
Epoch: 166, Loss: 49.7946
Epoch: 171, Loss: 49.7946
Epoch: 176, Loss: 49.7946
Epoch: 181, Loss: 49.7946
Epoch: 186, Loss: 49.7946
Epoch: 191, Loss: 49.7946
Epoch: 196, Loss: 49.7946
Epoch: 201, Loss: 49.7946
Epoch: 206, Loss: 49.7946
Epoch: 211, Loss: 49.7946
Epoch: 216, Loss: 49.7946
Epoch: 221, Loss: 49.7946
Epoch: 226, Loss: 49.7946
Epoch: 231, Loss: 49.7946
Epoch: 236, Loss: 49.7946
Epoch: 241, Loss: 49.7946
Epoch: 246, Loss: 49.7946
Epoch: 251, Loss: 49.7946
Epoch: 256, Loss: 49.7946
Epoch: 261, Loss: 49.7946
Epoch: 266, Loss: 49.7945
Epoch: 271, Loss: 49.7945
Epoch: 276, Loss: 49.7945
Epoch: 281, Loss: 49.7945
Epoch: 286, Loss: 49.7945
Epoch: 291, Loss: 49.7945
Epoch: 296, Loss: 49.7945
Epoch: 301, Loss: 49.7945
Epoch: 306, Loss: 49.7945
Epoch: 311, Loss: 49.7945
Epoch: 316, Loss: 49.7945
Epoch: 321, Loss: 49.7945
Epoch: 326, Loss: 49.7945
Epoch: 331, Loss: 49.7945
Epoch: 336, Loss: 49.7945
Epoch: 341, Loss: 49.7945
Epoch: 346, Loss: 49.7945
Epoch: 351, Loss: 49.7945
Epoch: 356, Loss: 49.7945
Epoch: 361, Loss: 49.7945
Epoch: 366, Loss: 49.7945
Epoch: 371, Loss: 49.7945
Epoch: 376, Loss: 49.7945
Epoch: 381, Loss: 49.7945
Epoch: 386, Loss: 49.7945
Epoch: 391, Loss: 49.7945
Epoch: 396, Loss: 49.7945
Epoch: 401, Loss: 49.7945
Epoch: 406, Loss: 49.7945
Epoch: 411, Loss: 49.7945
Epoch: 416, Loss: 49.7945
Epoch: 421, Loss: 49.7945
Epoch: 426, Loss: 49.7945
Epoch: 431, Loss: 49.7945
Epoch: 436, Loss: 49.7945
Epoch: 441, Loss: 49.7945
Epoch: 446, Loss: 49.7945
Epoch: 451, Loss: 49.7945
Epoch: 456, Loss: 49.7945
Epoch: 461, Loss: 49.7945
Epoch: 466, Loss: 49.7945
Epoch: 471, Loss: 49.7945
Epoch: 476, Loss: 49.7945
Epoch: 481, Loss: 49.7945
Epoch: 486, Loss: 49.7945
Epoch: 491, Loss: 49.7945
Epoch: 496, Loss: 49.7945
Epoch: 501, Loss: 49.7945
Epoch: 506, Loss: 49.7945
Epoch: 511, Loss: 49.7945
Epoch: 516, Loss: 49.7945
Epoch: 521, Loss: 49.7945
Epoch: 526, Loss: 49.7945
Epoch: 531, Loss: 49.7945
Epoch: 536, Loss: 49.7945
Epoch: 541, Loss: 49.7945
Epoch: 546, Loss: 49.7945
Epoch: 551, Loss: 49.7945
Epoch: 556, Loss: 49.7945
Epoch: 561, Loss: 49.7945
Epoch: 566, Loss: 49.7945
Epoch: 571, Loss: 49.7945
Epoch: 576, Loss: 49.7945
Epoch: 581, Loss: 49.7945
Epoch: 586, Loss: 49.7945
Epoch: 591, Loss: 49.7945
Epoch: 596, Loss: 49.7945
Epoch: 601, Loss: 49.7945
Epoch: 606, Loss: 49.7945
Epoch: 611, Loss: 49.7945
Epoch: 616, Loss: 49.7945
Epoch: 621, Loss: 49.7945
Epoch: 626, Loss: 49.7945
Epoch: 631, Loss: 49.7945
Epoch: 636, Loss: 49.7945
Epoch: 641, Loss: 49.7945
Epoch: 646, Loss: 49.7945
Epoch: 651, Loss: 49.7945
Epoch: 656, Loss: 49.7945
Epoch: 661, Loss: 49.7945
Epoch: 666, Loss: 49.7945
Epoch: 671, Loss: 49.7945
Epoch: 676, Loss: 49.7945
Epoch: 681, Loss: 49.7945
Epoch: 686, Loss: 49.7945
Epoch: 691, Loss: 49.7945
Epoch: 696, Loss: 49.7945
Epoch: 701, Loss: 49.7945
Epoch: 706, Loss: 49.7945
Epoch: 711, Loss: 49.7945
Epoch: 716, Loss: 49.7945
Epoch: 721, Loss: 49.7945
Epoch: 726, Loss: 49.7945
Epoch: 731, Loss: 49.7945
Epoch: 736, Loss: 49.7945
Epoch: 741, Loss: 49.7945
Epoch: 746, Loss: 49.7945
Epoch: 751, Loss: 49.7945
Epoch: 756, Loss: 49.7945
Epoch: 761, Loss: 49.7945
Epoch: 766, Loss: 49.7945
Epoch: 771, Loss: 49.7945
Epoch: 776, Loss: 49.7945
Epoch: 781, Loss: 49.7945
Epoch: 786, Loss: 49.7945
Epoch: 791, Loss: 49.7945
Epoch: 796, Loss: 49.7945
Epoch: 801, Loss: 49.7945
Epoch: 806, Loss: 49.7945
Epoch: 811, Loss: 49.7945
Epoch: 816, Loss: 49.7945
Epoch: 821, Loss: 49.7945
Epoch: 826, Loss: 49.7945
Epoch: 831, Loss: 49.7945
Epoch: 836, Loss: 49.7945
Epoch: 841, Loss: 49.7945
Epoch: 846, Loss: 49.7945
Epoch: 851, Loss: 49.7945
Epoch: 856, Loss: 49.7945
Epoch: 861, Loss: 49.7945
Epoch: 866, Loss: 49.7945
Epoch: 871, Loss: 49.7945
Epoch: 876, Loss: 49.7945
Epoch: 881, Loss: 49.7945
Epoch: 886, Loss: 49.7945
Epoch: 891, Loss: 49.7945
Epoch: 896, Loss: 49.7945
Epoch: 901, Loss: 49.7945
Epoch: 906, Loss: 49.7945
Epoch: 911, Loss: 49.7945
Epoch: 916, Loss: 49.7945
Epoch: 921, Loss: 49.7945
Epoch: 926, Loss: 49.7945
Epoch: 931, Loss: 49.7945
Epoch: 936, Loss: 49.7945
Epoch: 941, Loss: 49.7945
Epoch: 946, Loss: 49.7945
Epoch: 951, Loss: 49.7945
Epoch: 956, Loss: 49.7945
Epoch: 961, Loss: 49.7945
Epoch: 966, Loss: 49.7945
Epoch: 971, Loss: 49.7945
Epoch: 976, Loss: 49.7945
Epoch: 981, Loss: 49.7945
Epoch: 986, Loss: 49.7945
Epoch: 991, Loss: 49.7945
Epoch: 996, Loss: 49.7945
Epoch: 1001, Loss: 49.7945
Elapsed time 0.1426 min
test data and predicted data:

Epoch: 6, Loss: 49.7945
Epoch: 11, Loss: 49.7945
Epoch: 16, Loss: 49.7945
Epoch: 21, Loss: 49.7945
Epoch: 26, Loss: 49.7945
Epoch: 31, Loss: 49.7945
Epoch: 36, Loss: 49.7945
Epoch: 41, Loss: 49.7945
Epoch: 46, Loss: 49.7945
Epoch: 51, Loss: 49.7945
Epoch: 56, Loss: 49.7945
Epoch: 61, Loss: 49.7945
Epoch: 66, Loss: 49.7945
Epoch: 71, Loss: 49.7945
Epoch: 76, Loss: 49.7945
Epoch: 81, Loss: 49.7945
Epoch: 86, Loss: 49.7945
Epoch: 91, Loss: 49.7945
Epoch: 96, Loss: 49.7945
Epoch: 101, Loss: 49.7945
Epoch: 106, Loss: 49.7945
Epoch: 111, Loss: 49.7945
Epoch: 116, Loss: 49.7945
Epoch: 121, Loss: 49.7945
Epoch: 126, Loss: 49.7945
Epoch: 131, Loss: 49.7945
Epoch: 136, Loss: 49.7945
Epoch: 141, Loss: 49.7945
Epoch: 146, Loss: 49.7945
Epoch: 151, Loss: 49.7945
Epoch: 156, Loss: 49.7945
Epoch: 161, Loss: 49.7945
Epoch: 166, Loss: 49.7945
Epoch: 171, Loss: 49.7945
Epoch: 176, Loss: 49.7945
Epoch: 181, Loss: 49.7945
Epoch: 186, Loss: 49.7945
Epoch: 191, Loss: 49.7945
Epoch: 196, Loss: 49.7945
Epoch: 201, Loss: 49.7945
Epoch: 206, Loss: 49.7945
Epoch: 211, Loss: 49.7945
Epoch: 216, Loss: 49.7945
Epoch: 221, Loss: 49.7945
Epoch: 226, Loss: 49.7945
Epoch: 231, Loss: 49.7945
Epoch: 236, Loss: 49.7945
Epoch: 241, Loss: 49.7945
Epoch: 246, Loss: 49.7945
Epoch: 251, Loss: 49.7945
Epoch: 256, Loss: 49.7945
Epoch: 261, Loss: 49.7945
Epoch: 266, Loss: 49.7945
Epoch: 271, Loss: 49.7945
Epoch: 276, Loss: 49.7945
Epoch: 281, Loss: 49.7945
Epoch: 286, Loss: 49.7945
Epoch: 291, Loss: 49.7945
Epoch: 296, Loss: 49.7945
Epoch: 301, Loss: 49.7945
Epoch: 306, Loss: 49.7945
Epoch: 311, Loss: 49.7945
Epoch: 316, Loss: 49.7945
Epoch: 321, Loss: 49.7945
Epoch: 326, Loss: 49.7945
Epoch: 331, Loss: 49.7945
Epoch: 336, Loss: 49.7945
Epoch: 341, Loss: 49.7945
Epoch: 346, Loss: 49.7945
Epoch: 351, Loss: 49.7945
Epoch: 356, Loss: 49.7945
Epoch: 361, Loss: 49.7945
Epoch: 366, Loss: 49.7945
Epoch: 371, Loss: 49.7945
Epoch: 376, Loss: 49.7945
Epoch: 381, Loss: 49.7945
Epoch: 386, Loss: 49.7945
Epoch: 391, Loss: 49.7945
Epoch: 396, Loss: 49.7945
Epoch: 401, Loss: 49.7945
Epoch: 406, Loss: 49.7945
Epoch: 411, Loss: 49.7945
Epoch: 416, Loss: 49.7945
Epoch: 421, Loss: 49.7945
Epoch: 426, Loss: 49.7945
Epoch: 431, Loss: 49.7945
Epoch: 436, Loss: 49.7945
Epoch: 441, Loss: 49.7945
Epoch: 446, Loss: 49.7945
Epoch: 451, Loss: 49.7945
Epoch: 456, Loss: 49.7945
Epoch: 461, Loss: 49.7945
Epoch: 466, Loss: 49.7945
Epoch: 471, Loss: 49.7945
Epoch: 476, Loss: 49.7945
Epoch: 481, Loss: 49.7945
Epoch: 486, Loss: 49.7945
Epoch: 491, Loss: 49.7945
Epoch: 496, Loss: 49.7945
Epoch: 501, Loss: 49.7945
Epoch: 506, Loss: 49.7945
Epoch: 511, Loss: 49.7945
Epoch: 516, Loss: 49.7945
Epoch: 521, Loss: 49.7945
Epoch: 526, Loss: 49.7945
Epoch: 531, Loss: 49.7945
Epoch: 536, Loss: 49.7945
Epoch: 541, Loss: 49.7945
Epoch: 546, Loss: 49.7945
Epoch: 551, Loss: 49.7945
Epoch: 556, Loss: 49.7945
Epoch: 561, Loss: 49.7945
Epoch: 566, Loss: 49.7945
Epoch: 571, Loss: 49.7945
Epoch: 576, Loss: 49.7945
Epoch: 581, Loss: 49.7945
Epoch: 586, Loss: 49.7945
Epoch: 591, Loss: 49.7945
Epoch: 596, Loss: 49.7945
Epoch: 601, Loss: 49.7945
Epoch: 606, Loss: 49.7945
Epoch: 611, Loss: 49.7945
Epoch: 616, Loss: 49.7945
Epoch: 621, Loss: 49.7945
Epoch: 626, Loss: 49.7945
Epoch: 631, Loss: 49.7945
Epoch: 636, Loss: 49.7945
Epoch: 641, Loss: 49.7945
Epoch: 646, Loss: 49.7945
Epoch: 651, Loss: 49.7945
Epoch: 656, Loss: 49.7945
Epoch: 661, Loss: 49.7945
Epoch: 666, Loss: 49.7945
Epoch: 671, Loss: 49.7945
Epoch: 676, Loss: 49.7945
Epoch: 681, Loss: 49.7945
Epoch: 686, Loss: 49.7945
Epoch: 691, Loss: 49.7945
Epoch: 696, Loss: 49.7945
Epoch: 701, Loss: 49.7945
Epoch: 706, Loss: 49.7945
Epoch: 711, Loss: 49.7945
Epoch: 716, Loss: 49.7945
Epoch: 721, Loss: 49.7945
Epoch: 726, Loss: 49.7945
Epoch: 731, Loss: 49.7945
Epoch: 736, Loss: 49.7945
Epoch: 741, Loss: 49.7945
Epoch: 746, Loss: 49.7945
Epoch: 751, Loss: 49.7945
Epoch: 756, Loss: 49.7945
Epoch: 761, Loss: 49.7945
Epoch: 766, Loss: 49.7945
Epoch: 771, Loss: 49.7945
Epoch: 776, Loss: 49.7945
Epoch: 781, Loss: 49.7945
Epoch: 786, Loss: 49.7945
Epoch: 791, Loss: 49.7945
Epoch: 796, Loss: 49.7945
Epoch: 801, Loss: 49.7945
Epoch: 806, Loss: 49.7945
Epoch: 811, Loss: 49.7945
Epoch: 816, Loss: 49.7945
Epoch: 821, Loss: 49.7945
Epoch: 826, Loss: 49.7945
Epoch: 831, Loss: 49.7945
Epoch: 836, Loss: 49.7945
Epoch: 841, Loss: 49.7945
Epoch: 846, Loss: 49.7945
Epoch: 851, Loss: 49.7945
Epoch: 856, Loss: 49.7945
Epoch: 861, Loss: 49.7945
Epoch: 866, Loss: 49.7945
Epoch: 871, Loss: 49.7945
Epoch: 876, Loss: 49.7945
Epoch: 881, Loss: 49.7945
Epoch: 886, Loss: 49.7945
Epoch: 891, Loss: 49.7945
Epoch: 896, Loss: 49.7945
Epoch: 901, Loss: 49.7945
Epoch: 906, Loss: 49.7945
Epoch: 911, Loss: 49.7945
Epoch: 916, Loss: 49.7945
Epoch: 921, Loss: 49.7945
Epoch: 926, Loss: 49.7945
Epoch: 931, Loss: 49.7945
Epoch: 936, Loss: 49.7945
Epoch: 941, Loss: 49.7945
Epoch: 946, Loss: 49.7945
Epoch: 951, Loss: 49.7945
Epoch: 956, Loss: 49.7945
Epoch: 961, Loss: 49.7945
Epoch: 966, Loss: 49.7945
Epoch: 971, Loss: 49.7945
Epoch: 976, Loss: 49.7945
Epoch: 981, Loss: 49.7945
Epoch: 986, Loss: 49.7945
Epoch: 991, Loss: 49.7945
Epoch: 996, Loss: 49.7945
Epoch: 1001, Loss: 49.7945
Elapsed time 0.1446 min
test data and predicted data:

Epoch: 6, Loss: 49.7945
Epoch: 11, Loss: 49.7945
Epoch: 16, Loss: 49.7945
Epoch: 21, Loss: 49.7945
Epoch: 26, Loss: 49.7945
Epoch: 31, Loss: 49.7945
Epoch: 36, Loss: 49.7945
Epoch: 41, Loss: 49.7945
Epoch: 46, Loss: 49.7945
Epoch: 51, Loss: 49.7945
Epoch: 56, Loss: 49.7945
Epoch: 61, Loss: 49.7945
Epoch: 66, Loss: 49.7945
Epoch: 71, Loss: 49.7945
Epoch: 76, Loss: 49.7945
Epoch: 81, Loss: 49.7945
Epoch: 86, Loss: 49.7945
Epoch: 91, Loss: 49.7945
Epoch: 96, Loss: 49.7945
Epoch: 101, Loss: 49.7945
Epoch: 106, Loss: 49.7945
Epoch: 111, Loss: 49.7945
Epoch: 116, Loss: 49.7945
Epoch: 121, Loss: 49.7945
Epoch: 126, Loss: 49.7945
Epoch: 131, Loss: 49.7945
Epoch: 136, Loss: 49.7945
Epoch: 141, Loss: 49.7945
Epoch: 146, Loss: 49.7945
Epoch: 151, Loss: 49.7945
Epoch: 156, Loss: 49.7945
Epoch: 161, Loss: 49.7945
Epoch: 166, Loss: 49.7945
Epoch: 171, Loss: 49.7945
Epoch: 176, Loss: 49.7945
Epoch: 181, Loss: 49.7945
Epoch: 186, Loss: 49.7945
Epoch: 191, Loss: 49.7945
Epoch: 196, Loss: 49.7945
Epoch: 201, Loss: 49.7945
Epoch: 206, Loss: 49.7945
Epoch: 211, Loss: 49.7945
Epoch: 216, Loss: 49.7945
Epoch: 221, Loss: 49.7945
Epoch: 226, Loss: 49.7945
Epoch: 231, Loss: 49.7945
Epoch: 236, Loss: 49.7945
Epoch: 241, Loss: 49.7945
Epoch: 246, Loss: 49.7945
Epoch: 251, Loss: 49.7945
Epoch: 256, Loss: 49.7945
Epoch: 261, Loss: 49.7945
Epoch: 266, Loss: 49.7945
Epoch: 271, Loss: 49.7945
Epoch: 276, Loss: 49.7945
Epoch: 281, Loss: 49.7945
Epoch: 286, Loss: 49.7945
Epoch: 291, Loss: 49.7945
Epoch: 296, Loss: 49.7945
Epoch: 301, Loss: 49.7945
Epoch: 306, Loss: 49.7945
Epoch: 311, Loss: 49.7945
Epoch: 316, Loss: 49.7945
Epoch: 321, Loss: 49.7945
Epoch: 326, Loss: 49.7945
Epoch: 331, Loss: 49.7945
Epoch: 336, Loss: 49.7945
Epoch: 341, Loss: 49.7945
Epoch: 346, Loss: 49.7945
Epoch: 351, Loss: 49.7945
Epoch: 356, Loss: 49.7945
Epoch: 361, Loss: 49.7945
Epoch: 366, Loss: 49.7945
Epoch: 371, Loss: 49.7945
Epoch: 376, Loss: 49.7945
Epoch: 381, Loss: 49.7945
Epoch: 386, Loss: 49.7945
Epoch: 391, Loss: 49.7945
Epoch: 396, Loss: 49.7945
Epoch: 401, Loss: 49.7945
Epoch: 406, Loss: 49.7945
Epoch: 411, Loss: 49.7945
Epoch: 416, Loss: 49.7945
Epoch: 421, Loss: 49.7945
Epoch: 426, Loss: 49.7945
Epoch: 431, Loss: 49.7945
Epoch: 436, Loss: 49.7945
Epoch: 441, Loss: 49.7945
Epoch: 446, Loss: 49.7945
Epoch: 451, Loss: 49.7945
Epoch: 456, Loss: 49.7945
Epoch: 461, Loss: 49.7945
Epoch: 466, Loss: 49.7945
Epoch: 471, Loss: 49.7945
Epoch: 476, Loss: 49.7945
Epoch: 481, Loss: 49.7945
Epoch: 486, Loss: 49.7945
Epoch: 491, Loss: 49.7945
Epoch: 496, Loss: 49.7945
Epoch: 501, Loss: 49.7945
Epoch: 506, Loss: 49.7945
Epoch: 511, Loss: 49.7945
Epoch: 516, Loss: 49.7945
Epoch: 521, Loss: 49.7945
Epoch: 526, Loss: 49.7945
Epoch: 531, Loss: 49.7945
Epoch: 536, Loss: 49.7945
Epoch: 541, Loss: 49.7945
Epoch: 546, Loss: 49.7945
Epoch: 551, Loss: 49.7945
Epoch: 556, Loss: 49.7945
Epoch: 561, Loss: 49.7945
Epoch: 566, Loss: 49.7945
Epoch: 571, Loss: 49.7945
Epoch: 576, Loss: 49.7945
Epoch: 581, Loss: 49.7945
Epoch: 586, Loss: 49.7945
Epoch: 591, Loss: 49.7945
Epoch: 596, Loss: 49.7945
Epoch: 601, Loss: 49.7945
Epoch: 606, Loss: 49.7945
Epoch: 611, Loss: 49.7945
Epoch: 616, Loss: 49.7945
Epoch: 621, Loss: 49.7945
Epoch: 626, Loss: 49.7945
Epoch: 631, Loss: 49.7945
Epoch: 636, Loss: 49.7945
Epoch: 641, Loss: 49.7945
Epoch: 646, Loss: 49.7945
Epoch: 651, Loss: 49.7945
Epoch: 656, Loss: 49.7945
Epoch: 661, Loss: 49.7945
Epoch: 666, Loss: 49.7945
Epoch: 671, Loss: 49.7945
Epoch: 676, Loss: 49.7945
Epoch: 681, Loss: 49.7945
Epoch: 686, Loss: 49.7946
Epoch: 691, Loss: 49.7956
Epoch: 696, Loss: 49.7951
Epoch: 701, Loss: 49.7949
Epoch: 706, Loss: 49.7945
Epoch: 711, Loss: 49.7947
Epoch: 716, Loss: 49.7946
Epoch: 721, Loss: 49.7945
Epoch: 726, Loss: 49.7945
Epoch: 731, Loss: 49.7945
Epoch: 736, Loss: 49.7945
Epoch: 741, Loss: 49.7945
Epoch: 746, Loss: 49.7945
Epoch: 751, Loss: 49.7945
Epoch: 756, Loss: 49.7945
Epoch: 761, Loss: 49.7945
Epoch: 766, Loss: 49.7945
Epoch: 771, Loss: 49.7945
Epoch: 776, Loss: 49.7945
Epoch: 781, Loss: 49.7945
Epoch: 786, Loss: 49.7945
Epoch: 791, Loss: 49.7945
Epoch: 796, Loss: 49.7945
Epoch: 801, Loss: 49.7945
Epoch: 806, Loss: 49.7945
Epoch: 811, Loss: 49.7945
Epoch: 816, Loss: 49.7945
Epoch: 821, Loss: 49.7945
Epoch: 826, Loss: 49.7945
Epoch: 831, Loss: 49.7945
Epoch: 836, Loss: 49.7945
Epoch: 841, Loss: 49.7945
Epoch: 846, Loss: 49.7945
Epoch: 851, Loss: 49.7949
Epoch: 856, Loss: 49.7954
Epoch: 861, Loss: 49.7945
Epoch: 866, Loss: 49.7948
Epoch: 871, Loss: 49.7945
Epoch: 876, Loss: 49.7946
Epoch: 881, Loss: 49.7945
Epoch: 886, Loss: 49.7945
Epoch: 891, Loss: 49.7945
Epoch: 896, Loss: 49.7945
Epoch: 901, Loss: 49.7945
Epoch: 906, Loss: 49.7945
Epoch: 911, Loss: 49.7945
Epoch: 916, Loss: 49.7945
Epoch: 921, Loss: 49.7945
Epoch: 926, Loss: 49.7945
Epoch: 931, Loss: 49.7945
Epoch: 936, Loss: 49.7945
Epoch: 941, Loss: 49.7945
Epoch: 946, Loss: 49.7945
Epoch: 951, Loss: 49.7945
Epoch: 956, Loss: 49.7945
Epoch: 961, Loss: 49.7945
Epoch: 966, Loss: 49.7945
Epoch: 971, Loss: 49.7945
Epoch: 976, Loss: 49.7945
Epoch: 981, Loss: 49.7947
Epoch: 986, Loss: 49.7956
Epoch: 991, Loss: 49.7948
Epoch: 996, Loss: 49.7948
Epoch: 1001, Loss: 49.7945
Elapsed time 0.1413 min
test data and predicted data:

Epoch: 6, Loss: 49.7946
Epoch: 11, Loss: 49.7945
Epoch: 16, Loss: 49.7945
Epoch: 21, Loss: 49.7945
Epoch: 26, Loss: 49.7945
Epoch: 31, Loss: 49.7945
Epoch: 36, Loss: 49.7945
Epoch: 41, Loss: 49.7945
Epoch: 46, Loss: 49.7945
Epoch: 51, Loss: 49.7945
Epoch: 56, Loss: 49.7945
Epoch: 61, Loss: 49.7945
Epoch: 66, Loss: 49.7945
Epoch: 71, Loss: 49.7945
Epoch: 76, Loss: 49.7945
Epoch: 81, Loss: 49.7945
Epoch: 86, Loss: 49.7945
Epoch: 91, Loss: 49.7945
Epoch: 96, Loss: 49.7945
Epoch: 101, Loss: 49.7945
Epoch: 106, Loss: 49.7945
Epoch: 111, Loss: 49.7945
Epoch: 116, Loss: 49.7947
Epoch: 121, Loss: 49.7952
Epoch: 126, Loss: 49.7949
Epoch: 131, Loss: 49.7946
Epoch: 136, Loss: 49.7947
Epoch: 141, Loss: 49.7945
Epoch: 146, Loss: 49.7946
Epoch: 151, Loss: 49.7945
Epoch: 156, Loss: 49.7945
Epoch: 161, Loss: 49.7945
Epoch: 166, Loss: 49.7945
Epoch: 171, Loss: 49.7945
Epoch: 176, Loss: 49.7945
Epoch: 181, Loss: 49.7945
Epoch: 186, Loss: 49.7945
Epoch: 191, Loss: 49.7945
Epoch: 196, Loss: 49.7945
Epoch: 201, Loss: 49.7945
Epoch: 206, Loss: 49.7945
Epoch: 211, Loss: 49.7945
Epoch: 216, Loss: 49.7945
Epoch: 221, Loss: 49.7945
Epoch: 226, Loss: 49.7945
Epoch: 231, Loss: 49.7948
Epoch: 236, Loss: 49.7951
Epoch: 241, Loss: 49.7947
Epoch: 246, Loss: 49.7946
Epoch: 251, Loss: 49.7946
Epoch: 256, Loss: 49.7945
Epoch: 261, Loss: 49.7945
Epoch: 266, Loss: 49.7945
Epoch: 271, Loss: 49.7945
Epoch: 276, Loss: 49.7945
Epoch: 281, Loss: 49.7945
Epoch: 286, Loss: 49.7945
Epoch: 291, Loss: 49.7945
Epoch: 296, Loss: 49.7945
Epoch: 301, Loss: 49.7945
Epoch: 306, Loss: 49.7945
Epoch: 311, Loss: 49.7945
Epoch: 316, Loss: 49.7945
Epoch: 321, Loss: 49.7945
Epoch: 326, Loss: 49.7945
Epoch: 331, Loss: 49.7946
Epoch: 336, Loss: 49.7949
Epoch: 341, Loss: 49.7950
Epoch: 346, Loss: 49.7945
Epoch: 351, Loss: 49.7946
Epoch: 356, Loss: 49.7945
Epoch: 361, Loss: 49.7945
Epoch: 366, Loss: 49.7945
Epoch: 371, Loss: 49.7945
Epoch: 376, Loss: 49.7945
Epoch: 381, Loss: 49.7945
Epoch: 386, Loss: 49.7945
Epoch: 391, Loss: 49.7945
Epoch: 396, Loss: 49.7945
Epoch: 401, Loss: 49.7945
Epoch: 406, Loss: 49.7945
Epoch: 411, Loss: 49.7945
Epoch: 416, Loss: 49.7945
Epoch: 421, Loss: 49.7945
Epoch: 426, Loss: 49.7945
Epoch: 431, Loss: 49.7945
Epoch: 436, Loss: 49.7945
Epoch: 441, Loss: 49.7947
Epoch: 446, Loss: 49.7957
Epoch: 451, Loss: 49.7946
Epoch: 456, Loss: 49.7948
Epoch: 461, Loss: 49.7945
Epoch: 466, Loss: 49.7946
Epoch: 471, Loss: 49.7945
Epoch: 476, Loss: 49.7945
Epoch: 481, Loss: 49.7945
Epoch: 486, Loss: 49.7945
Epoch: 491, Loss: 49.7945
Epoch: 496, Loss: 49.7945
Epoch: 501, Loss: 49.7945
Epoch: 506, Loss: 49.7945
Epoch: 511, Loss: 49.7945
Epoch: 516, Loss: 49.7945
Epoch: 521, Loss: 49.7945
Epoch: 526, Loss: 49.7945
Epoch: 531, Loss: 49.7945
Epoch: 536, Loss: 49.7945
Epoch: 541, Loss: 49.7945
Epoch: 546, Loss: 49.7945
Epoch: 551, Loss: 49.7945
Epoch: 556, Loss: 49.7945
Epoch: 561, Loss: 49.7945
Epoch: 566, Loss: 49.7945
Epoch: 571, Loss: 49.7945
Epoch: 576, Loss: 49.7945
Epoch: 581, Loss: 49.7947
Epoch: 586, Loss: 49.7953
Epoch: 591, Loss: 49.7949
Epoch: 596, Loss: 49.7947
Epoch: 601, Loss: 49.7946
Epoch: 606, Loss: 49.7946
Epoch: 611, Loss: 49.7945
Epoch: 616, Loss: 49.7945
Epoch: 621, Loss: 49.7945
Epoch: 626, Loss: 49.7945
Epoch: 631, Loss: 49.7945
Epoch: 636, Loss: 49.7945
Epoch: 641, Loss: 49.7945
Epoch: 646, Loss: 49.7945
Epoch: 651, Loss: 49.7945
Epoch: 656, Loss: 49.7945
Epoch: 661, Loss: 49.7945
Epoch: 666, Loss: 49.7945
Epoch: 671, Loss: 49.7945
Epoch: 676, Loss: 49.7945
Epoch: 681, Loss: 49.7945
Epoch: 686, Loss: 49.7945
Epoch: 691, Loss: 49.7945
Epoch: 696, Loss: 49.7945
Epoch: 701, Loss: 49.7945
Epoch: 706, Loss: 49.7945
Epoch: 711, Loss: 49.7946
Epoch: 716, Loss: 49.7948
Epoch: 721, Loss: 49.7954
Epoch: 726, Loss: 49.7945
Epoch: 731, Loss: 49.7947
Epoch: 736, Loss: 49.7945
Epoch: 741, Loss: 49.7946
Epoch: 746, Loss: 49.7945
Epoch: 751, Loss: 49.7945
Epoch: 756, Loss: 49.7945
Epoch: 761, Loss: 49.7945
Epoch: 766, Loss: 49.7945
Epoch: 771, Loss: 49.7945
Epoch: 776, Loss: 49.7945
Epoch: 781, Loss: 49.7945
Epoch: 786, Loss: 49.7945
Epoch: 791, Loss: 49.7945
Epoch: 796, Loss: 49.7945
Epoch: 801, Loss: 49.7945
Epoch: 806, Loss: 49.7945
Epoch: 811, Loss: 49.7945
Epoch: 816, Loss: 49.7945
Epoch: 821, Loss: 49.7945
Epoch: 826, Loss: 49.7945
Epoch: 831, Loss: 49.7946
Epoch: 836, Loss: 49.7949
Epoch: 841, Loss: 49.7953
Epoch: 846, Loss: 49.7945
Epoch: 851, Loss: 49.7947
Epoch: 856, Loss: 49.7945
Epoch: 861, Loss: 49.7946
Epoch: 866, Loss: 49.7945
Epoch: 871, Loss: 49.7945
Epoch: 876, Loss: 49.7945
Epoch: 881, Loss: 49.7945
Epoch: 886, Loss: 49.7945
Epoch: 891, Loss: 49.7945
Epoch: 896, Loss: 49.7945
Epoch: 901, Loss: 49.7945
Epoch: 906, Loss: 49.7945
Epoch: 911, Loss: 49.7945
Epoch: 916, Loss: 49.7945
Epoch: 921, Loss: 49.7945
Epoch: 926, Loss: 49.7945
Epoch: 931, Loss: 49.7945
Epoch: 936, Loss: 49.7945
Epoch: 941, Loss: 49.7945
Epoch: 946, Loss: 49.7945
Epoch: 951, Loss: 49.7946
Epoch: 956, Loss: 49.7951
Epoch: 961, Loss: 49.7951
Epoch: 966, Loss: 49.7945
Epoch: 971, Loss: 49.7947
Epoch: 976, Loss: 49.7945
Epoch: 981, Loss: 49.7945
Epoch: 986, Loss: 49.7945
Epoch: 991, Loss: 49.7945
Epoch: 996, Loss: 49.7945
Epoch: 1001, Loss: 49.7945
Elapsed time 0.1422 min
test data and predicted data:

Epoch: 6, Loss: 49.7945
Epoch: 11, Loss: 49.7945
Epoch: 16, Loss: 49.7945
Epoch: 21, Loss: 49.7945
Epoch: 26, Loss: 49.7945
Epoch: 31, Loss: 49.7945
Epoch: 36, Loss: 49.7945
Epoch: 41, Loss: 49.7945
Epoch: 46, Loss: 49.7945
Epoch: 51, Loss: 49.7945
Epoch: 56, Loss: 49.7945
Epoch: 61, Loss: 49.7945
Epoch: 66, Loss: 49.7945
Epoch: 71, Loss: 49.7945
Epoch: 76, Loss: 49.7948
Epoch: 81, Loss: 49.7952
Epoch: 86, Loss: 49.7946
Epoch: 91, Loss: 49.7947
Epoch: 96, Loss: 49.7945
Epoch: 101, Loss: 49.7946
Epoch: 106, Loss: 49.7945
Epoch: 111, Loss: 49.7945
Epoch: 116, Loss: 49.7945
Epoch: 121, Loss: 49.7945
Epoch: 126, Loss: 49.7945
Epoch: 131, Loss: 49.7945
Epoch: 136, Loss: 49.7945
Epoch: 141, Loss: 49.7945
Epoch: 146, Loss: 49.7945
Epoch: 151, Loss: 49.7945
Epoch: 156, Loss: 49.7945
Epoch: 161, Loss: 49.7945
Epoch: 166, Loss: 49.7945
Epoch: 171, Loss: 49.7945
Epoch: 176, Loss: 49.7945
Epoch: 181, Loss: 49.7945
Epoch: 186, Loss: 49.7945
Epoch: 191, Loss: 49.7945
Epoch: 196, Loss: 49.7948
Epoch: 201, Loss: 49.7953
Epoch: 206, Loss: 49.7946
Epoch: 211, Loss: 49.7946
Epoch: 216, Loss: 49.7945
Epoch: 221, Loss: 49.7945
Epoch: 226, Loss: 49.7945
Epoch: 231, Loss: 49.7945
Epoch: 236, Loss: 49.7945
Epoch: 241, Loss: 49.7945
Epoch: 246, Loss: 49.7945
Epoch: 251, Loss: 49.7945
Epoch: 256, Loss: 49.7945
Epoch: 261, Loss: 49.7945
Epoch: 266, Loss: 49.7945
Epoch: 271, Loss: 49.7945
Epoch: 276, Loss: 49.7945
Epoch: 281, Loss: 49.7945
Epoch: 286, Loss: 49.7945
Epoch: 291, Loss: 49.7945
Epoch: 296, Loss: 49.7945
Epoch: 301, Loss: 49.7945
Epoch: 306, Loss: 49.7946
Epoch: 311, Loss: 49.7951
Epoch: 316, Loss: 49.7949
Epoch: 321, Loss: 49.7945
Epoch: 326, Loss: 49.7946
Epoch: 331, Loss: 49.7945
Epoch: 336, Loss: 49.7945
Epoch: 341, Loss: 49.7945
Epoch: 346, Loss: 49.7945
Epoch: 351, Loss: 49.7945
Epoch: 356, Loss: 49.7945
Epoch: 361, Loss: 49.7945
Epoch: 366, Loss: 49.7945
Epoch: 371, Loss: 49.7945
Epoch: 376, Loss: 49.7945
Epoch: 381, Loss: 49.7945
Epoch: 386, Loss: 49.7945
Epoch: 391, Loss: 49.7945
Epoch: 396, Loss: 49.7945
Epoch: 401, Loss: 49.7945
Epoch: 406, Loss: 49.7945
Epoch: 411, Loss: 49.7945
Epoch: 416, Loss: 49.7945
Epoch: 421, Loss: 49.7948
Epoch: 426, Loss: 49.7955
Epoch: 431, Loss: 49.7945
Epoch: 436, Loss: 49.7947
Epoch: 441, Loss: 49.7945
Epoch: 446, Loss: 49.7946
Epoch: 451, Loss: 49.7945
Epoch: 456, Loss: 49.7945
Epoch: 461, Loss: 49.7945
Epoch: 466, Loss: 49.7945
Epoch: 471, Loss: 49.7945
Epoch: 476, Loss: 49.7945
Epoch: 481, Loss: 49.7945
Epoch: 486, Loss: 49.7945
Epoch: 491, Loss: 49.7945
Epoch: 496, Loss: 49.7945
Epoch: 501, Loss: 49.7945
Epoch: 506, Loss: 49.7945
Epoch: 511, Loss: 49.7945
Epoch: 516, Loss: 49.7945
Epoch: 521, Loss: 49.7945
Epoch: 526, Loss: 49.7945
Epoch: 531, Loss: 49.7945
Epoch: 536, Loss: 49.7945
Epoch: 541, Loss: 49.7945
Epoch: 546, Loss: 49.7945
Epoch: 551, Loss: 49.7946
Epoch: 556, Loss: 49.7950
Epoch: 561, Loss: 49.7952
Epoch: 566, Loss: 49.7945
Epoch: 571, Loss: 49.7947
Epoch: 576, Loss: 49.7945
Epoch: 581, Loss: 49.7945
Epoch: 586, Loss: 49.7945
Epoch: 591, Loss: 49.7945
Epoch: 596, Loss: 49.7945
Epoch: 601, Loss: 49.7945
Epoch: 606, Loss: 49.7945
Epoch: 611, Loss: 49.7945
Epoch: 616, Loss: 49.7945
Epoch: 621, Loss: 49.7945
Epoch: 626, Loss: 49.7945
Epoch: 631, Loss: 49.7945
Epoch: 636, Loss: 49.7945
Epoch: 641, Loss: 49.7945
Epoch: 646, Loss: 49.7945
Epoch: 651, Loss: 49.7945
Epoch: 656, Loss: 49.7945
Epoch: 661, Loss: 49.7945
Epoch: 666, Loss: 49.7945
Epoch: 671, Loss: 49.7945
Epoch: 676, Loss: 49.7945
Epoch: 681, Loss: 49.7945
Epoch: 686, Loss: 49.7945
Epoch: 691, Loss: 49.7945
Epoch: 696, Loss: 49.7949
Epoch: 701, Loss: 49.7955
Epoch: 706, Loss: 49.7945
Epoch: 711, Loss: 49.7948
Epoch: 716, Loss: 49.7945
Epoch: 721, Loss: 49.7945
Epoch: 726, Loss: 49.7945
Epoch: 731, Loss: 49.7945
Epoch: 736, Loss: 49.7945
Epoch: 741, Loss: 49.7945
Epoch: 746, Loss: 49.7945
Epoch: 751, Loss: 49.7945
Epoch: 756, Loss: 49.7945
Epoch: 761, Loss: 49.7945
Epoch: 766, Loss: 49.7945
Epoch: 771, Loss: 49.7945
Epoch: 776, Loss: 49.7945
Epoch: 781, Loss: 49.7945
Epoch: 786, Loss: 49.7945
Epoch: 791, Loss: 49.7945
Epoch: 796, Loss: 49.7945
Epoch: 801, Loss: 49.7945
Epoch: 806, Loss: 49.7945
Epoch: 811, Loss: 49.7945
Epoch: 816, Loss: 49.7945
Epoch: 821, Loss: 49.7945
Epoch: 826, Loss: 49.7945
Epoch: 831, Loss: 49.7945
Epoch: 836, Loss: 49.7945
Epoch: 841, Loss: 49.7945
Epoch: 846, Loss: 49.7945
Epoch: 851, Loss: 49.7945
Epoch: 856, Loss: 49.7945
Epoch: 861, Loss: 49.7948
Epoch: 866, Loss: 49.7958
Epoch: 871, Loss: 49.7945
Epoch: 876, Loss: 49.7948
Epoch: 881, Loss: 49.7945
Epoch: 886, Loss: 49.7945
Epoch: 891, Loss: 49.7945
Epoch: 896, Loss: 49.7945
Epoch: 901, Loss: 49.7945
Epoch: 906, Loss: 49.7945
Epoch: 911, Loss: 49.7945
Epoch: 916, Loss: 49.7945
Epoch: 921, Loss: 49.7945
Epoch: 926, Loss: 49.7945
Epoch: 931, Loss: 49.7945
Epoch: 936, Loss: 49.7945
Epoch: 941, Loss: 49.7945
Epoch: 946, Loss: 49.7945
Epoch: 951, Loss: 49.7945
Epoch: 956, Loss: 49.7945
Epoch: 961, Loss: 49.7945
Epoch: 966, Loss: 49.7945
Epoch: 971, Loss: 49.7945
Epoch: 976, Loss: 49.7945
Epoch: 981, Loss: 49.7945
Epoch: 986, Loss: 49.7945
Epoch: 991, Loss: 49.7945
Epoch: 996, Loss: 49.7945
Epoch: 1001, Loss: 49.7945
Elapsed time 0.1419 min
test data and predicted data:

Epoch: 6, Loss: 49.7945
Epoch: 11, Loss: 49.7945
Epoch: 16, Loss: 49.7945
Epoch: 21, Loss: 49.7945
Epoch: 26, Loss: 49.7946
Epoch: 31, Loss: 49.7951
Epoch: 36, Loss: 49.7953
Epoch: 41, Loss: 49.7946
Epoch: 46, Loss: 49.7946
Epoch: 51, Loss: 49.7946
Epoch: 56, Loss: 49.7945
Epoch: 61, Loss: 49.7945
Epoch: 66, Loss: 49.7945
Epoch: 71, Loss: 49.7945
Epoch: 76, Loss: 49.7945
Epoch: 81, Loss: 49.7945
Epoch: 86, Loss: 49.7945
Epoch: 91, Loss: 49.7945
Epoch: 96, Loss: 49.7945
Epoch: 101, Loss: 49.7945
Epoch: 106, Loss: 49.7945
Epoch: 111, Loss: 49.7945
Epoch: 116, Loss: 49.7945
Epoch: 121, Loss: 49.7945
Epoch: 126, Loss: 49.7945
Epoch: 131, Loss: 49.7945
Epoch: 136, Loss: 49.7945
Epoch: 141, Loss: 49.7945
Epoch: 146, Loss: 49.7945
Epoch: 151, Loss: 49.7945
Epoch: 156, Loss: 49.7945
Epoch: 161, Loss: 49.7945
Epoch: 166, Loss: 49.7945
Epoch: 171, Loss: 49.7945
Epoch: 176, Loss: 49.7945
Epoch: 181, Loss: 49.7945
Epoch: 186, Loss: 49.7945
Epoch: 191, Loss: 49.7945
Epoch: 196, Loss: 49.7950
Epoch: 201, Loss: 49.7955
Epoch: 206, Loss: 49.7945
Epoch: 211, Loss: 49.7947
Epoch: 216, Loss: 49.7946
Epoch: 221, Loss: 49.7945
Epoch: 226, Loss: 49.7945
Epoch: 231, Loss: 49.7945
Epoch: 236, Loss: 49.7945
Epoch: 241, Loss: 49.7945
Epoch: 246, Loss: 49.7945
Epoch: 251, Loss: 49.7945
Epoch: 256, Loss: 49.7945
Epoch: 261, Loss: 49.7945
Epoch: 266, Loss: 49.7945
Epoch: 271, Loss: 49.7945
Epoch: 276, Loss: 49.7945
Epoch: 281, Loss: 49.7945
Epoch: 286, Loss: 49.7945
Epoch: 291, Loss: 49.7945
Epoch: 296, Loss: 49.7945
Epoch: 301, Loss: 49.7945
Epoch: 306, Loss: 49.7945
Epoch: 311, Loss: 49.7945
Epoch: 316, Loss: 49.7945
Epoch: 321, Loss: 49.7945
Epoch: 326, Loss: 49.7945
Epoch: 331, Loss: 49.7945
Epoch: 336, Loss: 49.7945
Epoch: 341, Loss: 49.7945
Epoch: 346, Loss: 49.7945
Epoch: 351, Loss: 49.7945
Epoch: 356, Loss: 49.7945
Epoch: 361, Loss: 49.7945
Epoch: 366, Loss: 49.7946
Epoch: 371, Loss: 49.7951
Epoch: 376, Loss: 49.7949
Epoch: 381, Loss: 49.7946
Epoch: 386, Loss: 49.7945
Epoch: 391, Loss: 49.7945
Epoch: 396, Loss: 49.7945
Epoch: 401, Loss: 49.7945
Epoch: 406, Loss: 49.7945
Epoch: 411, Loss: 49.7945
Epoch: 416, Loss: 49.7945
Epoch: 421, Loss: 49.7945
Epoch: 426, Loss: 49.7945
Epoch: 431, Loss: 49.7945
Epoch: 436, Loss: 49.7945
Epoch: 441, Loss: 49.7945
Epoch: 446, Loss: 49.7945
Epoch: 451, Loss: 49.7945
Epoch: 456, Loss: 49.7945
Epoch: 461, Loss: 49.7945
Epoch: 466, Loss: 49.7945
Epoch: 471, Loss: 49.7945
Epoch: 476, Loss: 49.7945
Epoch: 481, Loss: 49.7945
Epoch: 486, Loss: 49.7945
Epoch: 491, Loss: 49.7945
Epoch: 496, Loss: 49.7945
Epoch: 501, Loss: 49.7945
Epoch: 506, Loss: 49.7945
Epoch: 511, Loss: 49.7948
Epoch: 516, Loss: 49.7951
Epoch: 521, Loss: 49.7945
Epoch: 526, Loss: 49.7947
Epoch: 531, Loss: 49.7945
Epoch: 536, Loss: 49.7945
Epoch: 541, Loss: 49.7945
Epoch: 546, Loss: 49.7945
Epoch: 551, Loss: 49.7945
Epoch: 556, Loss: 49.7945
Epoch: 561, Loss: 49.7945
Epoch: 566, Loss: 49.7945
Epoch: 571, Loss: 49.7945
Epoch: 576, Loss: 49.7945
Epoch: 581, Loss: 49.7945
Epoch: 586, Loss: 49.7945
Epoch: 591, Loss: 49.7945
Epoch: 596, Loss: 49.7945
Epoch: 601, Loss: 49.7945
Epoch: 606, Loss: 49.7945
Epoch: 611, Loss: 49.7945
Epoch: 616, Loss: 49.7945
Epoch: 621, Loss: 49.7945
Epoch: 626, Loss: 49.7945
Epoch: 631, Loss: 49.7945
Epoch: 636, Loss: 49.7945
Epoch: 641, Loss: 49.7945
Epoch: 646, Loss: 49.7945
Epoch: 651, Loss: 49.7946
Epoch: 656, Loss: 49.7951
Epoch: 661, Loss: 49.7950
Epoch: 666, Loss: 49.7946
Epoch: 671, Loss: 49.7945
Epoch: 676, Loss: 49.7946
Epoch: 681, Loss: 49.7945
Epoch: 686, Loss: 49.7945
Epoch: 691, Loss: 49.7945
Epoch: 696, Loss: 49.7945
Epoch: 701, Loss: 49.7945
Epoch: 706, Loss: 49.7945
Epoch: 711, Loss: 49.7945
Epoch: 716, Loss: 49.7945
Epoch: 721, Loss: 49.7945
Epoch: 726, Loss: 49.7945
Epoch: 731, Loss: 49.7945
Epoch: 736, Loss: 49.7945
Epoch: 741, Loss: 49.7945
Epoch: 746, Loss: 49.7945
Epoch: 751, Loss: 49.7945
Epoch: 756, Loss: 49.7945
Epoch: 761, Loss: 49.7945
Epoch: 766, Loss: 49.7945
Epoch: 771, Loss: 49.7945
Epoch: 776, Loss: 49.7945
Epoch: 781, Loss: 49.7945
Epoch: 786, Loss: 49.7945
Epoch: 791, Loss: 49.7945
Epoch: 796, Loss: 49.7945
Epoch: 801, Loss: 49.7945
Epoch: 806, Loss: 49.7945
Epoch: 811, Loss: 49.7945
Epoch: 816, Loss: 49.7945
Epoch: 821, Loss: 49.7947
Epoch: 826, Loss: 49.7954
Epoch: 831, Loss: 49.7946
Epoch: 836, Loss: 49.7948
Epoch: 841, Loss: 49.7945
Epoch: 846, Loss: 49.7945
Epoch: 851, Loss: 49.7945
Epoch: 856, Loss: 49.7945
Epoch: 861, Loss: 49.7945
Epoch: 866, Loss: 49.7945
Epoch: 871, Loss: 49.7945
Epoch: 876, Loss: 49.7945
Epoch: 881, Loss: 49.7945
Epoch: 886, Loss: 49.7945
Epoch: 891, Loss: 49.7945
Epoch: 896, Loss: 49.7945
Epoch: 901, Loss: 49.7945
Epoch: 906, Loss: 49.7945
Epoch: 911, Loss: 49.7945
Epoch: 916, Loss: 49.7945
Epoch: 921, Loss: 49.7945
Epoch: 926, Loss: 49.7945
Epoch: 931, Loss: 49.7945
Epoch: 936, Loss: 49.7945
Epoch: 941, Loss: 49.7945
Epoch: 946, Loss: 49.7945
Epoch: 951, Loss: 49.7945
Epoch: 956, Loss: 49.7945
Epoch: 961, Loss: 49.7945
Epoch: 966, Loss: 49.7945
Epoch: 971, Loss: 49.7945
Epoch: 976, Loss: 49.7945
Epoch: 981, Loss: 49.7945
Epoch: 986, Loss: 49.7945
Epoch: 991, Loss: 49.7945
Epoch: 996, Loss: 49.7948
Epoch: 1001, Loss: 49.7952
Elapsed time 0.1446 min
test data and predicted data:

Epoch: 6, Loss: 49.7945
Epoch: 11, Loss: 49.7947
Epoch: 16, Loss: 49.7945
Epoch: 21, Loss: 49.7945
Epoch: 26, Loss: 49.7945
Epoch: 31, Loss: 49.7945
Epoch: 36, Loss: 49.7945
Epoch: 41, Loss: 49.7945
Epoch: 46, Loss: 49.7945
Epoch: 51, Loss: 49.7945
Epoch: 56, Loss: 49.7945
Epoch: 61, Loss: 49.7945
Epoch: 66, Loss: 49.7945
Epoch: 71, Loss: 49.7945
Epoch: 76, Loss: 49.7945
Epoch: 81, Loss: 49.7945
Epoch: 86, Loss: 49.7945
Epoch: 91, Loss: 49.7945
Epoch: 96, Loss: 49.7945
Epoch: 101, Loss: 49.7945
Epoch: 106, Loss: 49.7945
Epoch: 111, Loss: 49.7945
Epoch: 116, Loss: 49.7945
Epoch: 121, Loss: 49.7944
Epoch: 126, Loss: 49.7945
Epoch: 131, Loss: 49.7945
Epoch: 136, Loss: 49.7945
Epoch: 141, Loss: 49.7944
Epoch: 146, Loss: 49.7945
Epoch: 151, Loss: 49.7945
Epoch: 156, Loss: 49.7945
Epoch: 161, Loss: 49.7948
Epoch: 166, Loss: 49.7957
Epoch: 171, Loss: 49.7945
Epoch: 176, Loss: 49.7947
Epoch: 181, Loss: 49.7946
Epoch: 186, Loss: 49.7945
Epoch: 191, Loss: 49.7945
Epoch: 196, Loss: 49.7945
Epoch: 201, Loss: 49.7945
Epoch: 206, Loss: 49.7945
Epoch: 211, Loss: 49.7945
Epoch: 216, Loss: 49.7945
Epoch: 221, Loss: 49.7945
Epoch: 226, Loss: 49.7945
Epoch: 231, Loss: 49.7945
Epoch: 236, Loss: 49.7944
Epoch: 241, Loss: 49.7945
Epoch: 246, Loss: 49.7945
Epoch: 251, Loss: 49.7944
Epoch: 256, Loss: 49.7945
Epoch: 261, Loss: 49.7944
Epoch: 266, Loss: 49.7944
Epoch: 271, Loss: 49.7944
Epoch: 276, Loss: 49.7944
Epoch: 281, Loss: 49.7944
Epoch: 286, Loss: 49.7944
Epoch: 291, Loss: 49.7945
Epoch: 296, Loss: 49.7944
Epoch: 301, Loss: 49.7944
Epoch: 306, Loss: 49.7944
Epoch: 311, Loss: 49.7944
Epoch: 316, Loss: 49.7944
Epoch: 321, Loss: 49.7945
Epoch: 326, Loss: 49.7944
Epoch: 331, Loss: 49.7944
Epoch: 336, Loss: 49.7944
Epoch: 341, Loss: 49.7945
Epoch: 346, Loss: 49.7945
Epoch: 351, Loss: 49.7946
Epoch: 356, Loss: 49.7952
Epoch: 361, Loss: 49.7947
Epoch: 366, Loss: 49.7946
Epoch: 371, Loss: 49.7945
Epoch: 376, Loss: 49.7946
Epoch: 381, Loss: 49.7945
Epoch: 386, Loss: 49.7945
Epoch: 391, Loss: 49.7945
Epoch: 396, Loss: 49.7945
Epoch: 401, Loss: 49.7944
Epoch: 406, Loss: 49.7945
Epoch: 411, Loss: 49.7944
Epoch: 416, Loss: 49.7944
Epoch: 421, Loss: 49.7944
Epoch: 426, Loss: 49.7944
Epoch: 431, Loss: 49.7944
Epoch: 436, Loss: 49.7944
Epoch: 441, Loss: 49.7944
Epoch: 446, Loss: 49.7944
Epoch: 451, Loss: 49.7944
Epoch: 456, Loss: 49.7944
Epoch: 461, Loss: 49.7944
Epoch: 466, Loss: 49.7944
Epoch: 471, Loss: 49.7944
Epoch: 476, Loss: 49.7944
Epoch: 481, Loss: 49.7944
Epoch: 486, Loss: 49.7944
Epoch: 491, Loss: 49.7944
Epoch: 496, Loss: 49.7944
Epoch: 501, Loss: 49.7944
Epoch: 506, Loss: 49.7944
Epoch: 511, Loss: 49.7945
Epoch: 516, Loss: 49.7945
Epoch: 521, Loss: 49.7949
Epoch: 526, Loss: 49.7950
Epoch: 531, Loss: 49.7945
Epoch: 536, Loss: 49.7946
Epoch: 541, Loss: 49.7945
Epoch: 546, Loss: 49.7944
Epoch: 551, Loss: 49.7945
Epoch: 556, Loss: 49.7945
Epoch: 561, Loss: 49.7944
Epoch: 566, Loss: 49.7945
Epoch: 571, Loss: 49.7945
Epoch: 576, Loss: 49.7944
Epoch: 581, Loss: 49.7944
Epoch: 586, Loss: 49.7944
Epoch: 591, Loss: 49.7944
Epoch: 596, Loss: 49.7944
Epoch: 601, Loss: 49.7944
Epoch: 606, Loss: 49.7944
Epoch: 611, Loss: 49.7944
Epoch: 616, Loss: 49.7944
Epoch: 621, Loss: 49.7944
Epoch: 626, Loss: 49.7944
Epoch: 631, Loss: 49.7944
Epoch: 636, Loss: 49.7944
Epoch: 641, Loss: 49.7944
Epoch: 646, Loss: 49.7944
Epoch: 651, Loss: 49.7944
Epoch: 656, Loss: 49.7944
Epoch: 661, Loss: 49.7944
Epoch: 666, Loss: 49.7944
Epoch: 671, Loss: 49.7944
Epoch: 676, Loss: 49.7945
Epoch: 681, Loss: 49.7945
Epoch: 686, Loss: 49.7947
Epoch: 691, Loss: 49.7953
Epoch: 696, Loss: 49.7945
Epoch: 701, Loss: 49.7947
Epoch: 706, Loss: 49.7945
Epoch: 711, Loss: 49.7945
Epoch: 716, Loss: 49.7945
Epoch: 721, Loss: 49.7945
Epoch: 726, Loss: 49.7944
Epoch: 731, Loss: 49.7945
Epoch: 736, Loss: 49.7944
Epoch: 741, Loss: 49.7944
Epoch: 746, Loss: 49.7944
Epoch: 751, Loss: 49.7944
Epoch: 756, Loss: 49.7944
Epoch: 761, Loss: 49.7944
Epoch: 766, Loss: 49.7944
Epoch: 771, Loss: 49.7944
Epoch: 776, Loss: 49.7944
Epoch: 781, Loss: 49.7944
Epoch: 786, Loss: 49.7944
Epoch: 791, Loss: 49.7944
Epoch: 796, Loss: 49.7944
Epoch: 801, Loss: 49.7944
Epoch: 806, Loss: 49.7944
Epoch: 811, Loss: 49.7944
Epoch: 816, Loss: 49.7944
Epoch: 821, Loss: 49.7944
Epoch: 826, Loss: 49.7944
Epoch: 831, Loss: 49.7944
Epoch: 836, Loss: 49.7944
Epoch: 841, Loss: 49.7944
Epoch: 846, Loss: 49.7945
Epoch: 851, Loss: 49.7946
Epoch: 856, Loss: 49.7951
Epoch: 861, Loss: 49.7948
Epoch: 866, Loss: 49.7947
Epoch: 871, Loss: 49.7944
Epoch: 876, Loss: 49.7945
Epoch: 881, Loss: 49.7945
Epoch: 886, Loss: 49.7944
Epoch: 891, Loss: 49.7945
Epoch: 896, Loss: 49.7945
Epoch: 901, Loss: 49.7944
Epoch: 906, Loss: 49.7944
Epoch: 911, Loss: 49.7944
Epoch: 916, Loss: 49.7944
Epoch: 921, Loss: 49.7944
Epoch: 926, Loss: 49.7944
Epoch: 931, Loss: 49.7944
Epoch: 936, Loss: 49.7944
Epoch: 941, Loss: 49.7944
Epoch: 946, Loss: 49.7944
Epoch: 951, Loss: 49.7944
Epoch: 956, Loss: 49.7944
Epoch: 961, Loss: 49.7944
Epoch: 966, Loss: 49.7944
Epoch: 971, Loss: 49.7944
Epoch: 976, Loss: 49.7944
Epoch: 981, Loss: 49.7944
Epoch: 986, Loss: 49.7944
Epoch: 991, Loss: 49.7944
Epoch: 996, Loss: 49.7944
Epoch: 1001, Loss: 49.7944
Elapsed time 0.1431 min
test data and predicted data:

Epoch: 6, Loss: 49.7944
Epoch: 11, Loss: 49.7944
Epoch: 16, Loss: 49.7944
Epoch: 21, Loss: 49.7945
Epoch: 26, Loss: 49.7945
Epoch: 31, Loss: 49.7950
Epoch: 36, Loss: 49.7950
Epoch: 41, Loss: 49.7945
Epoch: 46, Loss: 49.7945
Epoch: 51, Loss: 49.7946
Epoch: 56, Loss: 49.7945
Epoch: 61, Loss: 49.7944
Epoch: 66, Loss: 49.7945
Epoch: 71, Loss: 49.7945
Epoch: 76, Loss: 49.7944
Epoch: 81, Loss: 49.7944
Epoch: 86, Loss: 49.7944
Epoch: 91, Loss: 49.7944
Epoch: 96, Loss: 49.7944
Epoch: 101, Loss: 49.7944
Epoch: 106, Loss: 49.7944
Epoch: 111, Loss: 49.7944
Epoch: 116, Loss: 49.7944
Epoch: 121, Loss: 49.7944
Epoch: 126, Loss: 49.7944
Epoch: 131, Loss: 49.7944
Epoch: 136, Loss: 49.7944
Epoch: 141, Loss: 49.7944
Epoch: 146, Loss: 49.7944
Epoch: 151, Loss: 49.7944
Epoch: 156, Loss: 49.7944
Epoch: 161, Loss: 49.7944
Epoch: 166, Loss: 49.7944
Epoch: 171, Loss: 49.7944
Epoch: 176, Loss: 49.7944
Epoch: 181, Loss: 49.7944
Epoch: 186, Loss: 49.7944
Epoch: 191, Loss: 49.7944
Epoch: 196, Loss: 49.7944
Epoch: 201, Loss: 49.7944
Epoch: 206, Loss: 49.7945
Epoch: 211, Loss: 49.7946
Epoch: 216, Loss: 49.7952
Epoch: 221, Loss: 49.7946
Epoch: 226, Loss: 49.7948
Epoch: 231, Loss: 49.7945
Epoch: 236, Loss: 49.7944
Epoch: 241, Loss: 49.7945
Epoch: 246, Loss: 49.7945
Epoch: 251, Loss: 49.7945
Epoch: 256, Loss: 49.7944
Epoch: 261, Loss: 49.7944
Epoch: 266, Loss: 49.7944
Epoch: 271, Loss: 49.7944
Epoch: 276, Loss: 49.7944
Epoch: 281, Loss: 49.7944
Epoch: 286, Loss: 49.7944
Epoch: 291, Loss: 49.7944
Epoch: 296, Loss: 49.7944
Epoch: 301, Loss: 49.7944
Epoch: 306, Loss: 49.7944
Epoch: 311, Loss: 49.7944
Epoch: 316, Loss: 49.7944
Epoch: 321, Loss: 49.7944
Epoch: 326, Loss: 49.7944
Epoch: 331, Loss: 49.7944
Epoch: 336, Loss: 49.7944
Epoch: 341, Loss: 49.7944
Epoch: 346, Loss: 49.7944
Epoch: 351, Loss: 49.7944
Epoch: 356, Loss: 49.7944
Epoch: 361, Loss: 49.7944
Epoch: 366, Loss: 49.7944
Epoch: 371, Loss: 49.7944
Epoch: 376, Loss: 49.7944
Epoch: 381, Loss: 49.7944
Epoch: 386, Loss: 49.7944
Epoch: 391, Loss: 49.7944
Epoch: 396, Loss: 49.7944
Epoch: 401, Loss: 49.7944
Epoch: 406, Loss: 49.7944
Epoch: 411, Loss: 49.7944
Epoch: 416, Loss: 49.7945
Epoch: 421, Loss: 49.7947
Epoch: 426, Loss: 49.7956
Epoch: 431, Loss: 49.7944
Epoch: 436, Loss: 49.7946
Epoch: 441, Loss: 49.7946
Epoch: 446, Loss: 49.7945
Epoch: 451, Loss: 49.7944
Epoch: 456, Loss: 49.7944
Epoch: 461, Loss: 49.7944
Epoch: 466, Loss: 49.7944
Epoch: 471, Loss: 49.7944
Epoch: 476, Loss: 49.7944
Epoch: 481, Loss: 49.7944
Epoch: 486, Loss: 49.7944
Epoch: 491, Loss: 49.7944
Epoch: 496, Loss: 49.7944
Epoch: 501, Loss: 49.7944
Epoch: 506, Loss: 49.7944
Epoch: 511, Loss: 49.7944
Epoch: 516, Loss: 49.7944
Epoch: 521, Loss: 49.7944
Epoch: 526, Loss: 49.7944
Epoch: 531, Loss: 49.7944
Epoch: 536, Loss: 49.7944
Epoch: 541, Loss: 49.7944
Epoch: 546, Loss: 49.7944
Epoch: 551, Loss: 49.7944
Epoch: 556, Loss: 49.7944
Epoch: 561, Loss: 49.7944
Epoch: 566, Loss: 49.7944
Epoch: 571, Loss: 49.7944
Epoch: 576, Loss: 49.7944
Epoch: 581, Loss: 49.7944
Epoch: 586, Loss: 49.7944
Epoch: 591, Loss: 49.7944
Epoch: 596, Loss: 49.7944
Epoch: 601, Loss: 49.7944
Epoch: 606, Loss: 49.7944
Epoch: 611, Loss: 49.7944
Epoch: 616, Loss: 49.7944
Epoch: 621, Loss: 49.7944
Epoch: 626, Loss: 49.7944
Epoch: 631, Loss: 49.7944
Epoch: 636, Loss: 49.7944
Epoch: 641, Loss: 49.7944
Epoch: 646, Loss: 49.7944
Epoch: 651, Loss: 49.7945
Epoch: 656, Loss: 49.7953
Epoch: 661, Loss: 49.7946
Epoch: 666, Loss: 49.7949
Epoch: 671, Loss: 49.7947
Epoch: 676, Loss: 49.7945
Epoch: 681, Loss: 49.7945
Epoch: 686, Loss: 49.7944
Epoch: 691, Loss: 49.7944
Epoch: 696, Loss: 49.7944
Epoch: 701, Loss: 49.7944
Epoch: 706, Loss: 49.7944
Epoch: 711, Loss: 49.7944
Epoch: 716, Loss: 49.7944
Epoch: 721, Loss: 49.7944
Epoch: 726, Loss: 49.7944
Epoch: 731, Loss: 49.7944
Epoch: 736, Loss: 49.7944
Epoch: 741, Loss: 49.7944
Epoch: 746, Loss: 49.7944
Epoch: 751, Loss: 49.7944
Epoch: 756, Loss: 49.7944
Epoch: 761, Loss: 49.7944
Epoch: 766, Loss: 49.7944
Epoch: 771, Loss: 49.7944
Epoch: 776, Loss: 49.7944
Epoch: 781, Loss: 49.7944
Epoch: 786, Loss: 49.7944
Epoch: 791, Loss: 49.7944
Epoch: 796, Loss: 49.7944
Epoch: 801, Loss: 49.7944
Epoch: 806, Loss: 49.7944
Epoch: 811, Loss: 49.7944
Epoch: 816, Loss: 49.7944
Epoch: 821, Loss: 49.7944
Epoch: 826, Loss: 49.7944
Epoch: 831, Loss: 49.7944
Epoch: 836, Loss: 49.7944
Epoch: 841, Loss: 49.7944
Epoch: 846, Loss: 49.7944
Epoch: 851, Loss: 49.7944
Epoch: 856, Loss: 49.7944
Epoch: 861, Loss: 49.7944
Epoch: 866, Loss: 49.7944
Epoch: 871, Loss: 49.7944
Epoch: 876, Loss: 49.7944
Epoch: 881, Loss: 49.7944
Epoch: 886, Loss: 49.7944
Epoch: 891, Loss: 49.7944
Epoch: 896, Loss: 49.7944
Epoch: 901, Loss: 49.7944
Epoch: 906, Loss: 49.7944
Epoch: 911, Loss: 49.7944
Epoch: 916, Loss: 49.7945
Epoch: 921, Loss: 49.7952
Epoch: 926, Loss: 49.7948
Epoch: 931, Loss: 49.7949
Epoch: 936, Loss: 49.7947
Epoch: 941, Loss: 49.7945
Epoch: 946, Loss: 49.7945
Epoch: 951, Loss: 49.7944
Epoch: 956, Loss: 49.7944
Epoch: 961, Loss: 49.7944
Epoch: 966, Loss: 49.7944
Epoch: 971, Loss: 49.7944
Epoch: 976, Loss: 49.7944
Epoch: 981, Loss: 49.7944
Epoch: 986, Loss: 49.7944
Epoch: 991, Loss: 49.7944
Epoch: 996, Loss: 49.7944
Epoch: 1001, Loss: 49.7944
Elapsed time 0.1444 min
test data and predicted data:

Epoch: 6, Loss: 49.7944
Epoch: 11, Loss: 49.7944
Epoch: 16, Loss: 49.7944
Epoch: 21, Loss: 49.7944
Epoch: 26, Loss: 49.7944
Epoch: 31, Loss: 49.7944
Epoch: 36, Loss: 49.7944
Epoch: 41, Loss: 49.7944
Epoch: 46, Loss: 49.7944
Epoch: 51, Loss: 49.7944
Epoch: 56, Loss: 49.7944
Epoch: 61, Loss: 49.7944
Epoch: 66, Loss: 49.7944
Epoch: 71, Loss: 49.7944
Epoch: 76, Loss: 49.7944
Epoch: 81, Loss: 49.7944
Epoch: 86, Loss: 49.7944
Epoch: 91, Loss: 49.7944
Epoch: 96, Loss: 49.7944
Epoch: 101, Loss: 49.7944
Epoch: 106, Loss: 49.7944
Epoch: 111, Loss: 49.7944
Epoch: 116, Loss: 49.7944
Epoch: 121, Loss: 49.7944
Epoch: 126, Loss: 49.7944
Epoch: 131, Loss: 49.7944
Epoch: 136, Loss: 49.7944
Epoch: 141, Loss: 49.7944
Epoch: 146, Loss: 49.7944
Epoch: 151, Loss: 49.7944
Epoch: 156, Loss: 49.7944
Epoch: 161, Loss: 49.7944
Epoch: 166, Loss: 49.7944
Epoch: 171, Loss: 49.7944
Epoch: 176, Loss: 49.7944
Epoch: 181, Loss: 49.7944
Epoch: 186, Loss: 49.7944
Epoch: 191, Loss: 49.7944
Epoch: 196, Loss: 49.7946
Epoch: 201, Loss: 49.7955
Epoch: 206, Loss: 49.7944
Epoch: 211, Loss: 49.7946
Epoch: 216, Loss: 49.7946
Epoch: 221, Loss: 49.7945
Epoch: 226, Loss: 49.7945
Epoch: 231, Loss: 49.7945
Epoch: 236, Loss: 49.7944
Epoch: 241, Loss: 49.7944
Epoch: 246, Loss: 49.7944
Epoch: 251, Loss: 49.7944
Epoch: 256, Loss: 49.7944
Epoch: 261, Loss: 49.7944
Epoch: 266, Loss: 49.7944
Epoch: 271, Loss: 49.7944
Epoch: 276, Loss: 49.7944
Epoch: 281, Loss: 49.7944
Epoch: 286, Loss: 49.7944
Epoch: 291, Loss: 49.7944
Epoch: 296, Loss: 49.7944
Epoch: 301, Loss: 49.7944
Epoch: 306, Loss: 49.7944
Epoch: 311, Loss: 49.7944
Epoch: 316, Loss: 49.7944
Epoch: 321, Loss: 49.7944
Epoch: 326, Loss: 49.7944
Epoch: 331, Loss: 49.7944
Epoch: 336, Loss: 49.7944
Epoch: 341, Loss: 49.7944
Epoch: 346, Loss: 49.7944
Epoch: 351, Loss: 49.7944
Epoch: 356, Loss: 49.7944
Epoch: 361, Loss: 49.7944
Epoch: 366, Loss: 49.7944
Epoch: 371, Loss: 49.7944
Epoch: 376, Loss: 49.7944
Epoch: 381, Loss: 49.7944
Epoch: 386, Loss: 49.7944
Epoch: 391, Loss: 49.7944
Epoch: 396, Loss: 49.7944
Epoch: 401, Loss: 49.7944
Epoch: 406, Loss: 49.7944
Epoch: 411, Loss: 49.7944
Epoch: 416, Loss: 49.7944
Epoch: 421, Loss: 49.7944
Epoch: 426, Loss: 49.7944
Epoch: 431, Loss: 49.7944
Epoch: 436, Loss: 49.7944
Epoch: 441, Loss: 49.7944
Epoch: 446, Loss: 49.7944
Epoch: 451, Loss: 49.7944
Epoch: 456, Loss: 49.7944
Epoch: 461, Loss: 49.7944
Epoch: 466, Loss: 49.7944
Epoch: 471, Loss: 49.7944
Epoch: 476, Loss: 49.7944
Epoch: 481, Loss: 49.7944
Epoch: 486, Loss: 49.7944
Epoch: 491, Loss: 49.7945
Epoch: 496, Loss: 49.7950
Epoch: 501, Loss: 49.7949
Epoch: 506, Loss: 49.7949
Epoch: 511, Loss: 49.7946
Epoch: 516, Loss: 49.7945
Epoch: 521, Loss: 49.7945
Epoch: 526, Loss: 49.7944
Epoch: 531, Loss: 49.7944
Epoch: 536, Loss: 49.7944
Epoch: 541, Loss: 49.7944
Epoch: 546, Loss: 49.7944
Epoch: 551, Loss: 49.7944
Epoch: 556, Loss: 49.7944
Epoch: 561, Loss: 49.7944
Epoch: 566, Loss: 49.7944
Epoch: 571, Loss: 49.7944
Epoch: 576, Loss: 49.7944
Epoch: 581, Loss: 49.7944
Epoch: 586, Loss: 49.7944
Epoch: 591, Loss: 49.7944
Epoch: 596, Loss: 49.7944
Epoch: 601, Loss: 49.7944
Epoch: 606, Loss: 49.7944
Epoch: 611, Loss: 49.7944
Epoch: 616, Loss: 49.7944
Epoch: 621, Loss: 49.7944
Epoch: 626, Loss: 49.7944
Epoch: 631, Loss: 49.7944
Epoch: 636, Loss: 49.7944
Epoch: 641, Loss: 49.7944
Epoch: 646, Loss: 49.7944
Epoch: 651, Loss: 49.7944
Epoch: 656, Loss: 49.7944
Epoch: 661, Loss: 49.7944
Epoch: 666, Loss: 49.7944
Epoch: 671, Loss: 49.7944
Epoch: 676, Loss: 49.7944
Epoch: 681, Loss: 49.7944
Epoch: 686, Loss: 49.7944
Epoch: 691, Loss: 49.7944
Epoch: 696, Loss: 49.7944
Epoch: 701, Loss: 49.7944
Epoch: 706, Loss: 49.7944
Epoch: 711, Loss: 49.7944
Epoch: 716, Loss: 49.7944
Epoch: 721, Loss: 49.7944
Epoch: 726, Loss: 49.7944
Epoch: 731, Loss: 49.7944
Epoch: 736, Loss: 49.7944
Epoch: 741, Loss: 49.7944
Epoch: 746, Loss: 49.7944
Epoch: 751, Loss: 49.7944
Epoch: 756, Loss: 49.7944
Epoch: 761, Loss: 49.7944
Epoch: 766, Loss: 49.7944
Epoch: 771, Loss: 49.7944
Epoch: 776, Loss: 49.7944
Epoch: 781, Loss: 49.7944
Epoch: 786, Loss: 49.7944
Epoch: 791, Loss: 49.7945
Epoch: 796, Loss: 49.7954
Epoch: 801, Loss: 49.7947
Epoch: 806, Loss: 49.7947
Epoch: 811, Loss: 49.7945
Epoch: 816, Loss: 49.7944
Epoch: 821, Loss: 49.7944
Epoch: 826, Loss: 49.7945
Epoch: 831, Loss: 49.7945
Epoch: 836, Loss: 49.7944
Epoch: 841, Loss: 49.7944
Epoch: 846, Loss: 49.7944
Epoch: 851, Loss: 49.7944
Epoch: 856, Loss: 49.7944
Epoch: 861, Loss: 49.7944
Epoch: 866, Loss: 49.7944
Epoch: 871, Loss: 49.7944
Epoch: 876, Loss: 49.7944
Epoch: 881, Loss: 49.7944
Epoch: 886, Loss: 49.7944
Epoch: 891, Loss: 49.7944
Epoch: 896, Loss: 49.7944
Epoch: 901, Loss: 49.7944
Epoch: 906, Loss: 49.7944
Epoch: 911, Loss: 49.7944
Epoch: 916, Loss: 49.7944
Epoch: 921, Loss: 49.7944
Epoch: 926, Loss: 49.7944
Epoch: 931, Loss: 49.7944
Epoch: 936, Loss: 49.7944
Epoch: 941, Loss: 49.7944
Epoch: 946, Loss: 49.7944
Epoch: 951, Loss: 49.7944
Epoch: 956, Loss: 49.7944
Epoch: 961, Loss: 49.7944
Epoch: 966, Loss: 49.7944
Epoch: 971, Loss: 49.7944
Epoch: 976, Loss: 49.7944
Epoch: 981, Loss: 49.7944
Epoch: 986, Loss: 49.7944
Epoch: 991, Loss: 49.7944
Epoch: 996, Loss: 49.7944
Epoch: 1001, Loss: 49.7944
Elapsed time 0.1441 min
test data and predicted data:

avg Test Accuracy: 0.8442  avg Test AUC: 0.8965  avg Test PRE: 0.8414
