====================================================================================================
data: HeteroData(
  drug={ x=[222, 12] },
  protein={ x=[94, 20] },
  (drug, interaction, protein)={ edge_index=[2, 634] },
  (protein, rev_interaction, drug)={ edge_index=[2, 634] }
)
====================================================================================================
****************************************************************************************************
train data: HeteroData(
  drug={ x=[222, 12] },
  protein={ x=[94, 20] },
  (drug, interaction, protein)={
    edge_index=[2, 356],
    edge_label=[267],
    edge_label_index=[2, 267],
  },
  (protein, rev_interaction, drug)={ edge_index=[2, 356] }
)
****************************************************************************************************
val data: HeteroData(
  drug={ x=[222, 12] },
  protein={ x=[94, 20] },
  (drug, interaction, protein)={
    edge_index=[2, 445],
    edge_label=[189],
    edge_label_index=[2, 189],
  },
  (protein, rev_interaction, drug)={ edge_index=[2, 445] }
)
****************************************************************************************************
test data: HeteroData(
  drug={ x=[222, 12] },
  protein={ x=[94, 20] },
  (drug, interaction, protein)={
    edge_index=[2, 508],
    edge_label=[378],
    edge_label_index=[2, 378],
  },
  (protein, rev_interaction, drug)={ edge_index=[2, 508] }
)
****************************************************************************************************
model: GNN(
  (lin_dict): ModuleDict(
    (drug): Linear(-1, 64, bias=True)
    (protein): Linear(-1, 64, bias=True)
  )
  (convs): ModuleList(
    (0-2): 3 x GCNConv(64, 64)
  )
  (lin): Linear(64, 1, bias=True)
)
Epoch: 51, Loss: 0.6754
Epoch: 101, Loss: 0.6683
Epoch: 151, Loss: 0.6930
Epoch: 201, Loss: 0.6895
Epoch: 251, Loss: 0.6722
Epoch: 301, Loss: 0.6683
Epoch: 351, Loss: 0.6663
Epoch: 401, Loss: 0.6679
Epoch: 451, Loss: 0.6617
Epoch: 501, Loss: 0.6758
Epoch: 551, Loss: 0.6660
Epoch: 601, Loss: 0.6962
Epoch: 651, Loss: 0.6931
Epoch: 701, Loss: 0.6931
Epoch: 751, Loss: 0.6931
Epoch: 801, Loss: 0.6931
Epoch: 851, Loss: 0.6931
Epoch: 901, Loss: 0.6931
Epoch: 951, Loss: 0.6931
Epoch: 1001, Loss: 0.6931
avg Test Accuracy: 0.4048  avg Test AUC: 0.5881  avg Test AUC: 0.4769
