====================================================================================================
data: HeteroData(
  drug={ x=[222, 12] },
  protein={ x=[94, 20] },
  (drug, interaction, protein)={ edge_index=[2, 634] },
  (protein, rev_interaction, drug)={ edge_index=[2, 634] }
)
====================================================================================================
****************************************************************************************************
train data: HeteroData(
  drug={ x=[222, 12] },
  protein={ x=[94, 20] },
  (drug, interaction, protein)={
    edge_index=[2, 356],
    edge_label=[267],
    edge_label_index=[2, 267],
  },
  (protein, rev_interaction, drug)={ edge_index=[2, 356] }
)
****************************************************************************************************
val data: HeteroData(
  drug={ x=[222, 12] },
  protein={ x=[94, 20] },
  (drug, interaction, protein)={
    edge_index=[2, 445],
    edge_label=[189],
    edge_label_index=[2, 189],
  },
  (protein, rev_interaction, drug)={ edge_index=[2, 445] }
)
****************************************************************************************************
test data: HeteroData(
  drug={ x=[222, 12] },
  protein={ x=[94, 20] },
  (drug, interaction, protein)={
    edge_index=[2, 508],
    edge_label=[378],
    edge_label_index=[2, 378],
  },
  (protein, rev_interaction, drug)={ edge_index=[2, 508] }
)
****************************************************************************************************
model: GNN(
  (lin_dict): ModuleDict(
    (drug): Linear(-1, 64, bias=True)
    (protein): Linear(-1, 64, bias=True)
  )
  (conv1): SAGEConv((-1, -1), 64, aggr=mean)
  (conv2): SAGEConv((-1, -1), 1, aggr=mean)
  (lin): Linear(2, 1, bias=True)
)
Epoch: 51, Loss: 0.5689
Epoch: 101, Loss: 0.5361
Epoch: 151, Loss: 0.4895
Epoch: 201, Loss: 0.4698
Epoch: 251, Loss: 0.4565
Epoch: 301, Loss: 0.4484
Epoch: 351, Loss: 0.4462
Epoch: 401, Loss: 0.4452
Epoch: 451, Loss: 0.4437
Epoch: 501, Loss: 0.4444
Epoch: 551, Loss: 0.4443
Epoch: 601, Loss: 0.4422
Epoch: 651, Loss: 0.4421
Epoch: 701, Loss: 0.4433
Epoch: 751, Loss: 0.4417
Epoch: 801, Loss: 0.4411
Epoch: 851, Loss: 0.4411
Epoch: 901, Loss: 0.4411
Epoch: 951, Loss: 0.4409
Epoch: 1001, Loss: 0.4409
avg Test Accuracy: 0.6984  avg Test AUC: 0.7537  avg Test AUC: 0.5836
