====================================================================================================
data: HeteroData(
  drug={ x=[222, 12] },
  protein={ x=[94, 20] },
  (drug, interaction, protein)={ edge_index=[2, 634] },
  (protein, rev_interaction, drug)={ edge_index=[2, 634] }
)
====================================================================================================
****************************************************************************************************
train data: HeteroData(
  drug={ x=[222, 12] },
  protein={ x=[94, 20] },
  (drug, interaction, protein)={
    edge_index=[2, 356],
    edge_label=[267],
    edge_label_index=[2, 267],
  },
  (protein, rev_interaction, drug)={ edge_index=[2, 356] }
)
****************************************************************************************************
val data: HeteroData(
  drug={ x=[222, 12] },
  protein={ x=[94, 20] },
  (drug, interaction, protein)={
    edge_index=[2, 445],
    edge_label=[189],
    edge_label_index=[2, 189],
  },
  (protein, rev_interaction, drug)={ edge_index=[2, 445] }
)
****************************************************************************************************
test data: HeteroData(
  drug={ x=[222, 12] },
  protein={ x=[94, 20] },
  (drug, interaction, protein)={
    edge_index=[2, 508],
    edge_label=[378],
    edge_label_index=[2, 378],
  },
  (protein, rev_interaction, drug)={ edge_index=[2, 508] }
)
****************************************************************************************************
model: GAT(
  (lin_dict): ModuleDict(
    (drug): Linear(-1, 64, bias=True)
    (protein): Linear(-1, 64, bias=True)
  )
  (conv1): GATConv((-1, -1), 64, heads=1)
  (lin1): Linear(-1, 64, bias=True)
  (conv2): GATConv((-1, -1), 1, heads=1)
  (lin2): Linear(-1, 1, bias=True)
  (lin): Linear(2, 1, bias=True)
)
Epoch: 51, Loss: 0.4979
Epoch: 101, Loss: 0.4347
Epoch: 151, Loss: 0.4159
Epoch: 201, Loss: 0.3957
Epoch: 251, Loss: 0.3770
Epoch: 301, Loss: 0.3640
Epoch: 351, Loss: 0.3570
Epoch: 401, Loss: 0.3520
Epoch: 451, Loss: 0.3376
Epoch: 501, Loss: 0.3197
Epoch: 551, Loss: 0.3010
Epoch: 601, Loss: 0.2814
Epoch: 651, Loss: 0.2753
Epoch: 701, Loss: 0.2701
Epoch: 751, Loss: 0.2386
Epoch: 801, Loss: 0.2291
Epoch: 851, Loss: 0.2216
Epoch: 901, Loss: 0.2255
Epoch: 951, Loss: 0.2410
Epoch: 1001, Loss: 0.2158
avg Test Accuracy: 0.6429  avg Test AUC: 0.6927  avg Test AUC: 0.5231
