====================================================================================================
data: HeteroData(
  drug={ x=[222, 12] },
  protein={ x=[94, 20] },
  (drug, interaction, protein)={ edge_index=[2, 634] },
  (protein, rev_interaction, drug)={ edge_index=[2, 634] }
)
====================================================================================================
****************************************************************************************************
train data: HeteroData(
  drug={ x=[222, 12] },
  protein={ x=[94, 20] },
  (drug, interaction, protein)={
    edge_index=[2, 356],
    edge_label=[267],
    edge_label_index=[2, 267],
  },
  (protein, rev_interaction, drug)={ edge_index=[2, 356] }
)
****************************************************************************************************
val data: HeteroData(
  drug={ x=[222, 12] },
  protein={ x=[94, 20] },
  (drug, interaction, protein)={
    edge_index=[2, 445],
    edge_label=[189],
    edge_label_index=[2, 189],
  },
  (protein, rev_interaction, drug)={ edge_index=[2, 445] }
)
****************************************************************************************************
test data: HeteroData(
  drug={ x=[222, 12] },
  protein={ x=[94, 20] },
  (drug, interaction, protein)={
    edge_index=[2, 508],
    edge_label=[378],
    edge_label_index=[2, 378],
  },
  (protein, rev_interaction, drug)={ edge_index=[2, 508] }
)
****************************************************************************************************
edge_x: torch.Size([267, 32])
labels: torch.Size([267])
edge_x: torch.Size([189, 32])
labels: torch.Size([189])
edge_x: torch.Size([378, 32])
labels: torch.Size([378])
model: HGT(
  (lin_dict): ModuleDict(
    (drug): Linear(-1, 64, bias=True)
    (protein): Linear(-1, 64, bias=True)
  )
  (convs): ModuleList(
    (0-3): 4 x HGTConv(-1, 64, heads=2)
  )
  (lin): Linear(128, 1, bias=True)
)
Epoch: 51, Loss: 0.6350
Epoch: 101, Loss: 0.5265
Epoch: 151, Loss: 0.4890
Epoch: 201, Loss: 0.4770
Epoch: 251, Loss: 0.4681
Epoch: 301, Loss: 0.4676
Epoch: 351, Loss: 0.4553
Epoch: 401, Loss: 0.4364
Epoch: 451, Loss: 0.5282
Epoch: 501, Loss: 0.4871
Epoch: 551, Loss: 0.4619
Epoch: 601, Loss: 0.4551
Epoch: 651, Loss: 0.4485
Epoch: 701, Loss: 0.4432
Epoch: 751, Loss: 0.4335
Epoch: 801, Loss: 0.4281
Epoch: 851, Loss: 0.4247
Epoch: 901, Loss: 0.4211
Epoch: 951, Loss: 0.4164
Epoch: 1001, Loss: 0.4110
Elapsed time 0.1061 min
Epoch: 51, Loss: 0.4076
Epoch: 101, Loss: 0.4052
Epoch: 151, Loss: 0.4030
Epoch: 201, Loss: 0.4004
Epoch: 251, Loss: 0.4007
Epoch: 301, Loss: 0.3971
Epoch: 351, Loss: 0.3959
Epoch: 401, Loss: 0.3942
Epoch: 451, Loss: 0.3940
Epoch: 501, Loss: 0.3933
Epoch: 551, Loss: 0.3897
Epoch: 601, Loss: 0.3884
Epoch: 651, Loss: 0.3870
Epoch: 701, Loss: 0.4017
Epoch: 751, Loss: 0.3936
Epoch: 801, Loss: 0.3874
Epoch: 851, Loss: 0.4952
Epoch: 901, Loss: 0.4326
Epoch: 951, Loss: 0.4176
Epoch: 1001, Loss: 0.4119
Elapsed time 0.1050 min
Epoch: 51, Loss: 0.4076
Epoch: 101, Loss: 0.4035
Epoch: 151, Loss: 0.3998
Epoch: 201, Loss: 0.3969
Epoch: 251, Loss: 0.3943
Epoch: 301, Loss: 0.3917
Epoch: 351, Loss: 0.3890
Epoch: 401, Loss: 0.3930
Epoch: 451, Loss: 0.3870
Epoch: 501, Loss: 0.3856
Epoch: 551, Loss: 0.3844
Epoch: 601, Loss: 0.3848
Epoch: 651, Loss: 0.3831
Epoch: 701, Loss: 0.3833
Epoch: 751, Loss: 0.3830
Epoch: 801, Loss: 0.3813
Epoch: 851, Loss: 0.3810
Epoch: 901, Loss: 0.4058
Epoch: 951, Loss: 0.3801
Epoch: 1001, Loss: 0.3795
Elapsed time 0.1051 min
Epoch: 51, Loss: 0.3795
Epoch: 101, Loss: 0.3789
Epoch: 151, Loss: 0.3794
Epoch: 201, Loss: 0.3810
Epoch: 251, Loss: 0.3781
Epoch: 301, Loss: 0.3970
Epoch: 351, Loss: 0.3777
Epoch: 401, Loss: 0.3774
Epoch: 451, Loss: 0.3773
Epoch: 501, Loss: 0.3770
Epoch: 551, Loss: 0.3776
Epoch: 601, Loss: 0.3796
Epoch: 651, Loss: 0.3776
Epoch: 701, Loss: 0.3775
Epoch: 751, Loss: 0.3764
Epoch: 801, Loss: 0.3761
Epoch: 851, Loss: 0.3762
Epoch: 901, Loss: 0.3758
Epoch: 951, Loss: 0.3765
Epoch: 1001, Loss: 0.3865
Elapsed time 0.1051 min
Epoch: 51, Loss: 0.3755
Epoch: 101, Loss: 0.3760
Epoch: 151, Loss: 0.3791
Epoch: 201, Loss: 0.3770
Epoch: 251, Loss: 0.3771
Epoch: 301, Loss: 0.3751
Epoch: 351, Loss: 0.3768
Epoch: 401, Loss: 0.3750
Epoch: 451, Loss: 0.3777
Epoch: 501, Loss: 0.3753
Epoch: 551, Loss: 0.3743
Epoch: 601, Loss: 0.3744
Epoch: 651, Loss: 0.3744
Epoch: 701, Loss: 0.3860
Epoch: 751, Loss: 0.3741
Epoch: 801, Loss: 0.3739
Epoch: 851, Loss: 0.3739
Epoch: 901, Loss: 0.3737
Epoch: 951, Loss: 0.3737
Epoch: 1001, Loss: 0.3793
Elapsed time 0.1051 min
Epoch: 51, Loss: 0.3736
Epoch: 101, Loss: 0.3738
Epoch: 151, Loss: 0.3763
Epoch: 201, Loss: 0.3748
Epoch: 251, Loss: 0.3751
Epoch: 301, Loss: 0.3749
Epoch: 351, Loss: 0.3744
Epoch: 401, Loss: 0.3771
Epoch: 451, Loss: 0.3728
Epoch: 501, Loss: 0.3728
Epoch: 551, Loss: 0.3735
Epoch: 601, Loss: 0.3725
Epoch: 651, Loss: 0.3726
Epoch: 701, Loss: 0.3736
Epoch: 751, Loss: 0.3768
Epoch: 801, Loss: 0.3720
Epoch: 851, Loss: 0.3719
Epoch: 901, Loss: 0.3721
Epoch: 951, Loss: 0.3719
Epoch: 1001, Loss: 0.3734
Elapsed time 0.1053 min
Epoch: 51, Loss: 0.3729
Epoch: 101, Loss: 0.3715
Epoch: 151, Loss: 0.3749
Epoch: 201, Loss: 0.3739
Epoch: 251, Loss: 0.3721
Epoch: 301, Loss: 0.3743
Epoch: 351, Loss: 0.3721
Epoch: 401, Loss: 0.3708
Epoch: 451, Loss: 0.3705
Epoch: 501, Loss: 0.3711
Epoch: 551, Loss: 0.3704
Epoch: 601, Loss: 0.3704
Epoch: 651, Loss: 0.3700
Epoch: 701, Loss: 0.3725
Epoch: 751, Loss: 0.3697
Epoch: 801, Loss: 0.3699
Epoch: 851, Loss: 0.3696
Epoch: 901, Loss: 0.3692
Epoch: 951, Loss: 0.3710
Epoch: 1001, Loss: 0.3689
Elapsed time 0.1050 min
Epoch: 51, Loss: 0.3687
Epoch: 101, Loss: 0.3692
Epoch: 151, Loss: 0.3683
Epoch: 201, Loss: 0.3705
Epoch: 251, Loss: 0.3680
Epoch: 301, Loss: 0.3735
Epoch: 351, Loss: 0.3676
Epoch: 401, Loss: 0.3674
Epoch: 451, Loss: 0.3675
Epoch: 501, Loss: 0.3670
Epoch: 551, Loss: 0.3676
Epoch: 601, Loss: 0.3666
Epoch: 651, Loss: 0.3672
Epoch: 701, Loss: 0.3667
Epoch: 751, Loss: 0.3666
Epoch: 801, Loss: 0.3660
Epoch: 851, Loss: 0.3658
Epoch: 901, Loss: 0.3654
Epoch: 951, Loss: 0.3652
Epoch: 1001, Loss: 0.3662
Elapsed time 0.1051 min
Epoch: 51, Loss: 0.3645
Epoch: 101, Loss: 0.3643
Epoch: 151, Loss: 0.3692
Epoch: 201, Loss: 0.3637
Epoch: 251, Loss: 0.3635
Epoch: 301, Loss: 0.3636
Epoch: 351, Loss: 0.3638
Epoch: 401, Loss: 0.3647
Epoch: 451, Loss: 0.3624
Epoch: 501, Loss: 0.3621
Epoch: 551, Loss: 0.3625
Epoch: 601, Loss: 0.3615
Epoch: 651, Loss: 0.3643
Epoch: 701, Loss: 0.3609
Epoch: 751, Loss: 0.3608
Epoch: 801, Loss: 0.3632
Epoch: 851, Loss: 0.3631
Epoch: 901, Loss: 0.3611
Epoch: 951, Loss: 0.3603
Epoch: 1001, Loss: 0.3596
Elapsed time 0.1051 min
Epoch: 51, Loss: 0.3590
Epoch: 101, Loss: 0.3585
Epoch: 151, Loss: 0.3587
Epoch: 201, Loss: 0.3592
Epoch: 251, Loss: 0.3576
Epoch: 301, Loss: 0.3571
Epoch: 351, Loss: 0.3569
Epoch: 401, Loss: 0.3569
Epoch: 451, Loss: 0.3564
Epoch: 501, Loss: 0.3606
Epoch: 551, Loss: 0.3556
Epoch: 601, Loss: 0.3551
Epoch: 651, Loss: 0.3548
Epoch: 701, Loss: 0.3544
Epoch: 751, Loss: 0.3559
Epoch: 801, Loss: 0.3539
Epoch: 851, Loss: 0.3534
Epoch: 901, Loss: 0.3608
Epoch: 951, Loss: 0.3527
Epoch: 1001, Loss: 0.3523
Elapsed time 0.1049 min
avg Test Accuracy: 0.7765  avg Test AUC: 0.8150  avg Test PRE: 0.7175
