====================================================================================================
data: HeteroData(
  drug={ x=[222, 12] },
  protein={ x=[94, 20] },
  (drug, interaction, protein)={ edge_index=[2, 634] },
  (protein, rev_interaction, drug)={ edge_index=[2, 634] }
)
====================================================================================================
****************************************************************************************************
train data: HeteroData(
  drug={ x=[222, 12] },
  protein={ x=[94, 20] },
  (drug, interaction, protein)={
    edge_index=[2, 356],
    edge_label=[267],
    edge_label_index=[2, 267],
  },
  (protein, rev_interaction, drug)={ edge_index=[2, 356] }
)
****************************************************************************************************
val data: HeteroData(
  drug={ x=[222, 12] },
  protein={ x=[94, 20] },
  (drug, interaction, protein)={
    edge_index=[2, 445],
    edge_label=[189],
    edge_label_index=[2, 189],
  },
  (protein, rev_interaction, drug)={ edge_index=[2, 445] }
)
****************************************************************************************************
test data: HeteroData(
  drug={ x=[222, 12] },
  protein={ x=[94, 20] },
  (drug, interaction, protein)={
    edge_index=[2, 508],
    edge_label=[378],
    edge_label_index=[2, 378],
  },
  (protein, rev_interaction, drug)={ edge_index=[2, 508] }
)
****************************************************************************************************
edge_x: torch.Size([267, 32])
labels: torch.Size([267])
edge_x: torch.Size([189, 32])
labels: torch.Size([189])
edge_x: torch.Size([378, 32])
labels: torch.Size([378])
model: HGT(
  (lin_dict): ModuleDict(
    (drug): Linear(-1, 64, bias=True)
    (protein): Linear(-1, 64, bias=True)
  )
  (convs): ModuleList(
    (0-3): 4 x HGTConv(-1, 64, heads=2)
  )
  (lin): Linear(128, 1, bias=True)
)
Epoch: 51, Loss: 0.4868
Epoch: 101, Loss: 0.4667
Epoch: 151, Loss: 0.4567
Epoch: 201, Loss: 0.4666
Epoch: 251, Loss: 0.4645
Epoch: 301, Loss: 0.4994
Epoch: 351, Loss: 0.4521
Epoch: 401, Loss: 0.8486
Epoch: 451, Loss: 0.5575
Epoch: 501, Loss: 0.5126
Epoch: 551, Loss: 0.5063
Epoch: 601, Loss: 0.5046
Epoch: 651, Loss: 0.5037
Epoch: 701, Loss: 0.5020
Epoch: 751, Loss: 0.4982
Epoch: 801, Loss: 0.4874
Epoch: 851, Loss: 0.4772
Epoch: 901, Loss: 0.4740
Epoch: 951, Loss: 0.5301
Epoch: 1001, Loss: 0.4928
Elapsed time 0.1064 min
Epoch: 51, Loss: 0.4796
Epoch: 101, Loss: 0.4731
Epoch: 151, Loss: 0.4678
Epoch: 201, Loss: 0.4656
Epoch: 251, Loss: 0.4645
Epoch: 301, Loss: 0.4635
Epoch: 351, Loss: 0.4624
Epoch: 401, Loss: 0.4614
Epoch: 451, Loss: 0.4603
Epoch: 501, Loss: 0.4607
Epoch: 551, Loss: 0.4582
Epoch: 601, Loss: 0.4576
Epoch: 651, Loss: 0.4567
Epoch: 701, Loss: 0.4560
Epoch: 751, Loss: 0.4558
Epoch: 801, Loss: 0.4556
Epoch: 851, Loss: 0.4548
Epoch: 901, Loss: 0.4545
Epoch: 951, Loss: 0.4539
Epoch: 1001, Loss: 0.4538
Elapsed time 0.1051 min
Epoch: 51, Loss: 0.4525
Epoch: 101, Loss: 0.5172
Epoch: 151, Loss: 0.4527
Epoch: 201, Loss: 0.4495
Epoch: 251, Loss: 0.4489
Epoch: 301, Loss: 0.4484
Epoch: 351, Loss: 0.4479
Epoch: 401, Loss: 0.4474
Epoch: 451, Loss: 0.4468
Epoch: 501, Loss: 0.4458
Epoch: 551, Loss: 0.4779
Epoch: 601, Loss: 0.4444
Epoch: 651, Loss: 0.4424
Epoch: 701, Loss: 0.4405
Epoch: 751, Loss: 0.4383
Epoch: 801, Loss: 0.4368
Epoch: 851, Loss: 0.4356
Epoch: 901, Loss: 0.4347
Epoch: 951, Loss: 0.4336
Epoch: 1001, Loss: 0.4339
Elapsed time 0.1051 min
Epoch: 51, Loss: 0.4321
Epoch: 101, Loss: 0.4313
Epoch: 151, Loss: 0.4396
Epoch: 201, Loss: 0.4320
Epoch: 251, Loss: 0.4312
Epoch: 301, Loss: 0.4305
Epoch: 351, Loss: 0.4297
Epoch: 401, Loss: 0.4297
Epoch: 451, Loss: 0.4290
Epoch: 501, Loss: 0.4790
Epoch: 551, Loss: 0.4508
Epoch: 601, Loss: 0.4502
Epoch: 651, Loss: 0.4501
Epoch: 701, Loss: 0.4497
Epoch: 751, Loss: 0.4496
Epoch: 801, Loss: 0.4496
Epoch: 851, Loss: 0.4495
Epoch: 901, Loss: 0.4495
Epoch: 951, Loss: 0.4496
Epoch: 1001, Loss: 0.4495
Elapsed time 0.1028 min
Epoch: 51, Loss: 0.4525
Epoch: 101, Loss: 0.4466
Epoch: 151, Loss: 0.4447
Epoch: 201, Loss: 0.4486
Epoch: 251, Loss: 0.4448
Epoch: 301, Loss: 0.4425
Epoch: 351, Loss: 0.4450
Epoch: 401, Loss: 0.4447
Epoch: 451, Loss: 0.4428
Epoch: 501, Loss: 0.4433
Epoch: 551, Loss: 0.4422
Epoch: 601, Loss: 0.4431
Epoch: 651, Loss: 0.4416
Epoch: 701, Loss: 0.4462
Epoch: 751, Loss: 0.4430
Epoch: 801, Loss: 0.4430
Epoch: 851, Loss: 0.4427
Epoch: 901, Loss: 0.4413
Epoch: 951, Loss: 0.4488
Epoch: 1001, Loss: 0.4432
Elapsed time 0.1018 min
Epoch: 51, Loss: 0.4425
Epoch: 101, Loss: 0.4420
Epoch: 151, Loss: 0.4414
Epoch: 201, Loss: 0.4439
Epoch: 251, Loss: 0.4413
Epoch: 301, Loss: 0.4405
Epoch: 351, Loss: 0.4422
Epoch: 401, Loss: 0.4408
Epoch: 451, Loss: 0.4428
Epoch: 501, Loss: 0.4421
Epoch: 551, Loss: 0.4418
Epoch: 601, Loss: 0.4392
Epoch: 651, Loss: 0.4434
Epoch: 701, Loss: 0.4423
Epoch: 751, Loss: 0.4406
Epoch: 801, Loss: 0.4402
Epoch: 851, Loss: 0.4401
Epoch: 901, Loss: 0.4429
Epoch: 951, Loss: 0.4400
Epoch: 1001, Loss: 0.4385
Elapsed time 0.1019 min
Epoch: 51, Loss: 0.4393
Epoch: 101, Loss: 0.4452
Epoch: 151, Loss: 0.4659
Epoch: 201, Loss: 0.4557
Epoch: 251, Loss: 0.4579
Epoch: 301, Loss: 0.4549
Epoch: 351, Loss: 0.4524
Epoch: 401, Loss: 0.4482
Epoch: 451, Loss: 0.4446
Epoch: 501, Loss: 0.4425
Epoch: 551, Loss: 0.4414
Epoch: 601, Loss: 0.6294
Epoch: 651, Loss: 0.6289
Epoch: 701, Loss: 0.6289
Epoch: 751, Loss: 0.6289
Epoch: 801, Loss: 0.6289
Epoch: 851, Loss: 0.6289
Epoch: 901, Loss: 0.6289
Epoch: 951, Loss: 0.6289
Epoch: 1001, Loss: 0.6295
Elapsed time 0.1042 min
Epoch: 51, Loss: 0.6289
Epoch: 101, Loss: 0.6289
Epoch: 151, Loss: 0.6289
Epoch: 201, Loss: 0.6289
Epoch: 251, Loss: 0.6288
Epoch: 301, Loss: 0.6289
Epoch: 351, Loss: 0.6289
Epoch: 401, Loss: 0.6289
Epoch: 451, Loss: 0.6289
Epoch: 501, Loss: 0.9592
Epoch: 551, Loss: 1.5615
Epoch: 601, Loss: 0.6356
Epoch: 651, Loss: 0.6278
Epoch: 701, Loss: 0.6269
Epoch: 751, Loss: 0.6263
Epoch: 801, Loss: 0.6257
Epoch: 851, Loss: 0.6243
Epoch: 901, Loss: 0.5892
Epoch: 951, Loss: 0.5336
Epoch: 1001, Loss: 0.5355
Elapsed time 0.1052 min
Epoch: 51, Loss: 0.5189
Epoch: 101, Loss: 0.5166
Epoch: 151, Loss: 0.5234
Epoch: 201, Loss: 0.5155
Epoch: 251, Loss: 0.5159
Epoch: 301, Loss: 0.5159
Epoch: 351, Loss: 0.5182
Epoch: 401, Loss: 0.5155
Epoch: 451, Loss: 0.5173
Epoch: 501, Loss: 0.5154
Epoch: 551, Loss: 0.5151
Epoch: 601, Loss: 0.5155
Epoch: 651, Loss: 0.5155
Epoch: 701, Loss: 0.5160
Epoch: 751, Loss: 0.5170
Epoch: 801, Loss: 0.5228
Epoch: 851, Loss: 0.5158
Epoch: 901, Loss: 0.5155
Epoch: 951, Loss: 0.5151
Epoch: 1001, Loss: 0.5158
Elapsed time 0.1054 min
Epoch: 51, Loss: 0.5151
Epoch: 101, Loss: 0.5161
Epoch: 151, Loss: 0.5168
Epoch: 201, Loss: 0.5156
Epoch: 251, Loss: 0.5151
Epoch: 301, Loss: 0.5159
Epoch: 351, Loss: 0.5152
Epoch: 401, Loss: 0.5154
Epoch: 451, Loss: 0.5151
Epoch: 501, Loss: 0.5161
Epoch: 551, Loss: 0.5152
Epoch: 601, Loss: 0.5155
Epoch: 651, Loss: 0.5157
Epoch: 701, Loss: 0.5152
Epoch: 751, Loss: 0.5154
Epoch: 801, Loss: 0.5151
Epoch: 851, Loss: 0.5160
Epoch: 901, Loss: 0.5152
Epoch: 951, Loss: 0.5152
Epoch: 1001, Loss: 0.5152
Elapsed time 0.1051 min
avg Test Accuracy: 0.7765  avg Test AUC: 0.8150  avg Test PRE: 0.7175
