====================================================================================================
data: HeteroData(
  drug={ x=[222, 12] },
  protein={ x=[94, 20] },
  (drug, interaction, protein)={ edge_index=[2, 634] },
  (protein, rev_interaction, drug)={ edge_index=[2, 634] }
)
====================================================================================================
****************************************************************************************************
train data: HeteroData(
  drug={ x=[222, 12] },
  protein={ x=[94, 20] },
  (drug, interaction, protein)={
    edge_index=[2, 356],
    edge_label=[267],
    edge_label_index=[2, 267],
  },
  (protein, rev_interaction, drug)={ edge_index=[2, 356] }
)
****************************************************************************************************
val data: HeteroData(
  drug={ x=[222, 12] },
  protein={ x=[94, 20] },
  (drug, interaction, protein)={
    edge_index=[2, 445],
    edge_label=[189],
    edge_label_index=[2, 189],
  },
  (protein, rev_interaction, drug)={ edge_index=[2, 445] }
)
****************************************************************************************************
test data: HeteroData(
  drug={ x=[222, 12] },
  protein={ x=[94, 20] },
  (drug, interaction, protein)={
    edge_index=[2, 508],
    edge_label=[378],
    edge_label_index=[2, 378],
  },
  (protein, rev_interaction, drug)={ edge_index=[2, 508] }
)
****************************************************************************************************
edge_x: torch.Size([267, 32])
labels: torch.Size([267])
edge_x: torch.Size([189, 32])
labels: torch.Size([189])
edge_x: torch.Size([378, 32])
labels: torch.Size([378])
model: HGT(
  (lin_dict): ModuleDict(
    (drug): Linear(-1, 64, bias=True)
    (protein): Linear(-1, 64, bias=True)
  )
  (convs): ModuleList(
    (0-1): 2 x HGTConv(-1, 64, heads=8)
  )
  (lin): Linear(128, 1, bias=True)
)
Epoch: 51, Loss: 0.4777
Epoch: 101, Loss: 0.4524
Epoch: 151, Loss: 0.4440
Epoch: 201, Loss: 0.4301
Epoch: 251, Loss: 0.4267
Epoch: 301, Loss: 0.4095
Epoch: 351, Loss: 0.4207
Epoch: 401, Loss: 0.6421
Epoch: 451, Loss: 0.5145
Epoch: 501, Loss: 0.4800
Epoch: 551, Loss: 0.4581
Epoch: 601, Loss: 0.4427
Epoch: 651, Loss: 0.4889
Epoch: 701, Loss: 0.4496
Epoch: 751, Loss: 0.4310
Epoch: 801, Loss: 0.4147
Epoch: 851, Loss: 0.4177
Epoch: 901, Loss: 0.4427
Epoch: 951, Loss: 0.4361
Epoch: 1001, Loss: 0.4143
Elapsed time 0.1014 min
Epoch: 51, Loss: 0.4056
Epoch: 101, Loss: 0.3994
Epoch: 151, Loss: 0.4001
Epoch: 201, Loss: 0.5218
Epoch: 251, Loss: 0.4507
Epoch: 301, Loss: 0.4315
Epoch: 351, Loss: 0.4288
Epoch: 401, Loss: 0.4200
Epoch: 451, Loss: 0.4137
Epoch: 501, Loss: 0.4274
Epoch: 551, Loss: 0.4296
Epoch: 601, Loss: 0.4241
Epoch: 651, Loss: 0.4184
Epoch: 701, Loss: 0.4160
Epoch: 751, Loss: 0.4128
Epoch: 801, Loss: 0.4109
Epoch: 851, Loss: 0.4124
Epoch: 901, Loss: 0.4156
Epoch: 951, Loss: 0.4307
Epoch: 1001, Loss: 0.4053
Elapsed time 0.0964 min
Epoch: 51, Loss: 0.4014
Epoch: 101, Loss: 0.3989
Epoch: 151, Loss: 0.4107
Epoch: 201, Loss: 0.4199
Epoch: 251, Loss: 0.4111
Epoch: 301, Loss: 0.4078
Epoch: 351, Loss: 0.4057
Epoch: 401, Loss: 0.4040
Epoch: 451, Loss: 0.4021
Epoch: 501, Loss: 0.4003
Epoch: 551, Loss: 0.3986
Epoch: 601, Loss: 0.3967
Epoch: 651, Loss: 0.3957
Epoch: 701, Loss: 0.3926
Epoch: 751, Loss: 0.3903
Epoch: 801, Loss: 0.3885
Epoch: 851, Loss: 0.3888
Epoch: 901, Loss: 0.3848
Epoch: 951, Loss: 0.3830
Epoch: 1001, Loss: 0.3810
Elapsed time 0.0964 min
Epoch: 51, Loss: 0.3834
Epoch: 101, Loss: 0.3789
Epoch: 151, Loss: 0.3949
Epoch: 201, Loss: 0.3805
Epoch: 251, Loss: 0.3764
Epoch: 301, Loss: 0.3744
Epoch: 351, Loss: 0.3728
Epoch: 401, Loss: 0.3782
Epoch: 451, Loss: 0.3709
Epoch: 501, Loss: 0.3709
Epoch: 551, Loss: 0.3671
Epoch: 601, Loss: 0.4968
Epoch: 651, Loss: 0.3765
Epoch: 701, Loss: 0.3656
Epoch: 751, Loss: 0.3605
Epoch: 801, Loss: 0.3551
Epoch: 851, Loss: 0.3512
Epoch: 901, Loss: 0.3479
Epoch: 951, Loss: 0.3467
Epoch: 1001, Loss: 0.3813
Elapsed time 0.0979 min
Epoch: 51, Loss: 0.3477
Epoch: 101, Loss: 0.3441
Epoch: 151, Loss: 0.3419
Epoch: 201, Loss: 0.3422
Epoch: 251, Loss: 0.3607
Epoch: 301, Loss: 0.3810
Epoch: 351, Loss: 0.4056
Epoch: 401, Loss: 0.3665
Epoch: 451, Loss: 0.3608
Epoch: 501, Loss: 0.3619
Epoch: 551, Loss: 0.3604
Epoch: 601, Loss: 0.3559
Epoch: 651, Loss: 0.3568
Epoch: 701, Loss: 0.3555
Epoch: 751, Loss: 0.3531
Epoch: 801, Loss: 0.3616
Epoch: 851, Loss: 0.3546
Epoch: 901, Loss: 0.3546
Epoch: 951, Loss: 0.3519
Epoch: 1001, Loss: 0.3454
Elapsed time 0.1000 min
Epoch: 51, Loss: 0.3464
Epoch: 101, Loss: 0.3465
Epoch: 151, Loss: 0.3466
Epoch: 201, Loss: 0.6717
Epoch: 251, Loss: 0.5168
Epoch: 301, Loss: 0.4404
Epoch: 351, Loss: 0.4137
Epoch: 401, Loss: 0.4025
Epoch: 451, Loss: 0.4157
Epoch: 501, Loss: 0.4057
Epoch: 551, Loss: 0.4008
Epoch: 601, Loss: 0.3951
Epoch: 651, Loss: 0.3879
Epoch: 701, Loss: 0.3847
Epoch: 751, Loss: 0.3919
Epoch: 801, Loss: 0.3759
Epoch: 851, Loss: 0.3734
Epoch: 901, Loss: 0.3706
Epoch: 951, Loss: 0.3680
Epoch: 1001, Loss: 0.3740
Elapsed time 0.1000 min
Epoch: 51, Loss: 0.4858
Epoch: 101, Loss: 0.3637
Epoch: 151, Loss: 0.3582
Epoch: 201, Loss: 0.3617
Epoch: 251, Loss: 0.3533
Epoch: 301, Loss: 0.3566
Epoch: 351, Loss: 0.3627
Epoch: 401, Loss: 0.3547
Epoch: 451, Loss: 0.3532
Epoch: 501, Loss: 0.3469
Epoch: 551, Loss: 0.3458
Epoch: 601, Loss: 0.3465
Epoch: 651, Loss: 0.3566
Epoch: 701, Loss: 0.3507
Epoch: 751, Loss: 0.3451
Epoch: 801, Loss: 0.3453
Epoch: 851, Loss: 0.3445
Epoch: 901, Loss: 0.3541
Epoch: 951, Loss: 0.3455
Epoch: 1001, Loss: 0.3393
Elapsed time 0.1000 min
Epoch: 51, Loss: 0.3398
Epoch: 101, Loss: 0.3560
Epoch: 151, Loss: 0.3416
Epoch: 201, Loss: 0.3411
Epoch: 251, Loss: 0.3576
Epoch: 301, Loss: 0.3527
Epoch: 351, Loss: 0.3371
Epoch: 401, Loss: 0.3438
Epoch: 451, Loss: 0.3363
Epoch: 501, Loss: 0.3363
Epoch: 551, Loss: 0.3613
Epoch: 601, Loss: 0.3355
Epoch: 651, Loss: 0.3405
Epoch: 701, Loss: 0.3480
Epoch: 751, Loss: 0.3446
Epoch: 801, Loss: 0.3443
Epoch: 851, Loss: 0.3362
Epoch: 901, Loss: 0.3326
Epoch: 951, Loss: 0.3365
Epoch: 1001, Loss: 0.3313
Elapsed time 0.1000 min
Epoch: 51, Loss: 0.3344
Epoch: 101, Loss: 0.3412
Epoch: 151, Loss: 0.3291
Epoch: 201, Loss: 0.3327
Epoch: 251, Loss: 0.3312
Epoch: 301, Loss: 0.3384
Epoch: 351, Loss: 0.3588
Epoch: 401, Loss: 0.3275
Epoch: 451, Loss: 0.3276
Epoch: 501, Loss: 0.3266
Epoch: 551, Loss: 0.4990
Epoch: 601, Loss: 0.4375
Epoch: 651, Loss: 0.4719
Epoch: 701, Loss: 0.4459
Epoch: 751, Loss: 0.4318
Epoch: 801, Loss: 0.4215
Epoch: 851, Loss: 0.4081
Epoch: 901, Loss: 0.3955
Epoch: 951, Loss: 0.3864
Epoch: 1001, Loss: 0.3804
Elapsed time 0.1001 min
Epoch: 51, Loss: 0.3757
Epoch: 101, Loss: 0.3717
Epoch: 151, Loss: 0.3687
Epoch: 201, Loss: 0.3642
Epoch: 251, Loss: 0.3608
Epoch: 301, Loss: 0.3584
Epoch: 351, Loss: 0.3555
Epoch: 401, Loss: 0.3503
Epoch: 451, Loss: 0.3471
Epoch: 501, Loss: 0.3436
Epoch: 551, Loss: 0.3435
Epoch: 601, Loss: 0.3386
Epoch: 651, Loss: 0.3349
Epoch: 701, Loss: 0.3358
Epoch: 751, Loss: 0.3307
Epoch: 801, Loss: 0.3300
Epoch: 851, Loss: 0.3270
Epoch: 901, Loss: 0.3307
Epoch: 951, Loss: 0.3247
Epoch: 1001, Loss: 0.3330
Elapsed time 0.0999 min
avg Test Accuracy: 0.7746  avg Test AUC: 0.8177  avg Test PRE: 0.7198
